# vsim -c -quiet work.tb_cpu -do "run -all; quit -f" -l build/logs/and.log -gMAX_CYCLES=200000 
# Start time: 00:29:42 on Jan 01,2026
# ** Note: (vsim-3813) Design is being optimized due to module recompilation...
# //  Questa Sim-64
# //  Version 2020.3_1 linux_x86_64 Aug 25 2020
# //
# //  Copyright 1991-2020 Mentor Graphics Corporation
# //  All Rights Reserved.
# //
# //  QuestaSim and its associated documentation contain trade
# //  secrets and commercial or financial information that are the property of
# //  Mentor Graphics Corporation and are privileged, confidential,
# //  and exempt from disclosure under the Freedom of Information Act,
# //  5 U.S.C. Section 552. Furthermore, this information
# //  is prohibited from disclosure under the Trade Secrets Act,
# //  18 U.S.C. Section 1905.
# //
# run -all
# ** Warning: NUMERIC_STD.TO_INTEGER: metavalue detected, returning 0
# ** Warning: NUMERIC_STD.TO_INTEGER: metavalue detected, returning 0
# ** Warning: NUMERIC_STD.TO_INTEGER: metavalue detected, returning 0
# ** Warning: NUMERIC_STD.TO_INTEGER: metavalue detected, returning 0
# ** Warning: NUMERIC_STD.TO_INTEGER: metavalue detected, returning 0
# ** Warning: NUMERIC_STD.TO_INTEGER: metavalue detected, returning 0
# ** Warning: NUMERIC_STD.TO_INTEGER: metavalue detected, returning 0
# ** Warning: NUMERIC_STD.TO_INTEGER: metavalue detected, returning 0
# ** Warning: NUMERIC_STD.TO_INTEGER: metavalue detected, returning 0
# ** Warning: NUMERIC_STD.TO_INTEGER: metavalue detected, returning 0
# ** Warning: NUMERIC_STD.TO_INTEGER: metavalue detected, returning 0
# ** Warning: NUMERIC_STD.TO_INTEGER: metavalue detected, returning 0
# ** Warning: NUMERIC_STD.TO_INTEGER: metavalue detected, returning 0
# ** Warning: NUMERIC_STD.TO_INTEGER: metavalue detected, returning 0
# ** Warning: NUMERIC_STD.TO_INTEGER: metavalue detected, returning 0
# ** Warning: NUMERIC_STD.TO_INTEGER: metavalue detected, returning 0
# ** Warning: NUMERIC_STD.TO_INTEGER: metavalue detected, returning 0
# ** Warning: NUMERIC_STD.TO_INTEGER: metavalue detected, returning 0
# ** Warning: NUMERIC_STD.TO_INTEGER: metavalue detected, returning 0
# ** Warning: NUMERIC_STD.TO_INTEGER: metavalue detected, returning 0
# ** Warning: NUMERIC_STD.TO_INTEGER: metavalue detected, returning 0
# ** Note: ** Addr=00000000, Word=0, Instuction=00000093, Mnemonic=addi x1, x0, 00000000
# ** Note: ** Addr=00000004, Word=1, Instuction=00000113, Mnemonic=addi x2, x0, 00000000
# ** Note: ** Addr=00000008, Word=2, Instuction=00000193, Mnemonic=addi x3, x0, 00000000
# ** Note: ** Addr=0000000C, Word=3, Instuction=00000213, Mnemonic=addi x4, x0, 00000000
# ** Note: ** Addr=00000010, Word=4, Instuction=00000293, Mnemonic=addi x5, x0, 00000000
# ** Note: ** Addr=00000014, Word=5, Instuction=00000313, Mnemonic=addi x6, x0, 00000000
# ** Note: ** Addr=00000018, Word=6, Instuction=00000393, Mnemonic=addi x7, x0, 00000000
# ** Note: ** Addr=0000001C, Word=7, Instuction=00000413, Mnemonic=addi x8, x0, 00000000
# ** Note: ** Addr=00000020, Word=8, Instuction=00000493, Mnemonic=addi x9, x0, 00000000
# ** Note: ** Addr=00000024, Word=9, Instuction=00000513, Mnemonic=addi x10, x0, 00000000
# ** Note: ** Addr=00000028, Word=10, Instuction=00000593, Mnemonic=addi x11, x0, 00000000
# ** Note: ** Addr=0000002C, Word=11, Instuction=00000613, Mnemonic=addi x12, x0, 00000000
# ** Note: ** Addr=00000030, Word=12, Instuction=00000693, Mnemonic=addi x13, x0, 00000000
# ** Note: ** Addr=00000034, Word=13, Instuction=00000713, Mnemonic=addi x14, x0, 00000000
# ** Note: ** Addr=00000038, Word=14, Instuction=00000793, Mnemonic=addi x15, x0, 00000000
# ** Note: ** Addr=0000003C, Word=15, Instuction=00000813, Mnemonic=addi x16, x0, 00000000
# ** Note: ** Addr=00000040, Word=16, Instuction=00000893, Mnemonic=addi x17, x0, 00000000
# ** Note: ** Addr=00000044, Word=17, Instuction=00000913, Mnemonic=addi x18, x0, 00000000
# ** Note: ** Addr=00000048, Word=18, Instuction=00000993, Mnemonic=addi x19, x0, 00000000
# ** Note: ** Addr=0000004C, Word=19, Instuction=00000A13, Mnemonic=addi x20, x0, 00000000
# ** Note: ** Addr=00000050, Word=20, Instuction=00000A93, Mnemonic=addi x21, x0, 00000000
# ** Note: ** Addr=00000054, Word=21, Instuction=00000B13, Mnemonic=addi x22, x0, 00000000
# ** Note: ** Addr=00000058, Word=22, Instuction=00000B93, Mnemonic=addi x23, x0, 00000000
# ** Note: ** Addr=0000005C, Word=23, Instuction=00000C13, Mnemonic=addi x24, x0, 00000000
# ** Note: ** Addr=00000060, Word=24, Instuction=00000C93, Mnemonic=addi x25, x0, 00000000
# ** Note: ** Addr=00000064, Word=25, Instuction=00000D13, Mnemonic=addi x26, x0, 00000000
# ** Note: ** Addr=00000068, Word=26, Instuction=00000D93, Mnemonic=addi x27, x0, 00000000
# ** Note: ** Addr=0000006C, Word=27, Instuction=00000E13, Mnemonic=addi x28, x0, 00000000
# ** Note: ** Addr=00000070, Word=28, Instuction=00000E93, Mnemonic=addi x29, x0, 00000000
# ** Note: ** Addr=00000074, Word=29, Instuction=00000F13, Mnemonic=addi x30, x0, 00000000
# ** Note: ** Addr=00000078, Word=30, Instuction=00000F93, Mnemonic=addi x31, x0, 00000000
# ** Note: ** Addr=0000007C, Word=31, Instuction=00001297, Mnemonic=auipc x5, 00001000
# ** Note:   x5=0000107C 
# ** Note: ** Addr=00000080, Word=32, Instuction=F8428293, Mnemonic=addi x5, x5, FFFFFF84
# ** Note:   x5=00001000 
# ** Note: ** Addr=00000084, Word=33, Instuction=00002317, Mnemonic=auipc x6, 00002000
# ** Note:   x5=00001000 x6=00002084 
# ** Note: ** Addr=00000088, Word=34, Instuction=F7C30313, Mnemonic=addi x6, x6, FFFFFF7C
# ** Note:   x5=00001000 x6=00002000 
# ** Note: ** Addr=0000008C, Word=35, Instuction=00002397, Mnemonic=auipc x7, 00002000
# ** Note:   x5=00001000 x6=00002000 x7=0000208C 
# ** Note: ** Addr=00000090, Word=36, Instuction=F7438393, Mnemonic=addi x7, x7, FFFFFF74
# ** Note:   x5=00001000 x6=00002000 x7=00002000 
# ** Note: ** Addr=00000094, Word=37, Instuction=00730C63, Mnemonic=beq x6, x7, 00000018
# ** Note:   x5=00001000 x6=00002000 x7=00002000 
# ** Note: ** Addr=000000AC, Word=43, Instuction=00002297, Mnemonic=auipc x5, 00002000
# ** Note:   x5=000020AC x6=00002000 x7=00002000 
# ** Note: ** Addr=000000B0, Word=44, Instuction=F5428293, Mnemonic=addi x5, x5, FFFFFF54
# ** Note:   x5=00002000 x6=00002000 x7=00002000 
# ** Note: ** Addr=000000B4, Word=45, Instuction=00002317, Mnemonic=auipc x6, 00002000
# ** Note:   x5=00002000 x6=000020B4 x7=00002000 
# ** Note: ** Addr=000000B8, Word=46, Instuction=F4C30313, Mnemonic=addi x6, x6, FFFFFF4C
# ** Note:   x5=00002000 x6=00002000 x7=00002000 
# ** Warning: (vsim-151) NUMERIC_STD.TO_INTEGER: Value -6 is not in bounds of subtype NATURAL.
# ** Warning: (vsim-151) NUMERIC_STD.TO_INTEGER: Value -6 is not in bounds of subtype NATURAL.
# ** Note: ** Addr=000000BC, Word=47, Instuction=00000393, Mnemonic=addi x7, x0, 00000000
# ** Note:   x5=00002000 x6=00002000 
# ** Note: ** Addr=000000C0, Word=48, Instuction=00628863, Mnemonic=beq x5, x6, 00000010
# ** Note:   x5=00002000 x6=00002000 
# ** Warning: (vsim-151) NUMERIC_STD.TO_INTEGER: Value -16 is not in bounds of subtype NATURAL.
# ** Warning: (vsim-151) NUMERIC_STD.TO_INTEGER: Value -16 is not in bounds of subtype NATURAL.
# ** Note: ** Addr=000000D0, Word=52, Instuction=00200193, Mnemonic=addi x3, x0, 00000002
# ** Note:   x3=00000002 x5=00002000 x6=00002000 
# ** Warning: (vsim-151) NUMERIC_STD.TO_INTEGER: Value -16711936 is not in bounds of subtype NATURAL.
# ** Warning: (vsim-151) NUMERIC_STD.TO_INTEGER: Value -16711936 is not in bounds of subtype NATURAL.
# ** Note: ** Addr=000000D4, Word=53, Instuction=FF0105B7, Mnemonic=lui x11, FF010000
# ** Note:   x3=00000002 x5=00002000 x6=00002000 x11=FF010000 
# ** Warning: (vsim-151) NUMERIC_STD.TO_INTEGER: Value -16712192 is not in bounds of subtype NATURAL.
# ** Warning: (vsim-151) NUMERIC_STD.TO_INTEGER: Value -16712192 is not in bounds of subtype NATURAL.
# ** Warning: (vsim-151) NUMERIC_STD.TO_INTEGER: Value -16711696 is not in bounds of subtype NATURAL.
# ** Warning: (vsim-151) NUMERIC_STD.TO_INTEGER: Value -16711696 is not in bounds of subtype NATURAL.
# ** Note: ** Addr=000000D8, Word=54, Instuction=F0058593, Mnemonic=addi x11, x11, FFFFFF00
# ** Note:   x3=00000002 x5=00002000 x6=00002000 x11=FF00FF00 
# ** Note: ** Addr=000000DC, Word=55, Instuction=0F0F1637, Mnemonic=lui x12, 0F0F1000
# ** Note:   x3=00000002 x5=00002000 x6=00002000 x11=FF00FF00 x12=0F0F1000 
# ** Note: ** Addr=000000E0, Word=56, Instuction=F0F60613, Mnemonic=addi x12, x12, FFFFFF0F
# ** Note:   x3=00000002 x5=00002000 x6=00002000 x11=FF00FF00 x12=0F0F0F0F 
# ** Note: ** Addr=000000E4, Word=57, Instuction=00C5F733, Mnemonic=and x14, x11, x12
# ** Note:   x3=00000002 x5=00002000 x6=00002000 x11=FF00FF00 x12=0F0F0F0F x14=0F000F00 
# ** Note: ** Addr=000000E8, Word=58, Instuction=0F0013B7, Mnemonic=lui x7, 0F001000
# ** Note:   x3=00000002 x5=00002000 x6=00002000 x7=0F001000 x11=FF00FF00 x12=0F0F0F0F x14=0F000F00 
# ** Note: ** Addr=000000EC, Word=59, Instuction=F0038393, Mnemonic=addi x7, x7, FFFFFF00
# ** Note:   x3=00000002 x5=00002000 x6=00002000 x7=0F000F00 x11=FF00FF00 x12=0F0F0F0F x14=0F000F00 
# ** Note: ** Addr=000000F0, Word=60, Instuction=48771C63, Mnemonic=bne x14, x7, 00000498
# ** Note:   x3=00000002 x5=00002000 x6=00002000 x7=0F000F00 x11=FF00FF00 x12=0F0F0F0F x14=0F000F00 
# ** Note: ** Addr=000000F4, Word=61, Instuction=00300193, Mnemonic=addi x3, x0, 00000003
# ** Note:   x3=00000003 x5=00002000 x6=00002000 x7=0F000F00 x11=FF00FF00 x12=0F0F0F0F x14=0F000F00 
# ** Note: ** Addr=000000F8, Word=62, Instuction=0FF015B7, Mnemonic=lui x11, 0FF01000
# ** Note:   x3=00000003 x5=00002000 x6=00002000 x7=0F000F00 x11=0FF01000 x12=0F0F0F0F x14=0F000F00 
# ** Note: ** Addr=000000FC, Word=63, Instuction=FF058593, Mnemonic=addi x11, x11, FFFFFFF0
# ** Note:   x3=00000003 x5=00002000 x6=00002000 x7=0F000F00 x11=0FF00FF0 x12=0F0F0F0F x14=0F000F00 
# ** Warning: (vsim-151) NUMERIC_STD.TO_INTEGER: Value -252645136 is not in bounds of subtype NATURAL.
# ** Warning: (vsim-151) NUMERIC_STD.TO_INTEGER: Value -252645136 is not in bounds of subtype NATURAL.
# ** Note: ** Addr=00000100, Word=64, Instuction=F0F0F637, Mnemonic=lui x12, F0F0F000
# ** Note:   x3=00000003 x5=00002000 x6=00002000 x7=0F000F00 x11=0FF00FF0 x12=F0F0F000 x14=0F000F00 
# ** Warning: (vsim-151) NUMERIC_STD.TO_INTEGER: Value -252644896 is not in bounds of subtype NATURAL.
# ** Warning: (vsim-151) NUMERIC_STD.TO_INTEGER: Value -252644896 is not in bounds of subtype NATURAL.
# ** Note: ** Addr=00000104, Word=65, Instuction=0F060613, Mnemonic=addi x12, x12, 000000F0
# ** Note:   x3=00000003 x5=00002000 x6=00002000 x7=0F000F00 x11=0FF00FF0 x12=F0F0F0F0 x14=0F000F00 
# ** Note: ** Addr=00000108, Word=66, Instuction=00C5F733, Mnemonic=and x14, x11, x12
# ** Note:   x3=00000003 x5=00002000 x6=00002000 x7=0F000F00 x11=0FF00FF0 x12=F0F0F0F0 x14=00F000F0 
# ** Note: ** Addr=0000010C, Word=67, Instuction=00F003B7, Mnemonic=lui x7, 00F00000
# ** Note:   x3=00000003 x5=00002000 x6=00002000 x7=00F00000 x11=0FF00FF0 x12=F0F0F0F0 x14=00F000F0 
# ** Note: ** Addr=00000110, Word=68, Instuction=0F038393, Mnemonic=addi x7, x7, 000000F0
# ** Note:   x3=00000003 x5=00002000 x6=00002000 x7=00F000F0 x11=0FF00FF0 x12=F0F0F0F0 x14=00F000F0 
# ** Note: ** Addr=00000114, Word=69, Instuction=46771A63, Mnemonic=bne x14, x7, 00000474
# ** Note:   x3=00000003 x5=00002000 x6=00002000 x7=00F000F0 x11=0FF00FF0 x12=F0F0F0F0 x14=00F000F0 
# ** Note: ** Addr=00000118, Word=70, Instuction=00400193, Mnemonic=addi x3, x0, 00000004
# ** Note:   x3=00000004 x5=00002000 x6=00002000 x7=00F000F0 x11=0FF00FF0 x12=F0F0F0F0 x14=00F000F0 
# ** Note: ** Addr=0000011C, Word=71, Instuction=00FF05B7, Mnemonic=lui x11, 00FF0000
# ** Note:   x3=00000004 x5=00002000 x6=00002000 x7=00F000F0 x11=00FF0000 x12=F0F0F0F0 x14=00F000F0 
# ** Note: ** Addr=00000120, Word=72, Instuction=0FF58593, Mnemonic=addi x11, x11, 000000FF
# ** Note:   x3=00000004 x5=00002000 x6=00002000 x7=00F000F0 x11=00FF00FF x12=F0F0F0F0 x14=00F000F0 
# ** Note: ** Addr=00000124, Word=73, Instuction=0F0F1637, Mnemonic=lui x12, 0F0F1000
# ** Note:   x3=00000004 x5=00002000 x6=00002000 x7=00F000F0 x11=00FF00FF x12=0F0F1000 x14=00F000F0 
# ** Note: ** Addr=00000128, Word=74, Instuction=F0F60613, Mnemonic=addi x12, x12, FFFFFF0F
# ** Note:   x3=00000004 x5=00002000 x6=00002000 x7=00F000F0 x11=00FF00FF x12=0F0F0F0F x14=00F000F0 
# ** Note: ** Addr=0000012C, Word=75, Instuction=00C5F733, Mnemonic=and x14, x11, x12
# ** Note:   x3=00000004 x5=00002000 x6=00002000 x7=00F000F0 x11=00FF00FF x12=0F0F0F0F x14=000F000F 
# ** Note: ** Addr=00000130, Word=76, Instuction=000F03B7, Mnemonic=lui x7, 000F0000
# ** Note:   x3=00000004 x5=00002000 x6=00002000 x7=000F0000 x11=00FF00FF x12=0F0F0F0F x14=000F000F 
# ** Note: ** Addr=00000134, Word=77, Instuction=00F38393, Mnemonic=addi x7, x7, 0000000F
# ** Note:   x3=00000004 x5=00002000 x6=00002000 x7=000F000F x11=00FF00FF x12=0F0F0F0F x14=000F000F 
# ** Note: ** Addr=00000138, Word=78, Instuction=44771863, Mnemonic=bne x14, x7, 00000450
# ** Note:   x3=00000004 x5=00002000 x6=00002000 x7=000F000F x11=00FF00FF x12=0F0F0F0F x14=000F000F 
# ** Warning: (vsim-151) NUMERIC_STD.TO_INTEGER: Value -256 is not in bounds of subtype NATURAL.
# ** Warning: (vsim-151) NUMERIC_STD.TO_INTEGER: Value -256 is not in bounds of subtype NATURAL.
# ** Note: ** Addr=0000013C, Word=79, Instuction=00500193, Mnemonic=addi x3, x0, 00000005
# ** Note:   x3=00000005 x5=00002000 x6=00002000 x7=000F000F x11=00FF00FF x12=0F0F0F0F x14=000F000F 
# ** Warning: (vsim-151) NUMERIC_STD.TO_INTEGER: Value -267390962 is not in bounds of subtype NATURAL.
# ** Warning: (vsim-151) NUMERIC_STD.TO_INTEGER: Value -267390962 is not in bounds of subtype NATURAL.
# ** Note: ** Addr=00000140, Word=80, Instuction=F00FF5B7, Mnemonic=lui x11, F00FF000
# ** Note:   x3=00000005 x5=00002000 x6=00002000 x7=000F000F x11=F00FF000 x12=0F0F0F0F x14=000F000F 
# ** Warning: (vsim-151) NUMERIC_STD.TO_INTEGER: Value -267390946 is not in bounds of subtype NATURAL.
# ** Warning: (vsim-151) NUMERIC_STD.TO_INTEGER: Value -267390946 is not in bounds of subtype NATURAL.
# ** Warning: (vsim-151) NUMERIC_STD.TO_INTEGER: Value -267391202 is not in bounds of subtype NATURAL.
# ** Warning: (vsim-151) NUMERIC_STD.TO_INTEGER: Value -267391202 is not in bounds of subtype NATURAL.
# ** Note: ** Addr=00000144, Word=81, Instuction=00F58593, Mnemonic=addi x11, x11, 0000000F
# ** Note:   x3=00000005 x5=00002000 x6=00002000 x7=000F000F x11=F00FF00F x12=0F0F0F0F x14=000F000F 
# ** Warning: (vsim-151) NUMERIC_STD.TO_INTEGER: Value -252645136 is not in bounds of subtype NATURAL.
# ** Warning: (vsim-151) NUMERIC_STD.TO_INTEGER: Value -252645136 is not in bounds of subtype NATURAL.
# ** Note: ** Addr=00000148, Word=82, Instuction=F0F0F637, Mnemonic=lui x12, F0F0F000
# ** Note:   x3=00000005 x5=00002000 x6=00002000 x7=000F000F x11=F00FF00F x12=F0F0F000 x14=000F000F 
# ** Warning: (vsim-151) NUMERIC_STD.TO_INTEGER: Value -252644896 is not in bounds of subtype NATURAL.
# ** Warning: (vsim-151) NUMERIC_STD.TO_INTEGER: Value -252644896 is not in bounds of subtype NATURAL.
# ** Warning: (vsim-151) NUMERIC_STD.TO_INTEGER: Value -268374016 is not in bounds of subtype NATURAL.
# ** Warning: (vsim-151) NUMERIC_STD.TO_INTEGER: Value -268374016 is not in bounds of subtype NATURAL.
# ** Note: ** Addr=0000014C, Word=83, Instuction=0F060613, Mnemonic=addi x12, x12, 000000F0
# ** Note:   x3=00000005 x5=00002000 x6=00002000 x7=000F000F x11=F00FF00F x12=F0F0F0F0 x14=000F000F 
# ** Warning: (vsim-151) NUMERIC_STD.TO_INTEGER: Value -520036098 is not in bounds of subtype NATURAL.
# ** Warning: (vsim-151) NUMERIC_STD.TO_INTEGER: Value -520036098 is not in bounds of subtype NATURAL.
# ** Note: ** Addr=00000150, Word=84, Instuction=00C5F733, Mnemonic=and x14, x11, x12
# ** Note:   x3=00000005 x5=00002000 x6=00002000 x7=000F000F x11=F00FF00F x12=F0F0F0F0 x14=F000F000 
# ** Note: ** Addr=00000154, Word=85, Instuction=F000F3B7, Mnemonic=lui x7, F000F000
# ** Note:   x3=00000005 x5=00002000 x6=00002000 x7=F000F000 x11=F00FF00F x12=F0F0F0F0 x14=F000F000 
# ** Warning: (vsim-151) NUMERIC_STD.TO_INTEGER: Value -536748032 is not in bounds of subtype NATURAL.
# ** Warning: (vsim-151) NUMERIC_STD.TO_INTEGER: Value -536748032 is not in bounds of subtype NATURAL.
# ** Note: ** Addr=00000158, Word=86, Instuction=42771863, Mnemonic=bne x14, x7, 00000430
# ** Note:   x3=00000005 x5=00002000 x6=00002000 x7=F000F000 x11=F00FF00F x12=F0F0F0F0 x14=F000F000 
# ** Warning: (vsim-151) NUMERIC_STD.TO_INTEGER: Value -16 is not in bounds of subtype NATURAL.
# ** Warning: (vsim-151) NUMERIC_STD.TO_INTEGER: Value -16 is not in bounds of subtype NATURAL.
# ** Note: ** Addr=0000015C, Word=87, Instuction=00600193, Mnemonic=addi x3, x0, 00000006
# ** Note:   x3=00000006 x5=00002000 x6=00002000 x7=F000F000 x11=F00FF00F x12=F0F0F0F0 x14=F000F000 
# ** Warning: (vsim-151) NUMERIC_STD.TO_INTEGER: Value -16711936 is not in bounds of subtype NATURAL.
# ** Warning: (vsim-151) NUMERIC_STD.TO_INTEGER: Value -16711936 is not in bounds of subtype NATURAL.
# ** Note: ** Addr=00000160, Word=88, Instuction=FF0105B7, Mnemonic=lui x11, FF010000
# ** Note:   x3=00000006 x5=00002000 x6=00002000 x7=F000F000 x11=FF010000 x12=F0F0F0F0 x14=F000F000 
# ** Warning: (vsim-151) NUMERIC_STD.TO_INTEGER: Value -16712192 is not in bounds of subtype NATURAL.
# ** Warning: (vsim-151) NUMERIC_STD.TO_INTEGER: Value -16712192 is not in bounds of subtype NATURAL.
# ** Warning: (vsim-151) NUMERIC_STD.TO_INTEGER: Value -16711696 is not in bounds of subtype NATURAL.
# ** Warning: (vsim-151) NUMERIC_STD.TO_INTEGER: Value -16711696 is not in bounds of subtype NATURAL.
# ** Note: ** Addr=00000164, Word=89, Instuction=F0058593, Mnemonic=addi x11, x11, FFFFFF00
# ** Note:   x3=00000006 x5=00002000 x6=00002000 x7=F000F000 x11=FF00FF00 x12=F0F0F0F0 x14=F000F000 
# ** Note: ** Addr=00000168, Word=90, Instuction=0F0F1637, Mnemonic=lui x12, 0F0F1000
# ** Note:   x3=00000006 x5=00002000 x6=00002000 x7=F000F000 x11=FF00FF00 x12=0F0F1000 x14=F000F000 
# ** Note: ** Addr=0000016C, Word=91, Instuction=F0F60613, Mnemonic=addi x12, x12, FFFFFF0F
# ** Note:   x3=00000006 x5=00002000 x6=00002000 x7=F000F000 x11=FF00FF00 x12=0F0F0F0F x14=F000F000 
# ** Note: ** Addr=00000170, Word=92, Instuction=00C5F5B3, Mnemonic=and x11, x11, x12
# ** Note:   x3=00000006 x5=00002000 x6=00002000 x7=F000F000 x11=0F000F00 x12=0F0F0F0F x14=F000F000 
# ** Note: ** Addr=00000174, Word=93, Instuction=0F0013B7, Mnemonic=lui x7, 0F001000
# ** Note:   x3=00000006 x5=00002000 x6=00002000 x7=0F001000 x11=0F000F00 x12=0F0F0F0F x14=F000F000 
# ** Note: ** Addr=00000178, Word=94, Instuction=F0038393, Mnemonic=addi x7, x7, FFFFFF00
# ** Note:   x3=00000006 x5=00002000 x6=00002000 x7=0F000F00 x11=0F000F00 x12=0F0F0F0F x14=F000F000 
# ** Note: ** Addr=0000017C, Word=95, Instuction=40759663, Mnemonic=bne x11, x7, 0000040C
# ** Note:   x3=00000006 x5=00002000 x6=00002000 x7=0F000F00 x11=0F000F00 x12=0F0F0F0F x14=F000F000 
# ** Note: ** Addr=00000180, Word=96, Instuction=00700193, Mnemonic=addi x3, x0, 00000007
# ** Note:   x3=00000007 x5=00002000 x6=00002000 x7=0F000F00 x11=0F000F00 x12=0F0F0F0F x14=F000F000 
# ** Note: ** Addr=00000184, Word=97, Instuction=0FF015B7, Mnemonic=lui x11, 0FF01000
# ** Note:   x3=00000007 x5=00002000 x6=00002000 x7=0F000F00 x11=0FF01000 x12=0F0F0F0F x14=F000F000 
# ** Note: ** Addr=00000188, Word=98, Instuction=FF058593, Mnemonic=addi x11, x11, FFFFFFF0
# ** Note:   x3=00000007 x5=00002000 x6=00002000 x7=0F000F00 x11=0FF00FF0 x12=0F0F0F0F x14=F000F000 
# ** Warning: (vsim-151) NUMERIC_STD.TO_INTEGER: Value -252645136 is not in bounds of subtype NATURAL.
# ** Warning: (vsim-151) NUMERIC_STD.TO_INTEGER: Value -252645136 is not in bounds of subtype NATURAL.
# ** Note: ** Addr=0000018C, Word=99, Instuction=F0F0F637, Mnemonic=lui x12, F0F0F000
# ** Note:   x3=00000007 x5=00002000 x6=00002000 x7=0F000F00 x11=0FF00FF0 x12=F0F0F000 x14=F000F000 
# ** Warning: (vsim-151) NUMERIC_STD.TO_INTEGER: Value -252644896 is not in bounds of subtype NATURAL.
# ** Warning: (vsim-151) NUMERIC_STD.TO_INTEGER: Value -252644896 is not in bounds of subtype NATURAL.
# ** Note: ** Addr=00000190, Word=100, Instuction=0F060613, Mnemonic=addi x12, x12, 000000F0
# ** Note:   x3=00000007 x5=00002000 x6=00002000 x7=0F000F00 x11=0FF00FF0 x12=F0F0F0F0 x14=F000F000 
# ** Note: ** Addr=00000194, Word=101, Instuction=00C5F633, Mnemonic=and x12, x11, x12
# ** Note:   x3=00000007 x5=00002000 x6=00002000 x7=0F000F00 x11=0FF00FF0 x12=00F000F0 x14=F000F000 
# ** Note: ** Addr=00000198, Word=102, Instuction=00F003B7, Mnemonic=lui x7, 00F00000
# ** Note:   x3=00000007 x5=00002000 x6=00002000 x7=00F00000 x11=0FF00FF0 x12=00F000F0 x14=F000F000 
# ** Note: ** Addr=0000019C, Word=103, Instuction=0F038393, Mnemonic=addi x7, x7, 000000F0
# ** Note:   x3=00000007 x5=00002000 x6=00002000 x7=00F000F0 x11=0FF00FF0 x12=00F000F0 x14=F000F000 
# ** Note: ** Addr=000001A0, Word=104, Instuction=3E761463, Mnemonic=bne x12, x7, 000003E8
# ** Note:   x3=00000007 x5=00002000 x6=00002000 x7=00F000F0 x11=0FF00FF0 x12=00F000F0 x14=F000F000 
# ** Warning: (vsim-151) NUMERIC_STD.TO_INTEGER: Value -16 is not in bounds of subtype NATURAL.
# ** Warning: (vsim-151) NUMERIC_STD.TO_INTEGER: Value -16 is not in bounds of subtype NATURAL.
# ** Note: ** Addr=000001A4, Word=105, Instuction=00800193, Mnemonic=addi x3, x0, 00000008
# ** Note:   x3=00000008 x5=00002000 x6=00002000 x7=00F000F0 x11=0FF00FF0 x12=00F000F0 x14=F000F000 
# ** Warning: (vsim-151) NUMERIC_STD.TO_INTEGER: Value -16711936 is not in bounds of subtype NATURAL.
# ** Warning: (vsim-151) NUMERIC_STD.TO_INTEGER: Value -16711936 is not in bounds of subtype NATURAL.
# ** Note: ** Addr=000001A8, Word=106, Instuction=FF0105B7, Mnemonic=lui x11, FF010000
# ** Note:   x3=00000008 x5=00002000 x6=00002000 x7=00F000F0 x11=FF010000 x12=00F000F0 x14=F000F000 
# ** Warning: (vsim-151) NUMERIC_STD.TO_INTEGER: Value -16712192 is not in bounds of subtype NATURAL.
# ** Warning: (vsim-151) NUMERIC_STD.TO_INTEGER: Value -16712192 is not in bounds of subtype NATURAL.
# ** Warning: (vsim-151) NUMERIC_STD.TO_INTEGER: Value -16711936 is not in bounds of subtype NATURAL.
# ** Warning: (vsim-151) NUMERIC_STD.TO_INTEGER: Value -16711936 is not in bounds of subtype NATURAL.
# ** Note: ** Addr=000001AC, Word=107, Instuction=F0058593, Mnemonic=addi x11, x11, FFFFFF00
# ** Note:   x3=00000008 x5=00002000 x6=00002000 x7=00F000F0 x11=FF00FF00 x12=00F000F0 x14=F000F000 
# ** Warning: (vsim-151) NUMERIC_STD.TO_INTEGER: Value -33423872 is not in bounds of subtype NATURAL.
# ** Warning: (vsim-151) NUMERIC_STD.TO_INTEGER: Value -33423872 is not in bounds of subtype NATURAL.
# ** Note: ** Addr=000001B0, Word=108, Instuction=00B5F5B3, Mnemonic=and x11, x11, x11
# ** Note:   x3=00000008 x5=00002000 x6=00002000 x7=00F000F0 x11=FF00FF00 x12=00F000F0 x14=F000F000 
# ** Warning: (vsim-151) NUMERIC_STD.TO_INTEGER: Value -16711936 is not in bounds of subtype NATURAL.
# ** Warning: (vsim-151) NUMERIC_STD.TO_INTEGER: Value -16711936 is not in bounds of subtype NATURAL.
# ** Note: ** Addr=000001B4, Word=109, Instuction=FF0103B7, Mnemonic=lui x7, FF010000
# ** Note:   x3=00000008 x5=00002000 x6=00002000 x7=FF010000 x11=FF00FF00 x12=00F000F0 x14=F000F000 
# ** Warning: (vsim-151) NUMERIC_STD.TO_INTEGER: Value -16712192 is not in bounds of subtype NATURAL.
# ** Warning: (vsim-151) NUMERIC_STD.TO_INTEGER: Value -16712192 is not in bounds of subtype NATURAL.
# ** Warning: (vsim-151) NUMERIC_STD.TO_INTEGER: Value -16712904 is not in bounds of subtype NATURAL.
# ** Warning: (vsim-151) NUMERIC_STD.TO_INTEGER: Value -16712904 is not in bounds of subtype NATURAL.
# ** Note: ** Addr=000001B8, Word=110, Instuction=F0038393, Mnemonic=addi x7, x7, FFFFFF00
# ** Note:   x3=00000008 x5=00002000 x6=00002000 x7=FF00FF00 x11=FF00FF00 x12=00F000F0 x14=F000F000 
# ** Warning: (vsim-151) NUMERIC_STD.TO_INTEGER: Value -33423872 is not in bounds of subtype NATURAL.
# ** Warning: (vsim-151) NUMERIC_STD.TO_INTEGER: Value -33423872 is not in bounds of subtype NATURAL.
# ** Note: ** Addr=000001BC, Word=111, Instuction=3C759663, Mnemonic=bne x11, x7, 000003CC
# ** Note:   x3=00000008 x5=00002000 x6=00002000 x7=FF00FF00 x11=FF00FF00 x12=00F000F0 x14=F000F000 
# ** Note: ** Addr=000001C0, Word=112, Instuction=00900193, Mnemonic=addi x3, x0, 00000009
# ** Note:   x3=00000009 x5=00002000 x6=00002000 x7=FF00FF00 x11=FF00FF00 x12=00F000F0 x14=F000F000 
# ** Warning: (vsim-151) NUMERIC_STD.TO_INTEGER: Value -16 is not in bounds of subtype NATURAL.
# ** Warning: (vsim-151) NUMERIC_STD.TO_INTEGER: Value -16 is not in bounds of subtype NATURAL.
# ** Note: ** Addr=000001C4, Word=113, Instuction=00000213, Mnemonic=addi x4, x0, 00000000
# ** Note:   x3=00000009 x5=00002000 x6=00002000 x7=FF00FF00 x11=FF00FF00 x12=00F000F0 x14=F000F000 
# ** Warning: (vsim-151) NUMERIC_STD.TO_INTEGER: Value -16711936 is not in bounds of subtype NATURAL.
# ** Warning: (vsim-151) NUMERIC_STD.TO_INTEGER: Value -16711936 is not in bounds of subtype NATURAL.
# ** Note: ** Addr=000001C8, Word=114, Instuction=FF0100B7, Mnemonic=lui x1, FF010000
# ** Note:   x1=FF010000 x3=00000009 x5=00002000 x6=00002000 x7=FF00FF00 x11=FF00FF00 x12=00F000F0 x14=F000F000 
# ** Warning: (vsim-151) NUMERIC_STD.TO_INTEGER: Value -16712192 is not in bounds of subtype NATURAL.
# ** Warning: (vsim-151) NUMERIC_STD.TO_INTEGER: Value -16712192 is not in bounds of subtype NATURAL.
# ** Warning: (vsim-151) NUMERIC_STD.TO_INTEGER: Value -16711696 is not in bounds of subtype NATURAL.
# ** Warning: (vsim-151) NUMERIC_STD.TO_INTEGER: Value -16711696 is not in bounds of subtype NATURAL.
# ** Note: ** Addr=000001CC, Word=115, Instuction=F0008093, Mnemonic=addi x1, x1, FFFFFF00
# ** Note:   x1=FF00FF00 x3=00000009 x5=00002000 x6=00002000 x7=FF00FF00 x11=FF00FF00 x12=00F000F0 x14=F000F000 
# ** Note: ** Addr=000001D0, Word=116, Instuction=0F0F1137, Mnemonic=lui x2, 0F0F1000
# ** Note:   x1=FF00FF00 x2=0F0F1000 x3=00000009 x5=00002000 x6=00002000 x7=FF00FF00 x11=FF00FF00 x12=00F000F0 x14=F000F000 
# ** Note: ** Addr=000001D4, Word=117, Instuction=F0F10113, Mnemonic=addi x2, x2, FFFFFF0F
# ** Note:   x1=FF00FF00 x2=0F0F0F0F x3=00000009 x5=00002000 x6=00002000 x7=FF00FF00 x11=FF00FF00 x12=00F000F0 x14=F000F000 
# ** Note: ** Addr=000001D8, Word=118, Instuction=0020F733, Mnemonic=and x14, x1, x2
# ** Note:   x1=FF00FF00 x2=0F0F0F0F x3=00000009 x5=00002000 x6=00002000 x7=FF00FF00 x11=FF00FF00 x12=00F000F0 x14=0F000F00 
# ** Note: ** Addr=000001DC, Word=119, Instuction=00070313, Mnemonic=addi x6, x14, 00000000
# ** Note:   x1=FF00FF00 x2=0F0F0F0F x3=00000009 x5=00002000 x6=0F000F00 x7=FF00FF00 x11=FF00FF00 x12=00F000F0 x14=0F000F00 
# ** Note: ** Addr=000001E0, Word=120, Instuction=00120213, Mnemonic=addi x4, x4, 00000001
# ** Note:   x1=FF00FF00 x2=0F0F0F0F x3=00000009 x4=00000001 x5=00002000 x6=0F000F00 x7=FF00FF00 x11=FF00FF00 x12=00F000F0 x14=0F000F00 
# ** Warning: (vsim-151) NUMERIC_STD.TO_INTEGER: Value -2 is not in bounds of subtype NATURAL.
# ** Warning: (vsim-151) NUMERIC_STD.TO_INTEGER: Value -2 is not in bounds of subtype NATURAL.
# ** Note: ** Addr=000001E4, Word=121, Instuction=00200293, Mnemonic=addi x5, x0, 00000002
# ** Note:   x1=FF00FF00 x2=0F0F0F0F x3=00000009 x4=00000001 x5=00000002 x6=0F000F00 x7=FF00FF00 x11=FF00FF00 x12=00F000F0 x14=0F000F00 
# ** Note: ** Addr=000001E8, Word=122, Instuction=FE5210E3, Mnemonic=bne x4, x5, FFFFFFE0
# ** Note:   x1=FF00FF00 x2=0F0F0F0F x3=00000009 x4=00000001 x5=00000002 x6=0F000F00 x7=FF00FF00 x11=FF00FF00 x12=00F000F0 x14=0F000F00 
# ** Warning: (vsim-151) NUMERIC_STD.TO_INTEGER: Value -16711936 is not in bounds of subtype NATURAL.
# ** Warning: (vsim-151) NUMERIC_STD.TO_INTEGER: Value -16711936 is not in bounds of subtype NATURAL.
# ** Note: ** Addr=000001C8, Word=114, Instuction=FF0100B7, Mnemonic=lui x1, FF010000
# ** Note:   x1=FF010000 x2=0F0F0F0F x3=00000009 x4=00000001 x5=00000002 x6=0F000F00 x7=FF00FF00 x11=FF00FF00 x12=00F000F0 x14=0F000F00 
# ** Warning: (vsim-151) NUMERIC_STD.TO_INTEGER: Value -16712192 is not in bounds of subtype NATURAL.
# ** Warning: (vsim-151) NUMERIC_STD.TO_INTEGER: Value -16712192 is not in bounds of subtype NATURAL.
# ** Warning: (vsim-151) NUMERIC_STD.TO_INTEGER: Value -16711696 is not in bounds of subtype NATURAL.
# ** Warning: (vsim-151) NUMERIC_STD.TO_INTEGER: Value -16711696 is not in bounds of subtype NATURAL.
# ** Note: ** Addr=000001CC, Word=115, Instuction=F0008093, Mnemonic=addi x1, x1, FFFFFF00
# ** Note:   x1=FF00FF00 x2=0F0F0F0F x3=00000009 x4=00000001 x5=00000002 x6=0F000F00 x7=FF00FF00 x11=FF00FF00 x12=00F000F0 x14=0F000F00 
# ** Note: ** Addr=000001D0, Word=116, Instuction=0F0F1137, Mnemonic=lui x2, 0F0F1000
# ** Note:   x1=FF00FF00 x2=0F0F1000 x3=00000009 x4=00000001 x5=00000002 x6=0F000F00 x7=FF00FF00 x11=FF00FF00 x12=00F000F0 x14=0F000F00 
# ** Note: ** Addr=000001D4, Word=117, Instuction=F0F10113, Mnemonic=addi x2, x2, FFFFFF0F
# ** Note:   x1=FF00FF00 x2=0F0F0F0F x3=00000009 x4=00000001 x5=00000002 x6=0F000F00 x7=FF00FF00 x11=FF00FF00 x12=00F000F0 x14=0F000F00 
# ** Note: ** Addr=000001D8, Word=118, Instuction=0020F733, Mnemonic=and x14, x1, x2
# ** Note:   x1=FF00FF00 x2=0F0F0F0F x3=00000009 x4=00000001 x5=00000002 x6=0F000F00 x7=FF00FF00 x11=FF00FF00 x12=00F000F0 x14=0F000F00 
# ** Note: ** Addr=000001DC, Word=119, Instuction=00070313, Mnemonic=addi x6, x14, 00000000
# ** Note:   x1=FF00FF00 x2=0F0F0F0F x3=00000009 x4=00000001 x5=00000002 x6=0F000F00 x7=FF00FF00 x11=FF00FF00 x12=00F000F0 x14=0F000F00 
# ** Note: ** Addr=000001E0, Word=120, Instuction=00120213, Mnemonic=addi x4, x4, 00000001
# ** Note:   x1=FF00FF00 x2=0F0F0F0F x3=00000009 x4=00000002 x5=00000002 x6=0F000F00 x7=FF00FF00 x11=FF00FF00 x12=00F000F0 x14=0F000F00 
# ** Note: ** Addr=000001E4, Word=121, Instuction=00200293, Mnemonic=addi x5, x0, 00000002
# ** Note:   x1=FF00FF00 x2=0F0F0F0F x3=00000009 x4=00000002 x5=00000002 x6=0F000F00 x7=FF00FF00 x11=FF00FF00 x12=00F000F0 x14=0F000F00 
# ** Note: ** Addr=000001E8, Word=122, Instuction=FE5210E3, Mnemonic=bne x4, x5, FFFFFFE0
# ** Note:   x1=FF00FF00 x2=0F0F0F0F x3=00000009 x4=00000002 x5=00000002 x6=0F000F00 x7=FF00FF00 x11=FF00FF00 x12=00F000F0 x14=0F000F00 
# ** Note: ** Addr=000001EC, Word=123, Instuction=0F0013B7, Mnemonic=lui x7, 0F001000
# ** Note:   x1=FF00FF00 x2=0F0F0F0F x3=00000009 x4=00000002 x5=00000002 x6=0F000F00 x7=0F001000 x11=FF00FF00 x12=00F000F0 x14=0F000F00 
# ** Note: ** Addr=000001F0, Word=124, Instuction=F0038393, Mnemonic=addi x7, x7, FFFFFF00
# ** Note:   x1=FF00FF00 x2=0F0F0F0F x3=00000009 x4=00000002 x5=00000002 x6=0F000F00 x7=0F000F00 x11=FF00FF00 x12=00F000F0 x14=0F000F00 
# ** Note: ** Addr=000001F4, Word=125, Instuction=38731A63, Mnemonic=bne x6, x7, 00000394
# ** Note:   x1=FF00FF00 x2=0F0F0F0F x3=00000009 x4=00000002 x5=00000002 x6=0F000F00 x7=0F000F00 x11=FF00FF00 x12=00F000F0 x14=0F000F00 
# ** Note: ** Addr=000001F8, Word=126, Instuction=00A00193, Mnemonic=addi x3, x0, 0000000A
# ** Note:   x1=FF00FF00 x2=0F0F0F0F x3=0000000A x4=00000002 x5=00000002 x6=0F000F00 x7=0F000F00 x11=FF00FF00 x12=00F000F0 x14=0F000F00 
# ** Note: ** Addr=000001FC, Word=127, Instuction=00000213, Mnemonic=addi x4, x0, 00000000
# ** Note:   x1=FF00FF00 x2=0F0F0F0F x3=0000000A x5=00000002 x6=0F000F00 x7=0F000F00 x11=FF00FF00 x12=00F000F0 x14=0F000F00 
# ** Note: ** Addr=00000200, Word=128, Instuction=0FF010B7, Mnemonic=lui x1, 0FF01000
# ** Note:   x1=0FF01000 x2=0F0F0F0F x3=0000000A x5=00000002 x6=0F000F00 x7=0F000F00 x11=FF00FF00 x12=00F000F0 x14=0F000F00 
# ** Note: ** Addr=00000204, Word=129, Instuction=FF008093, Mnemonic=addi x1, x1, FFFFFFF0
# ** Note:   x1=0FF00FF0 x2=0F0F0F0F x3=0000000A x5=00000002 x6=0F000F00 x7=0F000F00 x11=FF00FF00 x12=00F000F0 x14=0F000F00 
# ** Warning: (vsim-151) NUMERIC_STD.TO_INTEGER: Value -252645136 is not in bounds of subtype NATURAL.
# ** Warning: (vsim-151) NUMERIC_STD.TO_INTEGER: Value -252645136 is not in bounds of subtype NATURAL.
# ** Note: ** Addr=00000208, Word=130, Instuction=F0F0F137, Mnemonic=lui x2, F0F0F000
# ** Note:   x1=0FF00FF0 x2=F0F0F000 x3=0000000A x5=00000002 x6=0F000F00 x7=0F000F00 x11=FF00FF00 x12=00F000F0 x14=0F000F00 
# ** Warning: (vsim-151) NUMERIC_STD.TO_INTEGER: Value -252644896 is not in bounds of subtype NATURAL.
# ** Warning: (vsim-151) NUMERIC_STD.TO_INTEGER: Value -252644896 is not in bounds of subtype NATURAL.
# ** Note: ** Addr=0000020C, Word=131, Instuction=0F010113, Mnemonic=addi x2, x2, 000000F0
# ** Note:   x1=0FF00FF0 x2=F0F0F0F0 x3=0000000A x5=00000002 x6=0F000F00 x7=0F000F00 x11=FF00FF00 x12=00F000F0 x14=0F000F00 
# ** Note: ** Addr=00000210, Word=132, Instuction=0020F733, Mnemonic=and x14, x1, x2
# ** Note:   x1=0FF00FF0 x2=F0F0F0F0 x3=0000000A x5=00000002 x6=0F000F00 x7=0F000F00 x11=FF00FF00 x12=00F000F0 x14=00F000F0 
# ** Note: ** Addr=00000214, Word=133, Instuction=00000013, Mnemonic=addi x0, x0, 00000000
# ** Note:   x1=0FF00FF0 x2=F0F0F0F0 x3=0000000A x5=00000002 x6=0F000F00 x7=0F000F00 x11=FF00FF00 x12=00F000F0 x14=00F000F0 
# ** Note: ** Addr=00000218, Word=134, Instuction=00070313, Mnemonic=addi x6, x14, 00000000
# ** Note:   x1=0FF00FF0 x2=F0F0F0F0 x3=0000000A x5=00000002 x6=00F000F0 x7=0F000F00 x11=FF00FF00 x12=00F000F0 x14=00F000F0 
# ** Note: ** Addr=0000021C, Word=135, Instuction=00120213, Mnemonic=addi x4, x4, 00000001
# ** Note:   x1=0FF00FF0 x2=F0F0F0F0 x3=0000000A x4=00000001 x5=00000002 x6=00F000F0 x7=0F000F00 x11=FF00FF00 x12=00F000F0 x14=00F000F0 
# ** Warning: (vsim-151) NUMERIC_STD.TO_INTEGER: Value -2 is not in bounds of subtype NATURAL.
# ** Warning: (vsim-151) NUMERIC_STD.TO_INTEGER: Value -2 is not in bounds of subtype NATURAL.
# ** Note: ** Addr=00000220, Word=136, Instuction=00200293, Mnemonic=addi x5, x0, 00000002
# ** Note:   x1=0FF00FF0 x2=F0F0F0F0 x3=0000000A x4=00000001 x5=00000002 x6=00F000F0 x7=0F000F00 x11=FF00FF00 x12=00F000F0 x14=00F000F0 
# ** Note: ** Addr=00000224, Word=137, Instuction=FC521EE3, Mnemonic=bne x4, x5, FFFFFFDC
# ** Note:   x1=0FF00FF0 x2=F0F0F0F0 x3=0000000A x4=00000001 x5=00000002 x6=00F000F0 x7=0F000F00 x11=FF00FF00 x12=00F000F0 x14=00F000F0 
# ** Note: ** Addr=00000200, Word=128, Instuction=0FF010B7, Mnemonic=lui x1, 0FF01000
# ** Note:   x1=0FF01000 x2=F0F0F0F0 x3=0000000A x4=00000001 x5=00000002 x6=00F000F0 x7=0F000F00 x11=FF00FF00 x12=00F000F0 x14=00F000F0 
# ** Note: ** Addr=00000204, Word=129, Instuction=FF008093, Mnemonic=addi x1, x1, FFFFFFF0
# ** Note:   x1=0FF00FF0 x2=F0F0F0F0 x3=0000000A x4=00000001 x5=00000002 x6=00F000F0 x7=0F000F00 x11=FF00FF00 x12=00F000F0 x14=00F000F0 
# ** Warning: (vsim-151) NUMERIC_STD.TO_INTEGER: Value -252645136 is not in bounds of subtype NATURAL.
# ** Warning: (vsim-151) NUMERIC_STD.TO_INTEGER: Value -252645136 is not in bounds of subtype NATURAL.
# ** Note: ** Addr=00000208, Word=130, Instuction=F0F0F137, Mnemonic=lui x2, F0F0F000
# ** Note:   x1=0FF00FF0 x2=F0F0F000 x3=0000000A x4=00000001 x5=00000002 x6=00F000F0 x7=0F000F00 x11=FF00FF00 x12=00F000F0 x14=00F000F0 
# ** Warning: (vsim-151) NUMERIC_STD.TO_INTEGER: Value -252644896 is not in bounds of subtype NATURAL.
# ** Warning: (vsim-151) NUMERIC_STD.TO_INTEGER: Value -252644896 is not in bounds of subtype NATURAL.
# ** Note: ** Addr=0000020C, Word=131, Instuction=0F010113, Mnemonic=addi x2, x2, 000000F0
# ** Note:   x1=0FF00FF0 x2=F0F0F0F0 x3=0000000A x4=00000001 x5=00000002 x6=00F000F0 x7=0F000F00 x11=FF00FF00 x12=00F000F0 x14=00F000F0 
# ** Note: ** Addr=00000210, Word=132, Instuction=0020F733, Mnemonic=and x14, x1, x2
# ** Note:   x1=0FF00FF0 x2=F0F0F0F0 x3=0000000A x4=00000001 x5=00000002 x6=00F000F0 x7=0F000F00 x11=FF00FF00 x12=00F000F0 x14=00F000F0 
# ** Note: ** Addr=00000214, Word=133, Instuction=00000013, Mnemonic=addi x0, x0, 00000000
# ** Note:   x1=0FF00FF0 x2=F0F0F0F0 x3=0000000A x4=00000001 x5=00000002 x6=00F000F0 x7=0F000F00 x11=FF00FF00 x12=00F000F0 x14=00F000F0 
# ** Note: ** Addr=00000218, Word=134, Instuction=00070313, Mnemonic=addi x6, x14, 00000000
# ** Note:   x1=0FF00FF0 x2=F0F0F0F0 x3=0000000A x4=00000001 x5=00000002 x6=00F000F0 x7=0F000F00 x11=FF00FF00 x12=00F000F0 x14=00F000F0 
# ** Note: ** Addr=0000021C, Word=135, Instuction=00120213, Mnemonic=addi x4, x4, 00000001
# ** Note:   x1=0FF00FF0 x2=F0F0F0F0 x3=0000000A x4=00000002 x5=00000002 x6=00F000F0 x7=0F000F00 x11=FF00FF00 x12=00F000F0 x14=00F000F0 
# ** Note: ** Addr=00000220, Word=136, Instuction=00200293, Mnemonic=addi x5, x0, 00000002
# ** Note:   x1=0FF00FF0 x2=F0F0F0F0 x3=0000000A x4=00000002 x5=00000002 x6=00F000F0 x7=0F000F00 x11=FF00FF00 x12=00F000F0 x14=00F000F0 
# ** Note: ** Addr=00000224, Word=137, Instuction=FC521EE3, Mnemonic=bne x4, x5, FFFFFFDC
# ** Note:   x1=0FF00FF0 x2=F0F0F0F0 x3=0000000A x4=00000002 x5=00000002 x6=00F000F0 x7=0F000F00 x11=FF00FF00 x12=00F000F0 x14=00F000F0 
# ** Note: ** Addr=00000228, Word=138, Instuction=00F003B7, Mnemonic=lui x7, 00F00000
# ** Note:   x1=0FF00FF0 x2=F0F0F0F0 x3=0000000A x4=00000002 x5=00000002 x6=00F000F0 x7=00F00000 x11=FF00FF00 x12=00F000F0 x14=00F000F0 
# ** Note: ** Addr=0000022C, Word=139, Instuction=0F038393, Mnemonic=addi x7, x7, 000000F0
# ** Note:   x1=0FF00FF0 x2=F0F0F0F0 x3=0000000A x4=00000002 x5=00000002 x6=00F000F0 x7=00F000F0 x11=FF00FF00 x12=00F000F0 x14=00F000F0 
# ** Note: ** Addr=00000230, Word=140, Instuction=34731C63, Mnemonic=bne x6, x7, 00000358
# ** Note:   x1=0FF00FF0 x2=F0F0F0F0 x3=0000000A x4=00000002 x5=00000002 x6=00F000F0 x7=00F000F0 x11=FF00FF00 x12=00F000F0 x14=00F000F0 
# ** Note: ** Addr=00000234, Word=141, Instuction=00B00193, Mnemonic=addi x3, x0, 0000000B
# ** Note:   x1=0FF00FF0 x2=F0F0F0F0 x3=0000000B x4=00000002 x5=00000002 x6=00F000F0 x7=00F000F0 x11=FF00FF00 x12=00F000F0 x14=00F000F0 
# ** Note: ** Addr=00000238, Word=142, Instuction=00000213, Mnemonic=addi x4, x0, 00000000
# ** Note:   x1=0FF00FF0 x2=F0F0F0F0 x3=0000000B x5=00000002 x6=00F000F0 x7=00F000F0 x11=FF00FF00 x12=00F000F0 x14=00F000F0 
# ** Note: ** Addr=0000023C, Word=143, Instuction=00FF00B7, Mnemonic=lui x1, 00FF0000
# ** Note:   x1=00FF0000 x2=F0F0F0F0 x3=0000000B x5=00000002 x6=00F000F0 x7=00F000F0 x11=FF00FF00 x12=00F000F0 x14=00F000F0 
# ** Note: ** Addr=00000240, Word=144, Instuction=0FF08093, Mnemonic=addi x1, x1, 000000FF
# ** Note:   x1=00FF00FF x2=F0F0F0F0 x3=0000000B x5=00000002 x6=00F000F0 x7=00F000F0 x11=FF00FF00 x12=00F000F0 x14=00F000F0 
# ** Note: ** Addr=00000244, Word=145, Instuction=0F0F1137, Mnemonic=lui x2, 0F0F1000
# ** Note:   x1=00FF00FF x2=0F0F1000 x3=0000000B x5=00000002 x6=00F000F0 x7=00F000F0 x11=FF00FF00 x12=00F000F0 x14=00F000F0 
# ** Note: ** Addr=00000248, Word=146, Instuction=F0F10113, Mnemonic=addi x2, x2, FFFFFF0F
# ** Note:   x1=00FF00FF x2=0F0F0F0F x3=0000000B x5=00000002 x6=00F000F0 x7=00F000F0 x11=FF00FF00 x12=00F000F0 x14=00F000F0 
# ** Note: ** Addr=0000024C, Word=147, Instuction=0020F733, Mnemonic=and x14, x1, x2
# ** Note:   x1=00FF00FF x2=0F0F0F0F x3=0000000B x5=00000002 x6=00F000F0 x7=00F000F0 x11=FF00FF00 x12=00F000F0 x14=000F000F 
# ** Note: ** Addr=00000250, Word=148, Instuction=00000013, Mnemonic=addi x0, x0, 00000000
# ** Note:   x1=00FF00FF x2=0F0F0F0F x3=0000000B x5=00000002 x6=00F000F0 x7=00F000F0 x11=FF00FF00 x12=00F000F0 x14=000F000F 
# ** Note: ** Addr=00000254, Word=149, Instuction=00000013, Mnemonic=addi x0, x0, 00000000
# ** Note:   x1=00FF00FF x2=0F0F0F0F x3=0000000B x5=00000002 x6=00F000F0 x7=00F000F0 x11=FF00FF00 x12=00F000F0 x14=000F000F 
# ** Note: ** Addr=00000258, Word=150, Instuction=00070313, Mnemonic=addi x6, x14, 00000000
# ** Note:   x1=00FF00FF x2=0F0F0F0F x3=0000000B x5=00000002 x6=000F000F x7=00F000F0 x11=FF00FF00 x12=00F000F0 x14=000F000F 
# ** Note: ** Addr=0000025C, Word=151, Instuction=00120213, Mnemonic=addi x4, x4, 00000001
# ** Note:   x1=00FF00FF x2=0F0F0F0F x3=0000000B x4=00000001 x5=00000002 x6=000F000F x7=00F000F0 x11=FF00FF00 x12=00F000F0 x14=000F000F 
# ** Warning: (vsim-151) NUMERIC_STD.TO_INTEGER: Value -2 is not in bounds of subtype NATURAL.
# ** Warning: (vsim-151) NUMERIC_STD.TO_INTEGER: Value -2 is not in bounds of subtype NATURAL.
# ** Note: ** Addr=00000260, Word=152, Instuction=00200293, Mnemonic=addi x5, x0, 00000002
# ** Note:   x1=00FF00FF x2=0F0F0F0F x3=0000000B x4=00000001 x5=00000002 x6=000F000F x7=00F000F0 x11=FF00FF00 x12=00F000F0 x14=000F000F 
# ** Note: ** Addr=00000264, Word=153, Instuction=FC521CE3, Mnemonic=bne x4, x5, FFFFFFD8
# ** Note:   x1=00FF00FF x2=0F0F0F0F x3=0000000B x4=00000001 x5=00000002 x6=000F000F x7=00F000F0 x11=FF00FF00 x12=00F000F0 x14=000F000F 
# ** Note: ** Addr=0000023C, Word=143, Instuction=00FF00B7, Mnemonic=lui x1, 00FF0000
# ** Note:   x1=00FF0000 x2=0F0F0F0F x3=0000000B x4=00000001 x5=00000002 x6=000F000F x7=00F000F0 x11=FF00FF00 x12=00F000F0 x14=000F000F 
# ** Note: ** Addr=00000240, Word=144, Instuction=0FF08093, Mnemonic=addi x1, x1, 000000FF
# ** Note:   x1=00FF00FF x2=0F0F0F0F x3=0000000B x4=00000001 x5=00000002 x6=000F000F x7=00F000F0 x11=FF00FF00 x12=00F000F0 x14=000F000F 
# ** Note: ** Addr=00000244, Word=145, Instuction=0F0F1137, Mnemonic=lui x2, 0F0F1000
# ** Note:   x1=00FF00FF x2=0F0F1000 x3=0000000B x4=00000001 x5=00000002 x6=000F000F x7=00F000F0 x11=FF00FF00 x12=00F000F0 x14=000F000F 
# ** Note: ** Addr=00000248, Word=146, Instuction=F0F10113, Mnemonic=addi x2, x2, FFFFFF0F
# ** Note:   x1=00FF00FF x2=0F0F0F0F x3=0000000B x4=00000001 x5=00000002 x6=000F000F x7=00F000F0 x11=FF00FF00 x12=00F000F0 x14=000F000F 
# ** Note: ** Addr=0000024C, Word=147, Instuction=0020F733, Mnemonic=and x14, x1, x2
# ** Note:   x1=00FF00FF x2=0F0F0F0F x3=0000000B x4=00000001 x5=00000002 x6=000F000F x7=00F000F0 x11=FF00FF00 x12=00F000F0 x14=000F000F 
# ** Note: ** Addr=00000250, Word=148, Instuction=00000013, Mnemonic=addi x0, x0, 00000000
# ** Note:   x1=00FF00FF x2=0F0F0F0F x3=0000000B x4=00000001 x5=00000002 x6=000F000F x7=00F000F0 x11=FF00FF00 x12=00F000F0 x14=000F000F 
# ** Note: ** Addr=00000254, Word=149, Instuction=00000013, Mnemonic=addi x0, x0, 00000000
# ** Note:   x1=00FF00FF x2=0F0F0F0F x3=0000000B x4=00000001 x5=00000002 x6=000F000F x7=00F000F0 x11=FF00FF00 x12=00F000F0 x14=000F000F 
# ** Note: ** Addr=00000258, Word=150, Instuction=00070313, Mnemonic=addi x6, x14, 00000000
# ** Note:   x1=00FF00FF x2=0F0F0F0F x3=0000000B x4=00000001 x5=00000002 x6=000F000F x7=00F000F0 x11=FF00FF00 x12=00F000F0 x14=000F000F 
# ** Note: ** Addr=0000025C, Word=151, Instuction=00120213, Mnemonic=addi x4, x4, 00000001
# ** Note:   x1=00FF00FF x2=0F0F0F0F x3=0000000B x4=00000002 x5=00000002 x6=000F000F x7=00F000F0 x11=FF00FF00 x12=00F000F0 x14=000F000F 
# ** Note: ** Addr=00000260, Word=152, Instuction=00200293, Mnemonic=addi x5, x0, 00000002
# ** Note:   x1=00FF00FF x2=0F0F0F0F x3=0000000B x4=00000002 x5=00000002 x6=000F000F x7=00F000F0 x11=FF00FF00 x12=00F000F0 x14=000F000F 
# ** Note: ** Addr=00000264, Word=153, Instuction=FC521CE3, Mnemonic=bne x4, x5, FFFFFFD8
# ** Note:   x1=00FF00FF x2=0F0F0F0F x3=0000000B x4=00000002 x5=00000002 x6=000F000F x7=00F000F0 x11=FF00FF00 x12=00F000F0 x14=000F000F 
# ** Note: ** Addr=00000268, Word=154, Instuction=000F03B7, Mnemonic=lui x7, 000F0000
# ** Note:   x1=00FF00FF x2=0F0F0F0F x3=0000000B x4=00000002 x5=00000002 x6=000F000F x7=000F0000 x11=FF00FF00 x12=00F000F0 x14=000F000F 
# ** Note: ** Addr=0000026C, Word=155, Instuction=00F38393, Mnemonic=addi x7, x7, 0000000F
# ** Note:   x1=00FF00FF x2=0F0F0F0F x3=0000000B x4=00000002 x5=00000002 x6=000F000F x7=000F000F x11=FF00FF00 x12=00F000F0 x14=000F000F 
# ** Note: ** Addr=00000270, Word=156, Instuction=30731C63, Mnemonic=bne x6, x7, 00000318
# ** Note:   x1=00FF00FF x2=0F0F0F0F x3=0000000B x4=00000002 x5=00000002 x6=000F000F x7=000F000F x11=FF00FF00 x12=00F000F0 x14=000F000F 
# ** Note: ** Addr=00000274, Word=157, Instuction=00C00193, Mnemonic=addi x3, x0, 0000000C
# ** Note:   x1=00FF00FF x2=0F0F0F0F x3=0000000C x4=00000002 x5=00000002 x6=000F000F x7=000F000F x11=FF00FF00 x12=00F000F0 x14=000F000F 
# ** Warning: (vsim-151) NUMERIC_STD.TO_INTEGER: Value -16 is not in bounds of subtype NATURAL.
# ** Warning: (vsim-151) NUMERIC_STD.TO_INTEGER: Value -16 is not in bounds of subtype NATURAL.
# ** Note: ** Addr=00000278, Word=158, Instuction=00000213, Mnemonic=addi x4, x0, 00000000
# ** Note:   x1=00FF00FF x2=0F0F0F0F x3=0000000C x5=00000002 x6=000F000F x7=000F000F x11=FF00FF00 x12=00F000F0 x14=000F000F 
# ** Warning: (vsim-151) NUMERIC_STD.TO_INTEGER: Value -16711936 is not in bounds of subtype NATURAL.
# ** Warning: (vsim-151) NUMERIC_STD.TO_INTEGER: Value -16711936 is not in bounds of subtype NATURAL.
# ** Note: ** Addr=0000027C, Word=159, Instuction=FF0100B7, Mnemonic=lui x1, FF010000
# ** Note:   x1=FF010000 x2=0F0F0F0F x3=0000000C x5=00000002 x6=000F000F x7=000F000F x11=FF00FF00 x12=00F000F0 x14=000F000F 
# ** Warning: (vsim-151) NUMERIC_STD.TO_INTEGER: Value -16712192 is not in bounds of subtype NATURAL.
# ** Warning: (vsim-151) NUMERIC_STD.TO_INTEGER: Value -16712192 is not in bounds of subtype NATURAL.
# ** Warning: (vsim-151) NUMERIC_STD.TO_INTEGER: Value -16711696 is not in bounds of subtype NATURAL.
# ** Warning: (vsim-151) NUMERIC_STD.TO_INTEGER: Value -16711696 is not in bounds of subtype NATURAL.
# ** Note: ** Addr=00000280, Word=160, Instuction=F0008093, Mnemonic=addi x1, x1, FFFFFF00
# ** Note:   x1=FF00FF00 x2=0F0F0F0F x3=0000000C x5=00000002 x6=000F000F x7=000F000F x11=FF00FF00 x12=00F000F0 x14=000F000F 
# ** Note: ** Addr=00000284, Word=161, Instuction=0F0F1137, Mnemonic=lui x2, 0F0F1000
# ** Note:   x1=FF00FF00 x2=0F0F1000 x3=0000000C x5=00000002 x6=000F000F x7=000F000F x11=FF00FF00 x12=00F000F0 x14=000F000F 
# ** Note: ** Addr=00000288, Word=162, Instuction=F0F10113, Mnemonic=addi x2, x2, FFFFFF0F
# ** Note:   x1=FF00FF00 x2=0F0F0F0F x3=0000000C x5=00000002 x6=000F000F x7=000F000F x11=FF00FF00 x12=00F000F0 x14=000F000F 
# ** Note: ** Addr=0000028C, Word=163, Instuction=0020F733, Mnemonic=and x14, x1, x2
# ** Note:   x1=FF00FF00 x2=0F0F0F0F x3=0000000C x5=00000002 x6=000F000F x7=000F000F x11=FF00FF00 x12=00F000F0 x14=0F000F00 
# ** Note: ** Addr=00000290, Word=164, Instuction=00120213, Mnemonic=addi x4, x4, 00000001
# ** Note:   x1=FF00FF00 x2=0F0F0F0F x3=0000000C x4=00000001 x5=00000002 x6=000F000F x7=000F000F x11=FF00FF00 x12=00F000F0 x14=0F000F00 
# ** Warning: (vsim-151) NUMERIC_STD.TO_INTEGER: Value -2 is not in bounds of subtype NATURAL.
# ** Warning: (vsim-151) NUMERIC_STD.TO_INTEGER: Value -2 is not in bounds of subtype NATURAL.
# ** Note: ** Addr=00000294, Word=165, Instuction=00200293, Mnemonic=addi x5, x0, 00000002
# ** Note:   x1=FF00FF00 x2=0F0F0F0F x3=0000000C x4=00000001 x5=00000002 x6=000F000F x7=000F000F x11=FF00FF00 x12=00F000F0 x14=0F000F00 
# ** Note: ** Addr=00000298, Word=166, Instuction=FE5212E3, Mnemonic=bne x4, x5, FFFFFFE4
# ** Note:   x1=FF00FF00 x2=0F0F0F0F x3=0000000C x4=00000001 x5=00000002 x6=000F000F x7=000F000F x11=FF00FF00 x12=00F000F0 x14=0F000F00 
# ** Warning: (vsim-151) NUMERIC_STD.TO_INTEGER: Value -16711936 is not in bounds of subtype NATURAL.
# ** Warning: (vsim-151) NUMERIC_STD.TO_INTEGER: Value -16711936 is not in bounds of subtype NATURAL.
# ** Note: ** Addr=0000027C, Word=159, Instuction=FF0100B7, Mnemonic=lui x1, FF010000
# ** Note:   x1=FF010000 x2=0F0F0F0F x3=0000000C x4=00000001 x5=00000002 x6=000F000F x7=000F000F x11=FF00FF00 x12=00F000F0 x14=0F000F00 
# ** Warning: (vsim-151) NUMERIC_STD.TO_INTEGER: Value -16712192 is not in bounds of subtype NATURAL.
# ** Warning: (vsim-151) NUMERIC_STD.TO_INTEGER: Value -16712192 is not in bounds of subtype NATURAL.
# ** Warning: (vsim-151) NUMERIC_STD.TO_INTEGER: Value -16711696 is not in bounds of subtype NATURAL.
# ** Warning: (vsim-151) NUMERIC_STD.TO_INTEGER: Value -16711696 is not in bounds of subtype NATURAL.
# ** Note: ** Addr=00000280, Word=160, Instuction=F0008093, Mnemonic=addi x1, x1, FFFFFF00
# ** Note:   x1=FF00FF00 x2=0F0F0F0F x3=0000000C x4=00000001 x5=00000002 x6=000F000F x7=000F000F x11=FF00FF00 x12=00F000F0 x14=0F000F00 
# ** Note: ** Addr=00000284, Word=161, Instuction=0F0F1137, Mnemonic=lui x2, 0F0F1000
# ** Note:   x1=FF00FF00 x2=0F0F1000 x3=0000000C x4=00000001 x5=00000002 x6=000F000F x7=000F000F x11=FF00FF00 x12=00F000F0 x14=0F000F00 
# ** Note: ** Addr=00000288, Word=162, Instuction=F0F10113, Mnemonic=addi x2, x2, FFFFFF0F
# ** Note:   x1=FF00FF00 x2=0F0F0F0F x3=0000000C x4=00000001 x5=00000002 x6=000F000F x7=000F000F x11=FF00FF00 x12=00F000F0 x14=0F000F00 
# ** Note: ** Addr=0000028C, Word=163, Instuction=0020F733, Mnemonic=and x14, x1, x2
# ** Note:   x1=FF00FF00 x2=0F0F0F0F x3=0000000C x4=00000001 x5=00000002 x6=000F000F x7=000F000F x11=FF00FF00 x12=00F000F0 x14=0F000F00 
# ** Note: ** Addr=00000290, Word=164, Instuction=00120213, Mnemonic=addi x4, x4, 00000001
# ** Note:   x1=FF00FF00 x2=0F0F0F0F x3=0000000C x4=00000002 x5=00000002 x6=000F000F x7=000F000F x11=FF00FF00 x12=00F000F0 x14=0F000F00 
# ** Note: ** Addr=00000294, Word=165, Instuction=00200293, Mnemonic=addi x5, x0, 00000002
# ** Note:   x1=FF00FF00 x2=0F0F0F0F x3=0000000C x4=00000002 x5=00000002 x6=000F000F x7=000F000F x11=FF00FF00 x12=00F000F0 x14=0F000F00 
# ** Note: ** Addr=00000298, Word=166, Instuction=FE5212E3, Mnemonic=bne x4, x5, FFFFFFE4
# ** Note:   x1=FF00FF00 x2=0F0F0F0F x3=0000000C x4=00000002 x5=00000002 x6=000F000F x7=000F000F x11=FF00FF00 x12=00F000F0 x14=0F000F00 
# ** Note: ** Addr=0000029C, Word=167, Instuction=0F0013B7, Mnemonic=lui x7, 0F001000
# ** Note:   x1=FF00FF00 x2=0F0F0F0F x3=0000000C x4=00000002 x5=00000002 x6=000F000F x7=0F001000 x11=FF00FF00 x12=00F000F0 x14=0F000F00 
# ** Note: ** Addr=000002A0, Word=168, Instuction=F0038393, Mnemonic=addi x7, x7, FFFFFF00
# ** Note:   x1=FF00FF00 x2=0F0F0F0F x3=0000000C x4=00000002 x5=00000002 x6=000F000F x7=0F000F00 x11=FF00FF00 x12=00F000F0 x14=0F000F00 
# ** Note: ** Addr=000002A4, Word=169, Instuction=2E771263, Mnemonic=bne x14, x7, 000002E4
# ** Note:   x1=FF00FF00 x2=0F0F0F0F x3=0000000C x4=00000002 x5=00000002 x6=000F000F x7=0F000F00 x11=FF00FF00 x12=00F000F0 x14=0F000F00 
# ** Note: ** Addr=000002A8, Word=170, Instuction=00D00193, Mnemonic=addi x3, x0, 0000000D
# ** Note:   x1=FF00FF00 x2=0F0F0F0F x3=0000000D x4=00000002 x5=00000002 x6=000F000F x7=0F000F00 x11=FF00FF00 x12=00F000F0 x14=0F000F00 
# ** Note: ** Addr=000002AC, Word=171, Instuction=00000213, Mnemonic=addi x4, x0, 00000000
# ** Note:   x1=FF00FF00 x2=0F0F0F0F x3=0000000D x5=00000002 x6=000F000F x7=0F000F00 x11=FF00FF00 x12=00F000F0 x14=0F000F00 
# ** Note: ** Addr=000002B0, Word=172, Instuction=0FF010B7, Mnemonic=lui x1, 0FF01000
# ** Note:   x1=0FF01000 x2=0F0F0F0F x3=0000000D x5=00000002 x6=000F000F x7=0F000F00 x11=FF00FF00 x12=00F000F0 x14=0F000F00 
# ** Note: ** Addr=000002B4, Word=173, Instuction=FF008093, Mnemonic=addi x1, x1, FFFFFFF0
# ** Note:   x1=0FF00FF0 x2=0F0F0F0F x3=0000000D x5=00000002 x6=000F000F x7=0F000F00 x11=FF00FF00 x12=00F000F0 x14=0F000F00 
# ** Warning: (vsim-151) NUMERIC_STD.TO_INTEGER: Value -252645136 is not in bounds of subtype NATURAL.
# ** Warning: (vsim-151) NUMERIC_STD.TO_INTEGER: Value -252645136 is not in bounds of subtype NATURAL.
# ** Note: ** Addr=000002B8, Word=174, Instuction=F0F0F137, Mnemonic=lui x2, F0F0F000
# ** Note:   x1=0FF00FF0 x2=F0F0F000 x3=0000000D x5=00000002 x6=000F000F x7=0F000F00 x11=FF00FF00 x12=00F000F0 x14=0F000F00 
# ** Warning: (vsim-151) NUMERIC_STD.TO_INTEGER: Value -252644896 is not in bounds of subtype NATURAL.
# ** Warning: (vsim-151) NUMERIC_STD.TO_INTEGER: Value -252644896 is not in bounds of subtype NATURAL.
# ** Warning: (vsim-151) NUMERIC_STD.TO_INTEGER: Value -252645136 is not in bounds of subtype NATURAL.
# ** Warning: (vsim-151) NUMERIC_STD.TO_INTEGER: Value -252645136 is not in bounds of subtype NATURAL.
# ** Note: ** Addr=000002BC, Word=175, Instuction=0F010113, Mnemonic=addi x2, x2, 000000F0
# ** Note:   x1=0FF00FF0 x2=F0F0F0F0 x3=0000000D x5=00000002 x6=000F000F x7=0F000F00 x11=FF00FF00 x12=00F000F0 x14=0F000F00 
# ** Note: ** Addr=000002C0, Word=176, Instuction=00000013, Mnemonic=addi x0, x0, 00000000
# ** Note:   x1=0FF00FF0 x2=F0F0F0F0 x3=0000000D x5=00000002 x6=000F000F x7=0F000F00 x11=FF00FF00 x12=00F000F0 x14=0F000F00 
# ** Note: ** Addr=000002C4, Word=177, Instuction=0020F733, Mnemonic=and x14, x1, x2
# ** Note:   x1=0FF00FF0 x2=F0F0F0F0 x3=0000000D x5=00000002 x6=000F000F x7=0F000F00 x11=FF00FF00 x12=00F000F0 x14=00F000F0 
# ** Note: ** Addr=000002C8, Word=178, Instuction=00120213, Mnemonic=addi x4, x4, 00000001
# ** Note:   x1=0FF00FF0 x2=F0F0F0F0 x3=0000000D x4=00000001 x5=00000002 x6=000F000F x7=0F000F00 x11=FF00FF00 x12=00F000F0 x14=00F000F0 
# ** Warning: (vsim-151) NUMERIC_STD.TO_INTEGER: Value -2 is not in bounds of subtype NATURAL.
# ** Warning: (vsim-151) NUMERIC_STD.TO_INTEGER: Value -2 is not in bounds of subtype NATURAL.
# ** Note: ** Addr=000002CC, Word=179, Instuction=00200293, Mnemonic=addi x5, x0, 00000002
# ** Note:   x1=0FF00FF0 x2=F0F0F0F0 x3=0000000D x4=00000001 x5=00000002 x6=000F000F x7=0F000F00 x11=FF00FF00 x12=00F000F0 x14=00F000F0 
# ** Note: ** Addr=000002D0, Word=180, Instuction=FE5210E3, Mnemonic=bne x4, x5, FFFFFFE0
# ** Note:   x1=0FF00FF0 x2=F0F0F0F0 x3=0000000D x4=00000001 x5=00000002 x6=000F000F x7=0F000F00 x11=FF00FF00 x12=00F000F0 x14=00F000F0 
# ** Note: ** Addr=000002B0, Word=172, Instuction=0FF010B7, Mnemonic=lui x1, 0FF01000
# ** Note:   x1=0FF01000 x2=F0F0F0F0 x3=0000000D x4=00000001 x5=00000002 x6=000F000F x7=0F000F00 x11=FF00FF00 x12=00F000F0 x14=00F000F0 
# ** Note: ** Addr=000002B4, Word=173, Instuction=FF008093, Mnemonic=addi x1, x1, FFFFFFF0
# ** Note:   x1=0FF00FF0 x2=F0F0F0F0 x3=0000000D x4=00000001 x5=00000002 x6=000F000F x7=0F000F00 x11=FF00FF00 x12=00F000F0 x14=00F000F0 
# ** Warning: (vsim-151) NUMERIC_STD.TO_INTEGER: Value -252645136 is not in bounds of subtype NATURAL.
# ** Warning: (vsim-151) NUMERIC_STD.TO_INTEGER: Value -252645136 is not in bounds of subtype NATURAL.
# ** Note: ** Addr=000002B8, Word=174, Instuction=F0F0F137, Mnemonic=lui x2, F0F0F000
# ** Note:   x1=0FF00FF0 x2=F0F0F000 x3=0000000D x4=00000001 x5=00000002 x6=000F000F x7=0F000F00 x11=FF00FF00 x12=00F000F0 x14=00F000F0 
# ** Warning: (vsim-151) NUMERIC_STD.TO_INTEGER: Value -252644896 is not in bounds of subtype NATURAL.
# ** Warning: (vsim-151) NUMERIC_STD.TO_INTEGER: Value -252644896 is not in bounds of subtype NATURAL.
# ** Warning: (vsim-151) NUMERIC_STD.TO_INTEGER: Value -252645136 is not in bounds of subtype NATURAL.
# ** Warning: (vsim-151) NUMERIC_STD.TO_INTEGER: Value -252645136 is not in bounds of subtype NATURAL.
# ** Note: ** Addr=000002BC, Word=175, Instuction=0F010113, Mnemonic=addi x2, x2, 000000F0
# ** Note:   x1=0FF00FF0 x2=F0F0F0F0 x3=0000000D x4=00000001 x5=00000002 x6=000F000F x7=0F000F00 x11=FF00FF00 x12=00F000F0 x14=00F000F0 
# ** Note: ** Addr=000002C0, Word=176, Instuction=00000013, Mnemonic=addi x0, x0, 00000000
# ** Note:   x1=0FF00FF0 x2=F0F0F0F0 x3=0000000D x4=00000001 x5=00000002 x6=000F000F x7=0F000F00 x11=FF00FF00 x12=00F000F0 x14=00F000F0 
# ** Note: ** Addr=000002C4, Word=177, Instuction=0020F733, Mnemonic=and x14, x1, x2
# ** Note:   x1=0FF00FF0 x2=F0F0F0F0 x3=0000000D x4=00000001 x5=00000002 x6=000F000F x7=0F000F00 x11=FF00FF00 x12=00F000F0 x14=00F000F0 
# ** Note: ** Addr=000002C8, Word=178, Instuction=00120213, Mnemonic=addi x4, x4, 00000001
# ** Note:   x1=0FF00FF0 x2=F0F0F0F0 x3=0000000D x4=00000002 x5=00000002 x6=000F000F x7=0F000F00 x11=FF00FF00 x12=00F000F0 x14=00F000F0 
# ** Note: ** Addr=000002CC, Word=179, Instuction=00200293, Mnemonic=addi x5, x0, 00000002
# ** Note:   x1=0FF00FF0 x2=F0F0F0F0 x3=0000000D x4=00000002 x5=00000002 x6=000F000F x7=0F000F00 x11=FF00FF00 x12=00F000F0 x14=00F000F0 
# ** Note: ** Addr=000002D0, Word=180, Instuction=FE5210E3, Mnemonic=bne x4, x5, FFFFFFE0
# ** Note:   x1=0FF00FF0 x2=F0F0F0F0 x3=0000000D x4=00000002 x5=00000002 x6=000F000F x7=0F000F00 x11=FF00FF00 x12=00F000F0 x14=00F000F0 
# ** Note: ** Addr=000002D4, Word=181, Instuction=00F003B7, Mnemonic=lui x7, 00F00000
# ** Note:   x1=0FF00FF0 x2=F0F0F0F0 x3=0000000D x4=00000002 x5=00000002 x6=000F000F x7=00F00000 x11=FF00FF00 x12=00F000F0 x14=00F000F0 
# ** Note: ** Addr=000002D8, Word=182, Instuction=0F038393, Mnemonic=addi x7, x7, 000000F0
# ** Note:   x1=0FF00FF0 x2=F0F0F0F0 x3=0000000D x4=00000002 x5=00000002 x6=000F000F x7=00F000F0 x11=FF00FF00 x12=00F000F0 x14=00F000F0 
# ** Note: ** Addr=000002DC, Word=183, Instuction=2A771663, Mnemonic=bne x14, x7, 000002AC
# ** Note:   x1=0FF00FF0 x2=F0F0F0F0 x3=0000000D x4=00000002 x5=00000002 x6=000F000F x7=00F000F0 x11=FF00FF00 x12=00F000F0 x14=00F000F0 
# ** Note: ** Addr=000002E0, Word=184, Instuction=00E00193, Mnemonic=addi x3, x0, 0000000E
# ** Note:   x1=0FF00FF0 x2=F0F0F0F0 x3=0000000E x4=00000002 x5=00000002 x6=000F000F x7=00F000F0 x11=FF00FF00 x12=00F000F0 x14=00F000F0 
# ** Note: ** Addr=000002E4, Word=185, Instuction=00000213, Mnemonic=addi x4, x0, 00000000
# ** Note:   x1=0FF00FF0 x2=F0F0F0F0 x3=0000000E x5=00000002 x6=000F000F x7=00F000F0 x11=FF00FF00 x12=00F000F0 x14=00F000F0 
# ** Note: ** Addr=000002E8, Word=186, Instuction=00FF00B7, Mnemonic=lui x1, 00FF0000
# ** Note:   x1=00FF0000 x2=F0F0F0F0 x3=0000000E x5=00000002 x6=000F000F x7=00F000F0 x11=FF00FF00 x12=00F000F0 x14=00F000F0 
# ** Note: ** Addr=000002EC, Word=187, Instuction=0FF08093, Mnemonic=addi x1, x1, 000000FF
# ** Note:   x1=00FF00FF x2=F0F0F0F0 x3=0000000E x5=00000002 x6=000F000F x7=00F000F0 x11=FF00FF00 x12=00F000F0 x14=00F000F0 
# ** Note: ** Addr=000002F0, Word=188, Instuction=0F0F1137, Mnemonic=lui x2, 0F0F1000
# ** Note:   x1=00FF00FF x2=0F0F1000 x3=0000000E x5=00000002 x6=000F000F x7=00F000F0 x11=FF00FF00 x12=00F000F0 x14=00F000F0 
# ** Note: ** Addr=000002F4, Word=189, Instuction=F0F10113, Mnemonic=addi x2, x2, FFFFFF0F
# ** Note:   x1=00FF00FF x2=0F0F0F0F x3=0000000E x5=00000002 x6=000F000F x7=00F000F0 x11=FF00FF00 x12=00F000F0 x14=00F000F0 
# ** Note: ** Addr=000002F8, Word=190, Instuction=00000013, Mnemonic=addi x0, x0, 00000000
# ** Note:   x1=00FF00FF x2=0F0F0F0F x3=0000000E x5=00000002 x6=000F000F x7=00F000F0 x11=FF00FF00 x12=00F000F0 x14=00F000F0 
# ** Note: ** Addr=000002FC, Word=191, Instuction=00000013, Mnemonic=addi x0, x0, 00000000
# ** Note:   x1=00FF00FF x2=0F0F0F0F x3=0000000E x5=00000002 x6=000F000F x7=00F000F0 x11=FF00FF00 x12=00F000F0 x14=00F000F0 
# ** Note: ** Addr=00000300, Word=192, Instuction=0020F733, Mnemonic=and x14, x1, x2
# ** Note:   x1=00FF00FF x2=0F0F0F0F x3=0000000E x5=00000002 x6=000F000F x7=00F000F0 x11=FF00FF00 x12=00F000F0 x14=000F000F 
# ** Note: ** Addr=00000304, Word=193, Instuction=00120213, Mnemonic=addi x4, x4, 00000001
# ** Note:   x1=00FF00FF x2=0F0F0F0F x3=0000000E x4=00000001 x5=00000002 x6=000F000F x7=00F000F0 x11=FF00FF00 x12=00F000F0 x14=000F000F 
# ** Warning: (vsim-151) NUMERIC_STD.TO_INTEGER: Value -2 is not in bounds of subtype NATURAL.
# ** Warning: (vsim-151) NUMERIC_STD.TO_INTEGER: Value -2 is not in bounds of subtype NATURAL.
# ** Note: ** Addr=00000308, Word=194, Instuction=00200293, Mnemonic=addi x5, x0, 00000002
# ** Note:   x1=00FF00FF x2=0F0F0F0F x3=0000000E x4=00000001 x5=00000002 x6=000F000F x7=00F000F0 x11=FF00FF00 x12=00F000F0 x14=000F000F 
# ** Note: ** Addr=0000030C, Word=195, Instuction=FC521EE3, Mnemonic=bne x4, x5, FFFFFFDC
# ** Note:   x1=00FF00FF x2=0F0F0F0F x3=0000000E x4=00000001 x5=00000002 x6=000F000F x7=00F000F0 x11=FF00FF00 x12=00F000F0 x14=000F000F 
# ** Note: ** Addr=000002E8, Word=186, Instuction=00FF00B7, Mnemonic=lui x1, 00FF0000
# ** Note:   x1=00FF0000 x2=0F0F0F0F x3=0000000E x4=00000001 x5=00000002 x6=000F000F x7=00F000F0 x11=FF00FF00 x12=00F000F0 x14=000F000F 
# ** Note: ** Addr=000002EC, Word=187, Instuction=0FF08093, Mnemonic=addi x1, x1, 000000FF
# ** Note:   x1=00FF00FF x2=0F0F0F0F x3=0000000E x4=00000001 x5=00000002 x6=000F000F x7=00F000F0 x11=FF00FF00 x12=00F000F0 x14=000F000F 
# ** Note: ** Addr=000002F0, Word=188, Instuction=0F0F1137, Mnemonic=lui x2, 0F0F1000
# ** Note:   x1=00FF00FF x2=0F0F1000 x3=0000000E x4=00000001 x5=00000002 x6=000F000F x7=00F000F0 x11=FF00FF00 x12=00F000F0 x14=000F000F 
# ** Note: ** Addr=000002F4, Word=189, Instuction=F0F10113, Mnemonic=addi x2, x2, FFFFFF0F
# ** Note:   x1=00FF00FF x2=0F0F0F0F x3=0000000E x4=00000001 x5=00000002 x6=000F000F x7=00F000F0 x11=FF00FF00 x12=00F000F0 x14=000F000F 
# ** Note: ** Addr=000002F8, Word=190, Instuction=00000013, Mnemonic=addi x0, x0, 00000000
# ** Note:   x1=00FF00FF x2=0F0F0F0F x3=0000000E x4=00000001 x5=00000002 x6=000F000F x7=00F000F0 x11=FF00FF00 x12=00F000F0 x14=000F000F 
# ** Note: ** Addr=000002FC, Word=191, Instuction=00000013, Mnemonic=addi x0, x0, 00000000
# ** Note:   x1=00FF00FF x2=0F0F0F0F x3=0000000E x4=00000001 x5=00000002 x6=000F000F x7=00F000F0 x11=FF00FF00 x12=00F000F0 x14=000F000F 
# ** Note: ** Addr=00000300, Word=192, Instuction=0020F733, Mnemonic=and x14, x1, x2
# ** Note:   x1=00FF00FF x2=0F0F0F0F x3=0000000E x4=00000001 x5=00000002 x6=000F000F x7=00F000F0 x11=FF00FF00 x12=00F000F0 x14=000F000F 
# ** Note: ** Addr=00000304, Word=193, Instuction=00120213, Mnemonic=addi x4, x4, 00000001
# ** Note:   x1=00FF00FF x2=0F0F0F0F x3=0000000E x4=00000002 x5=00000002 x6=000F000F x7=00F000F0 x11=FF00FF00 x12=00F000F0 x14=000F000F 
# ** Note: ** Addr=00000308, Word=194, Instuction=00200293, Mnemonic=addi x5, x0, 00000002
# ** Note:   x1=00FF00FF x2=0F0F0F0F x3=0000000E x4=00000002 x5=00000002 x6=000F000F x7=00F000F0 x11=FF00FF00 x12=00F000F0 x14=000F000F 
# ** Note: ** Addr=0000030C, Word=195, Instuction=FC521EE3, Mnemonic=bne x4, x5, FFFFFFDC
# ** Note:   x1=00FF00FF x2=0F0F0F0F x3=0000000E x4=00000002 x5=00000002 x6=000F000F x7=00F000F0 x11=FF00FF00 x12=00F000F0 x14=000F000F 
# ** Note: ** Addr=00000310, Word=196, Instuction=000F03B7, Mnemonic=lui x7, 000F0000
# ** Note:   x1=00FF00FF x2=0F0F0F0F x3=0000000E x4=00000002 x5=00000002 x6=000F000F x7=000F0000 x11=FF00FF00 x12=00F000F0 x14=000F000F 
# ** Note: ** Addr=00000314, Word=197, Instuction=00F38393, Mnemonic=addi x7, x7, 0000000F
# ** Note:   x1=00FF00FF x2=0F0F0F0F x3=0000000E x4=00000002 x5=00000002 x6=000F000F x7=000F000F x11=FF00FF00 x12=00F000F0 x14=000F000F 
# ** Note: ** Addr=00000318, Word=198, Instuction=26771863, Mnemonic=bne x14, x7, 00000270
# ** Note:   x1=00FF00FF x2=0F0F0F0F x3=0000000E x4=00000002 x5=00000002 x6=000F000F x7=000F000F x11=FF00FF00 x12=00F000F0 x14=000F000F 
# ** Note: ** Addr=0000031C, Word=199, Instuction=00F00193, Mnemonic=addi x3, x0, 0000000F
# ** Note:   x1=00FF00FF x2=0F0F0F0F x3=0000000F x4=00000002 x5=00000002 x6=000F000F x7=000F000F x11=FF00FF00 x12=00F000F0 x14=000F000F 
# ** Warning: (vsim-151) NUMERIC_STD.TO_INTEGER: Value -16 is not in bounds of subtype NATURAL.
# ** Warning: (vsim-151) NUMERIC_STD.TO_INTEGER: Value -16 is not in bounds of subtype NATURAL.
# ** Note: ** Addr=00000320, Word=200, Instuction=00000213, Mnemonic=addi x4, x0, 00000000
# ** Note:   x1=00FF00FF x2=0F0F0F0F x3=0000000F x5=00000002 x6=000F000F x7=000F000F x11=FF00FF00 x12=00F000F0 x14=000F000F 
# ** Warning: (vsim-151) NUMERIC_STD.TO_INTEGER: Value -16711936 is not in bounds of subtype NATURAL.
# ** Warning: (vsim-151) NUMERIC_STD.TO_INTEGER: Value -16711936 is not in bounds of subtype NATURAL.
# ** Note: ** Addr=00000324, Word=201, Instuction=FF0100B7, Mnemonic=lui x1, FF010000
# ** Note:   x1=FF010000 x2=0F0F0F0F x3=0000000F x5=00000002 x6=000F000F x7=000F000F x11=FF00FF00 x12=00F000F0 x14=000F000F 
# ** Warning: (vsim-151) NUMERIC_STD.TO_INTEGER: Value -16712192 is not in bounds of subtype NATURAL.
# ** Warning: (vsim-151) NUMERIC_STD.TO_INTEGER: Value -16712192 is not in bounds of subtype NATURAL.
# ** Warning: (vsim-151) NUMERIC_STD.TO_INTEGER: Value -16711936 is not in bounds of subtype NATURAL.
# ** Warning: (vsim-151) NUMERIC_STD.TO_INTEGER: Value -16711936 is not in bounds of subtype NATURAL.
# ** Note: ** Addr=00000328, Word=202, Instuction=F0008093, Mnemonic=addi x1, x1, FFFFFF00
# ** Note:   x1=FF00FF00 x2=0F0F0F0F x3=0000000F x5=00000002 x6=000F000F x7=000F000F x11=FF00FF00 x12=00F000F0 x14=000F000F 
# ** Note: ** Addr=0000032C, Word=203, Instuction=00000013, Mnemonic=addi x0, x0, 00000000
# ** Note:   x1=FF00FF00 x2=0F0F0F0F x3=0000000F x5=00000002 x6=000F000F x7=000F000F x11=FF00FF00 x12=00F000F0 x14=000F000F 
# ** Note: ** Addr=00000330, Word=204, Instuction=0F0F1137, Mnemonic=lui x2, 0F0F1000
# ** Note:   x1=FF00FF00 x2=0F0F1000 x3=0000000F x5=00000002 x6=000F000F x7=000F000F x11=FF00FF00 x12=00F000F0 x14=000F000F 
# ** Note: ** Addr=00000334, Word=205, Instuction=F0F10113, Mnemonic=addi x2, x2, FFFFFF0F
# ** Note:   x1=FF00FF00 x2=0F0F0F0F x3=0000000F x5=00000002 x6=000F000F x7=000F000F x11=FF00FF00 x12=00F000F0 x14=000F000F 
# ** Note: ** Addr=00000338, Word=206, Instuction=0020F733, Mnemonic=and x14, x1, x2
# ** Note:   x1=FF00FF00 x2=0F0F0F0F x3=0000000F x5=00000002 x6=000F000F x7=000F000F x11=FF00FF00 x12=00F000F0 x14=0F000F00 
# ** Note: ** Addr=0000033C, Word=207, Instuction=00120213, Mnemonic=addi x4, x4, 00000001
# ** Note:   x1=FF00FF00 x2=0F0F0F0F x3=0000000F x4=00000001 x5=00000002 x6=000F000F x7=000F000F x11=FF00FF00 x12=00F000F0 x14=0F000F00 
# ** Warning: (vsim-151) NUMERIC_STD.TO_INTEGER: Value -2 is not in bounds of subtype NATURAL.
# ** Warning: (vsim-151) NUMERIC_STD.TO_INTEGER: Value -2 is not in bounds of subtype NATURAL.
# ** Note: ** Addr=00000340, Word=208, Instuction=00200293, Mnemonic=addi x5, x0, 00000002
# ** Note:   x1=FF00FF00 x2=0F0F0F0F x3=0000000F x4=00000001 x5=00000002 x6=000F000F x7=000F000F x11=FF00FF00 x12=00F000F0 x14=0F000F00 
# ** Note: ** Addr=00000344, Word=209, Instuction=FE5210E3, Mnemonic=bne x4, x5, FFFFFFE0
# ** Note:   x1=FF00FF00 x2=0F0F0F0F x3=0000000F x4=00000001 x5=00000002 x6=000F000F x7=000F000F x11=FF00FF00 x12=00F000F0 x14=0F000F00 
# ** Warning: (vsim-151) NUMERIC_STD.TO_INTEGER: Value -16711936 is not in bounds of subtype NATURAL.
# ** Warning: (vsim-151) NUMERIC_STD.TO_INTEGER: Value -16711936 is not in bounds of subtype NATURAL.
# ** Note: ** Addr=00000324, Word=201, Instuction=FF0100B7, Mnemonic=lui x1, FF010000
# ** Note:   x1=FF010000 x2=0F0F0F0F x3=0000000F x4=00000001 x5=00000002 x6=000F000F x7=000F000F x11=FF00FF00 x12=00F000F0 x14=0F000F00 
# ** Warning: (vsim-151) NUMERIC_STD.TO_INTEGER: Value -16712192 is not in bounds of subtype NATURAL.
# ** Warning: (vsim-151) NUMERIC_STD.TO_INTEGER: Value -16712192 is not in bounds of subtype NATURAL.
# ** Warning: (vsim-151) NUMERIC_STD.TO_INTEGER: Value -16711936 is not in bounds of subtype NATURAL.
# ** Warning: (vsim-151) NUMERIC_STD.TO_INTEGER: Value -16711936 is not in bounds of subtype NATURAL.
# ** Note: ** Addr=00000328, Word=202, Instuction=F0008093, Mnemonic=addi x1, x1, FFFFFF00
# ** Note:   x1=FF00FF00 x2=0F0F0F0F x3=0000000F x4=00000001 x5=00000002 x6=000F000F x7=000F000F x11=FF00FF00 x12=00F000F0 x14=0F000F00 
# ** Note: ** Addr=0000032C, Word=203, Instuction=00000013, Mnemonic=addi x0, x0, 00000000
# ** Note:   x1=FF00FF00 x2=0F0F0F0F x3=0000000F x4=00000001 x5=00000002 x6=000F000F x7=000F000F x11=FF00FF00 x12=00F000F0 x14=0F000F00 
# ** Note: ** Addr=00000330, Word=204, Instuction=0F0F1137, Mnemonic=lui x2, 0F0F1000
# ** Note:   x1=FF00FF00 x2=0F0F1000 x3=0000000F x4=00000001 x5=00000002 x6=000F000F x7=000F000F x11=FF00FF00 x12=00F000F0 x14=0F000F00 
# ** Note: ** Addr=00000334, Word=205, Instuction=F0F10113, Mnemonic=addi x2, x2, FFFFFF0F
# ** Note:   x1=FF00FF00 x2=0F0F0F0F x3=0000000F x4=00000001 x5=00000002 x6=000F000F x7=000F000F x11=FF00FF00 x12=00F000F0 x14=0F000F00 
# ** Note: ** Addr=00000338, Word=206, Instuction=0020F733, Mnemonic=and x14, x1, x2
# ** Note:   x1=FF00FF00 x2=0F0F0F0F x3=0000000F x4=00000001 x5=00000002 x6=000F000F x7=000F000F x11=FF00FF00 x12=00F000F0 x14=0F000F00 
# ** Note: ** Addr=0000033C, Word=207, Instuction=00120213, Mnemonic=addi x4, x4, 00000001
# ** Note:   x1=FF00FF00 x2=0F0F0F0F x3=0000000F x4=00000002 x5=00000002 x6=000F000F x7=000F000F x11=FF00FF00 x12=00F000F0 x14=0F000F00 
# ** Note: ** Addr=00000340, Word=208, Instuction=00200293, Mnemonic=addi x5, x0, 00000002
# ** Note:   x1=FF00FF00 x2=0F0F0F0F x3=0000000F x4=00000002 x5=00000002 x6=000F000F x7=000F000F x11=FF00FF00 x12=00F000F0 x14=0F000F00 
# ** Note: ** Addr=00000344, Word=209, Instuction=FE5210E3, Mnemonic=bne x4, x5, FFFFFFE0
# ** Note:   x1=FF00FF00 x2=0F0F0F0F x3=0000000F x4=00000002 x5=00000002 x6=000F000F x7=000F000F x11=FF00FF00 x12=00F000F0 x14=0F000F00 
# ** Note: ** Addr=00000348, Word=210, Instuction=0F0013B7, Mnemonic=lui x7, 0F001000
# ** Note:   x1=FF00FF00 x2=0F0F0F0F x3=0000000F x4=00000002 x5=00000002 x6=000F000F x7=0F001000 x11=FF00FF00 x12=00F000F0 x14=0F000F00 
# ** Note: ** Addr=0000034C, Word=211, Instuction=F0038393, Mnemonic=addi x7, x7, FFFFFF00
# ** Note:   x1=FF00FF00 x2=0F0F0F0F x3=0000000F x4=00000002 x5=00000002 x6=000F000F x7=0F000F00 x11=FF00FF00 x12=00F000F0 x14=0F000F00 
# ** Note: ** Addr=00000350, Word=212, Instuction=22771C63, Mnemonic=bne x14, x7, 00000238
# ** Note:   x1=FF00FF00 x2=0F0F0F0F x3=0000000F x4=00000002 x5=00000002 x6=000F000F x7=0F000F00 x11=FF00FF00 x12=00F000F0 x14=0F000F00 
# ** Note: ** Addr=00000354, Word=213, Instuction=01000193, Mnemonic=addi x3, x0, 00000010
# ** Note:   x1=FF00FF00 x2=0F0F0F0F x3=00000010 x4=00000002 x5=00000002 x6=000F000F x7=0F000F00 x11=FF00FF00 x12=00F000F0 x14=0F000F00 
# ** Note: ** Addr=00000358, Word=214, Instuction=00000213, Mnemonic=addi x4, x0, 00000000
# ** Note:   x1=FF00FF00 x2=0F0F0F0F x3=00000010 x5=00000002 x6=000F000F x7=0F000F00 x11=FF00FF00 x12=00F000F0 x14=0F000F00 
# ** Note: ** Addr=0000035C, Word=215, Instuction=0FF010B7, Mnemonic=lui x1, 0FF01000
# ** Note:   x1=0FF01000 x2=0F0F0F0F x3=00000010 x5=00000002 x6=000F000F x7=0F000F00 x11=FF00FF00 x12=00F000F0 x14=0F000F00 
# ** Note: ** Addr=00000360, Word=216, Instuction=FF008093, Mnemonic=addi x1, x1, FFFFFFF0
# ** Note:   x1=0FF00FF0 x2=0F0F0F0F x3=00000010 x5=00000002 x6=000F000F x7=0F000F00 x11=FF00FF00 x12=00F000F0 x14=0F000F00 
# ** Warning: (vsim-151) NUMERIC_STD.TO_INTEGER: Value -242 is not in bounds of subtype NATURAL.
# ** Warning: (vsim-151) NUMERIC_STD.TO_INTEGER: Value -242 is not in bounds of subtype NATURAL.
# ** Note: ** Addr=00000364, Word=217, Instuction=00000013, Mnemonic=addi x0, x0, 00000000
# ** Note:   x1=0FF00FF0 x2=0F0F0F0F x3=00000010 x5=00000002 x6=000F000F x7=0F000F00 x11=FF00FF00 x12=00F000F0 x14=0F000F00 
# ** Warning: (vsim-151) NUMERIC_STD.TO_INTEGER: Value -252645136 is not in bounds of subtype NATURAL.
# ** Warning: (vsim-151) NUMERIC_STD.TO_INTEGER: Value -252645136 is not in bounds of subtype NATURAL.
# ** Note: ** Addr=00000368, Word=218, Instuction=F0F0F137, Mnemonic=lui x2, F0F0F000
# ** Note:   x1=0FF00FF0 x2=F0F0F000 x3=00000010 x5=00000002 x6=000F000F x7=0F000F00 x11=FF00FF00 x12=00F000F0 x14=0F000F00 
# ** Warning: (vsim-151) NUMERIC_STD.TO_INTEGER: Value -252644896 is not in bounds of subtype NATURAL.
# ** Warning: (vsim-151) NUMERIC_STD.TO_INTEGER: Value -252644896 is not in bounds of subtype NATURAL.
# ** Warning: (vsim-151) NUMERIC_STD.TO_INTEGER: Value -252645136 is not in bounds of subtype NATURAL.
# ** Warning: (vsim-151) NUMERIC_STD.TO_INTEGER: Value -252645136 is not in bounds of subtype NATURAL.
# ** Note: ** Addr=0000036C, Word=219, Instuction=0F010113, Mnemonic=addi x2, x2, 000000F0
# ** Note:   x1=0FF00FF0 x2=F0F0F0F0 x3=00000010 x5=00000002 x6=000F000F x7=0F000F00 x11=FF00FF00 x12=00F000F0 x14=0F000F00 
# ** Note: ** Addr=00000370, Word=220, Instuction=00000013, Mnemonic=addi x0, x0, 00000000
# ** Note:   x1=0FF00FF0 x2=F0F0F0F0 x3=00000010 x5=00000002 x6=000F000F x7=0F000F00 x11=FF00FF00 x12=00F000F0 x14=0F000F00 
# ** Note: ** Addr=00000374, Word=221, Instuction=0020F733, Mnemonic=and x14, x1, x2
# ** Note:   x1=0FF00FF0 x2=F0F0F0F0 x3=00000010 x5=00000002 x6=000F000F x7=0F000F00 x11=FF00FF00 x12=00F000F0 x14=00F000F0 
# ** Note: ** Addr=00000378, Word=222, Instuction=00120213, Mnemonic=addi x4, x4, 00000001
# ** Note:   x1=0FF00FF0 x2=F0F0F0F0 x3=00000010 x4=00000001 x5=00000002 x6=000F000F x7=0F000F00 x11=FF00FF00 x12=00F000F0 x14=00F000F0 
# ** Warning: (vsim-151) NUMERIC_STD.TO_INTEGER: Value -2 is not in bounds of subtype NATURAL.
# ** Warning: (vsim-151) NUMERIC_STD.TO_INTEGER: Value -2 is not in bounds of subtype NATURAL.
# ** Note: ** Addr=0000037C, Word=223, Instuction=00200293, Mnemonic=addi x5, x0, 00000002
# ** Note:   x1=0FF00FF0 x2=F0F0F0F0 x3=00000010 x4=00000001 x5=00000002 x6=000F000F x7=0F000F00 x11=FF00FF00 x12=00F000F0 x14=00F000F0 
# ** Note: ** Addr=00000380, Word=224, Instuction=FC521EE3, Mnemonic=bne x4, x5, FFFFFFDC
# ** Note:   x1=0FF00FF0 x2=F0F0F0F0 x3=00000010 x4=00000001 x5=00000002 x6=000F000F x7=0F000F00 x11=FF00FF00 x12=00F000F0 x14=00F000F0 
# ** Note: ** Addr=0000035C, Word=215, Instuction=0FF010B7, Mnemonic=lui x1, 0FF01000
# ** Note:   x1=0FF01000 x2=F0F0F0F0 x3=00000010 x4=00000001 x5=00000002 x6=000F000F x7=0F000F00 x11=FF00FF00 x12=00F000F0 x14=00F000F0 
# ** Note: ** Addr=00000360, Word=216, Instuction=FF008093, Mnemonic=addi x1, x1, FFFFFFF0
# ** Note:   x1=0FF00FF0 x2=F0F0F0F0 x3=00000010 x4=00000001 x5=00000002 x6=000F000F x7=0F000F00 x11=FF00FF00 x12=00F000F0 x14=00F000F0 
# ** Warning: (vsim-151) NUMERIC_STD.TO_INTEGER: Value -242 is not in bounds of subtype NATURAL.
# ** Warning: (vsim-151) NUMERIC_STD.TO_INTEGER: Value -242 is not in bounds of subtype NATURAL.
# ** Note: ** Addr=00000364, Word=217, Instuction=00000013, Mnemonic=addi x0, x0, 00000000
# ** Note:   x1=0FF00FF0 x2=F0F0F0F0 x3=00000010 x4=00000001 x5=00000002 x6=000F000F x7=0F000F00 x11=FF00FF00 x12=00F000F0 x14=00F000F0 
# ** Warning: (vsim-151) NUMERIC_STD.TO_INTEGER: Value -252645136 is not in bounds of subtype NATURAL.
# ** Warning: (vsim-151) NUMERIC_STD.TO_INTEGER: Value -252645136 is not in bounds of subtype NATURAL.
# ** Note: ** Addr=00000368, Word=218, Instuction=F0F0F137, Mnemonic=lui x2, F0F0F000
# ** Note:   x1=0FF00FF0 x2=F0F0F000 x3=00000010 x4=00000001 x5=00000002 x6=000F000F x7=0F000F00 x11=FF00FF00 x12=00F000F0 x14=00F000F0 
# ** Warning: (vsim-151) NUMERIC_STD.TO_INTEGER: Value -252644896 is not in bounds of subtype NATURAL.
# ** Warning: (vsim-151) NUMERIC_STD.TO_INTEGER: Value -252644896 is not in bounds of subtype NATURAL.
# ** Warning: (vsim-151) NUMERIC_STD.TO_INTEGER: Value -252645136 is not in bounds of subtype NATURAL.
# ** Warning: (vsim-151) NUMERIC_STD.TO_INTEGER: Value -252645136 is not in bounds of subtype NATURAL.
# ** Note: ** Addr=0000036C, Word=219, Instuction=0F010113, Mnemonic=addi x2, x2, 000000F0
# ** Note:   x1=0FF00FF0 x2=F0F0F0F0 x3=00000010 x4=00000001 x5=00000002 x6=000F000F x7=0F000F00 x11=FF00FF00 x12=00F000F0 x14=00F000F0 
# ** Note: ** Addr=00000370, Word=220, Instuction=00000013, Mnemonic=addi x0, x0, 00000000
# ** Note:   x1=0FF00FF0 x2=F0F0F0F0 x3=00000010 x4=00000001 x5=00000002 x6=000F000F x7=0F000F00 x11=FF00FF00 x12=00F000F0 x14=00F000F0 
# ** Note: ** Addr=00000374, Word=221, Instuction=0020F733, Mnemonic=and x14, x1, x2
# ** Note:   x1=0FF00FF0 x2=F0F0F0F0 x3=00000010 x4=00000001 x5=00000002 x6=000F000F x7=0F000F00 x11=FF00FF00 x12=00F000F0 x14=00F000F0 
# ** Note: ** Addr=00000378, Word=222, Instuction=00120213, Mnemonic=addi x4, x4, 00000001
# ** Note:   x1=0FF00FF0 x2=F0F0F0F0 x3=00000010 x4=00000002 x5=00000002 x6=000F000F x7=0F000F00 x11=FF00FF00 x12=00F000F0 x14=00F000F0 
# ** Note: ** Addr=0000037C, Word=223, Instuction=00200293, Mnemonic=addi x5, x0, 00000002
# ** Note:   x1=0FF00FF0 x2=F0F0F0F0 x3=00000010 x4=00000002 x5=00000002 x6=000F000F x7=0F000F00 x11=FF00FF00 x12=00F000F0 x14=00F000F0 
# ** Note: ** Addr=00000380, Word=224, Instuction=FC521EE3, Mnemonic=bne x4, x5, FFFFFFDC
# ** Note:   x1=0FF00FF0 x2=F0F0F0F0 x3=00000010 x4=00000002 x5=00000002 x6=000F000F x7=0F000F00 x11=FF00FF00 x12=00F000F0 x14=00F000F0 
# ** Note: ** Addr=00000384, Word=225, Instuction=00F003B7, Mnemonic=lui x7, 00F00000
# ** Note:   x1=0FF00FF0 x2=F0F0F0F0 x3=00000010 x4=00000002 x5=00000002 x6=000F000F x7=00F00000 x11=FF00FF00 x12=00F000F0 x14=00F000F0 
# ** Note: ** Addr=00000388, Word=226, Instuction=0F038393, Mnemonic=addi x7, x7, 000000F0
# ** Note:   x1=0FF00FF0 x2=F0F0F0F0 x3=00000010 x4=00000002 x5=00000002 x6=000F000F x7=00F000F0 x11=FF00FF00 x12=00F000F0 x14=00F000F0 
# ** Note: ** Addr=0000038C, Word=227, Instuction=1E771E63, Mnemonic=bne x14, x7, 000001FC
# ** Note:   x1=0FF00FF0 x2=F0F0F0F0 x3=00000010 x4=00000002 x5=00000002 x6=000F000F x7=00F000F0 x11=FF00FF00 x12=00F000F0 x14=00F000F0 
# ** Note: ** Addr=00000390, Word=228, Instuction=01100193, Mnemonic=addi x3, x0, 00000011
# ** Note:   x1=0FF00FF0 x2=F0F0F0F0 x3=00000011 x4=00000002 x5=00000002 x6=000F000F x7=00F000F0 x11=FF00FF00 x12=00F000F0 x14=00F000F0 
# ** Note: ** Addr=00000394, Word=229, Instuction=00000213, Mnemonic=addi x4, x0, 00000000
# ** Note:   x1=0FF00FF0 x2=F0F0F0F0 x3=00000011 x5=00000002 x6=000F000F x7=00F000F0 x11=FF00FF00 x12=00F000F0 x14=00F000F0 
# ** Note: ** Addr=00000398, Word=230, Instuction=00FF00B7, Mnemonic=lui x1, 00FF0000
# ** Note:   x1=00FF0000 x2=F0F0F0F0 x3=00000011 x5=00000002 x6=000F000F x7=00F000F0 x11=FF00FF00 x12=00F000F0 x14=00F000F0 
# ** Note: ** Addr=0000039C, Word=231, Instuction=0FF08093, Mnemonic=addi x1, x1, 000000FF
# ** Note:   x1=00FF00FF x2=F0F0F0F0 x3=00000011 x5=00000002 x6=000F000F x7=00F000F0 x11=FF00FF00 x12=00F000F0 x14=00F000F0 
# ** Note: ** Addr=000003A0, Word=232, Instuction=00000013, Mnemonic=addi x0, x0, 00000000
# ** Note:   x1=00FF00FF x2=F0F0F0F0 x3=00000011 x5=00000002 x6=000F000F x7=00F000F0 x11=FF00FF00 x12=00F000F0 x14=00F000F0 
# ** Note: ** Addr=000003A4, Word=233, Instuction=00000013, Mnemonic=addi x0, x0, 00000000
# ** Note:   x1=00FF00FF x2=F0F0F0F0 x3=00000011 x5=00000002 x6=000F000F x7=00F000F0 x11=FF00FF00 x12=00F000F0 x14=00F000F0 
# ** Note: ** Addr=000003A8, Word=234, Instuction=0F0F1137, Mnemonic=lui x2, 0F0F1000
# ** Note:   x1=00FF00FF x2=0F0F1000 x3=00000011 x5=00000002 x6=000F000F x7=00F000F0 x11=FF00FF00 x12=00F000F0 x14=00F000F0 
# ** Note: ** Addr=000003AC, Word=235, Instuction=F0F10113, Mnemonic=addi x2, x2, FFFFFF0F
# ** Note:   x1=00FF00FF x2=0F0F0F0F x3=00000011 x5=00000002 x6=000F000F x7=00F000F0 x11=FF00FF00 x12=00F000F0 x14=00F000F0 
# ** Note: ** Addr=000003B0, Word=236, Instuction=0020F733, Mnemonic=and x14, x1, x2
# ** Note:   x1=00FF00FF x2=0F0F0F0F x3=00000011 x5=00000002 x6=000F000F x7=00F000F0 x11=FF00FF00 x12=00F000F0 x14=000F000F 
# ** Note: ** Addr=000003B4, Word=237, Instuction=00120213, Mnemonic=addi x4, x4, 00000001
# ** Note:   x1=00FF00FF x2=0F0F0F0F x3=00000011 x4=00000001 x5=00000002 x6=000F000F x7=00F000F0 x11=FF00FF00 x12=00F000F0 x14=000F000F 
# ** Warning: (vsim-151) NUMERIC_STD.TO_INTEGER: Value -2 is not in bounds of subtype NATURAL.
# ** Warning: (vsim-151) NUMERIC_STD.TO_INTEGER: Value -2 is not in bounds of subtype NATURAL.
# ** Note: ** Addr=000003B8, Word=238, Instuction=00200293, Mnemonic=addi x5, x0, 00000002
# ** Note:   x1=00FF00FF x2=0F0F0F0F x3=00000011 x4=00000001 x5=00000002 x6=000F000F x7=00F000F0 x11=FF00FF00 x12=00F000F0 x14=000F000F 
# ** Note: ** Addr=000003BC, Word=239, Instuction=FC521EE3, Mnemonic=bne x4, x5, FFFFFFDC
# ** Note:   x1=00FF00FF x2=0F0F0F0F x3=00000011 x4=00000001 x5=00000002 x6=000F000F x7=00F000F0 x11=FF00FF00 x12=00F000F0 x14=000F000F 
# ** Note: ** Addr=00000398, Word=230, Instuction=00FF00B7, Mnemonic=lui x1, 00FF0000
# ** Note:   x1=00FF0000 x2=0F0F0F0F x3=00000011 x4=00000001 x5=00000002 x6=000F000F x7=00F000F0 x11=FF00FF00 x12=00F000F0 x14=000F000F 
# ** Note: ** Addr=0000039C, Word=231, Instuction=0FF08093, Mnemonic=addi x1, x1, 000000FF
# ** Note:   x1=00FF00FF x2=0F0F0F0F x3=00000011 x4=00000001 x5=00000002 x6=000F000F x7=00F000F0 x11=FF00FF00 x12=00F000F0 x14=000F000F 
# ** Note: ** Addr=000003A0, Word=232, Instuction=00000013, Mnemonic=addi x0, x0, 00000000
# ** Note:   x1=00FF00FF x2=0F0F0F0F x3=00000011 x4=00000001 x5=00000002 x6=000F000F x7=00F000F0 x11=FF00FF00 x12=00F000F0 x14=000F000F 
# ** Note: ** Addr=000003A4, Word=233, Instuction=00000013, Mnemonic=addi x0, x0, 00000000
# ** Note:   x1=00FF00FF x2=0F0F0F0F x3=00000011 x4=00000001 x5=00000002 x6=000F000F x7=00F000F0 x11=FF00FF00 x12=00F000F0 x14=000F000F 
# ** Note: ** Addr=000003A8, Word=234, Instuction=0F0F1137, Mnemonic=lui x2, 0F0F1000
# ** Note:   x1=00FF00FF x2=0F0F1000 x3=00000011 x4=00000001 x5=00000002 x6=000F000F x7=00F000F0 x11=FF00FF00 x12=00F000F0 x14=000F000F 
# ** Note: ** Addr=000003AC, Word=235, Instuction=F0F10113, Mnemonic=addi x2, x2, FFFFFF0F
# ** Note:   x1=00FF00FF x2=0F0F0F0F x3=00000011 x4=00000001 x5=00000002 x6=000F000F x7=00F000F0 x11=FF00FF00 x12=00F000F0 x14=000F000F 
# ** Note: ** Addr=000003B0, Word=236, Instuction=0020F733, Mnemonic=and x14, x1, x2
# ** Note:   x1=00FF00FF x2=0F0F0F0F x3=00000011 x4=00000001 x5=00000002 x6=000F000F x7=00F000F0 x11=FF00FF00 x12=00F000F0 x14=000F000F 
# ** Note: ** Addr=000003B4, Word=237, Instuction=00120213, Mnemonic=addi x4, x4, 00000001
# ** Note:   x1=00FF00FF x2=0F0F0F0F x3=00000011 x4=00000002 x5=00000002 x6=000F000F x7=00F000F0 x11=FF00FF00 x12=00F000F0 x14=000F000F 
# ** Note: ** Addr=000003B8, Word=238, Instuction=00200293, Mnemonic=addi x5, x0, 00000002
# ** Note:   x1=00FF00FF x2=0F0F0F0F x3=00000011 x4=00000002 x5=00000002 x6=000F000F x7=00F000F0 x11=FF00FF00 x12=00F000F0 x14=000F000F 
# ** Note: ** Addr=000003BC, Word=239, Instuction=FC521EE3, Mnemonic=bne x4, x5, FFFFFFDC
# ** Note:   x1=00FF00FF x2=0F0F0F0F x3=00000011 x4=00000002 x5=00000002 x6=000F000F x7=00F000F0 x11=FF00FF00 x12=00F000F0 x14=000F000F 
# ** Note: ** Addr=000003C0, Word=240, Instuction=000F03B7, Mnemonic=lui x7, 000F0000
# ** Note:   x1=00FF00FF x2=0F0F0F0F x3=00000011 x4=00000002 x5=00000002 x6=000F000F x7=000F0000 x11=FF00FF00 x12=00F000F0 x14=000F000F 
# ** Note: ** Addr=000003C4, Word=241, Instuction=00F38393, Mnemonic=addi x7, x7, 0000000F
# ** Note:   x1=00FF00FF x2=0F0F0F0F x3=00000011 x4=00000002 x5=00000002 x6=000F000F x7=000F000F x11=FF00FF00 x12=00F000F0 x14=000F000F 
# ** Note: ** Addr=000003C8, Word=242, Instuction=1C771063, Mnemonic=bne x14, x7, 000001C0
# ** Note:   x1=00FF00FF x2=0F0F0F0F x3=00000011 x4=00000002 x5=00000002 x6=000F000F x7=000F000F x11=FF00FF00 x12=00F000F0 x14=000F000F 
# ** Note: ** Addr=000003CC, Word=243, Instuction=01200193, Mnemonic=addi x3, x0, 00000012
# ** Note:   x1=00FF00FF x2=0F0F0F0F x3=00000012 x4=00000002 x5=00000002 x6=000F000F x7=000F000F x11=FF00FF00 x12=00F000F0 x14=000F000F 
# ** Note: ** Addr=000003D0, Word=244, Instuction=00000213, Mnemonic=addi x4, x0, 00000000
# ** Note:   x1=00FF00FF x2=0F0F0F0F x3=00000012 x5=00000002 x6=000F000F x7=000F000F x11=FF00FF00 x12=00F000F0 x14=000F000F 
# ** Note: ** Addr=000003D4, Word=245, Instuction=0F0F1137, Mnemonic=lui x2, 0F0F1000
# ** Note:   x1=00FF00FF x2=0F0F1000 x3=00000012 x5=00000002 x6=000F000F x7=000F000F x11=FF00FF00 x12=00F000F0 x14=000F000F 
# ** Note: ** Addr=000003D8, Word=246, Instuction=F0F10113, Mnemonic=addi x2, x2, FFFFFF0F
# ** Note:   x1=00FF00FF x2=0F0F0F0F x3=00000012 x5=00000002 x6=000F000F x7=000F000F x11=FF00FF00 x12=00F000F0 x14=000F000F 
# ** Warning: (vsim-151) NUMERIC_STD.TO_INTEGER: Value -16711936 is not in bounds of subtype NATURAL.
# ** Warning: (vsim-151) NUMERIC_STD.TO_INTEGER: Value -16711936 is not in bounds of subtype NATURAL.
# ** Note: ** Addr=000003DC, Word=247, Instuction=FF0100B7, Mnemonic=lui x1, FF010000
# ** Note:   x1=FF010000 x2=0F0F0F0F x3=00000012 x5=00000002 x6=000F000F x7=000F000F x11=FF00FF00 x12=00F000F0 x14=000F000F 
# ** Warning: (vsim-151) NUMERIC_STD.TO_INTEGER: Value -16712192 is not in bounds of subtype NATURAL.
# ** Warning: (vsim-151) NUMERIC_STD.TO_INTEGER: Value -16712192 is not in bounds of subtype NATURAL.
# ** Note: ** Addr=000003E0, Word=248, Instuction=F0008093, Mnemonic=addi x1, x1, FFFFFF00
# ** Note:   x1=FF00FF00 x2=0F0F0F0F x3=00000012 x5=00000002 x6=000F000F x7=000F000F x11=FF00FF00 x12=00F000F0 x14=000F000F 
# ** Note: ** Addr=000003E4, Word=249, Instuction=0020F733, Mnemonic=and x14, x1, x2
# ** Note:   x1=FF00FF00 x2=0F0F0F0F x3=00000012 x5=00000002 x6=000F000F x7=000F000F x11=FF00FF00 x12=00F000F0 x14=0F000F00 
# ** Note: ** Addr=000003E8, Word=250, Instuction=00120213, Mnemonic=addi x4, x4, 00000001
# ** Note:   x1=FF00FF00 x2=0F0F0F0F x3=00000012 x4=00000001 x5=00000002 x6=000F000F x7=000F000F x11=FF00FF00 x12=00F000F0 x14=0F000F00 
# ** Warning: (vsim-151) NUMERIC_STD.TO_INTEGER: Value -2 is not in bounds of subtype NATURAL.
# ** Warning: (vsim-151) NUMERIC_STD.TO_INTEGER: Value -2 is not in bounds of subtype NATURAL.
# ** Note: ** Addr=000003EC, Word=251, Instuction=00200293, Mnemonic=addi x5, x0, 00000002
# ** Note:   x1=FF00FF00 x2=0F0F0F0F x3=00000012 x4=00000001 x5=00000002 x6=000F000F x7=000F000F x11=FF00FF00 x12=00F000F0 x14=0F000F00 
# ** Note: ** Addr=000003F0, Word=252, Instuction=FE5212E3, Mnemonic=bne x4, x5, FFFFFFE4
# ** Note:   x1=FF00FF00 x2=0F0F0F0F x3=00000012 x4=00000001 x5=00000002 x6=000F000F x7=000F000F x11=FF00FF00 x12=00F000F0 x14=0F000F00 
# ** Note: ** Addr=000003D4, Word=245, Instuction=0F0F1137, Mnemonic=lui x2, 0F0F1000
# ** Note:   x1=FF00FF00 x2=0F0F1000 x3=00000012 x4=00000001 x5=00000002 x6=000F000F x7=000F000F x11=FF00FF00 x12=00F000F0 x14=0F000F00 
# ** Note: ** Addr=000003D8, Word=246, Instuction=F0F10113, Mnemonic=addi x2, x2, FFFFFF0F
# ** Note:   x1=FF00FF00 x2=0F0F0F0F x3=00000012 x4=00000001 x5=00000002 x6=000F000F x7=000F000F x11=FF00FF00 x12=00F000F0 x14=0F000F00 
# ** Warning: (vsim-151) NUMERIC_STD.TO_INTEGER: Value -16711936 is not in bounds of subtype NATURAL.
# ** Warning: (vsim-151) NUMERIC_STD.TO_INTEGER: Value -16711936 is not in bounds of subtype NATURAL.
# ** Note: ** Addr=000003DC, Word=247, Instuction=FF0100B7, Mnemonic=lui x1, FF010000
# ** Note:   x1=FF010000 x2=0F0F0F0F x3=00000012 x4=00000001 x5=00000002 x6=000F000F x7=000F000F x11=FF00FF00 x12=00F000F0 x14=0F000F00 
# ** Warning: (vsim-151) NUMERIC_STD.TO_INTEGER: Value -16712192 is not in bounds of subtype NATURAL.
# ** Warning: (vsim-151) NUMERIC_STD.TO_INTEGER: Value -16712192 is not in bounds of subtype NATURAL.
# ** Note: ** Addr=000003E0, Word=248, Instuction=F0008093, Mnemonic=addi x1, x1, FFFFFF00
# ** Note:   x1=FF00FF00 x2=0F0F0F0F x3=00000012 x4=00000001 x5=00000002 x6=000F000F x7=000F000F x11=FF00FF00 x12=00F000F0 x14=0F000F00 
# ** Note: ** Addr=000003E4, Word=249, Instuction=0020F733, Mnemonic=and x14, x1, x2
# ** Note:   x1=FF00FF00 x2=0F0F0F0F x3=00000012 x4=00000001 x5=00000002 x6=000F000F x7=000F000F x11=FF00FF00 x12=00F000F0 x14=0F000F00 
# ** Note: ** Addr=000003E8, Word=250, Instuction=00120213, Mnemonic=addi x4, x4, 00000001
# ** Note:   x1=FF00FF00 x2=0F0F0F0F x3=00000012 x4=00000002 x5=00000002 x6=000F000F x7=000F000F x11=FF00FF00 x12=00F000F0 x14=0F000F00 
# ** Note: ** Addr=000003EC, Word=251, Instuction=00200293, Mnemonic=addi x5, x0, 00000002
# ** Note:   x1=FF00FF00 x2=0F0F0F0F x3=00000012 x4=00000002 x5=00000002 x6=000F000F x7=000F000F x11=FF00FF00 x12=00F000F0 x14=0F000F00 
# ** Note: ** Addr=000003F0, Word=252, Instuction=FE5212E3, Mnemonic=bne x4, x5, FFFFFFE4
# ** Note:   x1=FF00FF00 x2=0F0F0F0F x3=00000012 x4=00000002 x5=00000002 x6=000F000F x7=000F000F x11=FF00FF00 x12=00F000F0 x14=0F000F00 
# ** Note: ** Addr=000003F4, Word=253, Instuction=0F0013B7, Mnemonic=lui x7, 0F001000
# ** Note:   x1=FF00FF00 x2=0F0F0F0F x3=00000012 x4=00000002 x5=00000002 x6=000F000F x7=0F001000 x11=FF00FF00 x12=00F000F0 x14=0F000F00 
# ** Note: ** Addr=000003F8, Word=254, Instuction=F0038393, Mnemonic=addi x7, x7, FFFFFF00
# ** Note:   x1=FF00FF00 x2=0F0F0F0F x3=00000012 x4=00000002 x5=00000002 x6=000F000F x7=0F000F00 x11=FF00FF00 x12=00F000F0 x14=0F000F00 
# ** Note: ** Addr=000003FC, Word=255, Instuction=18771663, Mnemonic=bne x14, x7, 0000018C
# ** Note:   x1=FF00FF00 x2=0F0F0F0F x3=00000012 x4=00000002 x5=00000002 x6=000F000F x7=0F000F00 x11=FF00FF00 x12=00F000F0 x14=0F000F00 
# ** Note: ** Addr=00000400, Word=256, Instuction=01300193, Mnemonic=addi x3, x0, 00000013
# ** Note:   x1=FF00FF00 x2=0F0F0F0F x3=00000013 x4=00000002 x5=00000002 x6=000F000F x7=0F000F00 x11=FF00FF00 x12=00F000F0 x14=0F000F00 
# ** Warning: (vsim-151) NUMERIC_STD.TO_INTEGER: Value -242 is not in bounds of subtype NATURAL.
# ** Warning: (vsim-151) NUMERIC_STD.TO_INTEGER: Value -242 is not in bounds of subtype NATURAL.
# ** Warning: (vsim-151) NUMERIC_STD.TO_INTEGER: Value -16711936 is not in bounds of subtype NATURAL.
# ** Warning: (vsim-151) NUMERIC_STD.TO_INTEGER: Value -16711936 is not in bounds of subtype NATURAL.
# ** Note: ** Addr=00000404, Word=257, Instuction=00000213, Mnemonic=addi x4, x0, 00000000
# ** Note:   x1=FF00FF00 x2=0F0F0F0F x3=00000013 x5=00000002 x6=000F000F x7=0F000F00 x11=FF00FF00 x12=00F000F0 x14=0F000F00 
# ** Warning: (vsim-151) NUMERIC_STD.TO_INTEGER: Value -252645136 is not in bounds of subtype NATURAL.
# ** Warning: (vsim-151) NUMERIC_STD.TO_INTEGER: Value -252645136 is not in bounds of subtype NATURAL.
# ** Note: ** Addr=00000408, Word=258, Instuction=F0F0F137, Mnemonic=lui x2, F0F0F000
# ** Note:   x1=FF00FF00 x2=F0F0F000 x3=00000013 x5=00000002 x6=000F000F x7=0F000F00 x11=FF00FF00 x12=00F000F0 x14=0F000F00 
# ** Warning: (vsim-151) NUMERIC_STD.TO_INTEGER: Value -252644896 is not in bounds of subtype NATURAL.
# ** Warning: (vsim-151) NUMERIC_STD.TO_INTEGER: Value -252644896 is not in bounds of subtype NATURAL.
# ** Warning: (vsim-151) NUMERIC_STD.TO_INTEGER: Value -252644882 is not in bounds of subtype NATURAL.
# ** Warning: (vsim-151) NUMERIC_STD.TO_INTEGER: Value -252644882 is not in bounds of subtype NATURAL.
# ** Note: ** Addr=0000040C, Word=259, Instuction=0F010113, Mnemonic=addi x2, x2, 000000F0
# ** Note:   x1=FF00FF00 x2=F0F0F0F0 x3=00000013 x5=00000002 x6=000F000F x7=0F000F00 x11=FF00FF00 x12=00F000F0 x14=0F000F00 
# ** Note: ** Addr=00000410, Word=260, Instuction=0FF010B7, Mnemonic=lui x1, 0FF01000
# ** Note:   x1=0FF01000 x2=F0F0F0F0 x3=00000013 x5=00000002 x6=000F000F x7=0F000F00 x11=FF00FF00 x12=00F000F0 x14=0F000F00 
# ** Note: ** Addr=00000414, Word=261, Instuction=FF008093, Mnemonic=addi x1, x1, FFFFFFF0
# ** Note:   x1=0FF00FF0 x2=F0F0F0F0 x3=00000013 x5=00000002 x6=000F000F x7=0F000F00 x11=FF00FF00 x12=00F000F0 x14=0F000F00 
# ** Note: ** Addr=00000418, Word=262, Instuction=00000013, Mnemonic=addi x0, x0, 00000000
# ** Note:   x1=0FF00FF0 x2=F0F0F0F0 x3=00000013 x5=00000002 x6=000F000F x7=0F000F00 x11=FF00FF00 x12=00F000F0 x14=0F000F00 
# ** Note: ** Addr=0000041C, Word=263, Instuction=0020F733, Mnemonic=and x14, x1, x2
# ** Note:   x1=0FF00FF0 x2=F0F0F0F0 x3=00000013 x5=00000002 x6=000F000F x7=0F000F00 x11=FF00FF00 x12=00F000F0 x14=00F000F0 
# ** Note: ** Addr=00000420, Word=264, Instuction=00120213, Mnemonic=addi x4, x4, 00000001
# ** Note:   x1=0FF00FF0 x2=F0F0F0F0 x3=00000013 x4=00000001 x5=00000002 x6=000F000F x7=0F000F00 x11=FF00FF00 x12=00F000F0 x14=00F000F0 
# ** Warning: (vsim-151) NUMERIC_STD.TO_INTEGER: Value -2 is not in bounds of subtype NATURAL.
# ** Warning: (vsim-151) NUMERIC_STD.TO_INTEGER: Value -2 is not in bounds of subtype NATURAL.
# ** Note: ** Addr=00000424, Word=265, Instuction=00200293, Mnemonic=addi x5, x0, 00000002
# ** Note:   x1=0FF00FF0 x2=F0F0F0F0 x3=00000013 x4=00000001 x5=00000002 x6=000F000F x7=0F000F00 x11=FF00FF00 x12=00F000F0 x14=00F000F0 
# ** Note: ** Addr=00000428, Word=266, Instuction=FE5210E3, Mnemonic=bne x4, x5, FFFFFFE0
# ** Note:   x1=0FF00FF0 x2=F0F0F0F0 x3=00000013 x4=00000001 x5=00000002 x6=000F000F x7=0F000F00 x11=FF00FF00 x12=00F000F0 x14=00F000F0 
# ** Warning: (vsim-151) NUMERIC_STD.TO_INTEGER: Value -252645136 is not in bounds of subtype NATURAL.
# ** Warning: (vsim-151) NUMERIC_STD.TO_INTEGER: Value -252645136 is not in bounds of subtype NATURAL.
# ** Note: ** Addr=00000408, Word=258, Instuction=F0F0F137, Mnemonic=lui x2, F0F0F000
# ** Note:   x1=0FF00FF0 x2=F0F0F000 x3=00000013 x4=00000001 x5=00000002 x6=000F000F x7=0F000F00 x11=FF00FF00 x12=00F000F0 x14=00F000F0 
# ** Warning: (vsim-151) NUMERIC_STD.TO_INTEGER: Value -252644896 is not in bounds of subtype NATURAL.
# ** Warning: (vsim-151) NUMERIC_STD.TO_INTEGER: Value -252644896 is not in bounds of subtype NATURAL.
# ** Warning: (vsim-151) NUMERIC_STD.TO_INTEGER: Value -252644882 is not in bounds of subtype NATURAL.
# ** Warning: (vsim-151) NUMERIC_STD.TO_INTEGER: Value -252644882 is not in bounds of subtype NATURAL.
# ** Note: ** Addr=0000040C, Word=259, Instuction=0F010113, Mnemonic=addi x2, x2, 000000F0
# ** Note:   x1=0FF00FF0 x2=F0F0F0F0 x3=00000013 x4=00000001 x5=00000002 x6=000F000F x7=0F000F00 x11=FF00FF00 x12=00F000F0 x14=00F000F0 
# ** Note: ** Addr=00000410, Word=260, Instuction=0FF010B7, Mnemonic=lui x1, 0FF01000
# ** Note:   x1=0FF01000 x2=F0F0F0F0 x3=00000013 x4=00000001 x5=00000002 x6=000F000F x7=0F000F00 x11=FF00FF00 x12=00F000F0 x14=00F000F0 
# ** Note: ** Addr=00000414, Word=261, Instuction=FF008093, Mnemonic=addi x1, x1, FFFFFFF0
# ** Note:   x1=0FF00FF0 x2=F0F0F0F0 x3=00000013 x4=00000001 x5=00000002 x6=000F000F x7=0F000F00 x11=FF00FF00 x12=00F000F0 x14=00F000F0 
# ** Note: ** Addr=00000418, Word=262, Instuction=00000013, Mnemonic=addi x0, x0, 00000000
# ** Note:   x1=0FF00FF0 x2=F0F0F0F0 x3=00000013 x4=00000001 x5=00000002 x6=000F000F x7=0F000F00 x11=FF00FF00 x12=00F000F0 x14=00F000F0 
# ** Note: ** Addr=0000041C, Word=263, Instuction=0020F733, Mnemonic=and x14, x1, x2
# ** Note:   x1=0FF00FF0 x2=F0F0F0F0 x3=00000013 x4=00000001 x5=00000002 x6=000F000F x7=0F000F00 x11=FF00FF00 x12=00F000F0 x14=00F000F0 
# ** Note: ** Addr=00000420, Word=264, Instuction=00120213, Mnemonic=addi x4, x4, 00000001
# ** Note:   x1=0FF00FF0 x2=F0F0F0F0 x3=00000013 x4=00000002 x5=00000002 x6=000F000F x7=0F000F00 x11=FF00FF00 x12=00F000F0 x14=00F000F0 
# ** Note: ** Addr=00000424, Word=265, Instuction=00200293, Mnemonic=addi x5, x0, 00000002
# ** Note:   x1=0FF00FF0 x2=F0F0F0F0 x3=00000013 x4=00000002 x5=00000002 x6=000F000F x7=0F000F00 x11=FF00FF00 x12=00F000F0 x14=00F000F0 
# ** Note: ** Addr=00000428, Word=266, Instuction=FE5210E3, Mnemonic=bne x4, x5, FFFFFFE0
# ** Note:   x1=0FF00FF0 x2=F0F0F0F0 x3=00000013 x4=00000002 x5=00000002 x6=000F000F x7=0F000F00 x11=FF00FF00 x12=00F000F0 x14=00F000F0 
# ** Note: ** Addr=0000042C, Word=267, Instuction=00F003B7, Mnemonic=lui x7, 00F00000
# ** Note:   x1=0FF00FF0 x2=F0F0F0F0 x3=00000013 x4=00000002 x5=00000002 x6=000F000F x7=00F00000 x11=FF00FF00 x12=00F000F0 x14=00F000F0 
# ** Note: ** Addr=00000430, Word=268, Instuction=0F038393, Mnemonic=addi x7, x7, 000000F0
# ** Note:   x1=0FF00FF0 x2=F0F0F0F0 x3=00000013 x4=00000002 x5=00000002 x6=000F000F x7=00F000F0 x11=FF00FF00 x12=00F000F0 x14=00F000F0 
# ** Note: ** Addr=00000434, Word=269, Instuction=14771A63, Mnemonic=bne x14, x7, 00000154
# ** Note:   x1=0FF00FF0 x2=F0F0F0F0 x3=00000013 x4=00000002 x5=00000002 x6=000F000F x7=00F000F0 x11=FF00FF00 x12=00F000F0 x14=00F000F0 
# ** Note: ** Addr=00000438, Word=270, Instuction=01400193, Mnemonic=addi x3, x0, 00000014
# ** Note:   x1=0FF00FF0 x2=F0F0F0F0 x3=00000014 x4=00000002 x5=00000002 x6=000F000F x7=00F000F0 x11=FF00FF00 x12=00F000F0 x14=00F000F0 
# ** Note: ** Addr=0000043C, Word=271, Instuction=00000213, Mnemonic=addi x4, x0, 00000000
# ** Note:   x1=0FF00FF0 x2=F0F0F0F0 x3=00000014 x5=00000002 x6=000F000F x7=00F000F0 x11=FF00FF00 x12=00F000F0 x14=00F000F0 
# ** Note: ** Addr=00000440, Word=272, Instuction=0F0F1137, Mnemonic=lui x2, 0F0F1000
# ** Note:   x1=0FF00FF0 x2=0F0F1000 x3=00000014 x5=00000002 x6=000F000F x7=00F000F0 x11=FF00FF00 x12=00F000F0 x14=00F000F0 
# ** Note: ** Addr=00000444, Word=273, Instuction=F0F10113, Mnemonic=addi x2, x2, FFFFFF0F
# ** Note:   x1=0FF00FF0 x2=0F0F0F0F x3=00000014 x5=00000002 x6=000F000F x7=00F000F0 x11=FF00FF00 x12=00F000F0 x14=00F000F0 
# ** Note: ** Addr=00000448, Word=274, Instuction=00FF00B7, Mnemonic=lui x1, 00FF0000
# ** Note:   x1=00FF0000 x2=0F0F0F0F x3=00000014 x5=00000002 x6=000F000F x7=00F000F0 x11=FF00FF00 x12=00F000F0 x14=00F000F0 
# ** Note: ** Addr=0000044C, Word=275, Instuction=0FF08093, Mnemonic=addi x1, x1, 000000FF
# ** Note:   x1=00FF00FF x2=0F0F0F0F x3=00000014 x5=00000002 x6=000F000F x7=00F000F0 x11=FF00FF00 x12=00F000F0 x14=00F000F0 
# ** Note: ** Addr=00000450, Word=276, Instuction=00000013, Mnemonic=addi x0, x0, 00000000
# ** Note:   x1=00FF00FF x2=0F0F0F0F x3=00000014 x5=00000002 x6=000F000F x7=00F000F0 x11=FF00FF00 x12=00F000F0 x14=00F000F0 
# ** Note: ** Addr=00000454, Word=277, Instuction=00000013, Mnemonic=addi x0, x0, 00000000
# ** Note:   x1=00FF00FF x2=0F0F0F0F x3=00000014 x5=00000002 x6=000F000F x7=00F000F0 x11=FF00FF00 x12=00F000F0 x14=00F000F0 
# ** Note: ** Addr=00000458, Word=278, Instuction=0020F733, Mnemonic=and x14, x1, x2
# ** Note:   x1=00FF00FF x2=0F0F0F0F x3=00000014 x5=00000002 x6=000F000F x7=00F000F0 x11=FF00FF00 x12=00F000F0 x14=000F000F 
# ** Note: ** Addr=0000045C, Word=279, Instuction=00120213, Mnemonic=addi x4, x4, 00000001
# ** Note:   x1=00FF00FF x2=0F0F0F0F x3=00000014 x4=00000001 x5=00000002 x6=000F000F x7=00F000F0 x11=FF00FF00 x12=00F000F0 x14=000F000F 
# ** Warning: (vsim-151) NUMERIC_STD.TO_INTEGER: Value -2 is not in bounds of subtype NATURAL.
# ** Warning: (vsim-151) NUMERIC_STD.TO_INTEGER: Value -2 is not in bounds of subtype NATURAL.
# ** Note: ** Addr=00000460, Word=280, Instuction=00200293, Mnemonic=addi x5, x0, 00000002
# ** Note:   x1=00FF00FF x2=0F0F0F0F x3=00000014 x4=00000001 x5=00000002 x6=000F000F x7=00F000F0 x11=FF00FF00 x12=00F000F0 x14=000F000F 
# ** Note: ** Addr=00000464, Word=281, Instuction=FC521EE3, Mnemonic=bne x4, x5, FFFFFFDC
# ** Note:   x1=00FF00FF x2=0F0F0F0F x3=00000014 x4=00000001 x5=00000002 x6=000F000F x7=00F000F0 x11=FF00FF00 x12=00F000F0 x14=000F000F 
# ** Note: ** Addr=00000440, Word=272, Instuction=0F0F1137, Mnemonic=lui x2, 0F0F1000
# ** Note:   x1=00FF00FF x2=0F0F1000 x3=00000014 x4=00000001 x5=00000002 x6=000F000F x7=00F000F0 x11=FF00FF00 x12=00F000F0 x14=000F000F 
# ** Note: ** Addr=00000444, Word=273, Instuction=F0F10113, Mnemonic=addi x2, x2, FFFFFF0F
# ** Note:   x1=00FF00FF x2=0F0F0F0F x3=00000014 x4=00000001 x5=00000002 x6=000F000F x7=00F000F0 x11=FF00FF00 x12=00F000F0 x14=000F000F 
# ** Note: ** Addr=00000448, Word=274, Instuction=00FF00B7, Mnemonic=lui x1, 00FF0000
# ** Note:   x1=00FF0000 x2=0F0F0F0F x3=00000014 x4=00000001 x5=00000002 x6=000F000F x7=00F000F0 x11=FF00FF00 x12=00F000F0 x14=000F000F 
# ** Note: ** Addr=0000044C, Word=275, Instuction=0FF08093, Mnemonic=addi x1, x1, 000000FF
# ** Note:   x1=00FF00FF x2=0F0F0F0F x3=00000014 x4=00000001 x5=00000002 x6=000F000F x7=00F000F0 x11=FF00FF00 x12=00F000F0 x14=000F000F 
# ** Note: ** Addr=00000450, Word=276, Instuction=00000013, Mnemonic=addi x0, x0, 00000000
# ** Note:   x1=00FF00FF x2=0F0F0F0F x3=00000014 x4=00000001 x5=00000002 x6=000F000F x7=00F000F0 x11=FF00FF00 x12=00F000F0 x14=000F000F 
# ** Note: ** Addr=00000454, Word=277, Instuction=00000013, Mnemonic=addi x0, x0, 00000000
# ** Note:   x1=00FF00FF x2=0F0F0F0F x3=00000014 x4=00000001 x5=00000002 x6=000F000F x7=00F000F0 x11=FF00FF00 x12=00F000F0 x14=000F000F 
# ** Note: ** Addr=00000458, Word=278, Instuction=0020F733, Mnemonic=and x14, x1, x2
# ** Note:   x1=00FF00FF x2=0F0F0F0F x3=00000014 x4=00000001 x5=00000002 x6=000F000F x7=00F000F0 x11=FF00FF00 x12=00F000F0 x14=000F000F 
# ** Note: ** Addr=0000045C, Word=279, Instuction=00120213, Mnemonic=addi x4, x4, 00000001
# ** Note:   x1=00FF00FF x2=0F0F0F0F x3=00000014 x4=00000002 x5=00000002 x6=000F000F x7=00F000F0 x11=FF00FF00 x12=00F000F0 x14=000F000F 
# ** Note: ** Addr=00000460, Word=280, Instuction=00200293, Mnemonic=addi x5, x0, 00000002
# ** Note:   x1=00FF00FF x2=0F0F0F0F x3=00000014 x4=00000002 x5=00000002 x6=000F000F x7=00F000F0 x11=FF00FF00 x12=00F000F0 x14=000F000F 
# ** Note: ** Addr=00000464, Word=281, Instuction=FC521EE3, Mnemonic=bne x4, x5, FFFFFFDC
# ** Note:   x1=00FF00FF x2=0F0F0F0F x3=00000014 x4=00000002 x5=00000002 x6=000F000F x7=00F000F0 x11=FF00FF00 x12=00F000F0 x14=000F000F 
# ** Note: ** Addr=00000468, Word=282, Instuction=000F03B7, Mnemonic=lui x7, 000F0000
# ** Note:   x1=00FF00FF x2=0F0F0F0F x3=00000014 x4=00000002 x5=00000002 x6=000F000F x7=000F0000 x11=FF00FF00 x12=00F000F0 x14=000F000F 
# ** Note: ** Addr=0000046C, Word=283, Instuction=00F38393, Mnemonic=addi x7, x7, 0000000F
# ** Note:   x1=00FF00FF x2=0F0F0F0F x3=00000014 x4=00000002 x5=00000002 x6=000F000F x7=000F000F x11=FF00FF00 x12=00F000F0 x14=000F000F 
# ** Note: ** Addr=00000470, Word=284, Instuction=10771C63, Mnemonic=bne x14, x7, 00000118
# ** Note:   x1=00FF00FF x2=0F0F0F0F x3=00000014 x4=00000002 x5=00000002 x6=000F000F x7=000F000F x11=FF00FF00 x12=00F000F0 x14=000F000F 
# ** Note: ** Addr=00000474, Word=285, Instuction=01500193, Mnemonic=addi x3, x0, 00000015
# ** Note:   x1=00FF00FF x2=0F0F0F0F x3=00000015 x4=00000002 x5=00000002 x6=000F000F x7=000F000F x11=FF00FF00 x12=00F000F0 x14=000F000F 
# ** Note: ** Addr=00000478, Word=286, Instuction=00000213, Mnemonic=addi x4, x0, 00000000
# ** Note:   x1=00FF00FF x2=0F0F0F0F x3=00000015 x5=00000002 x6=000F000F x7=000F000F x11=FF00FF00 x12=00F000F0 x14=000F000F 
# ** Note: ** Addr=0000047C, Word=287, Instuction=0F0F1137, Mnemonic=lui x2, 0F0F1000
# ** Note:   x1=00FF00FF x2=0F0F1000 x3=00000015 x5=00000002 x6=000F000F x7=000F000F x11=FF00FF00 x12=00F000F0 x14=000F000F 
# ** Note: ** Addr=00000480, Word=288, Instuction=F0F10113, Mnemonic=addi x2, x2, FFFFFF0F
# ** Note:   x1=00FF00FF x2=0F0F0F0F x3=00000015 x5=00000002 x6=000F000F x7=000F000F x11=FF00FF00 x12=00F000F0 x14=000F000F 
# ** Warning: (vsim-151) NUMERIC_STD.TO_INTEGER: Value -16 is not in bounds of subtype NATURAL.
# ** Warning: (vsim-151) NUMERIC_STD.TO_INTEGER: Value -16 is not in bounds of subtype NATURAL.
# ** Note: ** Addr=00000484, Word=289, Instuction=00000013, Mnemonic=addi x0, x0, 00000000
# ** Note:   x1=00FF00FF x2=0F0F0F0F x3=00000015 x5=00000002 x6=000F000F x7=000F000F x11=FF00FF00 x12=00F000F0 x14=000F000F 
# ** Warning: (vsim-151) NUMERIC_STD.TO_INTEGER: Value -16711936 is not in bounds of subtype NATURAL.
# ** Warning: (vsim-151) NUMERIC_STD.TO_INTEGER: Value -16711936 is not in bounds of subtype NATURAL.
# ** Note: ** Addr=00000488, Word=290, Instuction=FF0100B7, Mnemonic=lui x1, FF010000
# ** Note:   x1=FF010000 x2=0F0F0F0F x3=00000015 x5=00000002 x6=000F000F x7=000F000F x11=FF00FF00 x12=00F000F0 x14=000F000F 
# ** Warning: (vsim-151) NUMERIC_STD.TO_INTEGER: Value -16712192 is not in bounds of subtype NATURAL.
# ** Warning: (vsim-151) NUMERIC_STD.TO_INTEGER: Value -16712192 is not in bounds of subtype NATURAL.
# ** Note: ** Addr=0000048C, Word=291, Instuction=F0008093, Mnemonic=addi x1, x1, FFFFFF00
# ** Note:   x1=FF00FF00 x2=0F0F0F0F x3=00000015 x5=00000002 x6=000F000F x7=000F000F x11=FF00FF00 x12=00F000F0 x14=000F000F 
# ** Note: ** Addr=00000490, Word=292, Instuction=0020F733, Mnemonic=and x14, x1, x2
# ** Note:   x1=FF00FF00 x2=0F0F0F0F x3=00000015 x5=00000002 x6=000F000F x7=000F000F x11=FF00FF00 x12=00F000F0 x14=0F000F00 
# ** Note: ** Addr=00000494, Word=293, Instuction=00120213, Mnemonic=addi x4, x4, 00000001
# ** Note:   x1=FF00FF00 x2=0F0F0F0F x3=00000015 x4=00000001 x5=00000002 x6=000F000F x7=000F000F x11=FF00FF00 x12=00F000F0 x14=0F000F00 
# ** Warning: (vsim-151) NUMERIC_STD.TO_INTEGER: Value -2 is not in bounds of subtype NATURAL.
# ** Warning: (vsim-151) NUMERIC_STD.TO_INTEGER: Value -2 is not in bounds of subtype NATURAL.
# ** Note: ** Addr=00000498, Word=294, Instuction=00200293, Mnemonic=addi x5, x0, 00000002
# ** Note:   x1=FF00FF00 x2=0F0F0F0F x3=00000015 x4=00000001 x5=00000002 x6=000F000F x7=000F000F x11=FF00FF00 x12=00F000F0 x14=0F000F00 
# ** Note: ** Addr=0000049C, Word=295, Instuction=FE5210E3, Mnemonic=bne x4, x5, FFFFFFE0
# ** Note:   x1=FF00FF00 x2=0F0F0F0F x3=00000015 x4=00000001 x5=00000002 x6=000F000F x7=000F000F x11=FF00FF00 x12=00F000F0 x14=0F000F00 
# ** Note: ** Addr=0000047C, Word=287, Instuction=0F0F1137, Mnemonic=lui x2, 0F0F1000
# ** Note:   x1=FF00FF00 x2=0F0F1000 x3=00000015 x4=00000001 x5=00000002 x6=000F000F x7=000F000F x11=FF00FF00 x12=00F000F0 x14=0F000F00 
# ** Note: ** Addr=00000480, Word=288, Instuction=F0F10113, Mnemonic=addi x2, x2, FFFFFF0F
# ** Note:   x1=FF00FF00 x2=0F0F0F0F x3=00000015 x4=00000001 x5=00000002 x6=000F000F x7=000F000F x11=FF00FF00 x12=00F000F0 x14=0F000F00 
# ** Warning: (vsim-151) NUMERIC_STD.TO_INTEGER: Value -16 is not in bounds of subtype NATURAL.
# ** Warning: (vsim-151) NUMERIC_STD.TO_INTEGER: Value -16 is not in bounds of subtype NATURAL.
# ** Note: ** Addr=00000484, Word=289, Instuction=00000013, Mnemonic=addi x0, x0, 00000000
# ** Note:   x1=FF00FF00 x2=0F0F0F0F x3=00000015 x4=00000001 x5=00000002 x6=000F000F x7=000F000F x11=FF00FF00 x12=00F000F0 x14=0F000F00 
# ** Warning: (vsim-151) NUMERIC_STD.TO_INTEGER: Value -16711936 is not in bounds of subtype NATURAL.
# ** Warning: (vsim-151) NUMERIC_STD.TO_INTEGER: Value -16711936 is not in bounds of subtype NATURAL.
# ** Note: ** Addr=00000488, Word=290, Instuction=FF0100B7, Mnemonic=lui x1, FF010000
# ** Note:   x1=FF010000 x2=0F0F0F0F x3=00000015 x4=00000001 x5=00000002 x6=000F000F x7=000F000F x11=FF00FF00 x12=00F000F0 x14=0F000F00 
# ** Warning: (vsim-151) NUMERIC_STD.TO_INTEGER: Value -16712192 is not in bounds of subtype NATURAL.
# ** Warning: (vsim-151) NUMERIC_STD.TO_INTEGER: Value -16712192 is not in bounds of subtype NATURAL.
# ** Note: ** Addr=0000048C, Word=291, Instuction=F0008093, Mnemonic=addi x1, x1, FFFFFF00
# ** Note:   x1=FF00FF00 x2=0F0F0F0F x3=00000015 x4=00000001 x5=00000002 x6=000F000F x7=000F000F x11=FF00FF00 x12=00F000F0 x14=0F000F00 
# ** Note: ** Addr=00000490, Word=292, Instuction=0020F733, Mnemonic=and x14, x1, x2
# ** Note:   x1=FF00FF00 x2=0F0F0F0F x3=00000015 x4=00000001 x5=00000002 x6=000F000F x7=000F000F x11=FF00FF00 x12=00F000F0 x14=0F000F00 
# ** Note: ** Addr=00000494, Word=293, Instuction=00120213, Mnemonic=addi x4, x4, 00000001
# ** Note:   x1=FF00FF00 x2=0F0F0F0F x3=00000015 x4=00000002 x5=00000002 x6=000F000F x7=000F000F x11=FF00FF00 x12=00F000F0 x14=0F000F00 
# ** Note: ** Addr=00000498, Word=294, Instuction=00200293, Mnemonic=addi x5, x0, 00000002
# ** Note:   x1=FF00FF00 x2=0F0F0F0F x3=00000015 x4=00000002 x5=00000002 x6=000F000F x7=000F000F x11=FF00FF00 x12=00F000F0 x14=0F000F00 
# ** Note: ** Addr=0000049C, Word=295, Instuction=FE5210E3, Mnemonic=bne x4, x5, FFFFFFE0
# ** Note:   x1=FF00FF00 x2=0F0F0F0F x3=00000015 x4=00000002 x5=00000002 x6=000F000F x7=000F000F x11=FF00FF00 x12=00F000F0 x14=0F000F00 
# ** Note: ** Addr=000004A0, Word=296, Instuction=0F0013B7, Mnemonic=lui x7, 0F001000
# ** Note:   x1=FF00FF00 x2=0F0F0F0F x3=00000015 x4=00000002 x5=00000002 x6=000F000F x7=0F001000 x11=FF00FF00 x12=00F000F0 x14=0F000F00 
# ** Note: ** Addr=000004A4, Word=297, Instuction=F0038393, Mnemonic=addi x7, x7, FFFFFF00
# ** Note:   x1=FF00FF00 x2=0F0F0F0F x3=00000015 x4=00000002 x5=00000002 x6=000F000F x7=0F000F00 x11=FF00FF00 x12=00F000F0 x14=0F000F00 
# ** Note: ** Addr=000004A8, Word=298, Instuction=0E771063, Mnemonic=bne x14, x7, 000000E0
# ** Note:   x1=FF00FF00 x2=0F0F0F0F x3=00000015 x4=00000002 x5=00000002 x6=000F000F x7=0F000F00 x11=FF00FF00 x12=00F000F0 x14=0F000F00 
# ** Note: ** Addr=000004AC, Word=299, Instuction=01600193, Mnemonic=addi x3, x0, 00000016
# ** Note:   x1=FF00FF00 x2=0F0F0F0F x3=00000016 x4=00000002 x5=00000002 x6=000F000F x7=0F000F00 x11=FF00FF00 x12=00F000F0 x14=0F000F00 
# ** Warning: (vsim-151) NUMERIC_STD.TO_INTEGER: Value -242 is not in bounds of subtype NATURAL.
# ** Warning: (vsim-151) NUMERIC_STD.TO_INTEGER: Value -242 is not in bounds of subtype NATURAL.
# ** Warning: (vsim-151) NUMERIC_STD.TO_INTEGER: Value -16711936 is not in bounds of subtype NATURAL.
# ** Warning: (vsim-151) NUMERIC_STD.TO_INTEGER: Value -16711936 is not in bounds of subtype NATURAL.
# ** Note: ** Addr=000004B0, Word=300, Instuction=00000213, Mnemonic=addi x4, x0, 00000000
# ** Note:   x1=FF00FF00 x2=0F0F0F0F x3=00000016 x5=00000002 x6=000F000F x7=0F000F00 x11=FF00FF00 x12=00F000F0 x14=0F000F00 
# ** Warning: (vsim-151) NUMERIC_STD.TO_INTEGER: Value -252645136 is not in bounds of subtype NATURAL.
# ** Warning: (vsim-151) NUMERIC_STD.TO_INTEGER: Value -252645136 is not in bounds of subtype NATURAL.
# ** Note: ** Addr=000004B4, Word=301, Instuction=F0F0F137, Mnemonic=lui x2, F0F0F000
# ** Note:   x1=FF00FF00 x2=F0F0F000 x3=00000016 x5=00000002 x6=000F000F x7=0F000F00 x11=FF00FF00 x12=00F000F0 x14=0F000F00 
# ** Warning: (vsim-151) NUMERIC_STD.TO_INTEGER: Value -252644896 is not in bounds of subtype NATURAL.
# ** Warning: (vsim-151) NUMERIC_STD.TO_INTEGER: Value -252644896 is not in bounds of subtype NATURAL.
# ** Warning: (vsim-151) NUMERIC_STD.TO_INTEGER: Value -252645136 is not in bounds of subtype NATURAL.
# ** Warning: (vsim-151) NUMERIC_STD.TO_INTEGER: Value -252645136 is not in bounds of subtype NATURAL.
# ** Note: ** Addr=000004B8, Word=302, Instuction=0F010113, Mnemonic=addi x2, x2, 000000F0
# ** Note:   x1=FF00FF00 x2=F0F0F0F0 x3=00000016 x5=00000002 x6=000F000F x7=0F000F00 x11=FF00FF00 x12=00F000F0 x14=0F000F00 
# ** Note: ** Addr=000004BC, Word=303, Instuction=00000013, Mnemonic=addi x0, x0, 00000000
# ** Note:   x1=FF00FF00 x2=F0F0F0F0 x3=00000016 x5=00000002 x6=000F000F x7=0F000F00 x11=FF00FF00 x12=00F000F0 x14=0F000F00 
# ** Note: ** Addr=000004C0, Word=304, Instuction=0FF010B7, Mnemonic=lui x1, 0FF01000
# ** Note:   x1=0FF01000 x2=F0F0F0F0 x3=00000016 x5=00000002 x6=000F000F x7=0F000F00 x11=FF00FF00 x12=00F000F0 x14=0F000F00 
# ** Note: ** Addr=000004C4, Word=305, Instuction=FF008093, Mnemonic=addi x1, x1, FFFFFFF0
# ** Note:   x1=0FF00FF0 x2=F0F0F0F0 x3=00000016 x5=00000002 x6=000F000F x7=0F000F00 x11=FF00FF00 x12=00F000F0 x14=0F000F00 
# ** Note: ** Addr=000004C8, Word=306, Instuction=00000013, Mnemonic=addi x0, x0, 00000000
# ** Note:   x1=0FF00FF0 x2=F0F0F0F0 x3=00000016 x5=00000002 x6=000F000F x7=0F000F00 x11=FF00FF00 x12=00F000F0 x14=0F000F00 
# ** Note: ** Addr=000004CC, Word=307, Instuction=0020F733, Mnemonic=and x14, x1, x2
# ** Note:   x1=0FF00FF0 x2=F0F0F0F0 x3=00000016 x5=00000002 x6=000F000F x7=0F000F00 x11=FF00FF00 x12=00F000F0 x14=00F000F0 
# ** Note: ** Addr=000004D0, Word=308, Instuction=00120213, Mnemonic=addi x4, x4, 00000001
# ** Note:   x1=0FF00FF0 x2=F0F0F0F0 x3=00000016 x4=00000001 x5=00000002 x6=000F000F x7=0F000F00 x11=FF00FF00 x12=00F000F0 x14=00F000F0 
# ** Warning: (vsim-151) NUMERIC_STD.TO_INTEGER: Value -2 is not in bounds of subtype NATURAL.
# ** Warning: (vsim-151) NUMERIC_STD.TO_INTEGER: Value -2 is not in bounds of subtype NATURAL.
# ** Note: ** Addr=000004D4, Word=309, Instuction=00200293, Mnemonic=addi x5, x0, 00000002
# ** Note:   x1=0FF00FF0 x2=F0F0F0F0 x3=00000016 x4=00000001 x5=00000002 x6=000F000F x7=0F000F00 x11=FF00FF00 x12=00F000F0 x14=00F000F0 
# ** Note: ** Addr=000004D8, Word=310, Instuction=FC521EE3, Mnemonic=bne x4, x5, FFFFFFDC
# ** Note:   x1=0FF00FF0 x2=F0F0F0F0 x3=00000016 x4=00000001 x5=00000002 x6=000F000F x7=0F000F00 x11=FF00FF00 x12=00F000F0 x14=00F000F0 
# ** Warning: (vsim-151) NUMERIC_STD.TO_INTEGER: Value -252645136 is not in bounds of subtype NATURAL.
# ** Warning: (vsim-151) NUMERIC_STD.TO_INTEGER: Value -252645136 is not in bounds of subtype NATURAL.
# ** Note: ** Addr=000004B4, Word=301, Instuction=F0F0F137, Mnemonic=lui x2, F0F0F000
# ** Note:   x1=0FF00FF0 x2=F0F0F000 x3=00000016 x4=00000001 x5=00000002 x6=000F000F x7=0F000F00 x11=FF00FF00 x12=00F000F0 x14=00F000F0 
# ** Warning: (vsim-151) NUMERIC_STD.TO_INTEGER: Value -252644896 is not in bounds of subtype NATURAL.
# ** Warning: (vsim-151) NUMERIC_STD.TO_INTEGER: Value -252644896 is not in bounds of subtype NATURAL.
# ** Warning: (vsim-151) NUMERIC_STD.TO_INTEGER: Value -252645136 is not in bounds of subtype NATURAL.
# ** Warning: (vsim-151) NUMERIC_STD.TO_INTEGER: Value -252645136 is not in bounds of subtype NATURAL.
# ** Note: ** Addr=000004B8, Word=302, Instuction=0F010113, Mnemonic=addi x2, x2, 000000F0
# ** Note:   x1=0FF00FF0 x2=F0F0F0F0 x3=00000016 x4=00000001 x5=00000002 x6=000F000F x7=0F000F00 x11=FF00FF00 x12=00F000F0 x14=00F000F0 
# ** Note: ** Addr=000004BC, Word=303, Instuction=00000013, Mnemonic=addi x0, x0, 00000000
# ** Note:   x1=0FF00FF0 x2=F0F0F0F0 x3=00000016 x4=00000001 x5=00000002 x6=000F000F x7=0F000F00 x11=FF00FF00 x12=00F000F0 x14=00F000F0 
# ** Note: ** Addr=000004C0, Word=304, Instuction=0FF010B7, Mnemonic=lui x1, 0FF01000
# ** Note:   x1=0FF01000 x2=F0F0F0F0 x3=00000016 x4=00000001 x5=00000002 x6=000F000F x7=0F000F00 x11=FF00FF00 x12=00F000F0 x14=00F000F0 
# ** Note: ** Addr=000004C4, Word=305, Instuction=FF008093, Mnemonic=addi x1, x1, FFFFFFF0
# ** Note:   x1=0FF00FF0 x2=F0F0F0F0 x3=00000016 x4=00000001 x5=00000002 x6=000F000F x7=0F000F00 x11=FF00FF00 x12=00F000F0 x14=00F000F0 
# ** Note: ** Addr=000004C8, Word=306, Instuction=00000013, Mnemonic=addi x0, x0, 00000000
# ** Note:   x1=0FF00FF0 x2=F0F0F0F0 x3=00000016 x4=00000001 x5=00000002 x6=000F000F x7=0F000F00 x11=FF00FF00 x12=00F000F0 x14=00F000F0 
# ** Note: ** Addr=000004CC, Word=307, Instuction=0020F733, Mnemonic=and x14, x1, x2
# ** Note:   x1=0FF00FF0 x2=F0F0F0F0 x3=00000016 x4=00000001 x5=00000002 x6=000F000F x7=0F000F00 x11=FF00FF00 x12=00F000F0 x14=00F000F0 
# ** Note: ** Addr=000004D0, Word=308, Instuction=00120213, Mnemonic=addi x4, x4, 00000001
# ** Note:   x1=0FF00FF0 x2=F0F0F0F0 x3=00000016 x4=00000002 x5=00000002 x6=000F000F x7=0F000F00 x11=FF00FF00 x12=00F000F0 x14=00F000F0 
# ** Note: ** Addr=000004D4, Word=309, Instuction=00200293, Mnemonic=addi x5, x0, 00000002
# ** Note:   x1=0FF00FF0 x2=F0F0F0F0 x3=00000016 x4=00000002 x5=00000002 x6=000F000F x7=0F000F00 x11=FF00FF00 x12=00F000F0 x14=00F000F0 
# ** Note: ** Addr=000004D8, Word=310, Instuction=FC521EE3, Mnemonic=bne x4, x5, FFFFFFDC
# ** Note:   x1=0FF00FF0 x2=F0F0F0F0 x3=00000016 x4=00000002 x5=00000002 x6=000F000F x7=0F000F00 x11=FF00FF00 x12=00F000F0 x14=00F000F0 
# ** Note: ** Addr=000004DC, Word=311, Instuction=00F003B7, Mnemonic=lui x7, 00F00000
# ** Note:   x1=0FF00FF0 x2=F0F0F0F0 x3=00000016 x4=00000002 x5=00000002 x6=000F000F x7=00F00000 x11=FF00FF00 x12=00F000F0 x14=00F000F0 
# ** Note: ** Addr=000004E0, Word=312, Instuction=0F038393, Mnemonic=addi x7, x7, 000000F0
# ** Note:   x1=0FF00FF0 x2=F0F0F0F0 x3=00000016 x4=00000002 x5=00000002 x6=000F000F x7=00F000F0 x11=FF00FF00 x12=00F000F0 x14=00F000F0 
# ** Note: ** Addr=000004E4, Word=313, Instuction=0A771263, Mnemonic=bne x14, x7, 000000A4
# ** Note:   x1=0FF00FF0 x2=F0F0F0F0 x3=00000016 x4=00000002 x5=00000002 x6=000F000F x7=00F000F0 x11=FF00FF00 x12=00F000F0 x14=00F000F0 
# ** Note: ** Addr=000004E8, Word=314, Instuction=01700193, Mnemonic=addi x3, x0, 00000017
# ** Note:   x1=0FF00FF0 x2=F0F0F0F0 x3=00000017 x4=00000002 x5=00000002 x6=000F000F x7=00F000F0 x11=FF00FF00 x12=00F000F0 x14=00F000F0 
# ** Note: ** Addr=000004EC, Word=315, Instuction=00000213, Mnemonic=addi x4, x0, 00000000
# ** Note:   x1=0FF00FF0 x2=F0F0F0F0 x3=00000017 x5=00000002 x6=000F000F x7=00F000F0 x11=FF00FF00 x12=00F000F0 x14=00F000F0 
# ** Note: ** Addr=000004F0, Word=316, Instuction=0F0F1137, Mnemonic=lui x2, 0F0F1000
# ** Note:   x1=0FF00FF0 x2=0F0F1000 x3=00000017 x5=00000002 x6=000F000F x7=00F000F0 x11=FF00FF00 x12=00F000F0 x14=00F000F0 
# ** Note: ** Addr=000004F4, Word=317, Instuction=F0F10113, Mnemonic=addi x2, x2, FFFFFF0F
# ** Note:   x1=0FF00FF0 x2=0F0F0F0F x3=00000017 x5=00000002 x6=000F000F x7=00F000F0 x11=FF00FF00 x12=00F000F0 x14=00F000F0 
# ** Note: ** Addr=000004F8, Word=318, Instuction=00000013, Mnemonic=addi x0, x0, 00000000
# ** Note:   x1=0FF00FF0 x2=0F0F0F0F x3=00000017 x5=00000002 x6=000F000F x7=00F000F0 x11=FF00FF00 x12=00F000F0 x14=00F000F0 
# ** Note: ** Addr=000004FC, Word=319, Instuction=00000013, Mnemonic=addi x0, x0, 00000000
# ** Note:   x1=0FF00FF0 x2=0F0F0F0F x3=00000017 x5=00000002 x6=000F000F x7=00F000F0 x11=FF00FF00 x12=00F000F0 x14=00F000F0 
# ** Note: ** Addr=00000500, Word=320, Instuction=00FF00B7, Mnemonic=lui x1, 00FF0000
# ** Note:   x1=00FF0000 x2=0F0F0F0F x3=00000017 x5=00000002 x6=000F000F x7=00F000F0 x11=FF00FF00 x12=00F000F0 x14=00F000F0 
# ** Note: ** Addr=00000504, Word=321, Instuction=0FF08093, Mnemonic=addi x1, x1, 000000FF
# ** Note:   x1=00FF00FF x2=0F0F0F0F x3=00000017 x5=00000002 x6=000F000F x7=00F000F0 x11=FF00FF00 x12=00F000F0 x14=00F000F0 
# ** Note: ** Addr=00000508, Word=322, Instuction=0020F733, Mnemonic=and x14, x1, x2
# ** Note:   x1=00FF00FF x2=0F0F0F0F x3=00000017 x5=00000002 x6=000F000F x7=00F000F0 x11=FF00FF00 x12=00F000F0 x14=000F000F 
# ** Note: ** Addr=0000050C, Word=323, Instuction=00120213, Mnemonic=addi x4, x4, 00000001
# ** Note:   x1=00FF00FF x2=0F0F0F0F x3=00000017 x4=00000001 x5=00000002 x6=000F000F x7=00F000F0 x11=FF00FF00 x12=00F000F0 x14=000F000F 
# ** Warning: (vsim-151) NUMERIC_STD.TO_INTEGER: Value -2 is not in bounds of subtype NATURAL.
# ** Warning: (vsim-151) NUMERIC_STD.TO_INTEGER: Value -2 is not in bounds of subtype NATURAL.
# ** Note: ** Addr=00000510, Word=324, Instuction=00200293, Mnemonic=addi x5, x0, 00000002
# ** Note:   x1=00FF00FF x2=0F0F0F0F x3=00000017 x4=00000001 x5=00000002 x6=000F000F x7=00F000F0 x11=FF00FF00 x12=00F000F0 x14=000F000F 
# ** Note: ** Addr=00000514, Word=325, Instuction=FC521EE3, Mnemonic=bne x4, x5, FFFFFFDC
# ** Note:   x1=00FF00FF x2=0F0F0F0F x3=00000017 x4=00000001 x5=00000002 x6=000F000F x7=00F000F0 x11=FF00FF00 x12=00F000F0 x14=000F000F 
# ** Note: ** Addr=000004F0, Word=316, Instuction=0F0F1137, Mnemonic=lui x2, 0F0F1000
# ** Note:   x1=00FF00FF x2=0F0F1000 x3=00000017 x4=00000001 x5=00000002 x6=000F000F x7=00F000F0 x11=FF00FF00 x12=00F000F0 x14=000F000F 
# ** Note: ** Addr=000004F4, Word=317, Instuction=F0F10113, Mnemonic=addi x2, x2, FFFFFF0F
# ** Note:   x1=00FF00FF x2=0F0F0F0F x3=00000017 x4=00000001 x5=00000002 x6=000F000F x7=00F000F0 x11=FF00FF00 x12=00F000F0 x14=000F000F 
# ** Note: ** Addr=000004F8, Word=318, Instuction=00000013, Mnemonic=addi x0, x0, 00000000
# ** Note:   x1=00FF00FF x2=0F0F0F0F x3=00000017 x4=00000001 x5=00000002 x6=000F000F x7=00F000F0 x11=FF00FF00 x12=00F000F0 x14=000F000F 
# ** Note: ** Addr=000004FC, Word=319, Instuction=00000013, Mnemonic=addi x0, x0, 00000000
# ** Note:   x1=00FF00FF x2=0F0F0F0F x3=00000017 x4=00000001 x5=00000002 x6=000F000F x7=00F000F0 x11=FF00FF00 x12=00F000F0 x14=000F000F 
# ** Note: ** Addr=00000500, Word=320, Instuction=00FF00B7, Mnemonic=lui x1, 00FF0000
# ** Note:   x1=00FF0000 x2=0F0F0F0F x3=00000017 x4=00000001 x5=00000002 x6=000F000F x7=00F000F0 x11=FF00FF00 x12=00F000F0 x14=000F000F 
# ** Note: ** Addr=00000504, Word=321, Instuction=0FF08093, Mnemonic=addi x1, x1, 000000FF
# ** Note:   x1=00FF00FF x2=0F0F0F0F x3=00000017 x4=00000001 x5=00000002 x6=000F000F x7=00F000F0 x11=FF00FF00 x12=00F000F0 x14=000F000F 
# ** Note: ** Addr=00000508, Word=322, Instuction=0020F733, Mnemonic=and x14, x1, x2
# ** Note:   x1=00FF00FF x2=0F0F0F0F x3=00000017 x4=00000001 x5=00000002 x6=000F000F x7=00F000F0 x11=FF00FF00 x12=00F000F0 x14=000F000F 
# ** Note: ** Addr=0000050C, Word=323, Instuction=00120213, Mnemonic=addi x4, x4, 00000001
# ** Note:   x1=00FF00FF x2=0F0F0F0F x3=00000017 x4=00000002 x5=00000002 x6=000F000F x7=00F000F0 x11=FF00FF00 x12=00F000F0 x14=000F000F 
# ** Note: ** Addr=00000510, Word=324, Instuction=00200293, Mnemonic=addi x5, x0, 00000002
# ** Note:   x1=00FF00FF x2=0F0F0F0F x3=00000017 x4=00000002 x5=00000002 x6=000F000F x7=00F000F0 x11=FF00FF00 x12=00F000F0 x14=000F000F 
# ** Note: ** Addr=00000514, Word=325, Instuction=FC521EE3, Mnemonic=bne x4, x5, FFFFFFDC
# ** Note:   x1=00FF00FF x2=0F0F0F0F x3=00000017 x4=00000002 x5=00000002 x6=000F000F x7=00F000F0 x11=FF00FF00 x12=00F000F0 x14=000F000F 
# ** Note: ** Addr=00000518, Word=326, Instuction=000F03B7, Mnemonic=lui x7, 000F0000
# ** Note:   x1=00FF00FF x2=0F0F0F0F x3=00000017 x4=00000002 x5=00000002 x6=000F000F x7=000F0000 x11=FF00FF00 x12=00F000F0 x14=000F000F 
# ** Note: ** Addr=0000051C, Word=327, Instuction=00F38393, Mnemonic=addi x7, x7, 0000000F
# ** Note:   x1=00FF00FF x2=0F0F0F0F x3=00000017 x4=00000002 x5=00000002 x6=000F000F x7=000F000F x11=FF00FF00 x12=00F000F0 x14=000F000F 
# ** Note: ** Addr=00000520, Word=328, Instuction=06771463, Mnemonic=bne x14, x7, 00000068
# ** Note:   x1=00FF00FF x2=0F0F0F0F x3=00000017 x4=00000002 x5=00000002 x6=000F000F x7=000F000F x11=FF00FF00 x12=00F000F0 x14=000F000F 
# ** Warning: (vsim-151) NUMERIC_STD.TO_INTEGER: Value -16 is not in bounds of subtype NATURAL.
# ** Warning: (vsim-151) NUMERIC_STD.TO_INTEGER: Value -16 is not in bounds of subtype NATURAL.
# ** Note: ** Addr=00000524, Word=329, Instuction=01800193, Mnemonic=addi x3, x0, 00000018
# ** Note:   x1=00FF00FF x2=0F0F0F0F x3=00000018 x4=00000002 x5=00000002 x6=000F000F x7=000F000F x11=FF00FF00 x12=00F000F0 x14=000F000F 
# ** Warning: (vsim-151) NUMERIC_STD.TO_INTEGER: Value -16711936 is not in bounds of subtype NATURAL.
# ** Warning: (vsim-151) NUMERIC_STD.TO_INTEGER: Value -16711936 is not in bounds of subtype NATURAL.
# ** Note: ** Addr=00000528, Word=330, Instuction=FF0100B7, Mnemonic=lui x1, FF010000
# ** Note:   x1=FF010000 x2=0F0F0F0F x3=00000018 x4=00000002 x5=00000002 x6=000F000F x7=000F000F x11=FF00FF00 x12=00F000F0 x14=000F000F 
# ** Warning: (vsim-151) NUMERIC_STD.TO_INTEGER: Value -16712192 is not in bounds of subtype NATURAL.
# ** Warning: (vsim-151) NUMERIC_STD.TO_INTEGER: Value -16712192 is not in bounds of subtype NATURAL.
# ** Note: ** Addr=0000052C, Word=331, Instuction=F0008093, Mnemonic=addi x1, x1, FFFFFF00
# ** Note:   x1=FF00FF00 x2=0F0F0F0F x3=00000018 x4=00000002 x5=00000002 x6=000F000F x7=000F000F x11=FF00FF00 x12=00F000F0 x14=000F000F 
# ** Warning: (vsim-151) NUMERIC_STD.TO_INTEGER: Value -16711936 is not in bounds of subtype NATURAL.
# ** Warning: (vsim-151) NUMERIC_STD.TO_INTEGER: Value -16711936 is not in bounds of subtype NATURAL.
# ** Note: ** Addr=00000530, Word=332, Instuction=00107133, Mnemonic=and x2, x0, x1
# ** Note:   x1=FF00FF00 x3=00000018 x4=00000002 x5=00000002 x6=000F000F x7=000F000F x11=FF00FF00 x12=00F000F0 x14=000F000F 
# ** Warning: (vsim-151) NUMERIC_STD.TO_INTEGER: Value -72 is not in bounds of subtype NATURAL.
# ** Warning: (vsim-151) NUMERIC_STD.TO_INTEGER: Value -72 is not in bounds of subtype NATURAL.
# ** Note: ** Addr=00000534, Word=333, Instuction=00000393, Mnemonic=addi x7, x0, 00000000
# ** Note:   x1=FF00FF00 x3=00000018 x4=00000002 x5=00000002 x6=000F000F x11=FF00FF00 x12=00F000F0 x14=000F000F 
# ** Note: ** Addr=00000538, Word=334, Instuction=04711863, Mnemonic=bne x2, x7, 00000050
# ** Note:   x1=FF00FF00 x3=00000018 x4=00000002 x5=00000002 x6=000F000F x11=FF00FF00 x12=00F000F0 x14=000F000F 
# ** Note: ** Addr=0000053C, Word=335, Instuction=01900193, Mnemonic=addi x3, x0, 00000019
# ** Note:   x1=FF00FF00 x3=00000019 x4=00000002 x5=00000002 x6=000F000F x11=FF00FF00 x12=00F000F0 x14=000F000F 
# ** Note: ** Addr=00000540, Word=336, Instuction=00FF00B7, Mnemonic=lui x1, 00FF0000
# ** Note:   x1=00FF0000 x3=00000019 x4=00000002 x5=00000002 x6=000F000F x11=FF00FF00 x12=00F000F0 x14=000F000F 
# ** Note: ** Addr=00000544, Word=337, Instuction=0FF08093, Mnemonic=addi x1, x1, 000000FF
# ** Note:   x1=00FF00FF x3=00000019 x4=00000002 x5=00000002 x6=000F000F x11=FF00FF00 x12=00F000F0 x14=000F000F 
# ** Note: ** Addr=00000548, Word=338, Instuction=0000F133, Mnemonic=and x2, x1, x0
# ** Note:   x1=00FF00FF x3=00000019 x4=00000002 x5=00000002 x6=000F000F x11=FF00FF00 x12=00F000F0 x14=000F000F 
# ** Warning: (vsim-151) NUMERIC_STD.TO_INTEGER: Value -40 is not in bounds of subtype NATURAL.
# ** Warning: (vsim-151) NUMERIC_STD.TO_INTEGER: Value -40 is not in bounds of subtype NATURAL.
# ** Note: ** Addr=0000054C, Word=339, Instuction=00000393, Mnemonic=addi x7, x0, 00000000
# ** Note:   x1=00FF00FF x3=00000019 x4=00000002 x5=00000002 x6=000F000F x11=FF00FF00 x12=00F000F0 x14=000F000F 
# ** Note: ** Addr=00000550, Word=340, Instuction=02711C63, Mnemonic=bne x2, x7, 00000038
# ** Note:   x1=00FF00FF x3=00000019 x4=00000002 x5=00000002 x6=000F000F x11=FF00FF00 x12=00F000F0 x14=000F000F 
# ** Note: ** Addr=00000554, Word=341, Instuction=01A00193, Mnemonic=addi x3, x0, 0000001A
# ** Note:   x1=00FF00FF x3=0000001A x4=00000002 x5=00000002 x6=000F000F x11=FF00FF00 x12=00F000F0 x14=000F000F 
# ** Note: ** Addr=00000558, Word=342, Instuction=000070B3, Mnemonic=and x1, x0, x0
# ** Note:   x3=0000001A x4=00000002 x5=00000002 x6=000F000F x11=FF00FF00 x12=00F000F0 x14=000F000F 
# ** Warning: (vsim-151) NUMERIC_STD.TO_INTEGER: Value -40 is not in bounds of subtype NATURAL.
# ** Warning: (vsim-151) NUMERIC_STD.TO_INTEGER: Value -40 is not in bounds of subtype NATURAL.
# ** Note: ** Addr=0000055C, Word=343, Instuction=00000393, Mnemonic=addi x7, x0, 00000000
# ** Note:   x3=0000001A x4=00000002 x5=00000002 x6=000F000F x11=FF00FF00 x12=00F000F0 x14=000F000F 
# ** Note: ** Addr=00000560, Word=344, Instuction=02709463, Mnemonic=bne x1, x7, 00000028
# ** Note:   x3=0000001A x4=00000002 x5=00000002 x6=000F000F x11=FF00FF00 x12=00F000F0 x14=000F000F 
# ** Note: ** Addr=00000564, Word=345, Instuction=01B00193, Mnemonic=addi x3, x0, 0000001B
# ** Note:   x3=0000001B x4=00000002 x5=00000002 x6=000F000F x11=FF00FF00 x12=00F000F0 x14=000F000F 
# ** Note: ** Addr=00000568, Word=346, Instuction=111110B7, Mnemonic=lui x1, 11111000
# ** Note:   x1=11111000 x3=0000001B x4=00000002 x5=00000002 x6=000F000F x11=FF00FF00 x12=00F000F0 x14=000F000F 
# ** Note: ** Addr=0000056C, Word=347, Instuction=11108093, Mnemonic=addi x1, x1, 00000111
# ** Note:   x1=11111111 x3=0000001B x4=00000002 x5=00000002 x6=000F000F x11=FF00FF00 x12=00F000F0 x14=000F000F 
# ** Note: ** Addr=00000570, Word=348, Instuction=22222137, Mnemonic=lui x2, 22222000
# ** Note:   x1=11111111 x2=22222000 x3=0000001B x4=00000002 x5=00000002 x6=000F000F x11=FF00FF00 x12=00F000F0 x14=000F000F 
# ** Note: ** Addr=00000574, Word=349, Instuction=22210113, Mnemonic=addi x2, x2, 00000222
# ** Note:   x1=11111111 x2=22222222 x3=0000001B x4=00000002 x5=00000002 x6=000F000F x11=FF00FF00 x12=00F000F0 x14=000F000F 
# ** Note: ** Addr=00000578, Word=350, Instuction=0020F033, Mnemonic=and x0, x1, x2
# ** Note:   x1=11111111 x2=22222222 x3=0000001B x4=00000002 x5=00000002 x6=000F000F x11=FF00FF00 x12=00F000F0 x14=000F000F 
# ** Warning: (vsim-151) NUMERIC_STD.TO_INTEGER: Value -8 is not in bounds of subtype NATURAL.
# ** Warning: (vsim-151) NUMERIC_STD.TO_INTEGER: Value -8 is not in bounds of subtype NATURAL.
# ** Note: ** Addr=0000057C, Word=351, Instuction=00000393, Mnemonic=addi x7, x0, 00000000
# ** Note:   x1=11111111 x2=22222222 x3=0000001B x4=00000002 x5=00000002 x6=000F000F x11=FF00FF00 x12=00F000F0 x14=000F000F 
# ** Warning: (vsim-151) NUMERIC_STD.TO_INTEGER: Value -28 is not in bounds of subtype NATURAL.
# ** Warning: (vsim-151) NUMERIC_STD.TO_INTEGER: Value -28 is not in bounds of subtype NATURAL.
# ** Note: ** Addr=00000580, Word=352, Instuction=00701463, Mnemonic=bne x0, x7, 00000008
# ** Note:   x1=11111111 x2=22222222 x3=0000001B x4=00000002 x5=00000002 x6=000F000F x11=FF00FF00 x12=00F000F0 x14=000F000F 
# ** Note: ** Addr=00000584, Word=353, Instuction=00301E63, Mnemonic=bne x0, x3, 0000001C
# ** Note:   x1=11111111 x2=22222222 x3=0000001B x4=00000002 x5=00000002 x6=000F000F x11=FF00FF00 x12=00F000F0 x14=000F000F 
# ** Note: ** Addr=000005A0, Word=360, Instuction=00100193, Mnemonic=addi x3, x0, 00000001
# ** Note:   x1=11111111 x2=22222222 x3=00000001 x4=00000002 x5=00000002 x6=000F000F x11=FF00FF00 x12=00F000F0 x14=000F000F 
# ** Note: ** Addr=000005A4, Word=361, Instuction=10100513, Mnemonic=addi x10, x0, 00000101
# ** Note:   x1=11111111 x2=22222222 x3=00000001 x4=00000002 x5=00000002 x6=000F000F x10=00000101 x11=FF00FF00 x12=00F000F0 x14=000F000F 
# ** Note: ** Addr=000005A8, Word=362, Instuction=01F01013, Mnemonic=slli x0, x0, 1F
# ** Note:   x1=11111111 x2=22222222 x3=00000001 x4=00000002 x5=00000002 x6=000F000F x10=00000101 x11=FF00FF00 x12=00F000F0 x14=000F000F 
# ** Note: ** Addr=000005AC, Word=363, Instuction=00100073, Mnemonic=ebreak
# ** Note:   x1=11111111 x2=22222222 x3=00000001 x4=00000002 x5=00000002 x6=000F000F x10=00000101 x11=FF00FF00 x12=00F000F0 x14=000F000F 
# ** Note: RVTEST (addi) : OK
# Break in Process monitor at ../testbench/tb_cpu.vhd line 359
# Stopped at ../testbench/tb_cpu.vhd line 359
#  quit -f
# End time: 00:29:43 on Jan 01,2026, Elapsed time: 0:00:01
# Errors: 0, Warnings: 261
