# vsim -c -quiet work.tb_cpu -do "run -all; quit -f" -l build/logs/bgeu.log -gMAX_CYCLES=200000 
# Start time: 00:29:32 on Jan 01,2026
# ** Note: (vsim-3813) Design is being optimized due to module recompilation...
# //  Questa Sim-64
# //  Version 2020.3_1 linux_x86_64 Aug 25 2020
# //
# //  Copyright 1991-2020 Mentor Graphics Corporation
# //  All Rights Reserved.
# //
# //  QuestaSim and its associated documentation contain trade
# //  secrets and commercial or financial information that are the property of
# //  Mentor Graphics Corporation and are privileged, confidential,
# //  and exempt from disclosure under the Freedom of Information Act,
# //  5 U.S.C. Section 552. Furthermore, this information
# //  is prohibited from disclosure under the Trade Secrets Act,
# //  18 U.S.C. Section 1905.
# //
# run -all
# ** Warning: NUMERIC_STD.TO_INTEGER: metavalue detected, returning 0
# ** Warning: NUMERIC_STD.TO_INTEGER: metavalue detected, returning 0
# ** Warning: NUMERIC_STD.TO_INTEGER: metavalue detected, returning 0
# ** Warning: NUMERIC_STD.TO_INTEGER: metavalue detected, returning 0
# ** Warning: NUMERIC_STD.TO_INTEGER: metavalue detected, returning 0
# ** Warning: NUMERIC_STD.TO_INTEGER: metavalue detected, returning 0
# ** Warning: NUMERIC_STD.TO_INTEGER: metavalue detected, returning 0
# ** Warning: NUMERIC_STD.TO_INTEGER: metavalue detected, returning 0
# ** Warning: NUMERIC_STD.TO_INTEGER: metavalue detected, returning 0
# ** Warning: NUMERIC_STD.TO_INTEGER: metavalue detected, returning 0
# ** Warning: NUMERIC_STD.TO_INTEGER: metavalue detected, returning 0
# ** Warning: NUMERIC_STD.TO_INTEGER: metavalue detected, returning 0
# ** Warning: NUMERIC_STD.TO_INTEGER: metavalue detected, returning 0
# ** Warning: NUMERIC_STD.TO_INTEGER: metavalue detected, returning 0
# ** Warning: NUMERIC_STD.TO_INTEGER: metavalue detected, returning 0
# ** Warning: NUMERIC_STD.TO_INTEGER: metavalue detected, returning 0
# ** Warning: NUMERIC_STD.TO_INTEGER: metavalue detected, returning 0
# ** Warning: NUMERIC_STD.TO_INTEGER: metavalue detected, returning 0
# ** Warning: NUMERIC_STD.TO_INTEGER: metavalue detected, returning 0
# ** Warning: NUMERIC_STD.TO_INTEGER: metavalue detected, returning 0
# ** Warning: NUMERIC_STD.TO_INTEGER: metavalue detected, returning 0
# ** Note: ** Addr=00000000, Word=0, Instuction=00000093, Mnemonic=addi x1, x0, 00000000
# ** Note: ** Addr=00000004, Word=1, Instuction=00000113, Mnemonic=addi x2, x0, 00000000
# ** Note: ** Addr=00000008, Word=2, Instuction=00000193, Mnemonic=addi x3, x0, 00000000
# ** Note: ** Addr=0000000C, Word=3, Instuction=00000213, Mnemonic=addi x4, x0, 00000000
# ** Note: ** Addr=00000010, Word=4, Instuction=00000293, Mnemonic=addi x5, x0, 00000000
# ** Note: ** Addr=00000014, Word=5, Instuction=00000313, Mnemonic=addi x6, x0, 00000000
# ** Note: ** Addr=00000018, Word=6, Instuction=00000393, Mnemonic=addi x7, x0, 00000000
# ** Note: ** Addr=0000001C, Word=7, Instuction=00000413, Mnemonic=addi x8, x0, 00000000
# ** Note: ** Addr=00000020, Word=8, Instuction=00000493, Mnemonic=addi x9, x0, 00000000
# ** Note: ** Addr=00000024, Word=9, Instuction=00000513, Mnemonic=addi x10, x0, 00000000
# ** Note: ** Addr=00000028, Word=10, Instuction=00000593, Mnemonic=addi x11, x0, 00000000
# ** Note: ** Addr=0000002C, Word=11, Instuction=00000613, Mnemonic=addi x12, x0, 00000000
# ** Note: ** Addr=00000030, Word=12, Instuction=00000693, Mnemonic=addi x13, x0, 00000000
# ** Note: ** Addr=00000034, Word=13, Instuction=00000713, Mnemonic=addi x14, x0, 00000000
# ** Note: ** Addr=00000038, Word=14, Instuction=00000793, Mnemonic=addi x15, x0, 00000000
# ** Note: ** Addr=0000003C, Word=15, Instuction=00000813, Mnemonic=addi x16, x0, 00000000
# ** Note: ** Addr=00000040, Word=16, Instuction=00000893, Mnemonic=addi x17, x0, 00000000
# ** Note: ** Addr=00000044, Word=17, Instuction=00000913, Mnemonic=addi x18, x0, 00000000
# ** Note: ** Addr=00000048, Word=18, Instuction=00000993, Mnemonic=addi x19, x0, 00000000
# ** Note: ** Addr=0000004C, Word=19, Instuction=00000A13, Mnemonic=addi x20, x0, 00000000
# ** Note: ** Addr=00000050, Word=20, Instuction=00000A93, Mnemonic=addi x21, x0, 00000000
# ** Note: ** Addr=00000054, Word=21, Instuction=00000B13, Mnemonic=addi x22, x0, 00000000
# ** Note: ** Addr=00000058, Word=22, Instuction=00000B93, Mnemonic=addi x23, x0, 00000000
# ** Note: ** Addr=0000005C, Word=23, Instuction=00000C13, Mnemonic=addi x24, x0, 00000000
# ** Note: ** Addr=00000060, Word=24, Instuction=00000C93, Mnemonic=addi x25, x0, 00000000
# ** Note: ** Addr=00000064, Word=25, Instuction=00000D13, Mnemonic=addi x26, x0, 00000000
# ** Note: ** Addr=00000068, Word=26, Instuction=00000D93, Mnemonic=addi x27, x0, 00000000
# ** Note: ** Addr=0000006C, Word=27, Instuction=00000E13, Mnemonic=addi x28, x0, 00000000
# ** Note: ** Addr=00000070, Word=28, Instuction=00000E93, Mnemonic=addi x29, x0, 00000000
# ** Note: ** Addr=00000074, Word=29, Instuction=00000F13, Mnemonic=addi x30, x0, 00000000
# ** Note: ** Addr=00000078, Word=30, Instuction=00000F93, Mnemonic=addi x31, x0, 00000000
# ** Note: ** Addr=0000007C, Word=31, Instuction=00001297, Mnemonic=auipc x5, 00001000
# ** Note:   x5=0000107C 
# ** Note: ** Addr=00000080, Word=32, Instuction=F8428293, Mnemonic=addi x5, x5, FFFFFF84
# ** Note:   x5=00001000 
# ** Note: ** Addr=00000084, Word=33, Instuction=00002317, Mnemonic=auipc x6, 00002000
# ** Note:   x5=00001000 x6=00002084 
# ** Note: ** Addr=00000088, Word=34, Instuction=F7C30313, Mnemonic=addi x6, x6, FFFFFF7C
# ** Note:   x5=00001000 x6=00002000 
# ** Note: ** Addr=0000008C, Word=35, Instuction=00002397, Mnemonic=auipc x7, 00002000
# ** Note:   x5=00001000 x6=00002000 x7=0000208C 
# ** Note: ** Addr=00000090, Word=36, Instuction=F7438393, Mnemonic=addi x7, x7, FFFFFF74
# ** Note:   x5=00001000 x6=00002000 x7=00002000 
# ** Note: ** Addr=00000094, Word=37, Instuction=00730C63, Mnemonic=beq x6, x7, 00000018
# ** Note:   x5=00001000 x6=00002000 x7=00002000 
# ** Note: ** Addr=000000AC, Word=43, Instuction=00002297, Mnemonic=auipc x5, 00002000
# ** Note:   x5=000020AC x6=00002000 x7=00002000 
# ** Note: ** Addr=000000B0, Word=44, Instuction=F5428293, Mnemonic=addi x5, x5, FFFFFF54
# ** Note:   x5=00002000 x6=00002000 x7=00002000 
# ** Note: ** Addr=000000B4, Word=45, Instuction=00002317, Mnemonic=auipc x6, 00002000
# ** Note:   x5=00002000 x6=000020B4 x7=00002000 
# ** Note: ** Addr=000000B8, Word=46, Instuction=F4C30313, Mnemonic=addi x6, x6, FFFFFF4C
# ** Note:   x5=00002000 x6=00002000 x7=00002000 
# ** Warning: (vsim-151) NUMERIC_STD.TO_INTEGER: Value -6 is not in bounds of subtype NATURAL.
# ** Warning: (vsim-151) NUMERIC_STD.TO_INTEGER: Value -6 is not in bounds of subtype NATURAL.
# ** Note: ** Addr=000000BC, Word=47, Instuction=00000393, Mnemonic=addi x7, x0, 00000000
# ** Note:   x5=00002000 x6=00002000 
# ** Note: ** Addr=000000C0, Word=48, Instuction=00628863, Mnemonic=beq x5, x6, 00000010
# ** Note:   x5=00002000 x6=00002000 
# ** Note: ** Addr=000000D0, Word=52, Instuction=00200193, Mnemonic=addi x3, x0, 00000002
# ** Note:   x3=00000002 x5=00002000 x6=00002000 
# ** Note: ** Addr=000000D4, Word=53, Instuction=00000093, Mnemonic=addi x1, x0, 00000000
# ** Note:   x3=00000002 x5=00002000 x6=00002000 
# ** Note: ** Addr=000000D8, Word=54, Instuction=00000113, Mnemonic=addi x2, x0, 00000000
# ** Note:   x3=00000002 x5=00002000 x6=00002000 
# ** Note: ** Addr=000000DC, Word=55, Instuction=0020F663, Mnemonic=bgeu x1, x2, 0000000C
# ** Note:   x3=00000002 x5=00002000 x6=00002000 
# ** Warning: (vsim-151) NUMERIC_STD.TO_INTEGER: Value -2 is not in bounds of subtype NATURAL.
# ** Warning: (vsim-151) NUMERIC_STD.TO_INTEGER: Value -2 is not in bounds of subtype NATURAL.
# ** Note: ** Addr=000000E8, Word=58, Instuction=FE20FEE3, Mnemonic=bgeu x1, x2, FFFFFFFC
# ** Note:   x3=00000002 x5=00002000 x6=00002000 
# ** Note: ** Addr=000000E4, Word=57, Instuction=00301663, Mnemonic=bne x0, x3, 0000000C
# ** Note:   x3=00000002 x5=00002000 x6=00002000 
# ** Note: ** Addr=000000F0, Word=60, Instuction=00300193, Mnemonic=addi x3, x0, 00000003
# ** Note:   x3=00000003 x5=00002000 x6=00002000 
# ** Note: ** Addr=000000F4, Word=61, Instuction=00100093, Mnemonic=addi x1, x0, 00000001
# ** Note:   x1=00000001 x3=00000003 x5=00002000 x6=00002000 
# ** Note: ** Addr=000000F8, Word=62, Instuction=00100113, Mnemonic=addi x2, x0, 00000001
# ** Note:   x1=00000001 x2=00000001 x3=00000003 x5=00002000 x6=00002000 
# ** Note: ** Addr=000000FC, Word=63, Instuction=0020F663, Mnemonic=bgeu x1, x2, 0000000C
# ** Note:   x1=00000001 x2=00000001 x3=00000003 x5=00002000 x6=00002000 
# ** Warning: (vsim-151) NUMERIC_STD.TO_INTEGER: Value -4 is not in bounds of subtype NATURAL.
# ** Warning: (vsim-151) NUMERIC_STD.TO_INTEGER: Value -4 is not in bounds of subtype NATURAL.
# ** Note: ** Addr=00000108, Word=66, Instuction=FE20FEE3, Mnemonic=bgeu x1, x2, FFFFFFFC
# ** Note:   x1=00000001 x2=00000001 x3=00000003 x5=00002000 x6=00002000 
# ** Note: ** Addr=00000104, Word=65, Instuction=00301663, Mnemonic=bne x0, x3, 0000000C
# ** Note:   x1=00000001 x2=00000001 x3=00000003 x5=00002000 x6=00002000 
# ** Warning: (vsim-151) NUMERIC_STD.TO_INTEGER: Value -2 is not in bounds of subtype NATURAL.
# ** Warning: (vsim-151) NUMERIC_STD.TO_INTEGER: Value -2 is not in bounds of subtype NATURAL.
# ** Note: ** Addr=00000110, Word=68, Instuction=00400193, Mnemonic=addi x3, x0, 00000004
# ** Note:   x1=00000001 x2=00000001 x3=00000004 x5=00002000 x6=00002000 
# ** Note: ** Addr=00000114, Word=69, Instuction=FFF00093, Mnemonic=addi x1, x0, FFFFFFFF
# ** Note:   x1=FFFFFFFF x2=00000001 x3=00000004 x5=00002000 x6=00002000 
# ** Note: ** Addr=00000118, Word=70, Instuction=FFF00113, Mnemonic=addi x2, x0, FFFFFFFF
# ** Note:   x1=FFFFFFFF x2=FFFFFFFF x3=00000004 x5=00002000 x6=00002000 
# ** Note: ** Addr=0000011C, Word=71, Instuction=0020F663, Mnemonic=bgeu x1, x2, 0000000C
# ** Note:   x1=FFFFFFFF x2=FFFFFFFF x3=00000004 x5=00002000 x6=00002000 
# ** Warning: (vsim-151) NUMERIC_STD.TO_INTEGER: Value -4 is not in bounds of subtype NATURAL.
# ** Warning: (vsim-151) NUMERIC_STD.TO_INTEGER: Value -4 is not in bounds of subtype NATURAL.
# ** Note: ** Addr=00000128, Word=74, Instuction=FE20FEE3, Mnemonic=bgeu x1, x2, FFFFFFFC
# ** Note:   x1=FFFFFFFF x2=FFFFFFFF x3=00000004 x5=00002000 x6=00002000 
# ** Note: ** Addr=00000124, Word=73, Instuction=00301663, Mnemonic=bne x0, x3, 0000000C
# ** Note:   x1=FFFFFFFF x2=FFFFFFFF x3=00000004 x5=00002000 x6=00002000 
# ** Note: ** Addr=00000130, Word=76, Instuction=00500193, Mnemonic=addi x3, x0, 00000005
# ** Note:   x1=FFFFFFFF x2=FFFFFFFF x3=00000005 x5=00002000 x6=00002000 
# ** Note: ** Addr=00000134, Word=77, Instuction=00100093, Mnemonic=addi x1, x0, 00000001
# ** Note:   x1=00000001 x2=FFFFFFFF x3=00000005 x5=00002000 x6=00002000 
# ** Note: ** Addr=00000138, Word=78, Instuction=00000113, Mnemonic=addi x2, x0, 00000000
# ** Note:   x1=00000001 x3=00000005 x5=00002000 x6=00002000 
# ** Note: ** Addr=0000013C, Word=79, Instuction=0020F663, Mnemonic=bgeu x1, x2, 0000000C
# ** Note:   x1=00000001 x3=00000005 x5=00002000 x6=00002000 
# ** Warning: (vsim-151) NUMERIC_STD.TO_INTEGER: Value -6 is not in bounds of subtype NATURAL.
# ** Warning: (vsim-151) NUMERIC_STD.TO_INTEGER: Value -6 is not in bounds of subtype NATURAL.
# ** Note: ** Addr=00000148, Word=82, Instuction=FE20FEE3, Mnemonic=bgeu x1, x2, FFFFFFFC
# ** Note:   x1=00000001 x3=00000005 x5=00002000 x6=00002000 
# ** Note: ** Addr=00000144, Word=81, Instuction=00301663, Mnemonic=bne x0, x3, 0000000C
# ** Note:   x1=00000001 x3=00000005 x5=00002000 x6=00002000 
# ** Warning: (vsim-151) NUMERIC_STD.TO_INTEGER: Value -2 is not in bounds of subtype NATURAL.
# ** Warning: (vsim-151) NUMERIC_STD.TO_INTEGER: Value -2 is not in bounds of subtype NATURAL.
# ** Note: ** Addr=00000150, Word=84, Instuction=00600193, Mnemonic=addi x3, x0, 00000006
# ** Note:   x1=00000001 x3=00000006 x5=00002000 x6=00002000 
# ** Warning: (vsim-151) NUMERIC_STD.TO_INTEGER: Value -2 is not in bounds of subtype NATURAL.
# ** Warning: (vsim-151) NUMERIC_STD.TO_INTEGER: Value -2 is not in bounds of subtype NATURAL.
# ** Note: ** Addr=00000154, Word=85, Instuction=FFF00093, Mnemonic=addi x1, x0, FFFFFFFF
# ** Note:   x1=FFFFFFFF x3=00000006 x5=00002000 x6=00002000 
# ** Note: ** Addr=00000158, Word=86, Instuction=FFE00113, Mnemonic=addi x2, x0, FFFFFFFE
# ** Note:   x1=FFFFFFFF x2=FFFFFFFE x3=00000006 x5=00002000 x6=00002000 
# ** Note: ** Addr=0000015C, Word=87, Instuction=0020F663, Mnemonic=bgeu x1, x2, 0000000C
# ** Note:   x1=FFFFFFFF x2=FFFFFFFE x3=00000006 x5=00002000 x6=00002000 
# ** Warning: (vsim-151) NUMERIC_STD.TO_INTEGER: Value -6 is not in bounds of subtype NATURAL.
# ** Warning: (vsim-151) NUMERIC_STD.TO_INTEGER: Value -6 is not in bounds of subtype NATURAL.
# ** Note: ** Addr=00000168, Word=90, Instuction=FE20FEE3, Mnemonic=bgeu x1, x2, FFFFFFFC
# ** Note:   x1=FFFFFFFF x2=FFFFFFFE x3=00000006 x5=00002000 x6=00002000 
# ** Note: ** Addr=00000164, Word=89, Instuction=00301663, Mnemonic=bne x0, x3, 0000000C
# ** Note:   x1=FFFFFFFF x2=FFFFFFFE x3=00000006 x5=00002000 x6=00002000 
# ** Warning: (vsim-151) NUMERIC_STD.TO_INTEGER: Value -2 is not in bounds of subtype NATURAL.
# ** Warning: (vsim-151) NUMERIC_STD.TO_INTEGER: Value -2 is not in bounds of subtype NATURAL.
# ** Note: ** Addr=00000170, Word=92, Instuction=00700193, Mnemonic=addi x3, x0, 00000007
# ** Note:   x1=FFFFFFFF x2=FFFFFFFE x3=00000007 x5=00002000 x6=00002000 
# ** Note: ** Addr=00000174, Word=93, Instuction=FFF00093, Mnemonic=addi x1, x0, FFFFFFFF
# ** Note:   x1=FFFFFFFF x2=FFFFFFFE x3=00000007 x5=00002000 x6=00002000 
# ** Note: ** Addr=00000178, Word=94, Instuction=00000113, Mnemonic=addi x2, x0, 00000000
# ** Note:   x1=FFFFFFFF x3=00000007 x5=00002000 x6=00002000 
# ** Note: ** Addr=0000017C, Word=95, Instuction=0020F663, Mnemonic=bgeu x1, x2, 0000000C
# ** Note:   x1=FFFFFFFF x3=00000007 x5=00002000 x6=00002000 
# ** Warning: (vsim-151) NUMERIC_STD.TO_INTEGER: Value -2 is not in bounds of subtype NATURAL.
# ** Warning: (vsim-151) NUMERIC_STD.TO_INTEGER: Value -2 is not in bounds of subtype NATURAL.
# ** Warning: (vsim-151) NUMERIC_STD.TO_INTEGER: Value -8 is not in bounds of subtype NATURAL.
# ** Warning: (vsim-151) NUMERIC_STD.TO_INTEGER: Value -8 is not in bounds of subtype NATURAL.
# ** Note: ** Addr=00000188, Word=98, Instuction=FE20FEE3, Mnemonic=bgeu x1, x2, FFFFFFFC
# ** Note:   x1=FFFFFFFF x3=00000007 x5=00002000 x6=00002000 
# ** Note: ** Addr=00000184, Word=97, Instuction=00301663, Mnemonic=bne x0, x3, 0000000C
# ** Note:   x1=FFFFFFFF x3=00000007 x5=00002000 x6=00002000 
# ** Note: ** Addr=00000190, Word=100, Instuction=00800193, Mnemonic=addi x3, x0, 00000008
# ** Note:   x1=FFFFFFFF x3=00000008 x5=00002000 x6=00002000 
# ** Note: ** Addr=00000194, Word=101, Instuction=00000093, Mnemonic=addi x1, x0, 00000000
# ** Note:   x3=00000008 x5=00002000 x6=00002000 
# ** Note: ** Addr=00000198, Word=102, Instuction=00100113, Mnemonic=addi x2, x0, 00000001
# ** Note:   x2=00000001 x3=00000008 x5=00002000 x6=00002000 
# ** Warning: (vsim-151) NUMERIC_STD.TO_INTEGER: Value -2 is not in bounds of subtype NATURAL.
# ** Warning: (vsim-151) NUMERIC_STD.TO_INTEGER: Value -2 is not in bounds of subtype NATURAL.
# ** Warning: (vsim-151) NUMERIC_STD.TO_INTEGER: Value -8 is not in bounds of subtype NATURAL.
# ** Warning: (vsim-151) NUMERIC_STD.TO_INTEGER: Value -8 is not in bounds of subtype NATURAL.
# ** Note: ** Addr=0000019C, Word=103, Instuction=0020F463, Mnemonic=bgeu x1, x2, 00000008
# ** Note:   x2=00000001 x3=00000008 x5=00002000 x6=00002000 
# ** Note: ** Addr=000001A0, Word=104, Instuction=00301463, Mnemonic=bne x0, x3, 00000008
# ** Note:   x2=00000001 x3=00000008 x5=00002000 x6=00002000 
# ** Note: ** Addr=000001A8, Word=106, Instuction=FE20FEE3, Mnemonic=bgeu x1, x2, FFFFFFFC
# ** Note:   x2=00000001 x3=00000008 x5=00002000 x6=00002000 
# ** Warning: (vsim-151) NUMERIC_STD.TO_INTEGER: Value -2 is not in bounds of subtype NATURAL.
# ** Warning: (vsim-151) NUMERIC_STD.TO_INTEGER: Value -2 is not in bounds of subtype NATURAL.
# ** Note: ** Addr=000001AC, Word=107, Instuction=00900193, Mnemonic=addi x3, x0, 00000009
# ** Note:   x2=00000001 x3=00000009 x5=00002000 x6=00002000 
# ** Warning: (vsim-151) NUMERIC_STD.TO_INTEGER: Value -2 is not in bounds of subtype NATURAL.
# ** Warning: (vsim-151) NUMERIC_STD.TO_INTEGER: Value -2 is not in bounds of subtype NATURAL.
# ** Note: ** Addr=000001B0, Word=108, Instuction=FFE00093, Mnemonic=addi x1, x0, FFFFFFFE
# ** Note:   x1=FFFFFFFE x2=00000001 x3=00000009 x5=00002000 x6=00002000 
# ** Note: ** Addr=000001B4, Word=109, Instuction=FFF00113, Mnemonic=addi x2, x0, FFFFFFFF
# ** Note:   x1=FFFFFFFE x2=FFFFFFFF x3=00000009 x5=00002000 x6=00002000 
# ** Warning: (vsim-151) NUMERIC_STD.TO_INTEGER: Value -2 is not in bounds of subtype NATURAL.
# ** Warning: (vsim-151) NUMERIC_STD.TO_INTEGER: Value -2 is not in bounds of subtype NATURAL.
# ** Warning: (vsim-151) NUMERIC_STD.TO_INTEGER: Value -10 is not in bounds of subtype NATURAL.
# ** Warning: (vsim-151) NUMERIC_STD.TO_INTEGER: Value -10 is not in bounds of subtype NATURAL.
# ** Note: ** Addr=000001B8, Word=110, Instuction=0020F463, Mnemonic=bgeu x1, x2, 00000008
# ** Note:   x1=FFFFFFFE x2=FFFFFFFF x3=00000009 x5=00002000 x6=00002000 
# ** Note: ** Addr=000001BC, Word=111, Instuction=00301463, Mnemonic=bne x0, x3, 00000008
# ** Note:   x1=FFFFFFFE x2=FFFFFFFF x3=00000009 x5=00002000 x6=00002000 
# ** Warning: (vsim-151) NUMERIC_STD.TO_INTEGER: Value -4 is not in bounds of subtype NATURAL.
# ** Warning: (vsim-151) NUMERIC_STD.TO_INTEGER: Value -4 is not in bounds of subtype NATURAL.
# ** Note: ** Addr=000001C4, Word=113, Instuction=FE20FEE3, Mnemonic=bgeu x1, x2, FFFFFFFC
# ** Note:   x1=FFFFFFFE x2=FFFFFFFF x3=00000009 x5=00002000 x6=00002000 
# ** Note: ** Addr=000001C8, Word=114, Instuction=00A00193, Mnemonic=addi x3, x0, 0000000A
# ** Note:   x1=FFFFFFFE x2=FFFFFFFF x3=0000000A x5=00002000 x6=00002000 
# ** Warning: (vsim-151) NUMERIC_STD.TO_INTEGER: Value -2 is not in bounds of subtype NATURAL.
# ** Warning: (vsim-151) NUMERIC_STD.TO_INTEGER: Value -2 is not in bounds of subtype NATURAL.
# ** Note: ** Addr=000001CC, Word=115, Instuction=00000093, Mnemonic=addi x1, x0, 00000000
# ** Note:   x2=FFFFFFFF x3=0000000A x5=00002000 x6=00002000 
# ** Note: ** Addr=000001D0, Word=116, Instuction=FFF00113, Mnemonic=addi x2, x0, FFFFFFFF
# ** Note:   x2=FFFFFFFF x3=0000000A x5=00002000 x6=00002000 
# ** Warning: (vsim-151) NUMERIC_STD.TO_INTEGER: Value -10 is not in bounds of subtype NATURAL.
# ** Warning: (vsim-151) NUMERIC_STD.TO_INTEGER: Value -10 is not in bounds of subtype NATURAL.
# ** Note: ** Addr=000001D4, Word=117, Instuction=0020F463, Mnemonic=bgeu x1, x2, 00000008
# ** Note:   x2=FFFFFFFF x3=0000000A x5=00002000 x6=00002000 
# ** Note: ** Addr=000001D8, Word=118, Instuction=00301463, Mnemonic=bne x0, x3, 00000008
# ** Note:   x2=FFFFFFFF x3=0000000A x5=00002000 x6=00002000 
# ** Warning: (vsim-151) NUMERIC_STD.TO_INTEGER: Value -2 is not in bounds of subtype NATURAL.
# ** Warning: (vsim-151) NUMERIC_STD.TO_INTEGER: Value -2 is not in bounds of subtype NATURAL.
# ** Note: ** Addr=000001E0, Word=120, Instuction=FE20FEE3, Mnemonic=bgeu x1, x2, FFFFFFFC
# ** Note:   x2=FFFFFFFF x3=0000000A x5=00002000 x6=00002000 
# ** Warning: (vsim-151) NUMERIC_STD.TO_INTEGER: Value -2048 is not in bounds of subtype NATURAL.
# ** Warning: (vsim-151) NUMERIC_STD.TO_INTEGER: Value -2048 is not in bounds of subtype NATURAL.
# ** Note: ** Addr=000001E4, Word=121, Instuction=00B00193, Mnemonic=addi x3, x0, 0000000B
# ** Note:   x2=FFFFFFFF x3=0000000B x5=00002000 x6=00002000 
# ** Note: ** Addr=000001E8, Word=122, Instuction=800000B7, Mnemonic=lui x1, 80000000
# ** Note:   x1=80000000 x2=FFFFFFFF x3=0000000B x5=00002000 x6=00002000 
# ** Note: ** Addr=000001EC, Word=123, Instuction=FFF08093, Mnemonic=addi x1, x1, FFFFFFFF
# ** Note:   x1=7FFFFFFF x2=FFFFFFFF x3=0000000B x5=00002000 x6=00002000 
# ** Note: ** Addr=000001F0, Word=124, Instuction=80000137, Mnemonic=lui x2, 80000000
# ** Note:   x1=7FFFFFFF x2=80000000 x3=0000000B x5=00002000 x6=00002000 
# ** Warning: (vsim-151) NUMERIC_STD.TO_INTEGER: Value -2 is not in bounds of subtype NATURAL.
# ** Warning: (vsim-151) NUMERIC_STD.TO_INTEGER: Value -2 is not in bounds of subtype NATURAL.
# ** Warning: (vsim-151) NUMERIC_STD.TO_INTEGER: Value -12 is not in bounds of subtype NATURAL.
# ** Warning: (vsim-151) NUMERIC_STD.TO_INTEGER: Value -12 is not in bounds of subtype NATURAL.
# ** Note: ** Addr=000001F4, Word=125, Instuction=0020F463, Mnemonic=bgeu x1, x2, 00000008
# ** Note:   x1=7FFFFFFF x2=80000000 x3=0000000B x5=00002000 x6=00002000 
# ** Note: ** Addr=000001F8, Word=126, Instuction=00301463, Mnemonic=bne x0, x3, 00000008
# ** Note:   x1=7FFFFFFF x2=80000000 x3=0000000B x5=00002000 x6=00002000 
# ** Warning: (vsim-151) NUMERIC_STD.TO_INTEGER: Value -2 is not in bounds of subtype NATURAL.
# ** Warning: (vsim-151) NUMERIC_STD.TO_INTEGER: Value -2 is not in bounds of subtype NATURAL.
# ** Note: ** Addr=00000200, Word=128, Instuction=FE20FEE3, Mnemonic=bgeu x1, x2, FFFFFFFC
# ** Note:   x1=7FFFFFFF x2=80000000 x3=0000000B x5=00002000 x6=00002000 
# ** Note: ** Addr=00000204, Word=129, Instuction=00C00193, Mnemonic=addi x3, x0, 0000000C
# ** Note:   x1=7FFFFFFF x2=80000000 x3=0000000C x5=00002000 x6=00002000 
# ** Warning: (vsim-151) NUMERIC_STD.TO_INTEGER: Value -256 is not in bounds of subtype NATURAL.
# ** Warning: (vsim-151) NUMERIC_STD.TO_INTEGER: Value -256 is not in bounds of subtype NATURAL.
# ** Note: ** Addr=00000208, Word=130, Instuction=00000213, Mnemonic=addi x4, x0, 00000000
# ** Note:   x1=7FFFFFFF x2=80000000 x3=0000000C x5=00002000 x6=00002000 
# ** Warning: (vsim-151) NUMERIC_STD.TO_INTEGER: Value -268435458 is not in bounds of subtype NATURAL.
# ** Warning: (vsim-151) NUMERIC_STD.TO_INTEGER: Value -268435458 is not in bounds of subtype NATURAL.
# ** Note: ** Addr=0000020C, Word=131, Instuction=F00000B7, Mnemonic=lui x1, F0000000
# ** Note:   x1=F0000000 x2=80000000 x3=0000000C x5=00002000 x6=00002000 
# ** Warning: (vsim-151) NUMERIC_STD.TO_INTEGER: Value -268435458 is not in bounds of subtype NATURAL.
# ** Warning: (vsim-151) NUMERIC_STD.TO_INTEGER: Value -268435458 is not in bounds of subtype NATURAL.
# ** Warning: (vsim-151) NUMERIC_STD.TO_INTEGER: Value -268435714 is not in bounds of subtype NATURAL.
# ** Warning: (vsim-151) NUMERIC_STD.TO_INTEGER: Value -268435714 is not in bounds of subtype NATURAL.
# ** Note: ** Addr=00000210, Word=132, Instuction=FFF08093, Mnemonic=addi x1, x1, FFFFFFFF
# ** Note:   x1=EFFFFFFF x2=80000000 x3=0000000C x5=00002000 x6=00002000 
# ** Note: ** Addr=00000214, Word=133, Instuction=F0000137, Mnemonic=lui x2, F0000000
# ** Note:   x1=EFFFFFFF x2=F0000000 x3=0000000C x5=00002000 x6=00002000 
# ** Warning: (vsim-151) NUMERIC_STD.TO_INTEGER: Value -536870914 is not in bounds of subtype NATURAL.
# ** Warning: (vsim-151) NUMERIC_STD.TO_INTEGER: Value -536870914 is not in bounds of subtype NATURAL.
# ** Note: ** Addr=00000218, Word=134, Instuction=2020F663, Mnemonic=bgeu x1, x2, 0000020C
# ** Note:   x1=EFFFFFFF x2=F0000000 x3=0000000C x5=00002000 x6=00002000 
# ** Note: ** Addr=0000021C, Word=135, Instuction=00120213, Mnemonic=addi x4, x4, 00000001
# ** Note:   x1=EFFFFFFF x2=F0000000 x3=0000000C x4=00000001 x5=00002000 x6=00002000 
# ** Warning: (vsim-151) NUMERIC_STD.TO_INTEGER: Value -2 is not in bounds of subtype NATURAL.
# ** Warning: (vsim-151) NUMERIC_STD.TO_INTEGER: Value -2 is not in bounds of subtype NATURAL.
# ** Note: ** Addr=00000220, Word=136, Instuction=00200293, Mnemonic=addi x5, x0, 00000002
# ** Note:   x1=EFFFFFFF x2=F0000000 x3=0000000C x4=00000001 x5=00000002 x6=00002000 
# ** Note: ** Addr=00000224, Word=137, Instuction=FE5214E3, Mnemonic=bne x4, x5, FFFFFFE8
# ** Note:   x1=EFFFFFFF x2=F0000000 x3=0000000C x4=00000001 x5=00000002 x6=00002000 
# ** Warning: (vsim-151) NUMERIC_STD.TO_INTEGER: Value -268435458 is not in bounds of subtype NATURAL.
# ** Warning: (vsim-151) NUMERIC_STD.TO_INTEGER: Value -268435458 is not in bounds of subtype NATURAL.
# ** Note: ** Addr=0000020C, Word=131, Instuction=F00000B7, Mnemonic=lui x1, F0000000
# ** Note:   x1=F0000000 x2=F0000000 x3=0000000C x4=00000001 x5=00000002 x6=00002000 
# ** Warning: (vsim-151) NUMERIC_STD.TO_INTEGER: Value -268435458 is not in bounds of subtype NATURAL.
# ** Warning: (vsim-151) NUMERIC_STD.TO_INTEGER: Value -268435458 is not in bounds of subtype NATURAL.
# ** Warning: (vsim-151) NUMERIC_STD.TO_INTEGER: Value -268435714 is not in bounds of subtype NATURAL.
# ** Warning: (vsim-151) NUMERIC_STD.TO_INTEGER: Value -268435714 is not in bounds of subtype NATURAL.
# ** Note: ** Addr=00000210, Word=132, Instuction=FFF08093, Mnemonic=addi x1, x1, FFFFFFFF
# ** Note:   x1=EFFFFFFF x2=F0000000 x3=0000000C x4=00000001 x5=00000002 x6=00002000 
# ** Note: ** Addr=00000214, Word=133, Instuction=F0000137, Mnemonic=lui x2, F0000000
# ** Note:   x1=EFFFFFFF x2=F0000000 x3=0000000C x4=00000001 x5=00000002 x6=00002000 
# ** Warning: (vsim-151) NUMERIC_STD.TO_INTEGER: Value -536870914 is not in bounds of subtype NATURAL.
# ** Warning: (vsim-151) NUMERIC_STD.TO_INTEGER: Value -536870914 is not in bounds of subtype NATURAL.
# ** Note: ** Addr=00000218, Word=134, Instuction=2020F663, Mnemonic=bgeu x1, x2, 0000020C
# ** Note:   x1=EFFFFFFF x2=F0000000 x3=0000000C x4=00000001 x5=00000002 x6=00002000 
# ** Note: ** Addr=0000021C, Word=135, Instuction=00120213, Mnemonic=addi x4, x4, 00000001
# ** Note:   x1=EFFFFFFF x2=F0000000 x3=0000000C x4=00000002 x5=00000002 x6=00002000 
# ** Note: ** Addr=00000220, Word=136, Instuction=00200293, Mnemonic=addi x5, x0, 00000002
# ** Note:   x1=EFFFFFFF x2=F0000000 x3=0000000C x4=00000002 x5=00000002 x6=00002000 
# ** Note: ** Addr=00000224, Word=137, Instuction=FE5214E3, Mnemonic=bne x4, x5, FFFFFFE8
# ** Note:   x1=EFFFFFFF x2=F0000000 x3=0000000C x4=00000002 x5=00000002 x6=00002000 
# ** Note: ** Addr=00000228, Word=138, Instuction=00D00193, Mnemonic=addi x3, x0, 0000000D
# ** Note:   x1=EFFFFFFF x2=F0000000 x3=0000000D x4=00000002 x5=00000002 x6=00002000 
# ** Warning: (vsim-151) NUMERIC_STD.TO_INTEGER: Value -256 is not in bounds of subtype NATURAL.
# ** Warning: (vsim-151) NUMERIC_STD.TO_INTEGER: Value -256 is not in bounds of subtype NATURAL.
# ** Note: ** Addr=0000022C, Word=139, Instuction=00000213, Mnemonic=addi x4, x0, 00000000
# ** Note:   x1=EFFFFFFF x2=F0000000 x3=0000000D x5=00000002 x6=00002000 
# ** Warning: (vsim-151) NUMERIC_STD.TO_INTEGER: Value -268435458 is not in bounds of subtype NATURAL.
# ** Warning: (vsim-151) NUMERIC_STD.TO_INTEGER: Value -268435458 is not in bounds of subtype NATURAL.
# ** Note: ** Addr=00000230, Word=140, Instuction=F00000B7, Mnemonic=lui x1, F0000000
# ** Note:   x1=F0000000 x2=F0000000 x3=0000000D x5=00000002 x6=00002000 
# ** Warning: (vsim-151) NUMERIC_STD.TO_INTEGER: Value -268435458 is not in bounds of subtype NATURAL.
# ** Warning: (vsim-151) NUMERIC_STD.TO_INTEGER: Value -268435458 is not in bounds of subtype NATURAL.
# ** Warning: (vsim-151) NUMERIC_STD.TO_INTEGER: Value -268435714 is not in bounds of subtype NATURAL.
# ** Warning: (vsim-151) NUMERIC_STD.TO_INTEGER: Value -268435714 is not in bounds of subtype NATURAL.
# ** Note: ** Addr=00000234, Word=141, Instuction=FFF08093, Mnemonic=addi x1, x1, FFFFFFFF
# ** Note:   x1=EFFFFFFF x2=F0000000 x3=0000000D x5=00000002 x6=00002000 
# ** Note: ** Addr=00000238, Word=142, Instuction=F0000137, Mnemonic=lui x2, F0000000
# ** Note:   x1=EFFFFFFF x2=F0000000 x3=0000000D x5=00000002 x6=00002000 
# ** Note: ** Addr=0000023C, Word=143, Instuction=00000013, Mnemonic=addi x0, x0, 00000000
# ** Note:   x1=EFFFFFFF x2=F0000000 x3=0000000D x5=00000002 x6=00002000 
# ** Warning: (vsim-151) NUMERIC_STD.TO_INTEGER: Value -536870914 is not in bounds of subtype NATURAL.
# ** Warning: (vsim-151) NUMERIC_STD.TO_INTEGER: Value -536870914 is not in bounds of subtype NATURAL.
# ** Note: ** Addr=00000240, Word=144, Instuction=1E20F263, Mnemonic=bgeu x1, x2, 000001E4
# ** Note:   x1=EFFFFFFF x2=F0000000 x3=0000000D x5=00000002 x6=00002000 
# ** Note: ** Addr=00000244, Word=145, Instuction=00120213, Mnemonic=addi x4, x4, 00000001
# ** Note:   x1=EFFFFFFF x2=F0000000 x3=0000000D x4=00000001 x5=00000002 x6=00002000 
# ** Warning: (vsim-151) NUMERIC_STD.TO_INTEGER: Value -2 is not in bounds of subtype NATURAL.
# ** Warning: (vsim-151) NUMERIC_STD.TO_INTEGER: Value -2 is not in bounds of subtype NATURAL.
# ** Note: ** Addr=00000248, Word=146, Instuction=00200293, Mnemonic=addi x5, x0, 00000002
# ** Note:   x1=EFFFFFFF x2=F0000000 x3=0000000D x4=00000001 x5=00000002 x6=00002000 
# ** Note: ** Addr=0000024C, Word=147, Instuction=FE5212E3, Mnemonic=bne x4, x5, FFFFFFE4
# ** Note:   x1=EFFFFFFF x2=F0000000 x3=0000000D x4=00000001 x5=00000002 x6=00002000 
# ** Warning: (vsim-151) NUMERIC_STD.TO_INTEGER: Value -268435458 is not in bounds of subtype NATURAL.
# ** Warning: (vsim-151) NUMERIC_STD.TO_INTEGER: Value -268435458 is not in bounds of subtype NATURAL.
# ** Note: ** Addr=00000230, Word=140, Instuction=F00000B7, Mnemonic=lui x1, F0000000
# ** Note:   x1=F0000000 x2=F0000000 x3=0000000D x4=00000001 x5=00000002 x6=00002000 
# ** Warning: (vsim-151) NUMERIC_STD.TO_INTEGER: Value -268435458 is not in bounds of subtype NATURAL.
# ** Warning: (vsim-151) NUMERIC_STD.TO_INTEGER: Value -268435458 is not in bounds of subtype NATURAL.
# ** Warning: (vsim-151) NUMERIC_STD.TO_INTEGER: Value -268435714 is not in bounds of subtype NATURAL.
# ** Warning: (vsim-151) NUMERIC_STD.TO_INTEGER: Value -268435714 is not in bounds of subtype NATURAL.
# ** Note: ** Addr=00000234, Word=141, Instuction=FFF08093, Mnemonic=addi x1, x1, FFFFFFFF
# ** Note:   x1=EFFFFFFF x2=F0000000 x3=0000000D x4=00000001 x5=00000002 x6=00002000 
# ** Note: ** Addr=00000238, Word=142, Instuction=F0000137, Mnemonic=lui x2, F0000000
# ** Note:   x1=EFFFFFFF x2=F0000000 x3=0000000D x4=00000001 x5=00000002 x6=00002000 
# ** Note: ** Addr=0000023C, Word=143, Instuction=00000013, Mnemonic=addi x0, x0, 00000000
# ** Note:   x1=EFFFFFFF x2=F0000000 x3=0000000D x4=00000001 x5=00000002 x6=00002000 
# ** Warning: (vsim-151) NUMERIC_STD.TO_INTEGER: Value -536870914 is not in bounds of subtype NATURAL.
# ** Warning: (vsim-151) NUMERIC_STD.TO_INTEGER: Value -536870914 is not in bounds of subtype NATURAL.
# ** Note: ** Addr=00000240, Word=144, Instuction=1E20F263, Mnemonic=bgeu x1, x2, 000001E4
# ** Note:   x1=EFFFFFFF x2=F0000000 x3=0000000D x4=00000001 x5=00000002 x6=00002000 
# ** Note: ** Addr=00000244, Word=145, Instuction=00120213, Mnemonic=addi x4, x4, 00000001
# ** Note:   x1=EFFFFFFF x2=F0000000 x3=0000000D x4=00000002 x5=00000002 x6=00002000 
# ** Note: ** Addr=00000248, Word=146, Instuction=00200293, Mnemonic=addi x5, x0, 00000002
# ** Note:   x1=EFFFFFFF x2=F0000000 x3=0000000D x4=00000002 x5=00000002 x6=00002000 
# ** Note: ** Addr=0000024C, Word=147, Instuction=FE5212E3, Mnemonic=bne x4, x5, FFFFFFE4
# ** Note:   x1=EFFFFFFF x2=F0000000 x3=0000000D x4=00000002 x5=00000002 x6=00002000 
# ** Note: ** Addr=00000250, Word=148, Instuction=00E00193, Mnemonic=addi x3, x0, 0000000E
# ** Note:   x1=EFFFFFFF x2=F0000000 x3=0000000E x4=00000002 x5=00000002 x6=00002000 
# ** Warning: (vsim-151) NUMERIC_STD.TO_INTEGER: Value -256 is not in bounds of subtype NATURAL.
# ** Warning: (vsim-151) NUMERIC_STD.TO_INTEGER: Value -256 is not in bounds of subtype NATURAL.
# ** Note: ** Addr=00000254, Word=149, Instuction=00000213, Mnemonic=addi x4, x0, 00000000
# ** Note:   x1=EFFFFFFF x2=F0000000 x3=0000000E x5=00000002 x6=00002000 
# ** Warning: (vsim-151) NUMERIC_STD.TO_INTEGER: Value -268435458 is not in bounds of subtype NATURAL.
# ** Warning: (vsim-151) NUMERIC_STD.TO_INTEGER: Value -268435458 is not in bounds of subtype NATURAL.
# ** Note: ** Addr=00000258, Word=150, Instuction=F00000B7, Mnemonic=lui x1, F0000000
# ** Note:   x1=F0000000 x2=F0000000 x3=0000000E x5=00000002 x6=00002000 
# ** Warning: (vsim-151) NUMERIC_STD.TO_INTEGER: Value -268435458 is not in bounds of subtype NATURAL.
# ** Warning: (vsim-151) NUMERIC_STD.TO_INTEGER: Value -268435458 is not in bounds of subtype NATURAL.
# ** Warning: (vsim-151) NUMERIC_STD.TO_INTEGER: Value -268435714 is not in bounds of subtype NATURAL.
# ** Warning: (vsim-151) NUMERIC_STD.TO_INTEGER: Value -268435714 is not in bounds of subtype NATURAL.
# ** Note: ** Addr=0000025C, Word=151, Instuction=FFF08093, Mnemonic=addi x1, x1, FFFFFFFF
# ** Note:   x1=EFFFFFFF x2=F0000000 x3=0000000E x5=00000002 x6=00002000 
# ** Note: ** Addr=00000260, Word=152, Instuction=F0000137, Mnemonic=lui x2, F0000000
# ** Note:   x1=EFFFFFFF x2=F0000000 x3=0000000E x5=00000002 x6=00002000 
# ** Note: ** Addr=00000264, Word=153, Instuction=00000013, Mnemonic=addi x0, x0, 00000000
# ** Note:   x1=EFFFFFFF x2=F0000000 x3=0000000E x5=00000002 x6=00002000 
# ** Note: ** Addr=00000268, Word=154, Instuction=00000013, Mnemonic=addi x0, x0, 00000000
# ** Note:   x1=EFFFFFFF x2=F0000000 x3=0000000E x5=00000002 x6=00002000 
# ** Warning: (vsim-151) NUMERIC_STD.TO_INTEGER: Value -536870914 is not in bounds of subtype NATURAL.
# ** Warning: (vsim-151) NUMERIC_STD.TO_INTEGER: Value -536870914 is not in bounds of subtype NATURAL.
# ** Note: ** Addr=0000026C, Word=155, Instuction=1A20FC63, Mnemonic=bgeu x1, x2, 000001B8
# ** Note:   x1=EFFFFFFF x2=F0000000 x3=0000000E x5=00000002 x6=00002000 
# ** Note: ** Addr=00000270, Word=156, Instuction=00120213, Mnemonic=addi x4, x4, 00000001
# ** Note:   x1=EFFFFFFF x2=F0000000 x3=0000000E x4=00000001 x5=00000002 x6=00002000 
# ** Warning: (vsim-151) NUMERIC_STD.TO_INTEGER: Value -2 is not in bounds of subtype NATURAL.
# ** Warning: (vsim-151) NUMERIC_STD.TO_INTEGER: Value -2 is not in bounds of subtype NATURAL.
# ** Note: ** Addr=00000274, Word=157, Instuction=00200293, Mnemonic=addi x5, x0, 00000002
# ** Note:   x1=EFFFFFFF x2=F0000000 x3=0000000E x4=00000001 x5=00000002 x6=00002000 
# ** Note: ** Addr=00000278, Word=158, Instuction=FE5210E3, Mnemonic=bne x4, x5, FFFFFFE0
# ** Note:   x1=EFFFFFFF x2=F0000000 x3=0000000E x4=00000001 x5=00000002 x6=00002000 
# ** Warning: (vsim-151) NUMERIC_STD.TO_INTEGER: Value -268435458 is not in bounds of subtype NATURAL.
# ** Warning: (vsim-151) NUMERIC_STD.TO_INTEGER: Value -268435458 is not in bounds of subtype NATURAL.
# ** Note: ** Addr=00000258, Word=150, Instuction=F00000B7, Mnemonic=lui x1, F0000000
# ** Note:   x1=F0000000 x2=F0000000 x3=0000000E x4=00000001 x5=00000002 x6=00002000 
# ** Warning: (vsim-151) NUMERIC_STD.TO_INTEGER: Value -268435458 is not in bounds of subtype NATURAL.
# ** Warning: (vsim-151) NUMERIC_STD.TO_INTEGER: Value -268435458 is not in bounds of subtype NATURAL.
# ** Warning: (vsim-151) NUMERIC_STD.TO_INTEGER: Value -268435714 is not in bounds of subtype NATURAL.
# ** Warning: (vsim-151) NUMERIC_STD.TO_INTEGER: Value -268435714 is not in bounds of subtype NATURAL.
# ** Note: ** Addr=0000025C, Word=151, Instuction=FFF08093, Mnemonic=addi x1, x1, FFFFFFFF
# ** Note:   x1=EFFFFFFF x2=F0000000 x3=0000000E x4=00000001 x5=00000002 x6=00002000 
# ** Note: ** Addr=00000260, Word=152, Instuction=F0000137, Mnemonic=lui x2, F0000000
# ** Note:   x1=EFFFFFFF x2=F0000000 x3=0000000E x4=00000001 x5=00000002 x6=00002000 
# ** Note: ** Addr=00000264, Word=153, Instuction=00000013, Mnemonic=addi x0, x0, 00000000
# ** Note:   x1=EFFFFFFF x2=F0000000 x3=0000000E x4=00000001 x5=00000002 x6=00002000 
# ** Note: ** Addr=00000268, Word=154, Instuction=00000013, Mnemonic=addi x0, x0, 00000000
# ** Note:   x1=EFFFFFFF x2=F0000000 x3=0000000E x4=00000001 x5=00000002 x6=00002000 
# ** Warning: (vsim-151) NUMERIC_STD.TO_INTEGER: Value -536870914 is not in bounds of subtype NATURAL.
# ** Warning: (vsim-151) NUMERIC_STD.TO_INTEGER: Value -536870914 is not in bounds of subtype NATURAL.
# ** Note: ** Addr=0000026C, Word=155, Instuction=1A20FC63, Mnemonic=bgeu x1, x2, 000001B8
# ** Note:   x1=EFFFFFFF x2=F0000000 x3=0000000E x4=00000001 x5=00000002 x6=00002000 
# ** Note: ** Addr=00000270, Word=156, Instuction=00120213, Mnemonic=addi x4, x4, 00000001
# ** Note:   x1=EFFFFFFF x2=F0000000 x3=0000000E x4=00000002 x5=00000002 x6=00002000 
# ** Note: ** Addr=00000274, Word=157, Instuction=00200293, Mnemonic=addi x5, x0, 00000002
# ** Note:   x1=EFFFFFFF x2=F0000000 x3=0000000E x4=00000002 x5=00000002 x6=00002000 
# ** Note: ** Addr=00000278, Word=158, Instuction=FE5210E3, Mnemonic=bne x4, x5, FFFFFFE0
# ** Note:   x1=EFFFFFFF x2=F0000000 x3=0000000E x4=00000002 x5=00000002 x6=00002000 
# ** Note: ** Addr=0000027C, Word=159, Instuction=00F00193, Mnemonic=addi x3, x0, 0000000F
# ** Note:   x1=EFFFFFFF x2=F0000000 x3=0000000F x4=00000002 x5=00000002 x6=00002000 
# ** Warning: (vsim-151) NUMERIC_STD.TO_INTEGER: Value -256 is not in bounds of subtype NATURAL.
# ** Warning: (vsim-151) NUMERIC_STD.TO_INTEGER: Value -256 is not in bounds of subtype NATURAL.
# ** Note: ** Addr=00000280, Word=160, Instuction=00000213, Mnemonic=addi x4, x0, 00000000
# ** Note:   x1=EFFFFFFF x2=F0000000 x3=0000000F x5=00000002 x6=00002000 
# ** Warning: (vsim-151) NUMERIC_STD.TO_INTEGER: Value -268435458 is not in bounds of subtype NATURAL.
# ** Warning: (vsim-151) NUMERIC_STD.TO_INTEGER: Value -268435458 is not in bounds of subtype NATURAL.
# ** Note: ** Addr=00000284, Word=161, Instuction=F00000B7, Mnemonic=lui x1, F0000000
# ** Note:   x1=F0000000 x2=F0000000 x3=0000000F x5=00000002 x6=00002000 
# ** Warning: (vsim-151) NUMERIC_STD.TO_INTEGER: Value -268435458 is not in bounds of subtype NATURAL.
# ** Warning: (vsim-151) NUMERIC_STD.TO_INTEGER: Value -268435458 is not in bounds of subtype NATURAL.
# ** Warning: (vsim-151) NUMERIC_STD.TO_INTEGER: Value -268435458 is not in bounds of subtype NATURAL.
# ** Warning: (vsim-151) NUMERIC_STD.TO_INTEGER: Value -268435458 is not in bounds of subtype NATURAL.
# ** Note: ** Addr=00000288, Word=162, Instuction=FFF08093, Mnemonic=addi x1, x1, FFFFFFFF
# ** Note:   x1=EFFFFFFF x2=F0000000 x3=0000000F x5=00000002 x6=00002000 
# ** Warning: (vsim-151) NUMERIC_STD.TO_INTEGER: Value -256 is not in bounds of subtype NATURAL.
# ** Warning: (vsim-151) NUMERIC_STD.TO_INTEGER: Value -256 is not in bounds of subtype NATURAL.
# ** Note: ** Addr=0000028C, Word=163, Instuction=00000013, Mnemonic=addi x0, x0, 00000000
# ** Note:   x1=EFFFFFFF x2=F0000000 x3=0000000F x5=00000002 x6=00002000 
# ** Note: ** Addr=00000290, Word=164, Instuction=F0000137, Mnemonic=lui x2, F0000000
# ** Note:   x1=EFFFFFFF x2=F0000000 x3=0000000F x5=00000002 x6=00002000 
# ** Warning: (vsim-151) NUMERIC_STD.TO_INTEGER: Value -536870914 is not in bounds of subtype NATURAL.
# ** Warning: (vsim-151) NUMERIC_STD.TO_INTEGER: Value -536870914 is not in bounds of subtype NATURAL.
# ** Note: ** Addr=00000294, Word=165, Instuction=1820F863, Mnemonic=bgeu x1, x2, 00000190
# ** Note:   x1=EFFFFFFF x2=F0000000 x3=0000000F x5=00000002 x6=00002000 
# ** Note: ** Addr=00000298, Word=166, Instuction=00120213, Mnemonic=addi x4, x4, 00000001
# ** Note:   x1=EFFFFFFF x2=F0000000 x3=0000000F x4=00000001 x5=00000002 x6=00002000 
# ** Warning: (vsim-151) NUMERIC_STD.TO_INTEGER: Value -2 is not in bounds of subtype NATURAL.
# ** Warning: (vsim-151) NUMERIC_STD.TO_INTEGER: Value -2 is not in bounds of subtype NATURAL.
# ** Note: ** Addr=0000029C, Word=167, Instuction=00200293, Mnemonic=addi x5, x0, 00000002
# ** Note:   x1=EFFFFFFF x2=F0000000 x3=0000000F x4=00000001 x5=00000002 x6=00002000 
# ** Note: ** Addr=000002A0, Word=168, Instuction=FE5212E3, Mnemonic=bne x4, x5, FFFFFFE4
# ** Note:   x1=EFFFFFFF x2=F0000000 x3=0000000F x4=00000001 x5=00000002 x6=00002000 
# ** Warning: (vsim-151) NUMERIC_STD.TO_INTEGER: Value -268435458 is not in bounds of subtype NATURAL.
# ** Warning: (vsim-151) NUMERIC_STD.TO_INTEGER: Value -268435458 is not in bounds of subtype NATURAL.
# ** Note: ** Addr=00000284, Word=161, Instuction=F00000B7, Mnemonic=lui x1, F0000000
# ** Note:   x1=F0000000 x2=F0000000 x3=0000000F x4=00000001 x5=00000002 x6=00002000 
# ** Warning: (vsim-151) NUMERIC_STD.TO_INTEGER: Value -268435458 is not in bounds of subtype NATURAL.
# ** Warning: (vsim-151) NUMERIC_STD.TO_INTEGER: Value -268435458 is not in bounds of subtype NATURAL.
# ** Warning: (vsim-151) NUMERIC_STD.TO_INTEGER: Value -268435458 is not in bounds of subtype NATURAL.
# ** Warning: (vsim-151) NUMERIC_STD.TO_INTEGER: Value -268435458 is not in bounds of subtype NATURAL.
# ** Note: ** Addr=00000288, Word=162, Instuction=FFF08093, Mnemonic=addi x1, x1, FFFFFFFF
# ** Note:   x1=EFFFFFFF x2=F0000000 x3=0000000F x4=00000001 x5=00000002 x6=00002000 
# ** Warning: (vsim-151) NUMERIC_STD.TO_INTEGER: Value -256 is not in bounds of subtype NATURAL.
# ** Warning: (vsim-151) NUMERIC_STD.TO_INTEGER: Value -256 is not in bounds of subtype NATURAL.
# ** Note: ** Addr=0000028C, Word=163, Instuction=00000013, Mnemonic=addi x0, x0, 00000000
# ** Note:   x1=EFFFFFFF x2=F0000000 x3=0000000F x4=00000001 x5=00000002 x6=00002000 
# ** Note: ** Addr=00000290, Word=164, Instuction=F0000137, Mnemonic=lui x2, F0000000
# ** Note:   x1=EFFFFFFF x2=F0000000 x3=0000000F x4=00000001 x5=00000002 x6=00002000 
# ** Warning: (vsim-151) NUMERIC_STD.TO_INTEGER: Value -536870914 is not in bounds of subtype NATURAL.
# ** Warning: (vsim-151) NUMERIC_STD.TO_INTEGER: Value -536870914 is not in bounds of subtype NATURAL.
# ** Note: ** Addr=00000294, Word=165, Instuction=1820F863, Mnemonic=bgeu x1, x2, 00000190
# ** Note:   x1=EFFFFFFF x2=F0000000 x3=0000000F x4=00000001 x5=00000002 x6=00002000 
# ** Note: ** Addr=00000298, Word=166, Instuction=00120213, Mnemonic=addi x4, x4, 00000001
# ** Note:   x1=EFFFFFFF x2=F0000000 x3=0000000F x4=00000002 x5=00000002 x6=00002000 
# ** Note: ** Addr=0000029C, Word=167, Instuction=00200293, Mnemonic=addi x5, x0, 00000002
# ** Note:   x1=EFFFFFFF x2=F0000000 x3=0000000F x4=00000002 x5=00000002 x6=00002000 
# ** Note: ** Addr=000002A0, Word=168, Instuction=FE5212E3, Mnemonic=bne x4, x5, FFFFFFE4
# ** Note:   x1=EFFFFFFF x2=F0000000 x3=0000000F x4=00000002 x5=00000002 x6=00002000 
# ** Note: ** Addr=000002A4, Word=169, Instuction=01000193, Mnemonic=addi x3, x0, 00000010
# ** Note:   x1=EFFFFFFF x2=F0000000 x3=00000010 x4=00000002 x5=00000002 x6=00002000 
# ** Warning: (vsim-151) NUMERIC_STD.TO_INTEGER: Value -256 is not in bounds of subtype NATURAL.
# ** Warning: (vsim-151) NUMERIC_STD.TO_INTEGER: Value -256 is not in bounds of subtype NATURAL.
# ** Note: ** Addr=000002A8, Word=170, Instuction=00000213, Mnemonic=addi x4, x0, 00000000
# ** Note:   x1=EFFFFFFF x2=F0000000 x3=00000010 x5=00000002 x6=00002000 
# ** Warning: (vsim-151) NUMERIC_STD.TO_INTEGER: Value -268435458 is not in bounds of subtype NATURAL.
# ** Warning: (vsim-151) NUMERIC_STD.TO_INTEGER: Value -268435458 is not in bounds of subtype NATURAL.
# ** Note: ** Addr=000002AC, Word=171, Instuction=F00000B7, Mnemonic=lui x1, F0000000
# ** Note:   x1=F0000000 x2=F0000000 x3=00000010 x5=00000002 x6=00002000 
# ** Warning: (vsim-151) NUMERIC_STD.TO_INTEGER: Value -268435458 is not in bounds of subtype NATURAL.
# ** Warning: (vsim-151) NUMERIC_STD.TO_INTEGER: Value -268435458 is not in bounds of subtype NATURAL.
# ** Warning: (vsim-151) NUMERIC_STD.TO_INTEGER: Value -268435458 is not in bounds of subtype NATURAL.
# ** Warning: (vsim-151) NUMERIC_STD.TO_INTEGER: Value -268435458 is not in bounds of subtype NATURAL.
# ** Note: ** Addr=000002B0, Word=172, Instuction=FFF08093, Mnemonic=addi x1, x1, FFFFFFFF
# ** Note:   x1=EFFFFFFF x2=F0000000 x3=00000010 x5=00000002 x6=00002000 
# ** Warning: (vsim-151) NUMERIC_STD.TO_INTEGER: Value -256 is not in bounds of subtype NATURAL.
# ** Warning: (vsim-151) NUMERIC_STD.TO_INTEGER: Value -256 is not in bounds of subtype NATURAL.
# ** Note: ** Addr=000002B4, Word=173, Instuction=00000013, Mnemonic=addi x0, x0, 00000000
# ** Note:   x1=EFFFFFFF x2=F0000000 x3=00000010 x5=00000002 x6=00002000 
# ** Note: ** Addr=000002B8, Word=174, Instuction=F0000137, Mnemonic=lui x2, F0000000
# ** Note:   x1=EFFFFFFF x2=F0000000 x3=00000010 x5=00000002 x6=00002000 
# ** Note: ** Addr=000002BC, Word=175, Instuction=00000013, Mnemonic=addi x0, x0, 00000000
# ** Note:   x1=EFFFFFFF x2=F0000000 x3=00000010 x5=00000002 x6=00002000 
# ** Warning: (vsim-151) NUMERIC_STD.TO_INTEGER: Value -536870914 is not in bounds of subtype NATURAL.
# ** Warning: (vsim-151) NUMERIC_STD.TO_INTEGER: Value -536870914 is not in bounds of subtype NATURAL.
# ** Note: ** Addr=000002C0, Word=176, Instuction=1620F263, Mnemonic=bgeu x1, x2, 00000164
# ** Note:   x1=EFFFFFFF x2=F0000000 x3=00000010 x5=00000002 x6=00002000 
# ** Note: ** Addr=000002C4, Word=177, Instuction=00120213, Mnemonic=addi x4, x4, 00000001
# ** Note:   x1=EFFFFFFF x2=F0000000 x3=00000010 x4=00000001 x5=00000002 x6=00002000 
# ** Warning: (vsim-151) NUMERIC_STD.TO_INTEGER: Value -2 is not in bounds of subtype NATURAL.
# ** Warning: (vsim-151) NUMERIC_STD.TO_INTEGER: Value -2 is not in bounds of subtype NATURAL.
# ** Note: ** Addr=000002C8, Word=178, Instuction=00200293, Mnemonic=addi x5, x0, 00000002
# ** Note:   x1=EFFFFFFF x2=F0000000 x3=00000010 x4=00000001 x5=00000002 x6=00002000 
# ** Note: ** Addr=000002CC, Word=179, Instuction=FE5210E3, Mnemonic=bne x4, x5, FFFFFFE0
# ** Note:   x1=EFFFFFFF x2=F0000000 x3=00000010 x4=00000001 x5=00000002 x6=00002000 
# ** Warning: (vsim-151) NUMERIC_STD.TO_INTEGER: Value -268435458 is not in bounds of subtype NATURAL.
# ** Warning: (vsim-151) NUMERIC_STD.TO_INTEGER: Value -268435458 is not in bounds of subtype NATURAL.
# ** Note: ** Addr=000002AC, Word=171, Instuction=F00000B7, Mnemonic=lui x1, F0000000
# ** Note:   x1=F0000000 x2=F0000000 x3=00000010 x4=00000001 x5=00000002 x6=00002000 
# ** Warning: (vsim-151) NUMERIC_STD.TO_INTEGER: Value -268435458 is not in bounds of subtype NATURAL.
# ** Warning: (vsim-151) NUMERIC_STD.TO_INTEGER: Value -268435458 is not in bounds of subtype NATURAL.
# ** Warning: (vsim-151) NUMERIC_STD.TO_INTEGER: Value -268435458 is not in bounds of subtype NATURAL.
# ** Warning: (vsim-151) NUMERIC_STD.TO_INTEGER: Value -268435458 is not in bounds of subtype NATURAL.
# ** Note: ** Addr=000002B0, Word=172, Instuction=FFF08093, Mnemonic=addi x1, x1, FFFFFFFF
# ** Note:   x1=EFFFFFFF x2=F0000000 x3=00000010 x4=00000001 x5=00000002 x6=00002000 
# ** Warning: (vsim-151) NUMERIC_STD.TO_INTEGER: Value -256 is not in bounds of subtype NATURAL.
# ** Warning: (vsim-151) NUMERIC_STD.TO_INTEGER: Value -256 is not in bounds of subtype NATURAL.
# ** Note: ** Addr=000002B4, Word=173, Instuction=00000013, Mnemonic=addi x0, x0, 00000000
# ** Note:   x1=EFFFFFFF x2=F0000000 x3=00000010 x4=00000001 x5=00000002 x6=00002000 
# ** Note: ** Addr=000002B8, Word=174, Instuction=F0000137, Mnemonic=lui x2, F0000000
# ** Note:   x1=EFFFFFFF x2=F0000000 x3=00000010 x4=00000001 x5=00000002 x6=00002000 
# ** Note: ** Addr=000002BC, Word=175, Instuction=00000013, Mnemonic=addi x0, x0, 00000000
# ** Note:   x1=EFFFFFFF x2=F0000000 x3=00000010 x4=00000001 x5=00000002 x6=00002000 
# ** Warning: (vsim-151) NUMERIC_STD.TO_INTEGER: Value -536870914 is not in bounds of subtype NATURAL.
# ** Warning: (vsim-151) NUMERIC_STD.TO_INTEGER: Value -536870914 is not in bounds of subtype NATURAL.
# ** Note: ** Addr=000002C0, Word=176, Instuction=1620F263, Mnemonic=bgeu x1, x2, 00000164
# ** Note:   x1=EFFFFFFF x2=F0000000 x3=00000010 x4=00000001 x5=00000002 x6=00002000 
# ** Note: ** Addr=000002C4, Word=177, Instuction=00120213, Mnemonic=addi x4, x4, 00000001
# ** Note:   x1=EFFFFFFF x2=F0000000 x3=00000010 x4=00000002 x5=00000002 x6=00002000 
# ** Note: ** Addr=000002C8, Word=178, Instuction=00200293, Mnemonic=addi x5, x0, 00000002
# ** Note:   x1=EFFFFFFF x2=F0000000 x3=00000010 x4=00000002 x5=00000002 x6=00002000 
# ** Note: ** Addr=000002CC, Word=179, Instuction=FE5210E3, Mnemonic=bne x4, x5, FFFFFFE0
# ** Note:   x1=EFFFFFFF x2=F0000000 x3=00000010 x4=00000002 x5=00000002 x6=00002000 
# ** Note: ** Addr=000002D0, Word=180, Instuction=01100193, Mnemonic=addi x3, x0, 00000011
# ** Note:   x1=EFFFFFFF x2=F0000000 x3=00000011 x4=00000002 x5=00000002 x6=00002000 
# ** Warning: (vsim-151) NUMERIC_STD.TO_INTEGER: Value -256 is not in bounds of subtype NATURAL.
# ** Warning: (vsim-151) NUMERIC_STD.TO_INTEGER: Value -256 is not in bounds of subtype NATURAL.
# ** Note: ** Addr=000002D4, Word=181, Instuction=00000213, Mnemonic=addi x4, x0, 00000000
# ** Note:   x1=EFFFFFFF x2=F0000000 x3=00000011 x5=00000002 x6=00002000 
# ** Warning: (vsim-151) NUMERIC_STD.TO_INTEGER: Value -268435458 is not in bounds of subtype NATURAL.
# ** Warning: (vsim-151) NUMERIC_STD.TO_INTEGER: Value -268435458 is not in bounds of subtype NATURAL.
# ** Note: ** Addr=000002D8, Word=182, Instuction=F00000B7, Mnemonic=lui x1, F0000000
# ** Note:   x1=F0000000 x2=F0000000 x3=00000011 x5=00000002 x6=00002000 
# ** Warning: (vsim-151) NUMERIC_STD.TO_INTEGER: Value -268435458 is not in bounds of subtype NATURAL.
# ** Warning: (vsim-151) NUMERIC_STD.TO_INTEGER: Value -268435458 is not in bounds of subtype NATURAL.
# ** Warning: (vsim-151) NUMERIC_STD.TO_INTEGER: Value -268435458 is not in bounds of subtype NATURAL.
# ** Warning: (vsim-151) NUMERIC_STD.TO_INTEGER: Value -268435458 is not in bounds of subtype NATURAL.
# ** Note: ** Addr=000002DC, Word=183, Instuction=FFF08093, Mnemonic=addi x1, x1, FFFFFFFF
# ** Note:   x1=EFFFFFFF x2=F0000000 x3=00000011 x5=00000002 x6=00002000 
# ** Note: ** Addr=000002E0, Word=184, Instuction=00000013, Mnemonic=addi x0, x0, 00000000
# ** Note:   x1=EFFFFFFF x2=F0000000 x3=00000011 x5=00000002 x6=00002000 
# ** Warning: (vsim-151) NUMERIC_STD.TO_INTEGER: Value -256 is not in bounds of subtype NATURAL.
# ** Warning: (vsim-151) NUMERIC_STD.TO_INTEGER: Value -256 is not in bounds of subtype NATURAL.
# ** Note: ** Addr=000002E4, Word=185, Instuction=00000013, Mnemonic=addi x0, x0, 00000000
# ** Note:   x1=EFFFFFFF x2=F0000000 x3=00000011 x5=00000002 x6=00002000 
# ** Note: ** Addr=000002E8, Word=186, Instuction=F0000137, Mnemonic=lui x2, F0000000
# ** Note:   x1=EFFFFFFF x2=F0000000 x3=00000011 x5=00000002 x6=00002000 
# ** Warning: (vsim-151) NUMERIC_STD.TO_INTEGER: Value -536870914 is not in bounds of subtype NATURAL.
# ** Warning: (vsim-151) NUMERIC_STD.TO_INTEGER: Value -536870914 is not in bounds of subtype NATURAL.
# ** Note: ** Addr=000002EC, Word=187, Instuction=1220FC63, Mnemonic=bgeu x1, x2, 00000138
# ** Note:   x1=EFFFFFFF x2=F0000000 x3=00000011 x5=00000002 x6=00002000 
# ** Note: ** Addr=000002F0, Word=188, Instuction=00120213, Mnemonic=addi x4, x4, 00000001
# ** Note:   x1=EFFFFFFF x2=F0000000 x3=00000011 x4=00000001 x5=00000002 x6=00002000 
# ** Warning: (vsim-151) NUMERIC_STD.TO_INTEGER: Value -2 is not in bounds of subtype NATURAL.
# ** Warning: (vsim-151) NUMERIC_STD.TO_INTEGER: Value -2 is not in bounds of subtype NATURAL.
# ** Note: ** Addr=000002F4, Word=189, Instuction=00200293, Mnemonic=addi x5, x0, 00000002
# ** Note:   x1=EFFFFFFF x2=F0000000 x3=00000011 x4=00000001 x5=00000002 x6=00002000 
# ** Note: ** Addr=000002F8, Word=190, Instuction=FE5210E3, Mnemonic=bne x4, x5, FFFFFFE0
# ** Note:   x1=EFFFFFFF x2=F0000000 x3=00000011 x4=00000001 x5=00000002 x6=00002000 
# ** Warning: (vsim-151) NUMERIC_STD.TO_INTEGER: Value -268435458 is not in bounds of subtype NATURAL.
# ** Warning: (vsim-151) NUMERIC_STD.TO_INTEGER: Value -268435458 is not in bounds of subtype NATURAL.
# ** Note: ** Addr=000002D8, Word=182, Instuction=F00000B7, Mnemonic=lui x1, F0000000
# ** Note:   x1=F0000000 x2=F0000000 x3=00000011 x4=00000001 x5=00000002 x6=00002000 
# ** Warning: (vsim-151) NUMERIC_STD.TO_INTEGER: Value -268435458 is not in bounds of subtype NATURAL.
# ** Warning: (vsim-151) NUMERIC_STD.TO_INTEGER: Value -268435458 is not in bounds of subtype NATURAL.
# ** Warning: (vsim-151) NUMERIC_STD.TO_INTEGER: Value -268435458 is not in bounds of subtype NATURAL.
# ** Warning: (vsim-151) NUMERIC_STD.TO_INTEGER: Value -268435458 is not in bounds of subtype NATURAL.
# ** Note: ** Addr=000002DC, Word=183, Instuction=FFF08093, Mnemonic=addi x1, x1, FFFFFFFF
# ** Note:   x1=EFFFFFFF x2=F0000000 x3=00000011 x4=00000001 x5=00000002 x6=00002000 
# ** Note: ** Addr=000002E0, Word=184, Instuction=00000013, Mnemonic=addi x0, x0, 00000000
# ** Note:   x1=EFFFFFFF x2=F0000000 x3=00000011 x4=00000001 x5=00000002 x6=00002000 
# ** Warning: (vsim-151) NUMERIC_STD.TO_INTEGER: Value -256 is not in bounds of subtype NATURAL.
# ** Warning: (vsim-151) NUMERIC_STD.TO_INTEGER: Value -256 is not in bounds of subtype NATURAL.
# ** Note: ** Addr=000002E4, Word=185, Instuction=00000013, Mnemonic=addi x0, x0, 00000000
# ** Note:   x1=EFFFFFFF x2=F0000000 x3=00000011 x4=00000001 x5=00000002 x6=00002000 
# ** Note: ** Addr=000002E8, Word=186, Instuction=F0000137, Mnemonic=lui x2, F0000000
# ** Note:   x1=EFFFFFFF x2=F0000000 x3=00000011 x4=00000001 x5=00000002 x6=00002000 
# ** Warning: (vsim-151) NUMERIC_STD.TO_INTEGER: Value -536870914 is not in bounds of subtype NATURAL.
# ** Warning: (vsim-151) NUMERIC_STD.TO_INTEGER: Value -536870914 is not in bounds of subtype NATURAL.
# ** Note: ** Addr=000002EC, Word=187, Instuction=1220FC63, Mnemonic=bgeu x1, x2, 00000138
# ** Note:   x1=EFFFFFFF x2=F0000000 x3=00000011 x4=00000001 x5=00000002 x6=00002000 
# ** Note: ** Addr=000002F0, Word=188, Instuction=00120213, Mnemonic=addi x4, x4, 00000001
# ** Note:   x1=EFFFFFFF x2=F0000000 x3=00000011 x4=00000002 x5=00000002 x6=00002000 
# ** Note: ** Addr=000002F4, Word=189, Instuction=00200293, Mnemonic=addi x5, x0, 00000002
# ** Note:   x1=EFFFFFFF x2=F0000000 x3=00000011 x4=00000002 x5=00000002 x6=00002000 
# ** Note: ** Addr=000002F8, Word=190, Instuction=FE5210E3, Mnemonic=bne x4, x5, FFFFFFE0
# ** Note:   x1=EFFFFFFF x2=F0000000 x3=00000011 x4=00000002 x5=00000002 x6=00002000 
# ** Note: ** Addr=000002FC, Word=191, Instuction=01200193, Mnemonic=addi x3, x0, 00000012
# ** Note:   x1=EFFFFFFF x2=F0000000 x3=00000012 x4=00000002 x5=00000002 x6=00002000 
# ** Warning: (vsim-151) NUMERIC_STD.TO_INTEGER: Value -256 is not in bounds of subtype NATURAL.
# ** Warning: (vsim-151) NUMERIC_STD.TO_INTEGER: Value -256 is not in bounds of subtype NATURAL.
# ** Note: ** Addr=00000300, Word=192, Instuction=00000213, Mnemonic=addi x4, x0, 00000000
# ** Note:   x1=EFFFFFFF x2=F0000000 x3=00000012 x5=00000002 x6=00002000 
# ** Warning: (vsim-151) NUMERIC_STD.TO_INTEGER: Value -268435458 is not in bounds of subtype NATURAL.
# ** Warning: (vsim-151) NUMERIC_STD.TO_INTEGER: Value -268435458 is not in bounds of subtype NATURAL.
# ** Note: ** Addr=00000304, Word=193, Instuction=F00000B7, Mnemonic=lui x1, F0000000
# ** Note:   x1=F0000000 x2=F0000000 x3=00000012 x5=00000002 x6=00002000 
# ** Warning: (vsim-151) NUMERIC_STD.TO_INTEGER: Value -268435458 is not in bounds of subtype NATURAL.
# ** Warning: (vsim-151) NUMERIC_STD.TO_INTEGER: Value -268435458 is not in bounds of subtype NATURAL.
# ** Warning: (vsim-151) NUMERIC_STD.TO_INTEGER: Value -268435714 is not in bounds of subtype NATURAL.
# ** Warning: (vsim-151) NUMERIC_STD.TO_INTEGER: Value -268435714 is not in bounds of subtype NATURAL.
# ** Note: ** Addr=00000308, Word=194, Instuction=FFF08093, Mnemonic=addi x1, x1, FFFFFFFF
# ** Note:   x1=EFFFFFFF x2=F0000000 x3=00000012 x5=00000002 x6=00002000 
# ** Note: ** Addr=0000030C, Word=195, Instuction=F0000137, Mnemonic=lui x2, F0000000
# ** Note:   x1=EFFFFFFF x2=F0000000 x3=00000012 x5=00000002 x6=00002000 
# ** Warning: (vsim-151) NUMERIC_STD.TO_INTEGER: Value -536870914 is not in bounds of subtype NATURAL.
# ** Warning: (vsim-151) NUMERIC_STD.TO_INTEGER: Value -536870914 is not in bounds of subtype NATURAL.
# ** Note: ** Addr=00000310, Word=196, Instuction=1020FA63, Mnemonic=bgeu x1, x2, 00000114
# ** Note:   x1=EFFFFFFF x2=F0000000 x3=00000012 x5=00000002 x6=00002000 
# ** Note: ** Addr=00000314, Word=197, Instuction=00120213, Mnemonic=addi x4, x4, 00000001
# ** Note:   x1=EFFFFFFF x2=F0000000 x3=00000012 x4=00000001 x5=00000002 x6=00002000 
# ** Warning: (vsim-151) NUMERIC_STD.TO_INTEGER: Value -2 is not in bounds of subtype NATURAL.
# ** Warning: (vsim-151) NUMERIC_STD.TO_INTEGER: Value -2 is not in bounds of subtype NATURAL.
# ** Note: ** Addr=00000318, Word=198, Instuction=00200293, Mnemonic=addi x5, x0, 00000002
# ** Note:   x1=EFFFFFFF x2=F0000000 x3=00000012 x4=00000001 x5=00000002 x6=00002000 
# ** Note: ** Addr=0000031C, Word=199, Instuction=FE5214E3, Mnemonic=bne x4, x5, FFFFFFE8
# ** Note:   x1=EFFFFFFF x2=F0000000 x3=00000012 x4=00000001 x5=00000002 x6=00002000 
# ** Warning: (vsim-151) NUMERIC_STD.TO_INTEGER: Value -268435458 is not in bounds of subtype NATURAL.
# ** Warning: (vsim-151) NUMERIC_STD.TO_INTEGER: Value -268435458 is not in bounds of subtype NATURAL.
# ** Note: ** Addr=00000304, Word=193, Instuction=F00000B7, Mnemonic=lui x1, F0000000
# ** Note:   x1=F0000000 x2=F0000000 x3=00000012 x4=00000001 x5=00000002 x6=00002000 
# ** Warning: (vsim-151) NUMERIC_STD.TO_INTEGER: Value -268435458 is not in bounds of subtype NATURAL.
# ** Warning: (vsim-151) NUMERIC_STD.TO_INTEGER: Value -268435458 is not in bounds of subtype NATURAL.
# ** Warning: (vsim-151) NUMERIC_STD.TO_INTEGER: Value -268435714 is not in bounds of subtype NATURAL.
# ** Warning: (vsim-151) NUMERIC_STD.TO_INTEGER: Value -268435714 is not in bounds of subtype NATURAL.
# ** Note: ** Addr=00000308, Word=194, Instuction=FFF08093, Mnemonic=addi x1, x1, FFFFFFFF
# ** Note:   x1=EFFFFFFF x2=F0000000 x3=00000012 x4=00000001 x5=00000002 x6=00002000 
# ** Note: ** Addr=0000030C, Word=195, Instuction=F0000137, Mnemonic=lui x2, F0000000
# ** Note:   x1=EFFFFFFF x2=F0000000 x3=00000012 x4=00000001 x5=00000002 x6=00002000 
# ** Warning: (vsim-151) NUMERIC_STD.TO_INTEGER: Value -536870914 is not in bounds of subtype NATURAL.
# ** Warning: (vsim-151) NUMERIC_STD.TO_INTEGER: Value -536870914 is not in bounds of subtype NATURAL.
# ** Note: ** Addr=00000310, Word=196, Instuction=1020FA63, Mnemonic=bgeu x1, x2, 00000114
# ** Note:   x1=EFFFFFFF x2=F0000000 x3=00000012 x4=00000001 x5=00000002 x6=00002000 
# ** Note: ** Addr=00000314, Word=197, Instuction=00120213, Mnemonic=addi x4, x4, 00000001
# ** Note:   x1=EFFFFFFF x2=F0000000 x3=00000012 x4=00000002 x5=00000002 x6=00002000 
# ** Note: ** Addr=00000318, Word=198, Instuction=00200293, Mnemonic=addi x5, x0, 00000002
# ** Note:   x1=EFFFFFFF x2=F0000000 x3=00000012 x4=00000002 x5=00000002 x6=00002000 
# ** Note: ** Addr=0000031C, Word=199, Instuction=FE5214E3, Mnemonic=bne x4, x5, FFFFFFE8
# ** Note:   x1=EFFFFFFF x2=F0000000 x3=00000012 x4=00000002 x5=00000002 x6=00002000 
# ** Note: ** Addr=00000320, Word=200, Instuction=01300193, Mnemonic=addi x3, x0, 00000013
# ** Note:   x1=EFFFFFFF x2=F0000000 x3=00000013 x4=00000002 x5=00000002 x6=00002000 
# ** Warning: (vsim-151) NUMERIC_STD.TO_INTEGER: Value -256 is not in bounds of subtype NATURAL.
# ** Warning: (vsim-151) NUMERIC_STD.TO_INTEGER: Value -256 is not in bounds of subtype NATURAL.
# ** Note: ** Addr=00000324, Word=201, Instuction=00000213, Mnemonic=addi x4, x0, 00000000
# ** Note:   x1=EFFFFFFF x2=F0000000 x3=00000013 x5=00000002 x6=00002000 
# ** Warning: (vsim-151) NUMERIC_STD.TO_INTEGER: Value -268435458 is not in bounds of subtype NATURAL.
# ** Warning: (vsim-151) NUMERIC_STD.TO_INTEGER: Value -268435458 is not in bounds of subtype NATURAL.
# ** Note: ** Addr=00000328, Word=202, Instuction=F00000B7, Mnemonic=lui x1, F0000000
# ** Note:   x1=F0000000 x2=F0000000 x3=00000013 x5=00000002 x6=00002000 
# ** Warning: (vsim-151) NUMERIC_STD.TO_INTEGER: Value -268435458 is not in bounds of subtype NATURAL.
# ** Warning: (vsim-151) NUMERIC_STD.TO_INTEGER: Value -268435458 is not in bounds of subtype NATURAL.
# ** Warning: (vsim-151) NUMERIC_STD.TO_INTEGER: Value -268435714 is not in bounds of subtype NATURAL.
# ** Warning: (vsim-151) NUMERIC_STD.TO_INTEGER: Value -268435714 is not in bounds of subtype NATURAL.
# ** Note: ** Addr=0000032C, Word=203, Instuction=FFF08093, Mnemonic=addi x1, x1, FFFFFFFF
# ** Note:   x1=EFFFFFFF x2=F0000000 x3=00000013 x5=00000002 x6=00002000 
# ** Note: ** Addr=00000330, Word=204, Instuction=F0000137, Mnemonic=lui x2, F0000000
# ** Note:   x1=EFFFFFFF x2=F0000000 x3=00000013 x5=00000002 x6=00002000 
# ** Note: ** Addr=00000334, Word=205, Instuction=00000013, Mnemonic=addi x0, x0, 00000000
# ** Note:   x1=EFFFFFFF x2=F0000000 x3=00000013 x5=00000002 x6=00002000 
# ** Warning: (vsim-151) NUMERIC_STD.TO_INTEGER: Value -536870914 is not in bounds of subtype NATURAL.
# ** Warning: (vsim-151) NUMERIC_STD.TO_INTEGER: Value -536870914 is not in bounds of subtype NATURAL.
# ** Note: ** Addr=00000338, Word=206, Instuction=0E20F663, Mnemonic=bgeu x1, x2, 000000EC
# ** Note:   x1=EFFFFFFF x2=F0000000 x3=00000013 x5=00000002 x6=00002000 
# ** Note: ** Addr=0000033C, Word=207, Instuction=00120213, Mnemonic=addi x4, x4, 00000001
# ** Note:   x1=EFFFFFFF x2=F0000000 x3=00000013 x4=00000001 x5=00000002 x6=00002000 
# ** Warning: (vsim-151) NUMERIC_STD.TO_INTEGER: Value -2 is not in bounds of subtype NATURAL.
# ** Warning: (vsim-151) NUMERIC_STD.TO_INTEGER: Value -2 is not in bounds of subtype NATURAL.
# ** Note: ** Addr=00000340, Word=208, Instuction=00200293, Mnemonic=addi x5, x0, 00000002
# ** Note:   x1=EFFFFFFF x2=F0000000 x3=00000013 x4=00000001 x5=00000002 x6=00002000 
# ** Note: ** Addr=00000344, Word=209, Instuction=FE5212E3, Mnemonic=bne x4, x5, FFFFFFE4
# ** Note:   x1=EFFFFFFF x2=F0000000 x3=00000013 x4=00000001 x5=00000002 x6=00002000 
# ** Warning: (vsim-151) NUMERIC_STD.TO_INTEGER: Value -268435458 is not in bounds of subtype NATURAL.
# ** Warning: (vsim-151) NUMERIC_STD.TO_INTEGER: Value -268435458 is not in bounds of subtype NATURAL.
# ** Note: ** Addr=00000328, Word=202, Instuction=F00000B7, Mnemonic=lui x1, F0000000
# ** Note:   x1=F0000000 x2=F0000000 x3=00000013 x4=00000001 x5=00000002 x6=00002000 
# ** Warning: (vsim-151) NUMERIC_STD.TO_INTEGER: Value -268435458 is not in bounds of subtype NATURAL.
# ** Warning: (vsim-151) NUMERIC_STD.TO_INTEGER: Value -268435458 is not in bounds of subtype NATURAL.
# ** Warning: (vsim-151) NUMERIC_STD.TO_INTEGER: Value -268435714 is not in bounds of subtype NATURAL.
# ** Warning: (vsim-151) NUMERIC_STD.TO_INTEGER: Value -268435714 is not in bounds of subtype NATURAL.
# ** Note: ** Addr=0000032C, Word=203, Instuction=FFF08093, Mnemonic=addi x1, x1, FFFFFFFF
# ** Note:   x1=EFFFFFFF x2=F0000000 x3=00000013 x4=00000001 x5=00000002 x6=00002000 
# ** Note: ** Addr=00000330, Word=204, Instuction=F0000137, Mnemonic=lui x2, F0000000
# ** Note:   x1=EFFFFFFF x2=F0000000 x3=00000013 x4=00000001 x5=00000002 x6=00002000 
# ** Note: ** Addr=00000334, Word=205, Instuction=00000013, Mnemonic=addi x0, x0, 00000000
# ** Note:   x1=EFFFFFFF x2=F0000000 x3=00000013 x4=00000001 x5=00000002 x6=00002000 
# ** Warning: (vsim-151) NUMERIC_STD.TO_INTEGER: Value -536870914 is not in bounds of subtype NATURAL.
# ** Warning: (vsim-151) NUMERIC_STD.TO_INTEGER: Value -536870914 is not in bounds of subtype NATURAL.
# ** Note: ** Addr=00000338, Word=206, Instuction=0E20F663, Mnemonic=bgeu x1, x2, 000000EC
# ** Note:   x1=EFFFFFFF x2=F0000000 x3=00000013 x4=00000001 x5=00000002 x6=00002000 
# ** Note: ** Addr=0000033C, Word=207, Instuction=00120213, Mnemonic=addi x4, x4, 00000001
# ** Note:   x1=EFFFFFFF x2=F0000000 x3=00000013 x4=00000002 x5=00000002 x6=00002000 
# ** Note: ** Addr=00000340, Word=208, Instuction=00200293, Mnemonic=addi x5, x0, 00000002
# ** Note:   x1=EFFFFFFF x2=F0000000 x3=00000013 x4=00000002 x5=00000002 x6=00002000 
# ** Note: ** Addr=00000344, Word=209, Instuction=FE5212E3, Mnemonic=bne x4, x5, FFFFFFE4
# ** Note:   x1=EFFFFFFF x2=F0000000 x3=00000013 x4=00000002 x5=00000002 x6=00002000 
# ** Note: ** Addr=00000348, Word=210, Instuction=01400193, Mnemonic=addi x3, x0, 00000014
# ** Note:   x1=EFFFFFFF x2=F0000000 x3=00000014 x4=00000002 x5=00000002 x6=00002000 
# ** Warning: (vsim-151) NUMERIC_STD.TO_INTEGER: Value -256 is not in bounds of subtype NATURAL.
# ** Warning: (vsim-151) NUMERIC_STD.TO_INTEGER: Value -256 is not in bounds of subtype NATURAL.
# ** Note: ** Addr=0000034C, Word=211, Instuction=00000213, Mnemonic=addi x4, x0, 00000000
# ** Note:   x1=EFFFFFFF x2=F0000000 x3=00000014 x5=00000002 x6=00002000 
# ** Warning: (vsim-151) NUMERIC_STD.TO_INTEGER: Value -268435458 is not in bounds of subtype NATURAL.
# ** Warning: (vsim-151) NUMERIC_STD.TO_INTEGER: Value -268435458 is not in bounds of subtype NATURAL.
# ** Note: ** Addr=00000350, Word=212, Instuction=F00000B7, Mnemonic=lui x1, F0000000
# ** Note:   x1=F0000000 x2=F0000000 x3=00000014 x5=00000002 x6=00002000 
# ** Warning: (vsim-151) NUMERIC_STD.TO_INTEGER: Value -268435458 is not in bounds of subtype NATURAL.
# ** Warning: (vsim-151) NUMERIC_STD.TO_INTEGER: Value -268435458 is not in bounds of subtype NATURAL.
# ** Warning: (vsim-151) NUMERIC_STD.TO_INTEGER: Value -268435714 is not in bounds of subtype NATURAL.
# ** Warning: (vsim-151) NUMERIC_STD.TO_INTEGER: Value -268435714 is not in bounds of subtype NATURAL.
# ** Note: ** Addr=00000354, Word=213, Instuction=FFF08093, Mnemonic=addi x1, x1, FFFFFFFF
# ** Note:   x1=EFFFFFFF x2=F0000000 x3=00000014 x5=00000002 x6=00002000 
# ** Note: ** Addr=00000358, Word=214, Instuction=F0000137, Mnemonic=lui x2, F0000000
# ** Note:   x1=EFFFFFFF x2=F0000000 x3=00000014 x5=00000002 x6=00002000 
# ** Note: ** Addr=0000035C, Word=215, Instuction=00000013, Mnemonic=addi x0, x0, 00000000
# ** Note:   x1=EFFFFFFF x2=F0000000 x3=00000014 x5=00000002 x6=00002000 
# ** Note: ** Addr=00000360, Word=216, Instuction=00000013, Mnemonic=addi x0, x0, 00000000
# ** Note:   x1=EFFFFFFF x2=F0000000 x3=00000014 x5=00000002 x6=00002000 
# ** Warning: (vsim-151) NUMERIC_STD.TO_INTEGER: Value -536870914 is not in bounds of subtype NATURAL.
# ** Warning: (vsim-151) NUMERIC_STD.TO_INTEGER: Value -536870914 is not in bounds of subtype NATURAL.
# ** Note: ** Addr=00000364, Word=217, Instuction=0C20F063, Mnemonic=bgeu x1, x2, 000000C0
# ** Note:   x1=EFFFFFFF x2=F0000000 x3=00000014 x5=00000002 x6=00002000 
# ** Note: ** Addr=00000368, Word=218, Instuction=00120213, Mnemonic=addi x4, x4, 00000001
# ** Note:   x1=EFFFFFFF x2=F0000000 x3=00000014 x4=00000001 x5=00000002 x6=00002000 
# ** Warning: (vsim-151) NUMERIC_STD.TO_INTEGER: Value -2 is not in bounds of subtype NATURAL.
# ** Warning: (vsim-151) NUMERIC_STD.TO_INTEGER: Value -2 is not in bounds of subtype NATURAL.
# ** Note: ** Addr=0000036C, Word=219, Instuction=00200293, Mnemonic=addi x5, x0, 00000002
# ** Note:   x1=EFFFFFFF x2=F0000000 x3=00000014 x4=00000001 x5=00000002 x6=00002000 
# ** Note: ** Addr=00000370, Word=220, Instuction=FE5210E3, Mnemonic=bne x4, x5, FFFFFFE0
# ** Note:   x1=EFFFFFFF x2=F0000000 x3=00000014 x4=00000001 x5=00000002 x6=00002000 
# ** Warning: (vsim-151) NUMERIC_STD.TO_INTEGER: Value -268435458 is not in bounds of subtype NATURAL.
# ** Warning: (vsim-151) NUMERIC_STD.TO_INTEGER: Value -268435458 is not in bounds of subtype NATURAL.
# ** Note: ** Addr=00000350, Word=212, Instuction=F00000B7, Mnemonic=lui x1, F0000000
# ** Note:   x1=F0000000 x2=F0000000 x3=00000014 x4=00000001 x5=00000002 x6=00002000 
# ** Warning: (vsim-151) NUMERIC_STD.TO_INTEGER: Value -268435458 is not in bounds of subtype NATURAL.
# ** Warning: (vsim-151) NUMERIC_STD.TO_INTEGER: Value -268435458 is not in bounds of subtype NATURAL.
# ** Warning: (vsim-151) NUMERIC_STD.TO_INTEGER: Value -268435714 is not in bounds of subtype NATURAL.
# ** Warning: (vsim-151) NUMERIC_STD.TO_INTEGER: Value -268435714 is not in bounds of subtype NATURAL.
# ** Note: ** Addr=00000354, Word=213, Instuction=FFF08093, Mnemonic=addi x1, x1, FFFFFFFF
# ** Note:   x1=EFFFFFFF x2=F0000000 x3=00000014 x4=00000001 x5=00000002 x6=00002000 
# ** Note: ** Addr=00000358, Word=214, Instuction=F0000137, Mnemonic=lui x2, F0000000
# ** Note:   x1=EFFFFFFF x2=F0000000 x3=00000014 x4=00000001 x5=00000002 x6=00002000 
# ** Note: ** Addr=0000035C, Word=215, Instuction=00000013, Mnemonic=addi x0, x0, 00000000
# ** Note:   x1=EFFFFFFF x2=F0000000 x3=00000014 x4=00000001 x5=00000002 x6=00002000 
# ** Note: ** Addr=00000360, Word=216, Instuction=00000013, Mnemonic=addi x0, x0, 00000000
# ** Note:   x1=EFFFFFFF x2=F0000000 x3=00000014 x4=00000001 x5=00000002 x6=00002000 
# ** Warning: (vsim-151) NUMERIC_STD.TO_INTEGER: Value -536870914 is not in bounds of subtype NATURAL.
# ** Warning: (vsim-151) NUMERIC_STD.TO_INTEGER: Value -536870914 is not in bounds of subtype NATURAL.
# ** Note: ** Addr=00000364, Word=217, Instuction=0C20F063, Mnemonic=bgeu x1, x2, 000000C0
# ** Note:   x1=EFFFFFFF x2=F0000000 x3=00000014 x4=00000001 x5=00000002 x6=00002000 
# ** Note: ** Addr=00000368, Word=218, Instuction=00120213, Mnemonic=addi x4, x4, 00000001
# ** Note:   x1=EFFFFFFF x2=F0000000 x3=00000014 x4=00000002 x5=00000002 x6=00002000 
# ** Note: ** Addr=0000036C, Word=219, Instuction=00200293, Mnemonic=addi x5, x0, 00000002
# ** Note:   x1=EFFFFFFF x2=F0000000 x3=00000014 x4=00000002 x5=00000002 x6=00002000 
# ** Note: ** Addr=00000370, Word=220, Instuction=FE5210E3, Mnemonic=bne x4, x5, FFFFFFE0
# ** Note:   x1=EFFFFFFF x2=F0000000 x3=00000014 x4=00000002 x5=00000002 x6=00002000 
# ** Note: ** Addr=00000374, Word=221, Instuction=01500193, Mnemonic=addi x3, x0, 00000015
# ** Note:   x1=EFFFFFFF x2=F0000000 x3=00000015 x4=00000002 x5=00000002 x6=00002000 
# ** Warning: (vsim-151) NUMERIC_STD.TO_INTEGER: Value -256 is not in bounds of subtype NATURAL.
# ** Warning: (vsim-151) NUMERIC_STD.TO_INTEGER: Value -256 is not in bounds of subtype NATURAL.
# ** Note: ** Addr=00000378, Word=222, Instuction=00000213, Mnemonic=addi x4, x0, 00000000
# ** Note:   x1=EFFFFFFF x2=F0000000 x3=00000015 x5=00000002 x6=00002000 
# ** Warning: (vsim-151) NUMERIC_STD.TO_INTEGER: Value -268435458 is not in bounds of subtype NATURAL.
# ** Warning: (vsim-151) NUMERIC_STD.TO_INTEGER: Value -268435458 is not in bounds of subtype NATURAL.
# ** Note: ** Addr=0000037C, Word=223, Instuction=F00000B7, Mnemonic=lui x1, F0000000
# ** Note:   x1=F0000000 x2=F0000000 x3=00000015 x5=00000002 x6=00002000 
# ** Warning: (vsim-151) NUMERIC_STD.TO_INTEGER: Value -268435458 is not in bounds of subtype NATURAL.
# ** Warning: (vsim-151) NUMERIC_STD.TO_INTEGER: Value -268435458 is not in bounds of subtype NATURAL.
# ** Warning: (vsim-151) NUMERIC_STD.TO_INTEGER: Value -268435458 is not in bounds of subtype NATURAL.
# ** Warning: (vsim-151) NUMERIC_STD.TO_INTEGER: Value -268435458 is not in bounds of subtype NATURAL.
# ** Note: ** Addr=00000380, Word=224, Instuction=FFF08093, Mnemonic=addi x1, x1, FFFFFFFF
# ** Note:   x1=EFFFFFFF x2=F0000000 x3=00000015 x5=00000002 x6=00002000 
# ** Warning: (vsim-151) NUMERIC_STD.TO_INTEGER: Value -256 is not in bounds of subtype NATURAL.
# ** Warning: (vsim-151) NUMERIC_STD.TO_INTEGER: Value -256 is not in bounds of subtype NATURAL.
# ** Note: ** Addr=00000384, Word=225, Instuction=00000013, Mnemonic=addi x0, x0, 00000000
# ** Note:   x1=EFFFFFFF x2=F0000000 x3=00000015 x5=00000002 x6=00002000 
# ** Note: ** Addr=00000388, Word=226, Instuction=F0000137, Mnemonic=lui x2, F0000000
# ** Note:   x1=EFFFFFFF x2=F0000000 x3=00000015 x5=00000002 x6=00002000 
# ** Warning: (vsim-151) NUMERIC_STD.TO_INTEGER: Value -536870914 is not in bounds of subtype NATURAL.
# ** Warning: (vsim-151) NUMERIC_STD.TO_INTEGER: Value -536870914 is not in bounds of subtype NATURAL.
# ** Note: ** Addr=0000038C, Word=227, Instuction=0820FC63, Mnemonic=bgeu x1, x2, 00000098
# ** Note:   x1=EFFFFFFF x2=F0000000 x3=00000015 x5=00000002 x6=00002000 
# ** Note: ** Addr=00000390, Word=228, Instuction=00120213, Mnemonic=addi x4, x4, 00000001
# ** Note:   x1=EFFFFFFF x2=F0000000 x3=00000015 x4=00000001 x5=00000002 x6=00002000 
# ** Warning: (vsim-151) NUMERIC_STD.TO_INTEGER: Value -2 is not in bounds of subtype NATURAL.
# ** Warning: (vsim-151) NUMERIC_STD.TO_INTEGER: Value -2 is not in bounds of subtype NATURAL.
# ** Note: ** Addr=00000394, Word=229, Instuction=00200293, Mnemonic=addi x5, x0, 00000002
# ** Note:   x1=EFFFFFFF x2=F0000000 x3=00000015 x4=00000001 x5=00000002 x6=00002000 
# ** Note: ** Addr=00000398, Word=230, Instuction=FE5212E3, Mnemonic=bne x4, x5, FFFFFFE4
# ** Note:   x1=EFFFFFFF x2=F0000000 x3=00000015 x4=00000001 x5=00000002 x6=00002000 
# ** Warning: (vsim-151) NUMERIC_STD.TO_INTEGER: Value -268435458 is not in bounds of subtype NATURAL.
# ** Warning: (vsim-151) NUMERIC_STD.TO_INTEGER: Value -268435458 is not in bounds of subtype NATURAL.
# ** Note: ** Addr=0000037C, Word=223, Instuction=F00000B7, Mnemonic=lui x1, F0000000
# ** Note:   x1=F0000000 x2=F0000000 x3=00000015 x4=00000001 x5=00000002 x6=00002000 
# ** Warning: (vsim-151) NUMERIC_STD.TO_INTEGER: Value -268435458 is not in bounds of subtype NATURAL.
# ** Warning: (vsim-151) NUMERIC_STD.TO_INTEGER: Value -268435458 is not in bounds of subtype NATURAL.
# ** Warning: (vsim-151) NUMERIC_STD.TO_INTEGER: Value -268435458 is not in bounds of subtype NATURAL.
# ** Warning: (vsim-151) NUMERIC_STD.TO_INTEGER: Value -268435458 is not in bounds of subtype NATURAL.
# ** Note: ** Addr=00000380, Word=224, Instuction=FFF08093, Mnemonic=addi x1, x1, FFFFFFFF
# ** Note:   x1=EFFFFFFF x2=F0000000 x3=00000015 x4=00000001 x5=00000002 x6=00002000 
# ** Warning: (vsim-151) NUMERIC_STD.TO_INTEGER: Value -256 is not in bounds of subtype NATURAL.
# ** Warning: (vsim-151) NUMERIC_STD.TO_INTEGER: Value -256 is not in bounds of subtype NATURAL.
# ** Note: ** Addr=00000384, Word=225, Instuction=00000013, Mnemonic=addi x0, x0, 00000000
# ** Note:   x1=EFFFFFFF x2=F0000000 x3=00000015 x4=00000001 x5=00000002 x6=00002000 
# ** Note: ** Addr=00000388, Word=226, Instuction=F0000137, Mnemonic=lui x2, F0000000
# ** Note:   x1=EFFFFFFF x2=F0000000 x3=00000015 x4=00000001 x5=00000002 x6=00002000 
# ** Warning: (vsim-151) NUMERIC_STD.TO_INTEGER: Value -536870914 is not in bounds of subtype NATURAL.
# ** Warning: (vsim-151) NUMERIC_STD.TO_INTEGER: Value -536870914 is not in bounds of subtype NATURAL.
# ** Note: ** Addr=0000038C, Word=227, Instuction=0820FC63, Mnemonic=bgeu x1, x2, 00000098
# ** Note:   x1=EFFFFFFF x2=F0000000 x3=00000015 x4=00000001 x5=00000002 x6=00002000 
# ** Note: ** Addr=00000390, Word=228, Instuction=00120213, Mnemonic=addi x4, x4, 00000001
# ** Note:   x1=EFFFFFFF x2=F0000000 x3=00000015 x4=00000002 x5=00000002 x6=00002000 
# ** Note: ** Addr=00000394, Word=229, Instuction=00200293, Mnemonic=addi x5, x0, 00000002
# ** Note:   x1=EFFFFFFF x2=F0000000 x3=00000015 x4=00000002 x5=00000002 x6=00002000 
# ** Note: ** Addr=00000398, Word=230, Instuction=FE5212E3, Mnemonic=bne x4, x5, FFFFFFE4
# ** Note:   x1=EFFFFFFF x2=F0000000 x3=00000015 x4=00000002 x5=00000002 x6=00002000 
# ** Note: ** Addr=0000039C, Word=231, Instuction=01600193, Mnemonic=addi x3, x0, 00000016
# ** Note:   x1=EFFFFFFF x2=F0000000 x3=00000016 x4=00000002 x5=00000002 x6=00002000 
# ** Warning: (vsim-151) NUMERIC_STD.TO_INTEGER: Value -256 is not in bounds of subtype NATURAL.
# ** Warning: (vsim-151) NUMERIC_STD.TO_INTEGER: Value -256 is not in bounds of subtype NATURAL.
# ** Note: ** Addr=000003A0, Word=232, Instuction=00000213, Mnemonic=addi x4, x0, 00000000
# ** Note:   x1=EFFFFFFF x2=F0000000 x3=00000016 x5=00000002 x6=00002000 
# ** Warning: (vsim-151) NUMERIC_STD.TO_INTEGER: Value -268435458 is not in bounds of subtype NATURAL.
# ** Warning: (vsim-151) NUMERIC_STD.TO_INTEGER: Value -268435458 is not in bounds of subtype NATURAL.
# ** Note: ** Addr=000003A4, Word=233, Instuction=F00000B7, Mnemonic=lui x1, F0000000
# ** Note:   x1=F0000000 x2=F0000000 x3=00000016 x5=00000002 x6=00002000 
# ** Warning: (vsim-151) NUMERIC_STD.TO_INTEGER: Value -268435458 is not in bounds of subtype NATURAL.
# ** Warning: (vsim-151) NUMERIC_STD.TO_INTEGER: Value -268435458 is not in bounds of subtype NATURAL.
# ** Warning: (vsim-151) NUMERIC_STD.TO_INTEGER: Value -268435458 is not in bounds of subtype NATURAL.
# ** Warning: (vsim-151) NUMERIC_STD.TO_INTEGER: Value -268435458 is not in bounds of subtype NATURAL.
# ** Note: ** Addr=000003A8, Word=234, Instuction=FFF08093, Mnemonic=addi x1, x1, FFFFFFFF
# ** Note:   x1=EFFFFFFF x2=F0000000 x3=00000016 x5=00000002 x6=00002000 
# ** Warning: (vsim-151) NUMERIC_STD.TO_INTEGER: Value -256 is not in bounds of subtype NATURAL.
# ** Warning: (vsim-151) NUMERIC_STD.TO_INTEGER: Value -256 is not in bounds of subtype NATURAL.
# ** Note: ** Addr=000003AC, Word=235, Instuction=00000013, Mnemonic=addi x0, x0, 00000000
# ** Note:   x1=EFFFFFFF x2=F0000000 x3=00000016 x5=00000002 x6=00002000 
# ** Note: ** Addr=000003B0, Word=236, Instuction=F0000137, Mnemonic=lui x2, F0000000
# ** Note:   x1=EFFFFFFF x2=F0000000 x3=00000016 x5=00000002 x6=00002000 
# ** Note: ** Addr=000003B4, Word=237, Instuction=00000013, Mnemonic=addi x0, x0, 00000000
# ** Note:   x1=EFFFFFFF x2=F0000000 x3=00000016 x5=00000002 x6=00002000 
# ** Warning: (vsim-151) NUMERIC_STD.TO_INTEGER: Value -536870914 is not in bounds of subtype NATURAL.
# ** Warning: (vsim-151) NUMERIC_STD.TO_INTEGER: Value -536870914 is not in bounds of subtype NATURAL.
# ** Note: ** Addr=000003B8, Word=238, Instuction=0620F663, Mnemonic=bgeu x1, x2, 0000006C
# ** Note:   x1=EFFFFFFF x2=F0000000 x3=00000016 x5=00000002 x6=00002000 
# ** Note: ** Addr=000003BC, Word=239, Instuction=00120213, Mnemonic=addi x4, x4, 00000001
# ** Note:   x1=EFFFFFFF x2=F0000000 x3=00000016 x4=00000001 x5=00000002 x6=00002000 
# ** Warning: (vsim-151) NUMERIC_STD.TO_INTEGER: Value -2 is not in bounds of subtype NATURAL.
# ** Warning: (vsim-151) NUMERIC_STD.TO_INTEGER: Value -2 is not in bounds of subtype NATURAL.
# ** Note: ** Addr=000003C0, Word=240, Instuction=00200293, Mnemonic=addi x5, x0, 00000002
# ** Note:   x1=EFFFFFFF x2=F0000000 x3=00000016 x4=00000001 x5=00000002 x6=00002000 
# ** Note: ** Addr=000003C4, Word=241, Instuction=FE5210E3, Mnemonic=bne x4, x5, FFFFFFE0
# ** Note:   x1=EFFFFFFF x2=F0000000 x3=00000016 x4=00000001 x5=00000002 x6=00002000 
# ** Warning: (vsim-151) NUMERIC_STD.TO_INTEGER: Value -268435458 is not in bounds of subtype NATURAL.
# ** Warning: (vsim-151) NUMERIC_STD.TO_INTEGER: Value -268435458 is not in bounds of subtype NATURAL.
# ** Note: ** Addr=000003A4, Word=233, Instuction=F00000B7, Mnemonic=lui x1, F0000000
# ** Note:   x1=F0000000 x2=F0000000 x3=00000016 x4=00000001 x5=00000002 x6=00002000 
# ** Warning: (vsim-151) NUMERIC_STD.TO_INTEGER: Value -268435458 is not in bounds of subtype NATURAL.
# ** Warning: (vsim-151) NUMERIC_STD.TO_INTEGER: Value -268435458 is not in bounds of subtype NATURAL.
# ** Warning: (vsim-151) NUMERIC_STD.TO_INTEGER: Value -268435458 is not in bounds of subtype NATURAL.
# ** Warning: (vsim-151) NUMERIC_STD.TO_INTEGER: Value -268435458 is not in bounds of subtype NATURAL.
# ** Note: ** Addr=000003A8, Word=234, Instuction=FFF08093, Mnemonic=addi x1, x1, FFFFFFFF
# ** Note:   x1=EFFFFFFF x2=F0000000 x3=00000016 x4=00000001 x5=00000002 x6=00002000 
# ** Warning: (vsim-151) NUMERIC_STD.TO_INTEGER: Value -256 is not in bounds of subtype NATURAL.
# ** Warning: (vsim-151) NUMERIC_STD.TO_INTEGER: Value -256 is not in bounds of subtype NATURAL.
# ** Note: ** Addr=000003AC, Word=235, Instuction=00000013, Mnemonic=addi x0, x0, 00000000
# ** Note:   x1=EFFFFFFF x2=F0000000 x3=00000016 x4=00000001 x5=00000002 x6=00002000 
# ** Note: ** Addr=000003B0, Word=236, Instuction=F0000137, Mnemonic=lui x2, F0000000
# ** Note:   x1=EFFFFFFF x2=F0000000 x3=00000016 x4=00000001 x5=00000002 x6=00002000 
# ** Note: ** Addr=000003B4, Word=237, Instuction=00000013, Mnemonic=addi x0, x0, 00000000
# ** Note:   x1=EFFFFFFF x2=F0000000 x3=00000016 x4=00000001 x5=00000002 x6=00002000 
# ** Warning: (vsim-151) NUMERIC_STD.TO_INTEGER: Value -536870914 is not in bounds of subtype NATURAL.
# ** Warning: (vsim-151) NUMERIC_STD.TO_INTEGER: Value -536870914 is not in bounds of subtype NATURAL.
# ** Note: ** Addr=000003B8, Word=238, Instuction=0620F663, Mnemonic=bgeu x1, x2, 0000006C
# ** Note:   x1=EFFFFFFF x2=F0000000 x3=00000016 x4=00000001 x5=00000002 x6=00002000 
# ** Note: ** Addr=000003BC, Word=239, Instuction=00120213, Mnemonic=addi x4, x4, 00000001
# ** Note:   x1=EFFFFFFF x2=F0000000 x3=00000016 x4=00000002 x5=00000002 x6=00002000 
# ** Note: ** Addr=000003C0, Word=240, Instuction=00200293, Mnemonic=addi x5, x0, 00000002
# ** Note:   x1=EFFFFFFF x2=F0000000 x3=00000016 x4=00000002 x5=00000002 x6=00002000 
# ** Note: ** Addr=000003C4, Word=241, Instuction=FE5210E3, Mnemonic=bne x4, x5, FFFFFFE0
# ** Note:   x1=EFFFFFFF x2=F0000000 x3=00000016 x4=00000002 x5=00000002 x6=00002000 
# ** Note: ** Addr=000003C8, Word=242, Instuction=01700193, Mnemonic=addi x3, x0, 00000017
# ** Note:   x1=EFFFFFFF x2=F0000000 x3=00000017 x4=00000002 x5=00000002 x6=00002000 
# ** Warning: (vsim-151) NUMERIC_STD.TO_INTEGER: Value -256 is not in bounds of subtype NATURAL.
# ** Warning: (vsim-151) NUMERIC_STD.TO_INTEGER: Value -256 is not in bounds of subtype NATURAL.
# ** Note: ** Addr=000003CC, Word=243, Instuction=00000213, Mnemonic=addi x4, x0, 00000000
# ** Note:   x1=EFFFFFFF x2=F0000000 x3=00000017 x5=00000002 x6=00002000 
# ** Warning: (vsim-151) NUMERIC_STD.TO_INTEGER: Value -268435458 is not in bounds of subtype NATURAL.
# ** Warning: (vsim-151) NUMERIC_STD.TO_INTEGER: Value -268435458 is not in bounds of subtype NATURAL.
# ** Note: ** Addr=000003D0, Word=244, Instuction=F00000B7, Mnemonic=lui x1, F0000000
# ** Note:   x1=F0000000 x2=F0000000 x3=00000017 x5=00000002 x6=00002000 
# ** Warning: (vsim-151) NUMERIC_STD.TO_INTEGER: Value -268435458 is not in bounds of subtype NATURAL.
# ** Warning: (vsim-151) NUMERIC_STD.TO_INTEGER: Value -268435458 is not in bounds of subtype NATURAL.
# ** Warning: (vsim-151) NUMERIC_STD.TO_INTEGER: Value -268435458 is not in bounds of subtype NATURAL.
# ** Warning: (vsim-151) NUMERIC_STD.TO_INTEGER: Value -268435458 is not in bounds of subtype NATURAL.
# ** Note: ** Addr=000003D4, Word=245, Instuction=FFF08093, Mnemonic=addi x1, x1, FFFFFFFF
# ** Note:   x1=EFFFFFFF x2=F0000000 x3=00000017 x5=00000002 x6=00002000 
# ** Note: ** Addr=000003D8, Word=246, Instuction=00000013, Mnemonic=addi x0, x0, 00000000
# ** Note:   x1=EFFFFFFF x2=F0000000 x3=00000017 x5=00000002 x6=00002000 
# ** Warning: (vsim-151) NUMERIC_STD.TO_INTEGER: Value -256 is not in bounds of subtype NATURAL.
# ** Warning: (vsim-151) NUMERIC_STD.TO_INTEGER: Value -256 is not in bounds of subtype NATURAL.
# ** Note: ** Addr=000003DC, Word=247, Instuction=00000013, Mnemonic=addi x0, x0, 00000000
# ** Note:   x1=EFFFFFFF x2=F0000000 x3=00000017 x5=00000002 x6=00002000 
# ** Note: ** Addr=000003E0, Word=248, Instuction=F0000137, Mnemonic=lui x2, F0000000
# ** Note:   x1=EFFFFFFF x2=F0000000 x3=00000017 x5=00000002 x6=00002000 
# ** Warning: (vsim-151) NUMERIC_STD.TO_INTEGER: Value -536870914 is not in bounds of subtype NATURAL.
# ** Warning: (vsim-151) NUMERIC_STD.TO_INTEGER: Value -536870914 is not in bounds of subtype NATURAL.
# ** Note: ** Addr=000003E4, Word=249, Instuction=0420F063, Mnemonic=bgeu x1, x2, 00000040
# ** Note:   x1=EFFFFFFF x2=F0000000 x3=00000017 x5=00000002 x6=00002000 
# ** Note: ** Addr=000003E8, Word=250, Instuction=00120213, Mnemonic=addi x4, x4, 00000001
# ** Note:   x1=EFFFFFFF x2=F0000000 x3=00000017 x4=00000001 x5=00000002 x6=00002000 
# ** Warning: (vsim-151) NUMERIC_STD.TO_INTEGER: Value -2 is not in bounds of subtype NATURAL.
# ** Warning: (vsim-151) NUMERIC_STD.TO_INTEGER: Value -2 is not in bounds of subtype NATURAL.
# ** Note: ** Addr=000003EC, Word=251, Instuction=00200293, Mnemonic=addi x5, x0, 00000002
# ** Note:   x1=EFFFFFFF x2=F0000000 x3=00000017 x4=00000001 x5=00000002 x6=00002000 
# ** Note: ** Addr=000003F0, Word=252, Instuction=FE5210E3, Mnemonic=bne x4, x5, FFFFFFE0
# ** Note:   x1=EFFFFFFF x2=F0000000 x3=00000017 x4=00000001 x5=00000002 x6=00002000 
# ** Warning: (vsim-151) NUMERIC_STD.TO_INTEGER: Value -268435458 is not in bounds of subtype NATURAL.
# ** Warning: (vsim-151) NUMERIC_STD.TO_INTEGER: Value -268435458 is not in bounds of subtype NATURAL.
# ** Note: ** Addr=000003D0, Word=244, Instuction=F00000B7, Mnemonic=lui x1, F0000000
# ** Note:   x1=F0000000 x2=F0000000 x3=00000017 x4=00000001 x5=00000002 x6=00002000 
# ** Warning: (vsim-151) NUMERIC_STD.TO_INTEGER: Value -268435458 is not in bounds of subtype NATURAL.
# ** Warning: (vsim-151) NUMERIC_STD.TO_INTEGER: Value -268435458 is not in bounds of subtype NATURAL.
# ** Warning: (vsim-151) NUMERIC_STD.TO_INTEGER: Value -268435458 is not in bounds of subtype NATURAL.
# ** Warning: (vsim-151) NUMERIC_STD.TO_INTEGER: Value -268435458 is not in bounds of subtype NATURAL.
# ** Note: ** Addr=000003D4, Word=245, Instuction=FFF08093, Mnemonic=addi x1, x1, FFFFFFFF
# ** Note:   x1=EFFFFFFF x2=F0000000 x3=00000017 x4=00000001 x5=00000002 x6=00002000 
# ** Note: ** Addr=000003D8, Word=246, Instuction=00000013, Mnemonic=addi x0, x0, 00000000
# ** Note:   x1=EFFFFFFF x2=F0000000 x3=00000017 x4=00000001 x5=00000002 x6=00002000 
# ** Warning: (vsim-151) NUMERIC_STD.TO_INTEGER: Value -256 is not in bounds of subtype NATURAL.
# ** Warning: (vsim-151) NUMERIC_STD.TO_INTEGER: Value -256 is not in bounds of subtype NATURAL.
# ** Note: ** Addr=000003DC, Word=247, Instuction=00000013, Mnemonic=addi x0, x0, 00000000
# ** Note:   x1=EFFFFFFF x2=F0000000 x3=00000017 x4=00000001 x5=00000002 x6=00002000 
# ** Note: ** Addr=000003E0, Word=248, Instuction=F0000137, Mnemonic=lui x2, F0000000
# ** Note:   x1=EFFFFFFF x2=F0000000 x3=00000017 x4=00000001 x5=00000002 x6=00002000 
# ** Warning: (vsim-151) NUMERIC_STD.TO_INTEGER: Value -536870914 is not in bounds of subtype NATURAL.
# ** Warning: (vsim-151) NUMERIC_STD.TO_INTEGER: Value -536870914 is not in bounds of subtype NATURAL.
# ** Note: ** Addr=000003E4, Word=249, Instuction=0420F063, Mnemonic=bgeu x1, x2, 00000040
# ** Note:   x1=EFFFFFFF x2=F0000000 x3=00000017 x4=00000001 x5=00000002 x6=00002000 
# ** Note: ** Addr=000003E8, Word=250, Instuction=00120213, Mnemonic=addi x4, x4, 00000001
# ** Note:   x1=EFFFFFFF x2=F0000000 x3=00000017 x4=00000002 x5=00000002 x6=00002000 
# ** Note: ** Addr=000003EC, Word=251, Instuction=00200293, Mnemonic=addi x5, x0, 00000002
# ** Note:   x1=EFFFFFFF x2=F0000000 x3=00000017 x4=00000002 x5=00000002 x6=00002000 
# ** Note: ** Addr=000003F0, Word=252, Instuction=FE5210E3, Mnemonic=bne x4, x5, FFFFFFE0
# ** Note:   x1=EFFFFFFF x2=F0000000 x3=00000017 x4=00000002 x5=00000002 x6=00002000 
# ** Note: ** Addr=000003F4, Word=253, Instuction=01800193, Mnemonic=addi x3, x0, 00000018
# ** Note:   x1=EFFFFFFF x2=F0000000 x3=00000018 x4=00000002 x5=00000002 x6=00002000 
# ** Note: ** Addr=000003F8, Word=254, Instuction=00100093, Mnemonic=addi x1, x0, 00000001
# ** Note:   x1=00000001 x2=F0000000 x3=00000018 x4=00000002 x5=00000002 x6=00002000 
# ** Note: ** Addr=000003FC, Word=255, Instuction=0000FA63, Mnemonic=bgeu x1, x0, 00000014
# ** Note:   x1=00000001 x2=F0000000 x3=00000018 x4=00000002 x5=00000002 x6=00002000 
# ** Note: ** Addr=00000410, Word=260, Instuction=00108093, Mnemonic=addi x1, x1, 00000001
# ** Note:   x1=00000002 x2=F0000000 x3=00000018 x4=00000002 x5=00000002 x6=00002000 
# ** Note: ** Addr=00000414, Word=261, Instuction=00108093, Mnemonic=addi x1, x1, 00000001
# ** Note:   x1=00000003 x2=F0000000 x3=00000018 x4=00000002 x5=00000002 x6=00002000 
# ** Warning: (vsim-151) NUMERIC_STD.TO_INTEGER: Value -8 is not in bounds of subtype NATURAL.
# ** Warning: (vsim-151) NUMERIC_STD.TO_INTEGER: Value -8 is not in bounds of subtype NATURAL.
# ** Note: ** Addr=00000418, Word=262, Instuction=00300393, Mnemonic=addi x7, x0, 00000003
# ** Note:   x1=00000003 x2=F0000000 x3=00000018 x4=00000002 x5=00000002 x6=00002000 x7=00000003 
# ** Warning: (vsim-151) NUMERIC_STD.TO_INTEGER: Value -24 is not in bounds of subtype NATURAL.
# ** Warning: (vsim-151) NUMERIC_STD.TO_INTEGER: Value -24 is not in bounds of subtype NATURAL.
# ** Note: ** Addr=0000041C, Word=263, Instuction=00709463, Mnemonic=bne x1, x7, 00000008
# ** Note:   x1=00000003 x2=F0000000 x3=00000018 x4=00000002 x5=00000002 x6=00002000 x7=00000003 
# ** Note: ** Addr=00000420, Word=264, Instuction=00301E63, Mnemonic=bne x0, x3, 0000001C
# ** Note:   x1=00000003 x2=F0000000 x3=00000018 x4=00000002 x5=00000002 x6=00002000 x7=00000003 
# ** Note: ** Addr=0000043C, Word=271, Instuction=00100193, Mnemonic=addi x3, x0, 00000001
# ** Note:   x1=00000003 x2=F0000000 x3=00000001 x4=00000002 x5=00000002 x6=00002000 x7=00000003 
# ** Note: ** Addr=00000440, Word=272, Instuction=10100513, Mnemonic=addi x10, x0, 00000101
# ** Note:   x1=00000003 x2=F0000000 x3=00000001 x4=00000002 x5=00000002 x6=00002000 x7=00000003 x10=00000101 
# ** Note: ** Addr=00000444, Word=273, Instuction=01F01013, Mnemonic=slli x0, x0, 1F
# ** Note:   x1=00000003 x2=F0000000 x3=00000001 x4=00000002 x5=00000002 x6=00002000 x7=00000003 x10=00000101 
# ** Note: ** Addr=00000448, Word=274, Instuction=00100073, Mnemonic=ebreak
# ** Note:   x1=00000003 x2=F0000000 x3=00000001 x4=00000002 x5=00000002 x6=00002000 x7=00000003 x10=00000101 
# ** Note: RVTEST (addi) : OK
# Break in Process monitor at ../testbench/tb_cpu.vhd line 359
# Stopped at ../testbench/tb_cpu.vhd line 359
#  quit -f
# End time: 00:29:33 on Jan 01,2026, Elapsed time: 0:00:01
# Errors: 0, Warnings: 341
