# vsim -c -quiet work.tb_cpu -do "run -all; quit -f" -l build/logs/sb.log -gMAX_CYCLES=200000 
# Start time: 00:29:25 on Jan 01,2026
# ** Note: (vsim-3813) Design is being optimized due to module recompilation...
# //  Questa Sim-64
# //  Version 2020.3_1 linux_x86_64 Aug 25 2020
# //
# //  Copyright 1991-2020 Mentor Graphics Corporation
# //  All Rights Reserved.
# //
# //  QuestaSim and its associated documentation contain trade
# //  secrets and commercial or financial information that are the property of
# //  Mentor Graphics Corporation and are privileged, confidential,
# //  and exempt from disclosure under the Freedom of Information Act,
# //  5 U.S.C. Section 552. Furthermore, this information
# //  is prohibited from disclosure under the Trade Secrets Act,
# //  18 U.S.C. Section 1905.
# //
# run -all
# ** Warning: NUMERIC_STD.TO_INTEGER: metavalue detected, returning 0
# ** Warning: NUMERIC_STD.TO_INTEGER: metavalue detected, returning 0
# ** Warning: NUMERIC_STD.TO_INTEGER: metavalue detected, returning 0
# ** Warning: NUMERIC_STD.TO_INTEGER: metavalue detected, returning 0
# ** Warning: NUMERIC_STD.TO_INTEGER: metavalue detected, returning 0
# ** Warning: NUMERIC_STD.TO_INTEGER: metavalue detected, returning 0
# ** Warning: NUMERIC_STD.TO_INTEGER: metavalue detected, returning 0
# ** Warning: NUMERIC_STD.TO_INTEGER: metavalue detected, returning 0
# ** Warning: NUMERIC_STD.TO_INTEGER: metavalue detected, returning 0
# ** Warning: NUMERIC_STD.TO_INTEGER: metavalue detected, returning 0
# ** Warning: NUMERIC_STD.TO_INTEGER: metavalue detected, returning 0
# ** Warning: NUMERIC_STD.TO_INTEGER: metavalue detected, returning 0
# ** Warning: NUMERIC_STD.TO_INTEGER: metavalue detected, returning 0
# ** Warning: NUMERIC_STD.TO_INTEGER: metavalue detected, returning 0
# ** Warning: NUMERIC_STD.TO_INTEGER: metavalue detected, returning 0
# ** Warning: NUMERIC_STD.TO_INTEGER: metavalue detected, returning 0
# ** Warning: NUMERIC_STD.TO_INTEGER: metavalue detected, returning 0
# ** Warning: NUMERIC_STD.TO_INTEGER: metavalue detected, returning 0
# ** Warning: NUMERIC_STD.TO_INTEGER: metavalue detected, returning 0
# ** Warning: NUMERIC_STD.TO_INTEGER: metavalue detected, returning 0
# ** Warning: NUMERIC_STD.TO_INTEGER: metavalue detected, returning 0
# ** Note: ** Addr=00000000, Word=0, Instuction=00000093, Mnemonic=addi x1, x0, 00000000
# ** Note: ** Addr=00000004, Word=1, Instuction=00000113, Mnemonic=addi x2, x0, 00000000
# ** Note: ** Addr=00000008, Word=2, Instuction=00000193, Mnemonic=addi x3, x0, 00000000
# ** Note: ** Addr=0000000C, Word=3, Instuction=00000213, Mnemonic=addi x4, x0, 00000000
# ** Note: ** Addr=00000010, Word=4, Instuction=00000293, Mnemonic=addi x5, x0, 00000000
# ** Note: ** Addr=00000014, Word=5, Instuction=00000313, Mnemonic=addi x6, x0, 00000000
# ** Note: ** Addr=00000018, Word=6, Instuction=00000393, Mnemonic=addi x7, x0, 00000000
# ** Note: ** Addr=0000001C, Word=7, Instuction=00000413, Mnemonic=addi x8, x0, 00000000
# ** Note: ** Addr=00000020, Word=8, Instuction=00000493, Mnemonic=addi x9, x0, 00000000
# ** Note: ** Addr=00000024, Word=9, Instuction=00000513, Mnemonic=addi x10, x0, 00000000
# ** Note: ** Addr=00000028, Word=10, Instuction=00000593, Mnemonic=addi x11, x0, 00000000
# ** Note: ** Addr=0000002C, Word=11, Instuction=00000613, Mnemonic=addi x12, x0, 00000000
# ** Note: ** Addr=00000030, Word=12, Instuction=00000693, Mnemonic=addi x13, x0, 00000000
# ** Note: ** Addr=00000034, Word=13, Instuction=00000713, Mnemonic=addi x14, x0, 00000000
# ** Note: ** Addr=00000038, Word=14, Instuction=00000793, Mnemonic=addi x15, x0, 00000000
# ** Note: ** Addr=0000003C, Word=15, Instuction=00000813, Mnemonic=addi x16, x0, 00000000
# ** Note: ** Addr=00000040, Word=16, Instuction=00000893, Mnemonic=addi x17, x0, 00000000
# ** Note: ** Addr=00000044, Word=17, Instuction=00000913, Mnemonic=addi x18, x0, 00000000
# ** Note: ** Addr=00000048, Word=18, Instuction=00000993, Mnemonic=addi x19, x0, 00000000
# ** Note: ** Addr=0000004C, Word=19, Instuction=00000A13, Mnemonic=addi x20, x0, 00000000
# ** Note: ** Addr=00000050, Word=20, Instuction=00000A93, Mnemonic=addi x21, x0, 00000000
# ** Note: ** Addr=00000054, Word=21, Instuction=00000B13, Mnemonic=addi x22, x0, 00000000
# ** Note: ** Addr=00000058, Word=22, Instuction=00000B93, Mnemonic=addi x23, x0, 00000000
# ** Note: ** Addr=0000005C, Word=23, Instuction=00000C13, Mnemonic=addi x24, x0, 00000000
# ** Note: ** Addr=00000060, Word=24, Instuction=00000C93, Mnemonic=addi x25, x0, 00000000
# ** Note: ** Addr=00000064, Word=25, Instuction=00000D13, Mnemonic=addi x26, x0, 00000000
# ** Note: ** Addr=00000068, Word=26, Instuction=00000D93, Mnemonic=addi x27, x0, 00000000
# ** Note: ** Addr=0000006C, Word=27, Instuction=00000E13, Mnemonic=addi x28, x0, 00000000
# ** Note: ** Addr=00000070, Word=28, Instuction=00000E93, Mnemonic=addi x29, x0, 00000000
# ** Note: ** Addr=00000074, Word=29, Instuction=00000F13, Mnemonic=addi x30, x0, 00000000
# ** Note: ** Addr=00000078, Word=30, Instuction=00000F93, Mnemonic=addi x31, x0, 00000000
# ** Note: ** Addr=0000007C, Word=31, Instuction=00001297, Mnemonic=auipc x5, 00001000
# ** Note:   x5=0000107C 
# ** Note: ** Addr=00000080, Word=32, Instuction=F8428293, Mnemonic=addi x5, x5, FFFFFF84
# ** Note:   x5=00001000 
# ** Note: ** Addr=00000084, Word=33, Instuction=00002317, Mnemonic=auipc x6, 00002000
# ** Note:   x5=00001000 x6=00002084 
# ** Note: ** Addr=00000088, Word=34, Instuction=F7C30313, Mnemonic=addi x6, x6, FFFFFF7C
# ** Note:   x5=00001000 x6=00002000 
# ** Note: ** Addr=0000008C, Word=35, Instuction=00002397, Mnemonic=auipc x7, 00002000
# ** Note:   x5=00001000 x6=00002000 x7=0000208C 
# ** Warning: (vsim-151) NUMERIC_STD.TO_INTEGER: Value -16 is not in bounds of subtype NATURAL.
# ** Warning: (vsim-151) NUMERIC_STD.TO_INTEGER: Value -16 is not in bounds of subtype NATURAL.
# ** Warning: (vsim-151) NUMERIC_STD.TO_INTEGER: Value -16 is not in bounds of subtype NATURAL.
# ** Warning: (vsim-151) NUMERIC_STD.TO_INTEGER: Value -16 is not in bounds of subtype NATURAL.
# ** Note: ** Addr=00000090, Word=36, Instuction=F8438393, Mnemonic=addi x7, x7, FFFFFF84
# ** Note:   x5=00001000 x6=00002000 x7=00002010 
# ** Note: ** Addr=00000094, Word=37, Instuction=00730C63, Mnemonic=beq x6, x7, 00000018
# ** Note:   x5=00001000 x6=00002000 x7=00002010 
# ** Note: ** Addr=00000098, Word=38, Instuction=0002AE03, Mnemonic=lw x28, 00000000(x5)
# ** Note:   x5=00001000 x6=00002000 x7=00002010 x28=EFEFEFEF 
# ** Note:   Addr=00001000, Word=1024, WData=00000000, RData=EFEFEFEF
# ** Note: ** Addr=0000009C, Word=39, Instuction=01C32023, Mnemonic=sw x28, 00000000(x6)
# ** Note:   x5=00001000 x6=00002000 x7=00002010 x28=EFEFEFEF 
# ** Note:   Addr=00002000, Word=2048, WData=EFEFEFEF, RData=XXXXXXXX
# ** Note: ** Addr=000000A0, Word=40, Instuction=00428293, Mnemonic=addi x5, x5, 00000004
# ** Note:   x5=00001004 x6=00002000 x7=00002010 x28=EFEFEFEF 
# ** Note: ** Addr=000000A4, Word=41, Instuction=00430313, Mnemonic=addi x6, x6, 00000004
# ** Note:   x5=00001004 x6=00002004 x7=00002010 x28=EFEFEFEF 
# ** Warning: (vsim-151) NUMERIC_STD.TO_INTEGER: Value -12 is not in bounds of subtype NATURAL.
# ** Warning: (vsim-151) NUMERIC_STD.TO_INTEGER: Value -12 is not in bounds of subtype NATURAL.
# ** Note: ** Addr=000000A8, Word=42, Instuction=FEDFF06F, Mnemonic=jal x0, FFFFFFEC
# ** Note:   x5=00001004 x6=00002004 x7=00002010 x28=EFEFEFEF 
# ** Note: ** Addr=00000094, Word=37, Instuction=00730C63, Mnemonic=beq x6, x7, 00000018
# ** Note:   x5=00001004 x6=00002004 x7=00002010 x28=EFEFEFEF 
# ** Note: ** Addr=00000098, Word=38, Instuction=0002AE03, Mnemonic=lw x28, 00000000(x5)
# ** Note:   x5=00001004 x6=00002004 x7=00002010 x28=EFEFEFEF 
# ** Note:   Addr=00001004, Word=1025, WData=00000000, RData=EFEFEFEF
# ** Note: ** Addr=0000009C, Word=39, Instuction=01C32023, Mnemonic=sw x28, 00000000(x6)
# ** Note:   x5=00001004 x6=00002004 x7=00002010 x28=EFEFEFEF 
# ** Note:   Addr=00002004, Word=2049, WData=EFEFEFEF, RData=XXXXXXXX
# ** Note: ** Addr=000000A0, Word=40, Instuction=00428293, Mnemonic=addi x5, x5, 00000004
# ** Note:   x5=00001008 x6=00002004 x7=00002010 x28=EFEFEFEF 
# ** Note: ** Addr=000000A4, Word=41, Instuction=00430313, Mnemonic=addi x6, x6, 00000004
# ** Note:   x5=00001008 x6=00002008 x7=00002010 x28=EFEFEFEF 
# ** Warning: (vsim-151) NUMERIC_STD.TO_INTEGER: Value -8 is not in bounds of subtype NATURAL.
# ** Warning: (vsim-151) NUMERIC_STD.TO_INTEGER: Value -8 is not in bounds of subtype NATURAL.
# ** Note: ** Addr=000000A8, Word=42, Instuction=FEDFF06F, Mnemonic=jal x0, FFFFFFEC
# ** Note:   x5=00001008 x6=00002008 x7=00002010 x28=EFEFEFEF 
# ** Note: ** Addr=00000094, Word=37, Instuction=00730C63, Mnemonic=beq x6, x7, 00000018
# ** Note:   x5=00001008 x6=00002008 x7=00002010 x28=EFEFEFEF 
# ** Note: ** Addr=00000098, Word=38, Instuction=0002AE03, Mnemonic=lw x28, 00000000(x5)
# ** Note:   x5=00001008 x6=00002008 x7=00002010 x28=0000EFEF 
# ** Note:   Addr=00001008, Word=1026, WData=00000000, RData=0000EFEF
# ** Note: ** Addr=0000009C, Word=39, Instuction=01C32023, Mnemonic=sw x28, 00000000(x6)
# ** Note:   x5=00001008 x6=00002008 x7=00002010 x28=0000EFEF 
# ** Note:   Addr=00002008, Word=2050, WData=0000EFEF, RData=XXXXXXXX
# ** Note: ** Addr=000000A0, Word=40, Instuction=00428293, Mnemonic=addi x5, x5, 00000004
# ** Note:   x5=0000100C x6=00002008 x7=00002010 x28=0000EFEF 
# ** Note: ** Addr=000000A4, Word=41, Instuction=00430313, Mnemonic=addi x6, x6, 00000004
# ** Note:   x5=0000100C x6=0000200C x7=00002010 x28=0000EFEF 
# ** Warning: (vsim-151) NUMERIC_STD.TO_INTEGER: Value -4 is not in bounds of subtype NATURAL.
# ** Warning: (vsim-151) NUMERIC_STD.TO_INTEGER: Value -4 is not in bounds of subtype NATURAL.
# ** Note: ** Addr=000000A8, Word=42, Instuction=FEDFF06F, Mnemonic=jal x0, FFFFFFEC
# ** Note:   x5=0000100C x6=0000200C x7=00002010 x28=0000EFEF 
# ** Note: ** Addr=00000094, Word=37, Instuction=00730C63, Mnemonic=beq x6, x7, 00000018
# ** Note:   x5=0000100C x6=0000200C x7=00002010 x28=0000EFEF 
# ** Note: ** Addr=00000098, Word=38, Instuction=0002AE03, Mnemonic=lw x28, 00000000(x5)
# ** Note:   x5=0000100C x6=0000200C x7=00002010 
# ** Note:   Addr=0000100C, Word=1027, WData=00000000, RData=00000000
# ** Note: ** Addr=0000009C, Word=39, Instuction=01C32023, Mnemonic=sw x28, 00000000(x6)
# ** Note:   x5=0000100C x6=0000200C x7=00002010 
# ** Note:   Addr=0000200C, Word=2051, WData=00000000, RData=XXXXXXXX
# ** Note: ** Addr=000000A0, Word=40, Instuction=00428293, Mnemonic=addi x5, x5, 00000004
# ** Note:   x5=00001010 x6=0000200C x7=00002010 
# ** Note: ** Addr=000000A4, Word=41, Instuction=00430313, Mnemonic=addi x6, x6, 00000004
# ** Note:   x5=00001010 x6=00002010 x7=00002010 
# ** Note: ** Addr=000000A8, Word=42, Instuction=FEDFF06F, Mnemonic=jal x0, FFFFFFEC
# ** Note:   x5=00001010 x6=00002010 x7=00002010 
# ** Note: ** Addr=00000094, Word=37, Instuction=00730C63, Mnemonic=beq x6, x7, 00000018
# ** Note:   x5=00001010 x6=00002010 x7=00002010 
# ** Note: ** Addr=000000AC, Word=43, Instuction=00002297, Mnemonic=auipc x5, 00002000
# ** Note:   x5=000020AC x6=00002010 x7=00002010 
# ** Note: ** Addr=000000B0, Word=44, Instuction=F6428293, Mnemonic=addi x5, x5, FFFFFF64
# ** Note:   x5=00002010 x6=00002010 x7=00002010 
# ** Note: ** Addr=000000B4, Word=45, Instuction=00002317, Mnemonic=auipc x6, 00002000
# ** Note:   x5=00002010 x6=000020B4 x7=00002010 
# ** Note: ** Addr=000000B8, Word=46, Instuction=F5C30313, Mnemonic=addi x6, x6, FFFFFF5C
# ** Note:   x5=00002010 x6=00002010 x7=00002010 
# ** Warning: (vsim-151) NUMERIC_STD.TO_INTEGER: Value -6 is not in bounds of subtype NATURAL.
# ** Warning: (vsim-151) NUMERIC_STD.TO_INTEGER: Value -6 is not in bounds of subtype NATURAL.
# ** Note: ** Addr=000000BC, Word=47, Instuction=00000393, Mnemonic=addi x7, x0, 00000000
# ** Note:   x5=00002010 x6=00002010 
# ** Note: ** Addr=000000C0, Word=48, Instuction=00628863, Mnemonic=beq x5, x6, 00000010
# ** Note:   x5=00002010 x6=00002010 
# ** Note: ** Addr=000000D0, Word=52, Instuction=00200193, Mnemonic=addi x3, x0, 00000002
# ** Note:   x3=00000002 x5=00002010 x6=00002010 
# ** Note: ** Addr=000000D4, Word=53, Instuction=00002117, Mnemonic=auipc x2, 00002000
# ** Note:   x2=000020D4 x3=00000002 x5=00002010 x6=00002010 
# ** Warning: (vsim-151) NUMERIC_STD.TO_INTEGER: Value -86 is not in bounds of subtype NATURAL.
# ** Warning: (vsim-151) NUMERIC_STD.TO_INTEGER: Value -86 is not in bounds of subtype NATURAL.
# ** Warning: (vsim-151) NUMERIC_STD.TO_INTEGER: Value -86 is not in bounds of subtype NATURAL.
# ** Note: ** Addr=000000D8, Word=54, Instuction=F2C10113, Mnemonic=addi x2, x2, FFFFFF2C
# ** Note:   x2=00002000 x3=00000002 x5=00002010 x6=00002010 
# ** Note: ** Addr=000000DC, Word=55, Instuction=FAA00093, Mnemonic=addi x1, x0, FFFFFFAA
# ** Note:   x1=FFFFFFAA x2=00002000 x3=00000002 x5=00002010 x6=00002010 
# ** Note: ** Addr=000000E0, Word=56, Instuction=00000797, Mnemonic=auipc x15, 00000000
# ** Note:   x1=FFFFFFAA x2=00002000 x3=00000002 x5=00002010 x6=00002010 x15=000000E0 
# ** Note: ** Addr=000000E4, Word=57, Instuction=01478793, Mnemonic=addi x15, x15, 00000014
# ** Note:   x1=FFFFFFAA x2=00002000 x3=00000002 x5=00002010 x6=00002010 x15=000000F4 
# ** Note: ** Addr=000000E8, Word=58, Instuction=00110023, Mnemonic=sb x1, 00000000(x2)
# ** Note:   x1=FFFFFFAA x2=00002000 x3=00000002 x5=00002010 x6=00002010 x15=000000F4 
# ** Note:   Addr=00002000, Word=2048, WData=FFFFFFAA, RData=000000EF
# ** Note: ** Addr=000000EC, Word=59, Instuction=00010703, Mnemonic=lb x14, 00000000(x2)
# ** Note:   x1=FFFFFFAA x2=00002000 x3=00000002 x5=00002010 x6=00002010 x14=FFFFFFAA x15=000000F4 
# ** Note:   Addr=00002000, Word=2048, WData=00000000, RData=000000AA
# ** Warning: (vsim-151) NUMERIC_STD.TO_INTEGER: Value -86 is not in bounds of subtype NATURAL.
# ** Warning: (vsim-151) NUMERIC_STD.TO_INTEGER: Value -86 is not in bounds of subtype NATURAL.
# ** Note: ** Addr=000000F0, Word=60, Instuction=0080006F, Mnemonic=jal x0, 00000008
# ** Note:   x1=FFFFFFAA x2=00002000 x3=00000002 x5=00002010 x6=00002010 x14=FFFFFFAA x15=000000F4 
# ** Warning: (vsim-151) NUMERIC_STD.TO_INTEGER: Value -1096 is not in bounds of subtype NATURAL.
# ** Warning: (vsim-151) NUMERIC_STD.TO_INTEGER: Value -1096 is not in bounds of subtype NATURAL.
# ** Note: ** Addr=000000F8, Word=62, Instuction=FAA00393, Mnemonic=addi x7, x0, FFFFFFAA
# ** Note:   x1=FFFFFFAA x2=00002000 x3=00000002 x5=00002010 x6=00002010 x7=FFFFFFAA x14=FFFFFFAA x15=000000F4 
# ** Warning: (vsim-151) NUMERIC_STD.TO_INTEGER: Value -172 is not in bounds of subtype NATURAL.
# ** Warning: (vsim-151) NUMERIC_STD.TO_INTEGER: Value -172 is not in bounds of subtype NATURAL.
# ** Note: ** Addr=000000FC, Word=63, Instuction=44771463, Mnemonic=bne x14, x7, 00000448
# ** Note:   x1=FFFFFFAA x2=00002000 x3=00000002 x5=00002010 x6=00002010 x7=FFFFFFAA x14=FFFFFFAA x15=000000F4 
# ** Note: ** Addr=00000100, Word=64, Instuction=00300193, Mnemonic=addi x3, x0, 00000003
# ** Note:   x1=FFFFFFAA x2=00002000 x3=00000003 x5=00002010 x6=00002010 x7=FFFFFFAA x14=FFFFFFAA x15=000000F4 
# ** Note: ** Addr=00000104, Word=65, Instuction=00002117, Mnemonic=auipc x2, 00002000
# ** Note:   x1=FFFFFFAA x2=00002104 x3=00000003 x5=00002010 x6=00002010 x7=FFFFFFAA x14=FFFFFFAA x15=000000F4 
# ** Note: ** Addr=00000108, Word=66, Instuction=EFC10113, Mnemonic=addi x2, x2, FFFFFEFC
# ** Note:   x1=FFFFFFAA x2=00002000 x3=00000003 x5=00002010 x6=00002010 x7=FFFFFFAA x14=FFFFFFAA x15=000000F4 
# ** Note: ** Addr=0000010C, Word=67, Instuction=00000093, Mnemonic=addi x1, x0, 00000000
# ** Note:   x2=00002000 x3=00000003 x5=00002010 x6=00002010 x7=FFFFFFAA x14=FFFFFFAA x15=000000F4 
# ** Note: ** Addr=00000110, Word=68, Instuction=00000797, Mnemonic=auipc x15, 00000000
# ** Note:   x2=00002000 x3=00000003 x5=00002010 x6=00002010 x7=FFFFFFAA x14=FFFFFFAA x15=00000110 
# ** Note: ** Addr=00000114, Word=69, Instuction=01478793, Mnemonic=addi x15, x15, 00000014
# ** Note:   x2=00002000 x3=00000003 x5=00002010 x6=00002010 x7=FFFFFFAA x14=FFFFFFAA x15=00000124 
# ** Note: ** Addr=00000118, Word=70, Instuction=001100A3, Mnemonic=sb x1, 00000001(x2)
# ** Note:   x2=00002000 x3=00000003 x5=00002010 x6=00002010 x7=FFFFFFAA x14=FFFFFFAA x15=00000124 
# ** Note:   Addr=00002001, Word=2048, WData=00000000, RData=000000EF
# ** Note: ** Addr=0000011C, Word=71, Instuction=00110703, Mnemonic=lb x14, 00000001(x2)
# ** Note:   x2=00002000 x3=00000003 x5=00002010 x6=00002010 x7=FFFFFFAA x15=00000124 
# ** Note:   Addr=00002001, Word=2048, WData=00000000, RData=00000000
# ** Note: ** Addr=00000120, Word=72, Instuction=0080006F, Mnemonic=jal x0, 00000008
# ** Note:   x2=00002000 x3=00000003 x5=00002010 x6=00002010 x7=FFFFFFAA x15=00000124 
# ** Warning: (vsim-151) NUMERIC_STD.TO_INTEGER: Value -1032 is not in bounds of subtype NATURAL.
# ** Warning: (vsim-151) NUMERIC_STD.TO_INTEGER: Value -1032 is not in bounds of subtype NATURAL.
# ** Note: ** Addr=00000128, Word=74, Instuction=00000393, Mnemonic=addi x7, x0, 00000000
# ** Note:   x2=00002000 x3=00000003 x5=00002010 x6=00002010 x15=00000124 
# ** Note: ** Addr=0000012C, Word=75, Instuction=40771C63, Mnemonic=bne x14, x7, 00000418
# ** Note:   x2=00002000 x3=00000003 x5=00002010 x6=00002010 x15=00000124 
# ** Note: ** Addr=00000130, Word=76, Instuction=00400193, Mnemonic=addi x3, x0, 00000004
# ** Note:   x2=00002000 x3=00000004 x5=00002010 x6=00002010 x15=00000124 
# ** Note: ** Addr=00000134, Word=77, Instuction=00002117, Mnemonic=auipc x2, 00002000
# ** Note:   x2=00002134 x3=00000004 x5=00002010 x6=00002010 x15=00000124 
# ** Note: ** Addr=00000138, Word=78, Instuction=ECC10113, Mnemonic=addi x2, x2, FFFFFECC
# ** Note:   x2=00002000 x3=00000004 x5=00002010 x6=00002010 x15=00000124 
# ** Warning: (vsim-151) NUMERIC_STD.TO_INTEGER: Value -4192 is not in bounds of subtype NATURAL.
# ** Warning: (vsim-151) NUMERIC_STD.TO_INTEGER: Value -4192 is not in bounds of subtype NATURAL.
# ** Note: ** Addr=0000013C, Word=79, Instuction=FFFFF0B7, Mnemonic=lui x1, FFFFF000
# ** Note:   x1=FFFFF000 x2=00002000 x3=00000004 x5=00002010 x6=00002010 x15=00000124 
# ** Warning: (vsim-151) NUMERIC_STD.TO_INTEGER: Value -4288 is not in bounds of subtype NATURAL.
# ** Warning: (vsim-151) NUMERIC_STD.TO_INTEGER: Value -4288 is not in bounds of subtype NATURAL.
# ** Warning: (vsim-151) NUMERIC_STD.TO_INTEGER: Value -4192 is not in bounds of subtype NATURAL.
# ** Warning: (vsim-151) NUMERIC_STD.TO_INTEGER: Value -4192 is not in bounds of subtype NATURAL.
# ** Note: ** Addr=00000140, Word=80, Instuction=FA008093, Mnemonic=addi x1, x1, FFFFFFA0
# ** Note:   x1=FFFFEFA0 x2=00002000 x3=00000004 x5=00002010 x6=00002010 x15=00000124 
# ** Note: ** Addr=00000144, Word=81, Instuction=00000797, Mnemonic=auipc x15, 00000000
# ** Note:   x1=FFFFEFA0 x2=00002000 x3=00000004 x5=00002010 x6=00002010 x15=00000144 
# ** Note: ** Addr=00000148, Word=82, Instuction=01478793, Mnemonic=addi x15, x15, 00000014
# ** Note:   x1=FFFFEFA0 x2=00002000 x3=00000004 x5=00002010 x6=00002010 x15=00000158 
# ** Note: ** Addr=0000014C, Word=83, Instuction=00110123, Mnemonic=sb x1, 00000002(x2)
# ** Note:   x1=FFFFEFA0 x2=00002000 x3=00000004 x5=00002010 x6=00002010 x15=00000158 
# ** Note:   Addr=00002002, Word=2048, WData=FFFFEFA0, RData=000000EF
# ** Note: ** Addr=00000150, Word=84, Instuction=00211703, Mnemonic=lh x14, 00000002(x2)
# ** Note:   x1=FFFFEFA0 x2=00002000 x3=00000004 x5=00002010 x6=00002010 x14=FFFFEFA0 x15=00000158 
# ** Note:   Addr=00002002, Word=2048, WData=00002000, RData=0000EFA0
# ** Note: ** Addr=00000154, Word=85, Instuction=0080006F, Mnemonic=jal x0, 00000008
# ** Note:   x1=FFFFEFA0 x2=00002000 x3=00000004 x5=00002010 x6=00002010 x14=FFFFEFA0 x15=00000158 
# ** Warning: (vsim-151) NUMERIC_STD.TO_INTEGER: Value -4192 is not in bounds of subtype NATURAL.
# ** Warning: (vsim-151) NUMERIC_STD.TO_INTEGER: Value -4192 is not in bounds of subtype NATURAL.
# ** Note: ** Addr=0000015C, Word=87, Instuction=FFFFF3B7, Mnemonic=lui x7, FFFFF000
# ** Note:   x1=FFFFEFA0 x2=00002000 x3=00000004 x5=00002010 x6=00002010 x7=FFFFF000 x14=FFFFEFA0 x15=00000158 
# ** Warning: (vsim-151) NUMERIC_STD.TO_INTEGER: Value -4288 is not in bounds of subtype NATURAL.
# ** Warning: (vsim-151) NUMERIC_STD.TO_INTEGER: Value -4288 is not in bounds of subtype NATURAL.
# ** Warning: (vsim-151) NUMERIC_STD.TO_INTEGER: Value -5192 is not in bounds of subtype NATURAL.
# ** Warning: (vsim-151) NUMERIC_STD.TO_INTEGER: Value -5192 is not in bounds of subtype NATURAL.
# ** Note: ** Addr=00000160, Word=88, Instuction=FA038393, Mnemonic=addi x7, x7, FFFFFFA0
# ** Note:   x1=FFFFEFA0 x2=00002000 x3=00000004 x5=00002010 x6=00002010 x7=FFFFEFA0 x14=FFFFEFA0 x15=00000158 
# ** Warning: (vsim-151) NUMERIC_STD.TO_INTEGER: Value -8384 is not in bounds of subtype NATURAL.
# ** Warning: (vsim-151) NUMERIC_STD.TO_INTEGER: Value -8384 is not in bounds of subtype NATURAL.
# ** Note: ** Addr=00000164, Word=89, Instuction=3E771063, Mnemonic=bne x14, x7, 000003E0
# ** Note:   x1=FFFFEFA0 x2=00002000 x3=00000004 x5=00002010 x6=00002010 x7=FFFFEFA0 x14=FFFFEFA0 x15=00000158 
# ** Note: ** Addr=00000168, Word=90, Instuction=00500193, Mnemonic=addi x3, x0, 00000005
# ** Note:   x1=FFFFEFA0 x2=00002000 x3=00000005 x5=00002010 x6=00002010 x7=FFFFEFA0 x14=FFFFEFA0 x15=00000158 
# ** Note: ** Addr=0000016C, Word=91, Instuction=00002117, Mnemonic=auipc x2, 00002000
# ** Note:   x1=FFFFEFA0 x2=0000216C x3=00000005 x5=00002010 x6=00002010 x7=FFFFEFA0 x14=FFFFEFA0 x15=00000158 
# ** Note: ** Addr=00000170, Word=92, Instuction=E9410113, Mnemonic=addi x2, x2, FFFFFE94
# ** Note:   x1=FFFFEFA0 x2=00002000 x3=00000005 x5=00002010 x6=00002010 x7=FFFFEFA0 x14=FFFFEFA0 x15=00000158 
# ** Note: ** Addr=00000174, Word=93, Instuction=00A00093, Mnemonic=addi x1, x0, 0000000A
# ** Note:   x1=0000000A x2=00002000 x3=00000005 x5=00002010 x6=00002010 x7=FFFFEFA0 x14=FFFFEFA0 x15=00000158 
# ** Note: ** Addr=00000178, Word=94, Instuction=00000797, Mnemonic=auipc x15, 00000000
# ** Note:   x1=0000000A x2=00002000 x3=00000005 x5=00002010 x6=00002010 x7=FFFFEFA0 x14=FFFFEFA0 x15=00000178 
# ** Note: ** Addr=0000017C, Word=95, Instuction=01478793, Mnemonic=addi x15, x15, 00000014
# ** Note:   x1=0000000A x2=00002000 x3=00000005 x5=00002010 x6=00002010 x7=FFFFEFA0 x14=FFFFEFA0 x15=0000018C 
# ** Note: ** Addr=00000180, Word=96, Instuction=001101A3, Mnemonic=sb x1, 00000003(x2)
# ** Note:   x1=0000000A x2=00002000 x3=00000005 x5=00002010 x6=00002010 x7=FFFFEFA0 x14=FFFFEFA0 x15=0000018C 
# ** Note:   Addr=00002003, Word=2048, WData=0000000A, RData=000000EF
# ** Note: ** Addr=00000184, Word=97, Instuction=00310703, Mnemonic=lb x14, 00000003(x2)
# ** Note:   x1=0000000A x2=00002000 x3=00000005 x5=00002010 x6=00002010 x7=FFFFEFA0 x14=0000000A x15=0000018C 
# ** Note:   Addr=00002003, Word=2048, WData=00000005, RData=0000000A
# ** Note: ** Addr=00000188, Word=98, Instuction=0080006F, Mnemonic=jal x0, 00000008
# ** Note:   x1=0000000A x2=00002000 x3=00000005 x5=00002010 x6=00002010 x7=FFFFEFA0 x14=0000000A x15=0000018C 
# ** Warning: (vsim-151) NUMERIC_STD.TO_INTEGER: Value -936 is not in bounds of subtype NATURAL.
# ** Warning: (vsim-151) NUMERIC_STD.TO_INTEGER: Value -936 is not in bounds of subtype NATURAL.
# ** Note: ** Addr=00000190, Word=100, Instuction=00A00393, Mnemonic=addi x7, x0, 0000000A
# ** Note:   x1=0000000A x2=00002000 x3=00000005 x5=00002010 x6=00002010 x7=0000000A x14=0000000A x15=0000018C 
# ** Note: ** Addr=00000194, Word=101, Instuction=3A771863, Mnemonic=bne x14, x7, 000003B0
# ** Note:   x1=0000000A x2=00002000 x3=00000005 x5=00002010 x6=00002010 x7=0000000A x14=0000000A x15=0000018C 
# ** Note: ** Addr=00000198, Word=102, Instuction=00600193, Mnemonic=addi x3, x0, 00000006
# ** Note:   x1=0000000A x2=00002000 x3=00000006 x5=00002010 x6=00002010 x7=0000000A x14=0000000A x15=0000018C 
# ** Note: ** Addr=0000019C, Word=103, Instuction=00002117, Mnemonic=auipc x2, 00002000
# ** Note:   x1=0000000A x2=0000219C x3=00000006 x5=00002010 x6=00002010 x7=0000000A x14=0000000A x15=0000018C 
# ** Warning: (vsim-151) NUMERIC_STD.TO_INTEGER: Value -86 is not in bounds of subtype NATURAL.
# ** Warning: (vsim-151) NUMERIC_STD.TO_INTEGER: Value -86 is not in bounds of subtype NATURAL.
# ** Warning: (vsim-151) NUMERIC_STD.TO_INTEGER: Value -86 is not in bounds of subtype NATURAL.
# ** Note: ** Addr=000001A0, Word=104, Instuction=E6B10113, Mnemonic=addi x2, x2, FFFFFE6B
# ** Note:   x1=0000000A x2=00002007 x3=00000006 x5=00002010 x6=00002010 x7=0000000A x14=0000000A x15=0000018C 
# ** Note: ** Addr=000001A4, Word=105, Instuction=FAA00093, Mnemonic=addi x1, x0, FFFFFFAA
# ** Note:   x1=FFFFFFAA x2=00002007 x3=00000006 x5=00002010 x6=00002010 x7=0000000A x14=0000000A x15=0000018C 
# ** Note: ** Addr=000001A8, Word=106, Instuction=00000797, Mnemonic=auipc x15, 00000000
# ** Note:   x1=FFFFFFAA x2=00002007 x3=00000006 x5=00002010 x6=00002010 x7=0000000A x14=0000000A x15=000001A8 
# ** Note: ** Addr=000001AC, Word=107, Instuction=01478793, Mnemonic=addi x15, x15, 00000014
# ** Note:   x1=FFFFFFAA x2=00002007 x3=00000006 x5=00002010 x6=00002010 x7=0000000A x14=0000000A x15=000001BC 
# ** Note: ** Addr=000001B0, Word=108, Instuction=FE110EA3, Mnemonic=sb x1, FFFFFFFD(x2)
# ** Note:   x1=FFFFFFAA x2=00002007 x3=00000006 x5=00002010 x6=00002010 x7=0000000A x14=0000000A x15=000001BC 
# ** Note:   Addr=00002004, Word=2049, WData=FFFFFFAA, RData=000000EF
# ** Note: ** Addr=000001B4, Word=109, Instuction=FFD10703, Mnemonic=lb x14, FFFFFFFD(x2)
# ** Note:   x1=FFFFFFAA x2=00002007 x3=00000006 x5=00002010 x6=00002010 x7=0000000A x14=FFFFFFAA x15=000001BC 
# ** Note:   Addr=00002004, Word=2049, WData=00000000, RData=000000AA
# ** Warning: (vsim-151) NUMERIC_STD.TO_INTEGER: Value -86 is not in bounds of subtype NATURAL.
# ** Warning: (vsim-151) NUMERIC_STD.TO_INTEGER: Value -86 is not in bounds of subtype NATURAL.
# ** Note: ** Addr=000001B8, Word=110, Instuction=0080006F, Mnemonic=jal x0, 00000008
# ** Note:   x1=FFFFFFAA x2=00002007 x3=00000006 x5=00002010 x6=00002010 x7=0000000A x14=FFFFFFAA x15=000001BC 
# ** Warning: (vsim-151) NUMERIC_STD.TO_INTEGER: Value -904 is not in bounds of subtype NATURAL.
# ** Warning: (vsim-151) NUMERIC_STD.TO_INTEGER: Value -904 is not in bounds of subtype NATURAL.
# ** Note: ** Addr=000001C0, Word=112, Instuction=FAA00393, Mnemonic=addi x7, x0, FFFFFFAA
# ** Note:   x1=FFFFFFAA x2=00002007 x3=00000006 x5=00002010 x6=00002010 x7=FFFFFFAA x14=FFFFFFAA x15=000001BC 
# ** Warning: (vsim-151) NUMERIC_STD.TO_INTEGER: Value -172 is not in bounds of subtype NATURAL.
# ** Warning: (vsim-151) NUMERIC_STD.TO_INTEGER: Value -172 is not in bounds of subtype NATURAL.
# ** Note: ** Addr=000001C4, Word=113, Instuction=38771063, Mnemonic=bne x14, x7, 00000380
# ** Note:   x1=FFFFFFAA x2=00002007 x3=00000006 x5=00002010 x6=00002010 x7=FFFFFFAA x14=FFFFFFAA x15=000001BC 
# ** Note: ** Addr=000001C8, Word=114, Instuction=00700193, Mnemonic=addi x3, x0, 00000007
# ** Note:   x1=FFFFFFAA x2=00002007 x3=00000007 x5=00002010 x6=00002010 x7=FFFFFFAA x14=FFFFFFAA x15=000001BC 
# ** Note: ** Addr=000001CC, Word=115, Instuction=00002117, Mnemonic=auipc x2, 00002000
# ** Note:   x1=FFFFFFAA x2=000021CC x3=00000007 x5=00002010 x6=00002010 x7=FFFFFFAA x14=FFFFFFAA x15=000001BC 
# ** Note: ** Addr=000001D0, Word=116, Instuction=E3B10113, Mnemonic=addi x2, x2, FFFFFE3B
# ** Note:   x1=FFFFFFAA x2=00002007 x3=00000007 x5=00002010 x6=00002010 x7=FFFFFFAA x14=FFFFFFAA x15=000001BC 
# ** Note: ** Addr=000001D4, Word=117, Instuction=00000093, Mnemonic=addi x1, x0, 00000000
# ** Note:   x2=00002007 x3=00000007 x5=00002010 x6=00002010 x7=FFFFFFAA x14=FFFFFFAA x15=000001BC 
# ** Note: ** Addr=000001D8, Word=118, Instuction=00000797, Mnemonic=auipc x15, 00000000
# ** Note:   x2=00002007 x3=00000007 x5=00002010 x6=00002010 x7=FFFFFFAA x14=FFFFFFAA x15=000001D8 
# ** Note: ** Addr=000001DC, Word=119, Instuction=01478793, Mnemonic=addi x15, x15, 00000014
# ** Note:   x2=00002007 x3=00000007 x5=00002010 x6=00002010 x7=FFFFFFAA x14=FFFFFFAA x15=000001EC 
# ** Note: ** Addr=000001E0, Word=120, Instuction=FE110F23, Mnemonic=sb x1, FFFFFFFE(x2)
# ** Note:   x2=00002007 x3=00000007 x5=00002010 x6=00002010 x7=FFFFFFAA x14=FFFFFFAA x15=000001EC 
# ** Note:   Addr=00002005, Word=2049, WData=00000000, RData=000000EF
# ** Note: ** Addr=000001E4, Word=121, Instuction=FFE10703, Mnemonic=lb x14, FFFFFFFE(x2)
# ** Note:   x2=00002007 x3=00000007 x5=00002010 x6=00002010 x7=FFFFFFAA x15=000001EC 
# ** Note:   Addr=00002005, Word=2049, WData=00000000, RData=00000000
# ** Note: ** Addr=000001E8, Word=122, Instuction=0080006F, Mnemonic=jal x0, 00000008
# ** Note:   x2=00002007 x3=00000007 x5=00002010 x6=00002010 x7=FFFFFFAA x15=000001EC 
# ** Warning: (vsim-151) NUMERIC_STD.TO_INTEGER: Value -840 is not in bounds of subtype NATURAL.
# ** Warning: (vsim-151) NUMERIC_STD.TO_INTEGER: Value -840 is not in bounds of subtype NATURAL.
# ** Note: ** Addr=000001F0, Word=124, Instuction=00000393, Mnemonic=addi x7, x0, 00000000
# ** Note:   x2=00002007 x3=00000007 x5=00002010 x6=00002010 x15=000001EC 
# ** Note: ** Addr=000001F4, Word=125, Instuction=34771863, Mnemonic=bne x14, x7, 00000350
# ** Note:   x2=00002007 x3=00000007 x5=00002010 x6=00002010 x15=000001EC 
# ** Note: ** Addr=000001F8, Word=126, Instuction=00800193, Mnemonic=addi x3, x0, 00000008
# ** Note:   x2=00002007 x3=00000008 x5=00002010 x6=00002010 x15=000001EC 
# ** Note: ** Addr=000001FC, Word=127, Instuction=00002117, Mnemonic=auipc x2, 00002000
# ** Note:   x2=000021FC x3=00000008 x5=00002010 x6=00002010 x15=000001EC 
# ** Warning: (vsim-151) NUMERIC_STD.TO_INTEGER: Value -96 is not in bounds of subtype NATURAL.
# ** Warning: (vsim-151) NUMERIC_STD.TO_INTEGER: Value -96 is not in bounds of subtype NATURAL.
# ** Warning: (vsim-151) NUMERIC_STD.TO_INTEGER: Value -96 is not in bounds of subtype NATURAL.
# ** Note: ** Addr=00000200, Word=128, Instuction=E0B10113, Mnemonic=addi x2, x2, FFFFFE0B
# ** Note:   x2=00002007 x3=00000008 x5=00002010 x6=00002010 x15=000001EC 
# ** Note: ** Addr=00000204, Word=129, Instuction=FA000093, Mnemonic=addi x1, x0, FFFFFFA0
# ** Note:   x1=FFFFFFA0 x2=00002007 x3=00000008 x5=00002010 x6=00002010 x15=000001EC 
# ** Note: ** Addr=00000208, Word=130, Instuction=00000797, Mnemonic=auipc x15, 00000000
# ** Note:   x1=FFFFFFA0 x2=00002007 x3=00000008 x5=00002010 x6=00002010 x15=00000208 
# ** Note: ** Addr=0000020C, Word=131, Instuction=01478793, Mnemonic=addi x15, x15, 00000014
# ** Note:   x1=FFFFFFA0 x2=00002007 x3=00000008 x5=00002010 x6=00002010 x15=0000021C 
# ** Note: ** Addr=00000210, Word=132, Instuction=FE110FA3, Mnemonic=sb x1, FFFFFFFF(x2)
# ** Note:   x1=FFFFFFA0 x2=00002007 x3=00000008 x5=00002010 x6=00002010 x15=0000021C 
# ** Note:   Addr=00002006, Word=2049, WData=FFFFFFA0, RData=000000EF
# ** Note: ** Addr=00000214, Word=133, Instuction=FFF10703, Mnemonic=lb x14, FFFFFFFF(x2)
# ** Note:   x1=FFFFFFA0 x2=00002007 x3=00000008 x5=00002010 x6=00002010 x14=FFFFFFA0 x15=0000021C 
# ** Note:   Addr=00002006, Word=2049, WData=00000000, RData=000000A0
# ** Warning: (vsim-151) NUMERIC_STD.TO_INTEGER: Value -96 is not in bounds of subtype NATURAL.
# ** Warning: (vsim-151) NUMERIC_STD.TO_INTEGER: Value -96 is not in bounds of subtype NATURAL.
# ** Note: ** Addr=00000218, Word=134, Instuction=0080006F, Mnemonic=jal x0, 00000008
# ** Note:   x1=FFFFFFA0 x2=00002007 x3=00000008 x5=00002010 x6=00002010 x14=FFFFFFA0 x15=0000021C 
# ** Warning: (vsim-151) NUMERIC_STD.TO_INTEGER: Value -808 is not in bounds of subtype NATURAL.
# ** Warning: (vsim-151) NUMERIC_STD.TO_INTEGER: Value -808 is not in bounds of subtype NATURAL.
# ** Note: ** Addr=00000220, Word=136, Instuction=FA000393, Mnemonic=addi x7, x0, FFFFFFA0
# ** Note:   x1=FFFFFFA0 x2=00002007 x3=00000008 x5=00002010 x6=00002010 x7=FFFFFFA0 x14=FFFFFFA0 x15=0000021C 
# ** Warning: (vsim-151) NUMERIC_STD.TO_INTEGER: Value -192 is not in bounds of subtype NATURAL.
# ** Warning: (vsim-151) NUMERIC_STD.TO_INTEGER: Value -192 is not in bounds of subtype NATURAL.
# ** Note: ** Addr=00000224, Word=137, Instuction=32771063, Mnemonic=bne x14, x7, 00000320
# ** Note:   x1=FFFFFFA0 x2=00002007 x3=00000008 x5=00002010 x6=00002010 x7=FFFFFFA0 x14=FFFFFFA0 x15=0000021C 
# ** Note: ** Addr=00000228, Word=138, Instuction=00900193, Mnemonic=addi x3, x0, 00000009
# ** Note:   x1=FFFFFFA0 x2=00002007 x3=00000009 x5=00002010 x6=00002010 x7=FFFFFFA0 x14=FFFFFFA0 x15=0000021C 
# ** Note: ** Addr=0000022C, Word=139, Instuction=00002117, Mnemonic=auipc x2, 00002000
# ** Note:   x1=FFFFFFA0 x2=0000222C x3=00000009 x5=00002010 x6=00002010 x7=FFFFFFA0 x14=FFFFFFA0 x15=0000021C 
# ** Note: ** Addr=00000230, Word=140, Instuction=DDB10113, Mnemonic=addi x2, x2, FFFFFDDB
# ** Note:   x1=FFFFFFA0 x2=00002007 x3=00000009 x5=00002010 x6=00002010 x7=FFFFFFA0 x14=FFFFFFA0 x15=0000021C 
# ** Note: ** Addr=00000234, Word=141, Instuction=00A00093, Mnemonic=addi x1, x0, 0000000A
# ** Note:   x1=0000000A x2=00002007 x3=00000009 x5=00002010 x6=00002010 x7=FFFFFFA0 x14=FFFFFFA0 x15=0000021C 
# ** Note: ** Addr=00000238, Word=142, Instuction=00000797, Mnemonic=auipc x15, 00000000
# ** Note:   x1=0000000A x2=00002007 x3=00000009 x5=00002010 x6=00002010 x7=FFFFFFA0 x14=FFFFFFA0 x15=00000238 
# ** Note: ** Addr=0000023C, Word=143, Instuction=01478793, Mnemonic=addi x15, x15, 00000014
# ** Note:   x1=0000000A x2=00002007 x3=00000009 x5=00002010 x6=00002010 x7=FFFFFFA0 x14=FFFFFFA0 x15=0000024C 
# ** Note: ** Addr=00000240, Word=144, Instuction=00110023, Mnemonic=sb x1, 00000000(x2)
# ** Note:   x1=0000000A x2=00002007 x3=00000009 x5=00002010 x6=00002010 x7=FFFFFFA0 x14=FFFFFFA0 x15=0000024C 
# ** Note:   Addr=00002007, Word=2049, WData=0000000A, RData=000000EF
# ** Note: ** Addr=00000244, Word=145, Instuction=00010703, Mnemonic=lb x14, 00000000(x2)
# ** Note:   x1=0000000A x2=00002007 x3=00000009 x5=00002010 x6=00002010 x7=FFFFFFA0 x14=0000000A x15=0000024C 
# ** Note:   Addr=00002007, Word=2049, WData=00000000, RData=0000000A
# ** Note: ** Addr=00000248, Word=146, Instuction=0080006F, Mnemonic=jal x0, 00000008
# ** Note:   x1=0000000A x2=00002007 x3=00000009 x5=00002010 x6=00002010 x7=FFFFFFA0 x14=0000000A x15=0000024C 
# ** Warning: (vsim-151) NUMERIC_STD.TO_INTEGER: Value -744 is not in bounds of subtype NATURAL.
# ** Warning: (vsim-151) NUMERIC_STD.TO_INTEGER: Value -744 is not in bounds of subtype NATURAL.
# ** Note: ** Addr=00000250, Word=148, Instuction=00A00393, Mnemonic=addi x7, x0, 0000000A
# ** Note:   x1=0000000A x2=00002007 x3=00000009 x5=00002010 x6=00002010 x7=0000000A x14=0000000A x15=0000024C 
# ** Note: ** Addr=00000254, Word=149, Instuction=2E771863, Mnemonic=bne x14, x7, 000002F0
# ** Note:   x1=0000000A x2=00002007 x3=00000009 x5=00002010 x6=00002010 x7=0000000A x14=0000000A x15=0000024C 
# ** Note: ** Addr=00000258, Word=150, Instuction=00A00193, Mnemonic=addi x3, x0, 0000000A
# ** Note:   x1=0000000A x2=00002007 x3=0000000A x5=00002010 x6=00002010 x7=0000000A x14=0000000A x15=0000024C 
# ** Note: ** Addr=0000025C, Word=151, Instuction=00002097, Mnemonic=auipc x1, 00002000
# ** Note:   x1=0000225C x2=00002007 x3=0000000A x5=00002010 x6=00002010 x7=0000000A x14=0000000A x15=0000024C 
# ** Note: ** Addr=00000260, Word=152, Instuction=DAC08093, Mnemonic=addi x1, x1, FFFFFDAC
# ** Note:   x1=00002008 x2=00002007 x3=0000000A x5=00002010 x6=00002010 x7=0000000A x14=0000000A x15=0000024C 
# ** Note: ** Addr=00000264, Word=153, Instuction=12345137, Mnemonic=lui x2, 12345000
# ** Note:   x1=00002008 x2=12345000 x3=0000000A x5=00002010 x6=00002010 x7=0000000A x14=0000000A x15=0000024C 
# ** Note: ** Addr=00000268, Word=154, Instuction=67810113, Mnemonic=addi x2, x2, 00000678
# ** Note:   x1=00002008 x2=12345678 x3=0000000A x5=00002010 x6=00002010 x7=0000000A x14=0000000A x15=0000024C 
# ** Note: ** Addr=0000026C, Word=155, Instuction=FE008213, Mnemonic=addi x4, x1, FFFFFFE0
# ** Note:   x1=00002008 x2=12345678 x3=0000000A x4=00001FE8 x5=00002010 x6=00002010 x7=0000000A x14=0000000A x15=0000024C 
# ** Note: ** Addr=00000270, Word=156, Instuction=02220023, Mnemonic=sb x2, 00000020(x4)
# ** Note:   x1=00002008 x2=12345678 x3=0000000A x4=00001FE8 x5=00002010 x6=00002010 x7=0000000A x14=0000000A x15=0000024C 
# ** Note:   Addr=00002008, Word=2050, WData=12345678, RData=000000EF
# ** Note: ** Addr=00000274, Word=157, Instuction=00008283, Mnemonic=lb x5, 00000000(x1)
# ** Note:   x1=00002008 x2=12345678 x3=0000000A x4=00001FE8 x5=00000078 x6=00002010 x7=0000000A x14=0000000A x15=0000024C 
# ** Note:   Addr=00002008, Word=2050, WData=00000000, RData=00000078
# ** Warning: (vsim-151) NUMERIC_STD.TO_INTEGER: Value -712 is not in bounds of subtype NATURAL.
# ** Warning: (vsim-151) NUMERIC_STD.TO_INTEGER: Value -712 is not in bounds of subtype NATURAL.
# ** Note: ** Addr=00000278, Word=158, Instuction=07800393, Mnemonic=addi x7, x0, 00000078
# ** Note:   x1=00002008 x2=12345678 x3=0000000A x4=00001FE8 x5=00000078 x6=00002010 x7=00000078 x14=0000000A x15=0000024C 
# ** Note: ** Addr=0000027C, Word=159, Instuction=2C729463, Mnemonic=bne x5, x7, 000002C8
# ** Note:   x1=00002008 x2=12345678 x3=0000000A x4=00001FE8 x5=00000078 x6=00002010 x7=00000078 x14=0000000A x15=0000024C 
# ** Note: ** Addr=00000280, Word=160, Instuction=00B00193, Mnemonic=addi x3, x0, 0000000B
# ** Note:   x1=00002008 x2=12345678 x3=0000000B x4=00001FE8 x5=00000078 x6=00002010 x7=00000078 x14=0000000A x15=0000024C 
# ** Note: ** Addr=00000284, Word=161, Instuction=00002097, Mnemonic=auipc x1, 00002000
# ** Note:   x1=00002284 x2=12345678 x3=0000000B x4=00001FE8 x5=00000078 x6=00002010 x7=00000078 x14=0000000A x15=0000024C 
# ** Note: ** Addr=00000288, Word=162, Instuction=D8408093, Mnemonic=addi x1, x1, FFFFFD84
# ** Note:   x1=00002008 x2=12345678 x3=0000000B x4=00001FE8 x5=00000078 x6=00002010 x7=00000078 x14=0000000A x15=0000024C 
# ** Note: ** Addr=0000028C, Word=163, Instuction=00003137, Mnemonic=lui x2, 00003000
# ** Note:   x1=00002008 x2=00003000 x3=0000000B x4=00001FE8 x5=00000078 x6=00002010 x7=00000078 x14=0000000A x15=0000024C 
# ** Note: ** Addr=00000290, Word=164, Instuction=09810113, Mnemonic=addi x2, x2, 00000098
# ** Note:   x1=00002008 x2=00003098 x3=0000000B x4=00001FE8 x5=00000078 x6=00002010 x7=00000078 x14=0000000A x15=0000024C 
# ** Note: ** Addr=00000294, Word=165, Instuction=FFA08093, Mnemonic=addi x1, x1, FFFFFFFA
# ** Note:   x1=00002002 x2=00003098 x3=0000000B x4=00001FE8 x5=00000078 x6=00002010 x7=00000078 x14=0000000A x15=0000024C 
# ** Note: ** Addr=00000298, Word=166, Instuction=002083A3, Mnemonic=sb x2, 00000007(x1)
# ** Note:   x1=00002002 x2=00003098 x3=0000000B x4=00001FE8 x5=00000078 x6=00002010 x7=00000078 x14=0000000A x15=0000024C 
# ** Note:   Addr=00002009, Word=2050, WData=00003098, RData=000000EF
# ** Note: ** Addr=0000029C, Word=167, Instuction=00002217, Mnemonic=auipc x4, 00002000
# ** Note:   x1=00002002 x2=00003098 x3=0000000B x4=0000229C x5=00000078 x6=00002010 x7=00000078 x14=0000000A x15=0000024C 
# ** Note: ** Addr=000002A0, Word=168, Instuction=D6D20213, Mnemonic=addi x4, x4, FFFFFD6D
# ** Note:   x1=00002002 x2=00003098 x3=0000000B x4=00002009 x5=00000078 x6=00002010 x7=00000078 x14=0000000A x15=0000024C 
# ** Warning: (vsim-151) NUMERIC_STD.TO_INTEGER: Value -104 is not in bounds of subtype NATURAL.
# ** Warning: (vsim-151) NUMERIC_STD.TO_INTEGER: Value -104 is not in bounds of subtype NATURAL.
# ** Warning: (vsim-151) NUMERIC_STD.TO_INTEGER: Value -104 is not in bounds of subtype NATURAL.
# ** Warning: (vsim-151) NUMERIC_STD.TO_INTEGER: Value -104 is not in bounds of subtype NATURAL.
# ** Note: ** Addr=000002A4, Word=169, Instuction=00020283, Mnemonic=lb x5, 00000000(x4)
# ** Note:   x1=00002002 x2=00003098 x3=0000000B x4=00002009 x5=FFFFFF98 x6=00002010 x7=00000078 x14=0000000A x15=0000024C 
# ** Note:   Addr=00002009, Word=2050, WData=00000000, RData=00000098
# ** Warning: (vsim-151) NUMERIC_STD.TO_INTEGER: Value -648 is not in bounds of subtype NATURAL.
# ** Warning: (vsim-151) NUMERIC_STD.TO_INTEGER: Value -648 is not in bounds of subtype NATURAL.
# ** Note: ** Addr=000002A8, Word=170, Instuction=F9800393, Mnemonic=addi x7, x0, FFFFFF98
# ** Note:   x1=00002002 x2=00003098 x3=0000000B x4=00002009 x5=FFFFFF98 x6=00002010 x7=FFFFFF98 x14=0000000A x15=0000024C 
# ** Warning: (vsim-151) NUMERIC_STD.TO_INTEGER: Value -208 is not in bounds of subtype NATURAL.
# ** Warning: (vsim-151) NUMERIC_STD.TO_INTEGER: Value -208 is not in bounds of subtype NATURAL.
# ** Note: ** Addr=000002AC, Word=171, Instuction=28729C63, Mnemonic=bne x5, x7, 00000298
# ** Note:   x1=00002002 x2=00003098 x3=0000000B x4=00002009 x5=FFFFFF98 x6=00002010 x7=FFFFFF98 x14=0000000A x15=0000024C 
# ** Note: ** Addr=000002B0, Word=172, Instuction=00C00193, Mnemonic=addi x3, x0, 0000000C
# ** Note:   x1=00002002 x2=00003098 x3=0000000C x4=00002009 x5=FFFFFF98 x6=00002010 x7=FFFFFF98 x14=0000000A x15=0000024C 
# ** Warning: (vsim-151) NUMERIC_STD.TO_INTEGER: Value -36 is not in bounds of subtype NATURAL.
# ** Warning: (vsim-151) NUMERIC_STD.TO_INTEGER: Value -36 is not in bounds of subtype NATURAL.
# ** Note: ** Addr=000002B4, Word=173, Instuction=00000213, Mnemonic=addi x4, x0, 00000000
# ** Note:   x1=00002002 x2=00003098 x3=0000000C x5=FFFFFF98 x6=00002010 x7=FFFFFF98 x14=0000000A x15=0000024C 
# ** Note: ** Addr=000002B8, Word=174, Instuction=FDD00693, Mnemonic=addi x13, x0, FFFFFFDD
# ** Note:   x1=00002002 x2=00003098 x3=0000000C x5=FFFFFF98 x6=00002010 x7=FFFFFF98 x13=FFFFFFDD x14=0000000A x15=0000024C 
# ** Note: ** Addr=000002BC, Word=175, Instuction=00002617, Mnemonic=auipc x12, 00002000
# ** Note:   x1=00002002 x2=00003098 x3=0000000C x5=FFFFFF98 x6=00002010 x7=FFFFFF98 x12=000022BC x13=FFFFFFDD x14=0000000A x15=0000024C 
# ** Note: ** Addr=000002C0, Word=176, Instuction=D4460613, Mnemonic=addi x12, x12, FFFFFD44
# ** Note:   x1=00002002 x2=00003098 x3=0000000C x5=FFFFFF98 x6=00002010 x7=FFFFFF98 x12=00002000 x13=FFFFFFDD x14=0000000A x15=0000024C 
# ** Note: ** Addr=000002C4, Word=177, Instuction=00D60023, Mnemonic=sb x13, 00000000(x12)
# ** Note:   x1=00002002 x2=00003098 x3=0000000C x5=FFFFFF98 x6=00002010 x7=FFFFFF98 x12=00002000 x13=FFFFFFDD x14=0000000A x15=0000024C 
# ** Note:   Addr=00002000, Word=2048, WData=FFFFFFDD, RData=000000AA
# ** Warning: (vsim-151) NUMERIC_STD.TO_INTEGER: Value -36 is not in bounds of subtype NATURAL.
# ** Warning: (vsim-151) NUMERIC_STD.TO_INTEGER: Value -36 is not in bounds of subtype NATURAL.
# ** Warning: (vsim-151) NUMERIC_STD.TO_INTEGER: Value -36 is not in bounds of subtype NATURAL.
# ** Warning: (vsim-151) NUMERIC_STD.TO_INTEGER: Value -36 is not in bounds of subtype NATURAL.
# ** Note: ** Addr=000002C8, Word=178, Instuction=00060703, Mnemonic=lb x14, 00000000(x12)
# ** Note:   x1=00002002 x2=00003098 x3=0000000C x5=FFFFFF98 x6=00002010 x7=FFFFFF98 x12=00002000 x13=FFFFFFDD x14=FFFFFFDD x15=0000024C 
# ** Note:   Addr=00002000, Word=2048, WData=00000000, RData=000000DD
# ** Warning: (vsim-151) NUMERIC_STD.TO_INTEGER: Value -616 is not in bounds of subtype NATURAL.
# ** Warning: (vsim-151) NUMERIC_STD.TO_INTEGER: Value -616 is not in bounds of subtype NATURAL.
# ** Note: ** Addr=000002CC, Word=179, Instuction=FDD00393, Mnemonic=addi x7, x0, FFFFFFDD
# ** Note:   x1=00002002 x2=00003098 x3=0000000C x5=FFFFFF98 x6=00002010 x7=FFFFFFDD x12=00002000 x13=FFFFFFDD x14=FFFFFFDD x15=0000024C 
# ** Warning: (vsim-151) NUMERIC_STD.TO_INTEGER: Value -70 is not in bounds of subtype NATURAL.
# ** Warning: (vsim-151) NUMERIC_STD.TO_INTEGER: Value -70 is not in bounds of subtype NATURAL.
# ** Note: ** Addr=000002D0, Word=180, Instuction=26771A63, Mnemonic=bne x14, x7, 00000274
# ** Note:   x1=00002002 x2=00003098 x3=0000000C x5=FFFFFF98 x6=00002010 x7=FFFFFFDD x12=00002000 x13=FFFFFFDD x14=FFFFFFDD x15=0000024C 
# ** Note: ** Addr=000002D4, Word=181, Instuction=00120213, Mnemonic=addi x4, x4, 00000001
# ** Note:   x1=00002002 x2=00003098 x3=0000000C x4=00000001 x5=FFFFFF98 x6=00002010 x7=FFFFFFDD x12=00002000 x13=FFFFFFDD x14=FFFFFFDD x15=0000024C 
# ** Warning: (vsim-151) NUMERIC_STD.TO_INTEGER: Value -2 is not in bounds of subtype NATURAL.
# ** Warning: (vsim-151) NUMERIC_STD.TO_INTEGER: Value -2 is not in bounds of subtype NATURAL.
# ** Note: ** Addr=000002D8, Word=182, Instuction=00200293, Mnemonic=addi x5, x0, 00000002
# ** Note:   x1=00002002 x2=00003098 x3=0000000C x4=00000001 x5=00000002 x6=00002010 x7=FFFFFFDD x12=00002000 x13=FFFFFFDD x14=FFFFFFDD x15=0000024C 
# ** Warning: (vsim-151) NUMERIC_STD.TO_INTEGER: Value -36 is not in bounds of subtype NATURAL.
# ** Warning: (vsim-151) NUMERIC_STD.TO_INTEGER: Value -36 is not in bounds of subtype NATURAL.
# ** Note: ** Addr=000002DC, Word=183, Instuction=FC521EE3, Mnemonic=bne x4, x5, FFFFFFDC
# ** Note:   x1=00002002 x2=00003098 x3=0000000C x4=00000001 x5=00000002 x6=00002010 x7=FFFFFFDD x12=00002000 x13=FFFFFFDD x14=FFFFFFDD x15=0000024C 
# ** Note: ** Addr=000002B8, Word=174, Instuction=FDD00693, Mnemonic=addi x13, x0, FFFFFFDD
# ** Note:   x1=00002002 x2=00003098 x3=0000000C x4=00000001 x5=00000002 x6=00002010 x7=FFFFFFDD x12=00002000 x13=FFFFFFDD x14=FFFFFFDD x15=0000024C 
# ** Note: ** Addr=000002BC, Word=175, Instuction=00002617, Mnemonic=auipc x12, 00002000
# ** Note:   x1=00002002 x2=00003098 x3=0000000C x4=00000001 x5=00000002 x6=00002010 x7=FFFFFFDD x12=000022BC x13=FFFFFFDD x14=FFFFFFDD x15=0000024C 
# ** Note: ** Addr=000002C0, Word=176, Instuction=D4460613, Mnemonic=addi x12, x12, FFFFFD44
# ** Note:   x1=00002002 x2=00003098 x3=0000000C x4=00000001 x5=00000002 x6=00002010 x7=FFFFFFDD x12=00002000 x13=FFFFFFDD x14=FFFFFFDD x15=0000024C 
# ** Note: ** Addr=000002C4, Word=177, Instuction=00D60023, Mnemonic=sb x13, 00000000(x12)
# ** Note:   x1=00002002 x2=00003098 x3=0000000C x4=00000001 x5=00000002 x6=00002010 x7=FFFFFFDD x12=00002000 x13=FFFFFFDD x14=FFFFFFDD x15=0000024C 
# ** Note:   Addr=00002000, Word=2048, WData=FFFFFFDD, RData=000000DD
# ** Warning: (vsim-151) NUMERIC_STD.TO_INTEGER: Value -36 is not in bounds of subtype NATURAL.
# ** Warning: (vsim-151) NUMERIC_STD.TO_INTEGER: Value -36 is not in bounds of subtype NATURAL.
# ** Warning: (vsim-151) NUMERIC_STD.TO_INTEGER: Value -36 is not in bounds of subtype NATURAL.
# ** Warning: (vsim-151) NUMERIC_STD.TO_INTEGER: Value -36 is not in bounds of subtype NATURAL.
# ** Note: ** Addr=000002C8, Word=178, Instuction=00060703, Mnemonic=lb x14, 00000000(x12)
# ** Note:   x1=00002002 x2=00003098 x3=0000000C x4=00000001 x5=00000002 x6=00002010 x7=FFFFFFDD x12=00002000 x13=FFFFFFDD x14=FFFFFFDD x15=0000024C 
# ** Note:   Addr=00002000, Word=2048, WData=00000000, RData=000000DD
# ** Warning: (vsim-151) NUMERIC_STD.TO_INTEGER: Value -616 is not in bounds of subtype NATURAL.
# ** Warning: (vsim-151) NUMERIC_STD.TO_INTEGER: Value -616 is not in bounds of subtype NATURAL.
# ** Note: ** Addr=000002CC, Word=179, Instuction=FDD00393, Mnemonic=addi x7, x0, FFFFFFDD
# ** Note:   x1=00002002 x2=00003098 x3=0000000C x4=00000001 x5=00000002 x6=00002010 x7=FFFFFFDD x12=00002000 x13=FFFFFFDD x14=FFFFFFDD x15=0000024C 
# ** Warning: (vsim-151) NUMERIC_STD.TO_INTEGER: Value -70 is not in bounds of subtype NATURAL.
# ** Warning: (vsim-151) NUMERIC_STD.TO_INTEGER: Value -70 is not in bounds of subtype NATURAL.
# ** Note: ** Addr=000002D0, Word=180, Instuction=26771A63, Mnemonic=bne x14, x7, 00000274
# ** Note:   x1=00002002 x2=00003098 x3=0000000C x4=00000001 x5=00000002 x6=00002010 x7=FFFFFFDD x12=00002000 x13=FFFFFFDD x14=FFFFFFDD x15=0000024C 
# ** Note: ** Addr=000002D4, Word=181, Instuction=00120213, Mnemonic=addi x4, x4, 00000001
# ** Note:   x1=00002002 x2=00003098 x3=0000000C x4=00000002 x5=00000002 x6=00002010 x7=FFFFFFDD x12=00002000 x13=FFFFFFDD x14=FFFFFFDD x15=0000024C 
# ** Note: ** Addr=000002D8, Word=182, Instuction=00200293, Mnemonic=addi x5, x0, 00000002
# ** Note:   x1=00002002 x2=00003098 x3=0000000C x4=00000002 x5=00000002 x6=00002010 x7=FFFFFFDD x12=00002000 x13=FFFFFFDD x14=FFFFFFDD x15=0000024C 
# ** Note: ** Addr=000002DC, Word=183, Instuction=FC521EE3, Mnemonic=bne x4, x5, FFFFFFDC
# ** Note:   x1=00002002 x2=00003098 x3=0000000C x4=00000002 x5=00000002 x6=00002010 x7=FFFFFFDD x12=00002000 x13=FFFFFFDD x14=FFFFFFDD x15=0000024C 
# ** Note: ** Addr=000002E0, Word=184, Instuction=00D00193, Mnemonic=addi x3, x0, 0000000D
# ** Note:   x1=00002002 x2=00003098 x3=0000000D x4=00000002 x5=00000002 x6=00002010 x7=FFFFFFDD x12=00002000 x13=FFFFFFDD x14=FFFFFFDD x15=0000024C 
# ** Warning: (vsim-151) NUMERIC_STD.TO_INTEGER: Value -52 is not in bounds of subtype NATURAL.
# ** Warning: (vsim-151) NUMERIC_STD.TO_INTEGER: Value -52 is not in bounds of subtype NATURAL.
# ** Note: ** Addr=000002E4, Word=185, Instuction=00000213, Mnemonic=addi x4, x0, 00000000
# ** Note:   x1=00002002 x2=00003098 x3=0000000D x5=00000002 x6=00002010 x7=FFFFFFDD x12=00002000 x13=FFFFFFDD x14=FFFFFFDD x15=0000024C 
# ** Note: ** Addr=000002E8, Word=186, Instuction=FCD00693, Mnemonic=addi x13, x0, FFFFFFCD
# ** Note:   x1=00002002 x2=00003098 x3=0000000D x5=00000002 x6=00002010 x7=FFFFFFDD x12=00002000 x13=FFFFFFCD x14=FFFFFFDD x15=0000024C 
# ** Note: ** Addr=000002EC, Word=187, Instuction=00002617, Mnemonic=auipc x12, 00002000
# ** Note:   x1=00002002 x2=00003098 x3=0000000D x5=00000002 x6=00002010 x7=FFFFFFDD x12=000022EC x13=FFFFFFCD x14=FFFFFFDD x15=0000024C 
# ** Note: ** Addr=000002F0, Word=188, Instuction=D1460613, Mnemonic=addi x12, x12, FFFFFD14
# ** Note:   x1=00002002 x2=00003098 x3=0000000D x5=00000002 x6=00002010 x7=FFFFFFDD x12=00002000 x13=FFFFFFCD x14=FFFFFFDD x15=0000024C 
# ** Note: ** Addr=000002F4, Word=189, Instuction=00000013, Mnemonic=addi x0, x0, 00000000
# ** Note:   x1=00002002 x2=00003098 x3=0000000D x5=00000002 x6=00002010 x7=FFFFFFDD x12=00002000 x13=FFFFFFCD x14=FFFFFFDD x15=0000024C 
# ** Note: ** Addr=000002F8, Word=190, Instuction=00D600A3, Mnemonic=sb x13, 00000001(x12)
# ** Note:   x1=00002002 x2=00003098 x3=0000000D x5=00000002 x6=00002010 x7=FFFFFFDD x12=00002000 x13=FFFFFFCD x14=FFFFFFDD x15=0000024C 
# ** Note:   Addr=00002001, Word=2048, WData=FFFFFFCD, RData=00000000
# ** Warning: (vsim-151) NUMERIC_STD.TO_INTEGER: Value -52 is not in bounds of subtype NATURAL.
# ** Warning: (vsim-151) NUMERIC_STD.TO_INTEGER: Value -52 is not in bounds of subtype NATURAL.
# ** Warning: (vsim-151) NUMERIC_STD.TO_INTEGER: Value -52 is not in bounds of subtype NATURAL.
# ** Warning: (vsim-151) NUMERIC_STD.TO_INTEGER: Value -52 is not in bounds of subtype NATURAL.
# ** Note: ** Addr=000002FC, Word=191, Instuction=00160703, Mnemonic=lb x14, 00000001(x12)
# ** Note:   x1=00002002 x2=00003098 x3=0000000D x5=00000002 x6=00002010 x7=FFFFFFDD x12=00002000 x13=FFFFFFCD x14=FFFFFFCD x15=0000024C 
# ** Note:   Addr=00002001, Word=2048, WData=00002002, RData=000000CD
# ** Warning: (vsim-151) NUMERIC_STD.TO_INTEGER: Value -584 is not in bounds of subtype NATURAL.
# ** Warning: (vsim-151) NUMERIC_STD.TO_INTEGER: Value -584 is not in bounds of subtype NATURAL.
# ** Note: ** Addr=00000300, Word=192, Instuction=FCD00393, Mnemonic=addi x7, x0, FFFFFFCD
# ** Note:   x1=00002002 x2=00003098 x3=0000000D x5=00000002 x6=00002010 x7=FFFFFFCD x12=00002000 x13=FFFFFFCD x14=FFFFFFCD x15=0000024C 
# ** Warning: (vsim-151) NUMERIC_STD.TO_INTEGER: Value -102 is not in bounds of subtype NATURAL.
# ** Warning: (vsim-151) NUMERIC_STD.TO_INTEGER: Value -102 is not in bounds of subtype NATURAL.
# ** Note: ** Addr=00000304, Word=193, Instuction=24771063, Mnemonic=bne x14, x7, 00000240
# ** Note:   x1=00002002 x2=00003098 x3=0000000D x5=00000002 x6=00002010 x7=FFFFFFCD x12=00002000 x13=FFFFFFCD x14=FFFFFFCD x15=0000024C 
# ** Note: ** Addr=00000308, Word=194, Instuction=00120213, Mnemonic=addi x4, x4, 00000001
# ** Note:   x1=00002002 x2=00003098 x3=0000000D x4=00000001 x5=00000002 x6=00002010 x7=FFFFFFCD x12=00002000 x13=FFFFFFCD x14=FFFFFFCD x15=0000024C 
# ** Warning: (vsim-151) NUMERIC_STD.TO_INTEGER: Value -2 is not in bounds of subtype NATURAL.
# ** Warning: (vsim-151) NUMERIC_STD.TO_INTEGER: Value -2 is not in bounds of subtype NATURAL.
# ** Note: ** Addr=0000030C, Word=195, Instuction=00200293, Mnemonic=addi x5, x0, 00000002
# ** Note:   x1=00002002 x2=00003098 x3=0000000D x4=00000001 x5=00000002 x6=00002010 x7=FFFFFFCD x12=00002000 x13=FFFFFFCD x14=FFFFFFCD x15=0000024C 
# ** Warning: (vsim-151) NUMERIC_STD.TO_INTEGER: Value -52 is not in bounds of subtype NATURAL.
# ** Warning: (vsim-151) NUMERIC_STD.TO_INTEGER: Value -52 is not in bounds of subtype NATURAL.
# ** Note: ** Addr=00000310, Word=196, Instuction=FC521CE3, Mnemonic=bne x4, x5, FFFFFFD8
# ** Note:   x1=00002002 x2=00003098 x3=0000000D x4=00000001 x5=00000002 x6=00002010 x7=FFFFFFCD x12=00002000 x13=FFFFFFCD x14=FFFFFFCD x15=0000024C 
# ** Note: ** Addr=000002E8, Word=186, Instuction=FCD00693, Mnemonic=addi x13, x0, FFFFFFCD
# ** Note:   x1=00002002 x2=00003098 x3=0000000D x4=00000001 x5=00000002 x6=00002010 x7=FFFFFFCD x12=00002000 x13=FFFFFFCD x14=FFFFFFCD x15=0000024C 
# ** Note: ** Addr=000002EC, Word=187, Instuction=00002617, Mnemonic=auipc x12, 00002000
# ** Note:   x1=00002002 x2=00003098 x3=0000000D x4=00000001 x5=00000002 x6=00002010 x7=FFFFFFCD x12=000022EC x13=FFFFFFCD x14=FFFFFFCD x15=0000024C 
# ** Note: ** Addr=000002F0, Word=188, Instuction=D1460613, Mnemonic=addi x12, x12, FFFFFD14
# ** Note:   x1=00002002 x2=00003098 x3=0000000D x4=00000001 x5=00000002 x6=00002010 x7=FFFFFFCD x12=00002000 x13=FFFFFFCD x14=FFFFFFCD x15=0000024C 
# ** Note: ** Addr=000002F4, Word=189, Instuction=00000013, Mnemonic=addi x0, x0, 00000000
# ** Note:   x1=00002002 x2=00003098 x3=0000000D x4=00000001 x5=00000002 x6=00002010 x7=FFFFFFCD x12=00002000 x13=FFFFFFCD x14=FFFFFFCD x15=0000024C 
# ** Note: ** Addr=000002F8, Word=190, Instuction=00D600A3, Mnemonic=sb x13, 00000001(x12)
# ** Note:   x1=00002002 x2=00003098 x3=0000000D x4=00000001 x5=00000002 x6=00002010 x7=FFFFFFCD x12=00002000 x13=FFFFFFCD x14=FFFFFFCD x15=0000024C 
# ** Note:   Addr=00002001, Word=2048, WData=FFFFFFCD, RData=000000CD
# ** Warning: (vsim-151) NUMERIC_STD.TO_INTEGER: Value -52 is not in bounds of subtype NATURAL.
# ** Warning: (vsim-151) NUMERIC_STD.TO_INTEGER: Value -52 is not in bounds of subtype NATURAL.
# ** Warning: (vsim-151) NUMERIC_STD.TO_INTEGER: Value -52 is not in bounds of subtype NATURAL.
# ** Warning: (vsim-151) NUMERIC_STD.TO_INTEGER: Value -52 is not in bounds of subtype NATURAL.
# ** Note: ** Addr=000002FC, Word=191, Instuction=00160703, Mnemonic=lb x14, 00000001(x12)
# ** Note:   x1=00002002 x2=00003098 x3=0000000D x4=00000001 x5=00000002 x6=00002010 x7=FFFFFFCD x12=00002000 x13=FFFFFFCD x14=FFFFFFCD x15=0000024C 
# ** Note:   Addr=00002001, Word=2048, WData=00002002, RData=000000CD
# ** Warning: (vsim-151) NUMERIC_STD.TO_INTEGER: Value -584 is not in bounds of subtype NATURAL.
# ** Warning: (vsim-151) NUMERIC_STD.TO_INTEGER: Value -584 is not in bounds of subtype NATURAL.
# ** Note: ** Addr=00000300, Word=192, Instuction=FCD00393, Mnemonic=addi x7, x0, FFFFFFCD
# ** Note:   x1=00002002 x2=00003098 x3=0000000D x4=00000001 x5=00000002 x6=00002010 x7=FFFFFFCD x12=00002000 x13=FFFFFFCD x14=FFFFFFCD x15=0000024C 
# ** Warning: (vsim-151) NUMERIC_STD.TO_INTEGER: Value -102 is not in bounds of subtype NATURAL.
# ** Warning: (vsim-151) NUMERIC_STD.TO_INTEGER: Value -102 is not in bounds of subtype NATURAL.
# ** Note: ** Addr=00000304, Word=193, Instuction=24771063, Mnemonic=bne x14, x7, 00000240
# ** Note:   x1=00002002 x2=00003098 x3=0000000D x4=00000001 x5=00000002 x6=00002010 x7=FFFFFFCD x12=00002000 x13=FFFFFFCD x14=FFFFFFCD x15=0000024C 
# ** Note: ** Addr=00000308, Word=194, Instuction=00120213, Mnemonic=addi x4, x4, 00000001
# ** Note:   x1=00002002 x2=00003098 x3=0000000D x4=00000002 x5=00000002 x6=00002010 x7=FFFFFFCD x12=00002000 x13=FFFFFFCD x14=FFFFFFCD x15=0000024C 
# ** Note: ** Addr=0000030C, Word=195, Instuction=00200293, Mnemonic=addi x5, x0, 00000002
# ** Note:   x1=00002002 x2=00003098 x3=0000000D x4=00000002 x5=00000002 x6=00002010 x7=FFFFFFCD x12=00002000 x13=FFFFFFCD x14=FFFFFFCD x15=0000024C 
# ** Note: ** Addr=00000310, Word=196, Instuction=FC521CE3, Mnemonic=bne x4, x5, FFFFFFD8
# ** Note:   x1=00002002 x2=00003098 x3=0000000D x4=00000002 x5=00000002 x6=00002010 x7=FFFFFFCD x12=00002000 x13=FFFFFFCD x14=FFFFFFCD x15=0000024C 
# ** Note: ** Addr=00000314, Word=197, Instuction=00E00193, Mnemonic=addi x3, x0, 0000000E
# ** Note:   x1=00002002 x2=00003098 x3=0000000E x4=00000002 x5=00000002 x6=00002010 x7=FFFFFFCD x12=00002000 x13=FFFFFFCD x14=FFFFFFCD x15=0000024C 
# ** Warning: (vsim-151) NUMERIC_STD.TO_INTEGER: Value -52 is not in bounds of subtype NATURAL.
# ** Warning: (vsim-151) NUMERIC_STD.TO_INTEGER: Value -52 is not in bounds of subtype NATURAL.
# ** Note: ** Addr=00000318, Word=198, Instuction=00000213, Mnemonic=addi x4, x0, 00000000
# ** Note:   x1=00002002 x2=00003098 x3=0000000E x5=00000002 x6=00002010 x7=FFFFFFCD x12=00002000 x13=FFFFFFCD x14=FFFFFFCD x15=0000024C 
# ** Note: ** Addr=0000031C, Word=199, Instuction=FCC00693, Mnemonic=addi x13, x0, FFFFFFCC
# ** Note:   x1=00002002 x2=00003098 x3=0000000E x5=00000002 x6=00002010 x7=FFFFFFCD x12=00002000 x13=FFFFFFCC x14=FFFFFFCD x15=0000024C 
# ** Note: ** Addr=00000320, Word=200, Instuction=00002617, Mnemonic=auipc x12, 00002000
# ** Note:   x1=00002002 x2=00003098 x3=0000000E x5=00000002 x6=00002010 x7=FFFFFFCD x12=00002320 x13=FFFFFFCC x14=FFFFFFCD x15=0000024C 
# ** Note: ** Addr=00000324, Word=201, Instuction=CE060613, Mnemonic=addi x12, x12, FFFFFCE0
# ** Note:   x1=00002002 x2=00003098 x3=0000000E x5=00000002 x6=00002010 x7=FFFFFFCD x12=00002000 x13=FFFFFFCC x14=FFFFFFCD x15=0000024C 
# ** Note: ** Addr=00000328, Word=202, Instuction=00000013, Mnemonic=addi x0, x0, 00000000
# ** Note:   x1=00002002 x2=00003098 x3=0000000E x5=00000002 x6=00002010 x7=FFFFFFCD x12=00002000 x13=FFFFFFCC x14=FFFFFFCD x15=0000024C 
# ** Note: ** Addr=0000032C, Word=203, Instuction=00000013, Mnemonic=addi x0, x0, 00000000
# ** Note:   x1=00002002 x2=00003098 x3=0000000E x5=00000002 x6=00002010 x7=FFFFFFCD x12=00002000 x13=FFFFFFCC x14=FFFFFFCD x15=0000024C 
# ** Note: ** Addr=00000330, Word=204, Instuction=00D60123, Mnemonic=sb x13, 00000002(x12)
# ** Note:   x1=00002002 x2=00003098 x3=0000000E x5=00000002 x6=00002010 x7=FFFFFFCD x12=00002000 x13=FFFFFFCC x14=FFFFFFCD x15=0000024C 
# ** Note:   Addr=00002002, Word=2048, WData=FFFFFFCC, RData=000000A0
# ** Warning: (vsim-151) NUMERIC_STD.TO_INTEGER: Value -52 is not in bounds of subtype NATURAL.
# ** Warning: (vsim-151) NUMERIC_STD.TO_INTEGER: Value -52 is not in bounds of subtype NATURAL.
# ** Warning: (vsim-151) NUMERIC_STD.TO_INTEGER: Value -52 is not in bounds of subtype NATURAL.
# ** Warning: (vsim-151) NUMERIC_STD.TO_INTEGER: Value -52 is not in bounds of subtype NATURAL.
# ** Note: ** Addr=00000334, Word=205, Instuction=00260703, Mnemonic=lb x14, 00000002(x12)
# ** Note:   x1=00002002 x2=00003098 x3=0000000E x5=00000002 x6=00002010 x7=FFFFFFCD x12=00002000 x13=FFFFFFCC x14=FFFFFFCC x15=0000024C 
# ** Note:   Addr=00002002, Word=2048, WData=00003098, RData=000000CC
# ** Warning: (vsim-151) NUMERIC_STD.TO_INTEGER: Value -520 is not in bounds of subtype NATURAL.
# ** Warning: (vsim-151) NUMERIC_STD.TO_INTEGER: Value -520 is not in bounds of subtype NATURAL.
# ** Note: ** Addr=00000338, Word=206, Instuction=FCC00393, Mnemonic=addi x7, x0, FFFFFFCC
# ** Note:   x1=00002002 x2=00003098 x3=0000000E x5=00000002 x6=00002010 x7=FFFFFFCC x12=00002000 x13=FFFFFFCC x14=FFFFFFCC x15=0000024C 
# ** Warning: (vsim-151) NUMERIC_STD.TO_INTEGER: Value -104 is not in bounds of subtype NATURAL.
# ** Warning: (vsim-151) NUMERIC_STD.TO_INTEGER: Value -104 is not in bounds of subtype NATURAL.
# ** Note: ** Addr=0000033C, Word=207, Instuction=20771463, Mnemonic=bne x14, x7, 00000208
# ** Note:   x1=00002002 x2=00003098 x3=0000000E x5=00000002 x6=00002010 x7=FFFFFFCC x12=00002000 x13=FFFFFFCC x14=FFFFFFCC x15=0000024C 
# ** Note: ** Addr=00000340, Word=208, Instuction=00120213, Mnemonic=addi x4, x4, 00000001
# ** Note:   x1=00002002 x2=00003098 x3=0000000E x4=00000001 x5=00000002 x6=00002010 x7=FFFFFFCC x12=00002000 x13=FFFFFFCC x14=FFFFFFCC x15=0000024C 
# ** Warning: (vsim-151) NUMERIC_STD.TO_INTEGER: Value -2 is not in bounds of subtype NATURAL.
# ** Warning: (vsim-151) NUMERIC_STD.TO_INTEGER: Value -2 is not in bounds of subtype NATURAL.
# ** Note: ** Addr=00000344, Word=209, Instuction=00200293, Mnemonic=addi x5, x0, 00000002
# ** Note:   x1=00002002 x2=00003098 x3=0000000E x4=00000001 x5=00000002 x6=00002010 x7=FFFFFFCC x12=00002000 x13=FFFFFFCC x14=FFFFFFCC x15=0000024C 
# ** Warning: (vsim-151) NUMERIC_STD.TO_INTEGER: Value -52 is not in bounds of subtype NATURAL.
# ** Warning: (vsim-151) NUMERIC_STD.TO_INTEGER: Value -52 is not in bounds of subtype NATURAL.
# ** Note: ** Addr=00000348, Word=210, Instuction=FC521AE3, Mnemonic=bne x4, x5, FFFFFFD4
# ** Note:   x1=00002002 x2=00003098 x3=0000000E x4=00000001 x5=00000002 x6=00002010 x7=FFFFFFCC x12=00002000 x13=FFFFFFCC x14=FFFFFFCC x15=0000024C 
# ** Note: ** Addr=0000031C, Word=199, Instuction=FCC00693, Mnemonic=addi x13, x0, FFFFFFCC
# ** Note:   x1=00002002 x2=00003098 x3=0000000E x4=00000001 x5=00000002 x6=00002010 x7=FFFFFFCC x12=00002000 x13=FFFFFFCC x14=FFFFFFCC x15=0000024C 
# ** Note: ** Addr=00000320, Word=200, Instuction=00002617, Mnemonic=auipc x12, 00002000
# ** Note:   x1=00002002 x2=00003098 x3=0000000E x4=00000001 x5=00000002 x6=00002010 x7=FFFFFFCC x12=00002320 x13=FFFFFFCC x14=FFFFFFCC x15=0000024C 
# ** Note: ** Addr=00000324, Word=201, Instuction=CE060613, Mnemonic=addi x12, x12, FFFFFCE0
# ** Note:   x1=00002002 x2=00003098 x3=0000000E x4=00000001 x5=00000002 x6=00002010 x7=FFFFFFCC x12=00002000 x13=FFFFFFCC x14=FFFFFFCC x15=0000024C 
# ** Note: ** Addr=00000328, Word=202, Instuction=00000013, Mnemonic=addi x0, x0, 00000000
# ** Note:   x1=00002002 x2=00003098 x3=0000000E x4=00000001 x5=00000002 x6=00002010 x7=FFFFFFCC x12=00002000 x13=FFFFFFCC x14=FFFFFFCC x15=0000024C 
# ** Note: ** Addr=0000032C, Word=203, Instuction=00000013, Mnemonic=addi x0, x0, 00000000
# ** Note:   x1=00002002 x2=00003098 x3=0000000E x4=00000001 x5=00000002 x6=00002010 x7=FFFFFFCC x12=00002000 x13=FFFFFFCC x14=FFFFFFCC x15=0000024C 
# ** Note: ** Addr=00000330, Word=204, Instuction=00D60123, Mnemonic=sb x13, 00000002(x12)
# ** Note:   x1=00002002 x2=00003098 x3=0000000E x4=00000001 x5=00000002 x6=00002010 x7=FFFFFFCC x12=00002000 x13=FFFFFFCC x14=FFFFFFCC x15=0000024C 
# ** Note:   Addr=00002002, Word=2048, WData=FFFFFFCC, RData=000000CC
# ** Warning: (vsim-151) NUMERIC_STD.TO_INTEGER: Value -52 is not in bounds of subtype NATURAL.
# ** Warning: (vsim-151) NUMERIC_STD.TO_INTEGER: Value -52 is not in bounds of subtype NATURAL.
# ** Warning: (vsim-151) NUMERIC_STD.TO_INTEGER: Value -52 is not in bounds of subtype NATURAL.
# ** Warning: (vsim-151) NUMERIC_STD.TO_INTEGER: Value -52 is not in bounds of subtype NATURAL.
# ** Note: ** Addr=00000334, Word=205, Instuction=00260703, Mnemonic=lb x14, 00000002(x12)
# ** Note:   x1=00002002 x2=00003098 x3=0000000E x4=00000001 x5=00000002 x6=00002010 x7=FFFFFFCC x12=00002000 x13=FFFFFFCC x14=FFFFFFCC x15=0000024C 
# ** Note:   Addr=00002002, Word=2048, WData=00003098, RData=000000CC
# ** Warning: (vsim-151) NUMERIC_STD.TO_INTEGER: Value -520 is not in bounds of subtype NATURAL.
# ** Warning: (vsim-151) NUMERIC_STD.TO_INTEGER: Value -520 is not in bounds of subtype NATURAL.
# ** Note: ** Addr=00000338, Word=206, Instuction=FCC00393, Mnemonic=addi x7, x0, FFFFFFCC
# ** Note:   x1=00002002 x2=00003098 x3=0000000E x4=00000001 x5=00000002 x6=00002010 x7=FFFFFFCC x12=00002000 x13=FFFFFFCC x14=FFFFFFCC x15=0000024C 
# ** Warning: (vsim-151) NUMERIC_STD.TO_INTEGER: Value -104 is not in bounds of subtype NATURAL.
# ** Warning: (vsim-151) NUMERIC_STD.TO_INTEGER: Value -104 is not in bounds of subtype NATURAL.
# ** Note: ** Addr=0000033C, Word=207, Instuction=20771463, Mnemonic=bne x14, x7, 00000208
# ** Note:   x1=00002002 x2=00003098 x3=0000000E x4=00000001 x5=00000002 x6=00002010 x7=FFFFFFCC x12=00002000 x13=FFFFFFCC x14=FFFFFFCC x15=0000024C 
# ** Note: ** Addr=00000340, Word=208, Instuction=00120213, Mnemonic=addi x4, x4, 00000001
# ** Note:   x1=00002002 x2=00003098 x3=0000000E x4=00000002 x5=00000002 x6=00002010 x7=FFFFFFCC x12=00002000 x13=FFFFFFCC x14=FFFFFFCC x15=0000024C 
# ** Note: ** Addr=00000344, Word=209, Instuction=00200293, Mnemonic=addi x5, x0, 00000002
# ** Note:   x1=00002002 x2=00003098 x3=0000000E x4=00000002 x5=00000002 x6=00002010 x7=FFFFFFCC x12=00002000 x13=FFFFFFCC x14=FFFFFFCC x15=0000024C 
# ** Note: ** Addr=00000348, Word=210, Instuction=FC521AE3, Mnemonic=bne x4, x5, FFFFFFD4
# ** Note:   x1=00002002 x2=00003098 x3=0000000E x4=00000002 x5=00000002 x6=00002010 x7=FFFFFFCC x12=00002000 x13=FFFFFFCC x14=FFFFFFCC x15=0000024C 
# ** Note: ** Addr=0000034C, Word=211, Instuction=00F00193, Mnemonic=addi x3, x0, 0000000F
# ** Note:   x1=00002002 x2=00003098 x3=0000000F x4=00000002 x5=00000002 x6=00002010 x7=FFFFFFCC x12=00002000 x13=FFFFFFCC x14=FFFFFFCC x15=0000024C 
# ** Warning: (vsim-151) NUMERIC_STD.TO_INTEGER: Value -68 is not in bounds of subtype NATURAL.
# ** Warning: (vsim-151) NUMERIC_STD.TO_INTEGER: Value -68 is not in bounds of subtype NATURAL.
# ** Note: ** Addr=00000350, Word=212, Instuction=00000213, Mnemonic=addi x4, x0, 00000000
# ** Note:   x1=00002002 x2=00003098 x3=0000000F x5=00000002 x6=00002010 x7=FFFFFFCC x12=00002000 x13=FFFFFFCC x14=FFFFFFCC x15=0000024C 
# ** Note: ** Addr=00000354, Word=213, Instuction=FBC00693, Mnemonic=addi x13, x0, FFFFFFBC
# ** Note:   x1=00002002 x2=00003098 x3=0000000F x5=00000002 x6=00002010 x7=FFFFFFCC x12=00002000 x13=FFFFFFBC x14=FFFFFFCC x15=0000024C 
# ** Note: ** Addr=00000358, Word=214, Instuction=00000013, Mnemonic=addi x0, x0, 00000000
# ** Note:   x1=00002002 x2=00003098 x3=0000000F x5=00000002 x6=00002010 x7=FFFFFFCC x12=00002000 x13=FFFFFFBC x14=FFFFFFCC x15=0000024C 
# ** Note: ** Addr=0000035C, Word=215, Instuction=00002617, Mnemonic=auipc x12, 00002000
# ** Note:   x1=00002002 x2=00003098 x3=0000000F x5=00000002 x6=00002010 x7=FFFFFFCC x12=0000235C x13=FFFFFFBC x14=FFFFFFCC x15=0000024C 
# ** Note: ** Addr=00000360, Word=216, Instuction=CA460613, Mnemonic=addi x12, x12, FFFFFCA4
# ** Note:   x1=00002002 x2=00003098 x3=0000000F x5=00000002 x6=00002010 x7=FFFFFFCC x12=00002000 x13=FFFFFFBC x14=FFFFFFCC x15=0000024C 
# ** Note: ** Addr=00000364, Word=217, Instuction=00D601A3, Mnemonic=sb x13, 00000003(x12)
# ** Note:   x1=00002002 x2=00003098 x3=0000000F x5=00000002 x6=00002010 x7=FFFFFFCC x12=00002000 x13=FFFFFFBC x14=FFFFFFCC x15=0000024C 
# ** Note:   Addr=00002003, Word=2048, WData=FFFFFFBC, RData=0000000A
# ** Warning: (vsim-151) NUMERIC_STD.TO_INTEGER: Value -68 is not in bounds of subtype NATURAL.
# ** Warning: (vsim-151) NUMERIC_STD.TO_INTEGER: Value -68 is not in bounds of subtype NATURAL.
# ** Warning: (vsim-151) NUMERIC_STD.TO_INTEGER: Value -68 is not in bounds of subtype NATURAL.
# ** Warning: (vsim-151) NUMERIC_STD.TO_INTEGER: Value -68 is not in bounds of subtype NATURAL.
# ** Note: ** Addr=00000368, Word=218, Instuction=00360703, Mnemonic=lb x14, 00000003(x12)
# ** Note:   x1=00002002 x2=00003098 x3=0000000F x5=00000002 x6=00002010 x7=FFFFFFCC x12=00002000 x13=FFFFFFBC x14=FFFFFFBC x15=0000024C 
# ** Note:   Addr=00002003, Word=2048, WData=0000000F, RData=000000BC
# ** Warning: (vsim-151) NUMERIC_STD.TO_INTEGER: Value -456 is not in bounds of subtype NATURAL.
# ** Warning: (vsim-151) NUMERIC_STD.TO_INTEGER: Value -456 is not in bounds of subtype NATURAL.
# ** Note: ** Addr=0000036C, Word=219, Instuction=FBC00393, Mnemonic=addi x7, x0, FFFFFFBC
# ** Note:   x1=00002002 x2=00003098 x3=0000000F x5=00000002 x6=00002010 x7=FFFFFFBC x12=00002000 x13=FFFFFFBC x14=FFFFFFBC x15=0000024C 
# ** Warning: (vsim-151) NUMERIC_STD.TO_INTEGER: Value -136 is not in bounds of subtype NATURAL.
# ** Warning: (vsim-151) NUMERIC_STD.TO_INTEGER: Value -136 is not in bounds of subtype NATURAL.
# ** Note: ** Addr=00000370, Word=220, Instuction=1C771A63, Mnemonic=bne x14, x7, 000001D4
# ** Note:   x1=00002002 x2=00003098 x3=0000000F x5=00000002 x6=00002010 x7=FFFFFFBC x12=00002000 x13=FFFFFFBC x14=FFFFFFBC x15=0000024C 
# ** Note: ** Addr=00000374, Word=221, Instuction=00120213, Mnemonic=addi x4, x4, 00000001
# ** Note:   x1=00002002 x2=00003098 x3=0000000F x4=00000001 x5=00000002 x6=00002010 x7=FFFFFFBC x12=00002000 x13=FFFFFFBC x14=FFFFFFBC x15=0000024C 
# ** Warning: (vsim-151) NUMERIC_STD.TO_INTEGER: Value -2 is not in bounds of subtype NATURAL.
# ** Warning: (vsim-151) NUMERIC_STD.TO_INTEGER: Value -2 is not in bounds of subtype NATURAL.
# ** Note: ** Addr=00000378, Word=222, Instuction=00200293, Mnemonic=addi x5, x0, 00000002
# ** Note:   x1=00002002 x2=00003098 x3=0000000F x4=00000001 x5=00000002 x6=00002010 x7=FFFFFFBC x12=00002000 x13=FFFFFFBC x14=FFFFFFBC x15=0000024C 
# ** Warning: (vsim-151) NUMERIC_STD.TO_INTEGER: Value -68 is not in bounds of subtype NATURAL.
# ** Warning: (vsim-151) NUMERIC_STD.TO_INTEGER: Value -68 is not in bounds of subtype NATURAL.
# ** Note: ** Addr=0000037C, Word=223, Instuction=FC521CE3, Mnemonic=bne x4, x5, FFFFFFD8
# ** Note:   x1=00002002 x2=00003098 x3=0000000F x4=00000001 x5=00000002 x6=00002010 x7=FFFFFFBC x12=00002000 x13=FFFFFFBC x14=FFFFFFBC x15=0000024C 
# ** Note: ** Addr=00000354, Word=213, Instuction=FBC00693, Mnemonic=addi x13, x0, FFFFFFBC
# ** Note:   x1=00002002 x2=00003098 x3=0000000F x4=00000001 x5=00000002 x6=00002010 x7=FFFFFFBC x12=00002000 x13=FFFFFFBC x14=FFFFFFBC x15=0000024C 
# ** Note: ** Addr=00000358, Word=214, Instuction=00000013, Mnemonic=addi x0, x0, 00000000
# ** Note:   x1=00002002 x2=00003098 x3=0000000F x4=00000001 x5=00000002 x6=00002010 x7=FFFFFFBC x12=00002000 x13=FFFFFFBC x14=FFFFFFBC x15=0000024C 
# ** Note: ** Addr=0000035C, Word=215, Instuction=00002617, Mnemonic=auipc x12, 00002000
# ** Note:   x1=00002002 x2=00003098 x3=0000000F x4=00000001 x5=00000002 x6=00002010 x7=FFFFFFBC x12=0000235C x13=FFFFFFBC x14=FFFFFFBC x15=0000024C 
# ** Note: ** Addr=00000360, Word=216, Instuction=CA460613, Mnemonic=addi x12, x12, FFFFFCA4
# ** Note:   x1=00002002 x2=00003098 x3=0000000F x4=00000001 x5=00000002 x6=00002010 x7=FFFFFFBC x12=00002000 x13=FFFFFFBC x14=FFFFFFBC x15=0000024C 
# ** Note: ** Addr=00000364, Word=217, Instuction=00D601A3, Mnemonic=sb x13, 00000003(x12)
# ** Note:   x1=00002002 x2=00003098 x3=0000000F x4=00000001 x5=00000002 x6=00002010 x7=FFFFFFBC x12=00002000 x13=FFFFFFBC x14=FFFFFFBC x15=0000024C 
# ** Note:   Addr=00002003, Word=2048, WData=FFFFFFBC, RData=000000BC
# ** Warning: (vsim-151) NUMERIC_STD.TO_INTEGER: Value -68 is not in bounds of subtype NATURAL.
# ** Warning: (vsim-151) NUMERIC_STD.TO_INTEGER: Value -68 is not in bounds of subtype NATURAL.
# ** Warning: (vsim-151) NUMERIC_STD.TO_INTEGER: Value -68 is not in bounds of subtype NATURAL.
# ** Warning: (vsim-151) NUMERIC_STD.TO_INTEGER: Value -68 is not in bounds of subtype NATURAL.
# ** Note: ** Addr=00000368, Word=218, Instuction=00360703, Mnemonic=lb x14, 00000003(x12)
# ** Note:   x1=00002002 x2=00003098 x3=0000000F x4=00000001 x5=00000002 x6=00002010 x7=FFFFFFBC x12=00002000 x13=FFFFFFBC x14=FFFFFFBC x15=0000024C 
# ** Note:   Addr=00002003, Word=2048, WData=0000000F, RData=000000BC
# ** Warning: (vsim-151) NUMERIC_STD.TO_INTEGER: Value -456 is not in bounds of subtype NATURAL.
# ** Warning: (vsim-151) NUMERIC_STD.TO_INTEGER: Value -456 is not in bounds of subtype NATURAL.
# ** Note: ** Addr=0000036C, Word=219, Instuction=FBC00393, Mnemonic=addi x7, x0, FFFFFFBC
# ** Note:   x1=00002002 x2=00003098 x3=0000000F x4=00000001 x5=00000002 x6=00002010 x7=FFFFFFBC x12=00002000 x13=FFFFFFBC x14=FFFFFFBC x15=0000024C 
# ** Warning: (vsim-151) NUMERIC_STD.TO_INTEGER: Value -136 is not in bounds of subtype NATURAL.
# ** Warning: (vsim-151) NUMERIC_STD.TO_INTEGER: Value -136 is not in bounds of subtype NATURAL.
# ** Note: ** Addr=00000370, Word=220, Instuction=1C771A63, Mnemonic=bne x14, x7, 000001D4
# ** Note:   x1=00002002 x2=00003098 x3=0000000F x4=00000001 x5=00000002 x6=00002010 x7=FFFFFFBC x12=00002000 x13=FFFFFFBC x14=FFFFFFBC x15=0000024C 
# ** Note: ** Addr=00000374, Word=221, Instuction=00120213, Mnemonic=addi x4, x4, 00000001
# ** Note:   x1=00002002 x2=00003098 x3=0000000F x4=00000002 x5=00000002 x6=00002010 x7=FFFFFFBC x12=00002000 x13=FFFFFFBC x14=FFFFFFBC x15=0000024C 
# ** Note: ** Addr=00000378, Word=222, Instuction=00200293, Mnemonic=addi x5, x0, 00000002
# ** Note:   x1=00002002 x2=00003098 x3=0000000F x4=00000002 x5=00000002 x6=00002010 x7=FFFFFFBC x12=00002000 x13=FFFFFFBC x14=FFFFFFBC x15=0000024C 
# ** Note: ** Addr=0000037C, Word=223, Instuction=FC521CE3, Mnemonic=bne x4, x5, FFFFFFD8
# ** Note:   x1=00002002 x2=00003098 x3=0000000F x4=00000002 x5=00000002 x6=00002010 x7=FFFFFFBC x12=00002000 x13=FFFFFFBC x14=FFFFFFBC x15=0000024C 
# ** Note: ** Addr=00000380, Word=224, Instuction=01000193, Mnemonic=addi x3, x0, 00000010
# ** Note:   x1=00002002 x2=00003098 x3=00000010 x4=00000002 x5=00000002 x6=00002010 x7=FFFFFFBC x12=00002000 x13=FFFFFFBC x14=FFFFFFBC x15=0000024C 
# ** Warning: (vsim-151) NUMERIC_STD.TO_INTEGER: Value -70 is not in bounds of subtype NATURAL.
# ** Warning: (vsim-151) NUMERIC_STD.TO_INTEGER: Value -70 is not in bounds of subtype NATURAL.
# ** Note: ** Addr=00000384, Word=225, Instuction=00000213, Mnemonic=addi x4, x0, 00000000
# ** Note:   x1=00002002 x2=00003098 x3=00000010 x5=00000002 x6=00002010 x7=FFFFFFBC x12=00002000 x13=FFFFFFBC x14=FFFFFFBC x15=0000024C 
# ** Note: ** Addr=00000388, Word=226, Instuction=FBB00693, Mnemonic=addi x13, x0, FFFFFFBB
# ** Note:   x1=00002002 x2=00003098 x3=00000010 x5=00000002 x6=00002010 x7=FFFFFFBC x12=00002000 x13=FFFFFFBB x14=FFFFFFBC x15=0000024C 
# ** Note: ** Addr=0000038C, Word=227, Instuction=00000013, Mnemonic=addi x0, x0, 00000000
# ** Note:   x1=00002002 x2=00003098 x3=00000010 x5=00000002 x6=00002010 x7=FFFFFFBC x12=00002000 x13=FFFFFFBB x14=FFFFFFBC x15=0000024C 
# ** Note: ** Addr=00000390, Word=228, Instuction=00002617, Mnemonic=auipc x12, 00002000
# ** Note:   x1=00002002 x2=00003098 x3=00000010 x5=00000002 x6=00002010 x7=FFFFFFBC x12=00002390 x13=FFFFFFBB x14=FFFFFFBC x15=0000024C 
# ** Note: ** Addr=00000394, Word=229, Instuction=C7060613, Mnemonic=addi x12, x12, FFFFFC70
# ** Note:   x1=00002002 x2=00003098 x3=00000010 x5=00000002 x6=00002010 x7=FFFFFFBC x12=00002000 x13=FFFFFFBB x14=FFFFFFBC x15=0000024C 
# ** Note: ** Addr=00000398, Word=230, Instuction=00000013, Mnemonic=addi x0, x0, 00000000
# ** Note:   x1=00002002 x2=00003098 x3=00000010 x5=00000002 x6=00002010 x7=FFFFFFBC x12=00002000 x13=FFFFFFBB x14=FFFFFFBC x15=0000024C 
# ** Note: ** Addr=0000039C, Word=231, Instuction=00D60223, Mnemonic=sb x13, 00000004(x12)
# ** Note:   x1=00002002 x2=00003098 x3=00000010 x5=00000002 x6=00002010 x7=FFFFFFBC x12=00002000 x13=FFFFFFBB x14=FFFFFFBC x15=0000024C 
# ** Note:   Addr=00002004, Word=2049, WData=FFFFFFBB, RData=000000AA
# ** Warning: (vsim-151) NUMERIC_STD.TO_INTEGER: Value -70 is not in bounds of subtype NATURAL.
# ** Warning: (vsim-151) NUMERIC_STD.TO_INTEGER: Value -70 is not in bounds of subtype NATURAL.
# ** Warning: (vsim-151) NUMERIC_STD.TO_INTEGER: Value -70 is not in bounds of subtype NATURAL.
# ** Warning: (vsim-151) NUMERIC_STD.TO_INTEGER: Value -70 is not in bounds of subtype NATURAL.
# ** Note: ** Addr=000003A0, Word=232, Instuction=00460703, Mnemonic=lb x14, 00000004(x12)
# ** Note:   x1=00002002 x2=00003098 x3=00000010 x5=00000002 x6=00002010 x7=FFFFFFBC x12=00002000 x13=FFFFFFBB x14=FFFFFFBB x15=0000024C 
# ** Note:   Addr=00002004, Word=2049, WData=00000000, RData=000000BB
# ** Warning: (vsim-151) NUMERIC_STD.TO_INTEGER: Value -392 is not in bounds of subtype NATURAL.
# ** Warning: (vsim-151) NUMERIC_STD.TO_INTEGER: Value -392 is not in bounds of subtype NATURAL.
# ** Note: ** Addr=000003A4, Word=233, Instuction=FBB00393, Mnemonic=addi x7, x0, FFFFFFBB
# ** Note:   x1=00002002 x2=00003098 x3=00000010 x5=00000002 x6=00002010 x7=FFFFFFBB x12=00002000 x13=FFFFFFBB x14=FFFFFFBB x15=0000024C 
# ** Warning: (vsim-151) NUMERIC_STD.TO_INTEGER: Value -138 is not in bounds of subtype NATURAL.
# ** Warning: (vsim-151) NUMERIC_STD.TO_INTEGER: Value -138 is not in bounds of subtype NATURAL.
# ** Note: ** Addr=000003A8, Word=234, Instuction=18771E63, Mnemonic=bne x14, x7, 0000019C
# ** Note:   x1=00002002 x2=00003098 x3=00000010 x5=00000002 x6=00002010 x7=FFFFFFBB x12=00002000 x13=FFFFFFBB x14=FFFFFFBB x15=0000024C 
# ** Note: ** Addr=000003AC, Word=235, Instuction=00120213, Mnemonic=addi x4, x4, 00000001
# ** Note:   x1=00002002 x2=00003098 x3=00000010 x4=00000001 x5=00000002 x6=00002010 x7=FFFFFFBB x12=00002000 x13=FFFFFFBB x14=FFFFFFBB x15=0000024C 
# ** Warning: (vsim-151) NUMERIC_STD.TO_INTEGER: Value -2 is not in bounds of subtype NATURAL.
# ** Warning: (vsim-151) NUMERIC_STD.TO_INTEGER: Value -2 is not in bounds of subtype NATURAL.
# ** Note: ** Addr=000003B0, Word=236, Instuction=00200293, Mnemonic=addi x5, x0, 00000002
# ** Note:   x1=00002002 x2=00003098 x3=00000010 x4=00000001 x5=00000002 x6=00002010 x7=FFFFFFBB x12=00002000 x13=FFFFFFBB x14=FFFFFFBB x15=0000024C 
# ** Warning: (vsim-151) NUMERIC_STD.TO_INTEGER: Value -70 is not in bounds of subtype NATURAL.
# ** Warning: (vsim-151) NUMERIC_STD.TO_INTEGER: Value -70 is not in bounds of subtype NATURAL.
# ** Note: ** Addr=000003B4, Word=237, Instuction=FC521AE3, Mnemonic=bne x4, x5, FFFFFFD4
# ** Note:   x1=00002002 x2=00003098 x3=00000010 x4=00000001 x5=00000002 x6=00002010 x7=FFFFFFBB x12=00002000 x13=FFFFFFBB x14=FFFFFFBB x15=0000024C 
# ** Note: ** Addr=00000388, Word=226, Instuction=FBB00693, Mnemonic=addi x13, x0, FFFFFFBB
# ** Note:   x1=00002002 x2=00003098 x3=00000010 x4=00000001 x5=00000002 x6=00002010 x7=FFFFFFBB x12=00002000 x13=FFFFFFBB x14=FFFFFFBB x15=0000024C 
# ** Note: ** Addr=0000038C, Word=227, Instuction=00000013, Mnemonic=addi x0, x0, 00000000
# ** Note:   x1=00002002 x2=00003098 x3=00000010 x4=00000001 x5=00000002 x6=00002010 x7=FFFFFFBB x12=00002000 x13=FFFFFFBB x14=FFFFFFBB x15=0000024C 
# ** Note: ** Addr=00000390, Word=228, Instuction=00002617, Mnemonic=auipc x12, 00002000
# ** Note:   x1=00002002 x2=00003098 x3=00000010 x4=00000001 x5=00000002 x6=00002010 x7=FFFFFFBB x12=00002390 x13=FFFFFFBB x14=FFFFFFBB x15=0000024C 
# ** Note: ** Addr=00000394, Word=229, Instuction=C7060613, Mnemonic=addi x12, x12, FFFFFC70
# ** Note:   x1=00002002 x2=00003098 x3=00000010 x4=00000001 x5=00000002 x6=00002010 x7=FFFFFFBB x12=00002000 x13=FFFFFFBB x14=FFFFFFBB x15=0000024C 
# ** Note: ** Addr=00000398, Word=230, Instuction=00000013, Mnemonic=addi x0, x0, 00000000
# ** Note:   x1=00002002 x2=00003098 x3=00000010 x4=00000001 x5=00000002 x6=00002010 x7=FFFFFFBB x12=00002000 x13=FFFFFFBB x14=FFFFFFBB x15=0000024C 
# ** Note: ** Addr=0000039C, Word=231, Instuction=00D60223, Mnemonic=sb x13, 00000004(x12)
# ** Note:   x1=00002002 x2=00003098 x3=00000010 x4=00000001 x5=00000002 x6=00002010 x7=FFFFFFBB x12=00002000 x13=FFFFFFBB x14=FFFFFFBB x15=0000024C 
# ** Note:   Addr=00002004, Word=2049, WData=FFFFFFBB, RData=000000BB
# ** Warning: (vsim-151) NUMERIC_STD.TO_INTEGER: Value -70 is not in bounds of subtype NATURAL.
# ** Warning: (vsim-151) NUMERIC_STD.TO_INTEGER: Value -70 is not in bounds of subtype NATURAL.
# ** Warning: (vsim-151) NUMERIC_STD.TO_INTEGER: Value -70 is not in bounds of subtype NATURAL.
# ** Warning: (vsim-151) NUMERIC_STD.TO_INTEGER: Value -70 is not in bounds of subtype NATURAL.
# ** Note: ** Addr=000003A0, Word=232, Instuction=00460703, Mnemonic=lb x14, 00000004(x12)
# ** Note:   x1=00002002 x2=00003098 x3=00000010 x4=00000001 x5=00000002 x6=00002010 x7=FFFFFFBB x12=00002000 x13=FFFFFFBB x14=FFFFFFBB x15=0000024C 
# ** Note:   Addr=00002004, Word=2049, WData=00000001, RData=000000BB
# ** Warning: (vsim-151) NUMERIC_STD.TO_INTEGER: Value -392 is not in bounds of subtype NATURAL.
# ** Warning: (vsim-151) NUMERIC_STD.TO_INTEGER: Value -392 is not in bounds of subtype NATURAL.
# ** Note: ** Addr=000003A4, Word=233, Instuction=FBB00393, Mnemonic=addi x7, x0, FFFFFFBB
# ** Note:   x1=00002002 x2=00003098 x3=00000010 x4=00000001 x5=00000002 x6=00002010 x7=FFFFFFBB x12=00002000 x13=FFFFFFBB x14=FFFFFFBB x15=0000024C 
# ** Warning: (vsim-151) NUMERIC_STD.TO_INTEGER: Value -138 is not in bounds of subtype NATURAL.
# ** Warning: (vsim-151) NUMERIC_STD.TO_INTEGER: Value -138 is not in bounds of subtype NATURAL.
# ** Note: ** Addr=000003A8, Word=234, Instuction=18771E63, Mnemonic=bne x14, x7, 0000019C
# ** Note:   x1=00002002 x2=00003098 x3=00000010 x4=00000001 x5=00000002 x6=00002010 x7=FFFFFFBB x12=00002000 x13=FFFFFFBB x14=FFFFFFBB x15=0000024C 
# ** Note: ** Addr=000003AC, Word=235, Instuction=00120213, Mnemonic=addi x4, x4, 00000001
# ** Note:   x1=00002002 x2=00003098 x3=00000010 x4=00000002 x5=00000002 x6=00002010 x7=FFFFFFBB x12=00002000 x13=FFFFFFBB x14=FFFFFFBB x15=0000024C 
# ** Note: ** Addr=000003B0, Word=236, Instuction=00200293, Mnemonic=addi x5, x0, 00000002
# ** Note:   x1=00002002 x2=00003098 x3=00000010 x4=00000002 x5=00000002 x6=00002010 x7=FFFFFFBB x12=00002000 x13=FFFFFFBB x14=FFFFFFBB x15=0000024C 
# ** Note: ** Addr=000003B4, Word=237, Instuction=FC521AE3, Mnemonic=bne x4, x5, FFFFFFD4
# ** Note:   x1=00002002 x2=00003098 x3=00000010 x4=00000002 x5=00000002 x6=00002010 x7=FFFFFFBB x12=00002000 x13=FFFFFFBB x14=FFFFFFBB x15=0000024C 
# ** Note: ** Addr=000003B8, Word=238, Instuction=01100193, Mnemonic=addi x3, x0, 00000011
# ** Note:   x1=00002002 x2=00003098 x3=00000011 x4=00000002 x5=00000002 x6=00002010 x7=FFFFFFBB x12=00002000 x13=FFFFFFBB x14=FFFFFFBB x15=0000024C 
# ** Warning: (vsim-151) NUMERIC_STD.TO_INTEGER: Value -86 is not in bounds of subtype NATURAL.
# ** Warning: (vsim-151) NUMERIC_STD.TO_INTEGER: Value -86 is not in bounds of subtype NATURAL.
# ** Note: ** Addr=000003BC, Word=239, Instuction=00000213, Mnemonic=addi x4, x0, 00000000
# ** Note:   x1=00002002 x2=00003098 x3=00000011 x5=00000002 x6=00002010 x7=FFFFFFBB x12=00002000 x13=FFFFFFBB x14=FFFFFFBB x15=0000024C 
# ** Note: ** Addr=000003C0, Word=240, Instuction=FAB00693, Mnemonic=addi x13, x0, FFFFFFAB
# ** Note:   x1=00002002 x2=00003098 x3=00000011 x5=00000002 x6=00002010 x7=FFFFFFBB x12=00002000 x13=FFFFFFAB x14=FFFFFFBB x15=0000024C 
# ** Note: ** Addr=000003C4, Word=241, Instuction=00000013, Mnemonic=addi x0, x0, 00000000
# ** Note:   x1=00002002 x2=00003098 x3=00000011 x5=00000002 x6=00002010 x7=FFFFFFBB x12=00002000 x13=FFFFFFAB x14=FFFFFFBB x15=0000024C 
# ** Note: ** Addr=000003C8, Word=242, Instuction=00000013, Mnemonic=addi x0, x0, 00000000
# ** Note:   x1=00002002 x2=00003098 x3=00000011 x5=00000002 x6=00002010 x7=FFFFFFBB x12=00002000 x13=FFFFFFAB x14=FFFFFFBB x15=0000024C 
# ** Note: ** Addr=000003CC, Word=243, Instuction=00002617, Mnemonic=auipc x12, 00002000
# ** Note:   x1=00002002 x2=00003098 x3=00000011 x5=00000002 x6=00002010 x7=FFFFFFBB x12=000023CC x13=FFFFFFAB x14=FFFFFFBB x15=0000024C 
# ** Note: ** Addr=000003D0, Word=244, Instuction=C3460613, Mnemonic=addi x12, x12, FFFFFC34
# ** Note:   x1=00002002 x2=00003098 x3=00000011 x5=00000002 x6=00002010 x7=FFFFFFBB x12=00002000 x13=FFFFFFAB x14=FFFFFFBB x15=0000024C 
# ** Note: ** Addr=000003D4, Word=245, Instuction=00D602A3, Mnemonic=sb x13, 00000005(x12)
# ** Note:   x1=00002002 x2=00003098 x3=00000011 x5=00000002 x6=00002010 x7=FFFFFFBB x12=00002000 x13=FFFFFFAB x14=FFFFFFBB x15=0000024C 
# ** Note:   Addr=00002005, Word=2049, WData=FFFFFFAB, RData=00000000
# ** Warning: (vsim-151) NUMERIC_STD.TO_INTEGER: Value -86 is not in bounds of subtype NATURAL.
# ** Warning: (vsim-151) NUMERIC_STD.TO_INTEGER: Value -86 is not in bounds of subtype NATURAL.
# ** Warning: (vsim-151) NUMERIC_STD.TO_INTEGER: Value -86 is not in bounds of subtype NATURAL.
# ** Warning: (vsim-151) NUMERIC_STD.TO_INTEGER: Value -86 is not in bounds of subtype NATURAL.
# ** Note: ** Addr=000003D8, Word=246, Instuction=00560703, Mnemonic=lb x14, 00000005(x12)
# ** Note:   x1=00002002 x2=00003098 x3=00000011 x5=00000002 x6=00002010 x7=FFFFFFBB x12=00002000 x13=FFFFFFAB x14=FFFFFFAB x15=0000024C 
# ** Note:   Addr=00002005, Word=2049, WData=00000002, RData=000000AB
# ** Warning: (vsim-151) NUMERIC_STD.TO_INTEGER: Value -360 is not in bounds of subtype NATURAL.
# ** Warning: (vsim-151) NUMERIC_STD.TO_INTEGER: Value -360 is not in bounds of subtype NATURAL.
# ** Note: ** Addr=000003DC, Word=247, Instuction=FAB00393, Mnemonic=addi x7, x0, FFFFFFAB
# ** Note:   x1=00002002 x2=00003098 x3=00000011 x5=00000002 x6=00002010 x7=FFFFFFAB x12=00002000 x13=FFFFFFAB x14=FFFFFFAB x15=0000024C 
# ** Warning: (vsim-151) NUMERIC_STD.TO_INTEGER: Value -170 is not in bounds of subtype NATURAL.
# ** Warning: (vsim-151) NUMERIC_STD.TO_INTEGER: Value -170 is not in bounds of subtype NATURAL.
# ** Note: ** Addr=000003E0, Word=248, Instuction=16771263, Mnemonic=bne x14, x7, 00000164
# ** Note:   x1=00002002 x2=00003098 x3=00000011 x5=00000002 x6=00002010 x7=FFFFFFAB x12=00002000 x13=FFFFFFAB x14=FFFFFFAB x15=0000024C 
# ** Note: ** Addr=000003E4, Word=249, Instuction=00120213, Mnemonic=addi x4, x4, 00000001
# ** Note:   x1=00002002 x2=00003098 x3=00000011 x4=00000001 x5=00000002 x6=00002010 x7=FFFFFFAB x12=00002000 x13=FFFFFFAB x14=FFFFFFAB x15=0000024C 
# ** Warning: (vsim-151) NUMERIC_STD.TO_INTEGER: Value -2 is not in bounds of subtype NATURAL.
# ** Warning: (vsim-151) NUMERIC_STD.TO_INTEGER: Value -2 is not in bounds of subtype NATURAL.
# ** Note: ** Addr=000003E8, Word=250, Instuction=00200293, Mnemonic=addi x5, x0, 00000002
# ** Note:   x1=00002002 x2=00003098 x3=00000011 x4=00000001 x5=00000002 x6=00002010 x7=FFFFFFAB x12=00002000 x13=FFFFFFAB x14=FFFFFFAB x15=0000024C 
# ** Warning: (vsim-151) NUMERIC_STD.TO_INTEGER: Value -86 is not in bounds of subtype NATURAL.
# ** Warning: (vsim-151) NUMERIC_STD.TO_INTEGER: Value -86 is not in bounds of subtype NATURAL.
# ** Note: ** Addr=000003EC, Word=251, Instuction=FC521AE3, Mnemonic=bne x4, x5, FFFFFFD4
# ** Note:   x1=00002002 x2=00003098 x3=00000011 x4=00000001 x5=00000002 x6=00002010 x7=FFFFFFAB x12=00002000 x13=FFFFFFAB x14=FFFFFFAB x15=0000024C 
# ** Note: ** Addr=000003C0, Word=240, Instuction=FAB00693, Mnemonic=addi x13, x0, FFFFFFAB
# ** Note:   x1=00002002 x2=00003098 x3=00000011 x4=00000001 x5=00000002 x6=00002010 x7=FFFFFFAB x12=00002000 x13=FFFFFFAB x14=FFFFFFAB x15=0000024C 
# ** Note: ** Addr=000003C4, Word=241, Instuction=00000013, Mnemonic=addi x0, x0, 00000000
# ** Note:   x1=00002002 x2=00003098 x3=00000011 x4=00000001 x5=00000002 x6=00002010 x7=FFFFFFAB x12=00002000 x13=FFFFFFAB x14=FFFFFFAB x15=0000024C 
# ** Note: ** Addr=000003C8, Word=242, Instuction=00000013, Mnemonic=addi x0, x0, 00000000
# ** Note:   x1=00002002 x2=00003098 x3=00000011 x4=00000001 x5=00000002 x6=00002010 x7=FFFFFFAB x12=00002000 x13=FFFFFFAB x14=FFFFFFAB x15=0000024C 
# ** Note: ** Addr=000003CC, Word=243, Instuction=00002617, Mnemonic=auipc x12, 00002000
# ** Note:   x1=00002002 x2=00003098 x3=00000011 x4=00000001 x5=00000002 x6=00002010 x7=FFFFFFAB x12=000023CC x13=FFFFFFAB x14=FFFFFFAB x15=0000024C 
# ** Note: ** Addr=000003D0, Word=244, Instuction=C3460613, Mnemonic=addi x12, x12, FFFFFC34
# ** Note:   x1=00002002 x2=00003098 x3=00000011 x4=00000001 x5=00000002 x6=00002010 x7=FFFFFFAB x12=00002000 x13=FFFFFFAB x14=FFFFFFAB x15=0000024C 
# ** Note: ** Addr=000003D4, Word=245, Instuction=00D602A3, Mnemonic=sb x13, 00000005(x12)
# ** Note:   x1=00002002 x2=00003098 x3=00000011 x4=00000001 x5=00000002 x6=00002010 x7=FFFFFFAB x12=00002000 x13=FFFFFFAB x14=FFFFFFAB x15=0000024C 
# ** Note:   Addr=00002005, Word=2049, WData=FFFFFFAB, RData=000000AB
# ** Warning: (vsim-151) NUMERIC_STD.TO_INTEGER: Value -86 is not in bounds of subtype NATURAL.
# ** Warning: (vsim-151) NUMERIC_STD.TO_INTEGER: Value -86 is not in bounds of subtype NATURAL.
# ** Warning: (vsim-151) NUMERIC_STD.TO_INTEGER: Value -86 is not in bounds of subtype NATURAL.
# ** Warning: (vsim-151) NUMERIC_STD.TO_INTEGER: Value -86 is not in bounds of subtype NATURAL.
# ** Note: ** Addr=000003D8, Word=246, Instuction=00560703, Mnemonic=lb x14, 00000005(x12)
# ** Note:   x1=00002002 x2=00003098 x3=00000011 x4=00000001 x5=00000002 x6=00002010 x7=FFFFFFAB x12=00002000 x13=FFFFFFAB x14=FFFFFFAB x15=0000024C 
# ** Note:   Addr=00002005, Word=2049, WData=00000002, RData=000000AB
# ** Warning: (vsim-151) NUMERIC_STD.TO_INTEGER: Value -360 is not in bounds of subtype NATURAL.
# ** Warning: (vsim-151) NUMERIC_STD.TO_INTEGER: Value -360 is not in bounds of subtype NATURAL.
# ** Note: ** Addr=000003DC, Word=247, Instuction=FAB00393, Mnemonic=addi x7, x0, FFFFFFAB
# ** Note:   x1=00002002 x2=00003098 x3=00000011 x4=00000001 x5=00000002 x6=00002010 x7=FFFFFFAB x12=00002000 x13=FFFFFFAB x14=FFFFFFAB x15=0000024C 
# ** Warning: (vsim-151) NUMERIC_STD.TO_INTEGER: Value -170 is not in bounds of subtype NATURAL.
# ** Warning: (vsim-151) NUMERIC_STD.TO_INTEGER: Value -170 is not in bounds of subtype NATURAL.
# ** Note: ** Addr=000003E0, Word=248, Instuction=16771263, Mnemonic=bne x14, x7, 00000164
# ** Note:   x1=00002002 x2=00003098 x3=00000011 x4=00000001 x5=00000002 x6=00002010 x7=FFFFFFAB x12=00002000 x13=FFFFFFAB x14=FFFFFFAB x15=0000024C 
# ** Note: ** Addr=000003E4, Word=249, Instuction=00120213, Mnemonic=addi x4, x4, 00000001
# ** Note:   x1=00002002 x2=00003098 x3=00000011 x4=00000002 x5=00000002 x6=00002010 x7=FFFFFFAB x12=00002000 x13=FFFFFFAB x14=FFFFFFAB x15=0000024C 
# ** Note: ** Addr=000003E8, Word=250, Instuction=00200293, Mnemonic=addi x5, x0, 00000002
# ** Note:   x1=00002002 x2=00003098 x3=00000011 x4=00000002 x5=00000002 x6=00002010 x7=FFFFFFAB x12=00002000 x13=FFFFFFAB x14=FFFFFFAB x15=0000024C 
# ** Note: ** Addr=000003EC, Word=251, Instuction=FC521AE3, Mnemonic=bne x4, x5, FFFFFFD4
# ** Note:   x1=00002002 x2=00003098 x3=00000011 x4=00000002 x5=00000002 x6=00002010 x7=FFFFFFAB x12=00002000 x13=FFFFFFAB x14=FFFFFFAB x15=0000024C 
# ** Note: ** Addr=000003F0, Word=252, Instuction=01200193, Mnemonic=addi x3, x0, 00000012
# ** Note:   x1=00002002 x2=00003098 x3=00000012 x4=00000002 x5=00000002 x6=00002010 x7=FFFFFFAB x12=00002000 x13=FFFFFFAB x14=FFFFFFAB x15=0000024C 
# ** Note: ** Addr=000003F4, Word=253, Instuction=00000213, Mnemonic=addi x4, x0, 00000000
# ** Note:   x1=00002002 x2=00003098 x3=00000012 x5=00000002 x6=00002010 x7=FFFFFFAB x12=00002000 x13=FFFFFFAB x14=FFFFFFAB x15=0000024C 
# ** Note: ** Addr=000003F8, Word=254, Instuction=00002117, Mnemonic=auipc x2, 00002000
# ** Note:   x1=00002002 x2=000023F8 x3=00000012 x5=00000002 x6=00002010 x7=FFFFFFAB x12=00002000 x13=FFFFFFAB x14=FFFFFFAB x15=0000024C 
# ** Note: ** Addr=000003FC, Word=255, Instuction=C0810113, Mnemonic=addi x2, x2, FFFFFC08
# ** Note:   x1=00002002 x2=00002000 x3=00000012 x5=00000002 x6=00002010 x7=FFFFFFAB x12=00002000 x13=FFFFFFAB x14=FFFFFFAB x15=0000024C 
# ** Note: ** Addr=00000400, Word=256, Instuction=03300093, Mnemonic=addi x1, x0, 00000033
# ** Note:   x1=00000033 x2=00002000 x3=00000012 x5=00000002 x6=00002010 x7=FFFFFFAB x12=00002000 x13=FFFFFFAB x14=FFFFFFAB x15=0000024C 
# ** Note: ** Addr=00000404, Word=257, Instuction=00110023, Mnemonic=sb x1, 00000000(x2)
# ** Note:   x1=00000033 x2=00002000 x3=00000012 x5=00000002 x6=00002010 x7=FFFFFFAB x12=00002000 x13=FFFFFFAB x14=FFFFFFAB x15=0000024C 
# ** Note:   Addr=00002000, Word=2048, WData=00000033, RData=000000DD
# ** Note: ** Addr=00000408, Word=258, Instuction=00010703, Mnemonic=lb x14, 00000000(x2)
# ** Note:   x1=00000033 x2=00002000 x3=00000012 x5=00000002 x6=00002010 x7=FFFFFFAB x12=00002000 x13=FFFFFFAB x14=00000033 x15=0000024C 
# ** Note:   Addr=00002000, Word=2048, WData=00000000, RData=00000033
# ** Warning: (vsim-151) NUMERIC_STD.TO_INTEGER: Value -296 is not in bounds of subtype NATURAL.
# ** Warning: (vsim-151) NUMERIC_STD.TO_INTEGER: Value -296 is not in bounds of subtype NATURAL.
# ** Note: ** Addr=0000040C, Word=259, Instuction=03300393, Mnemonic=addi x7, x0, 00000033
# ** Note:   x1=00000033 x2=00002000 x3=00000012 x5=00000002 x6=00002010 x7=00000033 x12=00002000 x13=FFFFFFAB x14=00000033 x15=0000024C 
# ** Note: ** Addr=00000410, Word=260, Instuction=12771A63, Mnemonic=bne x14, x7, 00000134
# ** Note:   x1=00000033 x2=00002000 x3=00000012 x5=00000002 x6=00002010 x7=00000033 x12=00002000 x13=FFFFFFAB x14=00000033 x15=0000024C 
# ** Note: ** Addr=00000414, Word=261, Instuction=00120213, Mnemonic=addi x4, x4, 00000001
# ** Note:   x1=00000033 x2=00002000 x3=00000012 x4=00000001 x5=00000002 x6=00002010 x7=00000033 x12=00002000 x13=FFFFFFAB x14=00000033 x15=0000024C 
# ** Warning: (vsim-151) NUMERIC_STD.TO_INTEGER: Value -2 is not in bounds of subtype NATURAL.
# ** Warning: (vsim-151) NUMERIC_STD.TO_INTEGER: Value -2 is not in bounds of subtype NATURAL.
# ** Note: ** Addr=00000418, Word=262, Instuction=00200293, Mnemonic=addi x5, x0, 00000002
# ** Note:   x1=00000033 x2=00002000 x3=00000012 x4=00000001 x5=00000002 x6=00002010 x7=00000033 x12=00002000 x13=FFFFFFAB x14=00000033 x15=0000024C 
# ** Note: ** Addr=0000041C, Word=263, Instuction=FC521EE3, Mnemonic=bne x4, x5, FFFFFFDC
# ** Note:   x1=00000033 x2=00002000 x3=00000012 x4=00000001 x5=00000002 x6=00002010 x7=00000033 x12=00002000 x13=FFFFFFAB x14=00000033 x15=0000024C 
# ** Note: ** Addr=000003F8, Word=254, Instuction=00002117, Mnemonic=auipc x2, 00002000
# ** Note:   x1=00000033 x2=000023F8 x3=00000012 x4=00000001 x5=00000002 x6=00002010 x7=00000033 x12=00002000 x13=FFFFFFAB x14=00000033 x15=0000024C 
# ** Note: ** Addr=000003FC, Word=255, Instuction=C0810113, Mnemonic=addi x2, x2, FFFFFC08
# ** Note:   x1=00000033 x2=00002000 x3=00000012 x4=00000001 x5=00000002 x6=00002010 x7=00000033 x12=00002000 x13=FFFFFFAB x14=00000033 x15=0000024C 
# ** Note: ** Addr=00000400, Word=256, Instuction=03300093, Mnemonic=addi x1, x0, 00000033
# ** Note:   x1=00000033 x2=00002000 x3=00000012 x4=00000001 x5=00000002 x6=00002010 x7=00000033 x12=00002000 x13=FFFFFFAB x14=00000033 x15=0000024C 
# ** Note: ** Addr=00000404, Word=257, Instuction=00110023, Mnemonic=sb x1, 00000000(x2)
# ** Note:   x1=00000033 x2=00002000 x3=00000012 x4=00000001 x5=00000002 x6=00002010 x7=00000033 x12=00002000 x13=FFFFFFAB x14=00000033 x15=0000024C 
# ** Note:   Addr=00002000, Word=2048, WData=00000033, RData=00000033
# ** Note: ** Addr=00000408, Word=258, Instuction=00010703, Mnemonic=lb x14, 00000000(x2)
# ** Note:   x1=00000033 x2=00002000 x3=00000012 x4=00000001 x5=00000002 x6=00002010 x7=00000033 x12=00002000 x13=FFFFFFAB x14=00000033 x15=0000024C 
# ** Note:   Addr=00002000, Word=2048, WData=00000000, RData=00000033
# ** Warning: (vsim-151) NUMERIC_STD.TO_INTEGER: Value -296 is not in bounds of subtype NATURAL.
# ** Warning: (vsim-151) NUMERIC_STD.TO_INTEGER: Value -296 is not in bounds of subtype NATURAL.
# ** Note: ** Addr=0000040C, Word=259, Instuction=03300393, Mnemonic=addi x7, x0, 00000033
# ** Note:   x1=00000033 x2=00002000 x3=00000012 x4=00000001 x5=00000002 x6=00002010 x7=00000033 x12=00002000 x13=FFFFFFAB x14=00000033 x15=0000024C 
# ** Note: ** Addr=00000410, Word=260, Instuction=12771A63, Mnemonic=bne x14, x7, 00000134
# ** Note:   x1=00000033 x2=00002000 x3=00000012 x4=00000001 x5=00000002 x6=00002010 x7=00000033 x12=00002000 x13=FFFFFFAB x14=00000033 x15=0000024C 
# ** Note: ** Addr=00000414, Word=261, Instuction=00120213, Mnemonic=addi x4, x4, 00000001
# ** Note:   x1=00000033 x2=00002000 x3=00000012 x4=00000002 x5=00000002 x6=00002010 x7=00000033 x12=00002000 x13=FFFFFFAB x14=00000033 x15=0000024C 
# ** Note: ** Addr=00000418, Word=262, Instuction=00200293, Mnemonic=addi x5, x0, 00000002
# ** Note:   x1=00000033 x2=00002000 x3=00000012 x4=00000002 x5=00000002 x6=00002010 x7=00000033 x12=00002000 x13=FFFFFFAB x14=00000033 x15=0000024C 
# ** Note: ** Addr=0000041C, Word=263, Instuction=FC521EE3, Mnemonic=bne x4, x5, FFFFFFDC
# ** Note:   x1=00000033 x2=00002000 x3=00000012 x4=00000002 x5=00000002 x6=00002010 x7=00000033 x12=00002000 x13=FFFFFFAB x14=00000033 x15=0000024C 
# ** Note: ** Addr=00000420, Word=264, Instuction=01300193, Mnemonic=addi x3, x0, 00000013
# ** Note:   x1=00000033 x2=00002000 x3=00000013 x4=00000002 x5=00000002 x6=00002010 x7=00000033 x12=00002000 x13=FFFFFFAB x14=00000033 x15=0000024C 
# ** Note: ** Addr=00000424, Word=265, Instuction=00000213, Mnemonic=addi x4, x0, 00000000
# ** Note:   x1=00000033 x2=00002000 x3=00000013 x5=00000002 x6=00002010 x7=00000033 x12=00002000 x13=FFFFFFAB x14=00000033 x15=0000024C 
# ** Note: ** Addr=00000428, Word=266, Instuction=00002117, Mnemonic=auipc x2, 00002000
# ** Note:   x1=00000033 x2=00002428 x3=00000013 x5=00000002 x6=00002010 x7=00000033 x12=00002000 x13=FFFFFFAB x14=00000033 x15=0000024C 
# ** Note: ** Addr=0000042C, Word=267, Instuction=BD810113, Mnemonic=addi x2, x2, FFFFFBD8
# ** Note:   x1=00000033 x2=00002000 x3=00000013 x5=00000002 x6=00002010 x7=00000033 x12=00002000 x13=FFFFFFAB x14=00000033 x15=0000024C 
# ** Note: ** Addr=00000430, Word=268, Instuction=02300093, Mnemonic=addi x1, x0, 00000023
# ** Note:   x1=00000023 x2=00002000 x3=00000013 x5=00000002 x6=00002010 x7=00000033 x12=00002000 x13=FFFFFFAB x14=00000033 x15=0000024C 
# ** Note: ** Addr=00000434, Word=269, Instuction=00000013, Mnemonic=addi x0, x0, 00000000
# ** Note:   x1=00000023 x2=00002000 x3=00000013 x5=00000002 x6=00002010 x7=00000033 x12=00002000 x13=FFFFFFAB x14=00000033 x15=0000024C 
# ** Note: ** Addr=00000438, Word=270, Instuction=001100A3, Mnemonic=sb x1, 00000001(x2)
# ** Note:   x1=00000023 x2=00002000 x3=00000013 x5=00000002 x6=00002010 x7=00000033 x12=00002000 x13=FFFFFFAB x14=00000033 x15=0000024C 
# ** Note:   Addr=00002001, Word=2048, WData=00000023, RData=000000CD
# ** Note: ** Addr=0000043C, Word=271, Instuction=00110703, Mnemonic=lb x14, 00000001(x2)
# ** Note:   x1=00000023 x2=00002000 x3=00000013 x5=00000002 x6=00002010 x7=00000033 x12=00002000 x13=FFFFFFAB x14=00000023 x15=0000024C 
# ** Note:   Addr=00002001, Word=2048, WData=00000023, RData=00000023
# ** Warning: (vsim-151) NUMERIC_STD.TO_INTEGER: Value -264 is not in bounds of subtype NATURAL.
# ** Warning: (vsim-151) NUMERIC_STD.TO_INTEGER: Value -264 is not in bounds of subtype NATURAL.
# ** Note: ** Addr=00000440, Word=272, Instuction=02300393, Mnemonic=addi x7, x0, 00000023
# ** Note:   x1=00000023 x2=00002000 x3=00000013 x5=00000002 x6=00002010 x7=00000023 x12=00002000 x13=FFFFFFAB x14=00000023 x15=0000024C 
# ** Note: ** Addr=00000444, Word=273, Instuction=10771063, Mnemonic=bne x14, x7, 00000100
# ** Note:   x1=00000023 x2=00002000 x3=00000013 x5=00000002 x6=00002010 x7=00000023 x12=00002000 x13=FFFFFFAB x14=00000023 x15=0000024C 
# ** Note: ** Addr=00000448, Word=274, Instuction=00120213, Mnemonic=addi x4, x4, 00000001
# ** Note:   x1=00000023 x2=00002000 x3=00000013 x4=00000001 x5=00000002 x6=00002010 x7=00000023 x12=00002000 x13=FFFFFFAB x14=00000023 x15=0000024C 
# ** Warning: (vsim-151) NUMERIC_STD.TO_INTEGER: Value -2 is not in bounds of subtype NATURAL.
# ** Warning: (vsim-151) NUMERIC_STD.TO_INTEGER: Value -2 is not in bounds of subtype NATURAL.
# ** Note: ** Addr=0000044C, Word=275, Instuction=00200293, Mnemonic=addi x5, x0, 00000002
# ** Note:   x1=00000023 x2=00002000 x3=00000013 x4=00000001 x5=00000002 x6=00002010 x7=00000023 x12=00002000 x13=FFFFFFAB x14=00000023 x15=0000024C 
# ** Note: ** Addr=00000450, Word=276, Instuction=FC521CE3, Mnemonic=bne x4, x5, FFFFFFD8
# ** Note:   x1=00000023 x2=00002000 x3=00000013 x4=00000001 x5=00000002 x6=00002010 x7=00000023 x12=00002000 x13=FFFFFFAB x14=00000023 x15=0000024C 
# ** Note: ** Addr=00000428, Word=266, Instuction=00002117, Mnemonic=auipc x2, 00002000
# ** Note:   x1=00000023 x2=00002428 x3=00000013 x4=00000001 x5=00000002 x6=00002010 x7=00000023 x12=00002000 x13=FFFFFFAB x14=00000023 x15=0000024C 
# ** Note: ** Addr=0000042C, Word=267, Instuction=BD810113, Mnemonic=addi x2, x2, FFFFFBD8
# ** Note:   x1=00000023 x2=00002000 x3=00000013 x4=00000001 x5=00000002 x6=00002010 x7=00000023 x12=00002000 x13=FFFFFFAB x14=00000023 x15=0000024C 
# ** Note: ** Addr=00000430, Word=268, Instuction=02300093, Mnemonic=addi x1, x0, 00000023
# ** Note:   x1=00000023 x2=00002000 x3=00000013 x4=00000001 x5=00000002 x6=00002010 x7=00000023 x12=00002000 x13=FFFFFFAB x14=00000023 x15=0000024C 
# ** Note: ** Addr=00000434, Word=269, Instuction=00000013, Mnemonic=addi x0, x0, 00000000
# ** Note:   x1=00000023 x2=00002000 x3=00000013 x4=00000001 x5=00000002 x6=00002010 x7=00000023 x12=00002000 x13=FFFFFFAB x14=00000023 x15=0000024C 
# ** Note: ** Addr=00000438, Word=270, Instuction=001100A3, Mnemonic=sb x1, 00000001(x2)
# ** Note:   x1=00000023 x2=00002000 x3=00000013 x4=00000001 x5=00000002 x6=00002010 x7=00000023 x12=00002000 x13=FFFFFFAB x14=00000023 x15=0000024C 
# ** Note:   Addr=00002001, Word=2048, WData=00000023, RData=00000023
# ** Note: ** Addr=0000043C, Word=271, Instuction=00110703, Mnemonic=lb x14, 00000001(x2)
# ** Note:   x1=00000023 x2=00002000 x3=00000013 x4=00000001 x5=00000002 x6=00002010 x7=00000023 x12=00002000 x13=FFFFFFAB x14=00000023 x15=0000024C 
# ** Note:   Addr=00002001, Word=2048, WData=00000023, RData=00000023
# ** Warning: (vsim-151) NUMERIC_STD.TO_INTEGER: Value -264 is not in bounds of subtype NATURAL.
# ** Warning: (vsim-151) NUMERIC_STD.TO_INTEGER: Value -264 is not in bounds of subtype NATURAL.
# ** Note: ** Addr=00000440, Word=272, Instuction=02300393, Mnemonic=addi x7, x0, 00000023
# ** Note:   x1=00000023 x2=00002000 x3=00000013 x4=00000001 x5=00000002 x6=00002010 x7=00000023 x12=00002000 x13=FFFFFFAB x14=00000023 x15=0000024C 
# ** Note: ** Addr=00000444, Word=273, Instuction=10771063, Mnemonic=bne x14, x7, 00000100
# ** Note:   x1=00000023 x2=00002000 x3=00000013 x4=00000001 x5=00000002 x6=00002010 x7=00000023 x12=00002000 x13=FFFFFFAB x14=00000023 x15=0000024C 
# ** Note: ** Addr=00000448, Word=274, Instuction=00120213, Mnemonic=addi x4, x4, 00000001
# ** Note:   x1=00000023 x2=00002000 x3=00000013 x4=00000002 x5=00000002 x6=00002010 x7=00000023 x12=00002000 x13=FFFFFFAB x14=00000023 x15=0000024C 
# ** Note: ** Addr=0000044C, Word=275, Instuction=00200293, Mnemonic=addi x5, x0, 00000002
# ** Note:   x1=00000023 x2=00002000 x3=00000013 x4=00000002 x5=00000002 x6=00002010 x7=00000023 x12=00002000 x13=FFFFFFAB x14=00000023 x15=0000024C 
# ** Note: ** Addr=00000450, Word=276, Instuction=FC521CE3, Mnemonic=bne x4, x5, FFFFFFD8
# ** Note:   x1=00000023 x2=00002000 x3=00000013 x4=00000002 x5=00000002 x6=00002010 x7=00000023 x12=00002000 x13=FFFFFFAB x14=00000023 x15=0000024C 
# ** Note: ** Addr=00000454, Word=277, Instuction=01400193, Mnemonic=addi x3, x0, 00000014
# ** Note:   x1=00000023 x2=00002000 x3=00000014 x4=00000002 x5=00000002 x6=00002010 x7=00000023 x12=00002000 x13=FFFFFFAB x14=00000023 x15=0000024C 
# ** Note: ** Addr=00000458, Word=278, Instuction=00000213, Mnemonic=addi x4, x0, 00000000
# ** Note:   x1=00000023 x2=00002000 x3=00000014 x5=00000002 x6=00002010 x7=00000023 x12=00002000 x13=FFFFFFAB x14=00000023 x15=0000024C 
# ** Note: ** Addr=0000045C, Word=279, Instuction=00002117, Mnemonic=auipc x2, 00002000
# ** Note:   x1=00000023 x2=0000245C x3=00000014 x5=00000002 x6=00002010 x7=00000023 x12=00002000 x13=FFFFFFAB x14=00000023 x15=0000024C 
# ** Note: ** Addr=00000460, Word=280, Instuction=BA410113, Mnemonic=addi x2, x2, FFFFFBA4
# ** Note:   x1=00000023 x2=00002000 x3=00000014 x5=00000002 x6=00002010 x7=00000023 x12=00002000 x13=FFFFFFAB x14=00000023 x15=0000024C 
# ** Note: ** Addr=00000464, Word=281, Instuction=02200093, Mnemonic=addi x1, x0, 00000022
# ** Note:   x1=00000022 x2=00002000 x3=00000014 x5=00000002 x6=00002010 x7=00000023 x12=00002000 x13=FFFFFFAB x14=00000023 x15=0000024C 
# ** Note: ** Addr=00000468, Word=282, Instuction=00000013, Mnemonic=addi x0, x0, 00000000
# ** Note:   x1=00000022 x2=00002000 x3=00000014 x5=00000002 x6=00002010 x7=00000023 x12=00002000 x13=FFFFFFAB x14=00000023 x15=0000024C 
# ** Note: ** Addr=0000046C, Word=283, Instuction=00000013, Mnemonic=addi x0, x0, 00000000
# ** Note:   x1=00000022 x2=00002000 x3=00000014 x5=00000002 x6=00002010 x7=00000023 x12=00002000 x13=FFFFFFAB x14=00000023 x15=0000024C 
# ** Note: ** Addr=00000470, Word=284, Instuction=00110123, Mnemonic=sb x1, 00000002(x2)
# ** Note:   x1=00000022 x2=00002000 x3=00000014 x5=00000002 x6=00002010 x7=00000023 x12=00002000 x13=FFFFFFAB x14=00000023 x15=0000024C 
# ** Note:   Addr=00002002, Word=2048, WData=00000022, RData=000000CC
# ** Note: ** Addr=00000474, Word=285, Instuction=00210703, Mnemonic=lb x14, 00000002(x2)
# ** Note:   x1=00000022 x2=00002000 x3=00000014 x5=00000002 x6=00002010 x7=00000023 x12=00002000 x13=FFFFFFAB x14=00000022 x15=0000024C 
# ** Note:   Addr=00002002, Word=2048, WData=00002000, RData=00000022
# ** Warning: (vsim-151) NUMERIC_STD.TO_INTEGER: Value -200 is not in bounds of subtype NATURAL.
# ** Warning: (vsim-151) NUMERIC_STD.TO_INTEGER: Value -200 is not in bounds of subtype NATURAL.
# ** Note: ** Addr=00000478, Word=286, Instuction=02200393, Mnemonic=addi x7, x0, 00000022
# ** Note:   x1=00000022 x2=00002000 x3=00000014 x5=00000002 x6=00002010 x7=00000022 x12=00002000 x13=FFFFFFAB x14=00000022 x15=0000024C 
# ** Note: ** Addr=0000047C, Word=287, Instuction=0C771463, Mnemonic=bne x14, x7, 000000C8
# ** Note:   x1=00000022 x2=00002000 x3=00000014 x5=00000002 x6=00002010 x7=00000022 x12=00002000 x13=FFFFFFAB x14=00000022 x15=0000024C 
# ** Note: ** Addr=00000480, Word=288, Instuction=00120213, Mnemonic=addi x4, x4, 00000001
# ** Note:   x1=00000022 x2=00002000 x3=00000014 x4=00000001 x5=00000002 x6=00002010 x7=00000022 x12=00002000 x13=FFFFFFAB x14=00000022 x15=0000024C 
# ** Warning: (vsim-151) NUMERIC_STD.TO_INTEGER: Value -2 is not in bounds of subtype NATURAL.
# ** Warning: (vsim-151) NUMERIC_STD.TO_INTEGER: Value -2 is not in bounds of subtype NATURAL.
# ** Note: ** Addr=00000484, Word=289, Instuction=00200293, Mnemonic=addi x5, x0, 00000002
# ** Note:   x1=00000022 x2=00002000 x3=00000014 x4=00000001 x5=00000002 x6=00002010 x7=00000022 x12=00002000 x13=FFFFFFAB x14=00000022 x15=0000024C 
# ** Note: ** Addr=00000488, Word=290, Instuction=FC521AE3, Mnemonic=bne x4, x5, FFFFFFD4
# ** Note:   x1=00000022 x2=00002000 x3=00000014 x4=00000001 x5=00000002 x6=00002010 x7=00000022 x12=00002000 x13=FFFFFFAB x14=00000022 x15=0000024C 
# ** Note: ** Addr=0000045C, Word=279, Instuction=00002117, Mnemonic=auipc x2, 00002000
# ** Note:   x1=00000022 x2=0000245C x3=00000014 x4=00000001 x5=00000002 x6=00002010 x7=00000022 x12=00002000 x13=FFFFFFAB x14=00000022 x15=0000024C 
# ** Note: ** Addr=00000460, Word=280, Instuction=BA410113, Mnemonic=addi x2, x2, FFFFFBA4
# ** Note:   x1=00000022 x2=00002000 x3=00000014 x4=00000001 x5=00000002 x6=00002010 x7=00000022 x12=00002000 x13=FFFFFFAB x14=00000022 x15=0000024C 
# ** Note: ** Addr=00000464, Word=281, Instuction=02200093, Mnemonic=addi x1, x0, 00000022
# ** Note:   x1=00000022 x2=00002000 x3=00000014 x4=00000001 x5=00000002 x6=00002010 x7=00000022 x12=00002000 x13=FFFFFFAB x14=00000022 x15=0000024C 
# ** Note: ** Addr=00000468, Word=282, Instuction=00000013, Mnemonic=addi x0, x0, 00000000
# ** Note:   x1=00000022 x2=00002000 x3=00000014 x4=00000001 x5=00000002 x6=00002010 x7=00000022 x12=00002000 x13=FFFFFFAB x14=00000022 x15=0000024C 
# ** Note: ** Addr=0000046C, Word=283, Instuction=00000013, Mnemonic=addi x0, x0, 00000000
# ** Note:   x1=00000022 x2=00002000 x3=00000014 x4=00000001 x5=00000002 x6=00002010 x7=00000022 x12=00002000 x13=FFFFFFAB x14=00000022 x15=0000024C 
# ** Note: ** Addr=00000470, Word=284, Instuction=00110123, Mnemonic=sb x1, 00000002(x2)
# ** Note:   x1=00000022 x2=00002000 x3=00000014 x4=00000001 x5=00000002 x6=00002010 x7=00000022 x12=00002000 x13=FFFFFFAB x14=00000022 x15=0000024C 
# ** Note:   Addr=00002002, Word=2048, WData=00000022, RData=00000022
# ** Note: ** Addr=00000474, Word=285, Instuction=00210703, Mnemonic=lb x14, 00000002(x2)
# ** Note:   x1=00000022 x2=00002000 x3=00000014 x4=00000001 x5=00000002 x6=00002010 x7=00000022 x12=00002000 x13=FFFFFFAB x14=00000022 x15=0000024C 
# ** Note:   Addr=00002002, Word=2048, WData=00002000, RData=00000022
# ** Warning: (vsim-151) NUMERIC_STD.TO_INTEGER: Value -200 is not in bounds of subtype NATURAL.
# ** Warning: (vsim-151) NUMERIC_STD.TO_INTEGER: Value -200 is not in bounds of subtype NATURAL.
# ** Note: ** Addr=00000478, Word=286, Instuction=02200393, Mnemonic=addi x7, x0, 00000022
# ** Note:   x1=00000022 x2=00002000 x3=00000014 x4=00000001 x5=00000002 x6=00002010 x7=00000022 x12=00002000 x13=FFFFFFAB x14=00000022 x15=0000024C 
# ** Note: ** Addr=0000047C, Word=287, Instuction=0C771463, Mnemonic=bne x14, x7, 000000C8
# ** Note:   x1=00000022 x2=00002000 x3=00000014 x4=00000001 x5=00000002 x6=00002010 x7=00000022 x12=00002000 x13=FFFFFFAB x14=00000022 x15=0000024C 
# ** Note: ** Addr=00000480, Word=288, Instuction=00120213, Mnemonic=addi x4, x4, 00000001
# ** Note:   x1=00000022 x2=00002000 x3=00000014 x4=00000002 x5=00000002 x6=00002010 x7=00000022 x12=00002000 x13=FFFFFFAB x14=00000022 x15=0000024C 
# ** Note: ** Addr=00000484, Word=289, Instuction=00200293, Mnemonic=addi x5, x0, 00000002
# ** Note:   x1=00000022 x2=00002000 x3=00000014 x4=00000002 x5=00000002 x6=00002010 x7=00000022 x12=00002000 x13=FFFFFFAB x14=00000022 x15=0000024C 
# ** Note: ** Addr=00000488, Word=290, Instuction=FC521AE3, Mnemonic=bne x4, x5, FFFFFFD4
# ** Note:   x1=00000022 x2=00002000 x3=00000014 x4=00000002 x5=00000002 x6=00002010 x7=00000022 x12=00002000 x13=FFFFFFAB x14=00000022 x15=0000024C 
# ** Note: ** Addr=0000048C, Word=291, Instuction=01500193, Mnemonic=addi x3, x0, 00000015
# ** Note:   x1=00000022 x2=00002000 x3=00000015 x4=00000002 x5=00000002 x6=00002010 x7=00000022 x12=00002000 x13=FFFFFFAB x14=00000022 x15=0000024C 
# ** Note: ** Addr=00000490, Word=292, Instuction=00000213, Mnemonic=addi x4, x0, 00000000
# ** Note:   x1=00000022 x2=00002000 x3=00000015 x5=00000002 x6=00002010 x7=00000022 x12=00002000 x13=FFFFFFAB x14=00000022 x15=0000024C 
# ** Note: ** Addr=00000494, Word=293, Instuction=00002117, Mnemonic=auipc x2, 00002000
# ** Note:   x1=00000022 x2=00002494 x3=00000015 x5=00000002 x6=00002010 x7=00000022 x12=00002000 x13=FFFFFFAB x14=00000022 x15=0000024C 
# ** Note: ** Addr=00000498, Word=294, Instuction=B6C10113, Mnemonic=addi x2, x2, FFFFFB6C
# ** Note:   x1=00000022 x2=00002000 x3=00000015 x5=00000002 x6=00002010 x7=00000022 x12=00002000 x13=FFFFFFAB x14=00000022 x15=0000024C 
# ** Note: ** Addr=0000049C, Word=295, Instuction=00000013, Mnemonic=addi x0, x0, 00000000
# ** Note:   x1=00000022 x2=00002000 x3=00000015 x5=00000002 x6=00002010 x7=00000022 x12=00002000 x13=FFFFFFAB x14=00000022 x15=0000024C 
# ** Note: ** Addr=000004A0, Word=296, Instuction=01200093, Mnemonic=addi x1, x0, 00000012
# ** Note:   x1=00000012 x2=00002000 x3=00000015 x5=00000002 x6=00002010 x7=00000022 x12=00002000 x13=FFFFFFAB x14=00000022 x15=0000024C 
# ** Note: ** Addr=000004A4, Word=297, Instuction=001101A3, Mnemonic=sb x1, 00000003(x2)
# ** Note:   x1=00000012 x2=00002000 x3=00000015 x5=00000002 x6=00002010 x7=00000022 x12=00002000 x13=FFFFFFAB x14=00000022 x15=0000024C 
# ** Note:   Addr=00002003, Word=2048, WData=00000012, RData=000000BC
# ** Note: ** Addr=000004A8, Word=298, Instuction=00310703, Mnemonic=lb x14, 00000003(x2)
# ** Note:   x1=00000012 x2=00002000 x3=00000015 x5=00000002 x6=00002010 x7=00000022 x12=00002000 x13=FFFFFFAB x14=00000012 x15=0000024C 
# ** Note:   Addr=00002003, Word=2048, WData=00000015, RData=00000012
# ** Warning: (vsim-151) NUMERIC_STD.TO_INTEGER: Value -136 is not in bounds of subtype NATURAL.
# ** Warning: (vsim-151) NUMERIC_STD.TO_INTEGER: Value -136 is not in bounds of subtype NATURAL.
# ** Note: ** Addr=000004AC, Word=299, Instuction=01200393, Mnemonic=addi x7, x0, 00000012
# ** Note:   x1=00000012 x2=00002000 x3=00000015 x5=00000002 x6=00002010 x7=00000012 x12=00002000 x13=FFFFFFAB x14=00000012 x15=0000024C 
# ** Note: ** Addr=000004B0, Word=300, Instuction=08771A63, Mnemonic=bne x14, x7, 00000094
# ** Note:   x1=00000012 x2=00002000 x3=00000015 x5=00000002 x6=00002010 x7=00000012 x12=00002000 x13=FFFFFFAB x14=00000012 x15=0000024C 
# ** Note: ** Addr=000004B4, Word=301, Instuction=00120213, Mnemonic=addi x4, x4, 00000001
# ** Note:   x1=00000012 x2=00002000 x3=00000015 x4=00000001 x5=00000002 x6=00002010 x7=00000012 x12=00002000 x13=FFFFFFAB x14=00000012 x15=0000024C 
# ** Warning: (vsim-151) NUMERIC_STD.TO_INTEGER: Value -2 is not in bounds of subtype NATURAL.
# ** Warning: (vsim-151) NUMERIC_STD.TO_INTEGER: Value -2 is not in bounds of subtype NATURAL.
# ** Note: ** Addr=000004B8, Word=302, Instuction=00200293, Mnemonic=addi x5, x0, 00000002
# ** Note:   x1=00000012 x2=00002000 x3=00000015 x4=00000001 x5=00000002 x6=00002010 x7=00000012 x12=00002000 x13=FFFFFFAB x14=00000012 x15=0000024C 
# ** Note: ** Addr=000004BC, Word=303, Instuction=FC521CE3, Mnemonic=bne x4, x5, FFFFFFD8
# ** Note:   x1=00000012 x2=00002000 x3=00000015 x4=00000001 x5=00000002 x6=00002010 x7=00000012 x12=00002000 x13=FFFFFFAB x14=00000012 x15=0000024C 
# ** Note: ** Addr=00000494, Word=293, Instuction=00002117, Mnemonic=auipc x2, 00002000
# ** Note:   x1=00000012 x2=00002494 x3=00000015 x4=00000001 x5=00000002 x6=00002010 x7=00000012 x12=00002000 x13=FFFFFFAB x14=00000012 x15=0000024C 
# ** Note: ** Addr=00000498, Word=294, Instuction=B6C10113, Mnemonic=addi x2, x2, FFFFFB6C
# ** Note:   x1=00000012 x2=00002000 x3=00000015 x4=00000001 x5=00000002 x6=00002010 x7=00000012 x12=00002000 x13=FFFFFFAB x14=00000012 x15=0000024C 
# ** Note: ** Addr=0000049C, Word=295, Instuction=00000013, Mnemonic=addi x0, x0, 00000000
# ** Note:   x1=00000012 x2=00002000 x3=00000015 x4=00000001 x5=00000002 x6=00002010 x7=00000012 x12=00002000 x13=FFFFFFAB x14=00000012 x15=0000024C 
# ** Note: ** Addr=000004A0, Word=296, Instuction=01200093, Mnemonic=addi x1, x0, 00000012
# ** Note:   x1=00000012 x2=00002000 x3=00000015 x4=00000001 x5=00000002 x6=00002010 x7=00000012 x12=00002000 x13=FFFFFFAB x14=00000012 x15=0000024C 
# ** Note: ** Addr=000004A4, Word=297, Instuction=001101A3, Mnemonic=sb x1, 00000003(x2)
# ** Note:   x1=00000012 x2=00002000 x3=00000015 x4=00000001 x5=00000002 x6=00002010 x7=00000012 x12=00002000 x13=FFFFFFAB x14=00000012 x15=0000024C 
# ** Note:   Addr=00002003, Word=2048, WData=00000012, RData=00000012
# ** Note: ** Addr=000004A8, Word=298, Instuction=00310703, Mnemonic=lb x14, 00000003(x2)
# ** Note:   x1=00000012 x2=00002000 x3=00000015 x4=00000001 x5=00000002 x6=00002010 x7=00000012 x12=00002000 x13=FFFFFFAB x14=00000012 x15=0000024C 
# ** Note:   Addr=00002003, Word=2048, WData=00000015, RData=00000012
# ** Warning: (vsim-151) NUMERIC_STD.TO_INTEGER: Value -136 is not in bounds of subtype NATURAL.
# ** Warning: (vsim-151) NUMERIC_STD.TO_INTEGER: Value -136 is not in bounds of subtype NATURAL.
# ** Note: ** Addr=000004AC, Word=299, Instuction=01200393, Mnemonic=addi x7, x0, 00000012
# ** Note:   x1=00000012 x2=00002000 x3=00000015 x4=00000001 x5=00000002 x6=00002010 x7=00000012 x12=00002000 x13=FFFFFFAB x14=00000012 x15=0000024C 
# ** Note: ** Addr=000004B0, Word=300, Instuction=08771A63, Mnemonic=bne x14, x7, 00000094
# ** Note:   x1=00000012 x2=00002000 x3=00000015 x4=00000001 x5=00000002 x6=00002010 x7=00000012 x12=00002000 x13=FFFFFFAB x14=00000012 x15=0000024C 
# ** Note: ** Addr=000004B4, Word=301, Instuction=00120213, Mnemonic=addi x4, x4, 00000001
# ** Note:   x1=00000012 x2=00002000 x3=00000015 x4=00000002 x5=00000002 x6=00002010 x7=00000012 x12=00002000 x13=FFFFFFAB x14=00000012 x15=0000024C 
# ** Note: ** Addr=000004B8, Word=302, Instuction=00200293, Mnemonic=addi x5, x0, 00000002
# ** Note:   x1=00000012 x2=00002000 x3=00000015 x4=00000002 x5=00000002 x6=00002010 x7=00000012 x12=00002000 x13=FFFFFFAB x14=00000012 x15=0000024C 
# ** Note: ** Addr=000004BC, Word=303, Instuction=FC521CE3, Mnemonic=bne x4, x5, FFFFFFD8
# ** Note:   x1=00000012 x2=00002000 x3=00000015 x4=00000002 x5=00000002 x6=00002010 x7=00000012 x12=00002000 x13=FFFFFFAB x14=00000012 x15=0000024C 
# ** Note: ** Addr=000004C0, Word=304, Instuction=01600193, Mnemonic=addi x3, x0, 00000016
# ** Note:   x1=00000012 x2=00002000 x3=00000016 x4=00000002 x5=00000002 x6=00002010 x7=00000012 x12=00002000 x13=FFFFFFAB x14=00000012 x15=0000024C 
# ** Note: ** Addr=000004C4, Word=305, Instuction=00000213, Mnemonic=addi x4, x0, 00000000
# ** Note:   x1=00000012 x2=00002000 x3=00000016 x5=00000002 x6=00002010 x7=00000012 x12=00002000 x13=FFFFFFAB x14=00000012 x15=0000024C 
# ** Note: ** Addr=000004C8, Word=306, Instuction=00002117, Mnemonic=auipc x2, 00002000
# ** Note:   x1=00000012 x2=000024C8 x3=00000016 x5=00000002 x6=00002010 x7=00000012 x12=00002000 x13=FFFFFFAB x14=00000012 x15=0000024C 
# ** Note: ** Addr=000004CC, Word=307, Instuction=B3810113, Mnemonic=addi x2, x2, FFFFFB38
# ** Note:   x1=00000012 x2=00002000 x3=00000016 x5=00000002 x6=00002010 x7=00000012 x12=00002000 x13=FFFFFFAB x14=00000012 x15=0000024C 
# ** Note: ** Addr=000004D0, Word=308, Instuction=00000013, Mnemonic=addi x0, x0, 00000000
# ** Note:   x1=00000012 x2=00002000 x3=00000016 x5=00000002 x6=00002010 x7=00000012 x12=00002000 x13=FFFFFFAB x14=00000012 x15=0000024C 
# ** Note: ** Addr=000004D4, Word=309, Instuction=01100093, Mnemonic=addi x1, x0, 00000011
# ** Note:   x1=00000011 x2=00002000 x3=00000016 x5=00000002 x6=00002010 x7=00000012 x12=00002000 x13=FFFFFFAB x14=00000012 x15=0000024C 
# ** Note: ** Addr=000004D8, Word=310, Instuction=00000013, Mnemonic=addi x0, x0, 00000000
# ** Note:   x1=00000011 x2=00002000 x3=00000016 x5=00000002 x6=00002010 x7=00000012 x12=00002000 x13=FFFFFFAB x14=00000012 x15=0000024C 
# ** Note: ** Addr=000004DC, Word=311, Instuction=00110223, Mnemonic=sb x1, 00000004(x2)
# ** Note:   x1=00000011 x2=00002000 x3=00000016 x5=00000002 x6=00002010 x7=00000012 x12=00002000 x13=FFFFFFAB x14=00000012 x15=0000024C 
# ** Note:   Addr=00002004, Word=2049, WData=00000011, RData=000000BB
# ** Note: ** Addr=000004E0, Word=312, Instuction=00410703, Mnemonic=lb x14, 00000004(x2)
# ** Note:   x1=00000011 x2=00002000 x3=00000016 x5=00000002 x6=00002010 x7=00000012 x12=00002000 x13=FFFFFFAB x14=00000011 x15=0000024C 
# ** Note:   Addr=00002004, Word=2049, WData=00000000, RData=00000011
# ** Warning: (vsim-151) NUMERIC_STD.TO_INTEGER: Value -72 is not in bounds of subtype NATURAL.
# ** Warning: (vsim-151) NUMERIC_STD.TO_INTEGER: Value -72 is not in bounds of subtype NATURAL.
# ** Note: ** Addr=000004E4, Word=313, Instuction=01100393, Mnemonic=addi x7, x0, 00000011
# ** Note:   x1=00000011 x2=00002000 x3=00000016 x5=00000002 x6=00002010 x7=00000011 x12=00002000 x13=FFFFFFAB x14=00000011 x15=0000024C 
# ** Note: ** Addr=000004E8, Word=314, Instuction=04771E63, Mnemonic=bne x14, x7, 0000005C
# ** Note:   x1=00000011 x2=00002000 x3=00000016 x5=00000002 x6=00002010 x7=00000011 x12=00002000 x13=FFFFFFAB x14=00000011 x15=0000024C 
# ** Note: ** Addr=000004EC, Word=315, Instuction=00120213, Mnemonic=addi x4, x4, 00000001
# ** Note:   x1=00000011 x2=00002000 x3=00000016 x4=00000001 x5=00000002 x6=00002010 x7=00000011 x12=00002000 x13=FFFFFFAB x14=00000011 x15=0000024C 
# ** Warning: (vsim-151) NUMERIC_STD.TO_INTEGER: Value -2 is not in bounds of subtype NATURAL.
# ** Warning: (vsim-151) NUMERIC_STD.TO_INTEGER: Value -2 is not in bounds of subtype NATURAL.
# ** Note: ** Addr=000004F0, Word=316, Instuction=00200293, Mnemonic=addi x5, x0, 00000002
# ** Note:   x1=00000011 x2=00002000 x3=00000016 x4=00000001 x5=00000002 x6=00002010 x7=00000011 x12=00002000 x13=FFFFFFAB x14=00000011 x15=0000024C 
# ** Note: ** Addr=000004F4, Word=317, Instuction=FC521AE3, Mnemonic=bne x4, x5, FFFFFFD4
# ** Note:   x1=00000011 x2=00002000 x3=00000016 x4=00000001 x5=00000002 x6=00002010 x7=00000011 x12=00002000 x13=FFFFFFAB x14=00000011 x15=0000024C 
# ** Note: ** Addr=000004C8, Word=306, Instuction=00002117, Mnemonic=auipc x2, 00002000
# ** Note:   x1=00000011 x2=000024C8 x3=00000016 x4=00000001 x5=00000002 x6=00002010 x7=00000011 x12=00002000 x13=FFFFFFAB x14=00000011 x15=0000024C 
# ** Note: ** Addr=000004CC, Word=307, Instuction=B3810113, Mnemonic=addi x2, x2, FFFFFB38
# ** Note:   x1=00000011 x2=00002000 x3=00000016 x4=00000001 x5=00000002 x6=00002010 x7=00000011 x12=00002000 x13=FFFFFFAB x14=00000011 x15=0000024C 
# ** Note: ** Addr=000004D0, Word=308, Instuction=00000013, Mnemonic=addi x0, x0, 00000000
# ** Note:   x1=00000011 x2=00002000 x3=00000016 x4=00000001 x5=00000002 x6=00002010 x7=00000011 x12=00002000 x13=FFFFFFAB x14=00000011 x15=0000024C 
# ** Note: ** Addr=000004D4, Word=309, Instuction=01100093, Mnemonic=addi x1, x0, 00000011
# ** Note:   x1=00000011 x2=00002000 x3=00000016 x4=00000001 x5=00000002 x6=00002010 x7=00000011 x12=00002000 x13=FFFFFFAB x14=00000011 x15=0000024C 
# ** Note: ** Addr=000004D8, Word=310, Instuction=00000013, Mnemonic=addi x0, x0, 00000000
# ** Note:   x1=00000011 x2=00002000 x3=00000016 x4=00000001 x5=00000002 x6=00002010 x7=00000011 x12=00002000 x13=FFFFFFAB x14=00000011 x15=0000024C 
# ** Note: ** Addr=000004DC, Word=311, Instuction=00110223, Mnemonic=sb x1, 00000004(x2)
# ** Note:   x1=00000011 x2=00002000 x3=00000016 x4=00000001 x5=00000002 x6=00002010 x7=00000011 x12=00002000 x13=FFFFFFAB x14=00000011 x15=0000024C 
# ** Note:   Addr=00002004, Word=2049, WData=00000011, RData=00000011
# ** Note: ** Addr=000004E0, Word=312, Instuction=00410703, Mnemonic=lb x14, 00000004(x2)
# ** Note:   x1=00000011 x2=00002000 x3=00000016 x4=00000001 x5=00000002 x6=00002010 x7=00000011 x12=00002000 x13=FFFFFFAB x14=00000011 x15=0000024C 
# ** Note:   Addr=00002004, Word=2049, WData=00000001, RData=00000011
# ** Warning: (vsim-151) NUMERIC_STD.TO_INTEGER: Value -72 is not in bounds of subtype NATURAL.
# ** Warning: (vsim-151) NUMERIC_STD.TO_INTEGER: Value -72 is not in bounds of subtype NATURAL.
# ** Note: ** Addr=000004E4, Word=313, Instuction=01100393, Mnemonic=addi x7, x0, 00000011
# ** Note:   x1=00000011 x2=00002000 x3=00000016 x4=00000001 x5=00000002 x6=00002010 x7=00000011 x12=00002000 x13=FFFFFFAB x14=00000011 x15=0000024C 
# ** Note: ** Addr=000004E8, Word=314, Instuction=04771E63, Mnemonic=bne x14, x7, 0000005C
# ** Note:   x1=00000011 x2=00002000 x3=00000016 x4=00000001 x5=00000002 x6=00002010 x7=00000011 x12=00002000 x13=FFFFFFAB x14=00000011 x15=0000024C 
# ** Note: ** Addr=000004EC, Word=315, Instuction=00120213, Mnemonic=addi x4, x4, 00000001
# ** Note:   x1=00000011 x2=00002000 x3=00000016 x4=00000002 x5=00000002 x6=00002010 x7=00000011 x12=00002000 x13=FFFFFFAB x14=00000011 x15=0000024C 
# ** Note: ** Addr=000004F0, Word=316, Instuction=00200293, Mnemonic=addi x5, x0, 00000002
# ** Note:   x1=00000011 x2=00002000 x3=00000016 x4=00000002 x5=00000002 x6=00002010 x7=00000011 x12=00002000 x13=FFFFFFAB x14=00000011 x15=0000024C 
# ** Note: ** Addr=000004F4, Word=317, Instuction=FC521AE3, Mnemonic=bne x4, x5, FFFFFFD4
# ** Note:   x1=00000011 x2=00002000 x3=00000016 x4=00000002 x5=00000002 x6=00002010 x7=00000011 x12=00002000 x13=FFFFFFAB x14=00000011 x15=0000024C 
# ** Note: ** Addr=000004F8, Word=318, Instuction=01700193, Mnemonic=addi x3, x0, 00000017
# ** Note:   x1=00000011 x2=00002000 x3=00000017 x4=00000002 x5=00000002 x6=00002010 x7=00000011 x12=00002000 x13=FFFFFFAB x14=00000011 x15=0000024C 
# ** Note: ** Addr=000004FC, Word=319, Instuction=00000213, Mnemonic=addi x4, x0, 00000000
# ** Note:   x1=00000011 x2=00002000 x3=00000017 x5=00000002 x6=00002010 x7=00000011 x12=00002000 x13=FFFFFFAB x14=00000011 x15=0000024C 
# ** Note: ** Addr=00000500, Word=320, Instuction=00002117, Mnemonic=auipc x2, 00002000
# ** Note:   x1=00000011 x2=00002500 x3=00000017 x5=00000002 x6=00002010 x7=00000011 x12=00002000 x13=FFFFFFAB x14=00000011 x15=0000024C 
# ** Note: ** Addr=00000504, Word=321, Instuction=B0010113, Mnemonic=addi x2, x2, FFFFFB00
# ** Note:   x1=00000011 x2=00002000 x3=00000017 x5=00000002 x6=00002010 x7=00000011 x12=00002000 x13=FFFFFFAB x14=00000011 x15=0000024C 
# ** Note: ** Addr=00000508, Word=322, Instuction=00000013, Mnemonic=addi x0, x0, 00000000
# ** Note:   x1=00000011 x2=00002000 x3=00000017 x5=00000002 x6=00002010 x7=00000011 x12=00002000 x13=FFFFFFAB x14=00000011 x15=0000024C 
# ** Note: ** Addr=0000050C, Word=323, Instuction=00000013, Mnemonic=addi x0, x0, 00000000
# ** Note:   x1=00000011 x2=00002000 x3=00000017 x5=00000002 x6=00002010 x7=00000011 x12=00002000 x13=FFFFFFAB x14=00000011 x15=0000024C 
# ** Note: ** Addr=00000510, Word=324, Instuction=00100093, Mnemonic=addi x1, x0, 00000001
# ** Note:   x1=00000001 x2=00002000 x3=00000017 x5=00000002 x6=00002010 x7=00000011 x12=00002000 x13=FFFFFFAB x14=00000011 x15=0000024C 
# ** Note: ** Addr=00000514, Word=325, Instuction=001102A3, Mnemonic=sb x1, 00000005(x2)
# ** Note:   x1=00000001 x2=00002000 x3=00000017 x5=00000002 x6=00002010 x7=00000011 x12=00002000 x13=FFFFFFAB x14=00000011 x15=0000024C 
# ** Note:   Addr=00002005, Word=2049, WData=00000001, RData=000000AB
# ** Note: ** Addr=00000518, Word=326, Instuction=00510703, Mnemonic=lb x14, 00000005(x2)
# ** Note:   x1=00000001 x2=00002000 x3=00000017 x5=00000002 x6=00002010 x7=00000011 x12=00002000 x13=FFFFFFAB x14=00000001 x15=0000024C 
# ** Note:   Addr=00002005, Word=2049, WData=00000002, RData=00000001
# ** Warning: (vsim-151) NUMERIC_STD.TO_INTEGER: Value -40 is not in bounds of subtype NATURAL.
# ** Warning: (vsim-151) NUMERIC_STD.TO_INTEGER: Value -40 is not in bounds of subtype NATURAL.
# ** Note: ** Addr=0000051C, Word=327, Instuction=00100393, Mnemonic=addi x7, x0, 00000001
# ** Note:   x1=00000001 x2=00002000 x3=00000017 x5=00000002 x6=00002010 x7=00000001 x12=00002000 x13=FFFFFFAB x14=00000001 x15=0000024C 
# ** Note: ** Addr=00000520, Word=328, Instuction=02771263, Mnemonic=bne x14, x7, 00000024
# ** Note:   x1=00000001 x2=00002000 x3=00000017 x5=00000002 x6=00002010 x7=00000001 x12=00002000 x13=FFFFFFAB x14=00000001 x15=0000024C 
# ** Note: ** Addr=00000524, Word=329, Instuction=00120213, Mnemonic=addi x4, x4, 00000001
# ** Note:   x1=00000001 x2=00002000 x3=00000017 x4=00000001 x5=00000002 x6=00002010 x7=00000001 x12=00002000 x13=FFFFFFAB x14=00000001 x15=0000024C 
# ** Warning: (vsim-151) NUMERIC_STD.TO_INTEGER: Value -2 is not in bounds of subtype NATURAL.
# ** Warning: (vsim-151) NUMERIC_STD.TO_INTEGER: Value -2 is not in bounds of subtype NATURAL.
# ** Note: ** Addr=00000528, Word=330, Instuction=00200293, Mnemonic=addi x5, x0, 00000002
# ** Note:   x1=00000001 x2=00002000 x3=00000017 x4=00000001 x5=00000002 x6=00002010 x7=00000001 x12=00002000 x13=FFFFFFAB x14=00000001 x15=0000024C 
# ** Note: ** Addr=0000052C, Word=331, Instuction=FC521AE3, Mnemonic=bne x4, x5, FFFFFFD4
# ** Note:   x1=00000001 x2=00002000 x3=00000017 x4=00000001 x5=00000002 x6=00002010 x7=00000001 x12=00002000 x13=FFFFFFAB x14=00000001 x15=0000024C 
# ** Note: ** Addr=00000500, Word=320, Instuction=00002117, Mnemonic=auipc x2, 00002000
# ** Note:   x1=00000001 x2=00002500 x3=00000017 x4=00000001 x5=00000002 x6=00002010 x7=00000001 x12=00002000 x13=FFFFFFAB x14=00000001 x15=0000024C 
# ** Note: ** Addr=00000504, Word=321, Instuction=B0010113, Mnemonic=addi x2, x2, FFFFFB00
# ** Note:   x1=00000001 x2=00002000 x3=00000017 x4=00000001 x5=00000002 x6=00002010 x7=00000001 x12=00002000 x13=FFFFFFAB x14=00000001 x15=0000024C 
# ** Note: ** Addr=00000508, Word=322, Instuction=00000013, Mnemonic=addi x0, x0, 00000000
# ** Note:   x1=00000001 x2=00002000 x3=00000017 x4=00000001 x5=00000002 x6=00002010 x7=00000001 x12=00002000 x13=FFFFFFAB x14=00000001 x15=0000024C 
# ** Note: ** Addr=0000050C, Word=323, Instuction=00000013, Mnemonic=addi x0, x0, 00000000
# ** Note:   x1=00000001 x2=00002000 x3=00000017 x4=00000001 x5=00000002 x6=00002010 x7=00000001 x12=00002000 x13=FFFFFFAB x14=00000001 x15=0000024C 
# ** Note: ** Addr=00000510, Word=324, Instuction=00100093, Mnemonic=addi x1, x0, 00000001
# ** Note:   x1=00000001 x2=00002000 x3=00000017 x4=00000001 x5=00000002 x6=00002010 x7=00000001 x12=00002000 x13=FFFFFFAB x14=00000001 x15=0000024C 
# ** Note: ** Addr=00000514, Word=325, Instuction=001102A3, Mnemonic=sb x1, 00000005(x2)
# ** Note:   x1=00000001 x2=00002000 x3=00000017 x4=00000001 x5=00000002 x6=00002010 x7=00000001 x12=00002000 x13=FFFFFFAB x14=00000001 x15=0000024C 
# ** Note:   Addr=00002005, Word=2049, WData=00000001, RData=00000001
# ** Note: ** Addr=00000518, Word=326, Instuction=00510703, Mnemonic=lb x14, 00000005(x2)
# ** Note:   x1=00000001 x2=00002000 x3=00000017 x4=00000001 x5=00000002 x6=00002010 x7=00000001 x12=00002000 x13=FFFFFFAB x14=00000001 x15=0000024C 
# ** Note:   Addr=00002005, Word=2049, WData=00000002, RData=00000001
# ** Warning: (vsim-151) NUMERIC_STD.TO_INTEGER: Value -40 is not in bounds of subtype NATURAL.
# ** Warning: (vsim-151) NUMERIC_STD.TO_INTEGER: Value -40 is not in bounds of subtype NATURAL.
# ** Note: ** Addr=0000051C, Word=327, Instuction=00100393, Mnemonic=addi x7, x0, 00000001
# ** Note:   x1=00000001 x2=00002000 x3=00000017 x4=00000001 x5=00000002 x6=00002010 x7=00000001 x12=00002000 x13=FFFFFFAB x14=00000001 x15=0000024C 
# ** Note: ** Addr=00000520, Word=328, Instuction=02771263, Mnemonic=bne x14, x7, 00000024
# ** Note:   x1=00000001 x2=00002000 x3=00000017 x4=00000001 x5=00000002 x6=00002010 x7=00000001 x12=00002000 x13=FFFFFFAB x14=00000001 x15=0000024C 
# ** Note: ** Addr=00000524, Word=329, Instuction=00120213, Mnemonic=addi x4, x4, 00000001
# ** Note:   x1=00000001 x2=00002000 x3=00000017 x4=00000002 x5=00000002 x6=00002010 x7=00000001 x12=00002000 x13=FFFFFFAB x14=00000001 x15=0000024C 
# ** Note: ** Addr=00000528, Word=330, Instuction=00200293, Mnemonic=addi x5, x0, 00000002
# ** Note:   x1=00000001 x2=00002000 x3=00000017 x4=00000002 x5=00000002 x6=00002010 x7=00000001 x12=00002000 x13=FFFFFFAB x14=00000001 x15=0000024C 
# ** Note: ** Addr=0000052C, Word=331, Instuction=FC521AE3, Mnemonic=bne x4, x5, FFFFFFD4
# ** Note:   x1=00000001 x2=00002000 x3=00000017 x4=00000002 x5=00000002 x6=00002010 x7=00000001 x12=00002000 x13=FFFFFFAB x14=00000001 x15=0000024C 
# ** Note: ** Addr=00000530, Word=332, Instuction=0EF00513, Mnemonic=addi x10, x0, 000000EF
# ** Note:   x1=00000001 x2=00002000 x3=00000017 x4=00000002 x5=00000002 x6=00002010 x7=00000001 x10=000000EF x12=00002000 x13=FFFFFFAB x14=00000001 x15=0000024C 
# ** Note: ** Addr=00000534, Word=333, Instuction=00002597, Mnemonic=auipc x11, 00002000
# ** Note:   x1=00000001 x2=00002000 x3=00000017 x4=00000002 x5=00000002 x6=00002010 x7=00000001 x10=000000EF x11=00002534 x12=00002000 x13=FFFFFFAB x14=00000001 x15=0000024C 
# ** Note: ** Addr=00000538, Word=334, Instuction=ACC58593, Mnemonic=addi x11, x11, FFFFFACC
# ** Note:   x1=00000001 x2=00002000 x3=00000017 x4=00000002 x5=00000002 x6=00002010 x7=00000001 x10=000000EF x11=00002000 x12=00002000 x13=FFFFFFAB x14=00000001 x15=0000024C 
# ** Warning: (vsim-151) NUMERIC_STD.TO_INTEGER: Value -24 is not in bounds of subtype NATURAL.
# ** Warning: (vsim-151) NUMERIC_STD.TO_INTEGER: Value -24 is not in bounds of subtype NATURAL.
# ** Warning: (vsim-151) NUMERIC_STD.TO_INTEGER: Value -24 is not in bounds of subtype NATURAL.
# ** Warning: (vsim-151) NUMERIC_STD.TO_INTEGER: Value -24 is not in bounds of subtype NATURAL.
# ** Note: ** Addr=0000053C, Word=335, Instuction=00A581A3, Mnemonic=sb x10, 00000003(x11)
# ** Note:   x1=00000001 x2=00002000 x3=00000017 x4=00000002 x5=00000002 x6=00002010 x7=00000001 x10=000000EF x11=00002000 x12=00002000 x13=FFFFFFAB x14=00000001 x15=0000024C 
# ** Note:   Addr=00002003, Word=2048, WData=000000EF, RData=00000012
# ** Note: ** Addr=00000540, Word=336, Instuction=00301E63, Mnemonic=bne x0, x3, 0000001C
# ** Note:   x1=00000001 x2=00002000 x3=00000017 x4=00000002 x5=00000002 x6=00002010 x7=00000001 x10=000000EF x11=00002000 x12=00002000 x13=FFFFFFAB x14=00000001 x15=0000024C 
# ** Note: ** Addr=0000055C, Word=343, Instuction=00100193, Mnemonic=addi x3, x0, 00000001
# ** Note:   x1=00000001 x2=00002000 x3=00000001 x4=00000002 x5=00000002 x6=00002010 x7=00000001 x10=000000EF x11=00002000 x12=00002000 x13=FFFFFFAB x14=00000001 x15=0000024C 
# ** Note: ** Addr=00000560, Word=344, Instuction=10100513, Mnemonic=addi x10, x0, 00000101
# ** Note:   x1=00000001 x2=00002000 x3=00000001 x4=00000002 x5=00000002 x6=00002010 x7=00000001 x10=00000101 x11=00002000 x12=00002000 x13=FFFFFFAB x14=00000001 x15=0000024C 
# ** Note: ** Addr=00000564, Word=345, Instuction=01F01013, Mnemonic=slli x0, x0, 1F
# ** Note:   x1=00000001 x2=00002000 x3=00000001 x4=00000002 x5=00000002 x6=00002010 x7=00000001 x10=00000101 x11=00002000 x12=00002000 x13=FFFFFFAB x14=00000001 x15=0000024C 
# ** Note: ** Addr=00000568, Word=346, Instuction=00100073, Mnemonic=ebreak
# ** Note:   x1=00000001 x2=00002000 x3=00000001 x4=00000002 x5=00000002 x6=00002010 x7=00000001 x10=00000101 x11=00002000 x12=00002000 x13=FFFFFFAB x14=00000001 x15=0000024C 
# ** Note: RVTEST (addi) : OK
# Break in Process monitor at ../testbench/tb_cpu.vhd line 359
# Stopped at ../testbench/tb_cpu.vhd line 359
#  quit -f
# End time: 00:29:26 on Jan 01,2026, Elapsed time: 0:00:01
# Errors: 0, Warnings: 264
