# vsim -c -quiet work.tb_cpu -do "run -all; quit -f" -l build/logs/sh.log -gMAX_CYCLES=200000 
# Start time: 00:28:42 on Jan 01,2026
# ** Note: (vsim-3813) Design is being optimized due to module recompilation...
# //  Questa Sim-64
# //  Version 2020.3_1 linux_x86_64 Aug 25 2020
# //
# //  Copyright 1991-2020 Mentor Graphics Corporation
# //  All Rights Reserved.
# //
# //  QuestaSim and its associated documentation contain trade
# //  secrets and commercial or financial information that are the property of
# //  Mentor Graphics Corporation and are privileged, confidential,
# //  and exempt from disclosure under the Freedom of Information Act,
# //  5 U.S.C. Section 552. Furthermore, this information
# //  is prohibited from disclosure under the Trade Secrets Act,
# //  18 U.S.C. Section 1905.
# //
# run -all
# ** Warning: NUMERIC_STD.TO_INTEGER: metavalue detected, returning 0
# ** Warning: NUMERIC_STD.TO_INTEGER: metavalue detected, returning 0
# ** Warning: NUMERIC_STD.TO_INTEGER: metavalue detected, returning 0
# ** Warning: NUMERIC_STD.TO_INTEGER: metavalue detected, returning 0
# ** Warning: NUMERIC_STD.TO_INTEGER: metavalue detected, returning 0
# ** Warning: NUMERIC_STD.TO_INTEGER: metavalue detected, returning 0
# ** Warning: NUMERIC_STD.TO_INTEGER: metavalue detected, returning 0
# ** Warning: NUMERIC_STD.TO_INTEGER: metavalue detected, returning 0
# ** Warning: NUMERIC_STD.TO_INTEGER: metavalue detected, returning 0
# ** Warning: NUMERIC_STD.TO_INTEGER: metavalue detected, returning 0
# ** Warning: NUMERIC_STD.TO_INTEGER: metavalue detected, returning 0
# ** Warning: NUMERIC_STD.TO_INTEGER: metavalue detected, returning 0
# ** Warning: NUMERIC_STD.TO_INTEGER: metavalue detected, returning 0
# ** Warning: NUMERIC_STD.TO_INTEGER: metavalue detected, returning 0
# ** Warning: NUMERIC_STD.TO_INTEGER: metavalue detected, returning 0
# ** Warning: NUMERIC_STD.TO_INTEGER: metavalue detected, returning 0
# ** Warning: NUMERIC_STD.TO_INTEGER: metavalue detected, returning 0
# ** Warning: NUMERIC_STD.TO_INTEGER: metavalue detected, returning 0
# ** Warning: NUMERIC_STD.TO_INTEGER: metavalue detected, returning 0
# ** Warning: NUMERIC_STD.TO_INTEGER: metavalue detected, returning 0
# ** Warning: NUMERIC_STD.TO_INTEGER: metavalue detected, returning 0
# ** Note: ** Addr=00000000, Word=0, Instuction=00000093, Mnemonic=addi x1, x0, 00000000
# ** Note: ** Addr=00000004, Word=1, Instuction=00000113, Mnemonic=addi x2, x0, 00000000
# ** Note: ** Addr=00000008, Word=2, Instuction=00000193, Mnemonic=addi x3, x0, 00000000
# ** Note: ** Addr=0000000C, Word=3, Instuction=00000213, Mnemonic=addi x4, x0, 00000000
# ** Note: ** Addr=00000010, Word=4, Instuction=00000293, Mnemonic=addi x5, x0, 00000000
# ** Note: ** Addr=00000014, Word=5, Instuction=00000313, Mnemonic=addi x6, x0, 00000000
# ** Note: ** Addr=00000018, Word=6, Instuction=00000393, Mnemonic=addi x7, x0, 00000000
# ** Note: ** Addr=0000001C, Word=7, Instuction=00000413, Mnemonic=addi x8, x0, 00000000
# ** Note: ** Addr=00000020, Word=8, Instuction=00000493, Mnemonic=addi x9, x0, 00000000
# ** Note: ** Addr=00000024, Word=9, Instuction=00000513, Mnemonic=addi x10, x0, 00000000
# ** Note: ** Addr=00000028, Word=10, Instuction=00000593, Mnemonic=addi x11, x0, 00000000
# ** Note: ** Addr=0000002C, Word=11, Instuction=00000613, Mnemonic=addi x12, x0, 00000000
# ** Note: ** Addr=00000030, Word=12, Instuction=00000693, Mnemonic=addi x13, x0, 00000000
# ** Note: ** Addr=00000034, Word=13, Instuction=00000713, Mnemonic=addi x14, x0, 00000000
# ** Note: ** Addr=00000038, Word=14, Instuction=00000793, Mnemonic=addi x15, x0, 00000000
# ** Note: ** Addr=0000003C, Word=15, Instuction=00000813, Mnemonic=addi x16, x0, 00000000
# ** Note: ** Addr=00000040, Word=16, Instuction=00000893, Mnemonic=addi x17, x0, 00000000
# ** Note: ** Addr=00000044, Word=17, Instuction=00000913, Mnemonic=addi x18, x0, 00000000
# ** Note: ** Addr=00000048, Word=18, Instuction=00000993, Mnemonic=addi x19, x0, 00000000
# ** Note: ** Addr=0000004C, Word=19, Instuction=00000A13, Mnemonic=addi x20, x0, 00000000
# ** Note: ** Addr=00000050, Word=20, Instuction=00000A93, Mnemonic=addi x21, x0, 00000000
# ** Note: ** Addr=00000054, Word=21, Instuction=00000B13, Mnemonic=addi x22, x0, 00000000
# ** Note: ** Addr=00000058, Word=22, Instuction=00000B93, Mnemonic=addi x23, x0, 00000000
# ** Note: ** Addr=0000005C, Word=23, Instuction=00000C13, Mnemonic=addi x24, x0, 00000000
# ** Note: ** Addr=00000060, Word=24, Instuction=00000C93, Mnemonic=addi x25, x0, 00000000
# ** Note: ** Addr=00000064, Word=25, Instuction=00000D13, Mnemonic=addi x26, x0, 00000000
# ** Note: ** Addr=00000068, Word=26, Instuction=00000D93, Mnemonic=addi x27, x0, 00000000
# ** Note: ** Addr=0000006C, Word=27, Instuction=00000E13, Mnemonic=addi x28, x0, 00000000
# ** Note: ** Addr=00000070, Word=28, Instuction=00000E93, Mnemonic=addi x29, x0, 00000000
# ** Note: ** Addr=00000074, Word=29, Instuction=00000F13, Mnemonic=addi x30, x0, 00000000
# ** Note: ** Addr=00000078, Word=30, Instuction=00000F93, Mnemonic=addi x31, x0, 00000000
# ** Note: ** Addr=0000007C, Word=31, Instuction=00001297, Mnemonic=auipc x5, 00001000
# ** Note:   x5=0000107C 
# ** Note: ** Addr=00000080, Word=32, Instuction=F8428293, Mnemonic=addi x5, x5, FFFFFF84
# ** Note:   x5=00001000 
# ** Note: ** Addr=00000084, Word=33, Instuction=00002317, Mnemonic=auipc x6, 00002000
# ** Note:   x5=00001000 x6=00002084 
# ** Note: ** Addr=00000088, Word=34, Instuction=F7C30313, Mnemonic=addi x6, x6, FFFFFF7C
# ** Note:   x5=00001000 x6=00002000 
# ** Note: ** Addr=0000008C, Word=35, Instuction=00002397, Mnemonic=auipc x7, 00002000
# ** Note:   x5=00001000 x6=00002000 x7=0000208C 
# ** Warning: (vsim-151) NUMERIC_STD.TO_INTEGER: Value -32 is not in bounds of subtype NATURAL.
# ** Warning: (vsim-151) NUMERIC_STD.TO_INTEGER: Value -32 is not in bounds of subtype NATURAL.
# ** Warning: (vsim-151) NUMERIC_STD.TO_INTEGER: Value -32 is not in bounds of subtype NATURAL.
# ** Warning: (vsim-151) NUMERIC_STD.TO_INTEGER: Value -32 is not in bounds of subtype NATURAL.
# ** Note: ** Addr=00000090, Word=36, Instuction=F9438393, Mnemonic=addi x7, x7, FFFFFF94
# ** Note:   x5=00001000 x6=00002000 x7=00002020 
# ** Note: ** Addr=00000094, Word=37, Instuction=00730C63, Mnemonic=beq x6, x7, 00000018
# ** Note:   x5=00001000 x6=00002000 x7=00002020 
# ** Note: ** Addr=00000098, Word=38, Instuction=0002AE03, Mnemonic=lw x28, 00000000(x5)
# ** Note:   x5=00001000 x6=00002000 x7=00002020 x28=BEEFBEEF 
# ** Note:   Addr=00001000, Word=1024, WData=00000000, RData=BEEFBEEF
# ** Note: ** Addr=0000009C, Word=39, Instuction=01C32023, Mnemonic=sw x28, 00000000(x6)
# ** Note:   x5=00001000 x6=00002000 x7=00002020 x28=BEEFBEEF 
# ** Note:   Addr=00002000, Word=2048, WData=BEEFBEEF, RData=XXXXXXXX
# ** Note: ** Addr=000000A0, Word=40, Instuction=00428293, Mnemonic=addi x5, x5, 00000004
# ** Note:   x5=00001004 x6=00002000 x7=00002020 x28=BEEFBEEF 
# ** Note: ** Addr=000000A4, Word=41, Instuction=00430313, Mnemonic=addi x6, x6, 00000004
# ** Note:   x5=00001004 x6=00002004 x7=00002020 x28=BEEFBEEF 
# ** Warning: (vsim-151) NUMERIC_STD.TO_INTEGER: Value -28 is not in bounds of subtype NATURAL.
# ** Warning: (vsim-151) NUMERIC_STD.TO_INTEGER: Value -28 is not in bounds of subtype NATURAL.
# ** Note: ** Addr=000000A8, Word=42, Instuction=FEDFF06F, Mnemonic=jal x0, FFFFFFEC
# ** Note:   x5=00001004 x6=00002004 x7=00002020 x28=BEEFBEEF 
# ** Note: ** Addr=00000094, Word=37, Instuction=00730C63, Mnemonic=beq x6, x7, 00000018
# ** Note:   x5=00001004 x6=00002004 x7=00002020 x28=BEEFBEEF 
# ** Note: ** Addr=00000098, Word=38, Instuction=0002AE03, Mnemonic=lw x28, 00000000(x5)
# ** Note:   x5=00001004 x6=00002004 x7=00002020 x28=BEEFBEEF 
# ** Note:   Addr=00001004, Word=1025, WData=00000000, RData=BEEFBEEF
# ** Note: ** Addr=0000009C, Word=39, Instuction=01C32023, Mnemonic=sw x28, 00000000(x6)
# ** Note:   x5=00001004 x6=00002004 x7=00002020 x28=BEEFBEEF 
# ** Note:   Addr=00002004, Word=2049, WData=BEEFBEEF, RData=XXXXXXXX
# ** Note: ** Addr=000000A0, Word=40, Instuction=00428293, Mnemonic=addi x5, x5, 00000004
# ** Note:   x5=00001008 x6=00002004 x7=00002020 x28=BEEFBEEF 
# ** Note: ** Addr=000000A4, Word=41, Instuction=00430313, Mnemonic=addi x6, x6, 00000004
# ** Note:   x5=00001008 x6=00002008 x7=00002020 x28=BEEFBEEF 
# ** Warning: (vsim-151) NUMERIC_STD.TO_INTEGER: Value -24 is not in bounds of subtype NATURAL.
# ** Warning: (vsim-151) NUMERIC_STD.TO_INTEGER: Value -24 is not in bounds of subtype NATURAL.
# ** Note: ** Addr=000000A8, Word=42, Instuction=FEDFF06F, Mnemonic=jal x0, FFFFFFEC
# ** Note:   x5=00001008 x6=00002008 x7=00002020 x28=BEEFBEEF 
# ** Note: ** Addr=00000094, Word=37, Instuction=00730C63, Mnemonic=beq x6, x7, 00000018
# ** Note:   x5=00001008 x6=00002008 x7=00002020 x28=BEEFBEEF 
# ** Note: ** Addr=00000098, Word=38, Instuction=0002AE03, Mnemonic=lw x28, 00000000(x5)
# ** Note:   x5=00001008 x6=00002008 x7=00002020 x28=BEEFBEEF 
# ** Note:   Addr=00001008, Word=1026, WData=00000000, RData=BEEFBEEF
# ** Note: ** Addr=0000009C, Word=39, Instuction=01C32023, Mnemonic=sw x28, 00000000(x6)
# ** Note:   x5=00001008 x6=00002008 x7=00002020 x28=BEEFBEEF 
# ** Note:   Addr=00002008, Word=2050, WData=BEEFBEEF, RData=XXXXXXXX
# ** Note: ** Addr=000000A0, Word=40, Instuction=00428293, Mnemonic=addi x5, x5, 00000004
# ** Note:   x5=0000100C x6=00002008 x7=00002020 x28=BEEFBEEF 
# ** Note: ** Addr=000000A4, Word=41, Instuction=00430313, Mnemonic=addi x6, x6, 00000004
# ** Note:   x5=0000100C x6=0000200C x7=00002020 x28=BEEFBEEF 
# ** Warning: (vsim-151) NUMERIC_STD.TO_INTEGER: Value -20 is not in bounds of subtype NATURAL.
# ** Warning: (vsim-151) NUMERIC_STD.TO_INTEGER: Value -20 is not in bounds of subtype NATURAL.
# ** Note: ** Addr=000000A8, Word=42, Instuction=FEDFF06F, Mnemonic=jal x0, FFFFFFEC
# ** Note:   x5=0000100C x6=0000200C x7=00002020 x28=BEEFBEEF 
# ** Note: ** Addr=00000094, Word=37, Instuction=00730C63, Mnemonic=beq x6, x7, 00000018
# ** Note:   x5=0000100C x6=0000200C x7=00002020 x28=BEEFBEEF 
# ** Note: ** Addr=00000098, Word=38, Instuction=0002AE03, Mnemonic=lw x28, 00000000(x5)
# ** Note:   x5=0000100C x6=0000200C x7=00002020 x28=BEEFBEEF 
# ** Note:   Addr=0000100C, Word=1027, WData=00000000, RData=BEEFBEEF
# ** Note: ** Addr=0000009C, Word=39, Instuction=01C32023, Mnemonic=sw x28, 00000000(x6)
# ** Note:   x5=0000100C x6=0000200C x7=00002020 x28=BEEFBEEF 
# ** Note:   Addr=0000200C, Word=2051, WData=BEEFBEEF, RData=XXXXXXXX
# ** Note: ** Addr=000000A0, Word=40, Instuction=00428293, Mnemonic=addi x5, x5, 00000004
# ** Note:   x5=00001010 x6=0000200C x7=00002020 x28=BEEFBEEF 
# ** Note: ** Addr=000000A4, Word=41, Instuction=00430313, Mnemonic=addi x6, x6, 00000004
# ** Note:   x5=00001010 x6=00002010 x7=00002020 x28=BEEFBEEF 
# ** Warning: (vsim-151) NUMERIC_STD.TO_INTEGER: Value -16 is not in bounds of subtype NATURAL.
# ** Warning: (vsim-151) NUMERIC_STD.TO_INTEGER: Value -16 is not in bounds of subtype NATURAL.
# ** Note: ** Addr=000000A8, Word=42, Instuction=FEDFF06F, Mnemonic=jal x0, FFFFFFEC
# ** Note:   x5=00001010 x6=00002010 x7=00002020 x28=BEEFBEEF 
# ** Note: ** Addr=00000094, Word=37, Instuction=00730C63, Mnemonic=beq x6, x7, 00000018
# ** Note:   x5=00001010 x6=00002010 x7=00002020 x28=BEEFBEEF 
# ** Note: ** Addr=00000098, Word=38, Instuction=0002AE03, Mnemonic=lw x28, 00000000(x5)
# ** Note:   x5=00001010 x6=00002010 x7=00002020 x28=BEEFBEEF 
# ** Note:   Addr=00001010, Word=1028, WData=00000000, RData=BEEFBEEF
# ** Note: ** Addr=0000009C, Word=39, Instuction=01C32023, Mnemonic=sw x28, 00000000(x6)
# ** Note:   x5=00001010 x6=00002010 x7=00002020 x28=BEEFBEEF 
# ** Note:   Addr=00002010, Word=2052, WData=BEEFBEEF, RData=XXXXXXXX
# ** Note: ** Addr=000000A0, Word=40, Instuction=00428293, Mnemonic=addi x5, x5, 00000004
# ** Note:   x5=00001014 x6=00002010 x7=00002020 x28=BEEFBEEF 
# ** Note: ** Addr=000000A4, Word=41, Instuction=00430313, Mnemonic=addi x6, x6, 00000004
# ** Note:   x5=00001014 x6=00002014 x7=00002020 x28=BEEFBEEF 
# ** Warning: (vsim-151) NUMERIC_STD.TO_INTEGER: Value -12 is not in bounds of subtype NATURAL.
# ** Warning: (vsim-151) NUMERIC_STD.TO_INTEGER: Value -12 is not in bounds of subtype NATURAL.
# ** Note: ** Addr=000000A8, Word=42, Instuction=FEDFF06F, Mnemonic=jal x0, FFFFFFEC
# ** Note:   x5=00001014 x6=00002014 x7=00002020 x28=BEEFBEEF 
# ** Note: ** Addr=00000094, Word=37, Instuction=00730C63, Mnemonic=beq x6, x7, 00000018
# ** Note:   x5=00001014 x6=00002014 x7=00002020 x28=BEEFBEEF 
# ** Note: ** Addr=00000098, Word=38, Instuction=0002AE03, Mnemonic=lw x28, 00000000(x5)
# ** Note:   x5=00001014 x6=00002014 x7=00002020 
# ** Note:   Addr=00001014, Word=1029, WData=00000000, RData=00000000
# ** Note: ** Addr=0000009C, Word=39, Instuction=01C32023, Mnemonic=sw x28, 00000000(x6)
# ** Note:   x5=00001014 x6=00002014 x7=00002020 
# ** Note:   Addr=00002014, Word=2053, WData=00000000, RData=XXXXXXXX
# ** Note: ** Addr=000000A0, Word=40, Instuction=00428293, Mnemonic=addi x5, x5, 00000004
# ** Note:   x5=00001018 x6=00002014 x7=00002020 
# ** Note: ** Addr=000000A4, Word=41, Instuction=00430313, Mnemonic=addi x6, x6, 00000004
# ** Note:   x5=00001018 x6=00002018 x7=00002020 
# ** Warning: (vsim-151) NUMERIC_STD.TO_INTEGER: Value -8 is not in bounds of subtype NATURAL.
# ** Warning: (vsim-151) NUMERIC_STD.TO_INTEGER: Value -8 is not in bounds of subtype NATURAL.
# ** Note: ** Addr=000000A8, Word=42, Instuction=FEDFF06F, Mnemonic=jal x0, FFFFFFEC
# ** Note:   x5=00001018 x6=00002018 x7=00002020 
# ** Note: ** Addr=00000094, Word=37, Instuction=00730C63, Mnemonic=beq x6, x7, 00000018
# ** Note:   x5=00001018 x6=00002018 x7=00002020 
# ** Note: ** Addr=00000098, Word=38, Instuction=0002AE03, Mnemonic=lw x28, 00000000(x5)
# ** Note:   x5=00001018 x6=00002018 x7=00002020 
# ** Note:   Addr=00001018, Word=1030, WData=00000000, RData=00000000
# ** Note: ** Addr=0000009C, Word=39, Instuction=01C32023, Mnemonic=sw x28, 00000000(x6)
# ** Note:   x5=00001018 x6=00002018 x7=00002020 
# ** Note:   Addr=00002018, Word=2054, WData=00000000, RData=XXXXXXXX
# ** Note: ** Addr=000000A0, Word=40, Instuction=00428293, Mnemonic=addi x5, x5, 00000004
# ** Note:   x5=0000101C x6=00002018 x7=00002020 
# ** Note: ** Addr=000000A4, Word=41, Instuction=00430313, Mnemonic=addi x6, x6, 00000004
# ** Note:   x5=0000101C x6=0000201C x7=00002020 
# ** Warning: (vsim-151) NUMERIC_STD.TO_INTEGER: Value -4 is not in bounds of subtype NATURAL.
# ** Warning: (vsim-151) NUMERIC_STD.TO_INTEGER: Value -4 is not in bounds of subtype NATURAL.
# ** Note: ** Addr=000000A8, Word=42, Instuction=FEDFF06F, Mnemonic=jal x0, FFFFFFEC
# ** Note:   x5=0000101C x6=0000201C x7=00002020 
# ** Note: ** Addr=00000094, Word=37, Instuction=00730C63, Mnemonic=beq x6, x7, 00000018
# ** Note:   x5=0000101C x6=0000201C x7=00002020 
# ** Note: ** Addr=00000098, Word=38, Instuction=0002AE03, Mnemonic=lw x28, 00000000(x5)
# ** Note:   x5=0000101C x6=0000201C x7=00002020 
# ** Note:   Addr=0000101C, Word=1031, WData=00000000, RData=00000000
# ** Note: ** Addr=0000009C, Word=39, Instuction=01C32023, Mnemonic=sw x28, 00000000(x6)
# ** Note:   x5=0000101C x6=0000201C x7=00002020 
# ** Note:   Addr=0000201C, Word=2055, WData=00000000, RData=XXXXXXXX
# ** Note: ** Addr=000000A0, Word=40, Instuction=00428293, Mnemonic=addi x5, x5, 00000004
# ** Note:   x5=00001020 x6=0000201C x7=00002020 
# ** Note: ** Addr=000000A4, Word=41, Instuction=00430313, Mnemonic=addi x6, x6, 00000004
# ** Note:   x5=00001020 x6=00002020 x7=00002020 
# ** Note: ** Addr=000000A8, Word=42, Instuction=FEDFF06F, Mnemonic=jal x0, FFFFFFEC
# ** Note:   x5=00001020 x6=00002020 x7=00002020 
# ** Note: ** Addr=00000094, Word=37, Instuction=00730C63, Mnemonic=beq x6, x7, 00000018
# ** Note:   x5=00001020 x6=00002020 x7=00002020 
# ** Note: ** Addr=000000AC, Word=43, Instuction=00002297, Mnemonic=auipc x5, 00002000
# ** Note:   x5=000020AC x6=00002020 x7=00002020 
# ** Note: ** Addr=000000B0, Word=44, Instuction=F7428293, Mnemonic=addi x5, x5, FFFFFF74
# ** Note:   x5=00002020 x6=00002020 x7=00002020 
# ** Note: ** Addr=000000B4, Word=45, Instuction=00002317, Mnemonic=auipc x6, 00002000
# ** Note:   x5=00002020 x6=000020B4 x7=00002020 
# ** Note: ** Addr=000000B8, Word=46, Instuction=F6C30313, Mnemonic=addi x6, x6, FFFFFF6C
# ** Note:   x5=00002020 x6=00002020 x7=00002020 
# ** Warning: (vsim-151) NUMERIC_STD.TO_INTEGER: Value -6 is not in bounds of subtype NATURAL.
# ** Warning: (vsim-151) NUMERIC_STD.TO_INTEGER: Value -6 is not in bounds of subtype NATURAL.
# ** Note: ** Addr=000000BC, Word=47, Instuction=00000393, Mnemonic=addi x7, x0, 00000000
# ** Note:   x5=00002020 x6=00002020 
# ** Note: ** Addr=000000C0, Word=48, Instuction=00628863, Mnemonic=beq x5, x6, 00000010
# ** Note:   x5=00002020 x6=00002020 
# ** Note: ** Addr=000000D0, Word=52, Instuction=00200193, Mnemonic=addi x3, x0, 00000002
# ** Note:   x3=00000002 x5=00002020 x6=00002020 
# ** Note: ** Addr=000000D4, Word=53, Instuction=00002117, Mnemonic=auipc x2, 00002000
# ** Note:   x2=000020D4 x3=00000002 x5=00002020 x6=00002020 
# ** Note: ** Addr=000000D8, Word=54, Instuction=F2C10113, Mnemonic=addi x2, x2, FFFFFF2C
# ** Note:   x2=00002000 x3=00000002 x5=00002020 x6=00002020 
# ** Note: ** Addr=000000DC, Word=55, Instuction=0AA00093, Mnemonic=addi x1, x0, 000000AA
# ** Note:   x1=000000AA x2=00002000 x3=00000002 x5=00002020 x6=00002020 
# ** Note: ** Addr=000000E0, Word=56, Instuction=00000797, Mnemonic=auipc x15, 00000000
# ** Note:   x1=000000AA x2=00002000 x3=00000002 x5=00002020 x6=00002020 x15=000000E0 
# ** Note: ** Addr=000000E4, Word=57, Instuction=01478793, Mnemonic=addi x15, x15, 00000014
# ** Note:   x1=000000AA x2=00002000 x3=00000002 x5=00002020 x6=00002020 x15=000000F4 
# ** Note: ** Addr=000000E8, Word=58, Instuction=00111023, Mnemonic=sh x1, 00000000(x2)
# ** Note:   x1=000000AA x2=00002000 x3=00000002 x5=00002020 x6=00002020 x15=000000F4 
# ** Note:   Addr=00002000, Word=2048, WData=000000AA, RData=0000BEEF
# ** Note: ** Addr=000000EC, Word=59, Instuction=00011703, Mnemonic=lh x14, 00000000(x2)
# ** Note:   x1=000000AA x2=00002000 x3=00000002 x5=00002020 x6=00002020 x14=000000AA x15=000000F4 
# ** Note:   Addr=00002000, Word=2048, WData=00000000, RData=000000AA
# ** Note: ** Addr=000000F0, Word=60, Instuction=0080006F, Mnemonic=jal x0, 00000008
# ** Note:   x1=000000AA x2=00002000 x3=00000002 x5=00002020 x6=00002020 x14=000000AA x15=000000F4 
# ** Warning: (vsim-151) NUMERIC_STD.TO_INTEGER: Value -1224 is not in bounds of subtype NATURAL.
# ** Warning: (vsim-151) NUMERIC_STD.TO_INTEGER: Value -1224 is not in bounds of subtype NATURAL.
# ** Note: ** Addr=000000F8, Word=62, Instuction=0AA00393, Mnemonic=addi x7, x0, 000000AA
# ** Note:   x1=000000AA x2=00002000 x3=00000002 x5=00002020 x6=00002020 x7=000000AA x14=000000AA x15=000000F4 
# ** Note: ** Addr=000000FC, Word=63, Instuction=4C771663, Mnemonic=bne x14, x7, 000004CC
# ** Note:   x1=000000AA x2=00002000 x3=00000002 x5=00002020 x6=00002020 x7=000000AA x14=000000AA x15=000000F4 
# ** Note: ** Addr=00000100, Word=64, Instuction=00300193, Mnemonic=addi x3, x0, 00000003
# ** Note:   x1=000000AA x2=00002000 x3=00000003 x5=00002020 x6=00002020 x7=000000AA x14=000000AA x15=000000F4 
# ** Note: ** Addr=00000104, Word=65, Instuction=00002117, Mnemonic=auipc x2, 00002000
# ** Note:   x1=000000AA x2=00002104 x3=00000003 x5=00002020 x6=00002020 x7=000000AA x14=000000AA x15=000000F4 
# ** Note: ** Addr=00000108, Word=66, Instuction=EFC10113, Mnemonic=addi x2, x2, FFFFFEFC
# ** Note:   x1=000000AA x2=00002000 x3=00000003 x5=00002020 x6=00002020 x7=000000AA x14=000000AA x15=000000F4 
# ** Warning: (vsim-151) NUMERIC_STD.TO_INTEGER: Value -22016 is not in bounds of subtype NATURAL.
# ** Warning: (vsim-151) NUMERIC_STD.TO_INTEGER: Value -22016 is not in bounds of subtype NATURAL.
# ** Note: ** Addr=0000010C, Word=67, Instuction=FFFFB0B7, Mnemonic=lui x1, FFFFB000
# ** Note:   x1=FFFFB000 x2=00002000 x3=00000003 x5=00002020 x6=00002020 x7=000000AA x14=000000AA x15=000000F4 
# ** Warning: (vsim-151) NUMERIC_STD.TO_INTEGER: Value -23552 is not in bounds of subtype NATURAL.
# ** Warning: (vsim-151) NUMERIC_STD.TO_INTEGER: Value -23552 is not in bounds of subtype NATURAL.
# ** Warning: (vsim-151) NUMERIC_STD.TO_INTEGER: Value -22016 is not in bounds of subtype NATURAL.
# ** Warning: (vsim-151) NUMERIC_STD.TO_INTEGER: Value -22016 is not in bounds of subtype NATURAL.
# ** Note: ** Addr=00000110, Word=68, Instuction=A0008093, Mnemonic=addi x1, x1, FFFFFA00
# ** Note:   x1=FFFFAA00 x2=00002000 x3=00000003 x5=00002020 x6=00002020 x7=000000AA x14=000000AA x15=000000F4 
# ** Note: ** Addr=00000114, Word=69, Instuction=00000797, Mnemonic=auipc x15, 00000000
# ** Note:   x1=FFFFAA00 x2=00002000 x3=00000003 x5=00002020 x6=00002020 x7=000000AA x14=000000AA x15=00000114 
# ** Note: ** Addr=00000118, Word=70, Instuction=01478793, Mnemonic=addi x15, x15, 00000014
# ** Note:   x1=FFFFAA00 x2=00002000 x3=00000003 x5=00002020 x6=00002020 x7=000000AA x14=000000AA x15=00000128 
# ** Note: ** Addr=0000011C, Word=71, Instuction=00111123, Mnemonic=sh x1, 00000002(x2)
# ** Note:   x1=FFFFAA00 x2=00002000 x3=00000003 x5=00002020 x6=00002020 x7=000000AA x14=000000AA x15=00000128 
# ** Note:   Addr=00002002, Word=2048, WData=FFFFAA00, RData=0000BEEF
# ** Note: ** Addr=00000120, Word=72, Instuction=00211703, Mnemonic=lh x14, 00000002(x2)
# ** Note:   x1=FFFFAA00 x2=00002000 x3=00000003 x5=00002020 x6=00002020 x7=000000AA x14=FFFFAA00 x15=00000128 
# ** Note:   Addr=00002002, Word=2048, WData=00002000, RData=0000AA00
# ** Note: ** Addr=00000124, Word=73, Instuction=0080006F, Mnemonic=jal x0, 00000008
# ** Note:   x1=FFFFAA00 x2=00002000 x3=00000003 x5=00002020 x6=00002020 x7=000000AA x14=FFFFAA00 x15=00000128 
# ** Warning: (vsim-151) NUMERIC_STD.TO_INTEGER: Value -22016 is not in bounds of subtype NATURAL.
# ** Warning: (vsim-151) NUMERIC_STD.TO_INTEGER: Value -22016 is not in bounds of subtype NATURAL.
# ** Note: ** Addr=0000012C, Word=75, Instuction=FFFFB3B7, Mnemonic=lui x7, FFFFB000
# ** Note:   x1=FFFFAA00 x2=00002000 x3=00000003 x5=00002020 x6=00002020 x7=FFFFB000 x14=FFFFAA00 x15=00000128 
# ** Warning: (vsim-151) NUMERIC_STD.TO_INTEGER: Value -23552 is not in bounds of subtype NATURAL.
# ** Warning: (vsim-151) NUMERIC_STD.TO_INTEGER: Value -23552 is not in bounds of subtype NATURAL.
# ** Warning: (vsim-151) NUMERIC_STD.TO_INTEGER: Value -23176 is not in bounds of subtype NATURAL.
# ** Warning: (vsim-151) NUMERIC_STD.TO_INTEGER: Value -23176 is not in bounds of subtype NATURAL.
# ** Note: ** Addr=00000130, Word=76, Instuction=A0038393, Mnemonic=addi x7, x7, FFFFFA00
# ** Note:   x1=FFFFAA00 x2=00002000 x3=00000003 x5=00002020 x6=00002020 x7=FFFFAA00 x14=FFFFAA00 x15=00000128 
# ** Warning: (vsim-151) NUMERIC_STD.TO_INTEGER: Value -44032 is not in bounds of subtype NATURAL.
# ** Warning: (vsim-151) NUMERIC_STD.TO_INTEGER: Value -44032 is not in bounds of subtype NATURAL.
# ** Note: ** Addr=00000134, Word=77, Instuction=48771A63, Mnemonic=bne x14, x7, 00000494
# ** Note:   x1=FFFFAA00 x2=00002000 x3=00000003 x5=00002020 x6=00002020 x7=FFFFAA00 x14=FFFFAA00 x15=00000128 
# ** Note: ** Addr=00000138, Word=78, Instuction=00400193, Mnemonic=addi x3, x0, 00000004
# ** Note:   x1=FFFFAA00 x2=00002000 x3=00000004 x5=00002020 x6=00002020 x7=FFFFAA00 x14=FFFFAA00 x15=00000128 
# ** Note: ** Addr=0000013C, Word=79, Instuction=00002117, Mnemonic=auipc x2, 00002000
# ** Note:   x1=FFFFAA00 x2=0000213C x3=00000004 x5=00002020 x6=00002020 x7=FFFFAA00 x14=FFFFAA00 x15=00000128 
# ** Warning: (vsim-151) NUMERIC_STD.TO_INTEGER: Value -22016 is not in bounds of subtype NATURAL.
# ** Warning: (vsim-151) NUMERIC_STD.TO_INTEGER: Value -22016 is not in bounds of subtype NATURAL.
# ** Warning: (vsim-151) NUMERIC_STD.TO_INTEGER: Value -22016 is not in bounds of subtype NATURAL.
# ** Note: ** Addr=00000140, Word=80, Instuction=EC410113, Mnemonic=addi x2, x2, FFFFFEC4
# ** Note:   x1=FFFFAA00 x2=00002000 x3=00000004 x5=00002020 x6=00002020 x7=FFFFAA00 x14=FFFFAA00 x15=00000128 
# ** Warning: (vsim-151) NUMERIC_STD.TO_INTEGER: Value -1091630432 is not in bounds of subtype NATURAL.
# ** Warning: (vsim-151) NUMERIC_STD.TO_INTEGER: Value -1091630432 is not in bounds of subtype NATURAL.
# ** Note: ** Addr=00000144, Word=81, Instuction=BEEF10B7, Mnemonic=lui x1, BEEF1000
# ** Note:   x1=BEEF1000 x2=00002000 x3=00000004 x5=00002020 x6=00002020 x7=FFFFAA00 x14=FFFFAA00 x15=00000128 
# ** Warning: (vsim-151) NUMERIC_STD.TO_INTEGER: Value -1091631808 is not in bounds of subtype NATURAL.
# ** Warning: (vsim-151) NUMERIC_STD.TO_INTEGER: Value -1091631808 is not in bounds of subtype NATURAL.
# ** Warning: (vsim-151) NUMERIC_STD.TO_INTEGER: Value -1091630432 is not in bounds of subtype NATURAL.
# ** Warning: (vsim-151) NUMERIC_STD.TO_INTEGER: Value -1091630432 is not in bounds of subtype NATURAL.
# ** Note: ** Addr=00000148, Word=82, Instuction=AA008093, Mnemonic=addi x1, x1, FFFFFAA0
# ** Note:   x1=BEEF0AA0 x2=00002000 x3=00000004 x5=00002020 x6=00002020 x7=FFFFAA00 x14=FFFFAA00 x15=00000128 
# ** Note: ** Addr=0000014C, Word=83, Instuction=00000797, Mnemonic=auipc x15, 00000000
# ** Note:   x1=BEEF0AA0 x2=00002000 x3=00000004 x5=00002020 x6=00002020 x7=FFFFAA00 x14=FFFFAA00 x15=0000014C 
# ** Note: ** Addr=00000150, Word=84, Instuction=01478793, Mnemonic=addi x15, x15, 00000014
# ** Note:   x1=BEEF0AA0 x2=00002000 x3=00000004 x5=00002020 x6=00002020 x7=FFFFAA00 x14=FFFFAA00 x15=00000160 
# ** Note: ** Addr=00000154, Word=85, Instuction=00111223, Mnemonic=sh x1, 00000004(x2)
# ** Note:   x1=BEEF0AA0 x2=00002000 x3=00000004 x5=00002020 x6=00002020 x7=FFFFAA00 x14=FFFFAA00 x15=00000160 
# ** Note:   Addr=00002004, Word=2049, WData=BEEF0AA0, RData=0000BEEF
# ** Note: ** Addr=00000158, Word=86, Instuction=00412703, Mnemonic=lw x14, 00000004(x2)
# ** Note:   x1=BEEF0AA0 x2=00002000 x3=00000004 x5=00002020 x6=00002020 x7=FFFFAA00 x14=BEEF0AA0 x15=00000160 
# ** Note:   Addr=00002004, Word=2049, WData=00000000, RData=BEEF0AA0
# ** Warning: (vsim-151) NUMERIC_STD.TO_INTEGER: Value -1091630432 is not in bounds of subtype NATURAL.
# ** Warning: (vsim-151) NUMERIC_STD.TO_INTEGER: Value -1091630432 is not in bounds of subtype NATURAL.
# ** Note: ** Addr=0000015C, Word=87, Instuction=0080006F, Mnemonic=jal x0, 00000008
# ** Note:   x1=BEEF0AA0 x2=00002000 x3=00000004 x5=00002020 x6=00002020 x7=FFFFAA00 x14=BEEF0AA0 x15=00000160 
# ** Note: ** Addr=00000164, Word=89, Instuction=BEEF13B7, Mnemonic=lui x7, BEEF1000
# ** Note:   x1=BEEF0AA0 x2=00002000 x3=00000004 x5=00002020 x6=00002020 x7=BEEF1000 x14=BEEF0AA0 x15=00000160 
# ** Warning: (vsim-151) NUMERIC_STD.TO_INTEGER: Value -1091631808 is not in bounds of subtype NATURAL.
# ** Warning: (vsim-151) NUMERIC_STD.TO_INTEGER: Value -1091631808 is not in bounds of subtype NATURAL.
# ** Warning: (vsim-151) NUMERIC_STD.TO_INTEGER: Value -1091631528 is not in bounds of subtype NATURAL.
# ** Warning: (vsim-151) NUMERIC_STD.TO_INTEGER: Value -1091631528 is not in bounds of subtype NATURAL.
# ** Note: ** Addr=00000168, Word=90, Instuction=AA038393, Mnemonic=addi x7, x7, FFFFFAA0
# ** Note:   x1=BEEF0AA0 x2=00002000 x3=00000004 x5=00002020 x6=00002020 x7=BEEF0AA0 x14=BEEF0AA0 x15=00000160 
# ** Note: ** Addr=0000016C, Word=91, Instuction=44771E63, Mnemonic=bne x14, x7, 0000045C
# ** Note:   x1=BEEF0AA0 x2=00002000 x3=00000004 x5=00002020 x6=00002020 x7=BEEF0AA0 x14=BEEF0AA0 x15=00000160 
# ** Note: ** Addr=00000170, Word=92, Instuction=00500193, Mnemonic=addi x3, x0, 00000005
# ** Note:   x1=BEEF0AA0 x2=00002000 x3=00000005 x5=00002020 x6=00002020 x7=BEEF0AA0 x14=BEEF0AA0 x15=00000160 
# ** Note: ** Addr=00000174, Word=93, Instuction=00002117, Mnemonic=auipc x2, 00002000
# ** Note:   x1=BEEF0AA0 x2=00002174 x3=00000005 x5=00002020 x6=00002020 x7=BEEF0AA0 x14=BEEF0AA0 x15=00000160 
# ** Note: ** Addr=00000178, Word=94, Instuction=E8C10113, Mnemonic=addi x2, x2, FFFFFE8C
# ** Note:   x1=BEEF0AA0 x2=00002000 x3=00000005 x5=00002020 x6=00002020 x7=BEEF0AA0 x14=BEEF0AA0 x15=00000160 
# ** Warning: (vsim-151) NUMERIC_STD.TO_INTEGER: Value -24566 is not in bounds of subtype NATURAL.
# ** Warning: (vsim-151) NUMERIC_STD.TO_INTEGER: Value -24566 is not in bounds of subtype NATURAL.
# ** Note: ** Addr=0000017C, Word=95, Instuction=FFFFA0B7, Mnemonic=lui x1, FFFFA000
# ** Note:   x1=FFFFA000 x2=00002000 x3=00000005 x5=00002020 x6=00002020 x7=BEEF0AA0 x14=BEEF0AA0 x15=00000160 
# ** Warning: (vsim-151) NUMERIC_STD.TO_INTEGER: Value -24556 is not in bounds of subtype NATURAL.
# ** Warning: (vsim-151) NUMERIC_STD.TO_INTEGER: Value -24556 is not in bounds of subtype NATURAL.
# ** Warning: (vsim-151) NUMERIC_STD.TO_INTEGER: Value -24566 is not in bounds of subtype NATURAL.
# ** Warning: (vsim-151) NUMERIC_STD.TO_INTEGER: Value -24566 is not in bounds of subtype NATURAL.
# ** Note: ** Addr=00000180, Word=96, Instuction=00A08093, Mnemonic=addi x1, x1, 0000000A
# ** Note:   x1=FFFFA00A x2=00002000 x3=00000005 x5=00002020 x6=00002020 x7=BEEF0AA0 x14=BEEF0AA0 x15=00000160 
# ** Note: ** Addr=00000184, Word=97, Instuction=00000797, Mnemonic=auipc x15, 00000000
# ** Note:   x1=FFFFA00A x2=00002000 x3=00000005 x5=00002020 x6=00002020 x7=BEEF0AA0 x14=BEEF0AA0 x15=00000184 
# ** Note: ** Addr=00000188, Word=98, Instuction=01478793, Mnemonic=addi x15, x15, 00000014
# ** Note:   x1=FFFFA00A x2=00002000 x3=00000005 x5=00002020 x6=00002020 x7=BEEF0AA0 x14=BEEF0AA0 x15=00000198 
# ** Note: ** Addr=0000018C, Word=99, Instuction=00111323, Mnemonic=sh x1, 00000006(x2)
# ** Note:   x1=FFFFA00A x2=00002000 x3=00000005 x5=00002020 x6=00002020 x7=BEEF0AA0 x14=BEEF0AA0 x15=00000198 
# ** Note:   Addr=00002006, Word=2049, WData=FFFFA00A, RData=0000BEEF
# ** Note: ** Addr=00000190, Word=100, Instuction=00611703, Mnemonic=lh x14, 00000006(x2)
# ** Note:   x1=FFFFA00A x2=00002000 x3=00000005 x5=00002020 x6=00002020 x7=BEEF0AA0 x14=FFFFA00A x15=00000198 
# ** Note:   Addr=00002006, Word=2049, WData=00002020, RData=0000A00A
# ** Note: ** Addr=00000194, Word=101, Instuction=0080006F, Mnemonic=jal x0, 00000008
# ** Note:   x1=FFFFA00A x2=00002000 x3=00000005 x5=00002020 x6=00002020 x7=BEEF0AA0 x14=FFFFA00A x15=00000198 
# ** Warning: (vsim-151) NUMERIC_STD.TO_INTEGER: Value -24566 is not in bounds of subtype NATURAL.
# ** Warning: (vsim-151) NUMERIC_STD.TO_INTEGER: Value -24566 is not in bounds of subtype NATURAL.
# ** Note: ** Addr=0000019C, Word=103, Instuction=FFFFA3B7, Mnemonic=lui x7, FFFFA000
# ** Note:   x1=FFFFA00A x2=00002000 x3=00000005 x5=00002020 x6=00002020 x7=FFFFA000 x14=FFFFA00A x15=00000198 
# ** Warning: (vsim-151) NUMERIC_STD.TO_INTEGER: Value -24556 is not in bounds of subtype NATURAL.
# ** Warning: (vsim-151) NUMERIC_STD.TO_INTEGER: Value -24556 is not in bounds of subtype NATURAL.
# ** Warning: (vsim-151) NUMERIC_STD.TO_INTEGER: Value -25630 is not in bounds of subtype NATURAL.
# ** Warning: (vsim-151) NUMERIC_STD.TO_INTEGER: Value -25630 is not in bounds of subtype NATURAL.
# ** Note: ** Addr=000001A0, Word=104, Instuction=00A38393, Mnemonic=addi x7, x7, 0000000A
# ** Note:   x1=FFFFA00A x2=00002000 x3=00000005 x5=00002020 x6=00002020 x7=FFFFA00A x14=FFFFA00A x15=00000198 
# ** Warning: (vsim-151) NUMERIC_STD.TO_INTEGER: Value -49132 is not in bounds of subtype NATURAL.
# ** Warning: (vsim-151) NUMERIC_STD.TO_INTEGER: Value -49132 is not in bounds of subtype NATURAL.
# ** Note: ** Addr=000001A4, Word=105, Instuction=42771263, Mnemonic=bne x14, x7, 00000424
# ** Note:   x1=FFFFA00A x2=00002000 x3=00000005 x5=00002020 x6=00002020 x7=FFFFA00A x14=FFFFA00A x15=00000198 
# ** Note: ** Addr=000001A8, Word=106, Instuction=00600193, Mnemonic=addi x3, x0, 00000006
# ** Note:   x1=FFFFA00A x2=00002000 x3=00000006 x5=00002020 x6=00002020 x7=FFFFA00A x14=FFFFA00A x15=00000198 
# ** Note: ** Addr=000001AC, Word=107, Instuction=00002117, Mnemonic=auipc x2, 00002000
# ** Note:   x1=FFFFA00A x2=000021AC x3=00000006 x5=00002020 x6=00002020 x7=FFFFA00A x14=FFFFA00A x15=00000198 
# ** Note: ** Addr=000001B0, Word=108, Instuction=E6210113, Mnemonic=addi x2, x2, FFFFFE62
# ** Note:   x1=FFFFA00A x2=0000200E x3=00000006 x5=00002020 x6=00002020 x7=FFFFA00A x14=FFFFA00A x15=00000198 
# ** Note: ** Addr=000001B4, Word=109, Instuction=0AA00093, Mnemonic=addi x1, x0, 000000AA
# ** Note:   x1=000000AA x2=0000200E x3=00000006 x5=00002020 x6=00002020 x7=FFFFA00A x14=FFFFA00A x15=00000198 
# ** Note: ** Addr=000001B8, Word=110, Instuction=00000797, Mnemonic=auipc x15, 00000000
# ** Note:   x1=000000AA x2=0000200E x3=00000006 x5=00002020 x6=00002020 x7=FFFFA00A x14=FFFFA00A x15=000001B8 
# ** Note: ** Addr=000001BC, Word=111, Instuction=01478793, Mnemonic=addi x15, x15, 00000014
# ** Note:   x1=000000AA x2=0000200E x3=00000006 x5=00002020 x6=00002020 x7=FFFFA00A x14=FFFFA00A x15=000001CC 
# ** Note: ** Addr=000001C0, Word=112, Instuction=FE111D23, Mnemonic=sh x1, FFFFFFFA(x2)
# ** Note:   x1=000000AA x2=0000200E x3=00000006 x5=00002020 x6=00002020 x7=FFFFA00A x14=FFFFA00A x15=000001CC 
# ** Note:   Addr=00002008, Word=2050, WData=000000AA, RData=0000BEEF
# ** Note: ** Addr=000001C4, Word=113, Instuction=FFA11703, Mnemonic=lh x14, FFFFFFFA(x2)
# ** Note:   x1=000000AA x2=0000200E x3=00000006 x5=00002020 x6=00002020 x7=FFFFA00A x14=000000AA x15=000001CC 
# ** Note:   Addr=00002008, Word=2050, WData=00000000, RData=000000AA
# ** Note: ** Addr=000001C8, Word=114, Instuction=0080006F, Mnemonic=jal x0, 00000008
# ** Note:   x1=000000AA x2=0000200E x3=00000006 x5=00002020 x6=00002020 x7=FFFFA00A x14=000000AA x15=000001CC 
# ** Warning: (vsim-151) NUMERIC_STD.TO_INTEGER: Value -1000 is not in bounds of subtype NATURAL.
# ** Warning: (vsim-151) NUMERIC_STD.TO_INTEGER: Value -1000 is not in bounds of subtype NATURAL.
# ** Note: ** Addr=000001D0, Word=116, Instuction=0AA00393, Mnemonic=addi x7, x0, 000000AA
# ** Note:   x1=000000AA x2=0000200E x3=00000006 x5=00002020 x6=00002020 x7=000000AA x14=000000AA x15=000001CC 
# ** Note: ** Addr=000001D4, Word=117, Instuction=3E771A63, Mnemonic=bne x14, x7, 000003F4
# ** Note:   x1=000000AA x2=0000200E x3=00000006 x5=00002020 x6=00002020 x7=000000AA x14=000000AA x15=000001CC 
# ** Note: ** Addr=000001D8, Word=118, Instuction=00700193, Mnemonic=addi x3, x0, 00000007
# ** Note:   x1=000000AA x2=0000200E x3=00000007 x5=00002020 x6=00002020 x7=000000AA x14=000000AA x15=000001CC 
# ** Note: ** Addr=000001DC, Word=119, Instuction=00002117, Mnemonic=auipc x2, 00002000
# ** Note:   x1=000000AA x2=000021DC x3=00000007 x5=00002020 x6=00002020 x7=000000AA x14=000000AA x15=000001CC 
# ** Note: ** Addr=000001E0, Word=120, Instuction=E3210113, Mnemonic=addi x2, x2, FFFFFE32
# ** Note:   x1=000000AA x2=0000200E x3=00000007 x5=00002020 x6=00002020 x7=000000AA x14=000000AA x15=000001CC 
# ** Warning: (vsim-151) NUMERIC_STD.TO_INTEGER: Value -22016 is not in bounds of subtype NATURAL.
# ** Warning: (vsim-151) NUMERIC_STD.TO_INTEGER: Value -22016 is not in bounds of subtype NATURAL.
# ** Note: ** Addr=000001E4, Word=121, Instuction=FFFFB0B7, Mnemonic=lui x1, FFFFB000
# ** Note:   x1=FFFFB000 x2=0000200E x3=00000007 x5=00002020 x6=00002020 x7=000000AA x14=000000AA x15=000001CC 
# ** Warning: (vsim-151) NUMERIC_STD.TO_INTEGER: Value -23552 is not in bounds of subtype NATURAL.
# ** Warning: (vsim-151) NUMERIC_STD.TO_INTEGER: Value -23552 is not in bounds of subtype NATURAL.
# ** Warning: (vsim-151) NUMERIC_STD.TO_INTEGER: Value -22016 is not in bounds of subtype NATURAL.
# ** Warning: (vsim-151) NUMERIC_STD.TO_INTEGER: Value -22016 is not in bounds of subtype NATURAL.
# ** Note: ** Addr=000001E8, Word=122, Instuction=A0008093, Mnemonic=addi x1, x1, FFFFFA00
# ** Note:   x1=FFFFAA00 x2=0000200E x3=00000007 x5=00002020 x6=00002020 x7=000000AA x14=000000AA x15=000001CC 
# ** Note: ** Addr=000001EC, Word=123, Instuction=00000797, Mnemonic=auipc x15, 00000000
# ** Note:   x1=FFFFAA00 x2=0000200E x3=00000007 x5=00002020 x6=00002020 x7=000000AA x14=000000AA x15=000001EC 
# ** Note: ** Addr=000001F0, Word=124, Instuction=01478793, Mnemonic=addi x15, x15, 00000014
# ** Note:   x1=FFFFAA00 x2=0000200E x3=00000007 x5=00002020 x6=00002020 x7=000000AA x14=000000AA x15=00000200 
# ** Note: ** Addr=000001F4, Word=125, Instuction=FE111E23, Mnemonic=sh x1, FFFFFFFC(x2)
# ** Note:   x1=FFFFAA00 x2=0000200E x3=00000007 x5=00002020 x6=00002020 x7=000000AA x14=000000AA x15=00000200 
# ** Note:   Addr=0000200A, Word=2050, WData=FFFFAA00, RData=0000BEEF
# ** Note: ** Addr=000001F8, Word=126, Instuction=FFC11703, Mnemonic=lh x14, FFFFFFFC(x2)
# ** Note:   x1=FFFFAA00 x2=0000200E x3=00000007 x5=00002020 x6=00002020 x7=000000AA x14=FFFFAA00 x15=00000200 
# ** Note:   Addr=0000200A, Word=2050, WData=00000000, RData=0000AA00
# ** Note: ** Addr=000001FC, Word=127, Instuction=0080006F, Mnemonic=jal x0, 00000008
# ** Note:   x1=FFFFAA00 x2=0000200E x3=00000007 x5=00002020 x6=00002020 x7=000000AA x14=FFFFAA00 x15=00000200 
# ** Warning: (vsim-151) NUMERIC_STD.TO_INTEGER: Value -22016 is not in bounds of subtype NATURAL.
# ** Warning: (vsim-151) NUMERIC_STD.TO_INTEGER: Value -22016 is not in bounds of subtype NATURAL.
# ** Note: ** Addr=00000204, Word=129, Instuction=FFFFB3B7, Mnemonic=lui x7, FFFFB000
# ** Note:   x1=FFFFAA00 x2=0000200E x3=00000007 x5=00002020 x6=00002020 x7=FFFFB000 x14=FFFFAA00 x15=00000200 
# ** Warning: (vsim-151) NUMERIC_STD.TO_INTEGER: Value -23552 is not in bounds of subtype NATURAL.
# ** Warning: (vsim-151) NUMERIC_STD.TO_INTEGER: Value -23552 is not in bounds of subtype NATURAL.
# ** Warning: (vsim-151) NUMERIC_STD.TO_INTEGER: Value -22952 is not in bounds of subtype NATURAL.
# ** Warning: (vsim-151) NUMERIC_STD.TO_INTEGER: Value -22952 is not in bounds of subtype NATURAL.
# ** Note: ** Addr=00000208, Word=130, Instuction=A0038393, Mnemonic=addi x7, x7, FFFFFA00
# ** Note:   x1=FFFFAA00 x2=0000200E x3=00000007 x5=00002020 x6=00002020 x7=FFFFAA00 x14=FFFFAA00 x15=00000200 
# ** Warning: (vsim-151) NUMERIC_STD.TO_INTEGER: Value -44032 is not in bounds of subtype NATURAL.
# ** Warning: (vsim-151) NUMERIC_STD.TO_INTEGER: Value -44032 is not in bounds of subtype NATURAL.
# ** Note: ** Addr=0000020C, Word=131, Instuction=3A771E63, Mnemonic=bne x14, x7, 000003BC
# ** Note:   x1=FFFFAA00 x2=0000200E x3=00000007 x5=00002020 x6=00002020 x7=FFFFAA00 x14=FFFFAA00 x15=00000200 
# ** Note: ** Addr=00000210, Word=132, Instuction=00800193, Mnemonic=addi x3, x0, 00000008
# ** Note:   x1=FFFFAA00 x2=0000200E x3=00000008 x5=00002020 x6=00002020 x7=FFFFAA00 x14=FFFFAA00 x15=00000200 
# ** Note: ** Addr=00000214, Word=133, Instuction=00002117, Mnemonic=auipc x2, 00002000
# ** Note:   x1=FFFFAA00 x2=00002214 x3=00000008 x5=00002020 x6=00002020 x7=FFFFAA00 x14=FFFFAA00 x15=00000200 
# ** Note: ** Addr=00000218, Word=134, Instuction=DFA10113, Mnemonic=addi x2, x2, FFFFFDFA
# ** Note:   x1=FFFFAA00 x2=0000200E x3=00000008 x5=00002020 x6=00002020 x7=FFFFAA00 x14=FFFFAA00 x15=00000200 
# ** Note: ** Addr=0000021C, Word=135, Instuction=000010B7, Mnemonic=lui x1, 00001000
# ** Note:   x1=00001000 x2=0000200E x3=00000008 x5=00002020 x6=00002020 x7=FFFFAA00 x14=FFFFAA00 x15=00000200 
# ** Note: ** Addr=00000220, Word=136, Instuction=AA008093, Mnemonic=addi x1, x1, FFFFFAA0
# ** Note:   x1=00000AA0 x2=0000200E x3=00000008 x5=00002020 x6=00002020 x7=FFFFAA00 x14=FFFFAA00 x15=00000200 
# ** Note: ** Addr=00000224, Word=137, Instuction=00000797, Mnemonic=auipc x15, 00000000
# ** Note:   x1=00000AA0 x2=0000200E x3=00000008 x5=00002020 x6=00002020 x7=FFFFAA00 x14=FFFFAA00 x15=00000224 
# ** Note: ** Addr=00000228, Word=138, Instuction=01478793, Mnemonic=addi x15, x15, 00000014
# ** Note:   x1=00000AA0 x2=0000200E x3=00000008 x5=00002020 x6=00002020 x7=FFFFAA00 x14=FFFFAA00 x15=00000238 
# ** Note: ** Addr=0000022C, Word=139, Instuction=FE111F23, Mnemonic=sh x1, FFFFFFFE(x2)
# ** Note:   x1=00000AA0 x2=0000200E x3=00000008 x5=00002020 x6=00002020 x7=FFFFAA00 x14=FFFFAA00 x15=00000238 
# ** Note:   Addr=0000200C, Word=2051, WData=00000AA0, RData=0000BEEF
# ** Note: ** Addr=00000230, Word=140, Instuction=FFE11703, Mnemonic=lh x14, FFFFFFFE(x2)
# ** Note:   x1=00000AA0 x2=0000200E x3=00000008 x5=00002020 x6=00002020 x7=FFFFAA00 x14=00000AA0 x15=00000238 
# ** Note:   Addr=0000200C, Word=2051, WData=00000000, RData=00000AA0
# ** Note: ** Addr=00000234, Word=141, Instuction=0080006F, Mnemonic=jal x0, 00000008
# ** Note:   x1=00000AA0 x2=0000200E x3=00000008 x5=00002020 x6=00002020 x7=FFFFAA00 x14=00000AA0 x15=00000238 
# ** Note: ** Addr=0000023C, Word=143, Instuction=000013B7, Mnemonic=lui x7, 00001000
# ** Note:   x1=00000AA0 x2=0000200E x3=00000008 x5=00002020 x6=00002020 x7=00001000 x14=00000AA0 x15=00000238 
# ** Note: ** Addr=00000240, Word=144, Instuction=AA038393, Mnemonic=addi x7, x7, FFFFFAA0
# ** Note:   x1=00000AA0 x2=0000200E x3=00000008 x5=00002020 x6=00002020 x7=00000AA0 x14=00000AA0 x15=00000238 
# ** Note: ** Addr=00000244, Word=145, Instuction=38771263, Mnemonic=bne x14, x7, 00000384
# ** Note:   x1=00000AA0 x2=0000200E x3=00000008 x5=00002020 x6=00002020 x7=00000AA0 x14=00000AA0 x15=00000238 
# ** Note: ** Addr=00000248, Word=146, Instuction=00900193, Mnemonic=addi x3, x0, 00000009
# ** Note:   x1=00000AA0 x2=0000200E x3=00000009 x5=00002020 x6=00002020 x7=00000AA0 x14=00000AA0 x15=00000238 
# ** Note: ** Addr=0000024C, Word=147, Instuction=00002117, Mnemonic=auipc x2, 00002000
# ** Note:   x1=00000AA0 x2=0000224C x3=00000009 x5=00002020 x6=00002020 x7=00000AA0 x14=00000AA0 x15=00000238 
# ** Note: ** Addr=00000250, Word=148, Instuction=DC210113, Mnemonic=addi x2, x2, FFFFFDC2
# ** Note:   x1=00000AA0 x2=0000200E x3=00000009 x5=00002020 x6=00002020 x7=00000AA0 x14=00000AA0 x15=00000238 
# ** Warning: (vsim-151) NUMERIC_STD.TO_INTEGER: Value -24566 is not in bounds of subtype NATURAL.
# ** Warning: (vsim-151) NUMERIC_STD.TO_INTEGER: Value -24566 is not in bounds of subtype NATURAL.
# ** Note: ** Addr=00000254, Word=149, Instuction=FFFFA0B7, Mnemonic=lui x1, FFFFA000
# ** Note:   x1=FFFFA000 x2=0000200E x3=00000009 x5=00002020 x6=00002020 x7=00000AA0 x14=00000AA0 x15=00000238 
# ** Warning: (vsim-151) NUMERIC_STD.TO_INTEGER: Value -24556 is not in bounds of subtype NATURAL.
# ** Warning: (vsim-151) NUMERIC_STD.TO_INTEGER: Value -24556 is not in bounds of subtype NATURAL.
# ** Warning: (vsim-151) NUMERIC_STD.TO_INTEGER: Value -24566 is not in bounds of subtype NATURAL.
# ** Warning: (vsim-151) NUMERIC_STD.TO_INTEGER: Value -24566 is not in bounds of subtype NATURAL.
# ** Note: ** Addr=00000258, Word=150, Instuction=00A08093, Mnemonic=addi x1, x1, 0000000A
# ** Note:   x1=FFFFA00A x2=0000200E x3=00000009 x5=00002020 x6=00002020 x7=00000AA0 x14=00000AA0 x15=00000238 
# ** Note: ** Addr=0000025C, Word=151, Instuction=00000797, Mnemonic=auipc x15, 00000000
# ** Note:   x1=FFFFA00A x2=0000200E x3=00000009 x5=00002020 x6=00002020 x7=00000AA0 x14=00000AA0 x15=0000025C 
# ** Note: ** Addr=00000260, Word=152, Instuction=01478793, Mnemonic=addi x15, x15, 00000014
# ** Note:   x1=FFFFA00A x2=0000200E x3=00000009 x5=00002020 x6=00002020 x7=00000AA0 x14=00000AA0 x15=00000270 
# ** Note: ** Addr=00000264, Word=153, Instuction=00111023, Mnemonic=sh x1, 00000000(x2)
# ** Note:   x1=FFFFA00A x2=0000200E x3=00000009 x5=00002020 x6=00002020 x7=00000AA0 x14=00000AA0 x15=00000270 
# ** Note:   Addr=0000200E, Word=2051, WData=FFFFA00A, RData=0000BEEF
# ** Note: ** Addr=00000268, Word=154, Instuction=00011703, Mnemonic=lh x14, 00000000(x2)
# ** Note:   x1=FFFFA00A x2=0000200E x3=00000009 x5=00002020 x6=00002020 x7=00000AA0 x14=FFFFA00A x15=00000270 
# ** Note:   Addr=0000200E, Word=2051, WData=00000000, RData=0000A00A
# ** Note: ** Addr=0000026C, Word=155, Instuction=0080006F, Mnemonic=jal x0, 00000008
# ** Note:   x1=FFFFA00A x2=0000200E x3=00000009 x5=00002020 x6=00002020 x7=00000AA0 x14=FFFFA00A x15=00000270 
# ** Warning: (vsim-151) NUMERIC_STD.TO_INTEGER: Value -24566 is not in bounds of subtype NATURAL.
# ** Warning: (vsim-151) NUMERIC_STD.TO_INTEGER: Value -24566 is not in bounds of subtype NATURAL.
# ** Note: ** Addr=00000274, Word=157, Instuction=FFFFA3B7, Mnemonic=lui x7, FFFFA000
# ** Note:   x1=FFFFA00A x2=0000200E x3=00000009 x5=00002020 x6=00002020 x7=FFFFA000 x14=FFFFA00A x15=00000270 
# ** Warning: (vsim-151) NUMERIC_STD.TO_INTEGER: Value -24556 is not in bounds of subtype NATURAL.
# ** Warning: (vsim-151) NUMERIC_STD.TO_INTEGER: Value -24556 is not in bounds of subtype NATURAL.
# ** Warning: (vsim-151) NUMERIC_STD.TO_INTEGER: Value -25406 is not in bounds of subtype NATURAL.
# ** Warning: (vsim-151) NUMERIC_STD.TO_INTEGER: Value -25406 is not in bounds of subtype NATURAL.
# ** Note: ** Addr=00000278, Word=158, Instuction=00A38393, Mnemonic=addi x7, x7, 0000000A
# ** Note:   x1=FFFFA00A x2=0000200E x3=00000009 x5=00002020 x6=00002020 x7=FFFFA00A x14=FFFFA00A x15=00000270 
# ** Warning: (vsim-151) NUMERIC_STD.TO_INTEGER: Value -49132 is not in bounds of subtype NATURAL.
# ** Warning: (vsim-151) NUMERIC_STD.TO_INTEGER: Value -49132 is not in bounds of subtype NATURAL.
# ** Note: ** Addr=0000027C, Word=159, Instuction=34771663, Mnemonic=bne x14, x7, 0000034C
# ** Note:   x1=FFFFA00A x2=0000200E x3=00000009 x5=00002020 x6=00002020 x7=FFFFA00A x14=FFFFA00A x15=00000270 
# ** Note: ** Addr=00000280, Word=160, Instuction=00A00193, Mnemonic=addi x3, x0, 0000000A
# ** Note:   x1=FFFFA00A x2=0000200E x3=0000000A x5=00002020 x6=00002020 x7=FFFFA00A x14=FFFFA00A x15=00000270 
# ** Note: ** Addr=00000284, Word=161, Instuction=00002097, Mnemonic=auipc x1, 00002000
# ** Note:   x1=00002284 x2=0000200E x3=0000000A x5=00002020 x6=00002020 x7=FFFFA00A x14=FFFFA00A x15=00000270 
# ** Note: ** Addr=00000288, Word=162, Instuction=D8C08093, Mnemonic=addi x1, x1, FFFFFD8C
# ** Note:   x1=00002010 x2=0000200E x3=0000000A x5=00002020 x6=00002020 x7=FFFFA00A x14=FFFFA00A x15=00000270 
# ** Note: ** Addr=0000028C, Word=163, Instuction=12345137, Mnemonic=lui x2, 12345000
# ** Note:   x1=00002010 x2=12345000 x3=0000000A x5=00002020 x6=00002020 x7=FFFFA00A x14=FFFFA00A x15=00000270 
# ** Note: ** Addr=00000290, Word=164, Instuction=67810113, Mnemonic=addi x2, x2, 00000678
# ** Note:   x1=00002010 x2=12345678 x3=0000000A x5=00002020 x6=00002020 x7=FFFFA00A x14=FFFFA00A x15=00000270 
# ** Note: ** Addr=00000294, Word=165, Instuction=FE008213, Mnemonic=addi x4, x1, FFFFFFE0
# ** Note:   x1=00002010 x2=12345678 x3=0000000A x4=00001FF0 x5=00002020 x6=00002020 x7=FFFFA00A x14=FFFFA00A x15=00000270 
# ** Note: ** Addr=00000298, Word=166, Instuction=02221023, Mnemonic=sh x2, 00000020(x4)
# ** Note:   x1=00002010 x2=12345678 x3=0000000A x4=00001FF0 x5=00002020 x6=00002020 x7=FFFFA00A x14=FFFFA00A x15=00000270 
# ** Note:   Addr=00002010, Word=2052, WData=12345678, RData=0000BEEF
# ** Note: ** Addr=0000029C, Word=167, Instuction=00009283, Mnemonic=lh x5, 00000000(x1)
# ** Note:   x1=00002010 x2=12345678 x3=0000000A x4=00001FF0 x5=00005678 x6=00002020 x7=FFFFA00A x14=FFFFA00A x15=00000270 
# ** Note:   Addr=00002010, Word=2052, WData=00000000, RData=00005678
# ** Note: ** Addr=000002A0, Word=168, Instuction=000053B7, Mnemonic=lui x7, 00005000
# ** Note:   x1=00002010 x2=12345678 x3=0000000A x4=00001FF0 x5=00005678 x6=00002020 x7=00005000 x14=FFFFA00A x15=00000270 
# ** Note: ** Addr=000002A4, Word=169, Instuction=67838393, Mnemonic=addi x7, x7, 00000678
# ** Note:   x1=00002010 x2=12345678 x3=0000000A x4=00001FF0 x5=00005678 x6=00002020 x7=00005678 x14=FFFFA00A x15=00000270 
# ** Note: ** Addr=000002A8, Word=170, Instuction=32729063, Mnemonic=bne x5, x7, 00000320
# ** Note:   x1=00002010 x2=12345678 x3=0000000A x4=00001FF0 x5=00005678 x6=00002020 x7=00005678 x14=FFFFA00A x15=00000270 
# ** Note: ** Addr=000002AC, Word=171, Instuction=00B00193, Mnemonic=addi x3, x0, 0000000B
# ** Note:   x1=00002010 x2=12345678 x3=0000000B x4=00001FF0 x5=00005678 x6=00002020 x7=00005678 x14=FFFFA00A x15=00000270 
# ** Note: ** Addr=000002B0, Word=172, Instuction=00002097, Mnemonic=auipc x1, 00002000
# ** Note:   x1=000022B0 x2=12345678 x3=0000000B x4=00001FF0 x5=00005678 x6=00002020 x7=00005678 x14=FFFFA00A x15=00000270 
# ** Note: ** Addr=000002B4, Word=173, Instuction=D6008093, Mnemonic=addi x1, x1, FFFFFD60
# ** Note:   x1=00002010 x2=12345678 x3=0000000B x4=00001FF0 x5=00005678 x6=00002020 x7=00005678 x14=FFFFA00A x15=00000270 
# ** Note: ** Addr=000002B8, Word=174, Instuction=00003137, Mnemonic=lui x2, 00003000
# ** Note:   x1=00002010 x2=00003000 x3=0000000B x4=00001FF0 x5=00005678 x6=00002020 x7=00005678 x14=FFFFA00A x15=00000270 
# ** Note: ** Addr=000002BC, Word=175, Instuction=09810113, Mnemonic=addi x2, x2, 00000098
# ** Note:   x1=00002010 x2=00003098 x3=0000000B x4=00001FF0 x5=00005678 x6=00002020 x7=00005678 x14=FFFFA00A x15=00000270 
# ** Note: ** Addr=000002C0, Word=176, Instuction=FFB08093, Mnemonic=addi x1, x1, FFFFFFFB
# ** Note:   x1=0000200B x2=00003098 x3=0000000B x4=00001FF0 x5=00005678 x6=00002020 x7=00005678 x14=FFFFA00A x15=00000270 
# ** Note: ** Addr=000002C4, Word=177, Instuction=002093A3, Mnemonic=sh x2, 00000007(x1)
# ** Note:   x1=0000200B x2=00003098 x3=0000000B x4=00001FF0 x5=00005678 x6=00002020 x7=00005678 x14=FFFFA00A x15=00000270 
# ** Note:   Addr=00002012, Word=2052, WData=00003098, RData=0000BEEF
# ** Note: ** Addr=000002C8, Word=178, Instuction=00002217, Mnemonic=auipc x4, 00002000
# ** Note:   x1=0000200B x2=00003098 x3=0000000B x4=000022C8 x5=00005678 x6=00002020 x7=00005678 x14=FFFFA00A x15=00000270 
# ** Note: ** Addr=000002CC, Word=179, Instuction=D4A20213, Mnemonic=addi x4, x4, FFFFFD4A
# ** Note:   x1=0000200B x2=00003098 x3=0000000B x4=00002012 x5=00005678 x6=00002020 x7=00005678 x14=FFFFA00A x15=00000270 
# ** Note: ** Addr=000002D0, Word=180, Instuction=00021283, Mnemonic=lh x5, 00000000(x4)
# ** Note:   x1=0000200B x2=00003098 x3=0000000B x4=00002012 x5=00003098 x6=00002020 x7=00005678 x14=FFFFA00A x15=00000270 
# ** Note:   Addr=00002012, Word=2052, WData=00000000, RData=00003098
# ** Note: ** Addr=000002D4, Word=181, Instuction=000033B7, Mnemonic=lui x7, 00003000
# ** Note:   x1=0000200B x2=00003098 x3=0000000B x4=00002012 x5=00003098 x6=00002020 x7=00003000 x14=FFFFA00A x15=00000270 
# ** Note: ** Addr=000002D8, Word=182, Instuction=09838393, Mnemonic=addi x7, x7, 00000098
# ** Note:   x1=0000200B x2=00003098 x3=0000000B x4=00002012 x5=00003098 x6=00002020 x7=00003098 x14=FFFFA00A x15=00000270 
# ** Note: ** Addr=000002DC, Word=183, Instuction=2E729663, Mnemonic=bne x5, x7, 000002EC
# ** Note:   x1=0000200B x2=00003098 x3=0000000B x4=00002012 x5=00003098 x6=00002020 x7=00003098 x14=FFFFA00A x15=00000270 
# ** Note: ** Addr=000002E0, Word=184, Instuction=00C00193, Mnemonic=addi x3, x0, 0000000C
# ** Note:   x1=0000200B x2=00003098 x3=0000000C x4=00002012 x5=00003098 x6=00002020 x7=00003098 x14=FFFFA00A x15=00000270 
# ** Warning: (vsim-151) NUMERIC_STD.TO_INTEGER: Value -2 is not in bounds of subtype NATURAL.
# ** Warning: (vsim-151) NUMERIC_STD.TO_INTEGER: Value -2 is not in bounds of subtype NATURAL.
# ** Note: ** Addr=000002E4, Word=185, Instuction=00000213, Mnemonic=addi x4, x0, 00000000
# ** Note:   x1=0000200B x2=00003098 x3=0000000C x5=00003098 x6=00002020 x7=00003098 x14=FFFFA00A x15=00000270 
# ** Warning: (vsim-151) NUMERIC_STD.TO_INTEGER: Value -13092 is not in bounds of subtype NATURAL.
# ** Warning: (vsim-151) NUMERIC_STD.TO_INTEGER: Value -13092 is not in bounds of subtype NATURAL.
# ** Note: ** Addr=000002E8, Word=186, Instuction=FFFFD6B7, Mnemonic=lui x13, FFFFD000
# ** Note:   x1=0000200B x2=00003098 x3=0000000C x5=00003098 x6=00002020 x7=00003098 x13=FFFFD000 x14=FFFFA00A x15=00000270 
# ** Warning: (vsim-151) NUMERIC_STD.TO_INTEGER: Value -13894 is not in bounds of subtype NATURAL.
# ** Warning: (vsim-151) NUMERIC_STD.TO_INTEGER: Value -13894 is not in bounds of subtype NATURAL.
# ** Warning: (vsim-151) NUMERIC_STD.TO_INTEGER: Value -13092 is not in bounds of subtype NATURAL.
# ** Warning: (vsim-151) NUMERIC_STD.TO_INTEGER: Value -13092 is not in bounds of subtype NATURAL.
# ** Note: ** Addr=000002EC, Word=187, Instuction=CDD68693, Mnemonic=addi x13, x13, FFFFFCDD
# ** Note:   x1=0000200B x2=00003098 x3=0000000C x5=00003098 x6=00002020 x7=00003098 x13=FFFFCCDD x14=FFFFA00A x15=00000270 
# ** Note: ** Addr=000002F0, Word=188, Instuction=00002617, Mnemonic=auipc x12, 00002000
# ** Note:   x1=0000200B x2=00003098 x3=0000000C x5=00003098 x6=00002020 x7=00003098 x12=000022F0 x13=FFFFCCDD x14=FFFFA00A x15=00000270 
# ** Note: ** Addr=000002F4, Word=189, Instuction=D1060613, Mnemonic=addi x12, x12, FFFFFD10
# ** Note:   x1=0000200B x2=00003098 x3=0000000C x5=00003098 x6=00002020 x7=00003098 x12=00002000 x13=FFFFCCDD x14=FFFFA00A x15=00000270 
# ** Note: ** Addr=000002F8, Word=190, Instuction=00D61023, Mnemonic=sh x13, 00000000(x12)
# ** Note:   x1=0000200B x2=00003098 x3=0000000C x5=00003098 x6=00002020 x7=00003098 x12=00002000 x13=FFFFCCDD x14=FFFFA00A x15=00000270 
# ** Note:   Addr=00002000, Word=2048, WData=FFFFCCDD, RData=000000AA
# ** Note: ** Addr=000002FC, Word=191, Instuction=00061703, Mnemonic=lh x14, 00000000(x12)
# ** Note:   x1=0000200B x2=00003098 x3=0000000C x5=00003098 x6=00002020 x7=00003098 x12=00002000 x13=FFFFCCDD x14=FFFFCCDD x15=00000270 
# ** Note:   Addr=00002000, Word=2048, WData=00000000, RData=0000CCDD
# ** Warning: (vsim-151) NUMERIC_STD.TO_INTEGER: Value -13092 is not in bounds of subtype NATURAL.
# ** Warning: (vsim-151) NUMERIC_STD.TO_INTEGER: Value -13092 is not in bounds of subtype NATURAL.
# ** Note: ** Addr=00000300, Word=192, Instuction=FFFFD3B7, Mnemonic=lui x7, FFFFD000
# ** Note:   x1=0000200B x2=00003098 x3=0000000C x5=00003098 x6=00002020 x7=FFFFD000 x12=00002000 x13=FFFFCCDD x14=FFFFCCDD x15=00000270 
# ** Warning: (vsim-151) NUMERIC_STD.TO_INTEGER: Value -13894 is not in bounds of subtype NATURAL.
# ** Warning: (vsim-151) NUMERIC_STD.TO_INTEGER: Value -13894 is not in bounds of subtype NATURAL.
# ** Warning: (vsim-151) NUMERIC_STD.TO_INTEGER: Value -13802 is not in bounds of subtype NATURAL.
# ** Warning: (vsim-151) NUMERIC_STD.TO_INTEGER: Value -13802 is not in bounds of subtype NATURAL.
# ** Note: ** Addr=00000304, Word=193, Instuction=CDD38393, Mnemonic=addi x7, x7, FFFFFCDD
# ** Note:   x1=0000200B x2=00003098 x3=0000000C x5=00003098 x6=00002020 x7=FFFFCCDD x12=00002000 x13=FFFFCCDD x14=FFFFCCDD x15=00000270 
# ** Warning: (vsim-151) NUMERIC_STD.TO_INTEGER: Value -26182 is not in bounds of subtype NATURAL.
# ** Warning: (vsim-151) NUMERIC_STD.TO_INTEGER: Value -26182 is not in bounds of subtype NATURAL.
# ** Note: ** Addr=00000308, Word=194, Instuction=2C771063, Mnemonic=bne x14, x7, 000002C0
# ** Note:   x1=0000200B x2=00003098 x3=0000000C x5=00003098 x6=00002020 x7=FFFFCCDD x12=00002000 x13=FFFFCCDD x14=FFFFCCDD x15=00000270 
# ** Note: ** Addr=0000030C, Word=195, Instuction=00120213, Mnemonic=addi x4, x4, 00000001
# ** Note:   x1=0000200B x2=00003098 x3=0000000C x4=00000001 x5=00003098 x6=00002020 x7=FFFFCCDD x12=00002000 x13=FFFFCCDD x14=FFFFCCDD x15=00000270 
# ** Warning: (vsim-151) NUMERIC_STD.TO_INTEGER: Value -2 is not in bounds of subtype NATURAL.
# ** Warning: (vsim-151) NUMERIC_STD.TO_INTEGER: Value -2 is not in bounds of subtype NATURAL.
# ** Note: ** Addr=00000310, Word=196, Instuction=00200293, Mnemonic=addi x5, x0, 00000002
# ** Note:   x1=0000200B x2=00003098 x3=0000000C x4=00000001 x5=00000002 x6=00002020 x7=FFFFCCDD x12=00002000 x13=FFFFCCDD x14=FFFFCCDD x15=00000270 
# ** Note: ** Addr=00000314, Word=197, Instuction=FC521AE3, Mnemonic=bne x4, x5, FFFFFFD4
# ** Note:   x1=0000200B x2=00003098 x3=0000000C x4=00000001 x5=00000002 x6=00002020 x7=FFFFCCDD x12=00002000 x13=FFFFCCDD x14=FFFFCCDD x15=00000270 
# ** Warning: (vsim-151) NUMERIC_STD.TO_INTEGER: Value -13092 is not in bounds of subtype NATURAL.
# ** Warning: (vsim-151) NUMERIC_STD.TO_INTEGER: Value -13092 is not in bounds of subtype NATURAL.
# ** Note: ** Addr=000002E8, Word=186, Instuction=FFFFD6B7, Mnemonic=lui x13, FFFFD000
# ** Note:   x1=0000200B x2=00003098 x3=0000000C x4=00000001 x5=00000002 x6=00002020 x7=FFFFCCDD x12=00002000 x13=FFFFD000 x14=FFFFCCDD x15=00000270 
# ** Warning: (vsim-151) NUMERIC_STD.TO_INTEGER: Value -13894 is not in bounds of subtype NATURAL.
# ** Warning: (vsim-151) NUMERIC_STD.TO_INTEGER: Value -13894 is not in bounds of subtype NATURAL.
# ** Warning: (vsim-151) NUMERIC_STD.TO_INTEGER: Value -13092 is not in bounds of subtype NATURAL.
# ** Warning: (vsim-151) NUMERIC_STD.TO_INTEGER: Value -13092 is not in bounds of subtype NATURAL.
# ** Note: ** Addr=000002EC, Word=187, Instuction=CDD68693, Mnemonic=addi x13, x13, FFFFFCDD
# ** Note:   x1=0000200B x2=00003098 x3=0000000C x4=00000001 x5=00000002 x6=00002020 x7=FFFFCCDD x12=00002000 x13=FFFFCCDD x14=FFFFCCDD x15=00000270 
# ** Note: ** Addr=000002F0, Word=188, Instuction=00002617, Mnemonic=auipc x12, 00002000
# ** Note:   x1=0000200B x2=00003098 x3=0000000C x4=00000001 x5=00000002 x6=00002020 x7=FFFFCCDD x12=000022F0 x13=FFFFCCDD x14=FFFFCCDD x15=00000270 
# ** Note: ** Addr=000002F4, Word=189, Instuction=D1060613, Mnemonic=addi x12, x12, FFFFFD10
# ** Note:   x1=0000200B x2=00003098 x3=0000000C x4=00000001 x5=00000002 x6=00002020 x7=FFFFCCDD x12=00002000 x13=FFFFCCDD x14=FFFFCCDD x15=00000270 
# ** Note: ** Addr=000002F8, Word=190, Instuction=00D61023, Mnemonic=sh x13, 00000000(x12)
# ** Note:   x1=0000200B x2=00003098 x3=0000000C x4=00000001 x5=00000002 x6=00002020 x7=FFFFCCDD x12=00002000 x13=FFFFCCDD x14=FFFFCCDD x15=00000270 
# ** Note:   Addr=00002000, Word=2048, WData=FFFFCCDD, RData=0000CCDD
# ** Note: ** Addr=000002FC, Word=191, Instuction=00061703, Mnemonic=lh x14, 00000000(x12)
# ** Note:   x1=0000200B x2=00003098 x3=0000000C x4=00000001 x5=00000002 x6=00002020 x7=FFFFCCDD x12=00002000 x13=FFFFCCDD x14=FFFFCCDD x15=00000270 
# ** Note:   Addr=00002000, Word=2048, WData=00000000, RData=0000CCDD
# ** Warning: (vsim-151) NUMERIC_STD.TO_INTEGER: Value -13092 is not in bounds of subtype NATURAL.
# ** Warning: (vsim-151) NUMERIC_STD.TO_INTEGER: Value -13092 is not in bounds of subtype NATURAL.
# ** Note: ** Addr=00000300, Word=192, Instuction=FFFFD3B7, Mnemonic=lui x7, FFFFD000
# ** Note:   x1=0000200B x2=00003098 x3=0000000C x4=00000001 x5=00000002 x6=00002020 x7=FFFFD000 x12=00002000 x13=FFFFCCDD x14=FFFFCCDD x15=00000270 
# ** Warning: (vsim-151) NUMERIC_STD.TO_INTEGER: Value -13894 is not in bounds of subtype NATURAL.
# ** Warning: (vsim-151) NUMERIC_STD.TO_INTEGER: Value -13894 is not in bounds of subtype NATURAL.
# ** Warning: (vsim-151) NUMERIC_STD.TO_INTEGER: Value -13802 is not in bounds of subtype NATURAL.
# ** Warning: (vsim-151) NUMERIC_STD.TO_INTEGER: Value -13802 is not in bounds of subtype NATURAL.
# ** Note: ** Addr=00000304, Word=193, Instuction=CDD38393, Mnemonic=addi x7, x7, FFFFFCDD
# ** Note:   x1=0000200B x2=00003098 x3=0000000C x4=00000001 x5=00000002 x6=00002020 x7=FFFFCCDD x12=00002000 x13=FFFFCCDD x14=FFFFCCDD x15=00000270 
# ** Warning: (vsim-151) NUMERIC_STD.TO_INTEGER: Value -26182 is not in bounds of subtype NATURAL.
# ** Warning: (vsim-151) NUMERIC_STD.TO_INTEGER: Value -26182 is not in bounds of subtype NATURAL.
# ** Note: ** Addr=00000308, Word=194, Instuction=2C771063, Mnemonic=bne x14, x7, 000002C0
# ** Note:   x1=0000200B x2=00003098 x3=0000000C x4=00000001 x5=00000002 x6=00002020 x7=FFFFCCDD x12=00002000 x13=FFFFCCDD x14=FFFFCCDD x15=00000270 
# ** Note: ** Addr=0000030C, Word=195, Instuction=00120213, Mnemonic=addi x4, x4, 00000001
# ** Note:   x1=0000200B x2=00003098 x3=0000000C x4=00000002 x5=00000002 x6=00002020 x7=FFFFCCDD x12=00002000 x13=FFFFCCDD x14=FFFFCCDD x15=00000270 
# ** Note: ** Addr=00000310, Word=196, Instuction=00200293, Mnemonic=addi x5, x0, 00000002
# ** Note:   x1=0000200B x2=00003098 x3=0000000C x4=00000002 x5=00000002 x6=00002020 x7=FFFFCCDD x12=00002000 x13=FFFFCCDD x14=FFFFCCDD x15=00000270 
# ** Note: ** Addr=00000314, Word=197, Instuction=FC521AE3, Mnemonic=bne x4, x5, FFFFFFD4
# ** Note:   x1=0000200B x2=00003098 x3=0000000C x4=00000002 x5=00000002 x6=00002020 x7=FFFFCCDD x12=00002000 x13=FFFFCCDD x14=FFFFCCDD x15=00000270 
# ** Note: ** Addr=00000318, Word=198, Instuction=00D00193, Mnemonic=addi x3, x0, 0000000D
# ** Note:   x1=0000200B x2=00003098 x3=0000000D x4=00000002 x5=00000002 x6=00002020 x7=FFFFCCDD x12=00002000 x13=FFFFCCDD x14=FFFFCCDD x15=00000270 
# ** Warning: (vsim-151) NUMERIC_STD.TO_INTEGER: Value -2 is not in bounds of subtype NATURAL.
# ** Warning: (vsim-151) NUMERIC_STD.TO_INTEGER: Value -2 is not in bounds of subtype NATURAL.
# ** Note: ** Addr=0000031C, Word=199, Instuction=00000213, Mnemonic=addi x4, x0, 00000000
# ** Note:   x1=0000200B x2=00003098 x3=0000000D x5=00000002 x6=00002020 x7=FFFFCCDD x12=00002000 x13=FFFFCCDD x14=FFFFCCDD x15=00000270 
# ** Warning: (vsim-151) NUMERIC_STD.TO_INTEGER: Value -17204 is not in bounds of subtype NATURAL.
# ** Warning: (vsim-151) NUMERIC_STD.TO_INTEGER: Value -17204 is not in bounds of subtype NATURAL.
# ** Note: ** Addr=00000320, Word=200, Instuction=FFFFC6B7, Mnemonic=lui x13, FFFFC000
# ** Note:   x1=0000200B x2=00003098 x3=0000000D x5=00000002 x6=00002020 x7=FFFFCCDD x12=00002000 x13=FFFFC000 x14=FFFFCCDD x15=00000270 
# ** Warning: (vsim-151) NUMERIC_STD.TO_INTEGER: Value -18022 is not in bounds of subtype NATURAL.
# ** Warning: (vsim-151) NUMERIC_STD.TO_INTEGER: Value -18022 is not in bounds of subtype NATURAL.
# ** Warning: (vsim-151) NUMERIC_STD.TO_INTEGER: Value -17204 is not in bounds of subtype NATURAL.
# ** Warning: (vsim-151) NUMERIC_STD.TO_INTEGER: Value -17204 is not in bounds of subtype NATURAL.
# ** Note: ** Addr=00000324, Word=201, Instuction=CCD68693, Mnemonic=addi x13, x13, FFFFFCCD
# ** Note:   x1=0000200B x2=00003098 x3=0000000D x5=00000002 x6=00002020 x7=FFFFCCDD x12=00002000 x13=FFFFBCCD x14=FFFFCCDD x15=00000270 
# ** Note: ** Addr=00000328, Word=202, Instuction=00002617, Mnemonic=auipc x12, 00002000
# ** Note:   x1=0000200B x2=00003098 x3=0000000D x5=00000002 x6=00002020 x7=FFFFCCDD x12=00002328 x13=FFFFBCCD x14=FFFFCCDD x15=00000270 
# ** Note: ** Addr=0000032C, Word=203, Instuction=CD860613, Mnemonic=addi x12, x12, FFFFFCD8
# ** Note:   x1=0000200B x2=00003098 x3=0000000D x5=00000002 x6=00002020 x7=FFFFCCDD x12=00002000 x13=FFFFBCCD x14=FFFFCCDD x15=00000270 
# ** Note: ** Addr=00000330, Word=204, Instuction=00000013, Mnemonic=addi x0, x0, 00000000
# ** Note:   x1=0000200B x2=00003098 x3=0000000D x5=00000002 x6=00002020 x7=FFFFCCDD x12=00002000 x13=FFFFBCCD x14=FFFFCCDD x15=00000270 
# ** Note: ** Addr=00000334, Word=205, Instuction=00D61123, Mnemonic=sh x13, 00000002(x12)
# ** Note:   x1=0000200B x2=00003098 x3=0000000D x5=00000002 x6=00002020 x7=FFFFCCDD x12=00002000 x13=FFFFBCCD x14=FFFFCCDD x15=00000270 
# ** Note:   Addr=00002002, Word=2048, WData=FFFFBCCD, RData=0000AA00
# ** Note: ** Addr=00000338, Word=206, Instuction=00261703, Mnemonic=lh x14, 00000002(x12)
# ** Note:   x1=0000200B x2=00003098 x3=0000000D x5=00000002 x6=00002020 x7=FFFFCCDD x12=00002000 x13=FFFFBCCD x14=FFFFBCCD x15=00000270 
# ** Note:   Addr=00002002, Word=2048, WData=00003098, RData=0000BCCD
# ** Warning: (vsim-151) NUMERIC_STD.TO_INTEGER: Value -17204 is not in bounds of subtype NATURAL.
# ** Warning: (vsim-151) NUMERIC_STD.TO_INTEGER: Value -17204 is not in bounds of subtype NATURAL.
# ** Note: ** Addr=0000033C, Word=207, Instuction=FFFFC3B7, Mnemonic=lui x7, FFFFC000
# ** Note:   x1=0000200B x2=00003098 x3=0000000D x5=00000002 x6=00002020 x7=FFFFC000 x12=00002000 x13=FFFFBCCD x14=FFFFBCCD x15=00000270 
# ** Warning: (vsim-151) NUMERIC_STD.TO_INTEGER: Value -18022 is not in bounds of subtype NATURAL.
# ** Warning: (vsim-151) NUMERIC_STD.TO_INTEGER: Value -18022 is not in bounds of subtype NATURAL.
# ** Warning: (vsim-151) NUMERIC_STD.TO_INTEGER: Value -17850 is not in bounds of subtype NATURAL.
# ** Warning: (vsim-151) NUMERIC_STD.TO_INTEGER: Value -17850 is not in bounds of subtype NATURAL.
# ** Note: ** Addr=00000340, Word=208, Instuction=CCD38393, Mnemonic=addi x7, x7, FFFFFCCD
# ** Note:   x1=0000200B x2=00003098 x3=0000000D x5=00000002 x6=00002020 x7=FFFFBCCD x12=00002000 x13=FFFFBCCD x14=FFFFBCCD x15=00000270 
# ** Warning: (vsim-151) NUMERIC_STD.TO_INTEGER: Value -34406 is not in bounds of subtype NATURAL.
# ** Warning: (vsim-151) NUMERIC_STD.TO_INTEGER: Value -34406 is not in bounds of subtype NATURAL.
# ** Note: ** Addr=00000344, Word=209, Instuction=28771263, Mnemonic=bne x14, x7, 00000284
# ** Note:   x1=0000200B x2=00003098 x3=0000000D x5=00000002 x6=00002020 x7=FFFFBCCD x12=00002000 x13=FFFFBCCD x14=FFFFBCCD x15=00000270 
# ** Note: ** Addr=00000348, Word=210, Instuction=00120213, Mnemonic=addi x4, x4, 00000001
# ** Note:   x1=0000200B x2=00003098 x3=0000000D x4=00000001 x5=00000002 x6=00002020 x7=FFFFBCCD x12=00002000 x13=FFFFBCCD x14=FFFFBCCD x15=00000270 
# ** Warning: (vsim-151) NUMERIC_STD.TO_INTEGER: Value -2 is not in bounds of subtype NATURAL.
# ** Warning: (vsim-151) NUMERIC_STD.TO_INTEGER: Value -2 is not in bounds of subtype NATURAL.
# ** Note: ** Addr=0000034C, Word=211, Instuction=00200293, Mnemonic=addi x5, x0, 00000002
# ** Note:   x1=0000200B x2=00003098 x3=0000000D x4=00000001 x5=00000002 x6=00002020 x7=FFFFBCCD x12=00002000 x13=FFFFBCCD x14=FFFFBCCD x15=00000270 
# ** Note: ** Addr=00000350, Word=212, Instuction=FC5218E3, Mnemonic=bne x4, x5, FFFFFFD0
# ** Note:   x1=0000200B x2=00003098 x3=0000000D x4=00000001 x5=00000002 x6=00002020 x7=FFFFBCCD x12=00002000 x13=FFFFBCCD x14=FFFFBCCD x15=00000270 
# ** Warning: (vsim-151) NUMERIC_STD.TO_INTEGER: Value -17204 is not in bounds of subtype NATURAL.
# ** Warning: (vsim-151) NUMERIC_STD.TO_INTEGER: Value -17204 is not in bounds of subtype NATURAL.
# ** Note: ** Addr=00000320, Word=200, Instuction=FFFFC6B7, Mnemonic=lui x13, FFFFC000
# ** Note:   x1=0000200B x2=00003098 x3=0000000D x4=00000001 x5=00000002 x6=00002020 x7=FFFFBCCD x12=00002000 x13=FFFFC000 x14=FFFFBCCD x15=00000270 
# ** Warning: (vsim-151) NUMERIC_STD.TO_INTEGER: Value -18022 is not in bounds of subtype NATURAL.
# ** Warning: (vsim-151) NUMERIC_STD.TO_INTEGER: Value -18022 is not in bounds of subtype NATURAL.
# ** Warning: (vsim-151) NUMERIC_STD.TO_INTEGER: Value -17204 is not in bounds of subtype NATURAL.
# ** Warning: (vsim-151) NUMERIC_STD.TO_INTEGER: Value -17204 is not in bounds of subtype NATURAL.
# ** Note: ** Addr=00000324, Word=201, Instuction=CCD68693, Mnemonic=addi x13, x13, FFFFFCCD
# ** Note:   x1=0000200B x2=00003098 x3=0000000D x4=00000001 x5=00000002 x6=00002020 x7=FFFFBCCD x12=00002000 x13=FFFFBCCD x14=FFFFBCCD x15=00000270 
# ** Note: ** Addr=00000328, Word=202, Instuction=00002617, Mnemonic=auipc x12, 00002000
# ** Note:   x1=0000200B x2=00003098 x3=0000000D x4=00000001 x5=00000002 x6=00002020 x7=FFFFBCCD x12=00002328 x13=FFFFBCCD x14=FFFFBCCD x15=00000270 
# ** Note: ** Addr=0000032C, Word=203, Instuction=CD860613, Mnemonic=addi x12, x12, FFFFFCD8
# ** Note:   x1=0000200B x2=00003098 x3=0000000D x4=00000001 x5=00000002 x6=00002020 x7=FFFFBCCD x12=00002000 x13=FFFFBCCD x14=FFFFBCCD x15=00000270 
# ** Note: ** Addr=00000330, Word=204, Instuction=00000013, Mnemonic=addi x0, x0, 00000000
# ** Note:   x1=0000200B x2=00003098 x3=0000000D x4=00000001 x5=00000002 x6=00002020 x7=FFFFBCCD x12=00002000 x13=FFFFBCCD x14=FFFFBCCD x15=00000270 
# ** Note: ** Addr=00000334, Word=205, Instuction=00D61123, Mnemonic=sh x13, 00000002(x12)
# ** Note:   x1=0000200B x2=00003098 x3=0000000D x4=00000001 x5=00000002 x6=00002020 x7=FFFFBCCD x12=00002000 x13=FFFFBCCD x14=FFFFBCCD x15=00000270 
# ** Note:   Addr=00002002, Word=2048, WData=FFFFBCCD, RData=0000BCCD
# ** Note: ** Addr=00000338, Word=206, Instuction=00261703, Mnemonic=lh x14, 00000002(x12)
# ** Note:   x1=0000200B x2=00003098 x3=0000000D x4=00000001 x5=00000002 x6=00002020 x7=FFFFBCCD x12=00002000 x13=FFFFBCCD x14=FFFFBCCD x15=00000270 
# ** Note:   Addr=00002002, Word=2048, WData=00003098, RData=0000BCCD
# ** Warning: (vsim-151) NUMERIC_STD.TO_INTEGER: Value -17204 is not in bounds of subtype NATURAL.
# ** Warning: (vsim-151) NUMERIC_STD.TO_INTEGER: Value -17204 is not in bounds of subtype NATURAL.
# ** Note: ** Addr=0000033C, Word=207, Instuction=FFFFC3B7, Mnemonic=lui x7, FFFFC000
# ** Note:   x1=0000200B x2=00003098 x3=0000000D x4=00000001 x5=00000002 x6=00002020 x7=FFFFC000 x12=00002000 x13=FFFFBCCD x14=FFFFBCCD x15=00000270 
# ** Warning: (vsim-151) NUMERIC_STD.TO_INTEGER: Value -18022 is not in bounds of subtype NATURAL.
# ** Warning: (vsim-151) NUMERIC_STD.TO_INTEGER: Value -18022 is not in bounds of subtype NATURAL.
# ** Warning: (vsim-151) NUMERIC_STD.TO_INTEGER: Value -17850 is not in bounds of subtype NATURAL.
# ** Warning: (vsim-151) NUMERIC_STD.TO_INTEGER: Value -17850 is not in bounds of subtype NATURAL.
# ** Note: ** Addr=00000340, Word=208, Instuction=CCD38393, Mnemonic=addi x7, x7, FFFFFCCD
# ** Note:   x1=0000200B x2=00003098 x3=0000000D x4=00000001 x5=00000002 x6=00002020 x7=FFFFBCCD x12=00002000 x13=FFFFBCCD x14=FFFFBCCD x15=00000270 
# ** Warning: (vsim-151) NUMERIC_STD.TO_INTEGER: Value -34406 is not in bounds of subtype NATURAL.
# ** Warning: (vsim-151) NUMERIC_STD.TO_INTEGER: Value -34406 is not in bounds of subtype NATURAL.
# ** Note: ** Addr=00000344, Word=209, Instuction=28771263, Mnemonic=bne x14, x7, 00000284
# ** Note:   x1=0000200B x2=00003098 x3=0000000D x4=00000001 x5=00000002 x6=00002020 x7=FFFFBCCD x12=00002000 x13=FFFFBCCD x14=FFFFBCCD x15=00000270 
# ** Note: ** Addr=00000348, Word=210, Instuction=00120213, Mnemonic=addi x4, x4, 00000001
# ** Note:   x1=0000200B x2=00003098 x3=0000000D x4=00000002 x5=00000002 x6=00002020 x7=FFFFBCCD x12=00002000 x13=FFFFBCCD x14=FFFFBCCD x15=00000270 
# ** Note: ** Addr=0000034C, Word=211, Instuction=00200293, Mnemonic=addi x5, x0, 00000002
# ** Note:   x1=0000200B x2=00003098 x3=0000000D x4=00000002 x5=00000002 x6=00002020 x7=FFFFBCCD x12=00002000 x13=FFFFBCCD x14=FFFFBCCD x15=00000270 
# ** Note: ** Addr=00000350, Word=212, Instuction=FC5218E3, Mnemonic=bne x4, x5, FFFFFFD0
# ** Note:   x1=0000200B x2=00003098 x3=0000000D x4=00000002 x5=00000002 x6=00002020 x7=FFFFBCCD x12=00002000 x13=FFFFBCCD x14=FFFFBCCD x15=00000270 
# ** Note: ** Addr=00000354, Word=213, Instuction=00E00193, Mnemonic=addi x3, x0, 0000000E
# ** Note:   x1=0000200B x2=00003098 x3=0000000E x4=00000002 x5=00000002 x6=00002020 x7=FFFFBCCD x12=00002000 x13=FFFFBCCD x14=FFFFBCCD x15=00000270 
# ** Warning: (vsim-151) NUMERIC_STD.TO_INTEGER: Value -2 is not in bounds of subtype NATURAL.
# ** Warning: (vsim-151) NUMERIC_STD.TO_INTEGER: Value -2 is not in bounds of subtype NATURAL.
# ** Note: ** Addr=00000358, Word=214, Instuction=00000213, Mnemonic=addi x4, x0, 00000000
# ** Note:   x1=0000200B x2=00003098 x3=0000000E x5=00000002 x6=00002020 x7=FFFFBCCD x12=00002000 x13=FFFFBCCD x14=FFFFBCCD x15=00000270 
# ** Warning: (vsim-151) NUMERIC_STD.TO_INTEGER: Value -17460 is not in bounds of subtype NATURAL.
# ** Warning: (vsim-151) NUMERIC_STD.TO_INTEGER: Value -17460 is not in bounds of subtype NATURAL.
# ** Note: ** Addr=0000035C, Word=215, Instuction=FFFFC6B7, Mnemonic=lui x13, FFFFC000
# ** Note:   x1=0000200B x2=00003098 x3=0000000E x5=00000002 x6=00002020 x7=FFFFBCCD x12=00002000 x13=FFFFC000 x14=FFFFBCCD x15=00000270 
# ** Warning: (vsim-151) NUMERIC_STD.TO_INTEGER: Value -18536 is not in bounds of subtype NATURAL.
# ** Warning: (vsim-151) NUMERIC_STD.TO_INTEGER: Value -18536 is not in bounds of subtype NATURAL.
# ** Warning: (vsim-151) NUMERIC_STD.TO_INTEGER: Value -17460 is not in bounds of subtype NATURAL.
# ** Warning: (vsim-151) NUMERIC_STD.TO_INTEGER: Value -17460 is not in bounds of subtype NATURAL.
# ** Note: ** Addr=00000360, Word=216, Instuction=BCC68693, Mnemonic=addi x13, x13, FFFFFBCC
# ** Note:   x1=0000200B x2=00003098 x3=0000000E x5=00000002 x6=00002020 x7=FFFFBCCD x12=00002000 x13=FFFFBBCC x14=FFFFBCCD x15=00000270 
# ** Note: ** Addr=00000364, Word=217, Instuction=00002617, Mnemonic=auipc x12, 00002000
# ** Note:   x1=0000200B x2=00003098 x3=0000000E x5=00000002 x6=00002020 x7=FFFFBCCD x12=00002364 x13=FFFFBBCC x14=FFFFBCCD x15=00000270 
# ** Note: ** Addr=00000368, Word=218, Instuction=C9C60613, Mnemonic=addi x12, x12, FFFFFC9C
# ** Note:   x1=0000200B x2=00003098 x3=0000000E x5=00000002 x6=00002020 x7=FFFFBCCD x12=00002000 x13=FFFFBBCC x14=FFFFBCCD x15=00000270 
# ** Note: ** Addr=0000036C, Word=219, Instuction=00000013, Mnemonic=addi x0, x0, 00000000
# ** Note:   x1=0000200B x2=00003098 x3=0000000E x5=00000002 x6=00002020 x7=FFFFBCCD x12=00002000 x13=FFFFBBCC x14=FFFFBCCD x15=00000270 
# ** Note: ** Addr=00000370, Word=220, Instuction=00000013, Mnemonic=addi x0, x0, 00000000
# ** Note:   x1=0000200B x2=00003098 x3=0000000E x5=00000002 x6=00002020 x7=FFFFBCCD x12=00002000 x13=FFFFBBCC x14=FFFFBCCD x15=00000270 
# ** Note: ** Addr=00000374, Word=221, Instuction=00D61223, Mnemonic=sh x13, 00000004(x12)
# ** Note:   x1=0000200B x2=00003098 x3=0000000E x5=00000002 x6=00002020 x7=FFFFBCCD x12=00002000 x13=FFFFBBCC x14=FFFFBCCD x15=00000270 
# ** Note:   Addr=00002004, Word=2049, WData=FFFFBBCC, RData=00000AA0
# ** Note: ** Addr=00000378, Word=222, Instuction=00461703, Mnemonic=lh x14, 00000004(x12)
# ** Note:   x1=0000200B x2=00003098 x3=0000000E x5=00000002 x6=00002020 x7=FFFFBCCD x12=00002000 x13=FFFFBBCC x14=FFFFBBCC x15=00000270 
# ** Note:   Addr=00002004, Word=2049, WData=00000000, RData=0000BBCC
# ** Warning: (vsim-151) NUMERIC_STD.TO_INTEGER: Value -17460 is not in bounds of subtype NATURAL.
# ** Warning: (vsim-151) NUMERIC_STD.TO_INTEGER: Value -17460 is not in bounds of subtype NATURAL.
# ** Note: ** Addr=0000037C, Word=223, Instuction=FFFFC3B7, Mnemonic=lui x7, FFFFC000
# ** Note:   x1=0000200B x2=00003098 x3=0000000E x5=00000002 x6=00002020 x7=FFFFC000 x12=00002000 x13=FFFFBBCC x14=FFFFBBCC x15=00000270 
# ** Warning: (vsim-151) NUMERIC_STD.TO_INTEGER: Value -18536 is not in bounds of subtype NATURAL.
# ** Warning: (vsim-151) NUMERIC_STD.TO_INTEGER: Value -18536 is not in bounds of subtype NATURAL.
# ** Warning: (vsim-151) NUMERIC_STD.TO_INTEGER: Value -18044 is not in bounds of subtype NATURAL.
# ** Warning: (vsim-151) NUMERIC_STD.TO_INTEGER: Value -18044 is not in bounds of subtype NATURAL.
# ** Note: ** Addr=00000380, Word=224, Instuction=BCC38393, Mnemonic=addi x7, x7, FFFFFBCC
# ** Note:   x1=0000200B x2=00003098 x3=0000000E x5=00000002 x6=00002020 x7=FFFFBBCC x12=00002000 x13=FFFFBBCC x14=FFFFBBCC x15=00000270 
# ** Warning: (vsim-151) NUMERIC_STD.TO_INTEGER: Value -34920 is not in bounds of subtype NATURAL.
# ** Warning: (vsim-151) NUMERIC_STD.TO_INTEGER: Value -34920 is not in bounds of subtype NATURAL.
# ** Note: ** Addr=00000384, Word=225, Instuction=24771263, Mnemonic=bne x14, x7, 00000244
# ** Note:   x1=0000200B x2=00003098 x3=0000000E x5=00000002 x6=00002020 x7=FFFFBBCC x12=00002000 x13=FFFFBBCC x14=FFFFBBCC x15=00000270 
# ** Note: ** Addr=00000388, Word=226, Instuction=00120213, Mnemonic=addi x4, x4, 00000001
# ** Note:   x1=0000200B x2=00003098 x3=0000000E x4=00000001 x5=00000002 x6=00002020 x7=FFFFBBCC x12=00002000 x13=FFFFBBCC x14=FFFFBBCC x15=00000270 
# ** Warning: (vsim-151) NUMERIC_STD.TO_INTEGER: Value -2 is not in bounds of subtype NATURAL.
# ** Warning: (vsim-151) NUMERIC_STD.TO_INTEGER: Value -2 is not in bounds of subtype NATURAL.
# ** Note: ** Addr=0000038C, Word=227, Instuction=00200293, Mnemonic=addi x5, x0, 00000002
# ** Note:   x1=0000200B x2=00003098 x3=0000000E x4=00000001 x5=00000002 x6=00002020 x7=FFFFBBCC x12=00002000 x13=FFFFBBCC x14=FFFFBBCC x15=00000270 
# ** Note: ** Addr=00000390, Word=228, Instuction=FC5216E3, Mnemonic=bne x4, x5, FFFFFFCC
# ** Note:   x1=0000200B x2=00003098 x3=0000000E x4=00000001 x5=00000002 x6=00002020 x7=FFFFBBCC x12=00002000 x13=FFFFBBCC x14=FFFFBBCC x15=00000270 
# ** Warning: (vsim-151) NUMERIC_STD.TO_INTEGER: Value -17460 is not in bounds of subtype NATURAL.
# ** Warning: (vsim-151) NUMERIC_STD.TO_INTEGER: Value -17460 is not in bounds of subtype NATURAL.
# ** Note: ** Addr=0000035C, Word=215, Instuction=FFFFC6B7, Mnemonic=lui x13, FFFFC000
# ** Note:   x1=0000200B x2=00003098 x3=0000000E x4=00000001 x5=00000002 x6=00002020 x7=FFFFBBCC x12=00002000 x13=FFFFC000 x14=FFFFBBCC x15=00000270 
# ** Warning: (vsim-151) NUMERIC_STD.TO_INTEGER: Value -18536 is not in bounds of subtype NATURAL.
# ** Warning: (vsim-151) NUMERIC_STD.TO_INTEGER: Value -18536 is not in bounds of subtype NATURAL.
# ** Warning: (vsim-151) NUMERIC_STD.TO_INTEGER: Value -17460 is not in bounds of subtype NATURAL.
# ** Warning: (vsim-151) NUMERIC_STD.TO_INTEGER: Value -17460 is not in bounds of subtype NATURAL.
# ** Note: ** Addr=00000360, Word=216, Instuction=BCC68693, Mnemonic=addi x13, x13, FFFFFBCC
# ** Note:   x1=0000200B x2=00003098 x3=0000000E x4=00000001 x5=00000002 x6=00002020 x7=FFFFBBCC x12=00002000 x13=FFFFBBCC x14=FFFFBBCC x15=00000270 
# ** Note: ** Addr=00000364, Word=217, Instuction=00002617, Mnemonic=auipc x12, 00002000
# ** Note:   x1=0000200B x2=00003098 x3=0000000E x4=00000001 x5=00000002 x6=00002020 x7=FFFFBBCC x12=00002364 x13=FFFFBBCC x14=FFFFBBCC x15=00000270 
# ** Note: ** Addr=00000368, Word=218, Instuction=C9C60613, Mnemonic=addi x12, x12, FFFFFC9C
# ** Note:   x1=0000200B x2=00003098 x3=0000000E x4=00000001 x5=00000002 x6=00002020 x7=FFFFBBCC x12=00002000 x13=FFFFBBCC x14=FFFFBBCC x15=00000270 
# ** Note: ** Addr=0000036C, Word=219, Instuction=00000013, Mnemonic=addi x0, x0, 00000000
# ** Note:   x1=0000200B x2=00003098 x3=0000000E x4=00000001 x5=00000002 x6=00002020 x7=FFFFBBCC x12=00002000 x13=FFFFBBCC x14=FFFFBBCC x15=00000270 
# ** Note: ** Addr=00000370, Word=220, Instuction=00000013, Mnemonic=addi x0, x0, 00000000
# ** Note:   x1=0000200B x2=00003098 x3=0000000E x4=00000001 x5=00000002 x6=00002020 x7=FFFFBBCC x12=00002000 x13=FFFFBBCC x14=FFFFBBCC x15=00000270 
# ** Note: ** Addr=00000374, Word=221, Instuction=00D61223, Mnemonic=sh x13, 00000004(x12)
# ** Note:   x1=0000200B x2=00003098 x3=0000000E x4=00000001 x5=00000002 x6=00002020 x7=FFFFBBCC x12=00002000 x13=FFFFBBCC x14=FFFFBBCC x15=00000270 
# ** Note:   Addr=00002004, Word=2049, WData=FFFFBBCC, RData=0000BBCC
# ** Note: ** Addr=00000378, Word=222, Instuction=00461703, Mnemonic=lh x14, 00000004(x12)
# ** Note:   x1=0000200B x2=00003098 x3=0000000E x4=00000001 x5=00000002 x6=00002020 x7=FFFFBBCC x12=00002000 x13=FFFFBBCC x14=FFFFBBCC x15=00000270 
# ** Note:   Addr=00002004, Word=2049, WData=00000001, RData=0000BBCC
# ** Warning: (vsim-151) NUMERIC_STD.TO_INTEGER: Value -17460 is not in bounds of subtype NATURAL.
# ** Warning: (vsim-151) NUMERIC_STD.TO_INTEGER: Value -17460 is not in bounds of subtype NATURAL.
# ** Note: ** Addr=0000037C, Word=223, Instuction=FFFFC3B7, Mnemonic=lui x7, FFFFC000
# ** Note:   x1=0000200B x2=00003098 x3=0000000E x4=00000001 x5=00000002 x6=00002020 x7=FFFFC000 x12=00002000 x13=FFFFBBCC x14=FFFFBBCC x15=00000270 
# ** Warning: (vsim-151) NUMERIC_STD.TO_INTEGER: Value -18536 is not in bounds of subtype NATURAL.
# ** Warning: (vsim-151) NUMERIC_STD.TO_INTEGER: Value -18536 is not in bounds of subtype NATURAL.
# ** Warning: (vsim-151) NUMERIC_STD.TO_INTEGER: Value -18044 is not in bounds of subtype NATURAL.
# ** Warning: (vsim-151) NUMERIC_STD.TO_INTEGER: Value -18044 is not in bounds of subtype NATURAL.
# ** Note: ** Addr=00000380, Word=224, Instuction=BCC38393, Mnemonic=addi x7, x7, FFFFFBCC
# ** Note:   x1=0000200B x2=00003098 x3=0000000E x4=00000001 x5=00000002 x6=00002020 x7=FFFFBBCC x12=00002000 x13=FFFFBBCC x14=FFFFBBCC x15=00000270 
# ** Warning: (vsim-151) NUMERIC_STD.TO_INTEGER: Value -34920 is not in bounds of subtype NATURAL.
# ** Warning: (vsim-151) NUMERIC_STD.TO_INTEGER: Value -34920 is not in bounds of subtype NATURAL.
# ** Note: ** Addr=00000384, Word=225, Instuction=24771263, Mnemonic=bne x14, x7, 00000244
# ** Note:   x1=0000200B x2=00003098 x3=0000000E x4=00000001 x5=00000002 x6=00002020 x7=FFFFBBCC x12=00002000 x13=FFFFBBCC x14=FFFFBBCC x15=00000270 
# ** Note: ** Addr=00000388, Word=226, Instuction=00120213, Mnemonic=addi x4, x4, 00000001
# ** Note:   x1=0000200B x2=00003098 x3=0000000E x4=00000002 x5=00000002 x6=00002020 x7=FFFFBBCC x12=00002000 x13=FFFFBBCC x14=FFFFBBCC x15=00000270 
# ** Note: ** Addr=0000038C, Word=227, Instuction=00200293, Mnemonic=addi x5, x0, 00000002
# ** Note:   x1=0000200B x2=00003098 x3=0000000E x4=00000002 x5=00000002 x6=00002020 x7=FFFFBBCC x12=00002000 x13=FFFFBBCC x14=FFFFBBCC x15=00000270 
# ** Note: ** Addr=00000390, Word=228, Instuction=FC5216E3, Mnemonic=bne x4, x5, FFFFFFCC
# ** Note:   x1=0000200B x2=00003098 x3=0000000E x4=00000002 x5=00000002 x6=00002020 x7=FFFFBBCC x12=00002000 x13=FFFFBBCC x14=FFFFBBCC x15=00000270 
# ** Note: ** Addr=00000394, Word=229, Instuction=00F00193, Mnemonic=addi x3, x0, 0000000F
# ** Note:   x1=0000200B x2=00003098 x3=0000000F x4=00000002 x5=00000002 x6=00002020 x7=FFFFBBCC x12=00002000 x13=FFFFBBCC x14=FFFFBBCC x15=00000270 
# ** Warning: (vsim-151) NUMERIC_STD.TO_INTEGER: Value -2 is not in bounds of subtype NATURAL.
# ** Warning: (vsim-151) NUMERIC_STD.TO_INTEGER: Value -2 is not in bounds of subtype NATURAL.
# ** Note: ** Addr=00000398, Word=230, Instuction=00000213, Mnemonic=addi x4, x0, 00000000
# ** Note:   x1=0000200B x2=00003098 x3=0000000F x5=00000002 x6=00002020 x7=FFFFBBCC x12=00002000 x13=FFFFBBCC x14=FFFFBBCC x15=00000270 
# ** Warning: (vsim-151) NUMERIC_STD.TO_INTEGER: Value -21572 is not in bounds of subtype NATURAL.
# ** Warning: (vsim-151) NUMERIC_STD.TO_INTEGER: Value -21572 is not in bounds of subtype NATURAL.
# ** Note: ** Addr=0000039C, Word=231, Instuction=FFFFB6B7, Mnemonic=lui x13, FFFFB000
# ** Note:   x1=0000200B x2=00003098 x3=0000000F x5=00000002 x6=00002020 x7=FFFFBBCC x12=00002000 x13=FFFFB000 x14=FFFFBBCC x15=00000270 
# ** Warning: (vsim-151) NUMERIC_STD.TO_INTEGER: Value -22664 is not in bounds of subtype NATURAL.
# ** Warning: (vsim-151) NUMERIC_STD.TO_INTEGER: Value -22664 is not in bounds of subtype NATURAL.
# ** Warning: (vsim-151) NUMERIC_STD.TO_INTEGER: Value -21572 is not in bounds of subtype NATURAL.
# ** Warning: (vsim-151) NUMERIC_STD.TO_INTEGER: Value -21572 is not in bounds of subtype NATURAL.
# ** Note: ** Addr=000003A0, Word=232, Instuction=BBC68693, Mnemonic=addi x13, x13, FFFFFBBC
# ** Note:   x1=0000200B x2=00003098 x3=0000000F x5=00000002 x6=00002020 x7=FFFFBBCC x12=00002000 x13=FFFFABBC x14=FFFFBBCC x15=00000270 
# ** Note: ** Addr=000003A4, Word=233, Instuction=00000013, Mnemonic=addi x0, x0, 00000000
# ** Note:   x1=0000200B x2=00003098 x3=0000000F x5=00000002 x6=00002020 x7=FFFFBBCC x12=00002000 x13=FFFFABBC x14=FFFFBBCC x15=00000270 
# ** Note: ** Addr=000003A8, Word=234, Instuction=00002617, Mnemonic=auipc x12, 00002000
# ** Note:   x1=0000200B x2=00003098 x3=0000000F x5=00000002 x6=00002020 x7=FFFFBBCC x12=000023A8 x13=FFFFABBC x14=FFFFBBCC x15=00000270 
# ** Note: ** Addr=000003AC, Word=235, Instuction=C5860613, Mnemonic=addi x12, x12, FFFFFC58
# ** Note:   x1=0000200B x2=00003098 x3=0000000F x5=00000002 x6=00002020 x7=FFFFBBCC x12=00002000 x13=FFFFABBC x14=FFFFBBCC x15=00000270 
# ** Note: ** Addr=000003B0, Word=236, Instuction=00D61323, Mnemonic=sh x13, 00000006(x12)
# ** Note:   x1=0000200B x2=00003098 x3=0000000F x5=00000002 x6=00002020 x7=FFFFBBCC x12=00002000 x13=FFFFABBC x14=FFFFBBCC x15=00000270 
# ** Note:   Addr=00002006, Word=2049, WData=FFFFABBC, RData=0000A00A
# ** Note: ** Addr=000003B4, Word=237, Instuction=00661703, Mnemonic=lh x14, 00000006(x12)
# ** Note:   x1=0000200B x2=00003098 x3=0000000F x5=00000002 x6=00002020 x7=FFFFBBCC x12=00002000 x13=FFFFABBC x14=FFFFABBC x15=00000270 
# ** Note:   Addr=00002006, Word=2049, WData=00002020, RData=0000ABBC
# ** Warning: (vsim-151) NUMERIC_STD.TO_INTEGER: Value -21572 is not in bounds of subtype NATURAL.
# ** Warning: (vsim-151) NUMERIC_STD.TO_INTEGER: Value -21572 is not in bounds of subtype NATURAL.
# ** Note: ** Addr=000003B8, Word=238, Instuction=FFFFB3B7, Mnemonic=lui x7, FFFFB000
# ** Note:   x1=0000200B x2=00003098 x3=0000000F x5=00000002 x6=00002020 x7=FFFFB000 x12=00002000 x13=FFFFABBC x14=FFFFABBC x15=00000270 
# ** Warning: (vsim-151) NUMERIC_STD.TO_INTEGER: Value -22664 is not in bounds of subtype NATURAL.
# ** Warning: (vsim-151) NUMERIC_STD.TO_INTEGER: Value -22664 is not in bounds of subtype NATURAL.
# ** Warning: (vsim-151) NUMERIC_STD.TO_INTEGER: Value -22092 is not in bounds of subtype NATURAL.
# ** Warning: (vsim-151) NUMERIC_STD.TO_INTEGER: Value -22092 is not in bounds of subtype NATURAL.
# ** Note: ** Addr=000003BC, Word=239, Instuction=BBC38393, Mnemonic=addi x7, x7, FFFFFBBC
# ** Note:   x1=0000200B x2=00003098 x3=0000000F x5=00000002 x6=00002020 x7=FFFFABBC x12=00002000 x13=FFFFABBC x14=FFFFABBC x15=00000270 
# ** Warning: (vsim-151) NUMERIC_STD.TO_INTEGER: Value -43144 is not in bounds of subtype NATURAL.
# ** Warning: (vsim-151) NUMERIC_STD.TO_INTEGER: Value -43144 is not in bounds of subtype NATURAL.
# ** Note: ** Addr=000003C0, Word=240, Instuction=20771463, Mnemonic=bne x14, x7, 00000208
# ** Note:   x1=0000200B x2=00003098 x3=0000000F x5=00000002 x6=00002020 x7=FFFFABBC x12=00002000 x13=FFFFABBC x14=FFFFABBC x15=00000270 
# ** Note: ** Addr=000003C4, Word=241, Instuction=00120213, Mnemonic=addi x4, x4, 00000001
# ** Note:   x1=0000200B x2=00003098 x3=0000000F x4=00000001 x5=00000002 x6=00002020 x7=FFFFABBC x12=00002000 x13=FFFFABBC x14=FFFFABBC x15=00000270 
# ** Warning: (vsim-151) NUMERIC_STD.TO_INTEGER: Value -2 is not in bounds of subtype NATURAL.
# ** Warning: (vsim-151) NUMERIC_STD.TO_INTEGER: Value -2 is not in bounds of subtype NATURAL.
# ** Note: ** Addr=000003C8, Word=242, Instuction=00200293, Mnemonic=addi x5, x0, 00000002
# ** Note:   x1=0000200B x2=00003098 x3=0000000F x4=00000001 x5=00000002 x6=00002020 x7=FFFFABBC x12=00002000 x13=FFFFABBC x14=FFFFABBC x15=00000270 
# ** Note: ** Addr=000003CC, Word=243, Instuction=FC5218E3, Mnemonic=bne x4, x5, FFFFFFD0
# ** Note:   x1=0000200B x2=00003098 x3=0000000F x4=00000001 x5=00000002 x6=00002020 x7=FFFFABBC x12=00002000 x13=FFFFABBC x14=FFFFABBC x15=00000270 
# ** Warning: (vsim-151) NUMERIC_STD.TO_INTEGER: Value -21572 is not in bounds of subtype NATURAL.
# ** Warning: (vsim-151) NUMERIC_STD.TO_INTEGER: Value -21572 is not in bounds of subtype NATURAL.
# ** Note: ** Addr=0000039C, Word=231, Instuction=FFFFB6B7, Mnemonic=lui x13, FFFFB000
# ** Note:   x1=0000200B x2=00003098 x3=0000000F x4=00000001 x5=00000002 x6=00002020 x7=FFFFABBC x12=00002000 x13=FFFFB000 x14=FFFFABBC x15=00000270 
# ** Warning: (vsim-151) NUMERIC_STD.TO_INTEGER: Value -22664 is not in bounds of subtype NATURAL.
# ** Warning: (vsim-151) NUMERIC_STD.TO_INTEGER: Value -22664 is not in bounds of subtype NATURAL.
# ** Warning: (vsim-151) NUMERIC_STD.TO_INTEGER: Value -21572 is not in bounds of subtype NATURAL.
# ** Warning: (vsim-151) NUMERIC_STD.TO_INTEGER: Value -21572 is not in bounds of subtype NATURAL.
# ** Note: ** Addr=000003A0, Word=232, Instuction=BBC68693, Mnemonic=addi x13, x13, FFFFFBBC
# ** Note:   x1=0000200B x2=00003098 x3=0000000F x4=00000001 x5=00000002 x6=00002020 x7=FFFFABBC x12=00002000 x13=FFFFABBC x14=FFFFABBC x15=00000270 
# ** Note: ** Addr=000003A4, Word=233, Instuction=00000013, Mnemonic=addi x0, x0, 00000000
# ** Note:   x1=0000200B x2=00003098 x3=0000000F x4=00000001 x5=00000002 x6=00002020 x7=FFFFABBC x12=00002000 x13=FFFFABBC x14=FFFFABBC x15=00000270 
# ** Note: ** Addr=000003A8, Word=234, Instuction=00002617, Mnemonic=auipc x12, 00002000
# ** Note:   x1=0000200B x2=00003098 x3=0000000F x4=00000001 x5=00000002 x6=00002020 x7=FFFFABBC x12=000023A8 x13=FFFFABBC x14=FFFFABBC x15=00000270 
# ** Note: ** Addr=000003AC, Word=235, Instuction=C5860613, Mnemonic=addi x12, x12, FFFFFC58
# ** Note:   x1=0000200B x2=00003098 x3=0000000F x4=00000001 x5=00000002 x6=00002020 x7=FFFFABBC x12=00002000 x13=FFFFABBC x14=FFFFABBC x15=00000270 
# ** Note: ** Addr=000003B0, Word=236, Instuction=00D61323, Mnemonic=sh x13, 00000006(x12)
# ** Note:   x1=0000200B x2=00003098 x3=0000000F x4=00000001 x5=00000002 x6=00002020 x7=FFFFABBC x12=00002000 x13=FFFFABBC x14=FFFFABBC x15=00000270 
# ** Note:   Addr=00002006, Word=2049, WData=FFFFABBC, RData=0000ABBC
# ** Note: ** Addr=000003B4, Word=237, Instuction=00661703, Mnemonic=lh x14, 00000006(x12)
# ** Note:   x1=0000200B x2=00003098 x3=0000000F x4=00000001 x5=00000002 x6=00002020 x7=FFFFABBC x12=00002000 x13=FFFFABBC x14=FFFFABBC x15=00000270 
# ** Note:   Addr=00002006, Word=2049, WData=00002020, RData=0000ABBC
# ** Warning: (vsim-151) NUMERIC_STD.TO_INTEGER: Value -21572 is not in bounds of subtype NATURAL.
# ** Warning: (vsim-151) NUMERIC_STD.TO_INTEGER: Value -21572 is not in bounds of subtype NATURAL.
# ** Note: ** Addr=000003B8, Word=238, Instuction=FFFFB3B7, Mnemonic=lui x7, FFFFB000
# ** Note:   x1=0000200B x2=00003098 x3=0000000F x4=00000001 x5=00000002 x6=00002020 x7=FFFFB000 x12=00002000 x13=FFFFABBC x14=FFFFABBC x15=00000270 
# ** Warning: (vsim-151) NUMERIC_STD.TO_INTEGER: Value -22664 is not in bounds of subtype NATURAL.
# ** Warning: (vsim-151) NUMERIC_STD.TO_INTEGER: Value -22664 is not in bounds of subtype NATURAL.
# ** Warning: (vsim-151) NUMERIC_STD.TO_INTEGER: Value -22092 is not in bounds of subtype NATURAL.
# ** Warning: (vsim-151) NUMERIC_STD.TO_INTEGER: Value -22092 is not in bounds of subtype NATURAL.
# ** Note: ** Addr=000003BC, Word=239, Instuction=BBC38393, Mnemonic=addi x7, x7, FFFFFBBC
# ** Note:   x1=0000200B x2=00003098 x3=0000000F x4=00000001 x5=00000002 x6=00002020 x7=FFFFABBC x12=00002000 x13=FFFFABBC x14=FFFFABBC x15=00000270 
# ** Warning: (vsim-151) NUMERIC_STD.TO_INTEGER: Value -43144 is not in bounds of subtype NATURAL.
# ** Warning: (vsim-151) NUMERIC_STD.TO_INTEGER: Value -43144 is not in bounds of subtype NATURAL.
# ** Note: ** Addr=000003C0, Word=240, Instuction=20771463, Mnemonic=bne x14, x7, 00000208
# ** Note:   x1=0000200B x2=00003098 x3=0000000F x4=00000001 x5=00000002 x6=00002020 x7=FFFFABBC x12=00002000 x13=FFFFABBC x14=FFFFABBC x15=00000270 
# ** Note: ** Addr=000003C4, Word=241, Instuction=00120213, Mnemonic=addi x4, x4, 00000001
# ** Note:   x1=0000200B x2=00003098 x3=0000000F x4=00000002 x5=00000002 x6=00002020 x7=FFFFABBC x12=00002000 x13=FFFFABBC x14=FFFFABBC x15=00000270 
# ** Note: ** Addr=000003C8, Word=242, Instuction=00200293, Mnemonic=addi x5, x0, 00000002
# ** Note:   x1=0000200B x2=00003098 x3=0000000F x4=00000002 x5=00000002 x6=00002020 x7=FFFFABBC x12=00002000 x13=FFFFABBC x14=FFFFABBC x15=00000270 
# ** Note: ** Addr=000003CC, Word=243, Instuction=FC5218E3, Mnemonic=bne x4, x5, FFFFFFD0
# ** Note:   x1=0000200B x2=00003098 x3=0000000F x4=00000002 x5=00000002 x6=00002020 x7=FFFFABBC x12=00002000 x13=FFFFABBC x14=FFFFABBC x15=00000270 
# ** Note: ** Addr=000003D0, Word=244, Instuction=01000193, Mnemonic=addi x3, x0, 00000010
# ** Note:   x1=0000200B x2=00003098 x3=00000010 x4=00000002 x5=00000002 x6=00002020 x7=FFFFABBC x12=00002000 x13=FFFFABBC x14=FFFFABBC x15=00000270 
# ** Warning: (vsim-151) NUMERIC_STD.TO_INTEGER: Value -2 is not in bounds of subtype NATURAL.
# ** Warning: (vsim-151) NUMERIC_STD.TO_INTEGER: Value -2 is not in bounds of subtype NATURAL.
# ** Note: ** Addr=000003D4, Word=245, Instuction=00000213, Mnemonic=addi x4, x0, 00000000
# ** Note:   x1=0000200B x2=00003098 x3=00000010 x5=00000002 x6=00002020 x7=FFFFABBC x12=00002000 x13=FFFFABBC x14=FFFFABBC x15=00000270 
# ** Warning: (vsim-151) NUMERIC_STD.TO_INTEGER: Value -21830 is not in bounds of subtype NATURAL.
# ** Warning: (vsim-151) NUMERIC_STD.TO_INTEGER: Value -21830 is not in bounds of subtype NATURAL.
# ** Note: ** Addr=000003D8, Word=246, Instuction=FFFFB6B7, Mnemonic=lui x13, FFFFB000
# ** Note:   x1=0000200B x2=00003098 x3=00000010 x5=00000002 x6=00002020 x7=FFFFABBC x12=00002000 x13=FFFFB000 x14=FFFFABBC x15=00000270 
# ** Warning: (vsim-151) NUMERIC_STD.TO_INTEGER: Value -23178 is not in bounds of subtype NATURAL.
# ** Warning: (vsim-151) NUMERIC_STD.TO_INTEGER: Value -23178 is not in bounds of subtype NATURAL.
# ** Warning: (vsim-151) NUMERIC_STD.TO_INTEGER: Value -21830 is not in bounds of subtype NATURAL.
# ** Warning: (vsim-151) NUMERIC_STD.TO_INTEGER: Value -21830 is not in bounds of subtype NATURAL.
# ** Note: ** Addr=000003DC, Word=247, Instuction=ABB68693, Mnemonic=addi x13, x13, FFFFFABB
# ** Note:   x1=0000200B x2=00003098 x3=00000010 x5=00000002 x6=00002020 x7=FFFFABBC x12=00002000 x13=FFFFAABB x14=FFFFABBC x15=00000270 
# ** Note: ** Addr=000003E0, Word=248, Instuction=00000013, Mnemonic=addi x0, x0, 00000000
# ** Note:   x1=0000200B x2=00003098 x3=00000010 x5=00000002 x6=00002020 x7=FFFFABBC x12=00002000 x13=FFFFAABB x14=FFFFABBC x15=00000270 
# ** Note: ** Addr=000003E4, Word=249, Instuction=00002617, Mnemonic=auipc x12, 00002000
# ** Note:   x1=0000200B x2=00003098 x3=00000010 x5=00000002 x6=00002020 x7=FFFFABBC x12=000023E4 x13=FFFFAABB x14=FFFFABBC x15=00000270 
# ** Note: ** Addr=000003E8, Word=250, Instuction=C1C60613, Mnemonic=addi x12, x12, FFFFFC1C
# ** Note:   x1=0000200B x2=00003098 x3=00000010 x5=00000002 x6=00002020 x7=FFFFABBC x12=00002000 x13=FFFFAABB x14=FFFFABBC x15=00000270 
# ** Note: ** Addr=000003EC, Word=251, Instuction=00000013, Mnemonic=addi x0, x0, 00000000
# ** Note:   x1=0000200B x2=00003098 x3=00000010 x5=00000002 x6=00002020 x7=FFFFABBC x12=00002000 x13=FFFFAABB x14=FFFFABBC x15=00000270 
# ** Note: ** Addr=000003F0, Word=252, Instuction=00D61423, Mnemonic=sh x13, 00000008(x12)
# ** Note:   x1=0000200B x2=00003098 x3=00000010 x5=00000002 x6=00002020 x7=FFFFABBC x12=00002000 x13=FFFFAABB x14=FFFFABBC x15=00000270 
# ** Note:   Addr=00002008, Word=2050, WData=FFFFAABB, RData=000000AA
# ** Note: ** Addr=000003F4, Word=253, Instuction=00861703, Mnemonic=lh x14, 00000008(x12)
# ** Note:   x1=0000200B x2=00003098 x3=00000010 x5=00000002 x6=00002020 x7=FFFFABBC x12=00002000 x13=FFFFAABB x14=FFFFAABB x15=00000270 
# ** Note:   Addr=00002008, Word=2050, WData=00000000, RData=0000AABB
# ** Warning: (vsim-151) NUMERIC_STD.TO_INTEGER: Value -21830 is not in bounds of subtype NATURAL.
# ** Warning: (vsim-151) NUMERIC_STD.TO_INTEGER: Value -21830 is not in bounds of subtype NATURAL.
# ** Note: ** Addr=000003F8, Word=254, Instuction=FFFFB3B7, Mnemonic=lui x7, FFFFB000
# ** Note:   x1=0000200B x2=00003098 x3=00000010 x5=00000002 x6=00002020 x7=FFFFB000 x12=00002000 x13=FFFFAABB x14=FFFFAABB x15=00000270 
# ** Warning: (vsim-151) NUMERIC_STD.TO_INTEGER: Value -23178 is not in bounds of subtype NATURAL.
# ** Warning: (vsim-151) NUMERIC_STD.TO_INTEGER: Value -23178 is not in bounds of subtype NATURAL.
# ** Warning: (vsim-151) NUMERIC_STD.TO_INTEGER: Value -22284 is not in bounds of subtype NATURAL.
# ** Warning: (vsim-151) NUMERIC_STD.TO_INTEGER: Value -22284 is not in bounds of subtype NATURAL.
# ** Note: ** Addr=000003FC, Word=255, Instuction=ABB38393, Mnemonic=addi x7, x7, FFFFFABB
# ** Note:   x1=0000200B x2=00003098 x3=00000010 x5=00000002 x6=00002020 x7=FFFFAABB x12=00002000 x13=FFFFAABB x14=FFFFAABB x15=00000270 
# ** Warning: (vsim-151) NUMERIC_STD.TO_INTEGER: Value -43658 is not in bounds of subtype NATURAL.
# ** Warning: (vsim-151) NUMERIC_STD.TO_INTEGER: Value -43658 is not in bounds of subtype NATURAL.
# ** Note: ** Addr=00000400, Word=256, Instuction=1C771463, Mnemonic=bne x14, x7, 000001C8
# ** Note:   x1=0000200B x2=00003098 x3=00000010 x5=00000002 x6=00002020 x7=FFFFAABB x12=00002000 x13=FFFFAABB x14=FFFFAABB x15=00000270 
# ** Note: ** Addr=00000404, Word=257, Instuction=00120213, Mnemonic=addi x4, x4, 00000001
# ** Note:   x1=0000200B x2=00003098 x3=00000010 x4=00000001 x5=00000002 x6=00002020 x7=FFFFAABB x12=00002000 x13=FFFFAABB x14=FFFFAABB x15=00000270 
# ** Warning: (vsim-151) NUMERIC_STD.TO_INTEGER: Value -2 is not in bounds of subtype NATURAL.
# ** Warning: (vsim-151) NUMERIC_STD.TO_INTEGER: Value -2 is not in bounds of subtype NATURAL.
# ** Note: ** Addr=00000408, Word=258, Instuction=00200293, Mnemonic=addi x5, x0, 00000002
# ** Note:   x1=0000200B x2=00003098 x3=00000010 x4=00000001 x5=00000002 x6=00002020 x7=FFFFAABB x12=00002000 x13=FFFFAABB x14=FFFFAABB x15=00000270 
# ** Note: ** Addr=0000040C, Word=259, Instuction=FC5216E3, Mnemonic=bne x4, x5, FFFFFFCC
# ** Note:   x1=0000200B x2=00003098 x3=00000010 x4=00000001 x5=00000002 x6=00002020 x7=FFFFAABB x12=00002000 x13=FFFFAABB x14=FFFFAABB x15=00000270 
# ** Warning: (vsim-151) NUMERIC_STD.TO_INTEGER: Value -21830 is not in bounds of subtype NATURAL.
# ** Warning: (vsim-151) NUMERIC_STD.TO_INTEGER: Value -21830 is not in bounds of subtype NATURAL.
# ** Note: ** Addr=000003D8, Word=246, Instuction=FFFFB6B7, Mnemonic=lui x13, FFFFB000
# ** Note:   x1=0000200B x2=00003098 x3=00000010 x4=00000001 x5=00000002 x6=00002020 x7=FFFFAABB x12=00002000 x13=FFFFB000 x14=FFFFAABB x15=00000270 
# ** Warning: (vsim-151) NUMERIC_STD.TO_INTEGER: Value -23178 is not in bounds of subtype NATURAL.
# ** Warning: (vsim-151) NUMERIC_STD.TO_INTEGER: Value -23178 is not in bounds of subtype NATURAL.
# ** Warning: (vsim-151) NUMERIC_STD.TO_INTEGER: Value -21830 is not in bounds of subtype NATURAL.
# ** Warning: (vsim-151) NUMERIC_STD.TO_INTEGER: Value -21830 is not in bounds of subtype NATURAL.
# ** Note: ** Addr=000003DC, Word=247, Instuction=ABB68693, Mnemonic=addi x13, x13, FFFFFABB
# ** Note:   x1=0000200B x2=00003098 x3=00000010 x4=00000001 x5=00000002 x6=00002020 x7=FFFFAABB x12=00002000 x13=FFFFAABB x14=FFFFAABB x15=00000270 
# ** Note: ** Addr=000003E0, Word=248, Instuction=00000013, Mnemonic=addi x0, x0, 00000000
# ** Note:   x1=0000200B x2=00003098 x3=00000010 x4=00000001 x5=00000002 x6=00002020 x7=FFFFAABB x12=00002000 x13=FFFFAABB x14=FFFFAABB x15=00000270 
# ** Note: ** Addr=000003E4, Word=249, Instuction=00002617, Mnemonic=auipc x12, 00002000
# ** Note:   x1=0000200B x2=00003098 x3=00000010 x4=00000001 x5=00000002 x6=00002020 x7=FFFFAABB x12=000023E4 x13=FFFFAABB x14=FFFFAABB x15=00000270 
# ** Note: ** Addr=000003E8, Word=250, Instuction=C1C60613, Mnemonic=addi x12, x12, FFFFFC1C
# ** Note:   x1=0000200B x2=00003098 x3=00000010 x4=00000001 x5=00000002 x6=00002020 x7=FFFFAABB x12=00002000 x13=FFFFAABB x14=FFFFAABB x15=00000270 
# ** Note: ** Addr=000003EC, Word=251, Instuction=00000013, Mnemonic=addi x0, x0, 00000000
# ** Note:   x1=0000200B x2=00003098 x3=00000010 x4=00000001 x5=00000002 x6=00002020 x7=FFFFAABB x12=00002000 x13=FFFFAABB x14=FFFFAABB x15=00000270 
# ** Note: ** Addr=000003F0, Word=252, Instuction=00D61423, Mnemonic=sh x13, 00000008(x12)
# ** Note:   x1=0000200B x2=00003098 x3=00000010 x4=00000001 x5=00000002 x6=00002020 x7=FFFFAABB x12=00002000 x13=FFFFAABB x14=FFFFAABB x15=00000270 
# ** Note:   Addr=00002008, Word=2050, WData=FFFFAABB, RData=0000AABB
# ** Note: ** Addr=000003F4, Word=253, Instuction=00861703, Mnemonic=lh x14, 00000008(x12)
# ** Note:   x1=0000200B x2=00003098 x3=00000010 x4=00000001 x5=00000002 x6=00002020 x7=FFFFAABB x12=00002000 x13=FFFFAABB x14=FFFFAABB x15=00000270 
# ** Note:   Addr=00002008, Word=2050, WData=00000000, RData=0000AABB
# ** Warning: (vsim-151) NUMERIC_STD.TO_INTEGER: Value -21830 is not in bounds of subtype NATURAL.
# ** Warning: (vsim-151) NUMERIC_STD.TO_INTEGER: Value -21830 is not in bounds of subtype NATURAL.
# ** Note: ** Addr=000003F8, Word=254, Instuction=FFFFB3B7, Mnemonic=lui x7, FFFFB000
# ** Note:   x1=0000200B x2=00003098 x3=00000010 x4=00000001 x5=00000002 x6=00002020 x7=FFFFB000 x12=00002000 x13=FFFFAABB x14=FFFFAABB x15=00000270 
# ** Warning: (vsim-151) NUMERIC_STD.TO_INTEGER: Value -23178 is not in bounds of subtype NATURAL.
# ** Warning: (vsim-151) NUMERIC_STD.TO_INTEGER: Value -23178 is not in bounds of subtype NATURAL.
# ** Warning: (vsim-151) NUMERIC_STD.TO_INTEGER: Value -22284 is not in bounds of subtype NATURAL.
# ** Warning: (vsim-151) NUMERIC_STD.TO_INTEGER: Value -22284 is not in bounds of subtype NATURAL.
# ** Note: ** Addr=000003FC, Word=255, Instuction=ABB38393, Mnemonic=addi x7, x7, FFFFFABB
# ** Note:   x1=0000200B x2=00003098 x3=00000010 x4=00000001 x5=00000002 x6=00002020 x7=FFFFAABB x12=00002000 x13=FFFFAABB x14=FFFFAABB x15=00000270 
# ** Warning: (vsim-151) NUMERIC_STD.TO_INTEGER: Value -43658 is not in bounds of subtype NATURAL.
# ** Warning: (vsim-151) NUMERIC_STD.TO_INTEGER: Value -43658 is not in bounds of subtype NATURAL.
# ** Note: ** Addr=00000400, Word=256, Instuction=1C771463, Mnemonic=bne x14, x7, 000001C8
# ** Note:   x1=0000200B x2=00003098 x3=00000010 x4=00000001 x5=00000002 x6=00002020 x7=FFFFAABB x12=00002000 x13=FFFFAABB x14=FFFFAABB x15=00000270 
# ** Note: ** Addr=00000404, Word=257, Instuction=00120213, Mnemonic=addi x4, x4, 00000001
# ** Note:   x1=0000200B x2=00003098 x3=00000010 x4=00000002 x5=00000002 x6=00002020 x7=FFFFAABB x12=00002000 x13=FFFFAABB x14=FFFFAABB x15=00000270 
# ** Note: ** Addr=00000408, Word=258, Instuction=00200293, Mnemonic=addi x5, x0, 00000002
# ** Note:   x1=0000200B x2=00003098 x3=00000010 x4=00000002 x5=00000002 x6=00002020 x7=FFFFAABB x12=00002000 x13=FFFFAABB x14=FFFFAABB x15=00000270 
# ** Note: ** Addr=0000040C, Word=259, Instuction=FC5216E3, Mnemonic=bne x4, x5, FFFFFFCC
# ** Note:   x1=0000200B x2=00003098 x3=00000010 x4=00000002 x5=00000002 x6=00002020 x7=FFFFAABB x12=00002000 x13=FFFFAABB x14=FFFFAABB x15=00000270 
# ** Note: ** Addr=00000410, Word=260, Instuction=01100193, Mnemonic=addi x3, x0, 00000011
# ** Note:   x1=0000200B x2=00003098 x3=00000011 x4=00000002 x5=00000002 x6=00002020 x7=FFFFAABB x12=00002000 x13=FFFFAABB x14=FFFFAABB x15=00000270 
# ** Warning: (vsim-151) NUMERIC_STD.TO_INTEGER: Value -2 is not in bounds of subtype NATURAL.
# ** Warning: (vsim-151) NUMERIC_STD.TO_INTEGER: Value -2 is not in bounds of subtype NATURAL.
# ** Note: ** Addr=00000414, Word=261, Instuction=00000213, Mnemonic=addi x4, x0, 00000000
# ** Note:   x1=0000200B x2=00003098 x3=00000011 x5=00000002 x6=00002020 x7=FFFFAABB x12=00002000 x13=FFFFAABB x14=FFFFAABB x15=00000270 
# ** Warning: (vsim-151) NUMERIC_STD.TO_INTEGER: Value -9558 is not in bounds of subtype NATURAL.
# ** Warning: (vsim-151) NUMERIC_STD.TO_INTEGER: Value -9558 is not in bounds of subtype NATURAL.
# ** Note: ** Addr=00000418, Word=262, Instuction=FFFFE6B7, Mnemonic=lui x13, FFFFE000
# ** Note:   x1=0000200B x2=00003098 x3=00000011 x5=00000002 x6=00002020 x7=FFFFAABB x12=00002000 x13=FFFFE000 x14=FFFFAABB x15=00000270 
# ** Warning: (vsim-151) NUMERIC_STD.TO_INTEGER: Value -10922 is not in bounds of subtype NATURAL.
# ** Warning: (vsim-151) NUMERIC_STD.TO_INTEGER: Value -10922 is not in bounds of subtype NATURAL.
# ** Warning: (vsim-151) NUMERIC_STD.TO_INTEGER: Value -9558 is not in bounds of subtype NATURAL.
# ** Warning: (vsim-151) NUMERIC_STD.TO_INTEGER: Value -9558 is not in bounds of subtype NATURAL.
# ** Note: ** Addr=0000041C, Word=263, Instuction=AAB68693, Mnemonic=addi x13, x13, FFFFFAAB
# ** Note:   x1=0000200B x2=00003098 x3=00000011 x5=00000002 x6=00002020 x7=FFFFAABB x12=00002000 x13=FFFFDAAB x14=FFFFAABB x15=00000270 
# ** Note: ** Addr=00000420, Word=264, Instuction=00000013, Mnemonic=addi x0, x0, 00000000
# ** Note:   x1=0000200B x2=00003098 x3=00000011 x5=00000002 x6=00002020 x7=FFFFAABB x12=00002000 x13=FFFFDAAB x14=FFFFAABB x15=00000270 
# ** Note: ** Addr=00000424, Word=265, Instuction=00000013, Mnemonic=addi x0, x0, 00000000
# ** Note:   x1=0000200B x2=00003098 x3=00000011 x5=00000002 x6=00002020 x7=FFFFAABB x12=00002000 x13=FFFFDAAB x14=FFFFAABB x15=00000270 
# ** Note: ** Addr=00000428, Word=266, Instuction=00002617, Mnemonic=auipc x12, 00002000
# ** Note:   x1=0000200B x2=00003098 x3=00000011 x5=00000002 x6=00002020 x7=FFFFAABB x12=00002428 x13=FFFFDAAB x14=FFFFAABB x15=00000270 
# ** Note: ** Addr=0000042C, Word=267, Instuction=BD860613, Mnemonic=addi x12, x12, FFFFFBD8
# ** Note:   x1=0000200B x2=00003098 x3=00000011 x5=00000002 x6=00002020 x7=FFFFAABB x12=00002000 x13=FFFFDAAB x14=FFFFAABB x15=00000270 
# ** Note: ** Addr=00000430, Word=268, Instuction=00D61523, Mnemonic=sh x13, 0000000A(x12)
# ** Note:   x1=0000200B x2=00003098 x3=00000011 x5=00000002 x6=00002020 x7=FFFFAABB x12=00002000 x13=FFFFDAAB x14=FFFFAABB x15=00000270 
# ** Note:   Addr=0000200A, Word=2050, WData=FFFFDAAB, RData=0000AA00
# ** Note: ** Addr=00000434, Word=269, Instuction=00A61703, Mnemonic=lh x14, 0000000A(x12)
# ** Note:   x1=0000200B x2=00003098 x3=00000011 x5=00000002 x6=00002020 x7=FFFFAABB x12=00002000 x13=FFFFDAAB x14=FFFFDAAB x15=00000270 
# ** Note:   Addr=0000200A, Word=2050, WData=00000000, RData=0000DAAB
# ** Warning: (vsim-151) NUMERIC_STD.TO_INTEGER: Value -9558 is not in bounds of subtype NATURAL.
# ** Warning: (vsim-151) NUMERIC_STD.TO_INTEGER: Value -9558 is not in bounds of subtype NATURAL.
# ** Note: ** Addr=00000438, Word=270, Instuction=FFFFE3B7, Mnemonic=lui x7, FFFFE000
# ** Note:   x1=0000200B x2=00003098 x3=00000011 x5=00000002 x6=00002020 x7=FFFFE000 x12=00002000 x13=FFFFDAAB x14=FFFFDAAB x15=00000270 
# ** Warning: (vsim-151) NUMERIC_STD.TO_INTEGER: Value -10922 is not in bounds of subtype NATURAL.
# ** Warning: (vsim-151) NUMERIC_STD.TO_INTEGER: Value -10922 is not in bounds of subtype NATURAL.
# ** Warning: (vsim-151) NUMERIC_STD.TO_INTEGER: Value -9948 is not in bounds of subtype NATURAL.
# ** Warning: (vsim-151) NUMERIC_STD.TO_INTEGER: Value -9948 is not in bounds of subtype NATURAL.
# ** Note: ** Addr=0000043C, Word=271, Instuction=AAB38393, Mnemonic=addi x7, x7, FFFFFAAB
# ** Note:   x1=0000200B x2=00003098 x3=00000011 x5=00000002 x6=00002020 x7=FFFFDAAB x12=00002000 x13=FFFFDAAB x14=FFFFDAAB x15=00000270 
# ** Warning: (vsim-151) NUMERIC_STD.TO_INTEGER: Value -19114 is not in bounds of subtype NATURAL.
# ** Warning: (vsim-151) NUMERIC_STD.TO_INTEGER: Value -19114 is not in bounds of subtype NATURAL.
# ** Note: ** Addr=00000440, Word=272, Instuction=18771463, Mnemonic=bne x14, x7, 00000188
# ** Note:   x1=0000200B x2=00003098 x3=00000011 x5=00000002 x6=00002020 x7=FFFFDAAB x12=00002000 x13=FFFFDAAB x14=FFFFDAAB x15=00000270 
# ** Note: ** Addr=00000444, Word=273, Instuction=00120213, Mnemonic=addi x4, x4, 00000001
# ** Note:   x1=0000200B x2=00003098 x3=00000011 x4=00000001 x5=00000002 x6=00002020 x7=FFFFDAAB x12=00002000 x13=FFFFDAAB x14=FFFFDAAB x15=00000270 
# ** Warning: (vsim-151) NUMERIC_STD.TO_INTEGER: Value -2 is not in bounds of subtype NATURAL.
# ** Warning: (vsim-151) NUMERIC_STD.TO_INTEGER: Value -2 is not in bounds of subtype NATURAL.
# ** Note: ** Addr=00000448, Word=274, Instuction=00200293, Mnemonic=addi x5, x0, 00000002
# ** Note:   x1=0000200B x2=00003098 x3=00000011 x4=00000001 x5=00000002 x6=00002020 x7=FFFFDAAB x12=00002000 x13=FFFFDAAB x14=FFFFDAAB x15=00000270 
# ** Note: ** Addr=0000044C, Word=275, Instuction=FC5216E3, Mnemonic=bne x4, x5, FFFFFFCC
# ** Note:   x1=0000200B x2=00003098 x3=00000011 x4=00000001 x5=00000002 x6=00002020 x7=FFFFDAAB x12=00002000 x13=FFFFDAAB x14=FFFFDAAB x15=00000270 
# ** Warning: (vsim-151) NUMERIC_STD.TO_INTEGER: Value -9558 is not in bounds of subtype NATURAL.
# ** Warning: (vsim-151) NUMERIC_STD.TO_INTEGER: Value -9558 is not in bounds of subtype NATURAL.
# ** Note: ** Addr=00000418, Word=262, Instuction=FFFFE6B7, Mnemonic=lui x13, FFFFE000
# ** Note:   x1=0000200B x2=00003098 x3=00000011 x4=00000001 x5=00000002 x6=00002020 x7=FFFFDAAB x12=00002000 x13=FFFFE000 x14=FFFFDAAB x15=00000270 
# ** Warning: (vsim-151) NUMERIC_STD.TO_INTEGER: Value -10922 is not in bounds of subtype NATURAL.
# ** Warning: (vsim-151) NUMERIC_STD.TO_INTEGER: Value -10922 is not in bounds of subtype NATURAL.
# ** Warning: (vsim-151) NUMERIC_STD.TO_INTEGER: Value -9558 is not in bounds of subtype NATURAL.
# ** Warning: (vsim-151) NUMERIC_STD.TO_INTEGER: Value -9558 is not in bounds of subtype NATURAL.
# ** Note: ** Addr=0000041C, Word=263, Instuction=AAB68693, Mnemonic=addi x13, x13, FFFFFAAB
# ** Note:   x1=0000200B x2=00003098 x3=00000011 x4=00000001 x5=00000002 x6=00002020 x7=FFFFDAAB x12=00002000 x13=FFFFDAAB x14=FFFFDAAB x15=00000270 
# ** Note: ** Addr=00000420, Word=264, Instuction=00000013, Mnemonic=addi x0, x0, 00000000
# ** Note:   x1=0000200B x2=00003098 x3=00000011 x4=00000001 x5=00000002 x6=00002020 x7=FFFFDAAB x12=00002000 x13=FFFFDAAB x14=FFFFDAAB x15=00000270 
# ** Note: ** Addr=00000424, Word=265, Instuction=00000013, Mnemonic=addi x0, x0, 00000000
# ** Note:   x1=0000200B x2=00003098 x3=00000011 x4=00000001 x5=00000002 x6=00002020 x7=FFFFDAAB x12=00002000 x13=FFFFDAAB x14=FFFFDAAB x15=00000270 
# ** Note: ** Addr=00000428, Word=266, Instuction=00002617, Mnemonic=auipc x12, 00002000
# ** Note:   x1=0000200B x2=00003098 x3=00000011 x4=00000001 x5=00000002 x6=00002020 x7=FFFFDAAB x12=00002428 x13=FFFFDAAB x14=FFFFDAAB x15=00000270 
# ** Note: ** Addr=0000042C, Word=267, Instuction=BD860613, Mnemonic=addi x12, x12, FFFFFBD8
# ** Note:   x1=0000200B x2=00003098 x3=00000011 x4=00000001 x5=00000002 x6=00002020 x7=FFFFDAAB x12=00002000 x13=FFFFDAAB x14=FFFFDAAB x15=00000270 
# ** Note: ** Addr=00000430, Word=268, Instuction=00D61523, Mnemonic=sh x13, 0000000A(x12)
# ** Note:   x1=0000200B x2=00003098 x3=00000011 x4=00000001 x5=00000002 x6=00002020 x7=FFFFDAAB x12=00002000 x13=FFFFDAAB x14=FFFFDAAB x15=00000270 
# ** Note:   Addr=0000200A, Word=2050, WData=FFFFDAAB, RData=0000DAAB
# ** Note: ** Addr=00000434, Word=269, Instuction=00A61703, Mnemonic=lh x14, 0000000A(x12)
# ** Note:   x1=0000200B x2=00003098 x3=00000011 x4=00000001 x5=00000002 x6=00002020 x7=FFFFDAAB x12=00002000 x13=FFFFDAAB x14=FFFFDAAB x15=00000270 
# ** Note:   Addr=0000200A, Word=2050, WData=00000000, RData=0000DAAB
# ** Warning: (vsim-151) NUMERIC_STD.TO_INTEGER: Value -9558 is not in bounds of subtype NATURAL.
# ** Warning: (vsim-151) NUMERIC_STD.TO_INTEGER: Value -9558 is not in bounds of subtype NATURAL.
# ** Note: ** Addr=00000438, Word=270, Instuction=FFFFE3B7, Mnemonic=lui x7, FFFFE000
# ** Note:   x1=0000200B x2=00003098 x3=00000011 x4=00000001 x5=00000002 x6=00002020 x7=FFFFE000 x12=00002000 x13=FFFFDAAB x14=FFFFDAAB x15=00000270 
# ** Warning: (vsim-151) NUMERIC_STD.TO_INTEGER: Value -10922 is not in bounds of subtype NATURAL.
# ** Warning: (vsim-151) NUMERIC_STD.TO_INTEGER: Value -10922 is not in bounds of subtype NATURAL.
# ** Warning: (vsim-151) NUMERIC_STD.TO_INTEGER: Value -9948 is not in bounds of subtype NATURAL.
# ** Warning: (vsim-151) NUMERIC_STD.TO_INTEGER: Value -9948 is not in bounds of subtype NATURAL.
# ** Note: ** Addr=0000043C, Word=271, Instuction=AAB38393, Mnemonic=addi x7, x7, FFFFFAAB
# ** Note:   x1=0000200B x2=00003098 x3=00000011 x4=00000001 x5=00000002 x6=00002020 x7=FFFFDAAB x12=00002000 x13=FFFFDAAB x14=FFFFDAAB x15=00000270 
# ** Warning: (vsim-151) NUMERIC_STD.TO_INTEGER: Value -19114 is not in bounds of subtype NATURAL.
# ** Warning: (vsim-151) NUMERIC_STD.TO_INTEGER: Value -19114 is not in bounds of subtype NATURAL.
# ** Note: ** Addr=00000440, Word=272, Instuction=18771463, Mnemonic=bne x14, x7, 00000188
# ** Note:   x1=0000200B x2=00003098 x3=00000011 x4=00000001 x5=00000002 x6=00002020 x7=FFFFDAAB x12=00002000 x13=FFFFDAAB x14=FFFFDAAB x15=00000270 
# ** Note: ** Addr=00000444, Word=273, Instuction=00120213, Mnemonic=addi x4, x4, 00000001
# ** Note:   x1=0000200B x2=00003098 x3=00000011 x4=00000002 x5=00000002 x6=00002020 x7=FFFFDAAB x12=00002000 x13=FFFFDAAB x14=FFFFDAAB x15=00000270 
# ** Note: ** Addr=00000448, Word=274, Instuction=00200293, Mnemonic=addi x5, x0, 00000002
# ** Note:   x1=0000200B x2=00003098 x3=00000011 x4=00000002 x5=00000002 x6=00002020 x7=FFFFDAAB x12=00002000 x13=FFFFDAAB x14=FFFFDAAB x15=00000270 
# ** Note: ** Addr=0000044C, Word=275, Instuction=FC5216E3, Mnemonic=bne x4, x5, FFFFFFCC
# ** Note:   x1=0000200B x2=00003098 x3=00000011 x4=00000002 x5=00000002 x6=00002020 x7=FFFFDAAB x12=00002000 x13=FFFFDAAB x14=FFFFDAAB x15=00000270 
# ** Note: ** Addr=00000450, Word=276, Instuction=01200193, Mnemonic=addi x3, x0, 00000012
# ** Note:   x1=0000200B x2=00003098 x3=00000012 x4=00000002 x5=00000002 x6=00002020 x7=FFFFDAAB x12=00002000 x13=FFFFDAAB x14=FFFFDAAB x15=00000270 
# ** Note: ** Addr=00000454, Word=277, Instuction=00000213, Mnemonic=addi x4, x0, 00000000
# ** Note:   x1=0000200B x2=00003098 x3=00000012 x5=00000002 x6=00002020 x7=FFFFDAAB x12=00002000 x13=FFFFDAAB x14=FFFFDAAB x15=00000270 
# ** Note: ** Addr=00000458, Word=278, Instuction=00002117, Mnemonic=auipc x2, 00002000
# ** Note:   x1=0000200B x2=00002458 x3=00000012 x5=00000002 x6=00002020 x7=FFFFDAAB x12=00002000 x13=FFFFDAAB x14=FFFFDAAB x15=00000270 
# ** Note: ** Addr=0000045C, Word=279, Instuction=BA810113, Mnemonic=addi x2, x2, FFFFFBA8
# ** Note:   x1=0000200B x2=00002000 x3=00000012 x5=00000002 x6=00002020 x7=FFFFDAAB x12=00002000 x13=FFFFDAAB x14=FFFFDAAB x15=00000270 
# ** Note: ** Addr=00000460, Word=280, Instuction=000020B7, Mnemonic=lui x1, 00002000
# ** Note:   x1=00002000 x2=00002000 x3=00000012 x5=00000002 x6=00002020 x7=FFFFDAAB x12=00002000 x13=FFFFDAAB x14=FFFFDAAB x15=00000270 
# ** Note: ** Addr=00000464, Word=281, Instuction=23308093, Mnemonic=addi x1, x1, 00000233
# ** Note:   x1=00002233 x2=00002000 x3=00000012 x5=00000002 x6=00002020 x7=FFFFDAAB x12=00002000 x13=FFFFDAAB x14=FFFFDAAB x15=00000270 
# ** Note: ** Addr=00000468, Word=282, Instuction=00111023, Mnemonic=sh x1, 00000000(x2)
# ** Note:   x1=00002233 x2=00002000 x3=00000012 x5=00000002 x6=00002020 x7=FFFFDAAB x12=00002000 x13=FFFFDAAB x14=FFFFDAAB x15=00000270 
# ** Note:   Addr=00002000, Word=2048, WData=00002233, RData=0000CCDD
# ** Note: ** Addr=0000046C, Word=283, Instuction=00011703, Mnemonic=lh x14, 00000000(x2)
# ** Note:   x1=00002233 x2=00002000 x3=00000012 x5=00000002 x6=00002020 x7=FFFFDAAB x12=00002000 x13=FFFFDAAB x14=00002233 x15=00000270 
# ** Note:   Addr=00002000, Word=2048, WData=00000000, RData=00002233
# ** Note: ** Addr=00000470, Word=284, Instuction=000023B7, Mnemonic=lui x7, 00002000
# ** Note:   x1=00002233 x2=00002000 x3=00000012 x5=00000002 x6=00002020 x7=00002000 x12=00002000 x13=FFFFDAAB x14=00002233 x15=00000270 
# ** Note: ** Addr=00000474, Word=285, Instuction=23338393, Mnemonic=addi x7, x7, 00000233
# ** Note:   x1=00002233 x2=00002000 x3=00000012 x5=00000002 x6=00002020 x7=00002233 x12=00002000 x13=FFFFDAAB x14=00002233 x15=00000270 
# ** Note: ** Addr=00000478, Word=286, Instuction=14771863, Mnemonic=bne x14, x7, 00000150
# ** Note:   x1=00002233 x2=00002000 x3=00000012 x5=00000002 x6=00002020 x7=00002233 x12=00002000 x13=FFFFDAAB x14=00002233 x15=00000270 
# ** Note: ** Addr=0000047C, Word=287, Instuction=00120213, Mnemonic=addi x4, x4, 00000001
# ** Note:   x1=00002233 x2=00002000 x3=00000012 x4=00000001 x5=00000002 x6=00002020 x7=00002233 x12=00002000 x13=FFFFDAAB x14=00002233 x15=00000270 
# ** Warning: (vsim-151) NUMERIC_STD.TO_INTEGER: Value -2 is not in bounds of subtype NATURAL.
# ** Warning: (vsim-151) NUMERIC_STD.TO_INTEGER: Value -2 is not in bounds of subtype NATURAL.
# ** Note: ** Addr=00000480, Word=288, Instuction=00200293, Mnemonic=addi x5, x0, 00000002
# ** Note:   x1=00002233 x2=00002000 x3=00000012 x4=00000001 x5=00000002 x6=00002020 x7=00002233 x12=00002000 x13=FFFFDAAB x14=00002233 x15=00000270 
# ** Note: ** Addr=00000484, Word=289, Instuction=FC521AE3, Mnemonic=bne x4, x5, FFFFFFD4
# ** Note:   x1=00002233 x2=00002000 x3=00000012 x4=00000001 x5=00000002 x6=00002020 x7=00002233 x12=00002000 x13=FFFFDAAB x14=00002233 x15=00000270 
# ** Note: ** Addr=00000458, Word=278, Instuction=00002117, Mnemonic=auipc x2, 00002000
# ** Note:   x1=00002233 x2=00002458 x3=00000012 x4=00000001 x5=00000002 x6=00002020 x7=00002233 x12=00002000 x13=FFFFDAAB x14=00002233 x15=00000270 
# ** Note: ** Addr=0000045C, Word=279, Instuction=BA810113, Mnemonic=addi x2, x2, FFFFFBA8
# ** Note:   x1=00002233 x2=00002000 x3=00000012 x4=00000001 x5=00000002 x6=00002020 x7=00002233 x12=00002000 x13=FFFFDAAB x14=00002233 x15=00000270 
# ** Note: ** Addr=00000460, Word=280, Instuction=000020B7, Mnemonic=lui x1, 00002000
# ** Note:   x1=00002000 x2=00002000 x3=00000012 x4=00000001 x5=00000002 x6=00002020 x7=00002233 x12=00002000 x13=FFFFDAAB x14=00002233 x15=00000270 
# ** Note: ** Addr=00000464, Word=281, Instuction=23308093, Mnemonic=addi x1, x1, 00000233
# ** Note:   x1=00002233 x2=00002000 x3=00000012 x4=00000001 x5=00000002 x6=00002020 x7=00002233 x12=00002000 x13=FFFFDAAB x14=00002233 x15=00000270 
# ** Note: ** Addr=00000468, Word=282, Instuction=00111023, Mnemonic=sh x1, 00000000(x2)
# ** Note:   x1=00002233 x2=00002000 x3=00000012 x4=00000001 x5=00000002 x6=00002020 x7=00002233 x12=00002000 x13=FFFFDAAB x14=00002233 x15=00000270 
# ** Note:   Addr=00002000, Word=2048, WData=00002233, RData=00002233
# ** Note: ** Addr=0000046C, Word=283, Instuction=00011703, Mnemonic=lh x14, 00000000(x2)
# ** Note:   x1=00002233 x2=00002000 x3=00000012 x4=00000001 x5=00000002 x6=00002020 x7=00002233 x12=00002000 x13=FFFFDAAB x14=00002233 x15=00000270 
# ** Note:   Addr=00002000, Word=2048, WData=00000000, RData=00002233
# ** Note: ** Addr=00000470, Word=284, Instuction=000023B7, Mnemonic=lui x7, 00002000
# ** Note:   x1=00002233 x2=00002000 x3=00000012 x4=00000001 x5=00000002 x6=00002020 x7=00002000 x12=00002000 x13=FFFFDAAB x14=00002233 x15=00000270 
# ** Note: ** Addr=00000474, Word=285, Instuction=23338393, Mnemonic=addi x7, x7, 00000233
# ** Note:   x1=00002233 x2=00002000 x3=00000012 x4=00000001 x5=00000002 x6=00002020 x7=00002233 x12=00002000 x13=FFFFDAAB x14=00002233 x15=00000270 
# ** Note: ** Addr=00000478, Word=286, Instuction=14771863, Mnemonic=bne x14, x7, 00000150
# ** Note:   x1=00002233 x2=00002000 x3=00000012 x4=00000001 x5=00000002 x6=00002020 x7=00002233 x12=00002000 x13=FFFFDAAB x14=00002233 x15=00000270 
# ** Note: ** Addr=0000047C, Word=287, Instuction=00120213, Mnemonic=addi x4, x4, 00000001
# ** Note:   x1=00002233 x2=00002000 x3=00000012 x4=00000002 x5=00000002 x6=00002020 x7=00002233 x12=00002000 x13=FFFFDAAB x14=00002233 x15=00000270 
# ** Note: ** Addr=00000480, Word=288, Instuction=00200293, Mnemonic=addi x5, x0, 00000002
# ** Note:   x1=00002233 x2=00002000 x3=00000012 x4=00000002 x5=00000002 x6=00002020 x7=00002233 x12=00002000 x13=FFFFDAAB x14=00002233 x15=00000270 
# ** Note: ** Addr=00000484, Word=289, Instuction=FC521AE3, Mnemonic=bne x4, x5, FFFFFFD4
# ** Note:   x1=00002233 x2=00002000 x3=00000012 x4=00000002 x5=00000002 x6=00002020 x7=00002233 x12=00002000 x13=FFFFDAAB x14=00002233 x15=00000270 
# ** Note: ** Addr=00000488, Word=290, Instuction=01300193, Mnemonic=addi x3, x0, 00000013
# ** Note:   x1=00002233 x2=00002000 x3=00000013 x4=00000002 x5=00000002 x6=00002020 x7=00002233 x12=00002000 x13=FFFFDAAB x14=00002233 x15=00000270 
# ** Note: ** Addr=0000048C, Word=291, Instuction=00000213, Mnemonic=addi x4, x0, 00000000
# ** Note:   x1=00002233 x2=00002000 x3=00000013 x5=00000002 x6=00002020 x7=00002233 x12=00002000 x13=FFFFDAAB x14=00002233 x15=00000270 
# ** Note: ** Addr=00000490, Word=292, Instuction=00002117, Mnemonic=auipc x2, 00002000
# ** Note:   x1=00002233 x2=00002490 x3=00000013 x5=00000002 x6=00002020 x7=00002233 x12=00002000 x13=FFFFDAAB x14=00002233 x15=00000270 
# ** Note: ** Addr=00000494, Word=293, Instuction=B7010113, Mnemonic=addi x2, x2, FFFFFB70
# ** Note:   x1=00002233 x2=00002000 x3=00000013 x5=00000002 x6=00002020 x7=00002233 x12=00002000 x13=FFFFDAAB x14=00002233 x15=00000270 
# ** Note: ** Addr=00000498, Word=294, Instuction=000010B7, Mnemonic=lui x1, 00001000
# ** Note:   x1=00001000 x2=00002000 x3=00000013 x5=00000002 x6=00002020 x7=00002233 x12=00002000 x13=FFFFDAAB x14=00002233 x15=00000270 
# ** Note: ** Addr=0000049C, Word=295, Instuction=22308093, Mnemonic=addi x1, x1, 00000223
# ** Note:   x1=00001223 x2=00002000 x3=00000013 x5=00000002 x6=00002020 x7=00002233 x12=00002000 x13=FFFFDAAB x14=00002233 x15=00000270 
# ** Note: ** Addr=000004A0, Word=296, Instuction=00000013, Mnemonic=addi x0, x0, 00000000
# ** Note:   x1=00001223 x2=00002000 x3=00000013 x5=00000002 x6=00002020 x7=00002233 x12=00002000 x13=FFFFDAAB x14=00002233 x15=00000270 
# ** Note: ** Addr=000004A4, Word=297, Instuction=00111123, Mnemonic=sh x1, 00000002(x2)
# ** Note:   x1=00001223 x2=00002000 x3=00000013 x5=00000002 x6=00002020 x7=00002233 x12=00002000 x13=FFFFDAAB x14=00002233 x15=00000270 
# ** Note:   Addr=00002002, Word=2048, WData=00001223, RData=0000BCCD
# ** Note: ** Addr=000004A8, Word=298, Instuction=00211703, Mnemonic=lh x14, 00000002(x2)
# ** Note:   x1=00001223 x2=00002000 x3=00000013 x5=00000002 x6=00002020 x7=00002233 x12=00002000 x13=FFFFDAAB x14=00001223 x15=00000270 
# ** Note:   Addr=00002002, Word=2048, WData=00002000, RData=00001223
# ** Note: ** Addr=000004AC, Word=299, Instuction=000013B7, Mnemonic=lui x7, 00001000
# ** Note:   x1=00001223 x2=00002000 x3=00000013 x5=00000002 x6=00002020 x7=00001000 x12=00002000 x13=FFFFDAAB x14=00001223 x15=00000270 
# ** Note: ** Addr=000004B0, Word=300, Instuction=22338393, Mnemonic=addi x7, x7, 00000223
# ** Note:   x1=00001223 x2=00002000 x3=00000013 x5=00000002 x6=00002020 x7=00001223 x12=00002000 x13=FFFFDAAB x14=00001223 x15=00000270 
# ** Note: ** Addr=000004B4, Word=301, Instuction=10771A63, Mnemonic=bne x14, x7, 00000114
# ** Note:   x1=00001223 x2=00002000 x3=00000013 x5=00000002 x6=00002020 x7=00001223 x12=00002000 x13=FFFFDAAB x14=00001223 x15=00000270 
# ** Note: ** Addr=000004B8, Word=302, Instuction=00120213, Mnemonic=addi x4, x4, 00000001
# ** Note:   x1=00001223 x2=00002000 x3=00000013 x4=00000001 x5=00000002 x6=00002020 x7=00001223 x12=00002000 x13=FFFFDAAB x14=00001223 x15=00000270 
# ** Warning: (vsim-151) NUMERIC_STD.TO_INTEGER: Value -2 is not in bounds of subtype NATURAL.
# ** Warning: (vsim-151) NUMERIC_STD.TO_INTEGER: Value -2 is not in bounds of subtype NATURAL.
# ** Note: ** Addr=000004BC, Word=303, Instuction=00200293, Mnemonic=addi x5, x0, 00000002
# ** Note:   x1=00001223 x2=00002000 x3=00000013 x4=00000001 x5=00000002 x6=00002020 x7=00001223 x12=00002000 x13=FFFFDAAB x14=00001223 x15=00000270 
# ** Note: ** Addr=000004C0, Word=304, Instuction=FC5218E3, Mnemonic=bne x4, x5, FFFFFFD0
# ** Note:   x1=00001223 x2=00002000 x3=00000013 x4=00000001 x5=00000002 x6=00002020 x7=00001223 x12=00002000 x13=FFFFDAAB x14=00001223 x15=00000270 
# ** Note: ** Addr=00000490, Word=292, Instuction=00002117, Mnemonic=auipc x2, 00002000
# ** Note:   x1=00001223 x2=00002490 x3=00000013 x4=00000001 x5=00000002 x6=00002020 x7=00001223 x12=00002000 x13=FFFFDAAB x14=00001223 x15=00000270 
# ** Note: ** Addr=00000494, Word=293, Instuction=B7010113, Mnemonic=addi x2, x2, FFFFFB70
# ** Note:   x1=00001223 x2=00002000 x3=00000013 x4=00000001 x5=00000002 x6=00002020 x7=00001223 x12=00002000 x13=FFFFDAAB x14=00001223 x15=00000270 
# ** Note: ** Addr=00000498, Word=294, Instuction=000010B7, Mnemonic=lui x1, 00001000
# ** Note:   x1=00001000 x2=00002000 x3=00000013 x4=00000001 x5=00000002 x6=00002020 x7=00001223 x12=00002000 x13=FFFFDAAB x14=00001223 x15=00000270 
# ** Note: ** Addr=0000049C, Word=295, Instuction=22308093, Mnemonic=addi x1, x1, 00000223
# ** Note:   x1=00001223 x2=00002000 x3=00000013 x4=00000001 x5=00000002 x6=00002020 x7=00001223 x12=00002000 x13=FFFFDAAB x14=00001223 x15=00000270 
# ** Note: ** Addr=000004A0, Word=296, Instuction=00000013, Mnemonic=addi x0, x0, 00000000
# ** Note:   x1=00001223 x2=00002000 x3=00000013 x4=00000001 x5=00000002 x6=00002020 x7=00001223 x12=00002000 x13=FFFFDAAB x14=00001223 x15=00000270 
# ** Note: ** Addr=000004A4, Word=297, Instuction=00111123, Mnemonic=sh x1, 00000002(x2)
# ** Note:   x1=00001223 x2=00002000 x3=00000013 x4=00000001 x5=00000002 x6=00002020 x7=00001223 x12=00002000 x13=FFFFDAAB x14=00001223 x15=00000270 
# ** Note:   Addr=00002002, Word=2048, WData=00001223, RData=00001223
# ** Note: ** Addr=000004A8, Word=298, Instuction=00211703, Mnemonic=lh x14, 00000002(x2)
# ** Note:   x1=00001223 x2=00002000 x3=00000013 x4=00000001 x5=00000002 x6=00002020 x7=00001223 x12=00002000 x13=FFFFDAAB x14=00001223 x15=00000270 
# ** Note:   Addr=00002002, Word=2048, WData=00002000, RData=00001223
# ** Note: ** Addr=000004AC, Word=299, Instuction=000013B7, Mnemonic=lui x7, 00001000
# ** Note:   x1=00001223 x2=00002000 x3=00000013 x4=00000001 x5=00000002 x6=00002020 x7=00001000 x12=00002000 x13=FFFFDAAB x14=00001223 x15=00000270 
# ** Note: ** Addr=000004B0, Word=300, Instuction=22338393, Mnemonic=addi x7, x7, 00000223
# ** Note:   x1=00001223 x2=00002000 x3=00000013 x4=00000001 x5=00000002 x6=00002020 x7=00001223 x12=00002000 x13=FFFFDAAB x14=00001223 x15=00000270 
# ** Note: ** Addr=000004B4, Word=301, Instuction=10771A63, Mnemonic=bne x14, x7, 00000114
# ** Note:   x1=00001223 x2=00002000 x3=00000013 x4=00000001 x5=00000002 x6=00002020 x7=00001223 x12=00002000 x13=FFFFDAAB x14=00001223 x15=00000270 
# ** Note: ** Addr=000004B8, Word=302, Instuction=00120213, Mnemonic=addi x4, x4, 00000001
# ** Note:   x1=00001223 x2=00002000 x3=00000013 x4=00000002 x5=00000002 x6=00002020 x7=00001223 x12=00002000 x13=FFFFDAAB x14=00001223 x15=00000270 
# ** Note: ** Addr=000004BC, Word=303, Instuction=00200293, Mnemonic=addi x5, x0, 00000002
# ** Note:   x1=00001223 x2=00002000 x3=00000013 x4=00000002 x5=00000002 x6=00002020 x7=00001223 x12=00002000 x13=FFFFDAAB x14=00001223 x15=00000270 
# ** Note: ** Addr=000004C0, Word=304, Instuction=FC5218E3, Mnemonic=bne x4, x5, FFFFFFD0
# ** Note:   x1=00001223 x2=00002000 x3=00000013 x4=00000002 x5=00000002 x6=00002020 x7=00001223 x12=00002000 x13=FFFFDAAB x14=00001223 x15=00000270 
# ** Note: ** Addr=000004C4, Word=305, Instuction=01400193, Mnemonic=addi x3, x0, 00000014
# ** Note:   x1=00001223 x2=00002000 x3=00000014 x4=00000002 x5=00000002 x6=00002020 x7=00001223 x12=00002000 x13=FFFFDAAB x14=00001223 x15=00000270 
# ** Note: ** Addr=000004C8, Word=306, Instuction=00000213, Mnemonic=addi x4, x0, 00000000
# ** Note:   x1=00001223 x2=00002000 x3=00000014 x5=00000002 x6=00002020 x7=00001223 x12=00002000 x13=FFFFDAAB x14=00001223 x15=00000270 
# ** Note: ** Addr=000004CC, Word=307, Instuction=00002117, Mnemonic=auipc x2, 00002000
# ** Note:   x1=00001223 x2=000024CC x3=00000014 x5=00000002 x6=00002020 x7=00001223 x12=00002000 x13=FFFFDAAB x14=00001223 x15=00000270 
# ** Note: ** Addr=000004D0, Word=308, Instuction=B3410113, Mnemonic=addi x2, x2, FFFFFB34
# ** Note:   x1=00001223 x2=00002000 x3=00000014 x5=00000002 x6=00002020 x7=00001223 x12=00002000 x13=FFFFDAAB x14=00001223 x15=00000270 
# ** Note: ** Addr=000004D4, Word=309, Instuction=000010B7, Mnemonic=lui x1, 00001000
# ** Note:   x1=00001000 x2=00002000 x3=00000014 x5=00000002 x6=00002020 x7=00001223 x12=00002000 x13=FFFFDAAB x14=00001223 x15=00000270 
# ** Note: ** Addr=000004D8, Word=310, Instuction=12208093, Mnemonic=addi x1, x1, 00000122
# ** Note:   x1=00001122 x2=00002000 x3=00000014 x5=00000002 x6=00002020 x7=00001223 x12=00002000 x13=FFFFDAAB x14=00001223 x15=00000270 
# ** Note: ** Addr=000004DC, Word=311, Instuction=00000013, Mnemonic=addi x0, x0, 00000000
# ** Note:   x1=00001122 x2=00002000 x3=00000014 x5=00000002 x6=00002020 x7=00001223 x12=00002000 x13=FFFFDAAB x14=00001223 x15=00000270 
# ** Note: ** Addr=000004E0, Word=312, Instuction=00000013, Mnemonic=addi x0, x0, 00000000
# ** Note:   x1=00001122 x2=00002000 x3=00000014 x5=00000002 x6=00002020 x7=00001223 x12=00002000 x13=FFFFDAAB x14=00001223 x15=00000270 
# ** Note: ** Addr=000004E4, Word=313, Instuction=00111223, Mnemonic=sh x1, 00000004(x2)
# ** Note:   x1=00001122 x2=00002000 x3=00000014 x5=00000002 x6=00002020 x7=00001223 x12=00002000 x13=FFFFDAAB x14=00001223 x15=00000270 
# ** Note:   Addr=00002004, Word=2049, WData=00001122, RData=0000BBCC
# ** Note: ** Addr=000004E8, Word=314, Instuction=00411703, Mnemonic=lh x14, 00000004(x2)
# ** Note:   x1=00001122 x2=00002000 x3=00000014 x5=00000002 x6=00002020 x7=00001223 x12=00002000 x13=FFFFDAAB x14=00001122 x15=00000270 
# ** Note:   Addr=00002004, Word=2049, WData=00000000, RData=00001122
# ** Note: ** Addr=000004EC, Word=315, Instuction=000013B7, Mnemonic=lui x7, 00001000
# ** Note:   x1=00001122 x2=00002000 x3=00000014 x5=00000002 x6=00002020 x7=00001000 x12=00002000 x13=FFFFDAAB x14=00001122 x15=00000270 
# ** Note: ** Addr=000004F0, Word=316, Instuction=12238393, Mnemonic=addi x7, x7, 00000122
# ** Note:   x1=00001122 x2=00002000 x3=00000014 x5=00000002 x6=00002020 x7=00001122 x12=00002000 x13=FFFFDAAB x14=00001122 x15=00000270 
# ** Note: ** Addr=000004F4, Word=317, Instuction=0C771A63, Mnemonic=bne x14, x7, 000000D4
# ** Note:   x1=00001122 x2=00002000 x3=00000014 x5=00000002 x6=00002020 x7=00001122 x12=00002000 x13=FFFFDAAB x14=00001122 x15=00000270 
# ** Note: ** Addr=000004F8, Word=318, Instuction=00120213, Mnemonic=addi x4, x4, 00000001
# ** Note:   x1=00001122 x2=00002000 x3=00000014 x4=00000001 x5=00000002 x6=00002020 x7=00001122 x12=00002000 x13=FFFFDAAB x14=00001122 x15=00000270 
# ** Warning: (vsim-151) NUMERIC_STD.TO_INTEGER: Value -2 is not in bounds of subtype NATURAL.
# ** Warning: (vsim-151) NUMERIC_STD.TO_INTEGER: Value -2 is not in bounds of subtype NATURAL.
# ** Note: ** Addr=000004FC, Word=319, Instuction=00200293, Mnemonic=addi x5, x0, 00000002
# ** Note:   x1=00001122 x2=00002000 x3=00000014 x4=00000001 x5=00000002 x6=00002020 x7=00001122 x12=00002000 x13=FFFFDAAB x14=00001122 x15=00000270 
# ** Note: ** Addr=00000500, Word=320, Instuction=FC5216E3, Mnemonic=bne x4, x5, FFFFFFCC
# ** Note:   x1=00001122 x2=00002000 x3=00000014 x4=00000001 x5=00000002 x6=00002020 x7=00001122 x12=00002000 x13=FFFFDAAB x14=00001122 x15=00000270 
# ** Note: ** Addr=000004CC, Word=307, Instuction=00002117, Mnemonic=auipc x2, 00002000
# ** Note:   x1=00001122 x2=000024CC x3=00000014 x4=00000001 x5=00000002 x6=00002020 x7=00001122 x12=00002000 x13=FFFFDAAB x14=00001122 x15=00000270 
# ** Note: ** Addr=000004D0, Word=308, Instuction=B3410113, Mnemonic=addi x2, x2, FFFFFB34
# ** Note:   x1=00001122 x2=00002000 x3=00000014 x4=00000001 x5=00000002 x6=00002020 x7=00001122 x12=00002000 x13=FFFFDAAB x14=00001122 x15=00000270 
# ** Note: ** Addr=000004D4, Word=309, Instuction=000010B7, Mnemonic=lui x1, 00001000
# ** Note:   x1=00001000 x2=00002000 x3=00000014 x4=00000001 x5=00000002 x6=00002020 x7=00001122 x12=00002000 x13=FFFFDAAB x14=00001122 x15=00000270 
# ** Note: ** Addr=000004D8, Word=310, Instuction=12208093, Mnemonic=addi x1, x1, 00000122
# ** Note:   x1=00001122 x2=00002000 x3=00000014 x4=00000001 x5=00000002 x6=00002020 x7=00001122 x12=00002000 x13=FFFFDAAB x14=00001122 x15=00000270 
# ** Note: ** Addr=000004DC, Word=311, Instuction=00000013, Mnemonic=addi x0, x0, 00000000
# ** Note:   x1=00001122 x2=00002000 x3=00000014 x4=00000001 x5=00000002 x6=00002020 x7=00001122 x12=00002000 x13=FFFFDAAB x14=00001122 x15=00000270 
# ** Note: ** Addr=000004E0, Word=312, Instuction=00000013, Mnemonic=addi x0, x0, 00000000
# ** Note:   x1=00001122 x2=00002000 x3=00000014 x4=00000001 x5=00000002 x6=00002020 x7=00001122 x12=00002000 x13=FFFFDAAB x14=00001122 x15=00000270 
# ** Note: ** Addr=000004E4, Word=313, Instuction=00111223, Mnemonic=sh x1, 00000004(x2)
# ** Note:   x1=00001122 x2=00002000 x3=00000014 x4=00000001 x5=00000002 x6=00002020 x7=00001122 x12=00002000 x13=FFFFDAAB x14=00001122 x15=00000270 
# ** Note:   Addr=00002004, Word=2049, WData=00001122, RData=00001122
# ** Note: ** Addr=000004E8, Word=314, Instuction=00411703, Mnemonic=lh x14, 00000004(x2)
# ** Note:   x1=00001122 x2=00002000 x3=00000014 x4=00000001 x5=00000002 x6=00002020 x7=00001122 x12=00002000 x13=FFFFDAAB x14=00001122 x15=00000270 
# ** Note:   Addr=00002004, Word=2049, WData=00000001, RData=00001122
# ** Note: ** Addr=000004EC, Word=315, Instuction=000013B7, Mnemonic=lui x7, 00001000
# ** Note:   x1=00001122 x2=00002000 x3=00000014 x4=00000001 x5=00000002 x6=00002020 x7=00001000 x12=00002000 x13=FFFFDAAB x14=00001122 x15=00000270 
# ** Note: ** Addr=000004F0, Word=316, Instuction=12238393, Mnemonic=addi x7, x7, 00000122
# ** Note:   x1=00001122 x2=00002000 x3=00000014 x4=00000001 x5=00000002 x6=00002020 x7=00001122 x12=00002000 x13=FFFFDAAB x14=00001122 x15=00000270 
# ** Note: ** Addr=000004F4, Word=317, Instuction=0C771A63, Mnemonic=bne x14, x7, 000000D4
# ** Note:   x1=00001122 x2=00002000 x3=00000014 x4=00000001 x5=00000002 x6=00002020 x7=00001122 x12=00002000 x13=FFFFDAAB x14=00001122 x15=00000270 
# ** Note: ** Addr=000004F8, Word=318, Instuction=00120213, Mnemonic=addi x4, x4, 00000001
# ** Note:   x1=00001122 x2=00002000 x3=00000014 x4=00000002 x5=00000002 x6=00002020 x7=00001122 x12=00002000 x13=FFFFDAAB x14=00001122 x15=00000270 
# ** Note: ** Addr=000004FC, Word=319, Instuction=00200293, Mnemonic=addi x5, x0, 00000002
# ** Note:   x1=00001122 x2=00002000 x3=00000014 x4=00000002 x5=00000002 x6=00002020 x7=00001122 x12=00002000 x13=FFFFDAAB x14=00001122 x15=00000270 
# ** Note: ** Addr=00000500, Word=320, Instuction=FC5216E3, Mnemonic=bne x4, x5, FFFFFFCC
# ** Note:   x1=00001122 x2=00002000 x3=00000014 x4=00000002 x5=00000002 x6=00002020 x7=00001122 x12=00002000 x13=FFFFDAAB x14=00001122 x15=00000270 
# ** Note: ** Addr=00000504, Word=321, Instuction=01500193, Mnemonic=addi x3, x0, 00000015
# ** Note:   x1=00001122 x2=00002000 x3=00000015 x4=00000002 x5=00000002 x6=00002020 x7=00001122 x12=00002000 x13=FFFFDAAB x14=00001122 x15=00000270 
# ** Note: ** Addr=00000508, Word=322, Instuction=00000213, Mnemonic=addi x4, x0, 00000000
# ** Note:   x1=00001122 x2=00002000 x3=00000015 x5=00000002 x6=00002020 x7=00001122 x12=00002000 x13=FFFFDAAB x14=00001122 x15=00000270 
# ** Note: ** Addr=0000050C, Word=323, Instuction=00002117, Mnemonic=auipc x2, 00002000
# ** Note:   x1=00001122 x2=0000250C x3=00000015 x5=00000002 x6=00002020 x7=00001122 x12=00002000 x13=FFFFDAAB x14=00001122 x15=00000270 
# ** Note: ** Addr=00000510, Word=324, Instuction=AF410113, Mnemonic=addi x2, x2, FFFFFAF4
# ** Note:   x1=00001122 x2=00002000 x3=00000015 x5=00000002 x6=00002020 x7=00001122 x12=00002000 x13=FFFFDAAB x14=00001122 x15=00000270 
# ** Note: ** Addr=00000514, Word=325, Instuction=00000013, Mnemonic=addi x0, x0, 00000000
# ** Note:   x1=00001122 x2=00002000 x3=00000015 x5=00000002 x6=00002020 x7=00001122 x12=00002000 x13=FFFFDAAB x14=00001122 x15=00000270 
# ** Note: ** Addr=00000518, Word=326, Instuction=11200093, Mnemonic=addi x1, x0, 00000112
# ** Note:   x1=00000112 x2=00002000 x3=00000015 x5=00000002 x6=00002020 x7=00001122 x12=00002000 x13=FFFFDAAB x14=00001122 x15=00000270 
# ** Note: ** Addr=0000051C, Word=327, Instuction=00111323, Mnemonic=sh x1, 00000006(x2)
# ** Note:   x1=00000112 x2=00002000 x3=00000015 x5=00000002 x6=00002020 x7=00001122 x12=00002000 x13=FFFFDAAB x14=00001122 x15=00000270 
# ** Note:   Addr=00002006, Word=2049, WData=00000112, RData=0000ABBC
# ** Note: ** Addr=00000520, Word=328, Instuction=00611703, Mnemonic=lh x14, 00000006(x2)
# ** Note:   x1=00000112 x2=00002000 x3=00000015 x5=00000002 x6=00002020 x7=00001122 x12=00002000 x13=FFFFDAAB x14=00000112 x15=00000270 
# ** Note:   Addr=00002006, Word=2049, WData=00002020, RData=00000112
# ** Warning: (vsim-151) NUMERIC_STD.TO_INTEGER: Value -168 is not in bounds of subtype NATURAL.
# ** Warning: (vsim-151) NUMERIC_STD.TO_INTEGER: Value -168 is not in bounds of subtype NATURAL.
# ** Note: ** Addr=00000524, Word=329, Instuction=11200393, Mnemonic=addi x7, x0, 00000112
# ** Note:   x1=00000112 x2=00002000 x3=00000015 x5=00000002 x6=00002020 x7=00000112 x12=00002000 x13=FFFFDAAB x14=00000112 x15=00000270 
# ** Note: ** Addr=00000528, Word=330, Instuction=0A771063, Mnemonic=bne x14, x7, 000000A0
# ** Note:   x1=00000112 x2=00002000 x3=00000015 x5=00000002 x6=00002020 x7=00000112 x12=00002000 x13=FFFFDAAB x14=00000112 x15=00000270 
# ** Note: ** Addr=0000052C, Word=331, Instuction=00120213, Mnemonic=addi x4, x4, 00000001
# ** Note:   x1=00000112 x2=00002000 x3=00000015 x4=00000001 x5=00000002 x6=00002020 x7=00000112 x12=00002000 x13=FFFFDAAB x14=00000112 x15=00000270 
# ** Warning: (vsim-151) NUMERIC_STD.TO_INTEGER: Value -2 is not in bounds of subtype NATURAL.
# ** Warning: (vsim-151) NUMERIC_STD.TO_INTEGER: Value -2 is not in bounds of subtype NATURAL.
# ** Note: ** Addr=00000530, Word=332, Instuction=00200293, Mnemonic=addi x5, x0, 00000002
# ** Note:   x1=00000112 x2=00002000 x3=00000015 x4=00000001 x5=00000002 x6=00002020 x7=00000112 x12=00002000 x13=FFFFDAAB x14=00000112 x15=00000270 
# ** Note: ** Addr=00000534, Word=333, Instuction=FC521CE3, Mnemonic=bne x4, x5, FFFFFFD8
# ** Note:   x1=00000112 x2=00002000 x3=00000015 x4=00000001 x5=00000002 x6=00002020 x7=00000112 x12=00002000 x13=FFFFDAAB x14=00000112 x15=00000270 
# ** Note: ** Addr=0000050C, Word=323, Instuction=00002117, Mnemonic=auipc x2, 00002000
# ** Note:   x1=00000112 x2=0000250C x3=00000015 x4=00000001 x5=00000002 x6=00002020 x7=00000112 x12=00002000 x13=FFFFDAAB x14=00000112 x15=00000270 
# ** Note: ** Addr=00000510, Word=324, Instuction=AF410113, Mnemonic=addi x2, x2, FFFFFAF4
# ** Note:   x1=00000112 x2=00002000 x3=00000015 x4=00000001 x5=00000002 x6=00002020 x7=00000112 x12=00002000 x13=FFFFDAAB x14=00000112 x15=00000270 
# ** Note: ** Addr=00000514, Word=325, Instuction=00000013, Mnemonic=addi x0, x0, 00000000
# ** Note:   x1=00000112 x2=00002000 x3=00000015 x4=00000001 x5=00000002 x6=00002020 x7=00000112 x12=00002000 x13=FFFFDAAB x14=00000112 x15=00000270 
# ** Note: ** Addr=00000518, Word=326, Instuction=11200093, Mnemonic=addi x1, x0, 00000112
# ** Note:   x1=00000112 x2=00002000 x3=00000015 x4=00000001 x5=00000002 x6=00002020 x7=00000112 x12=00002000 x13=FFFFDAAB x14=00000112 x15=00000270 
# ** Note: ** Addr=0000051C, Word=327, Instuction=00111323, Mnemonic=sh x1, 00000006(x2)
# ** Note:   x1=00000112 x2=00002000 x3=00000015 x4=00000001 x5=00000002 x6=00002020 x7=00000112 x12=00002000 x13=FFFFDAAB x14=00000112 x15=00000270 
# ** Note:   Addr=00002006, Word=2049, WData=00000112, RData=00000112
# ** Note: ** Addr=00000520, Word=328, Instuction=00611703, Mnemonic=lh x14, 00000006(x2)
# ** Note:   x1=00000112 x2=00002000 x3=00000015 x4=00000001 x5=00000002 x6=00002020 x7=00000112 x12=00002000 x13=FFFFDAAB x14=00000112 x15=00000270 
# ** Note:   Addr=00002006, Word=2049, WData=00002020, RData=00000112
# ** Warning: (vsim-151) NUMERIC_STD.TO_INTEGER: Value -168 is not in bounds of subtype NATURAL.
# ** Warning: (vsim-151) NUMERIC_STD.TO_INTEGER: Value -168 is not in bounds of subtype NATURAL.
# ** Note: ** Addr=00000524, Word=329, Instuction=11200393, Mnemonic=addi x7, x0, 00000112
# ** Note:   x1=00000112 x2=00002000 x3=00000015 x4=00000001 x5=00000002 x6=00002020 x7=00000112 x12=00002000 x13=FFFFDAAB x14=00000112 x15=00000270 
# ** Note: ** Addr=00000528, Word=330, Instuction=0A771063, Mnemonic=bne x14, x7, 000000A0
# ** Note:   x1=00000112 x2=00002000 x3=00000015 x4=00000001 x5=00000002 x6=00002020 x7=00000112 x12=00002000 x13=FFFFDAAB x14=00000112 x15=00000270 
# ** Note: ** Addr=0000052C, Word=331, Instuction=00120213, Mnemonic=addi x4, x4, 00000001
# ** Note:   x1=00000112 x2=00002000 x3=00000015 x4=00000002 x5=00000002 x6=00002020 x7=00000112 x12=00002000 x13=FFFFDAAB x14=00000112 x15=00000270 
# ** Note: ** Addr=00000530, Word=332, Instuction=00200293, Mnemonic=addi x5, x0, 00000002
# ** Note:   x1=00000112 x2=00002000 x3=00000015 x4=00000002 x5=00000002 x6=00002020 x7=00000112 x12=00002000 x13=FFFFDAAB x14=00000112 x15=00000270 
# ** Note: ** Addr=00000534, Word=333, Instuction=FC521CE3, Mnemonic=bne x4, x5, FFFFFFD8
# ** Note:   x1=00000112 x2=00002000 x3=00000015 x4=00000002 x5=00000002 x6=00002020 x7=00000112 x12=00002000 x13=FFFFDAAB x14=00000112 x15=00000270 
# ** Note: ** Addr=00000538, Word=334, Instuction=01600193, Mnemonic=addi x3, x0, 00000016
# ** Note:   x1=00000112 x2=00002000 x3=00000016 x4=00000002 x5=00000002 x6=00002020 x7=00000112 x12=00002000 x13=FFFFDAAB x14=00000112 x15=00000270 
# ** Note: ** Addr=0000053C, Word=335, Instuction=00000213, Mnemonic=addi x4, x0, 00000000
# ** Note:   x1=00000112 x2=00002000 x3=00000016 x5=00000002 x6=00002020 x7=00000112 x12=00002000 x13=FFFFDAAB x14=00000112 x15=00000270 
# ** Note: ** Addr=00000540, Word=336, Instuction=00002117, Mnemonic=auipc x2, 00002000
# ** Note:   x1=00000112 x2=00002540 x3=00000016 x5=00000002 x6=00002020 x7=00000112 x12=00002000 x13=FFFFDAAB x14=00000112 x15=00000270 
# ** Note: ** Addr=00000544, Word=337, Instuction=AC010113, Mnemonic=addi x2, x2, FFFFFAC0
# ** Note:   x1=00000112 x2=00002000 x3=00000016 x5=00000002 x6=00002020 x7=00000112 x12=00002000 x13=FFFFDAAB x14=00000112 x15=00000270 
# ** Note: ** Addr=00000548, Word=338, Instuction=00000013, Mnemonic=addi x0, x0, 00000000
# ** Note:   x1=00000112 x2=00002000 x3=00000016 x5=00000002 x6=00002020 x7=00000112 x12=00002000 x13=FFFFDAAB x14=00000112 x15=00000270 
# ** Note: ** Addr=0000054C, Word=339, Instuction=01100093, Mnemonic=addi x1, x0, 00000011
# ** Note:   x1=00000011 x2=00002000 x3=00000016 x5=00000002 x6=00002020 x7=00000112 x12=00002000 x13=FFFFDAAB x14=00000112 x15=00000270 
# ** Note: ** Addr=00000550, Word=340, Instuction=00000013, Mnemonic=addi x0, x0, 00000000
# ** Note:   x1=00000011 x2=00002000 x3=00000016 x5=00000002 x6=00002020 x7=00000112 x12=00002000 x13=FFFFDAAB x14=00000112 x15=00000270 
# ** Note: ** Addr=00000554, Word=341, Instuction=00111423, Mnemonic=sh x1, 00000008(x2)
# ** Note:   x1=00000011 x2=00002000 x3=00000016 x5=00000002 x6=00002020 x7=00000112 x12=00002000 x13=FFFFDAAB x14=00000112 x15=00000270 
# ** Note:   Addr=00002008, Word=2050, WData=00000011, RData=0000AABB
# ** Note: ** Addr=00000558, Word=342, Instuction=00811703, Mnemonic=lh x14, 00000008(x2)
# ** Note:   x1=00000011 x2=00002000 x3=00000016 x5=00000002 x6=00002020 x7=00000112 x12=00002000 x13=FFFFDAAB x14=00000011 x15=00000270 
# ** Note:   Addr=00002008, Word=2050, WData=00000000, RData=00000011
# ** Warning: (vsim-151) NUMERIC_STD.TO_INTEGER: Value -104 is not in bounds of subtype NATURAL.
# ** Warning: (vsim-151) NUMERIC_STD.TO_INTEGER: Value -104 is not in bounds of subtype NATURAL.
# ** Note: ** Addr=0000055C, Word=343, Instuction=01100393, Mnemonic=addi x7, x0, 00000011
# ** Note:   x1=00000011 x2=00002000 x3=00000016 x5=00000002 x6=00002020 x7=00000011 x12=00002000 x13=FFFFDAAB x14=00000011 x15=00000270 
# ** Note: ** Addr=00000560, Word=344, Instuction=06771463, Mnemonic=bne x14, x7, 00000068
# ** Note:   x1=00000011 x2=00002000 x3=00000016 x5=00000002 x6=00002020 x7=00000011 x12=00002000 x13=FFFFDAAB x14=00000011 x15=00000270 
# ** Note: ** Addr=00000564, Word=345, Instuction=00120213, Mnemonic=addi x4, x4, 00000001
# ** Note:   x1=00000011 x2=00002000 x3=00000016 x4=00000001 x5=00000002 x6=00002020 x7=00000011 x12=00002000 x13=FFFFDAAB x14=00000011 x15=00000270 
# ** Warning: (vsim-151) NUMERIC_STD.TO_INTEGER: Value -2 is not in bounds of subtype NATURAL.
# ** Warning: (vsim-151) NUMERIC_STD.TO_INTEGER: Value -2 is not in bounds of subtype NATURAL.
# ** Note: ** Addr=00000568, Word=346, Instuction=00200293, Mnemonic=addi x5, x0, 00000002
# ** Note:   x1=00000011 x2=00002000 x3=00000016 x4=00000001 x5=00000002 x6=00002020 x7=00000011 x12=00002000 x13=FFFFDAAB x14=00000011 x15=00000270 
# ** Note: ** Addr=0000056C, Word=347, Instuction=FC521AE3, Mnemonic=bne x4, x5, FFFFFFD4
# ** Note:   x1=00000011 x2=00002000 x3=00000016 x4=00000001 x5=00000002 x6=00002020 x7=00000011 x12=00002000 x13=FFFFDAAB x14=00000011 x15=00000270 
# ** Note: ** Addr=00000540, Word=336, Instuction=00002117, Mnemonic=auipc x2, 00002000
# ** Note:   x1=00000011 x2=00002540 x3=00000016 x4=00000001 x5=00000002 x6=00002020 x7=00000011 x12=00002000 x13=FFFFDAAB x14=00000011 x15=00000270 
# ** Note: ** Addr=00000544, Word=337, Instuction=AC010113, Mnemonic=addi x2, x2, FFFFFAC0
# ** Note:   x1=00000011 x2=00002000 x3=00000016 x4=00000001 x5=00000002 x6=00002020 x7=00000011 x12=00002000 x13=FFFFDAAB x14=00000011 x15=00000270 
# ** Note: ** Addr=00000548, Word=338, Instuction=00000013, Mnemonic=addi x0, x0, 00000000
# ** Note:   x1=00000011 x2=00002000 x3=00000016 x4=00000001 x5=00000002 x6=00002020 x7=00000011 x12=00002000 x13=FFFFDAAB x14=00000011 x15=00000270 
# ** Note: ** Addr=0000054C, Word=339, Instuction=01100093, Mnemonic=addi x1, x0, 00000011
# ** Note:   x1=00000011 x2=00002000 x3=00000016 x4=00000001 x5=00000002 x6=00002020 x7=00000011 x12=00002000 x13=FFFFDAAB x14=00000011 x15=00000270 
# ** Note: ** Addr=00000550, Word=340, Instuction=00000013, Mnemonic=addi x0, x0, 00000000
# ** Note:   x1=00000011 x2=00002000 x3=00000016 x4=00000001 x5=00000002 x6=00002020 x7=00000011 x12=00002000 x13=FFFFDAAB x14=00000011 x15=00000270 
# ** Note: ** Addr=00000554, Word=341, Instuction=00111423, Mnemonic=sh x1, 00000008(x2)
# ** Note:   x1=00000011 x2=00002000 x3=00000016 x4=00000001 x5=00000002 x6=00002020 x7=00000011 x12=00002000 x13=FFFFDAAB x14=00000011 x15=00000270 
# ** Note:   Addr=00002008, Word=2050, WData=00000011, RData=00000011
# ** Note: ** Addr=00000558, Word=342, Instuction=00811703, Mnemonic=lh x14, 00000008(x2)
# ** Note:   x1=00000011 x2=00002000 x3=00000016 x4=00000001 x5=00000002 x6=00002020 x7=00000011 x12=00002000 x13=FFFFDAAB x14=00000011 x15=00000270 
# ** Note:   Addr=00002008, Word=2050, WData=00000000, RData=00000011
# ** Warning: (vsim-151) NUMERIC_STD.TO_INTEGER: Value -104 is not in bounds of subtype NATURAL.
# ** Warning: (vsim-151) NUMERIC_STD.TO_INTEGER: Value -104 is not in bounds of subtype NATURAL.
# ** Note: ** Addr=0000055C, Word=343, Instuction=01100393, Mnemonic=addi x7, x0, 00000011
# ** Note:   x1=00000011 x2=00002000 x3=00000016 x4=00000001 x5=00000002 x6=00002020 x7=00000011 x12=00002000 x13=FFFFDAAB x14=00000011 x15=00000270 
# ** Note: ** Addr=00000560, Word=344, Instuction=06771463, Mnemonic=bne x14, x7, 00000068
# ** Note:   x1=00000011 x2=00002000 x3=00000016 x4=00000001 x5=00000002 x6=00002020 x7=00000011 x12=00002000 x13=FFFFDAAB x14=00000011 x15=00000270 
# ** Note: ** Addr=00000564, Word=345, Instuction=00120213, Mnemonic=addi x4, x4, 00000001
# ** Note:   x1=00000011 x2=00002000 x3=00000016 x4=00000002 x5=00000002 x6=00002020 x7=00000011 x12=00002000 x13=FFFFDAAB x14=00000011 x15=00000270 
# ** Note: ** Addr=00000568, Word=346, Instuction=00200293, Mnemonic=addi x5, x0, 00000002
# ** Note:   x1=00000011 x2=00002000 x3=00000016 x4=00000002 x5=00000002 x6=00002020 x7=00000011 x12=00002000 x13=FFFFDAAB x14=00000011 x15=00000270 
# ** Note: ** Addr=0000056C, Word=347, Instuction=FC521AE3, Mnemonic=bne x4, x5, FFFFFFD4
# ** Note:   x1=00000011 x2=00002000 x3=00000016 x4=00000002 x5=00000002 x6=00002020 x7=00000011 x12=00002000 x13=FFFFDAAB x14=00000011 x15=00000270 
# ** Note: ** Addr=00000570, Word=348, Instuction=01700193, Mnemonic=addi x3, x0, 00000017
# ** Note:   x1=00000011 x2=00002000 x3=00000017 x4=00000002 x5=00000002 x6=00002020 x7=00000011 x12=00002000 x13=FFFFDAAB x14=00000011 x15=00000270 
# ** Note: ** Addr=00000574, Word=349, Instuction=00000213, Mnemonic=addi x4, x0, 00000000
# ** Note:   x1=00000011 x2=00002000 x3=00000017 x5=00000002 x6=00002020 x7=00000011 x12=00002000 x13=FFFFDAAB x14=00000011 x15=00000270 
# ** Note: ** Addr=00000578, Word=350, Instuction=00002117, Mnemonic=auipc x2, 00002000
# ** Note:   x1=00000011 x2=00002578 x3=00000017 x5=00000002 x6=00002020 x7=00000011 x12=00002000 x13=FFFFDAAB x14=00000011 x15=00000270 
# ** Note: ** Addr=0000057C, Word=351, Instuction=A8810113, Mnemonic=addi x2, x2, FFFFFA88
# ** Note:   x1=00000011 x2=00002000 x3=00000017 x5=00000002 x6=00002020 x7=00000011 x12=00002000 x13=FFFFDAAB x14=00000011 x15=00000270 
# ** Note: ** Addr=00000580, Word=352, Instuction=00000013, Mnemonic=addi x0, x0, 00000000
# ** Note:   x1=00000011 x2=00002000 x3=00000017 x5=00000002 x6=00002020 x7=00000011 x12=00002000 x13=FFFFDAAB x14=00000011 x15=00000270 
# ** Note: ** Addr=00000584, Word=353, Instuction=00000013, Mnemonic=addi x0, x0, 00000000
# ** Note:   x1=00000011 x2=00002000 x3=00000017 x5=00000002 x6=00002020 x7=00000011 x12=00002000 x13=FFFFDAAB x14=00000011 x15=00000270 
# ** Note: ** Addr=00000588, Word=354, Instuction=000030B7, Mnemonic=lui x1, 00003000
# ** Note:   x1=00003000 x2=00002000 x3=00000017 x5=00000002 x6=00002020 x7=00000011 x12=00002000 x13=FFFFDAAB x14=00000011 x15=00000270 
# ** Note: ** Addr=0000058C, Word=355, Instuction=00108093, Mnemonic=addi x1, x1, 00000001
# ** Note:   x1=00003001 x2=00002000 x3=00000017 x5=00000002 x6=00002020 x7=00000011 x12=00002000 x13=FFFFDAAB x14=00000011 x15=00000270 
# ** Note: ** Addr=00000590, Word=356, Instuction=00111523, Mnemonic=sh x1, 0000000A(x2)
# ** Note:   x1=00003001 x2=00002000 x3=00000017 x5=00000002 x6=00002020 x7=00000011 x12=00002000 x13=FFFFDAAB x14=00000011 x15=00000270 
# ** Note:   Addr=0000200A, Word=2050, WData=00003001, RData=0000DAAB
# ** Note: ** Addr=00000594, Word=357, Instuction=00A11703, Mnemonic=lh x14, 0000000A(x2)
# ** Note:   x1=00003001 x2=00002000 x3=00000017 x5=00000002 x6=00002020 x7=00000011 x12=00002000 x13=FFFFDAAB x14=00003001 x15=00000270 
# ** Note:   Addr=0000200A, Word=2050, WData=00000000, RData=00003001
# ** Note: ** Addr=00000598, Word=358, Instuction=000033B7, Mnemonic=lui x7, 00003000
# ** Note:   x1=00003001 x2=00002000 x3=00000017 x5=00000002 x6=00002020 x7=00003000 x12=00002000 x13=FFFFDAAB x14=00003001 x15=00000270 
# ** Note: ** Addr=0000059C, Word=359, Instuction=00138393, Mnemonic=addi x7, x7, 00000001
# ** Note:   x1=00003001 x2=00002000 x3=00000017 x5=00000002 x6=00002020 x7=00003001 x12=00002000 x13=FFFFDAAB x14=00003001 x15=00000270 
# ** Note: ** Addr=000005A0, Word=360, Instuction=02771463, Mnemonic=bne x14, x7, 00000028
# ** Note:   x1=00003001 x2=00002000 x3=00000017 x5=00000002 x6=00002020 x7=00003001 x12=00002000 x13=FFFFDAAB x14=00003001 x15=00000270 
# ** Note: ** Addr=000005A4, Word=361, Instuction=00120213, Mnemonic=addi x4, x4, 00000001
# ** Note:   x1=00003001 x2=00002000 x3=00000017 x4=00000001 x5=00000002 x6=00002020 x7=00003001 x12=00002000 x13=FFFFDAAB x14=00003001 x15=00000270 
# ** Warning: (vsim-151) NUMERIC_STD.TO_INTEGER: Value -2 is not in bounds of subtype NATURAL.
# ** Warning: (vsim-151) NUMERIC_STD.TO_INTEGER: Value -2 is not in bounds of subtype NATURAL.
# ** Note: ** Addr=000005A8, Word=362, Instuction=00200293, Mnemonic=addi x5, x0, 00000002
# ** Note:   x1=00003001 x2=00002000 x3=00000017 x4=00000001 x5=00000002 x6=00002020 x7=00003001 x12=00002000 x13=FFFFDAAB x14=00003001 x15=00000270 
# ** Note: ** Addr=000005AC, Word=363, Instuction=FC5216E3, Mnemonic=bne x4, x5, FFFFFFCC
# ** Note:   x1=00003001 x2=00002000 x3=00000017 x4=00000001 x5=00000002 x6=00002020 x7=00003001 x12=00002000 x13=FFFFDAAB x14=00003001 x15=00000270 
# ** Note: ** Addr=00000578, Word=350, Instuction=00002117, Mnemonic=auipc x2, 00002000
# ** Note:   x1=00003001 x2=00002578 x3=00000017 x4=00000001 x5=00000002 x6=00002020 x7=00003001 x12=00002000 x13=FFFFDAAB x14=00003001 x15=00000270 
# ** Note: ** Addr=0000057C, Word=351, Instuction=A8810113, Mnemonic=addi x2, x2, FFFFFA88
# ** Note:   x1=00003001 x2=00002000 x3=00000017 x4=00000001 x5=00000002 x6=00002020 x7=00003001 x12=00002000 x13=FFFFDAAB x14=00003001 x15=00000270 
# ** Note: ** Addr=00000580, Word=352, Instuction=00000013, Mnemonic=addi x0, x0, 00000000
# ** Note:   x1=00003001 x2=00002000 x3=00000017 x4=00000001 x5=00000002 x6=00002020 x7=00003001 x12=00002000 x13=FFFFDAAB x14=00003001 x15=00000270 
# ** Note: ** Addr=00000584, Word=353, Instuction=00000013, Mnemonic=addi x0, x0, 00000000
# ** Note:   x1=00003001 x2=00002000 x3=00000017 x4=00000001 x5=00000002 x6=00002020 x7=00003001 x12=00002000 x13=FFFFDAAB x14=00003001 x15=00000270 
# ** Note: ** Addr=00000588, Word=354, Instuction=000030B7, Mnemonic=lui x1, 00003000
# ** Note:   x1=00003000 x2=00002000 x3=00000017 x4=00000001 x5=00000002 x6=00002020 x7=00003001 x12=00002000 x13=FFFFDAAB x14=00003001 x15=00000270 
# ** Note: ** Addr=0000058C, Word=355, Instuction=00108093, Mnemonic=addi x1, x1, 00000001
# ** Note:   x1=00003001 x2=00002000 x3=00000017 x4=00000001 x5=00000002 x6=00002020 x7=00003001 x12=00002000 x13=FFFFDAAB x14=00003001 x15=00000270 
# ** Note: ** Addr=00000590, Word=356, Instuction=00111523, Mnemonic=sh x1, 0000000A(x2)
# ** Note:   x1=00003001 x2=00002000 x3=00000017 x4=00000001 x5=00000002 x6=00002020 x7=00003001 x12=00002000 x13=FFFFDAAB x14=00003001 x15=00000270 
# ** Note:   Addr=0000200A, Word=2050, WData=00003001, RData=00003001
# ** Note: ** Addr=00000594, Word=357, Instuction=00A11703, Mnemonic=lh x14, 0000000A(x2)
# ** Note:   x1=00003001 x2=00002000 x3=00000017 x4=00000001 x5=00000002 x6=00002020 x7=00003001 x12=00002000 x13=FFFFDAAB x14=00003001 x15=00000270 
# ** Note:   Addr=0000200A, Word=2050, WData=00000000, RData=00003001
# ** Note: ** Addr=00000598, Word=358, Instuction=000033B7, Mnemonic=lui x7, 00003000
# ** Note:   x1=00003001 x2=00002000 x3=00000017 x4=00000001 x5=00000002 x6=00002020 x7=00003000 x12=00002000 x13=FFFFDAAB x14=00003001 x15=00000270 
# ** Note: ** Addr=0000059C, Word=359, Instuction=00138393, Mnemonic=addi x7, x7, 00000001
# ** Note:   x1=00003001 x2=00002000 x3=00000017 x4=00000001 x5=00000002 x6=00002020 x7=00003001 x12=00002000 x13=FFFFDAAB x14=00003001 x15=00000270 
# ** Note: ** Addr=000005A0, Word=360, Instuction=02771463, Mnemonic=bne x14, x7, 00000028
# ** Note:   x1=00003001 x2=00002000 x3=00000017 x4=00000001 x5=00000002 x6=00002020 x7=00003001 x12=00002000 x13=FFFFDAAB x14=00003001 x15=00000270 
# ** Note: ** Addr=000005A4, Word=361, Instuction=00120213, Mnemonic=addi x4, x4, 00000001
# ** Note:   x1=00003001 x2=00002000 x3=00000017 x4=00000002 x5=00000002 x6=00002020 x7=00003001 x12=00002000 x13=FFFFDAAB x14=00003001 x15=00000270 
# ** Note: ** Addr=000005A8, Word=362, Instuction=00200293, Mnemonic=addi x5, x0, 00000002
# ** Note:   x1=00003001 x2=00002000 x3=00000017 x4=00000002 x5=00000002 x6=00002020 x7=00003001 x12=00002000 x13=FFFFDAAB x14=00003001 x15=00000270 
# ** Note: ** Addr=000005AC, Word=363, Instuction=FC5216E3, Mnemonic=bne x4, x5, FFFFFFCC
# ** Note:   x1=00003001 x2=00002000 x3=00000017 x4=00000002 x5=00000002 x6=00002020 x7=00003001 x12=00002000 x13=FFFFDAAB x14=00003001 x15=00000270 
# ** Note: ** Addr=000005B0, Word=364, Instuction=0000C537, Mnemonic=lui x10, 0000C000
# ** Note:   x1=00003001 x2=00002000 x3=00000017 x4=00000002 x5=00000002 x6=00002020 x7=00003001 x10=0000C000 x12=00002000 x13=FFFFDAAB x14=00003001 x15=00000270 
# ** Note: ** Addr=000005B4, Word=365, Instuction=EEF50513, Mnemonic=addi x10, x10, FFFFFEEF
# ** Note:   x1=00003001 x2=00002000 x3=00000017 x4=00000002 x5=00000002 x6=00002020 x7=00003001 x10=0000BEEF x12=00002000 x13=FFFFDAAB x14=00003001 x15=00000270 
# ** Note: ** Addr=000005B8, Word=366, Instuction=00002597, Mnemonic=auipc x11, 00002000
# ** Note:   x1=00003001 x2=00002000 x3=00000017 x4=00000002 x5=00000002 x6=00002020 x7=00003001 x10=0000BEEF x11=000025B8 x12=00002000 x13=FFFFDAAB x14=00003001 x15=00000270 
# ** Note: ** Addr=000005BC, Word=367, Instuction=A4858593, Mnemonic=addi x11, x11, FFFFFA48
# ** Note:   x1=00003001 x2=00002000 x3=00000017 x4=00000002 x5=00000002 x6=00002020 x7=00003001 x10=0000BEEF x11=00002000 x12=00002000 x13=FFFFDAAB x14=00003001 x15=00000270 
# ** Warning: (vsim-151) NUMERIC_STD.TO_INTEGER: Value -24 is not in bounds of subtype NATURAL.
# ** Warning: (vsim-151) NUMERIC_STD.TO_INTEGER: Value -24 is not in bounds of subtype NATURAL.
# ** Warning: (vsim-151) NUMERIC_STD.TO_INTEGER: Value -24 is not in bounds of subtype NATURAL.
# ** Warning: (vsim-151) NUMERIC_STD.TO_INTEGER: Value -24 is not in bounds of subtype NATURAL.
# ** Note: ** Addr=000005C0, Word=368, Instuction=00A59323, Mnemonic=sh x10, 00000006(x11)
# ** Note:   x1=00003001 x2=00002000 x3=00000017 x4=00000002 x5=00000002 x6=00002020 x7=00003001 x10=0000BEEF x11=00002000 x12=00002000 x13=FFFFDAAB x14=00003001 x15=00000270 
# ** Note:   Addr=00002006, Word=2049, WData=0000BEEF, RData=00000112
# ** Note: ** Addr=000005C4, Word=369, Instuction=00301E63, Mnemonic=bne x0, x3, 0000001C
# ** Note:   x1=00003001 x2=00002000 x3=00000017 x4=00000002 x5=00000002 x6=00002020 x7=00003001 x10=0000BEEF x11=00002000 x12=00002000 x13=FFFFDAAB x14=00003001 x15=00000270 
# ** Note: ** Addr=000005E0, Word=376, Instuction=00100193, Mnemonic=addi x3, x0, 00000001
# ** Note:   x1=00003001 x2=00002000 x3=00000001 x4=00000002 x5=00000002 x6=00002020 x7=00003001 x10=0000BEEF x11=00002000 x12=00002000 x13=FFFFDAAB x14=00003001 x15=00000270 
# ** Note: ** Addr=000005E4, Word=377, Instuction=10100513, Mnemonic=addi x10, x0, 00000101
# ** Note:   x1=00003001 x2=00002000 x3=00000001 x4=00000002 x5=00000002 x6=00002020 x7=00003001 x10=00000101 x11=00002000 x12=00002000 x13=FFFFDAAB x14=00003001 x15=00000270 
# ** Note: ** Addr=000005E8, Word=378, Instuction=01F01013, Mnemonic=slli x0, x0, 1F
# ** Note:   x1=00003001 x2=00002000 x3=00000001 x4=00000002 x5=00000002 x6=00002020 x7=00003001 x10=00000101 x11=00002000 x12=00002000 x13=FFFFDAAB x14=00003001 x15=00000270 
# ** Note: ** Addr=000005EC, Word=379, Instuction=00100073, Mnemonic=ebreak
# ** Note:   x1=00003001 x2=00002000 x3=00000001 x4=00000002 x5=00000002 x6=00002020 x7=00003001 x10=00000101 x11=00002000 x12=00002000 x13=FFFFDAAB x14=00003001 x15=00000270 
# ** Note: RVTEST (addi) : OK
# Break in Process monitor at ../testbench/tb_cpu.vhd line 359
# Stopped at ../testbench/tb_cpu.vhd line 359
#  quit -f
# End time: 00:28:44 on Jan 01,2026, Elapsed time: 0:00:02
# Errors: 0, Warnings: 332
