# vsim -c -quiet work.tb_cpu -do "run -all; quit -f" -l build/logs/sra.log -gMAX_CYCLES=200000 
# Start time: 00:28:50 on Jan 01,2026
# ** Note: (vsim-3813) Design is being optimized due to module recompilation...
# //  Questa Sim-64
# //  Version 2020.3_1 linux_x86_64 Aug 25 2020
# //
# //  Copyright 1991-2020 Mentor Graphics Corporation
# //  All Rights Reserved.
# //
# //  QuestaSim and its associated documentation contain trade
# //  secrets and commercial or financial information that are the property of
# //  Mentor Graphics Corporation and are privileged, confidential,
# //  and exempt from disclosure under the Freedom of Information Act,
# //  5 U.S.C. Section 552. Furthermore, this information
# //  is prohibited from disclosure under the Trade Secrets Act,
# //  18 U.S.C. Section 1905.
# //
# run -all
# ** Warning: NUMERIC_STD.TO_INTEGER: metavalue detected, returning 0
# ** Warning: NUMERIC_STD.TO_INTEGER: metavalue detected, returning 0
# ** Warning: NUMERIC_STD.TO_INTEGER: metavalue detected, returning 0
# ** Warning: NUMERIC_STD.TO_INTEGER: metavalue detected, returning 0
# ** Warning: NUMERIC_STD.TO_INTEGER: metavalue detected, returning 0
# ** Warning: NUMERIC_STD.TO_INTEGER: metavalue detected, returning 0
# ** Warning: NUMERIC_STD.TO_INTEGER: metavalue detected, returning 0
# ** Warning: NUMERIC_STD.TO_INTEGER: metavalue detected, returning 0
# ** Warning: NUMERIC_STD.TO_INTEGER: metavalue detected, returning 0
# ** Warning: NUMERIC_STD.TO_INTEGER: metavalue detected, returning 0
# ** Warning: NUMERIC_STD.TO_INTEGER: metavalue detected, returning 0
# ** Warning: NUMERIC_STD.TO_INTEGER: metavalue detected, returning 0
# ** Warning: NUMERIC_STD.TO_INTEGER: metavalue detected, returning 0
# ** Warning: NUMERIC_STD.TO_INTEGER: metavalue detected, returning 0
# ** Warning: NUMERIC_STD.TO_INTEGER: metavalue detected, returning 0
# ** Warning: NUMERIC_STD.TO_INTEGER: metavalue detected, returning 0
# ** Warning: NUMERIC_STD.TO_INTEGER: metavalue detected, returning 0
# ** Warning: NUMERIC_STD.TO_INTEGER: metavalue detected, returning 0
# ** Warning: NUMERIC_STD.TO_INTEGER: metavalue detected, returning 0
# ** Warning: NUMERIC_STD.TO_INTEGER: metavalue detected, returning 0
# ** Warning: NUMERIC_STD.TO_INTEGER: metavalue detected, returning 0
# ** Note: ** Addr=00000000, Word=0, Instuction=00000093, Mnemonic=addi x1, x0, 00000000
# ** Note: ** Addr=00000004, Word=1, Instuction=00000113, Mnemonic=addi x2, x0, 00000000
# ** Note: ** Addr=00000008, Word=2, Instuction=00000193, Mnemonic=addi x3, x0, 00000000
# ** Note: ** Addr=0000000C, Word=3, Instuction=00000213, Mnemonic=addi x4, x0, 00000000
# ** Note: ** Addr=00000010, Word=4, Instuction=00000293, Mnemonic=addi x5, x0, 00000000
# ** Note: ** Addr=00000014, Word=5, Instuction=00000313, Mnemonic=addi x6, x0, 00000000
# ** Note: ** Addr=00000018, Word=6, Instuction=00000393, Mnemonic=addi x7, x0, 00000000
# ** Note: ** Addr=0000001C, Word=7, Instuction=00000413, Mnemonic=addi x8, x0, 00000000
# ** Note: ** Addr=00000020, Word=8, Instuction=00000493, Mnemonic=addi x9, x0, 00000000
# ** Note: ** Addr=00000024, Word=9, Instuction=00000513, Mnemonic=addi x10, x0, 00000000
# ** Note: ** Addr=00000028, Word=10, Instuction=00000593, Mnemonic=addi x11, x0, 00000000
# ** Note: ** Addr=0000002C, Word=11, Instuction=00000613, Mnemonic=addi x12, x0, 00000000
# ** Note: ** Addr=00000030, Word=12, Instuction=00000693, Mnemonic=addi x13, x0, 00000000
# ** Note: ** Addr=00000034, Word=13, Instuction=00000713, Mnemonic=addi x14, x0, 00000000
# ** Note: ** Addr=00000038, Word=14, Instuction=00000793, Mnemonic=addi x15, x0, 00000000
# ** Note: ** Addr=0000003C, Word=15, Instuction=00000813, Mnemonic=addi x16, x0, 00000000
# ** Note: ** Addr=00000040, Word=16, Instuction=00000893, Mnemonic=addi x17, x0, 00000000
# ** Note: ** Addr=00000044, Word=17, Instuction=00000913, Mnemonic=addi x18, x0, 00000000
# ** Note: ** Addr=00000048, Word=18, Instuction=00000993, Mnemonic=addi x19, x0, 00000000
# ** Note: ** Addr=0000004C, Word=19, Instuction=00000A13, Mnemonic=addi x20, x0, 00000000
# ** Note: ** Addr=00000050, Word=20, Instuction=00000A93, Mnemonic=addi x21, x0, 00000000
# ** Note: ** Addr=00000054, Word=21, Instuction=00000B13, Mnemonic=addi x22, x0, 00000000
# ** Note: ** Addr=00000058, Word=22, Instuction=00000B93, Mnemonic=addi x23, x0, 00000000
# ** Note: ** Addr=0000005C, Word=23, Instuction=00000C13, Mnemonic=addi x24, x0, 00000000
# ** Note: ** Addr=00000060, Word=24, Instuction=00000C93, Mnemonic=addi x25, x0, 00000000
# ** Note: ** Addr=00000064, Word=25, Instuction=00000D13, Mnemonic=addi x26, x0, 00000000
# ** Note: ** Addr=00000068, Word=26, Instuction=00000D93, Mnemonic=addi x27, x0, 00000000
# ** Note: ** Addr=0000006C, Word=27, Instuction=00000E13, Mnemonic=addi x28, x0, 00000000
# ** Note: ** Addr=00000070, Word=28, Instuction=00000E93, Mnemonic=addi x29, x0, 00000000
# ** Note: ** Addr=00000074, Word=29, Instuction=00000F13, Mnemonic=addi x30, x0, 00000000
# ** Note: ** Addr=00000078, Word=30, Instuction=00000F93, Mnemonic=addi x31, x0, 00000000
# ** Note: ** Addr=0000007C, Word=31, Instuction=00001297, Mnemonic=auipc x5, 00001000
# ** Note:   x5=0000107C 
# ** Note: ** Addr=00000080, Word=32, Instuction=F8428293, Mnemonic=addi x5, x5, FFFFFF84
# ** Note:   x5=00001000 
# ** Note: ** Addr=00000084, Word=33, Instuction=00002317, Mnemonic=auipc x6, 00002000
# ** Note:   x5=00001000 x6=00002084 
# ** Note: ** Addr=00000088, Word=34, Instuction=F7C30313, Mnemonic=addi x6, x6, FFFFFF7C
# ** Note:   x5=00001000 x6=00002000 
# ** Note: ** Addr=0000008C, Word=35, Instuction=00002397, Mnemonic=auipc x7, 00002000
# ** Note:   x5=00001000 x6=00002000 x7=0000208C 
# ** Note: ** Addr=00000090, Word=36, Instuction=F7438393, Mnemonic=addi x7, x7, FFFFFF74
# ** Note:   x5=00001000 x6=00002000 x7=00002000 
# ** Note: ** Addr=00000094, Word=37, Instuction=00730C63, Mnemonic=beq x6, x7, 00000018
# ** Note:   x5=00001000 x6=00002000 x7=00002000 
# ** Note: ** Addr=000000AC, Word=43, Instuction=00002297, Mnemonic=auipc x5, 00002000
# ** Note:   x5=000020AC x6=00002000 x7=00002000 
# ** Note: ** Addr=000000B0, Word=44, Instuction=F5428293, Mnemonic=addi x5, x5, FFFFFF54
# ** Note:   x5=00002000 x6=00002000 x7=00002000 
# ** Note: ** Addr=000000B4, Word=45, Instuction=00002317, Mnemonic=auipc x6, 00002000
# ** Note:   x5=00002000 x6=000020B4 x7=00002000 
# ** Note: ** Addr=000000B8, Word=46, Instuction=F4C30313, Mnemonic=addi x6, x6, FFFFFF4C
# ** Note:   x5=00002000 x6=00002000 x7=00002000 
# ** Warning: (vsim-151) NUMERIC_STD.TO_INTEGER: Value -6 is not in bounds of subtype NATURAL.
# ** Warning: (vsim-151) NUMERIC_STD.TO_INTEGER: Value -6 is not in bounds of subtype NATURAL.
# ** Note: ** Addr=000000BC, Word=47, Instuction=00000393, Mnemonic=addi x7, x0, 00000000
# ** Note:   x5=00002000 x6=00002000 
# ** Note: ** Addr=000000C0, Word=48, Instuction=00628863, Mnemonic=beq x5, x6, 00000010
# ** Note:   x5=00002000 x6=00002000 
# ** Warning: (vsim-151) NUMERIC_STD.TO_INTEGER: Value -2048 is not in bounds of subtype NATURAL.
# ** Warning: (vsim-151) NUMERIC_STD.TO_INTEGER: Value -2048 is not in bounds of subtype NATURAL.
# ** Note: ** Addr=000000D0, Word=52, Instuction=00200193, Mnemonic=addi x3, x0, 00000002
# ** Note:   x3=00000002 x5=00002000 x6=00002000 
# ** Note: ** Addr=000000D4, Word=53, Instuction=800005B7, Mnemonic=lui x11, 80000000
# ** Note:   x3=00000002 x5=00002000 x6=00002000 x11=80000000 
# ** Warning: (vsim-151) NUMERIC_STD.TO_INTEGER: Value -2147483648 is not in bounds of subtype NATURAL.
# ** Warning: (vsim-151) NUMERIC_STD.TO_INTEGER: Value -2147483648 is not in bounds of subtype NATURAL.
# ** Note: ** Addr=000000D8, Word=54, Instuction=00000613, Mnemonic=addi x12, x0, 00000000
# ** Note:   x3=00000002 x5=00002000 x6=00002000 x11=80000000 
# ** Note: ** Addr=000000DC, Word=55, Instuction=40C5D733, Mnemonic=sra x14, x11, x12
# ** Note:   x3=00000002 x5=00002000 x6=00002000 x11=80000000 x14=80000000 
# ** Note: ** Addr=000000E0, Word=56, Instuction=800003B7, Mnemonic=lui x7, 80000000
# ** Note:   x3=00000002 x5=00002000 x6=00002000 x7=80000000 x11=80000000 x14=80000000 
# ** Note: ** Addr=000000E4, Word=57, Instuction=58771463, Mnemonic=bne x14, x7, 00000588
# ** Note:   x3=00000002 x5=00002000 x6=00002000 x7=80000000 x11=80000000 x14=80000000 
# ** Warning: (vsim-151) NUMERIC_STD.TO_INTEGER: Value -2048 is not in bounds of subtype NATURAL.
# ** Warning: (vsim-151) NUMERIC_STD.TO_INTEGER: Value -2048 is not in bounds of subtype NATURAL.
# ** Note: ** Addr=000000E8, Word=58, Instuction=00300193, Mnemonic=addi x3, x0, 00000003
# ** Note:   x3=00000003 x5=00002000 x6=00002000 x7=80000000 x11=80000000 x14=80000000 
# ** Note: ** Addr=000000EC, Word=59, Instuction=800005B7, Mnemonic=lui x11, 80000000
# ** Note:   x3=00000003 x5=00002000 x6=00002000 x7=80000000 x11=80000000 x14=80000000 
# ** Warning: (vsim-151) NUMERIC_STD.TO_INTEGER: Value -1073741824 is not in bounds of subtype NATURAL.
# ** Warning: (vsim-151) NUMERIC_STD.TO_INTEGER: Value -1073741824 is not in bounds of subtype NATURAL.
# ** Note: ** Addr=000000F0, Word=60, Instuction=00100613, Mnemonic=addi x12, x0, 00000001
# ** Note:   x3=00000003 x5=00002000 x6=00002000 x7=80000000 x11=80000000 x12=00000001 x14=80000000 
# ** Warning: (vsim-151) NUMERIC_STD.TO_INTEGER: Value -2147483648 is not in bounds of subtype NATURAL.
# ** Warning: (vsim-151) NUMERIC_STD.TO_INTEGER: Value -2147483648 is not in bounds of subtype NATURAL.
# ** Note: ** Addr=000000F4, Word=61, Instuction=40C5D733, Mnemonic=sra x14, x11, x12
# ** Note:   x3=00000003 x5=00002000 x6=00002000 x7=80000000 x11=80000000 x12=00000001 x14=C0000000 
# ** Note: ** Addr=000000F8, Word=62, Instuction=C00003B7, Mnemonic=lui x7, C0000000
# ** Note:   x3=00000003 x5=00002000 x6=00002000 x7=C0000000 x11=80000000 x12=00000001 x14=C0000000 
# ** Warning: (vsim-151) NUMERIC_STD.TO_INTEGER: Value -2147483648 is not in bounds of subtype NATURAL.
# ** Warning: (vsim-151) NUMERIC_STD.TO_INTEGER: Value -2147483648 is not in bounds of subtype NATURAL.
# ** Note: ** Addr=000000FC, Word=63, Instuction=56771863, Mnemonic=bne x14, x7, 00000570
# ** Note:   x3=00000003 x5=00002000 x6=00002000 x7=C0000000 x11=80000000 x12=00000001 x14=C0000000 
# ** Warning: (vsim-151) NUMERIC_STD.TO_INTEGER: Value -2048 is not in bounds of subtype NATURAL.
# ** Warning: (vsim-151) NUMERIC_STD.TO_INTEGER: Value -2048 is not in bounds of subtype NATURAL.
# ** Note: ** Addr=00000100, Word=64, Instuction=00400193, Mnemonic=addi x3, x0, 00000004
# ** Note:   x3=00000004 x5=00002000 x6=00002000 x7=C0000000 x11=80000000 x12=00000001 x14=C0000000 
# ** Note: ** Addr=00000104, Word=65, Instuction=800005B7, Mnemonic=lui x11, 80000000
# ** Note:   x3=00000004 x5=00002000 x6=00002000 x7=C0000000 x11=80000000 x12=00000001 x14=C0000000 
# ** Warning: (vsim-151) NUMERIC_STD.TO_INTEGER: Value -16777216 is not in bounds of subtype NATURAL.
# ** Warning: (vsim-151) NUMERIC_STD.TO_INTEGER: Value -16777216 is not in bounds of subtype NATURAL.
# ** Note: ** Addr=00000108, Word=66, Instuction=00700613, Mnemonic=addi x12, x0, 00000007
# ** Note:   x3=00000004 x5=00002000 x6=00002000 x7=C0000000 x11=80000000 x12=00000007 x14=C0000000 
# ** Warning: (vsim-151) NUMERIC_STD.TO_INTEGER: Value -2147483642 is not in bounds of subtype NATURAL.
# ** Warning: (vsim-151) NUMERIC_STD.TO_INTEGER: Value -2147483642 is not in bounds of subtype NATURAL.
# ** Note: ** Addr=0000010C, Word=67, Instuction=40C5D733, Mnemonic=sra x14, x11, x12
# ** Note:   x3=00000004 x5=00002000 x6=00002000 x7=C0000000 x11=80000000 x12=00000007 x14=FF000000 
# ** Note: ** Addr=00000110, Word=68, Instuction=FF0003B7, Mnemonic=lui x7, FF000000
# ** Note:   x3=00000004 x5=00002000 x6=00002000 x7=FF000000 x11=80000000 x12=00000007 x14=FF000000 
# ** Warning: (vsim-151) NUMERIC_STD.TO_INTEGER: Value -33554432 is not in bounds of subtype NATURAL.
# ** Warning: (vsim-151) NUMERIC_STD.TO_INTEGER: Value -33554432 is not in bounds of subtype NATURAL.
# ** Note: ** Addr=00000114, Word=69, Instuction=54771C63, Mnemonic=bne x14, x7, 00000558
# ** Note:   x3=00000004 x5=00002000 x6=00002000 x7=FF000000 x11=80000000 x12=00000007 x14=FF000000 
# ** Warning: (vsim-151) NUMERIC_STD.TO_INTEGER: Value -2048 is not in bounds of subtype NATURAL.
# ** Warning: (vsim-151) NUMERIC_STD.TO_INTEGER: Value -2048 is not in bounds of subtype NATURAL.
# ** Note: ** Addr=00000118, Word=70, Instuction=00500193, Mnemonic=addi x3, x0, 00000005
# ** Note:   x3=00000005 x5=00002000 x6=00002000 x7=FF000000 x11=80000000 x12=00000007 x14=FF000000 
# ** Note: ** Addr=0000011C, Word=71, Instuction=800005B7, Mnemonic=lui x11, 80000000
# ** Note:   x3=00000005 x5=00002000 x6=00002000 x7=FF000000 x11=80000000 x12=00000007 x14=FF000000 
# ** Warning: (vsim-151) NUMERIC_STD.TO_INTEGER: Value -131072 is not in bounds of subtype NATURAL.
# ** Warning: (vsim-151) NUMERIC_STD.TO_INTEGER: Value -131072 is not in bounds of subtype NATURAL.
# ** Note: ** Addr=00000120, Word=72, Instuction=00E00613, Mnemonic=addi x12, x0, 0000000E
# ** Note:   x3=00000005 x5=00002000 x6=00002000 x7=FF000000 x11=80000000 x12=0000000E x14=FF000000 
# ** Warning: (vsim-151) NUMERIC_STD.TO_INTEGER: Value -2147483634 is not in bounds of subtype NATURAL.
# ** Warning: (vsim-151) NUMERIC_STD.TO_INTEGER: Value -2147483634 is not in bounds of subtype NATURAL.
# ** Note: ** Addr=00000124, Word=73, Instuction=40C5D733, Mnemonic=sra x14, x11, x12
# ** Note:   x3=00000005 x5=00002000 x6=00002000 x7=FF000000 x11=80000000 x12=0000000E x14=FFFE0000 
# ** Note: ** Addr=00000128, Word=74, Instuction=FFFE03B7, Mnemonic=lui x7, FFFE0000
# ** Note:   x3=00000005 x5=00002000 x6=00002000 x7=FFFE0000 x11=80000000 x12=0000000E x14=FFFE0000 
# ** Warning: (vsim-151) NUMERIC_STD.TO_INTEGER: Value -262144 is not in bounds of subtype NATURAL.
# ** Warning: (vsim-151) NUMERIC_STD.TO_INTEGER: Value -262144 is not in bounds of subtype NATURAL.
# ** Note: ** Addr=0000012C, Word=75, Instuction=54771063, Mnemonic=bne x14, x7, 00000540
# ** Note:   x3=00000005 x5=00002000 x6=00002000 x7=FFFE0000 x11=80000000 x12=0000000E x14=FFFE0000 
# ** Warning: (vsim-151) NUMERIC_STD.TO_INTEGER: Value -2048 is not in bounds of subtype NATURAL.
# ** Warning: (vsim-151) NUMERIC_STD.TO_INTEGER: Value -2048 is not in bounds of subtype NATURAL.
# ** Note: ** Addr=00000130, Word=76, Instuction=00600193, Mnemonic=addi x3, x0, 00000006
# ** Note:   x3=00000006 x5=00002000 x6=00002000 x7=FFFE0000 x11=80000000 x12=0000000E x14=FFFE0000 
# ** Warning: (vsim-151) NUMERIC_STD.TO_INTEGER: Value -2147483648 is not in bounds of subtype NATURAL.
# ** Warning: (vsim-151) NUMERIC_STD.TO_INTEGER: Value -2147483648 is not in bounds of subtype NATURAL.
# ** Note: ** Addr=00000134, Word=77, Instuction=800005B7, Mnemonic=lui x11, 80000000
# ** Note:   x3=00000006 x5=00002000 x6=00002000 x7=FFFE0000 x11=80000000 x12=0000000E x14=FFFE0000 
# ** Warning: (vsim-151) NUMERIC_STD.TO_INTEGER: Value -2147483646 is not in bounds of subtype NATURAL.
# ** Warning: (vsim-151) NUMERIC_STD.TO_INTEGER: Value -2147483646 is not in bounds of subtype NATURAL.
# ** Warning: (vsim-151) NUMERIC_STD.TO_INTEGER: Value -2147483616 is not in bounds of subtype NATURAL.
# ** Warning: (vsim-151) NUMERIC_STD.TO_INTEGER: Value -2147483616 is not in bounds of subtype NATURAL.
# ** Note: ** Addr=00000138, Word=78, Instuction=00158593, Mnemonic=addi x11, x11, 00000001
# ** Note:   x3=00000006 x5=00002000 x6=00002000 x7=FFFE0000 x11=80000001 x12=0000000E x14=FFFE0000 
# ** Warning: (vsim-151) NUMERIC_STD.TO_INTEGER: Value -2 is not in bounds of subtype NATURAL.
# ** Warning: (vsim-151) NUMERIC_STD.TO_INTEGER: Value -2 is not in bounds of subtype NATURAL.
# ** Note: ** Addr=0000013C, Word=79, Instuction=01F00613, Mnemonic=addi x12, x0, 0000001F
# ** Note:   x3=00000006 x5=00002000 x6=00002000 x7=FFFE0000 x11=80000001 x12=0000001F x14=FFFE0000 
# ** Warning: (vsim-151) NUMERIC_STD.TO_INTEGER: Value -2147483616 is not in bounds of subtype NATURAL.
# ** Warning: (vsim-151) NUMERIC_STD.TO_INTEGER: Value -2147483616 is not in bounds of subtype NATURAL.
# ** Warning: (vsim-151) NUMERIC_STD.TO_INTEGER: Value -2 is not in bounds of subtype NATURAL.
# ** Warning: (vsim-151) NUMERIC_STD.TO_INTEGER: Value -2 is not in bounds of subtype NATURAL.
# ** Note: ** Addr=00000140, Word=80, Instuction=40C5D733, Mnemonic=sra x14, x11, x12
# ** Note:   x3=00000006 x5=00002000 x6=00002000 x7=FFFE0000 x11=80000001 x12=0000001F x14=FFFFFFFF 
# ** Warning: (vsim-151) NUMERIC_STD.TO_INTEGER: Value -1320 is not in bounds of subtype NATURAL.
# ** Warning: (vsim-151) NUMERIC_STD.TO_INTEGER: Value -1320 is not in bounds of subtype NATURAL.
# ** Note: ** Addr=00000144, Word=81, Instuction=FFF00393, Mnemonic=addi x7, x0, FFFFFFFF
# ** Note:   x3=00000006 x5=00002000 x6=00002000 x7=FFFFFFFF x11=80000001 x12=0000001F x14=FFFFFFFF 
# ** Warning: (vsim-151) NUMERIC_STD.TO_INTEGER: Value -2 is not in bounds of subtype NATURAL.
# ** Warning: (vsim-151) NUMERIC_STD.TO_INTEGER: Value -2 is not in bounds of subtype NATURAL.
# ** Note: ** Addr=00000148, Word=82, Instuction=52771263, Mnemonic=bne x14, x7, 00000524
# ** Note:   x3=00000006 x5=00002000 x6=00002000 x7=FFFFFFFF x11=80000001 x12=0000001F x14=FFFFFFFF 
# ** Warning: (vsim-151) NUMERIC_STD.TO_INTEGER: Value -2048 is not in bounds of subtype NATURAL.
# ** Warning: (vsim-151) NUMERIC_STD.TO_INTEGER: Value -2048 is not in bounds of subtype NATURAL.
# ** Note: ** Addr=0000014C, Word=83, Instuction=00700193, Mnemonic=addi x3, x0, 00000007
# ** Note:   x3=00000007 x5=00002000 x6=00002000 x7=FFFFFFFF x11=80000001 x12=0000001F x14=FFFFFFFF 
# ** Note: ** Addr=00000150, Word=84, Instuction=800005B7, Mnemonic=lui x11, 80000000
# ** Note:   x3=00000007 x5=00002000 x6=00002000 x7=FFFFFFFF x11=80000000 x12=0000001F x14=FFFFFFFF 
# ** Note: ** Addr=00000154, Word=85, Instuction=FFF58593, Mnemonic=addi x11, x11, FFFFFFFF
# ** Note:   x3=00000007 x5=00002000 x6=00002000 x7=FFFFFFFF x11=7FFFFFFF x12=0000001F x14=FFFFFFFF 
# ** Note: ** Addr=00000158, Word=86, Instuction=00000613, Mnemonic=addi x12, x0, 00000000
# ** Note:   x3=00000007 x5=00002000 x6=00002000 x7=FFFFFFFF x11=7FFFFFFF x14=FFFFFFFF 
# ** Note: ** Addr=0000015C, Word=87, Instuction=40C5D733, Mnemonic=sra x14, x11, x12
# ** Note:   x3=00000007 x5=00002000 x6=00002000 x7=FFFFFFFF x11=7FFFFFFF x14=7FFFFFFF 
# ** Note: ** Addr=00000160, Word=88, Instuction=800003B7, Mnemonic=lui x7, 80000000
# ** Note:   x3=00000007 x5=00002000 x6=00002000 x7=80000000 x11=7FFFFFFF x14=7FFFFFFF 
# ** Note: ** Addr=00000164, Word=89, Instuction=FFF38393, Mnemonic=addi x7, x7, FFFFFFFF
# ** Note:   x3=00000007 x5=00002000 x6=00002000 x7=7FFFFFFF x11=7FFFFFFF x14=7FFFFFFF 
# ** Warning: (vsim-151) NUMERIC_STD.TO_INTEGER: Value -2 is not in bounds of subtype NATURAL.
# ** Warning: (vsim-151) NUMERIC_STD.TO_INTEGER: Value -2 is not in bounds of subtype NATURAL.
# ** Note: ** Addr=00000168, Word=90, Instuction=50771263, Mnemonic=bne x14, x7, 00000504
# ** Note:   x3=00000007 x5=00002000 x6=00002000 x7=7FFFFFFF x11=7FFFFFFF x14=7FFFFFFF 
# ** Warning: (vsim-151) NUMERIC_STD.TO_INTEGER: Value -2048 is not in bounds of subtype NATURAL.
# ** Warning: (vsim-151) NUMERIC_STD.TO_INTEGER: Value -2048 is not in bounds of subtype NATURAL.
# ** Note: ** Addr=0000016C, Word=91, Instuction=00800193, Mnemonic=addi x3, x0, 00000008
# ** Note:   x3=00000008 x5=00002000 x6=00002000 x7=7FFFFFFF x11=7FFFFFFF x14=7FFFFFFF 
# ** Note: ** Addr=00000170, Word=92, Instuction=800005B7, Mnemonic=lui x11, 80000000
# ** Note:   x3=00000008 x5=00002000 x6=00002000 x7=7FFFFFFF x11=80000000 x14=7FFFFFFF 
# ** Warning: (vsim-151) NUMERIC_STD.TO_INTEGER: Value -2147483648 is not in bounds of subtype NATURAL.
# ** Warning: (vsim-151) NUMERIC_STD.TO_INTEGER: Value -2147483648 is not in bounds of subtype NATURAL.
# ** Note: ** Addr=00000174, Word=93, Instuction=FFF58593, Mnemonic=addi x11, x11, FFFFFFFF
# ** Note:   x3=00000008 x5=00002000 x6=00002000 x7=7FFFFFFF x11=7FFFFFFF x14=7FFFFFFF 
# ** Note: ** Addr=00000178, Word=94, Instuction=00100613, Mnemonic=addi x12, x0, 00000001
# ** Note:   x3=00000008 x5=00002000 x6=00002000 x7=7FFFFFFF x11=7FFFFFFF x12=00000001 x14=7FFFFFFF 
# ** Warning: (vsim-151) NUMERIC_STD.TO_INTEGER: Value -2147483648 is not in bounds of subtype NATURAL.
# ** Warning: (vsim-151) NUMERIC_STD.TO_INTEGER: Value -2147483648 is not in bounds of subtype NATURAL.
# ** Note: ** Addr=0000017C, Word=95, Instuction=40C5D733, Mnemonic=sra x14, x11, x12
# ** Note:   x3=00000008 x5=00002000 x6=00002000 x7=7FFFFFFF x11=7FFFFFFF x12=00000001 x14=3FFFFFFF 
# ** Note: ** Addr=00000180, Word=96, Instuction=400003B7, Mnemonic=lui x7, 40000000
# ** Note:   x3=00000008 x5=00002000 x6=00002000 x7=40000000 x11=7FFFFFFF x12=00000001 x14=3FFFFFFF 
# ** Note: ** Addr=00000184, Word=97, Instuction=FFF38393, Mnemonic=addi x7, x7, FFFFFFFF
# ** Note:   x3=00000008 x5=00002000 x6=00002000 x7=3FFFFFFF x11=7FFFFFFF x12=00000001 x14=3FFFFFFF 
# ** Note: ** Addr=00000188, Word=98, Instuction=4E771263, Mnemonic=bne x14, x7, 000004E4
# ** Note:   x3=00000008 x5=00002000 x6=00002000 x7=3FFFFFFF x11=7FFFFFFF x12=00000001 x14=3FFFFFFF 
# ** Warning: (vsim-151) NUMERIC_STD.TO_INTEGER: Value -2048 is not in bounds of subtype NATURAL.
# ** Warning: (vsim-151) NUMERIC_STD.TO_INTEGER: Value -2048 is not in bounds of subtype NATURAL.
# ** Note: ** Addr=0000018C, Word=99, Instuction=00900193, Mnemonic=addi x3, x0, 00000009
# ** Note:   x3=00000009 x5=00002000 x6=00002000 x7=3FFFFFFF x11=7FFFFFFF x12=00000001 x14=3FFFFFFF 
# ** Note: ** Addr=00000190, Word=100, Instuction=800005B7, Mnemonic=lui x11, 80000000
# ** Note:   x3=00000009 x5=00002000 x6=00002000 x7=3FFFFFFF x11=80000000 x12=00000001 x14=3FFFFFFF 
# ** Warning: (vsim-151) NUMERIC_STD.TO_INTEGER: Value -2147483642 is not in bounds of subtype NATURAL.
# ** Warning: (vsim-151) NUMERIC_STD.TO_INTEGER: Value -2147483642 is not in bounds of subtype NATURAL.
# ** Note: ** Addr=00000194, Word=101, Instuction=FFF58593, Mnemonic=addi x11, x11, FFFFFFFF
# ** Note:   x3=00000009 x5=00002000 x6=00002000 x7=3FFFFFFF x11=7FFFFFFF x12=00000001 x14=3FFFFFFF 
# ** Note: ** Addr=00000198, Word=102, Instuction=00700613, Mnemonic=addi x12, x0, 00000007
# ** Note:   x3=00000009 x5=00002000 x6=00002000 x7=3FFFFFFF x11=7FFFFFFF x12=00000007 x14=3FFFFFFF 
# ** Warning: (vsim-151) NUMERIC_STD.TO_INTEGER: Value -2147483642 is not in bounds of subtype NATURAL.
# ** Warning: (vsim-151) NUMERIC_STD.TO_INTEGER: Value -2147483642 is not in bounds of subtype NATURAL.
# ** Note: ** Addr=0000019C, Word=103, Instuction=40C5D733, Mnemonic=sra x14, x11, x12
# ** Note:   x3=00000009 x5=00002000 x6=00002000 x7=3FFFFFFF x11=7FFFFFFF x12=00000007 x14=00FFFFFF 
# ** Note: ** Addr=000001A0, Word=104, Instuction=010003B7, Mnemonic=lui x7, 01000000
# ** Note:   x3=00000009 x5=00002000 x6=00002000 x7=01000000 x11=7FFFFFFF x12=00000007 x14=00FFFFFF 
# ** Note: ** Addr=000001A4, Word=105, Instuction=FFF38393, Mnemonic=addi x7, x7, FFFFFFFF
# ** Note:   x3=00000009 x5=00002000 x6=00002000 x7=00FFFFFF x11=7FFFFFFF x12=00000007 x14=00FFFFFF 
# ** Note: ** Addr=000001A8, Word=106, Instuction=4C771263, Mnemonic=bne x14, x7, 000004C4
# ** Note:   x3=00000009 x5=00002000 x6=00002000 x7=00FFFFFF x11=7FFFFFFF x12=00000007 x14=00FFFFFF 
# ** Warning: (vsim-151) NUMERIC_STD.TO_INTEGER: Value -2048 is not in bounds of subtype NATURAL.
# ** Warning: (vsim-151) NUMERIC_STD.TO_INTEGER: Value -2048 is not in bounds of subtype NATURAL.
# ** Note: ** Addr=000001AC, Word=107, Instuction=00A00193, Mnemonic=addi x3, x0, 0000000A
# ** Note:   x3=0000000A x5=00002000 x6=00002000 x7=00FFFFFF x11=7FFFFFFF x12=00000007 x14=00FFFFFF 
# ** Note: ** Addr=000001B0, Word=108, Instuction=800005B7, Mnemonic=lui x11, 80000000
# ** Note:   x3=0000000A x5=00002000 x6=00002000 x7=00FFFFFF x11=80000000 x12=00000007 x14=00FFFFFF 
# ** Warning: (vsim-151) NUMERIC_STD.TO_INTEGER: Value -2147483636 is not in bounds of subtype NATURAL.
# ** Warning: (vsim-151) NUMERIC_STD.TO_INTEGER: Value -2147483636 is not in bounds of subtype NATURAL.
# ** Note: ** Addr=000001B4, Word=109, Instuction=FFF58593, Mnemonic=addi x11, x11, FFFFFFFF
# ** Note:   x3=0000000A x5=00002000 x6=00002000 x7=00FFFFFF x11=7FFFFFFF x12=00000007 x14=00FFFFFF 
# ** Note: ** Addr=000001B8, Word=110, Instuction=00E00613, Mnemonic=addi x12, x0, 0000000E
# ** Note:   x3=0000000A x5=00002000 x6=00002000 x7=00FFFFFF x11=7FFFFFFF x12=0000000E x14=00FFFFFF 
# ** Warning: (vsim-151) NUMERIC_STD.TO_INTEGER: Value -2147483636 is not in bounds of subtype NATURAL.
# ** Warning: (vsim-151) NUMERIC_STD.TO_INTEGER: Value -2147483636 is not in bounds of subtype NATURAL.
# ** Note: ** Addr=000001BC, Word=111, Instuction=40C5D733, Mnemonic=sra x14, x11, x12
# ** Note:   x3=0000000A x5=00002000 x6=00002000 x7=00FFFFFF x11=7FFFFFFF x12=0000000E x14=0001FFFF 
# ** Note: ** Addr=000001C0, Word=112, Instuction=000203B7, Mnemonic=lui x7, 00020000
# ** Note:   x3=0000000A x5=00002000 x6=00002000 x7=00020000 x11=7FFFFFFF x12=0000000E x14=0001FFFF 
# ** Note: ** Addr=000001C4, Word=113, Instuction=FFF38393, Mnemonic=addi x7, x7, FFFFFFFF
# ** Note:   x3=0000000A x5=00002000 x6=00002000 x7=0001FFFF x11=7FFFFFFF x12=0000000E x14=0001FFFF 
# ** Note: ** Addr=000001C8, Word=114, Instuction=4A771263, Mnemonic=bne x14, x7, 000004A4
# ** Note:   x3=0000000A x5=00002000 x6=00002000 x7=0001FFFF x11=7FFFFFFF x12=0000000E x14=0001FFFF 
# ** Warning: (vsim-151) NUMERIC_STD.TO_INTEGER: Value -2048 is not in bounds of subtype NATURAL.
# ** Warning: (vsim-151) NUMERIC_STD.TO_INTEGER: Value -2048 is not in bounds of subtype NATURAL.
# ** Note: ** Addr=000001CC, Word=115, Instuction=00B00193, Mnemonic=addi x3, x0, 0000000B
# ** Note:   x3=0000000B x5=00002000 x6=00002000 x7=0001FFFF x11=7FFFFFFF x12=0000000E x14=0001FFFF 
# ** Note: ** Addr=000001D0, Word=116, Instuction=800005B7, Mnemonic=lui x11, 80000000
# ** Note:   x3=0000000B x5=00002000 x6=00002000 x7=0001FFFF x11=80000000 x12=0000000E x14=0001FFFF 
# ** Warning: (vsim-151) NUMERIC_STD.TO_INTEGER: Value -2147483618 is not in bounds of subtype NATURAL.
# ** Warning: (vsim-151) NUMERIC_STD.TO_INTEGER: Value -2147483618 is not in bounds of subtype NATURAL.
# ** Note: ** Addr=000001D4, Word=117, Instuction=FFF58593, Mnemonic=addi x11, x11, FFFFFFFF
# ** Note:   x3=0000000B x5=00002000 x6=00002000 x7=0001FFFF x11=7FFFFFFF x12=0000000E x14=0001FFFF 
# ** Note: ** Addr=000001D8, Word=118, Instuction=01F00613, Mnemonic=addi x12, x0, 0000001F
# ** Note:   x3=0000000B x5=00002000 x6=00002000 x7=0001FFFF x11=7FFFFFFF x12=0000001F x14=0001FFFF 
# ** Warning: (vsim-151) NUMERIC_STD.TO_INTEGER: Value -2147483618 is not in bounds of subtype NATURAL.
# ** Warning: (vsim-151) NUMERIC_STD.TO_INTEGER: Value -2147483618 is not in bounds of subtype NATURAL.
# ** Note: ** Addr=000001DC, Word=119, Instuction=40C5D733, Mnemonic=sra x14, x11, x12
# ** Note:   x3=0000000B x5=00002000 x6=00002000 x7=0001FFFF x11=7FFFFFFF x12=0000001F 
# ** Warning: (vsim-151) NUMERIC_STD.TO_INTEGER: Value -1160 is not in bounds of subtype NATURAL.
# ** Warning: (vsim-151) NUMERIC_STD.TO_INTEGER: Value -1160 is not in bounds of subtype NATURAL.
# ** Note: ** Addr=000001E0, Word=120, Instuction=00000393, Mnemonic=addi x7, x0, 00000000
# ** Note:   x3=0000000B x5=00002000 x6=00002000 x11=7FFFFFFF x12=0000001F 
# ** Note: ** Addr=000001E4, Word=121, Instuction=48771463, Mnemonic=bne x14, x7, 00000488
# ** Note:   x3=0000000B x5=00002000 x6=00002000 x11=7FFFFFFF x12=0000001F 
# ** Warning: (vsim-151) NUMERIC_STD.TO_INTEGER: Value -2024 is not in bounds of subtype NATURAL.
# ** Warning: (vsim-151) NUMERIC_STD.TO_INTEGER: Value -2024 is not in bounds of subtype NATURAL.
# ** Note: ** Addr=000001E8, Word=122, Instuction=00C00193, Mnemonic=addi x3, x0, 0000000C
# ** Note:   x3=0000000C x5=00002000 x6=00002000 x11=7FFFFFFF x12=0000001F 
# ** Warning: (vsim-151) NUMERIC_STD.TO_INTEGER: Value -2122219136 is not in bounds of subtype NATURAL.
# ** Warning: (vsim-151) NUMERIC_STD.TO_INTEGER: Value -2122219136 is not in bounds of subtype NATURAL.
# ** Note: ** Addr=000001EC, Word=123, Instuction=818185B7, Mnemonic=lui x11, 81818000
# ** Note:   x3=0000000C x5=00002000 x6=00002000 x11=81818000 x12=0000001F 
# ** Warning: (vsim-151) NUMERIC_STD.TO_INTEGER: Value -2122218750 is not in bounds of subtype NATURAL.
# ** Warning: (vsim-151) NUMERIC_STD.TO_INTEGER: Value -2122218750 is not in bounds of subtype NATURAL.
# ** Warning: (vsim-151) NUMERIC_STD.TO_INTEGER: Value -2122219136 is not in bounds of subtype NATURAL.
# ** Warning: (vsim-151) NUMERIC_STD.TO_INTEGER: Value -2122219136 is not in bounds of subtype NATURAL.
# ** Note: ** Addr=000001F0, Word=124, Instuction=18158593, Mnemonic=addi x11, x11, 00000181
# ** Note:   x3=0000000C x5=00002000 x6=00002000 x11=81818181 x12=0000001F 
# ** Warning: (vsim-151) NUMERIC_STD.TO_INTEGER: Value -2122219136 is not in bounds of subtype NATURAL.
# ** Warning: (vsim-151) NUMERIC_STD.TO_INTEGER: Value -2122219136 is not in bounds of subtype NATURAL.
# ** Note: ** Addr=000001F4, Word=125, Instuction=00000613, Mnemonic=addi x12, x0, 00000000
# ** Note:   x3=0000000C x5=00002000 x6=00002000 x11=81818181 
# ** Note: ** Addr=000001F8, Word=126, Instuction=40C5D733, Mnemonic=sra x14, x11, x12
# ** Note:   x3=0000000C x5=00002000 x6=00002000 x11=81818181 x14=81818181 
# ** Warning: (vsim-151) NUMERIC_STD.TO_INTEGER: Value -2122219136 is not in bounds of subtype NATURAL.
# ** Warning: (vsim-151) NUMERIC_STD.TO_INTEGER: Value -2122219136 is not in bounds of subtype NATURAL.
# ** Note: ** Addr=000001FC, Word=127, Instuction=818183B7, Mnemonic=lui x7, 81818000
# ** Note:   x3=0000000C x5=00002000 x6=00002000 x7=81818000 x11=81818181 x14=81818181 
# ** Warning: (vsim-151) NUMERIC_STD.TO_INTEGER: Value -2122218750 is not in bounds of subtype NATURAL.
# ** Warning: (vsim-151) NUMERIC_STD.TO_INTEGER: Value -2122218750 is not in bounds of subtype NATURAL.
# ** Warning: (vsim-151) NUMERIC_STD.TO_INTEGER: Value -2122220262 is not in bounds of subtype NATURAL.
# ** Warning: (vsim-151) NUMERIC_STD.TO_INTEGER: Value -2122220262 is not in bounds of subtype NATURAL.
# ** Note: ** Addr=00000200, Word=128, Instuction=18138393, Mnemonic=addi x7, x7, 00000181
# ** Note:   x3=0000000C x5=00002000 x6=00002000 x7=81818181 x11=81818181 x14=81818181 
# ** Note: ** Addr=00000204, Word=129, Instuction=46771463, Mnemonic=bne x14, x7, 00000468
# ** Note:   x3=0000000C x5=00002000 x6=00002000 x7=81818181 x11=81818181 x14=81818181 
# ** Warning: (vsim-151) NUMERIC_STD.TO_INTEGER: Value -2024 is not in bounds of subtype NATURAL.
# ** Warning: (vsim-151) NUMERIC_STD.TO_INTEGER: Value -2024 is not in bounds of subtype NATURAL.
# ** Note: ** Addr=00000208, Word=130, Instuction=00D00193, Mnemonic=addi x3, x0, 0000000D
# ** Note:   x3=0000000D x5=00002000 x6=00002000 x7=81818181 x11=81818181 x14=81818181 
# ** Warning: (vsim-151) NUMERIC_STD.TO_INTEGER: Value -2122219136 is not in bounds of subtype NATURAL.
# ** Warning: (vsim-151) NUMERIC_STD.TO_INTEGER: Value -2122219136 is not in bounds of subtype NATURAL.
# ** Note: ** Addr=0000020C, Word=131, Instuction=818185B7, Mnemonic=lui x11, 81818000
# ** Note:   x3=0000000D x5=00002000 x6=00002000 x7=81818181 x11=81818000 x14=81818181 
# ** Warning: (vsim-151) NUMERIC_STD.TO_INTEGER: Value -2122218750 is not in bounds of subtype NATURAL.
# ** Warning: (vsim-151) NUMERIC_STD.TO_INTEGER: Value -2122218750 is not in bounds of subtype NATURAL.
# ** Warning: (vsim-151) NUMERIC_STD.TO_INTEGER: Value -2122219134 is not in bounds of subtype NATURAL.
# ** Warning: (vsim-151) NUMERIC_STD.TO_INTEGER: Value -2122219134 is not in bounds of subtype NATURAL.
# ** Note: ** Addr=00000210, Word=132, Instuction=18158593, Mnemonic=addi x11, x11, 00000181
# ** Note:   x3=0000000D x5=00002000 x6=00002000 x7=81818181 x11=81818181 x14=81818181 
# ** Warning: (vsim-151) NUMERIC_STD.TO_INTEGER: Value -1061109568 is not in bounds of subtype NATURAL.
# ** Warning: (vsim-151) NUMERIC_STD.TO_INTEGER: Value -1061109568 is not in bounds of subtype NATURAL.
# ** Note: ** Addr=00000214, Word=133, Instuction=00100613, Mnemonic=addi x12, x0, 00000001
# ** Note:   x3=0000000D x5=00002000 x6=00002000 x7=81818181 x11=81818181 x12=00000001 x14=81818181 
# ** Warning: (vsim-151) NUMERIC_STD.TO_INTEGER: Value -2122219134 is not in bounds of subtype NATURAL.
# ** Warning: (vsim-151) NUMERIC_STD.TO_INTEGER: Value -2122219134 is not in bounds of subtype NATURAL.
# ** Note: ** Addr=00000218, Word=134, Instuction=40C5D733, Mnemonic=sra x14, x11, x12
# ** Note:   x3=0000000D x5=00002000 x6=00002000 x7=81818181 x11=81818181 x12=00000001 x14=C0C0C0C0 
# ** Warning: (vsim-151) NUMERIC_STD.TO_INTEGER: Value -1061109568 is not in bounds of subtype NATURAL.
# ** Warning: (vsim-151) NUMERIC_STD.TO_INTEGER: Value -1061109568 is not in bounds of subtype NATURAL.
# ** Note: ** Addr=0000021C, Word=135, Instuction=C0C0C3B7, Mnemonic=lui x7, C0C0C000
# ** Note:   x3=0000000D x5=00002000 x6=00002000 x7=C0C0C000 x11=81818181 x12=00000001 x14=C0C0C0C0 
# ** Warning: (vsim-151) NUMERIC_STD.TO_INTEGER: Value -1061109376 is not in bounds of subtype NATURAL.
# ** Warning: (vsim-151) NUMERIC_STD.TO_INTEGER: Value -1061109376 is not in bounds of subtype NATURAL.
# ** Warning: (vsim-151) NUMERIC_STD.TO_INTEGER: Value -1061110664 is not in bounds of subtype NATURAL.
# ** Warning: (vsim-151) NUMERIC_STD.TO_INTEGER: Value -1061110664 is not in bounds of subtype NATURAL.
# ** Note: ** Addr=00000220, Word=136, Instuction=0C038393, Mnemonic=addi x7, x7, 000000C0
# ** Note:   x3=0000000D x5=00002000 x6=00002000 x7=C0C0C0C0 x11=81818181 x12=00000001 x14=C0C0C0C0 
# ** Warning: (vsim-151) NUMERIC_STD.TO_INTEGER: Value -2122219136 is not in bounds of subtype NATURAL.
# ** Warning: (vsim-151) NUMERIC_STD.TO_INTEGER: Value -2122219136 is not in bounds of subtype NATURAL.
# ** Note: ** Addr=00000224, Word=137, Instuction=44771463, Mnemonic=bne x14, x7, 00000448
# ** Note:   x3=0000000D x5=00002000 x6=00002000 x7=C0C0C0C0 x11=81818181 x12=00000001 x14=C0C0C0C0 
# ** Warning: (vsim-151) NUMERIC_STD.TO_INTEGER: Value -2024 is not in bounds of subtype NATURAL.
# ** Warning: (vsim-151) NUMERIC_STD.TO_INTEGER: Value -2024 is not in bounds of subtype NATURAL.
# ** Note: ** Addr=00000228, Word=138, Instuction=00E00193, Mnemonic=addi x3, x0, 0000000E
# ** Note:   x3=0000000E x5=00002000 x6=00002000 x7=C0C0C0C0 x11=81818181 x12=00000001 x14=C0C0C0C0 
# ** Warning: (vsim-151) NUMERIC_STD.TO_INTEGER: Value -2122219136 is not in bounds of subtype NATURAL.
# ** Warning: (vsim-151) NUMERIC_STD.TO_INTEGER: Value -2122219136 is not in bounds of subtype NATURAL.
# ** Note: ** Addr=0000022C, Word=139, Instuction=818185B7, Mnemonic=lui x11, 81818000
# ** Note:   x3=0000000E x5=00002000 x6=00002000 x7=C0C0C0C0 x11=81818000 x12=00000001 x14=C0C0C0C0 
# ** Warning: (vsim-151) NUMERIC_STD.TO_INTEGER: Value -2122218750 is not in bounds of subtype NATURAL.
# ** Warning: (vsim-151) NUMERIC_STD.TO_INTEGER: Value -2122218750 is not in bounds of subtype NATURAL.
# ** Warning: (vsim-151) NUMERIC_STD.TO_INTEGER: Value -2122219128 is not in bounds of subtype NATURAL.
# ** Warning: (vsim-151) NUMERIC_STD.TO_INTEGER: Value -2122219128 is not in bounds of subtype NATURAL.
# ** Note: ** Addr=00000230, Word=140, Instuction=18158593, Mnemonic=addi x11, x11, 00000181
# ** Note:   x3=0000000E x5=00002000 x6=00002000 x7=C0C0C0C0 x11=81818181 x12=00000001 x14=C0C0C0C0 
# ** Warning: (vsim-151) NUMERIC_STD.TO_INTEGER: Value -16579838 is not in bounds of subtype NATURAL.
# ** Warning: (vsim-151) NUMERIC_STD.TO_INTEGER: Value -16579838 is not in bounds of subtype NATURAL.
# ** Note: ** Addr=00000234, Word=141, Instuction=00700613, Mnemonic=addi x12, x0, 00000007
# ** Note:   x3=0000000E x5=00002000 x6=00002000 x7=C0C0C0C0 x11=81818181 x12=00000007 x14=C0C0C0C0 
# ** Warning: (vsim-151) NUMERIC_STD.TO_INTEGER: Value -2122219128 is not in bounds of subtype NATURAL.
# ** Warning: (vsim-151) NUMERIC_STD.TO_INTEGER: Value -2122219128 is not in bounds of subtype NATURAL.
# ** Note: ** Addr=00000238, Word=142, Instuction=40C5D733, Mnemonic=sra x14, x11, x12
# ** Note:   x3=0000000E x5=00002000 x6=00002000 x7=C0C0C0C0 x11=81818181 x12=00000007 x14=FF030303 
# ** Warning: (vsim-151) NUMERIC_STD.TO_INTEGER: Value -16579838 is not in bounds of subtype NATURAL.
# ** Warning: (vsim-151) NUMERIC_STD.TO_INTEGER: Value -16579838 is not in bounds of subtype NATURAL.
# ** Warning: (vsim-151) NUMERIC_STD.TO_INTEGER: Value -16579838 is not in bounds of subtype NATURAL.
# ** Note: ** Addr=0000023C, Word=143, Instuction=FF0303B7, Mnemonic=lui x7, FF030000
# ** Note:   x3=0000000E x5=00002000 x6=00002000 x7=FF030000 x11=81818181 x12=00000007 x14=FF030303 
# ** Warning: (vsim-151) NUMERIC_STD.TO_INTEGER: Value -16579066 is not in bounds of subtype NATURAL.
# ** Warning: (vsim-151) NUMERIC_STD.TO_INTEGER: Value -16579066 is not in bounds of subtype NATURAL.
# ** Warning: (vsim-151) NUMERIC_STD.TO_INTEGER: Value -16580900 is not in bounds of subtype NATURAL.
# ** Warning: (vsim-151) NUMERIC_STD.TO_INTEGER: Value -16580900 is not in bounds of subtype NATURAL.
# ** Note: ** Addr=00000240, Word=144, Instuction=30338393, Mnemonic=addi x7, x7, 00000303
# ** Note:   x3=0000000E x5=00002000 x6=00002000 x7=FF030303 x11=81818181 x12=00000007 x14=FF030303 
# ** Warning: (vsim-151) NUMERIC_STD.TO_INTEGER: Value -33159674 is not in bounds of subtype NATURAL.
# ** Warning: (vsim-151) NUMERIC_STD.TO_INTEGER: Value -33159674 is not in bounds of subtype NATURAL.
# ** Note: ** Addr=00000244, Word=145, Instuction=42771463, Mnemonic=bne x14, x7, 00000428
# ** Note:   x3=0000000E x5=00002000 x6=00002000 x7=FF030303 x11=81818181 x12=00000007 x14=FF030303 
# ** Warning: (vsim-151) NUMERIC_STD.TO_INTEGER: Value -2024 is not in bounds of subtype NATURAL.
# ** Warning: (vsim-151) NUMERIC_STD.TO_INTEGER: Value -2024 is not in bounds of subtype NATURAL.
# ** Note: ** Addr=00000248, Word=146, Instuction=00F00193, Mnemonic=addi x3, x0, 0000000F
# ** Note:   x3=0000000F x5=00002000 x6=00002000 x7=FF030303 x11=81818181 x12=00000007 x14=FF030303 
# ** Warning: (vsim-151) NUMERIC_STD.TO_INTEGER: Value -2122219136 is not in bounds of subtype NATURAL.
# ** Warning: (vsim-151) NUMERIC_STD.TO_INTEGER: Value -2122219136 is not in bounds of subtype NATURAL.
# ** Note: ** Addr=0000024C, Word=147, Instuction=818185B7, Mnemonic=lui x11, 81818000
# ** Note:   x3=0000000F x5=00002000 x6=00002000 x7=FF030303 x11=81818000 x12=00000007 x14=FF030303 
# ** Warning: (vsim-151) NUMERIC_STD.TO_INTEGER: Value -2122218750 is not in bounds of subtype NATURAL.
# ** Warning: (vsim-151) NUMERIC_STD.TO_INTEGER: Value -2122218750 is not in bounds of subtype NATURAL.
# ** Warning: (vsim-151) NUMERIC_STD.TO_INTEGER: Value -2122219122 is not in bounds of subtype NATURAL.
# ** Warning: (vsim-151) NUMERIC_STD.TO_INTEGER: Value -2122219122 is not in bounds of subtype NATURAL.
# ** Note: ** Addr=00000250, Word=148, Instuction=18158593, Mnemonic=addi x11, x11, 00000181
# ** Note:   x3=0000000F x5=00002000 x6=00002000 x7=FF030303 x11=81818181 x12=00000007 x14=FF030303 
# ** Warning: (vsim-151) NUMERIC_STD.TO_INTEGER: Value -129530 is not in bounds of subtype NATURAL.
# ** Warning: (vsim-151) NUMERIC_STD.TO_INTEGER: Value -129530 is not in bounds of subtype NATURAL.
# ** Note: ** Addr=00000254, Word=149, Instuction=00E00613, Mnemonic=addi x12, x0, 0000000E
# ** Note:   x3=0000000F x5=00002000 x6=00002000 x7=FF030303 x11=81818181 x12=0000000E x14=FF030303 
# ** Warning: (vsim-151) NUMERIC_STD.TO_INTEGER: Value -2122219122 is not in bounds of subtype NATURAL.
# ** Warning: (vsim-151) NUMERIC_STD.TO_INTEGER: Value -2122219122 is not in bounds of subtype NATURAL.
# ** Note: ** Addr=00000258, Word=150, Instuction=40C5D733, Mnemonic=sra x14, x11, x12
# ** Note:   x3=0000000F x5=00002000 x6=00002000 x7=FF030303 x11=81818181 x12=0000000E x14=FFFE0606 
# ** Warning: (vsim-151) NUMERIC_STD.TO_INTEGER: Value -129530 is not in bounds of subtype NATURAL.
# ** Warning: (vsim-151) NUMERIC_STD.TO_INTEGER: Value -129530 is not in bounds of subtype NATURAL.
# ** Note: ** Addr=0000025C, Word=151, Instuction=FFFE03B7, Mnemonic=lui x7, FFFE0000
# ** Note:   x3=0000000F x5=00002000 x6=00002000 x7=FFFE0000 x11=81818181 x12=0000000E x14=FFFE0606 
# ** Warning: (vsim-151) NUMERIC_STD.TO_INTEGER: Value -127988 is not in bounds of subtype NATURAL.
# ** Warning: (vsim-151) NUMERIC_STD.TO_INTEGER: Value -127988 is not in bounds of subtype NATURAL.
# ** Warning: (vsim-151) NUMERIC_STD.TO_INTEGER: Value -130562 is not in bounds of subtype NATURAL.
# ** Warning: (vsim-151) NUMERIC_STD.TO_INTEGER: Value -130562 is not in bounds of subtype NATURAL.
# ** Note: ** Addr=00000260, Word=152, Instuction=60638393, Mnemonic=addi x7, x7, 00000606
# ** Note:   x3=0000000F x5=00002000 x6=00002000 x7=FFFE0606 x11=81818181 x12=0000000E x14=FFFE0606 
# ** Warning: (vsim-151) NUMERIC_STD.TO_INTEGER: Value -259060 is not in bounds of subtype NATURAL.
# ** Warning: (vsim-151) NUMERIC_STD.TO_INTEGER: Value -259060 is not in bounds of subtype NATURAL.
# ** Note: ** Addr=00000264, Word=153, Instuction=40771463, Mnemonic=bne x14, x7, 00000408
# ** Note:   x3=0000000F x5=00002000 x6=00002000 x7=FFFE0606 x11=81818181 x12=0000000E x14=FFFE0606 
# ** Warning: (vsim-151) NUMERIC_STD.TO_INTEGER: Value -2024 is not in bounds of subtype NATURAL.
# ** Warning: (vsim-151) NUMERIC_STD.TO_INTEGER: Value -2024 is not in bounds of subtype NATURAL.
# ** Note: ** Addr=00000268, Word=154, Instuction=01000193, Mnemonic=addi x3, x0, 00000010
# ** Note:   x3=00000010 x5=00002000 x6=00002000 x7=FFFE0606 x11=81818181 x12=0000000E x14=FFFE0606 
# ** Warning: (vsim-151) NUMERIC_STD.TO_INTEGER: Value -2122219136 is not in bounds of subtype NATURAL.
# ** Warning: (vsim-151) NUMERIC_STD.TO_INTEGER: Value -2122219136 is not in bounds of subtype NATURAL.
# ** Note: ** Addr=0000026C, Word=155, Instuction=818185B7, Mnemonic=lui x11, 81818000
# ** Note:   x3=00000010 x5=00002000 x6=00002000 x7=FFFE0606 x11=81818000 x12=0000000E x14=FFFE0606 
# ** Warning: (vsim-151) NUMERIC_STD.TO_INTEGER: Value -2122218750 is not in bounds of subtype NATURAL.
# ** Warning: (vsim-151) NUMERIC_STD.TO_INTEGER: Value -2122218750 is not in bounds of subtype NATURAL.
# ** Warning: (vsim-151) NUMERIC_STD.TO_INTEGER: Value -2122219104 is not in bounds of subtype NATURAL.
# ** Warning: (vsim-151) NUMERIC_STD.TO_INTEGER: Value -2122219104 is not in bounds of subtype NATURAL.
# ** Note: ** Addr=00000270, Word=156, Instuction=18158593, Mnemonic=addi x11, x11, 00000181
# ** Note:   x3=00000010 x5=00002000 x6=00002000 x7=FFFE0606 x11=81818181 x12=0000000E x14=FFFE0606 
# ** Warning: (vsim-151) NUMERIC_STD.TO_INTEGER: Value -2 is not in bounds of subtype NATURAL.
# ** Warning: (vsim-151) NUMERIC_STD.TO_INTEGER: Value -2 is not in bounds of subtype NATURAL.
# ** Note: ** Addr=00000274, Word=157, Instuction=01F00613, Mnemonic=addi x12, x0, 0000001F
# ** Note:   x3=00000010 x5=00002000 x6=00002000 x7=FFFE0606 x11=81818181 x12=0000001F x14=FFFE0606 
# ** Warning: (vsim-151) NUMERIC_STD.TO_INTEGER: Value -2122219104 is not in bounds of subtype NATURAL.
# ** Warning: (vsim-151) NUMERIC_STD.TO_INTEGER: Value -2122219104 is not in bounds of subtype NATURAL.
# ** Warning: (vsim-151) NUMERIC_STD.TO_INTEGER: Value -2 is not in bounds of subtype NATURAL.
# ** Warning: (vsim-151) NUMERIC_STD.TO_INTEGER: Value -2 is not in bounds of subtype NATURAL.
# ** Note: ** Addr=00000278, Word=158, Instuction=40C5D733, Mnemonic=sra x14, x11, x12
# ** Note:   x3=00000010 x5=00002000 x6=00002000 x7=FFFE0606 x11=81818181 x12=0000001F x14=FFFFFFFF 
# ** Warning: (vsim-151) NUMERIC_STD.TO_INTEGER: Value -1000 is not in bounds of subtype NATURAL.
# ** Warning: (vsim-151) NUMERIC_STD.TO_INTEGER: Value -1000 is not in bounds of subtype NATURAL.
# ** Note: ** Addr=0000027C, Word=159, Instuction=FFF00393, Mnemonic=addi x7, x0, FFFFFFFF
# ** Note:   x3=00000010 x5=00002000 x6=00002000 x7=FFFFFFFF x11=81818181 x12=0000001F x14=FFFFFFFF 
# ** Warning: (vsim-151) NUMERIC_STD.TO_INTEGER: Value -2 is not in bounds of subtype NATURAL.
# ** Warning: (vsim-151) NUMERIC_STD.TO_INTEGER: Value -2 is not in bounds of subtype NATURAL.
# ** Note: ** Addr=00000280, Word=160, Instuction=3E771663, Mnemonic=bne x14, x7, 000003EC
# ** Note:   x3=00000010 x5=00002000 x6=00002000 x7=FFFFFFFF x11=81818181 x12=0000001F x14=FFFFFFFF 
# ** Warning: (vsim-151) NUMERIC_STD.TO_INTEGER: Value -2024 is not in bounds of subtype NATURAL.
# ** Warning: (vsim-151) NUMERIC_STD.TO_INTEGER: Value -2024 is not in bounds of subtype NATURAL.
# ** Note: ** Addr=00000284, Word=161, Instuction=01100193, Mnemonic=addi x3, x0, 00000011
# ** Note:   x3=00000011 x5=00002000 x6=00002000 x7=FFFFFFFF x11=81818181 x12=0000001F x14=FFFFFFFF 
# ** Warning: (vsim-151) NUMERIC_STD.TO_INTEGER: Value -2122219136 is not in bounds of subtype NATURAL.
# ** Warning: (vsim-151) NUMERIC_STD.TO_INTEGER: Value -2122219136 is not in bounds of subtype NATURAL.
# ** Note: ** Addr=00000288, Word=162, Instuction=818185B7, Mnemonic=lui x11, 81818000
# ** Note:   x3=00000011 x5=00002000 x6=00002000 x7=FFFFFFFF x11=81818000 x12=0000001F x14=FFFFFFFF 
# ** Warning: (vsim-151) NUMERIC_STD.TO_INTEGER: Value -2122218750 is not in bounds of subtype NATURAL.
# ** Warning: (vsim-151) NUMERIC_STD.TO_INTEGER: Value -2122218750 is not in bounds of subtype NATURAL.
# ** Warning: (vsim-151) NUMERIC_STD.TO_INTEGER: Value -2122219200 is not in bounds of subtype NATURAL.
# ** Warning: (vsim-151) NUMERIC_STD.TO_INTEGER: Value -2122219200 is not in bounds of subtype NATURAL.
# ** Warning: (vsim-151) NUMERIC_STD.TO_INTEGER: Value -64 is not in bounds of subtype NATURAL.
# ** Warning: (vsim-151) NUMERIC_STD.TO_INTEGER: Value -64 is not in bounds of subtype NATURAL.
# ** Note: ** Addr=0000028C, Word=163, Instuction=18158593, Mnemonic=addi x11, x11, 00000181
# ** Note:   x3=00000011 x5=00002000 x6=00002000 x7=FFFFFFFF x11=81818181 x12=0000001F x14=FFFFFFFF 
# ** Warning: (vsim-151) NUMERIC_STD.TO_INTEGER: Value -2122219136 is not in bounds of subtype NATURAL.
# ** Warning: (vsim-151) NUMERIC_STD.TO_INTEGER: Value -2122219136 is not in bounds of subtype NATURAL.
# ** Note: ** Addr=00000290, Word=164, Instuction=FC000613, Mnemonic=addi x12, x0, FFFFFFC0
# ** Note:   x3=00000011 x5=00002000 x6=00002000 x7=FFFFFFFF x11=81818181 x12=FFFFFFC0 x14=FFFFFFFF 
# ** Warning: (vsim-151) NUMERIC_STD.TO_INTEGER: Value -2122219200 is not in bounds of subtype NATURAL.
# ** Warning: (vsim-151) NUMERIC_STD.TO_INTEGER: Value -2122219200 is not in bounds of subtype NATURAL.
# ** Note: ** Addr=00000294, Word=165, Instuction=40C5D733, Mnemonic=sra x14, x11, x12
# ** Note:   x3=00000011 x5=00002000 x6=00002000 x7=FFFFFFFF x11=81818181 x12=FFFFFFC0 x14=81818181 
# ** Warning: (vsim-151) NUMERIC_STD.TO_INTEGER: Value -2122219136 is not in bounds of subtype NATURAL.
# ** Warning: (vsim-151) NUMERIC_STD.TO_INTEGER: Value -2122219136 is not in bounds of subtype NATURAL.
# ** Note: ** Addr=00000298, Word=166, Instuction=818183B7, Mnemonic=lui x7, 81818000
# ** Note:   x3=00000011 x5=00002000 x6=00002000 x7=81818000 x11=81818181 x12=FFFFFFC0 x14=81818181 
# ** Warning: (vsim-151) NUMERIC_STD.TO_INTEGER: Value -2122218750 is not in bounds of subtype NATURAL.
# ** Warning: (vsim-151) NUMERIC_STD.TO_INTEGER: Value -2122218750 is not in bounds of subtype NATURAL.
# ** Warning: (vsim-151) NUMERIC_STD.TO_INTEGER: Value -2122220102 is not in bounds of subtype NATURAL.
# ** Warning: (vsim-151) NUMERIC_STD.TO_INTEGER: Value -2122220102 is not in bounds of subtype NATURAL.
# ** Note: ** Addr=0000029C, Word=167, Instuction=18138393, Mnemonic=addi x7, x7, 00000181
# ** Note:   x3=00000011 x5=00002000 x6=00002000 x7=81818181 x11=81818181 x12=FFFFFFC0 x14=81818181 
# ** Note: ** Addr=000002A0, Word=168, Instuction=3C771663, Mnemonic=bne x14, x7, 000003CC
# ** Note:   x3=00000011 x5=00002000 x6=00002000 x7=81818181 x11=81818181 x12=FFFFFFC0 x14=81818181 
# ** Warning: (vsim-151) NUMERIC_STD.TO_INTEGER: Value -2024 is not in bounds of subtype NATURAL.
# ** Warning: (vsim-151) NUMERIC_STD.TO_INTEGER: Value -2024 is not in bounds of subtype NATURAL.
# ** Note: ** Addr=000002A4, Word=169, Instuction=01200193, Mnemonic=addi x3, x0, 00000012
# ** Note:   x3=00000012 x5=00002000 x6=00002000 x7=81818181 x11=81818181 x12=FFFFFFC0 x14=81818181 
# ** Warning: (vsim-151) NUMERIC_STD.TO_INTEGER: Value -2122219136 is not in bounds of subtype NATURAL.
# ** Warning: (vsim-151) NUMERIC_STD.TO_INTEGER: Value -2122219136 is not in bounds of subtype NATURAL.
# ** Note: ** Addr=000002A8, Word=170, Instuction=818185B7, Mnemonic=lui x11, 81818000
# ** Note:   x3=00000012 x5=00002000 x6=00002000 x7=81818181 x11=81818000 x12=FFFFFFC0 x14=81818181 
# ** Warning: (vsim-151) NUMERIC_STD.TO_INTEGER: Value -2122218750 is not in bounds of subtype NATURAL.
# ** Warning: (vsim-151) NUMERIC_STD.TO_INTEGER: Value -2122218750 is not in bounds of subtype NATURAL.
# ** Warning: (vsim-151) NUMERIC_STD.TO_INTEGER: Value -2122219198 is not in bounds of subtype NATURAL.
# ** Warning: (vsim-151) NUMERIC_STD.TO_INTEGER: Value -2122219198 is not in bounds of subtype NATURAL.
# ** Warning: (vsim-151) NUMERIC_STD.TO_INTEGER: Value -64 is not in bounds of subtype NATURAL.
# ** Warning: (vsim-151) NUMERIC_STD.TO_INTEGER: Value -64 is not in bounds of subtype NATURAL.
# ** Note: ** Addr=000002AC, Word=171, Instuction=18158593, Mnemonic=addi x11, x11, 00000181
# ** Note:   x3=00000012 x5=00002000 x6=00002000 x7=81818181 x11=81818181 x12=FFFFFFC0 x14=81818181 
# ** Warning: (vsim-151) NUMERIC_STD.TO_INTEGER: Value -1061109568 is not in bounds of subtype NATURAL.
# ** Warning: (vsim-151) NUMERIC_STD.TO_INTEGER: Value -1061109568 is not in bounds of subtype NATURAL.
# ** Note: ** Addr=000002B0, Word=172, Instuction=FC100613, Mnemonic=addi x12, x0, FFFFFFC1
# ** Note:   x3=00000012 x5=00002000 x6=00002000 x7=81818181 x11=81818181 x12=FFFFFFC1 x14=81818181 
# ** Warning: (vsim-151) NUMERIC_STD.TO_INTEGER: Value -2122219198 is not in bounds of subtype NATURAL.
# ** Warning: (vsim-151) NUMERIC_STD.TO_INTEGER: Value -2122219198 is not in bounds of subtype NATURAL.
# ** Warning: (vsim-151) NUMERIC_STD.TO_INTEGER: Value -64 is not in bounds of subtype NATURAL.
# ** Warning: (vsim-151) NUMERIC_STD.TO_INTEGER: Value -64 is not in bounds of subtype NATURAL.
# ** Note: ** Addr=000002B4, Word=173, Instuction=40C5D733, Mnemonic=sra x14, x11, x12
# ** Note:   x3=00000012 x5=00002000 x6=00002000 x7=81818181 x11=81818181 x12=FFFFFFC1 x14=C0C0C0C0 
# ** Warning: (vsim-151) NUMERIC_STD.TO_INTEGER: Value -1061109568 is not in bounds of subtype NATURAL.
# ** Warning: (vsim-151) NUMERIC_STD.TO_INTEGER: Value -1061109568 is not in bounds of subtype NATURAL.
# ** Note: ** Addr=000002B8, Word=174, Instuction=C0C0C3B7, Mnemonic=lui x7, C0C0C000
# ** Note:   x3=00000012 x5=00002000 x6=00002000 x7=C0C0C000 x11=81818181 x12=FFFFFFC1 x14=C0C0C0C0 
# ** Warning: (vsim-151) NUMERIC_STD.TO_INTEGER: Value -1061109376 is not in bounds of subtype NATURAL.
# ** Warning: (vsim-151) NUMERIC_STD.TO_INTEGER: Value -1061109376 is not in bounds of subtype NATURAL.
# ** Warning: (vsim-151) NUMERIC_STD.TO_INTEGER: Value -1061110504 is not in bounds of subtype NATURAL.
# ** Warning: (vsim-151) NUMERIC_STD.TO_INTEGER: Value -1061110504 is not in bounds of subtype NATURAL.
# ** Note: ** Addr=000002BC, Word=175, Instuction=0C038393, Mnemonic=addi x7, x7, 000000C0
# ** Note:   x3=00000012 x5=00002000 x6=00002000 x7=C0C0C0C0 x11=81818181 x12=FFFFFFC1 x14=C0C0C0C0 
# ** Warning: (vsim-151) NUMERIC_STD.TO_INTEGER: Value -2122219136 is not in bounds of subtype NATURAL.
# ** Warning: (vsim-151) NUMERIC_STD.TO_INTEGER: Value -2122219136 is not in bounds of subtype NATURAL.
# ** Note: ** Addr=000002C0, Word=176, Instuction=3A771663, Mnemonic=bne x14, x7, 000003AC
# ** Note:   x3=00000012 x5=00002000 x6=00002000 x7=C0C0C0C0 x11=81818181 x12=FFFFFFC1 x14=C0C0C0C0 
# ** Warning: (vsim-151) NUMERIC_STD.TO_INTEGER: Value -2024 is not in bounds of subtype NATURAL.
# ** Warning: (vsim-151) NUMERIC_STD.TO_INTEGER: Value -2024 is not in bounds of subtype NATURAL.
# ** Note: ** Addr=000002C4, Word=177, Instuction=01300193, Mnemonic=addi x3, x0, 00000013
# ** Note:   x3=00000013 x5=00002000 x6=00002000 x7=C0C0C0C0 x11=81818181 x12=FFFFFFC1 x14=C0C0C0C0 
# ** Warning: (vsim-151) NUMERIC_STD.TO_INTEGER: Value -2122219136 is not in bounds of subtype NATURAL.
# ** Warning: (vsim-151) NUMERIC_STD.TO_INTEGER: Value -2122219136 is not in bounds of subtype NATURAL.
# ** Note: ** Addr=000002C8, Word=178, Instuction=818185B7, Mnemonic=lui x11, 81818000
# ** Note:   x3=00000013 x5=00002000 x6=00002000 x7=C0C0C0C0 x11=81818000 x12=FFFFFFC1 x14=C0C0C0C0 
# ** Warning: (vsim-151) NUMERIC_STD.TO_INTEGER: Value -2122218750 is not in bounds of subtype NATURAL.
# ** Warning: (vsim-151) NUMERIC_STD.TO_INTEGER: Value -2122218750 is not in bounds of subtype NATURAL.
# ** Warning: (vsim-151) NUMERIC_STD.TO_INTEGER: Value -2122219192 is not in bounds of subtype NATURAL.
# ** Warning: (vsim-151) NUMERIC_STD.TO_INTEGER: Value -2122219192 is not in bounds of subtype NATURAL.
# ** Warning: (vsim-151) NUMERIC_STD.TO_INTEGER: Value -58 is not in bounds of subtype NATURAL.
# ** Warning: (vsim-151) NUMERIC_STD.TO_INTEGER: Value -58 is not in bounds of subtype NATURAL.
# ** Note: ** Addr=000002CC, Word=179, Instuction=18158593, Mnemonic=addi x11, x11, 00000181
# ** Note:   x3=00000013 x5=00002000 x6=00002000 x7=C0C0C0C0 x11=81818181 x12=FFFFFFC1 x14=C0C0C0C0 
# ** Warning: (vsim-151) NUMERIC_STD.TO_INTEGER: Value -16579838 is not in bounds of subtype NATURAL.
# ** Warning: (vsim-151) NUMERIC_STD.TO_INTEGER: Value -16579838 is not in bounds of subtype NATURAL.
# ** Note: ** Addr=000002D0, Word=180, Instuction=FC700613, Mnemonic=addi x12, x0, FFFFFFC7
# ** Note:   x3=00000013 x5=00002000 x6=00002000 x7=C0C0C0C0 x11=81818181 x12=FFFFFFC7 x14=C0C0C0C0 
# ** Warning: (vsim-151) NUMERIC_STD.TO_INTEGER: Value -2122219192 is not in bounds of subtype NATURAL.
# ** Warning: (vsim-151) NUMERIC_STD.TO_INTEGER: Value -2122219192 is not in bounds of subtype NATURAL.
# ** Note: ** Addr=000002D4, Word=181, Instuction=40C5D733, Mnemonic=sra x14, x11, x12
# ** Note:   x3=00000013 x5=00002000 x6=00002000 x7=C0C0C0C0 x11=81818181 x12=FFFFFFC7 x14=FF030303 
# ** Warning: (vsim-151) NUMERIC_STD.TO_INTEGER: Value -16579838 is not in bounds of subtype NATURAL.
# ** Warning: (vsim-151) NUMERIC_STD.TO_INTEGER: Value -16579838 is not in bounds of subtype NATURAL.
# ** Warning: (vsim-151) NUMERIC_STD.TO_INTEGER: Value -16579838 is not in bounds of subtype NATURAL.
# ** Note: ** Addr=000002D8, Word=182, Instuction=FF0303B7, Mnemonic=lui x7, FF030000
# ** Note:   x3=00000013 x5=00002000 x6=00002000 x7=FF030000 x11=81818181 x12=FFFFFFC7 x14=FF030303 
# ** Warning: (vsim-151) NUMERIC_STD.TO_INTEGER: Value -16579066 is not in bounds of subtype NATURAL.
# ** Warning: (vsim-151) NUMERIC_STD.TO_INTEGER: Value -16579066 is not in bounds of subtype NATURAL.
# ** Warning: (vsim-151) NUMERIC_STD.TO_INTEGER: Value -16580740 is not in bounds of subtype NATURAL.
# ** Warning: (vsim-151) NUMERIC_STD.TO_INTEGER: Value -16580740 is not in bounds of subtype NATURAL.
# ** Note: ** Addr=000002DC, Word=183, Instuction=30338393, Mnemonic=addi x7, x7, 00000303
# ** Note:   x3=00000013 x5=00002000 x6=00002000 x7=FF030303 x11=81818181 x12=FFFFFFC7 x14=FF030303 
# ** Warning: (vsim-151) NUMERIC_STD.TO_INTEGER: Value -33159674 is not in bounds of subtype NATURAL.
# ** Warning: (vsim-151) NUMERIC_STD.TO_INTEGER: Value -33159674 is not in bounds of subtype NATURAL.
# ** Note: ** Addr=000002E0, Word=184, Instuction=38771663, Mnemonic=bne x14, x7, 0000038C
# ** Note:   x3=00000013 x5=00002000 x6=00002000 x7=FF030303 x11=81818181 x12=FFFFFFC7 x14=FF030303 
# ** Warning: (vsim-151) NUMERIC_STD.TO_INTEGER: Value -2024 is not in bounds of subtype NATURAL.
# ** Warning: (vsim-151) NUMERIC_STD.TO_INTEGER: Value -2024 is not in bounds of subtype NATURAL.
# ** Note: ** Addr=000002E4, Word=185, Instuction=01400193, Mnemonic=addi x3, x0, 00000014
# ** Note:   x3=00000014 x5=00002000 x6=00002000 x7=FF030303 x11=81818181 x12=FFFFFFC7 x14=FF030303 
# ** Warning: (vsim-151) NUMERIC_STD.TO_INTEGER: Value -2122219136 is not in bounds of subtype NATURAL.
# ** Warning: (vsim-151) NUMERIC_STD.TO_INTEGER: Value -2122219136 is not in bounds of subtype NATURAL.
# ** Note: ** Addr=000002E8, Word=186, Instuction=818185B7, Mnemonic=lui x11, 81818000
# ** Note:   x3=00000014 x5=00002000 x6=00002000 x7=FF030303 x11=81818000 x12=FFFFFFC7 x14=FF030303 
# ** Warning: (vsim-151) NUMERIC_STD.TO_INTEGER: Value -2122218750 is not in bounds of subtype NATURAL.
# ** Warning: (vsim-151) NUMERIC_STD.TO_INTEGER: Value -2122218750 is not in bounds of subtype NATURAL.
# ** Warning: (vsim-151) NUMERIC_STD.TO_INTEGER: Value -2122219186 is not in bounds of subtype NATURAL.
# ** Warning: (vsim-151) NUMERIC_STD.TO_INTEGER: Value -2122219186 is not in bounds of subtype NATURAL.
# ** Warning: (vsim-151) NUMERIC_STD.TO_INTEGER: Value -50 is not in bounds of subtype NATURAL.
# ** Warning: (vsim-151) NUMERIC_STD.TO_INTEGER: Value -50 is not in bounds of subtype NATURAL.
# ** Note: ** Addr=000002EC, Word=187, Instuction=18158593, Mnemonic=addi x11, x11, 00000181
# ** Note:   x3=00000014 x5=00002000 x6=00002000 x7=FF030303 x11=81818181 x12=FFFFFFC7 x14=FF030303 
# ** Warning: (vsim-151) NUMERIC_STD.TO_INTEGER: Value -129530 is not in bounds of subtype NATURAL.
# ** Warning: (vsim-151) NUMERIC_STD.TO_INTEGER: Value -129530 is not in bounds of subtype NATURAL.
# ** Note: ** Addr=000002F0, Word=188, Instuction=FCE00613, Mnemonic=addi x12, x0, FFFFFFCE
# ** Note:   x3=00000014 x5=00002000 x6=00002000 x7=FF030303 x11=81818181 x12=FFFFFFCE x14=FF030303 
# ** Warning: (vsim-151) NUMERIC_STD.TO_INTEGER: Value -2122219186 is not in bounds of subtype NATURAL.
# ** Warning: (vsim-151) NUMERIC_STD.TO_INTEGER: Value -2122219186 is not in bounds of subtype NATURAL.
# ** Note: ** Addr=000002F4, Word=189, Instuction=40C5D733, Mnemonic=sra x14, x11, x12
# ** Note:   x3=00000014 x5=00002000 x6=00002000 x7=FF030303 x11=81818181 x12=FFFFFFCE x14=FFFE0606 
# ** Warning: (vsim-151) NUMERIC_STD.TO_INTEGER: Value -129530 is not in bounds of subtype NATURAL.
# ** Warning: (vsim-151) NUMERIC_STD.TO_INTEGER: Value -129530 is not in bounds of subtype NATURAL.
# ** Note: ** Addr=000002F8, Word=190, Instuction=FFFE03B7, Mnemonic=lui x7, FFFE0000
# ** Note:   x3=00000014 x5=00002000 x6=00002000 x7=FFFE0000 x11=81818181 x12=FFFFFFCE x14=FFFE0606 
# ** Warning: (vsim-151) NUMERIC_STD.TO_INTEGER: Value -127988 is not in bounds of subtype NATURAL.
# ** Warning: (vsim-151) NUMERIC_STD.TO_INTEGER: Value -127988 is not in bounds of subtype NATURAL.
# ** Warning: (vsim-151) NUMERIC_STD.TO_INTEGER: Value -130402 is not in bounds of subtype NATURAL.
# ** Warning: (vsim-151) NUMERIC_STD.TO_INTEGER: Value -130402 is not in bounds of subtype NATURAL.
# ** Note: ** Addr=000002FC, Word=191, Instuction=60638393, Mnemonic=addi x7, x7, 00000606
# ** Note:   x3=00000014 x5=00002000 x6=00002000 x7=FFFE0606 x11=81818181 x12=FFFFFFCE x14=FFFE0606 
# ** Warning: (vsim-151) NUMERIC_STD.TO_INTEGER: Value -259060 is not in bounds of subtype NATURAL.
# ** Warning: (vsim-151) NUMERIC_STD.TO_INTEGER: Value -259060 is not in bounds of subtype NATURAL.
# ** Note: ** Addr=00000300, Word=192, Instuction=36771663, Mnemonic=bne x14, x7, 0000036C
# ** Note:   x3=00000014 x5=00002000 x6=00002000 x7=FFFE0606 x11=81818181 x12=FFFFFFCE x14=FFFE0606 
# ** Warning: (vsim-151) NUMERIC_STD.TO_INTEGER: Value -2024 is not in bounds of subtype NATURAL.
# ** Warning: (vsim-151) NUMERIC_STD.TO_INTEGER: Value -2024 is not in bounds of subtype NATURAL.
# ** Note: ** Addr=00000304, Word=193, Instuction=01500193, Mnemonic=addi x3, x0, 00000015
# ** Note:   x3=00000015 x5=00002000 x6=00002000 x7=FFFE0606 x11=81818181 x12=FFFFFFCE x14=FFFE0606 
# ** Warning: (vsim-151) NUMERIC_STD.TO_INTEGER: Value -2122219136 is not in bounds of subtype NATURAL.
# ** Warning: (vsim-151) NUMERIC_STD.TO_INTEGER: Value -2122219136 is not in bounds of subtype NATURAL.
# ** Note: ** Addr=00000308, Word=194, Instuction=818185B7, Mnemonic=lui x11, 81818000
# ** Note:   x3=00000015 x5=00002000 x6=00002000 x7=FFFE0606 x11=81818000 x12=FFFFFFCE x14=FFFE0606 
# ** Warning: (vsim-151) NUMERIC_STD.TO_INTEGER: Value -2122218750 is not in bounds of subtype NATURAL.
# ** Warning: (vsim-151) NUMERIC_STD.TO_INTEGER: Value -2122218750 is not in bounds of subtype NATURAL.
# ** Warning: (vsim-151) NUMERIC_STD.TO_INTEGER: Value -2122219136 is not in bounds of subtype NATURAL.
# ** Warning: (vsim-151) NUMERIC_STD.TO_INTEGER: Value -2122219136 is not in bounds of subtype NATURAL.
# ** Warning: (vsim-151) NUMERIC_STD.TO_INTEGER: Value -2 is not in bounds of subtype NATURAL.
# ** Warning: (vsim-151) NUMERIC_STD.TO_INTEGER: Value -2 is not in bounds of subtype NATURAL.
# ** Note: ** Addr=0000030C, Word=195, Instuction=18158593, Mnemonic=addi x11, x11, 00000181
# ** Note:   x3=00000015 x5=00002000 x6=00002000 x7=FFFE0606 x11=81818181 x12=FFFFFFCE x14=FFFE0606 
# ** Warning: (vsim-151) NUMERIC_STD.TO_INTEGER: Value -2 is not in bounds of subtype NATURAL.
# ** Warning: (vsim-151) NUMERIC_STD.TO_INTEGER: Value -2 is not in bounds of subtype NATURAL.
# ** Note: ** Addr=00000310, Word=196, Instuction=FFF00613, Mnemonic=addi x12, x0, FFFFFFFF
# ** Note:   x3=00000015 x5=00002000 x6=00002000 x7=FFFE0606 x11=81818181 x12=FFFFFFFF x14=FFFE0606 
# ** Warning: (vsim-151) NUMERIC_STD.TO_INTEGER: Value -2122219136 is not in bounds of subtype NATURAL.
# ** Warning: (vsim-151) NUMERIC_STD.TO_INTEGER: Value -2122219136 is not in bounds of subtype NATURAL.
# ** Warning: (vsim-151) NUMERIC_STD.TO_INTEGER: Value -2 is not in bounds of subtype NATURAL.
# ** Warning: (vsim-151) NUMERIC_STD.TO_INTEGER: Value -2 is not in bounds of subtype NATURAL.
# ** Note: ** Addr=00000314, Word=197, Instuction=40C5D733, Mnemonic=sra x14, x11, x12
# ** Note:   x3=00000015 x5=00002000 x6=00002000 x7=FFFE0606 x11=81818181 x12=FFFFFFFF x14=FFFFFFFF 
# ** Warning: (vsim-151) NUMERIC_STD.TO_INTEGER: Value -840 is not in bounds of subtype NATURAL.
# ** Warning: (vsim-151) NUMERIC_STD.TO_INTEGER: Value -840 is not in bounds of subtype NATURAL.
# ** Note: ** Addr=00000318, Word=198, Instuction=FFF00393, Mnemonic=addi x7, x0, FFFFFFFF
# ** Note:   x3=00000015 x5=00002000 x6=00002000 x7=FFFFFFFF x11=81818181 x12=FFFFFFFF x14=FFFFFFFF 
# ** Warning: (vsim-151) NUMERIC_STD.TO_INTEGER: Value -2 is not in bounds of subtype NATURAL.
# ** Warning: (vsim-151) NUMERIC_STD.TO_INTEGER: Value -2 is not in bounds of subtype NATURAL.
# ** Note: ** Addr=0000031C, Word=199, Instuction=34771863, Mnemonic=bne x14, x7, 00000350
# ** Note:   x3=00000015 x5=00002000 x6=00002000 x7=FFFFFFFF x11=81818181 x12=FFFFFFFF x14=FFFFFFFF 
# ** Warning: (vsim-151) NUMERIC_STD.TO_INTEGER: Value -2048 is not in bounds of subtype NATURAL.
# ** Warning: (vsim-151) NUMERIC_STD.TO_INTEGER: Value -2048 is not in bounds of subtype NATURAL.
# ** Note: ** Addr=00000320, Word=200, Instuction=01600193, Mnemonic=addi x3, x0, 00000016
# ** Note:   x3=00000016 x5=00002000 x6=00002000 x7=FFFFFFFF x11=81818181 x12=FFFFFFFF x14=FFFFFFFF 
# ** Note: ** Addr=00000324, Word=201, Instuction=800005B7, Mnemonic=lui x11, 80000000
# ** Note:   x3=00000016 x5=00002000 x6=00002000 x7=FFFFFFFF x11=80000000 x12=FFFFFFFF x14=FFFFFFFF 
# ** Warning: (vsim-151) NUMERIC_STD.TO_INTEGER: Value -16777216 is not in bounds of subtype NATURAL.
# ** Warning: (vsim-151) NUMERIC_STD.TO_INTEGER: Value -16777216 is not in bounds of subtype NATURAL.
# ** Note: ** Addr=00000328, Word=202, Instuction=00700613, Mnemonic=addi x12, x0, 00000007
# ** Note:   x3=00000016 x5=00002000 x6=00002000 x7=FFFFFFFF x11=80000000 x12=00000007 x14=FFFFFFFF 
# ** Warning: (vsim-151) NUMERIC_STD.TO_INTEGER: Value -131072 is not in bounds of subtype NATURAL.
# ** Warning: (vsim-151) NUMERIC_STD.TO_INTEGER: Value -131072 is not in bounds of subtype NATURAL.
# ** Warning: (vsim-151) NUMERIC_STD.TO_INTEGER: Value -16777210 is not in bounds of subtype NATURAL.
# ** Warning: (vsim-151) NUMERIC_STD.TO_INTEGER: Value -16777210 is not in bounds of subtype NATURAL.
# ** Note: ** Addr=0000032C, Word=203, Instuction=40C5D5B3, Mnemonic=sra x11, x11, x12
# ** Note:   x3=00000016 x5=00002000 x6=00002000 x7=FFFFFFFF x11=FF000000 x12=00000007 x14=FFFFFFFF 
# ** Note: ** Addr=00000330, Word=204, Instuction=FF0003B7, Mnemonic=lui x7, FF000000
# ** Note:   x3=00000016 x5=00002000 x6=00002000 x7=FF000000 x11=FF000000 x12=00000007 x14=FFFFFFFF 
# ** Warning: (vsim-151) NUMERIC_STD.TO_INTEGER: Value -33554432 is not in bounds of subtype NATURAL.
# ** Warning: (vsim-151) NUMERIC_STD.TO_INTEGER: Value -33554432 is not in bounds of subtype NATURAL.
# ** Note: ** Addr=00000334, Word=205, Instuction=32759C63, Mnemonic=bne x11, x7, 00000338
# ** Note:   x3=00000016 x5=00002000 x6=00002000 x7=FF000000 x11=FF000000 x12=00000007 x14=FFFFFFFF 
# ** Warning: (vsim-151) NUMERIC_STD.TO_INTEGER: Value -2048 is not in bounds of subtype NATURAL.
# ** Warning: (vsim-151) NUMERIC_STD.TO_INTEGER: Value -2048 is not in bounds of subtype NATURAL.
# ** Note: ** Addr=00000338, Word=206, Instuction=01700193, Mnemonic=addi x3, x0, 00000017
# ** Note:   x3=00000017 x5=00002000 x6=00002000 x7=FF000000 x11=FF000000 x12=00000007 x14=FFFFFFFF 
# ** Note: ** Addr=0000033C, Word=207, Instuction=800005B7, Mnemonic=lui x11, 80000000
# ** Note:   x3=00000017 x5=00002000 x6=00002000 x7=FF000000 x11=80000000 x12=00000007 x14=FFFFFFFF 
# ** Warning: (vsim-151) NUMERIC_STD.TO_INTEGER: Value -131072 is not in bounds of subtype NATURAL.
# ** Warning: (vsim-151) NUMERIC_STD.TO_INTEGER: Value -131072 is not in bounds of subtype NATURAL.
# ** Note: ** Addr=00000340, Word=208, Instuction=00E00613, Mnemonic=addi x12, x0, 0000000E
# ** Note:   x3=00000017 x5=00002000 x6=00002000 x7=FF000000 x11=80000000 x12=0000000E x14=FFFFFFFF 
# ** Warning: (vsim-151) NUMERIC_STD.TO_INTEGER: Value -2147483648 is not in bounds of subtype NATURAL.
# ** Warning: (vsim-151) NUMERIC_STD.TO_INTEGER: Value -2147483648 is not in bounds of subtype NATURAL.
# ** Note: ** Addr=00000344, Word=209, Instuction=40C5D633, Mnemonic=sra x12, x11, x12
# ** Note:   x3=00000017 x5=00002000 x6=00002000 x7=FF000000 x11=80000000 x12=FFFE0000 x14=FFFFFFFF 
# ** Note: ** Addr=00000348, Word=210, Instuction=FFFE03B7, Mnemonic=lui x7, FFFE0000
# ** Note:   x3=00000017 x5=00002000 x6=00002000 x7=FFFE0000 x11=80000000 x12=FFFE0000 x14=FFFFFFFF 
# ** Warning: (vsim-151) NUMERIC_STD.TO_INTEGER: Value -262144 is not in bounds of subtype NATURAL.
# ** Warning: (vsim-151) NUMERIC_STD.TO_INTEGER: Value -262144 is not in bounds of subtype NATURAL.
# ** Note: ** Addr=0000034C, Word=211, Instuction=32761063, Mnemonic=bne x12, x7, 00000320
# ** Note:   x3=00000017 x5=00002000 x6=00002000 x7=FFFE0000 x11=80000000 x12=FFFE0000 x14=FFFFFFFF 
# ** Note: ** Addr=00000350, Word=212, Instuction=01800193, Mnemonic=addi x3, x0, 00000018
# ** Note:   x3=00000018 x5=00002000 x6=00002000 x7=FFFE0000 x11=80000000 x12=FFFE0000 x14=FFFFFFFF 
# ** Note: ** Addr=00000354, Word=213, Instuction=00700593, Mnemonic=addi x11, x0, 00000007
# ** Note:   x3=00000018 x5=00002000 x6=00002000 x7=FFFE0000 x11=00000007 x12=FFFE0000 x14=FFFFFFFF 
# ** Note: ** Addr=00000358, Word=214, Instuction=40B5D5B3, Mnemonic=sra x11, x11, x11
# ** Note:   x3=00000018 x5=00002000 x6=00002000 x7=FFFE0000 x12=FFFE0000 x14=FFFFFFFF 
# ** Warning: (vsim-151) NUMERIC_STD.TO_INTEGER: Value -776 is not in bounds of subtype NATURAL.
# ** Warning: (vsim-151) NUMERIC_STD.TO_INTEGER: Value -776 is not in bounds of subtype NATURAL.
# ** Note: ** Addr=0000035C, Word=215, Instuction=00000393, Mnemonic=addi x7, x0, 00000000
# ** Note:   x3=00000018 x5=00002000 x6=00002000 x12=FFFE0000 x14=FFFFFFFF 
# ** Note: ** Addr=00000360, Word=216, Instuction=30759663, Mnemonic=bne x11, x7, 0000030C
# ** Note:   x3=00000018 x5=00002000 x6=00002000 x12=FFFE0000 x14=FFFFFFFF 
# ** Note: ** Addr=00000364, Word=217, Instuction=01900193, Mnemonic=addi x3, x0, 00000019
# ** Note:   x3=00000019 x5=00002000 x6=00002000 x12=FFFE0000 x14=FFFFFFFF 
# ** Warning: (vsim-151) NUMERIC_STD.TO_INTEGER: Value -2048 is not in bounds of subtype NATURAL.
# ** Warning: (vsim-151) NUMERIC_STD.TO_INTEGER: Value -2048 is not in bounds of subtype NATURAL.
# ** Note: ** Addr=00000368, Word=218, Instuction=00000213, Mnemonic=addi x4, x0, 00000000
# ** Note:   x3=00000019 x5=00002000 x6=00002000 x12=FFFE0000 x14=FFFFFFFF 
# ** Note: ** Addr=0000036C, Word=219, Instuction=800000B7, Mnemonic=lui x1, 80000000
# ** Note:   x1=80000000 x3=00000019 x5=00002000 x6=00002000 x12=FFFE0000 x14=FFFFFFFF 
# ** Warning: (vsim-151) NUMERIC_STD.TO_INTEGER: Value -16777216 is not in bounds of subtype NATURAL.
# ** Warning: (vsim-151) NUMERIC_STD.TO_INTEGER: Value -16777216 is not in bounds of subtype NATURAL.
# ** Note: ** Addr=00000370, Word=220, Instuction=00700113, Mnemonic=addi x2, x0, 00000007
# ** Note:   x1=80000000 x2=00000007 x3=00000019 x5=00002000 x6=00002000 x12=FFFE0000 x14=FFFFFFFF 
# ** Warning: (vsim-151) NUMERIC_STD.TO_INTEGER: Value -2147483642 is not in bounds of subtype NATURAL.
# ** Warning: (vsim-151) NUMERIC_STD.TO_INTEGER: Value -2147483642 is not in bounds of subtype NATURAL.
# ** Warning: (vsim-151) NUMERIC_STD.TO_INTEGER: Value -16777216 is not in bounds of subtype NATURAL.
# ** Warning: (vsim-151) NUMERIC_STD.TO_INTEGER: Value -16777216 is not in bounds of subtype NATURAL.
# ** Note: ** Addr=00000374, Word=221, Instuction=4020D733, Mnemonic=sra x14, x1, x2
# ** Note:   x1=80000000 x2=00000007 x3=00000019 x5=00002000 x6=00002000 x12=FFFE0000 x14=FF000000 
# ** Warning: (vsim-151) NUMERIC_STD.TO_INTEGER: Value -16777216 is not in bounds of subtype NATURAL.
# ** Warning: (vsim-151) NUMERIC_STD.TO_INTEGER: Value -16777216 is not in bounds of subtype NATURAL.
# ** Note: ** Addr=00000378, Word=222, Instuction=00070313, Mnemonic=addi x6, x14, 00000000
# ** Note:   x1=80000000 x2=00000007 x3=00000019 x5=00002000 x6=FF000000 x12=FFFE0000 x14=FF000000 
# ** Note: ** Addr=0000037C, Word=223, Instuction=00120213, Mnemonic=addi x4, x4, 00000001
# ** Note:   x1=80000000 x2=00000007 x3=00000019 x4=00000001 x5=00002000 x6=FF000000 x12=FFFE0000 x14=FF000000 
# ** Warning: (vsim-151) NUMERIC_STD.TO_INTEGER: Value -2 is not in bounds of subtype NATURAL.
# ** Warning: (vsim-151) NUMERIC_STD.TO_INTEGER: Value -2 is not in bounds of subtype NATURAL.
# ** Note: ** Addr=00000380, Word=224, Instuction=00200293, Mnemonic=addi x5, x0, 00000002
# ** Note:   x1=80000000 x2=00000007 x3=00000019 x4=00000001 x5=00000002 x6=FF000000 x12=FFFE0000 x14=FF000000 
# ** Note: ** Addr=00000384, Word=225, Instuction=FE5214E3, Mnemonic=bne x4, x5, FFFFFFE8
# ** Note:   x1=80000000 x2=00000007 x3=00000019 x4=00000001 x5=00000002 x6=FF000000 x12=FFFE0000 x14=FF000000 
# ** Note: ** Addr=0000036C, Word=219, Instuction=800000B7, Mnemonic=lui x1, 80000000
# ** Note:   x1=80000000 x2=00000007 x3=00000019 x4=00000001 x5=00000002 x6=FF000000 x12=FFFE0000 x14=FF000000 
# ** Warning: (vsim-151) NUMERIC_STD.TO_INTEGER: Value -16777216 is not in bounds of subtype NATURAL.
# ** Warning: (vsim-151) NUMERIC_STD.TO_INTEGER: Value -16777216 is not in bounds of subtype NATURAL.
# ** Note: ** Addr=00000370, Word=220, Instuction=00700113, Mnemonic=addi x2, x0, 00000007
# ** Note:   x1=80000000 x2=00000007 x3=00000019 x4=00000001 x5=00000002 x6=FF000000 x12=FFFE0000 x14=FF000000 
# ** Warning: (vsim-151) NUMERIC_STD.TO_INTEGER: Value -2147483642 is not in bounds of subtype NATURAL.
# ** Warning: (vsim-151) NUMERIC_STD.TO_INTEGER: Value -2147483642 is not in bounds of subtype NATURAL.
# ** Warning: (vsim-151) NUMERIC_STD.TO_INTEGER: Value -16777216 is not in bounds of subtype NATURAL.
# ** Warning: (vsim-151) NUMERIC_STD.TO_INTEGER: Value -16777216 is not in bounds of subtype NATURAL.
# ** Note: ** Addr=00000374, Word=221, Instuction=4020D733, Mnemonic=sra x14, x1, x2
# ** Note:   x1=80000000 x2=00000007 x3=00000019 x4=00000001 x5=00000002 x6=FF000000 x12=FFFE0000 x14=FF000000 
# ** Warning: (vsim-151) NUMERIC_STD.TO_INTEGER: Value -16777216 is not in bounds of subtype NATURAL.
# ** Warning: (vsim-151) NUMERIC_STD.TO_INTEGER: Value -16777216 is not in bounds of subtype NATURAL.
# ** Note: ** Addr=00000378, Word=222, Instuction=00070313, Mnemonic=addi x6, x14, 00000000
# ** Note:   x1=80000000 x2=00000007 x3=00000019 x4=00000001 x5=00000002 x6=FF000000 x12=FFFE0000 x14=FF000000 
# ** Note: ** Addr=0000037C, Word=223, Instuction=00120213, Mnemonic=addi x4, x4, 00000001
# ** Note:   x1=80000000 x2=00000007 x3=00000019 x4=00000002 x5=00000002 x6=FF000000 x12=FFFE0000 x14=FF000000 
# ** Note: ** Addr=00000380, Word=224, Instuction=00200293, Mnemonic=addi x5, x0, 00000002
# ** Note:   x1=80000000 x2=00000007 x3=00000019 x4=00000002 x5=00000002 x6=FF000000 x12=FFFE0000 x14=FF000000 
# ** Note: ** Addr=00000384, Word=225, Instuction=FE5214E3, Mnemonic=bne x4, x5, FFFFFFE8
# ** Note:   x1=80000000 x2=00000007 x3=00000019 x4=00000002 x5=00000002 x6=FF000000 x12=FFFE0000 x14=FF000000 
# ** Note: ** Addr=00000388, Word=226, Instuction=FF0003B7, Mnemonic=lui x7, FF000000
# ** Note:   x1=80000000 x2=00000007 x3=00000019 x4=00000002 x5=00000002 x6=FF000000 x7=FF000000 x12=FFFE0000 x14=FF000000 
# ** Warning: (vsim-151) NUMERIC_STD.TO_INTEGER: Value -33554432 is not in bounds of subtype NATURAL.
# ** Warning: (vsim-151) NUMERIC_STD.TO_INTEGER: Value -33554432 is not in bounds of subtype NATURAL.
# ** Note: ** Addr=0000038C, Word=227, Instuction=2E731063, Mnemonic=bne x6, x7, 000002E0
# ** Note:   x1=80000000 x2=00000007 x3=00000019 x4=00000002 x5=00000002 x6=FF000000 x7=FF000000 x12=FFFE0000 x14=FF000000 
# ** Note: ** Addr=00000390, Word=228, Instuction=01A00193, Mnemonic=addi x3, x0, 0000001A
# ** Note:   x1=80000000 x2=00000007 x3=0000001A x4=00000002 x5=00000002 x6=FF000000 x7=FF000000 x12=FFFE0000 x14=FF000000 
# ** Warning: (vsim-151) NUMERIC_STD.TO_INTEGER: Value -2048 is not in bounds of subtype NATURAL.
# ** Warning: (vsim-151) NUMERIC_STD.TO_INTEGER: Value -2048 is not in bounds of subtype NATURAL.
# ** Note: ** Addr=00000394, Word=229, Instuction=00000213, Mnemonic=addi x4, x0, 00000000
# ** Note:   x1=80000000 x2=00000007 x3=0000001A x5=00000002 x6=FF000000 x7=FF000000 x12=FFFE0000 x14=FF000000 
# ** Note: ** Addr=00000398, Word=230, Instuction=800000B7, Mnemonic=lui x1, 80000000
# ** Note:   x1=80000000 x2=00000007 x3=0000001A x5=00000002 x6=FF000000 x7=FF000000 x12=FFFE0000 x14=FF000000 
# ** Warning: (vsim-151) NUMERIC_STD.TO_INTEGER: Value -131072 is not in bounds of subtype NATURAL.
# ** Warning: (vsim-151) NUMERIC_STD.TO_INTEGER: Value -131072 is not in bounds of subtype NATURAL.
# ** Note: ** Addr=0000039C, Word=231, Instuction=00E00113, Mnemonic=addi x2, x0, 0000000E
# ** Note:   x1=80000000 x2=0000000E x3=0000001A x5=00000002 x6=FF000000 x7=FF000000 x12=FFFE0000 x14=FF000000 
# ** Warning: (vsim-151) NUMERIC_STD.TO_INTEGER: Value -2147483634 is not in bounds of subtype NATURAL.
# ** Warning: (vsim-151) NUMERIC_STD.TO_INTEGER: Value -2147483634 is not in bounds of subtype NATURAL.
# ** Note: ** Addr=000003A0, Word=232, Instuction=4020D733, Mnemonic=sra x14, x1, x2
# ** Note:   x1=80000000 x2=0000000E x3=0000001A x5=00000002 x6=FF000000 x7=FF000000 x12=FFFE0000 x14=FFFE0000 
# ** Warning: (vsim-151) NUMERIC_STD.TO_INTEGER: Value -131072 is not in bounds of subtype NATURAL.
# ** Warning: (vsim-151) NUMERIC_STD.TO_INTEGER: Value -131072 is not in bounds of subtype NATURAL.
# ** Note: ** Addr=000003A4, Word=233, Instuction=00000013, Mnemonic=addi x0, x0, 00000000
# ** Note:   x1=80000000 x2=0000000E x3=0000001A x5=00000002 x6=FF000000 x7=FF000000 x12=FFFE0000 x14=FFFE0000 
# ** Warning: (vsim-151) NUMERIC_STD.TO_INTEGER: Value -131072 is not in bounds of subtype NATURAL.
# ** Warning: (vsim-151) NUMERIC_STD.TO_INTEGER: Value -131072 is not in bounds of subtype NATURAL.
# ** Note: ** Addr=000003A8, Word=234, Instuction=00070313, Mnemonic=addi x6, x14, 00000000
# ** Note:   x1=80000000 x2=0000000E x3=0000001A x5=00000002 x6=FFFE0000 x7=FF000000 x12=FFFE0000 x14=FFFE0000 
# ** Note: ** Addr=000003AC, Word=235, Instuction=00120213, Mnemonic=addi x4, x4, 00000001
# ** Note:   x1=80000000 x2=0000000E x3=0000001A x4=00000001 x5=00000002 x6=FFFE0000 x7=FF000000 x12=FFFE0000 x14=FFFE0000 
# ** Warning: (vsim-151) NUMERIC_STD.TO_INTEGER: Value -2 is not in bounds of subtype NATURAL.
# ** Warning: (vsim-151) NUMERIC_STD.TO_INTEGER: Value -2 is not in bounds of subtype NATURAL.
# ** Note: ** Addr=000003B0, Word=236, Instuction=00200293, Mnemonic=addi x5, x0, 00000002
# ** Note:   x1=80000000 x2=0000000E x3=0000001A x4=00000001 x5=00000002 x6=FFFE0000 x7=FF000000 x12=FFFE0000 x14=FFFE0000 
# ** Note: ** Addr=000003B4, Word=237, Instuction=FE5212E3, Mnemonic=bne x4, x5, FFFFFFE4
# ** Note:   x1=80000000 x2=0000000E x3=0000001A x4=00000001 x5=00000002 x6=FFFE0000 x7=FF000000 x12=FFFE0000 x14=FFFE0000 
# ** Note: ** Addr=00000398, Word=230, Instuction=800000B7, Mnemonic=lui x1, 80000000
# ** Note:   x1=80000000 x2=0000000E x3=0000001A x4=00000001 x5=00000002 x6=FFFE0000 x7=FF000000 x12=FFFE0000 x14=FFFE0000 
# ** Warning: (vsim-151) NUMERIC_STD.TO_INTEGER: Value -131072 is not in bounds of subtype NATURAL.
# ** Warning: (vsim-151) NUMERIC_STD.TO_INTEGER: Value -131072 is not in bounds of subtype NATURAL.
# ** Note: ** Addr=0000039C, Word=231, Instuction=00E00113, Mnemonic=addi x2, x0, 0000000E
# ** Note:   x1=80000000 x2=0000000E x3=0000001A x4=00000001 x5=00000002 x6=FFFE0000 x7=FF000000 x12=FFFE0000 x14=FFFE0000 
# ** Warning: (vsim-151) NUMERIC_STD.TO_INTEGER: Value -2147483634 is not in bounds of subtype NATURAL.
# ** Warning: (vsim-151) NUMERIC_STD.TO_INTEGER: Value -2147483634 is not in bounds of subtype NATURAL.
# ** Note: ** Addr=000003A0, Word=232, Instuction=4020D733, Mnemonic=sra x14, x1, x2
# ** Note:   x1=80000000 x2=0000000E x3=0000001A x4=00000001 x5=00000002 x6=FFFE0000 x7=FF000000 x12=FFFE0000 x14=FFFE0000 
# ** Warning: (vsim-151) NUMERIC_STD.TO_INTEGER: Value -131072 is not in bounds of subtype NATURAL.
# ** Warning: (vsim-151) NUMERIC_STD.TO_INTEGER: Value -131072 is not in bounds of subtype NATURAL.
# ** Note: ** Addr=000003A4, Word=233, Instuction=00000013, Mnemonic=addi x0, x0, 00000000
# ** Note:   x1=80000000 x2=0000000E x3=0000001A x4=00000001 x5=00000002 x6=FFFE0000 x7=FF000000 x12=FFFE0000 x14=FFFE0000 
# ** Warning: (vsim-151) NUMERIC_STD.TO_INTEGER: Value -131072 is not in bounds of subtype NATURAL.
# ** Warning: (vsim-151) NUMERIC_STD.TO_INTEGER: Value -131072 is not in bounds of subtype NATURAL.
# ** Note: ** Addr=000003A8, Word=234, Instuction=00070313, Mnemonic=addi x6, x14, 00000000
# ** Note:   x1=80000000 x2=0000000E x3=0000001A x4=00000001 x5=00000002 x6=FFFE0000 x7=FF000000 x12=FFFE0000 x14=FFFE0000 
# ** Note: ** Addr=000003AC, Word=235, Instuction=00120213, Mnemonic=addi x4, x4, 00000001
# ** Note:   x1=80000000 x2=0000000E x3=0000001A x4=00000002 x5=00000002 x6=FFFE0000 x7=FF000000 x12=FFFE0000 x14=FFFE0000 
# ** Note: ** Addr=000003B0, Word=236, Instuction=00200293, Mnemonic=addi x5, x0, 00000002
# ** Note:   x1=80000000 x2=0000000E x3=0000001A x4=00000002 x5=00000002 x6=FFFE0000 x7=FF000000 x12=FFFE0000 x14=FFFE0000 
# ** Note: ** Addr=000003B4, Word=237, Instuction=FE5212E3, Mnemonic=bne x4, x5, FFFFFFE4
# ** Note:   x1=80000000 x2=0000000E x3=0000001A x4=00000002 x5=00000002 x6=FFFE0000 x7=FF000000 x12=FFFE0000 x14=FFFE0000 
# ** Note: ** Addr=000003B8, Word=238, Instuction=FFFE03B7, Mnemonic=lui x7, FFFE0000
# ** Note:   x1=80000000 x2=0000000E x3=0000001A x4=00000002 x5=00000002 x6=FFFE0000 x7=FFFE0000 x12=FFFE0000 x14=FFFE0000 
# ** Warning: (vsim-151) NUMERIC_STD.TO_INTEGER: Value -262144 is not in bounds of subtype NATURAL.
# ** Warning: (vsim-151) NUMERIC_STD.TO_INTEGER: Value -262144 is not in bounds of subtype NATURAL.
# ** Note: ** Addr=000003BC, Word=239, Instuction=2A731863, Mnemonic=bne x6, x7, 000002B0
# ** Note:   x1=80000000 x2=0000000E x3=0000001A x4=00000002 x5=00000002 x6=FFFE0000 x7=FFFE0000 x12=FFFE0000 x14=FFFE0000 
# ** Note: ** Addr=000003C0, Word=240, Instuction=01B00193, Mnemonic=addi x3, x0, 0000001B
# ** Note:   x1=80000000 x2=0000000E x3=0000001B x4=00000002 x5=00000002 x6=FFFE0000 x7=FFFE0000 x12=FFFE0000 x14=FFFE0000 
# ** Warning: (vsim-151) NUMERIC_STD.TO_INTEGER: Value -2048 is not in bounds of subtype NATURAL.
# ** Warning: (vsim-151) NUMERIC_STD.TO_INTEGER: Value -2048 is not in bounds of subtype NATURAL.
# ** Note: ** Addr=000003C4, Word=241, Instuction=00000213, Mnemonic=addi x4, x0, 00000000
# ** Note:   x1=80000000 x2=0000000E x3=0000001B x5=00000002 x6=FFFE0000 x7=FFFE0000 x12=FFFE0000 x14=FFFE0000 
# ** Note: ** Addr=000003C8, Word=242, Instuction=800000B7, Mnemonic=lui x1, 80000000
# ** Note:   x1=80000000 x2=0000000E x3=0000001B x5=00000002 x6=FFFE0000 x7=FFFE0000 x12=FFFE0000 x14=FFFE0000 
# ** Warning: (vsim-151) NUMERIC_STD.TO_INTEGER: Value -2 is not in bounds of subtype NATURAL.
# ** Warning: (vsim-151) NUMERIC_STD.TO_INTEGER: Value -2 is not in bounds of subtype NATURAL.
# ** Note: ** Addr=000003CC, Word=243, Instuction=01F00113, Mnemonic=addi x2, x0, 0000001F
# ** Note:   x1=80000000 x2=0000001F x3=0000001B x5=00000002 x6=FFFE0000 x7=FFFE0000 x12=FFFE0000 x14=FFFE0000 
# ** Warning: (vsim-151) NUMERIC_STD.TO_INTEGER: Value -2147483618 is not in bounds of subtype NATURAL.
# ** Warning: (vsim-151) NUMERIC_STD.TO_INTEGER: Value -2147483618 is not in bounds of subtype NATURAL.
# ** Note: ** Addr=000003D0, Word=244, Instuction=4020D733, Mnemonic=sra x14, x1, x2
# ** Note:   x1=80000000 x2=0000001F x3=0000001B x5=00000002 x6=FFFE0000 x7=FFFE0000 x12=FFFE0000 x14=FFFFFFFF 
# ** Note: ** Addr=000003D4, Word=245, Instuction=00000013, Mnemonic=addi x0, x0, 00000000
# ** Note:   x1=80000000 x2=0000001F x3=0000001B x5=00000002 x6=FFFE0000 x7=FFFE0000 x12=FFFE0000 x14=FFFFFFFF 
# ** Warning: (vsim-151) NUMERIC_STD.TO_INTEGER: Value -2 is not in bounds of subtype NATURAL.
# ** Warning: (vsim-151) NUMERIC_STD.TO_INTEGER: Value -2 is not in bounds of subtype NATURAL.
# ** Note: ** Addr=000003D8, Word=246, Instuction=00000013, Mnemonic=addi x0, x0, 00000000
# ** Note:   x1=80000000 x2=0000001F x3=0000001B x5=00000002 x6=FFFE0000 x7=FFFE0000 x12=FFFE0000 x14=FFFFFFFF 
# ** Note: ** Addr=000003DC, Word=247, Instuction=00070313, Mnemonic=addi x6, x14, 00000000
# ** Note:   x1=80000000 x2=0000001F x3=0000001B x5=00000002 x6=FFFFFFFF x7=FFFE0000 x12=FFFE0000 x14=FFFFFFFF 
# ** Note: ** Addr=000003E0, Word=248, Instuction=00120213, Mnemonic=addi x4, x4, 00000001
# ** Note:   x1=80000000 x2=0000001F x3=0000001B x4=00000001 x5=00000002 x6=FFFFFFFF x7=FFFE0000 x12=FFFE0000 x14=FFFFFFFF 
# ** Warning: (vsim-151) NUMERIC_STD.TO_INTEGER: Value -2 is not in bounds of subtype NATURAL.
# ** Warning: (vsim-151) NUMERIC_STD.TO_INTEGER: Value -2 is not in bounds of subtype NATURAL.
# ** Note: ** Addr=000003E4, Word=249, Instuction=00200293, Mnemonic=addi x5, x0, 00000002
# ** Note:   x1=80000000 x2=0000001F x3=0000001B x4=00000001 x5=00000002 x6=FFFFFFFF x7=FFFE0000 x12=FFFE0000 x14=FFFFFFFF 
# ** Note: ** Addr=000003E8, Word=250, Instuction=FE5210E3, Mnemonic=bne x4, x5, FFFFFFE0
# ** Note:   x1=80000000 x2=0000001F x3=0000001B x4=00000001 x5=00000002 x6=FFFFFFFF x7=FFFE0000 x12=FFFE0000 x14=FFFFFFFF 
# ** Note: ** Addr=000003C8, Word=242, Instuction=800000B7, Mnemonic=lui x1, 80000000
# ** Note:   x1=80000000 x2=0000001F x3=0000001B x4=00000001 x5=00000002 x6=FFFFFFFF x7=FFFE0000 x12=FFFE0000 x14=FFFFFFFF 
# ** Warning: (vsim-151) NUMERIC_STD.TO_INTEGER: Value -2 is not in bounds of subtype NATURAL.
# ** Warning: (vsim-151) NUMERIC_STD.TO_INTEGER: Value -2 is not in bounds of subtype NATURAL.
# ** Note: ** Addr=000003CC, Word=243, Instuction=01F00113, Mnemonic=addi x2, x0, 0000001F
# ** Note:   x1=80000000 x2=0000001F x3=0000001B x4=00000001 x5=00000002 x6=FFFFFFFF x7=FFFE0000 x12=FFFE0000 x14=FFFFFFFF 
# ** Warning: (vsim-151) NUMERIC_STD.TO_INTEGER: Value -2147483618 is not in bounds of subtype NATURAL.
# ** Warning: (vsim-151) NUMERIC_STD.TO_INTEGER: Value -2147483618 is not in bounds of subtype NATURAL.
# ** Note: ** Addr=000003D0, Word=244, Instuction=4020D733, Mnemonic=sra x14, x1, x2
# ** Note:   x1=80000000 x2=0000001F x3=0000001B x4=00000001 x5=00000002 x6=FFFFFFFF x7=FFFE0000 x12=FFFE0000 x14=FFFFFFFF 
# ** Note: ** Addr=000003D4, Word=245, Instuction=00000013, Mnemonic=addi x0, x0, 00000000
# ** Note:   x1=80000000 x2=0000001F x3=0000001B x4=00000001 x5=00000002 x6=FFFFFFFF x7=FFFE0000 x12=FFFE0000 x14=FFFFFFFF 
# ** Warning: (vsim-151) NUMERIC_STD.TO_INTEGER: Value -2 is not in bounds of subtype NATURAL.
# ** Warning: (vsim-151) NUMERIC_STD.TO_INTEGER: Value -2 is not in bounds of subtype NATURAL.
# ** Note: ** Addr=000003D8, Word=246, Instuction=00000013, Mnemonic=addi x0, x0, 00000000
# ** Note:   x1=80000000 x2=0000001F x3=0000001B x4=00000001 x5=00000002 x6=FFFFFFFF x7=FFFE0000 x12=FFFE0000 x14=FFFFFFFF 
# ** Note: ** Addr=000003DC, Word=247, Instuction=00070313, Mnemonic=addi x6, x14, 00000000
# ** Note:   x1=80000000 x2=0000001F x3=0000001B x4=00000001 x5=00000002 x6=FFFFFFFF x7=FFFE0000 x12=FFFE0000 x14=FFFFFFFF 
# ** Note: ** Addr=000003E0, Word=248, Instuction=00120213, Mnemonic=addi x4, x4, 00000001
# ** Note:   x1=80000000 x2=0000001F x3=0000001B x4=00000002 x5=00000002 x6=FFFFFFFF x7=FFFE0000 x12=FFFE0000 x14=FFFFFFFF 
# ** Note: ** Addr=000003E4, Word=249, Instuction=00200293, Mnemonic=addi x5, x0, 00000002
# ** Note:   x1=80000000 x2=0000001F x3=0000001B x4=00000002 x5=00000002 x6=FFFFFFFF x7=FFFE0000 x12=FFFE0000 x14=FFFFFFFF 
# ** Warning: (vsim-151) NUMERIC_STD.TO_INTEGER: Value -2 is not in bounds of subtype NATURAL.
# ** Warning: (vsim-151) NUMERIC_STD.TO_INTEGER: Value -2 is not in bounds of subtype NATURAL.
# ** Note: ** Addr=000003E8, Word=250, Instuction=FE5210E3, Mnemonic=bne x4, x5, FFFFFFE0
# ** Note:   x1=80000000 x2=0000001F x3=0000001B x4=00000002 x5=00000002 x6=FFFFFFFF x7=FFFE0000 x12=FFFE0000 x14=FFFFFFFF 
# ** Warning: (vsim-151) NUMERIC_STD.TO_INTEGER: Value -616 is not in bounds of subtype NATURAL.
# ** Warning: (vsim-151) NUMERIC_STD.TO_INTEGER: Value -616 is not in bounds of subtype NATURAL.
# ** Note: ** Addr=000003EC, Word=251, Instuction=FFF00393, Mnemonic=addi x7, x0, FFFFFFFF
# ** Note:   x1=80000000 x2=0000001F x3=0000001B x4=00000002 x5=00000002 x6=FFFFFFFF x7=FFFFFFFF x12=FFFE0000 x14=FFFFFFFF 
# ** Warning: (vsim-151) NUMERIC_STD.TO_INTEGER: Value -2 is not in bounds of subtype NATURAL.
# ** Warning: (vsim-151) NUMERIC_STD.TO_INTEGER: Value -2 is not in bounds of subtype NATURAL.
# ** Note: ** Addr=000003F0, Word=252, Instuction=26731E63, Mnemonic=bne x6, x7, 0000027C
# ** Note:   x1=80000000 x2=0000001F x3=0000001B x4=00000002 x5=00000002 x6=FFFFFFFF x7=FFFFFFFF x12=FFFE0000 x14=FFFFFFFF 
# ** Note: ** Addr=000003F4, Word=253, Instuction=01C00193, Mnemonic=addi x3, x0, 0000001C
# ** Note:   x1=80000000 x2=0000001F x3=0000001C x4=00000002 x5=00000002 x6=FFFFFFFF x7=FFFFFFFF x12=FFFE0000 x14=FFFFFFFF 
# ** Warning: (vsim-151) NUMERIC_STD.TO_INTEGER: Value -2048 is not in bounds of subtype NATURAL.
# ** Warning: (vsim-151) NUMERIC_STD.TO_INTEGER: Value -2048 is not in bounds of subtype NATURAL.
# ** Note: ** Addr=000003F8, Word=254, Instuction=00000213, Mnemonic=addi x4, x0, 00000000
# ** Note:   x1=80000000 x2=0000001F x3=0000001C x5=00000002 x6=FFFFFFFF x7=FFFFFFFF x12=FFFE0000 x14=FFFFFFFF 
# ** Note: ** Addr=000003FC, Word=255, Instuction=800000B7, Mnemonic=lui x1, 80000000
# ** Note:   x1=80000000 x2=0000001F x3=0000001C x5=00000002 x6=FFFFFFFF x7=FFFFFFFF x12=FFFE0000 x14=FFFFFFFF 
# ** Warning: (vsim-151) NUMERIC_STD.TO_INTEGER: Value -16777216 is not in bounds of subtype NATURAL.
# ** Warning: (vsim-151) NUMERIC_STD.TO_INTEGER: Value -16777216 is not in bounds of subtype NATURAL.
# ** Note: ** Addr=00000400, Word=256, Instuction=00700113, Mnemonic=addi x2, x0, 00000007
# ** Note:   x1=80000000 x2=00000007 x3=0000001C x5=00000002 x6=FFFFFFFF x7=FFFFFFFF x12=FFFE0000 x14=FFFFFFFF 
# ** Warning: (vsim-151) NUMERIC_STD.TO_INTEGER: Value -2147483642 is not in bounds of subtype NATURAL.
# ** Warning: (vsim-151) NUMERIC_STD.TO_INTEGER: Value -2147483642 is not in bounds of subtype NATURAL.
# ** Note: ** Addr=00000404, Word=257, Instuction=4020D733, Mnemonic=sra x14, x1, x2
# ** Note:   x1=80000000 x2=00000007 x3=0000001C x5=00000002 x6=FFFFFFFF x7=FFFFFFFF x12=FFFE0000 x14=FF000000 
# ** Note: ** Addr=00000408, Word=258, Instuction=00120213, Mnemonic=addi x4, x4, 00000001
# ** Note:   x1=80000000 x2=00000007 x3=0000001C x4=00000001 x5=00000002 x6=FFFFFFFF x7=FFFFFFFF x12=FFFE0000 x14=FF000000 
# ** Warning: (vsim-151) NUMERIC_STD.TO_INTEGER: Value -2 is not in bounds of subtype NATURAL.
# ** Warning: (vsim-151) NUMERIC_STD.TO_INTEGER: Value -2 is not in bounds of subtype NATURAL.
# ** Note: ** Addr=0000040C, Word=259, Instuction=00200293, Mnemonic=addi x5, x0, 00000002
# ** Note:   x1=80000000 x2=00000007 x3=0000001C x4=00000001 x5=00000002 x6=FFFFFFFF x7=FFFFFFFF x12=FFFE0000 x14=FF000000 
# ** Note: ** Addr=00000410, Word=260, Instuction=FE5216E3, Mnemonic=bne x4, x5, FFFFFFEC
# ** Note:   x1=80000000 x2=00000007 x3=0000001C x4=00000001 x5=00000002 x6=FFFFFFFF x7=FFFFFFFF x12=FFFE0000 x14=FF000000 
# ** Note: ** Addr=000003FC, Word=255, Instuction=800000B7, Mnemonic=lui x1, 80000000
# ** Note:   x1=80000000 x2=00000007 x3=0000001C x4=00000001 x5=00000002 x6=FFFFFFFF x7=FFFFFFFF x12=FFFE0000 x14=FF000000 
# ** Warning: (vsim-151) NUMERIC_STD.TO_INTEGER: Value -16777216 is not in bounds of subtype NATURAL.
# ** Warning: (vsim-151) NUMERIC_STD.TO_INTEGER: Value -16777216 is not in bounds of subtype NATURAL.
# ** Note: ** Addr=00000400, Word=256, Instuction=00700113, Mnemonic=addi x2, x0, 00000007
# ** Note:   x1=80000000 x2=00000007 x3=0000001C x4=00000001 x5=00000002 x6=FFFFFFFF x7=FFFFFFFF x12=FFFE0000 x14=FF000000 
# ** Warning: (vsim-151) NUMERIC_STD.TO_INTEGER: Value -2147483642 is not in bounds of subtype NATURAL.
# ** Warning: (vsim-151) NUMERIC_STD.TO_INTEGER: Value -2147483642 is not in bounds of subtype NATURAL.
# ** Note: ** Addr=00000404, Word=257, Instuction=4020D733, Mnemonic=sra x14, x1, x2
# ** Note:   x1=80000000 x2=00000007 x3=0000001C x4=00000001 x5=00000002 x6=FFFFFFFF x7=FFFFFFFF x12=FFFE0000 x14=FF000000 
# ** Note: ** Addr=00000408, Word=258, Instuction=00120213, Mnemonic=addi x4, x4, 00000001
# ** Note:   x1=80000000 x2=00000007 x3=0000001C x4=00000002 x5=00000002 x6=FFFFFFFF x7=FFFFFFFF x12=FFFE0000 x14=FF000000 
# ** Note: ** Addr=0000040C, Word=259, Instuction=00200293, Mnemonic=addi x5, x0, 00000002
# ** Note:   x1=80000000 x2=00000007 x3=0000001C x4=00000002 x5=00000002 x6=FFFFFFFF x7=FFFFFFFF x12=FFFE0000 x14=FF000000 
# ** Note: ** Addr=00000410, Word=260, Instuction=FE5216E3, Mnemonic=bne x4, x5, FFFFFFEC
# ** Note:   x1=80000000 x2=00000007 x3=0000001C x4=00000002 x5=00000002 x6=FFFFFFFF x7=FFFFFFFF x12=FFFE0000 x14=FF000000 
# ** Note: ** Addr=00000414, Word=261, Instuction=FF0003B7, Mnemonic=lui x7, FF000000
# ** Note:   x1=80000000 x2=00000007 x3=0000001C x4=00000002 x5=00000002 x6=FFFFFFFF x7=FF000000 x12=FFFE0000 x14=FF000000 
# ** Warning: (vsim-151) NUMERIC_STD.TO_INTEGER: Value -33554432 is not in bounds of subtype NATURAL.
# ** Warning: (vsim-151) NUMERIC_STD.TO_INTEGER: Value -33554432 is not in bounds of subtype NATURAL.
# ** Note: ** Addr=00000418, Word=262, Instuction=24771A63, Mnemonic=bne x14, x7, 00000254
# ** Note:   x1=80000000 x2=00000007 x3=0000001C x4=00000002 x5=00000002 x6=FFFFFFFF x7=FF000000 x12=FFFE0000 x14=FF000000 
# ** Note: ** Addr=0000041C, Word=263, Instuction=01D00193, Mnemonic=addi x3, x0, 0000001D
# ** Note:   x1=80000000 x2=00000007 x3=0000001D x4=00000002 x5=00000002 x6=FFFFFFFF x7=FF000000 x12=FFFE0000 x14=FF000000 
# ** Warning: (vsim-151) NUMERIC_STD.TO_INTEGER: Value -2048 is not in bounds of subtype NATURAL.
# ** Warning: (vsim-151) NUMERIC_STD.TO_INTEGER: Value -2048 is not in bounds of subtype NATURAL.
# ** Note: ** Addr=00000420, Word=264, Instuction=00000213, Mnemonic=addi x4, x0, 00000000
# ** Note:   x1=80000000 x2=00000007 x3=0000001D x5=00000002 x6=FFFFFFFF x7=FF000000 x12=FFFE0000 x14=FF000000 
# ** Note: ** Addr=00000424, Word=265, Instuction=800000B7, Mnemonic=lui x1, 80000000
# ** Note:   x1=80000000 x2=00000007 x3=0000001D x5=00000002 x6=FFFFFFFF x7=FF000000 x12=FFFE0000 x14=FF000000 
# ** Note: ** Addr=00000428, Word=266, Instuction=00E00113, Mnemonic=addi x2, x0, 0000000E
# ** Note:   x1=80000000 x2=0000000E x3=0000001D x5=00000002 x6=FFFFFFFF x7=FF000000 x12=FFFE0000 x14=FF000000 
# ** Warning: (vsim-151) NUMERIC_STD.TO_INTEGER: Value -131072 is not in bounds of subtype NATURAL.
# ** Warning: (vsim-151) NUMERIC_STD.TO_INTEGER: Value -131072 is not in bounds of subtype NATURAL.
# ** Note: ** Addr=0000042C, Word=267, Instuction=00000013, Mnemonic=addi x0, x0, 00000000
# ** Note:   x1=80000000 x2=0000000E x3=0000001D x5=00000002 x6=FFFFFFFF x7=FF000000 x12=FFFE0000 x14=FF000000 
# ** Warning: (vsim-151) NUMERIC_STD.TO_INTEGER: Value -2147483634 is not in bounds of subtype NATURAL.
# ** Warning: (vsim-151) NUMERIC_STD.TO_INTEGER: Value -2147483634 is not in bounds of subtype NATURAL.
# ** Note: ** Addr=00000430, Word=268, Instuction=4020D733, Mnemonic=sra x14, x1, x2
# ** Note:   x1=80000000 x2=0000000E x3=0000001D x5=00000002 x6=FFFFFFFF x7=FF000000 x12=FFFE0000 x14=FFFE0000 
# ** Note: ** Addr=00000434, Word=269, Instuction=00120213, Mnemonic=addi x4, x4, 00000001
# ** Note:   x1=80000000 x2=0000000E x3=0000001D x4=00000001 x5=00000002 x6=FFFFFFFF x7=FF000000 x12=FFFE0000 x14=FFFE0000 
# ** Warning: (vsim-151) NUMERIC_STD.TO_INTEGER: Value -2 is not in bounds of subtype NATURAL.
# ** Warning: (vsim-151) NUMERIC_STD.TO_INTEGER: Value -2 is not in bounds of subtype NATURAL.
# ** Note: ** Addr=00000438, Word=270, Instuction=00200293, Mnemonic=addi x5, x0, 00000002
# ** Note:   x1=80000000 x2=0000000E x3=0000001D x4=00000001 x5=00000002 x6=FFFFFFFF x7=FF000000 x12=FFFE0000 x14=FFFE0000 
# ** Note: ** Addr=0000043C, Word=271, Instuction=FE5214E3, Mnemonic=bne x4, x5, FFFFFFE8
# ** Note:   x1=80000000 x2=0000000E x3=0000001D x4=00000001 x5=00000002 x6=FFFFFFFF x7=FF000000 x12=FFFE0000 x14=FFFE0000 
# ** Note: ** Addr=00000424, Word=265, Instuction=800000B7, Mnemonic=lui x1, 80000000
# ** Note:   x1=80000000 x2=0000000E x3=0000001D x4=00000001 x5=00000002 x6=FFFFFFFF x7=FF000000 x12=FFFE0000 x14=FFFE0000 
# ** Note: ** Addr=00000428, Word=266, Instuction=00E00113, Mnemonic=addi x2, x0, 0000000E
# ** Note:   x1=80000000 x2=0000000E x3=0000001D x4=00000001 x5=00000002 x6=FFFFFFFF x7=FF000000 x12=FFFE0000 x14=FFFE0000 
# ** Warning: (vsim-151) NUMERIC_STD.TO_INTEGER: Value -131072 is not in bounds of subtype NATURAL.
# ** Warning: (vsim-151) NUMERIC_STD.TO_INTEGER: Value -131072 is not in bounds of subtype NATURAL.
# ** Note: ** Addr=0000042C, Word=267, Instuction=00000013, Mnemonic=addi x0, x0, 00000000
# ** Note:   x1=80000000 x2=0000000E x3=0000001D x4=00000001 x5=00000002 x6=FFFFFFFF x7=FF000000 x12=FFFE0000 x14=FFFE0000 
# ** Warning: (vsim-151) NUMERIC_STD.TO_INTEGER: Value -2147483634 is not in bounds of subtype NATURAL.
# ** Warning: (vsim-151) NUMERIC_STD.TO_INTEGER: Value -2147483634 is not in bounds of subtype NATURAL.
# ** Note: ** Addr=00000430, Word=268, Instuction=4020D733, Mnemonic=sra x14, x1, x2
# ** Note:   x1=80000000 x2=0000000E x3=0000001D x4=00000001 x5=00000002 x6=FFFFFFFF x7=FF000000 x12=FFFE0000 x14=FFFE0000 
# ** Note: ** Addr=00000434, Word=269, Instuction=00120213, Mnemonic=addi x4, x4, 00000001
# ** Note:   x1=80000000 x2=0000000E x3=0000001D x4=00000002 x5=00000002 x6=FFFFFFFF x7=FF000000 x12=FFFE0000 x14=FFFE0000 
# ** Note: ** Addr=00000438, Word=270, Instuction=00200293, Mnemonic=addi x5, x0, 00000002
# ** Note:   x1=80000000 x2=0000000E x3=0000001D x4=00000002 x5=00000002 x6=FFFFFFFF x7=FF000000 x12=FFFE0000 x14=FFFE0000 
# ** Note: ** Addr=0000043C, Word=271, Instuction=FE5214E3, Mnemonic=bne x4, x5, FFFFFFE8
# ** Note:   x1=80000000 x2=0000000E x3=0000001D x4=00000002 x5=00000002 x6=FFFFFFFF x7=FF000000 x12=FFFE0000 x14=FFFE0000 
# ** Note: ** Addr=00000440, Word=272, Instuction=FFFE03B7, Mnemonic=lui x7, FFFE0000
# ** Note:   x1=80000000 x2=0000000E x3=0000001D x4=00000002 x5=00000002 x6=FFFFFFFF x7=FFFE0000 x12=FFFE0000 x14=FFFE0000 
# ** Warning: (vsim-151) NUMERIC_STD.TO_INTEGER: Value -262144 is not in bounds of subtype NATURAL.
# ** Warning: (vsim-151) NUMERIC_STD.TO_INTEGER: Value -262144 is not in bounds of subtype NATURAL.
# ** Note: ** Addr=00000444, Word=273, Instuction=22771463, Mnemonic=bne x14, x7, 00000228
# ** Note:   x1=80000000 x2=0000000E x3=0000001D x4=00000002 x5=00000002 x6=FFFFFFFF x7=FFFE0000 x12=FFFE0000 x14=FFFE0000 
# ** Note: ** Addr=00000448, Word=274, Instuction=01E00193, Mnemonic=addi x3, x0, 0000001E
# ** Note:   x1=80000000 x2=0000000E x3=0000001E x4=00000002 x5=00000002 x6=FFFFFFFF x7=FFFE0000 x12=FFFE0000 x14=FFFE0000 
# ** Warning: (vsim-151) NUMERIC_STD.TO_INTEGER: Value -2048 is not in bounds of subtype NATURAL.
# ** Warning: (vsim-151) NUMERIC_STD.TO_INTEGER: Value -2048 is not in bounds of subtype NATURAL.
# ** Note: ** Addr=0000044C, Word=275, Instuction=00000213, Mnemonic=addi x4, x0, 00000000
# ** Note:   x1=80000000 x2=0000000E x3=0000001E x5=00000002 x6=FFFFFFFF x7=FFFE0000 x12=FFFE0000 x14=FFFE0000 
# ** Note: ** Addr=00000450, Word=276, Instuction=800000B7, Mnemonic=lui x1, 80000000
# ** Note:   x1=80000000 x2=0000000E x3=0000001E x5=00000002 x6=FFFFFFFF x7=FFFE0000 x12=FFFE0000 x14=FFFE0000 
# ** Note: ** Addr=00000454, Word=277, Instuction=01F00113, Mnemonic=addi x2, x0, 0000001F
# ** Note:   x1=80000000 x2=0000001F x3=0000001E x5=00000002 x6=FFFFFFFF x7=FFFE0000 x12=FFFE0000 x14=FFFE0000 
# ** Note: ** Addr=00000458, Word=278, Instuction=00000013, Mnemonic=addi x0, x0, 00000000
# ** Note:   x1=80000000 x2=0000001F x3=0000001E x5=00000002 x6=FFFFFFFF x7=FFFE0000 x12=FFFE0000 x14=FFFE0000 
# ** Warning: (vsim-151) NUMERIC_STD.TO_INTEGER: Value -2 is not in bounds of subtype NATURAL.
# ** Warning: (vsim-151) NUMERIC_STD.TO_INTEGER: Value -2 is not in bounds of subtype NATURAL.
# ** Note: ** Addr=0000045C, Word=279, Instuction=00000013, Mnemonic=addi x0, x0, 00000000
# ** Note:   x1=80000000 x2=0000001F x3=0000001E x5=00000002 x6=FFFFFFFF x7=FFFE0000 x12=FFFE0000 x14=FFFE0000 
# ** Warning: (vsim-151) NUMERIC_STD.TO_INTEGER: Value -2147483618 is not in bounds of subtype NATURAL.
# ** Warning: (vsim-151) NUMERIC_STD.TO_INTEGER: Value -2147483618 is not in bounds of subtype NATURAL.
# ** Note: ** Addr=00000460, Word=280, Instuction=4020D733, Mnemonic=sra x14, x1, x2
# ** Note:   x1=80000000 x2=0000001F x3=0000001E x5=00000002 x6=FFFFFFFF x7=FFFE0000 x12=FFFE0000 x14=FFFFFFFF 
# ** Note: ** Addr=00000464, Word=281, Instuction=00120213, Mnemonic=addi x4, x4, 00000001
# ** Note:   x1=80000000 x2=0000001F x3=0000001E x4=00000001 x5=00000002 x6=FFFFFFFF x7=FFFE0000 x12=FFFE0000 x14=FFFFFFFF 
# ** Warning: (vsim-151) NUMERIC_STD.TO_INTEGER: Value -2 is not in bounds of subtype NATURAL.
# ** Warning: (vsim-151) NUMERIC_STD.TO_INTEGER: Value -2 is not in bounds of subtype NATURAL.
# ** Note: ** Addr=00000468, Word=282, Instuction=00200293, Mnemonic=addi x5, x0, 00000002
# ** Note:   x1=80000000 x2=0000001F x3=0000001E x4=00000001 x5=00000002 x6=FFFFFFFF x7=FFFE0000 x12=FFFE0000 x14=FFFFFFFF 
# ** Note: ** Addr=0000046C, Word=283, Instuction=FE5212E3, Mnemonic=bne x4, x5, FFFFFFE4
# ** Note:   x1=80000000 x2=0000001F x3=0000001E x4=00000001 x5=00000002 x6=FFFFFFFF x7=FFFE0000 x12=FFFE0000 x14=FFFFFFFF 
# ** Note: ** Addr=00000450, Word=276, Instuction=800000B7, Mnemonic=lui x1, 80000000
# ** Note:   x1=80000000 x2=0000001F x3=0000001E x4=00000001 x5=00000002 x6=FFFFFFFF x7=FFFE0000 x12=FFFE0000 x14=FFFFFFFF 
# ** Note: ** Addr=00000454, Word=277, Instuction=01F00113, Mnemonic=addi x2, x0, 0000001F
# ** Note:   x1=80000000 x2=0000001F x3=0000001E x4=00000001 x5=00000002 x6=FFFFFFFF x7=FFFE0000 x12=FFFE0000 x14=FFFFFFFF 
# ** Note: ** Addr=00000458, Word=278, Instuction=00000013, Mnemonic=addi x0, x0, 00000000
# ** Note:   x1=80000000 x2=0000001F x3=0000001E x4=00000001 x5=00000002 x6=FFFFFFFF x7=FFFE0000 x12=FFFE0000 x14=FFFFFFFF 
# ** Warning: (vsim-151) NUMERIC_STD.TO_INTEGER: Value -2 is not in bounds of subtype NATURAL.
# ** Warning: (vsim-151) NUMERIC_STD.TO_INTEGER: Value -2 is not in bounds of subtype NATURAL.
# ** Note: ** Addr=0000045C, Word=279, Instuction=00000013, Mnemonic=addi x0, x0, 00000000
# ** Note:   x1=80000000 x2=0000001F x3=0000001E x4=00000001 x5=00000002 x6=FFFFFFFF x7=FFFE0000 x12=FFFE0000 x14=FFFFFFFF 
# ** Warning: (vsim-151) NUMERIC_STD.TO_INTEGER: Value -2147483618 is not in bounds of subtype NATURAL.
# ** Warning: (vsim-151) NUMERIC_STD.TO_INTEGER: Value -2147483618 is not in bounds of subtype NATURAL.
# ** Note: ** Addr=00000460, Word=280, Instuction=4020D733, Mnemonic=sra x14, x1, x2
# ** Note:   x1=80000000 x2=0000001F x3=0000001E x4=00000001 x5=00000002 x6=FFFFFFFF x7=FFFE0000 x12=FFFE0000 x14=FFFFFFFF 
# ** Note: ** Addr=00000464, Word=281, Instuction=00120213, Mnemonic=addi x4, x4, 00000001
# ** Note:   x1=80000000 x2=0000001F x3=0000001E x4=00000002 x5=00000002 x6=FFFFFFFF x7=FFFE0000 x12=FFFE0000 x14=FFFFFFFF 
# ** Note: ** Addr=00000468, Word=282, Instuction=00200293, Mnemonic=addi x5, x0, 00000002
# ** Note:   x1=80000000 x2=0000001F x3=0000001E x4=00000002 x5=00000002 x6=FFFFFFFF x7=FFFE0000 x12=FFFE0000 x14=FFFFFFFF 
# ** Warning: (vsim-151) NUMERIC_STD.TO_INTEGER: Value -2 is not in bounds of subtype NATURAL.
# ** Warning: (vsim-151) NUMERIC_STD.TO_INTEGER: Value -2 is not in bounds of subtype NATURAL.
# ** Note: ** Addr=0000046C, Word=283, Instuction=FE5212E3, Mnemonic=bne x4, x5, FFFFFFE4
# ** Note:   x1=80000000 x2=0000001F x3=0000001E x4=00000002 x5=00000002 x6=FFFFFFFF x7=FFFE0000 x12=FFFE0000 x14=FFFFFFFF 
# ** Warning: (vsim-151) NUMERIC_STD.TO_INTEGER: Value -488 is not in bounds of subtype NATURAL.
# ** Warning: (vsim-151) NUMERIC_STD.TO_INTEGER: Value -488 is not in bounds of subtype NATURAL.
# ** Note: ** Addr=00000470, Word=284, Instuction=FFF00393, Mnemonic=addi x7, x0, FFFFFFFF
# ** Note:   x1=80000000 x2=0000001F x3=0000001E x4=00000002 x5=00000002 x6=FFFFFFFF x7=FFFFFFFF x12=FFFE0000 x14=FFFFFFFF 
# ** Warning: (vsim-151) NUMERIC_STD.TO_INTEGER: Value -2 is not in bounds of subtype NATURAL.
# ** Warning: (vsim-151) NUMERIC_STD.TO_INTEGER: Value -2 is not in bounds of subtype NATURAL.
# ** Note: ** Addr=00000474, Word=285, Instuction=1E771C63, Mnemonic=bne x14, x7, 000001F8
# ** Note:   x1=80000000 x2=0000001F x3=0000001E x4=00000002 x5=00000002 x6=FFFFFFFF x7=FFFFFFFF x12=FFFE0000 x14=FFFFFFFF 
# ** Note: ** Addr=00000478, Word=286, Instuction=01F00193, Mnemonic=addi x3, x0, 0000001F
# ** Note:   x1=80000000 x2=0000001F x3=0000001F x4=00000002 x5=00000002 x6=FFFFFFFF x7=FFFFFFFF x12=FFFE0000 x14=FFFFFFFF 
# ** Warning: (vsim-151) NUMERIC_STD.TO_INTEGER: Value -2048 is not in bounds of subtype NATURAL.
# ** Warning: (vsim-151) NUMERIC_STD.TO_INTEGER: Value -2048 is not in bounds of subtype NATURAL.
# ** Note: ** Addr=0000047C, Word=287, Instuction=00000213, Mnemonic=addi x4, x0, 00000000
# ** Note:   x1=80000000 x2=0000001F x3=0000001F x5=00000002 x6=FFFFFFFF x7=FFFFFFFF x12=FFFE0000 x14=FFFFFFFF 
# ** Note: ** Addr=00000480, Word=288, Instuction=800000B7, Mnemonic=lui x1, 80000000
# ** Note:   x1=80000000 x2=0000001F x3=0000001F x5=00000002 x6=FFFFFFFF x7=FFFFFFFF x12=FFFE0000 x14=FFFFFFFF 
# ** Note: ** Addr=00000484, Word=289, Instuction=00000013, Mnemonic=addi x0, x0, 00000000
# ** Note:   x1=80000000 x2=0000001F x3=0000001F x5=00000002 x6=FFFFFFFF x7=FFFFFFFF x12=FFFE0000 x14=FFFFFFFF 
# ** Warning: (vsim-151) NUMERIC_STD.TO_INTEGER: Value -16777216 is not in bounds of subtype NATURAL.
# ** Warning: (vsim-151) NUMERIC_STD.TO_INTEGER: Value -16777216 is not in bounds of subtype NATURAL.
# ** Note: ** Addr=00000488, Word=290, Instuction=00700113, Mnemonic=addi x2, x0, 00000007
# ** Note:   x1=80000000 x2=00000007 x3=0000001F x5=00000002 x6=FFFFFFFF x7=FFFFFFFF x12=FFFE0000 x14=FFFFFFFF 
# ** Warning: (vsim-151) NUMERIC_STD.TO_INTEGER: Value -2147483642 is not in bounds of subtype NATURAL.
# ** Warning: (vsim-151) NUMERIC_STD.TO_INTEGER: Value -2147483642 is not in bounds of subtype NATURAL.
# ** Note: ** Addr=0000048C, Word=291, Instuction=4020D733, Mnemonic=sra x14, x1, x2
# ** Note:   x1=80000000 x2=00000007 x3=0000001F x5=00000002 x6=FFFFFFFF x7=FFFFFFFF x12=FFFE0000 x14=FF000000 
# ** Note: ** Addr=00000490, Word=292, Instuction=00120213, Mnemonic=addi x4, x4, 00000001
# ** Note:   x1=80000000 x2=00000007 x3=0000001F x4=00000001 x5=00000002 x6=FFFFFFFF x7=FFFFFFFF x12=FFFE0000 x14=FF000000 
# ** Warning: (vsim-151) NUMERIC_STD.TO_INTEGER: Value -2 is not in bounds of subtype NATURAL.
# ** Warning: (vsim-151) NUMERIC_STD.TO_INTEGER: Value -2 is not in bounds of subtype NATURAL.
# ** Note: ** Addr=00000494, Word=293, Instuction=00200293, Mnemonic=addi x5, x0, 00000002
# ** Note:   x1=80000000 x2=00000007 x3=0000001F x4=00000001 x5=00000002 x6=FFFFFFFF x7=FFFFFFFF x12=FFFE0000 x14=FF000000 
# ** Note: ** Addr=00000498, Word=294, Instuction=FE5214E3, Mnemonic=bne x4, x5, FFFFFFE8
# ** Note:   x1=80000000 x2=00000007 x3=0000001F x4=00000001 x5=00000002 x6=FFFFFFFF x7=FFFFFFFF x12=FFFE0000 x14=FF000000 
# ** Note: ** Addr=00000480, Word=288, Instuction=800000B7, Mnemonic=lui x1, 80000000
# ** Note:   x1=80000000 x2=00000007 x3=0000001F x4=00000001 x5=00000002 x6=FFFFFFFF x7=FFFFFFFF x12=FFFE0000 x14=FF000000 
# ** Note: ** Addr=00000484, Word=289, Instuction=00000013, Mnemonic=addi x0, x0, 00000000
# ** Note:   x1=80000000 x2=00000007 x3=0000001F x4=00000001 x5=00000002 x6=FFFFFFFF x7=FFFFFFFF x12=FFFE0000 x14=FF000000 
# ** Warning: (vsim-151) NUMERIC_STD.TO_INTEGER: Value -16777216 is not in bounds of subtype NATURAL.
# ** Warning: (vsim-151) NUMERIC_STD.TO_INTEGER: Value -16777216 is not in bounds of subtype NATURAL.
# ** Note: ** Addr=00000488, Word=290, Instuction=00700113, Mnemonic=addi x2, x0, 00000007
# ** Note:   x1=80000000 x2=00000007 x3=0000001F x4=00000001 x5=00000002 x6=FFFFFFFF x7=FFFFFFFF x12=FFFE0000 x14=FF000000 
# ** Warning: (vsim-151) NUMERIC_STD.TO_INTEGER: Value -2147483642 is not in bounds of subtype NATURAL.
# ** Warning: (vsim-151) NUMERIC_STD.TO_INTEGER: Value -2147483642 is not in bounds of subtype NATURAL.
# ** Note: ** Addr=0000048C, Word=291, Instuction=4020D733, Mnemonic=sra x14, x1, x2
# ** Note:   x1=80000000 x2=00000007 x3=0000001F x4=00000001 x5=00000002 x6=FFFFFFFF x7=FFFFFFFF x12=FFFE0000 x14=FF000000 
# ** Note: ** Addr=00000490, Word=292, Instuction=00120213, Mnemonic=addi x4, x4, 00000001
# ** Note:   x1=80000000 x2=00000007 x3=0000001F x4=00000002 x5=00000002 x6=FFFFFFFF x7=FFFFFFFF x12=FFFE0000 x14=FF000000 
# ** Note: ** Addr=00000494, Word=293, Instuction=00200293, Mnemonic=addi x5, x0, 00000002
# ** Note:   x1=80000000 x2=00000007 x3=0000001F x4=00000002 x5=00000002 x6=FFFFFFFF x7=FFFFFFFF x12=FFFE0000 x14=FF000000 
# ** Note: ** Addr=00000498, Word=294, Instuction=FE5214E3, Mnemonic=bne x4, x5, FFFFFFE8
# ** Note:   x1=80000000 x2=00000007 x3=0000001F x4=00000002 x5=00000002 x6=FFFFFFFF x7=FFFFFFFF x12=FFFE0000 x14=FF000000 
# ** Note: ** Addr=0000049C, Word=295, Instuction=FF0003B7, Mnemonic=lui x7, FF000000
# ** Note:   x1=80000000 x2=00000007 x3=0000001F x4=00000002 x5=00000002 x6=FFFFFFFF x7=FF000000 x12=FFFE0000 x14=FF000000 
# ** Warning: (vsim-151) NUMERIC_STD.TO_INTEGER: Value -33554432 is not in bounds of subtype NATURAL.
# ** Warning: (vsim-151) NUMERIC_STD.TO_INTEGER: Value -33554432 is not in bounds of subtype NATURAL.
# ** Note: ** Addr=000004A0, Word=296, Instuction=1C771663, Mnemonic=bne x14, x7, 000001CC
# ** Note:   x1=80000000 x2=00000007 x3=0000001F x4=00000002 x5=00000002 x6=FFFFFFFF x7=FF000000 x12=FFFE0000 x14=FF000000 
# ** Note: ** Addr=000004A4, Word=297, Instuction=02000193, Mnemonic=addi x3, x0, 00000020
# ** Note:   x1=80000000 x2=00000007 x3=00000020 x4=00000002 x5=00000002 x6=FFFFFFFF x7=FF000000 x12=FFFE0000 x14=FF000000 
# ** Warning: (vsim-151) NUMERIC_STD.TO_INTEGER: Value -2048 is not in bounds of subtype NATURAL.
# ** Warning: (vsim-151) NUMERIC_STD.TO_INTEGER: Value -2048 is not in bounds of subtype NATURAL.
# ** Note: ** Addr=000004A8, Word=298, Instuction=00000213, Mnemonic=addi x4, x0, 00000000
# ** Note:   x1=80000000 x2=00000007 x3=00000020 x5=00000002 x6=FFFFFFFF x7=FF000000 x12=FFFE0000 x14=FF000000 
# ** Note: ** Addr=000004AC, Word=299, Instuction=800000B7, Mnemonic=lui x1, 80000000
# ** Note:   x1=80000000 x2=00000007 x3=00000020 x5=00000002 x6=FFFFFFFF x7=FF000000 x12=FFFE0000 x14=FF000000 
# ** Note: ** Addr=000004B0, Word=300, Instuction=00000013, Mnemonic=addi x0, x0, 00000000
# ** Note:   x1=80000000 x2=00000007 x3=00000020 x5=00000002 x6=FFFFFFFF x7=FF000000 x12=FFFE0000 x14=FF000000 
# ** Note: ** Addr=000004B4, Word=301, Instuction=00E00113, Mnemonic=addi x2, x0, 0000000E
# ** Note:   x1=80000000 x2=0000000E x3=00000020 x5=00000002 x6=FFFFFFFF x7=FF000000 x12=FFFE0000 x14=FF000000 
# ** Warning: (vsim-151) NUMERIC_STD.TO_INTEGER: Value -131072 is not in bounds of subtype NATURAL.
# ** Warning: (vsim-151) NUMERIC_STD.TO_INTEGER: Value -131072 is not in bounds of subtype NATURAL.
# ** Note: ** Addr=000004B8, Word=302, Instuction=00000013, Mnemonic=addi x0, x0, 00000000
# ** Note:   x1=80000000 x2=0000000E x3=00000020 x5=00000002 x6=FFFFFFFF x7=FF000000 x12=FFFE0000 x14=FF000000 
# ** Warning: (vsim-151) NUMERIC_STD.TO_INTEGER: Value -2147483634 is not in bounds of subtype NATURAL.
# ** Warning: (vsim-151) NUMERIC_STD.TO_INTEGER: Value -2147483634 is not in bounds of subtype NATURAL.
# ** Note: ** Addr=000004BC, Word=303, Instuction=4020D733, Mnemonic=sra x14, x1, x2
# ** Note:   x1=80000000 x2=0000000E x3=00000020 x5=00000002 x6=FFFFFFFF x7=FF000000 x12=FFFE0000 x14=FFFE0000 
# ** Note: ** Addr=000004C0, Word=304, Instuction=00120213, Mnemonic=addi x4, x4, 00000001
# ** Note:   x1=80000000 x2=0000000E x3=00000020 x4=00000001 x5=00000002 x6=FFFFFFFF x7=FF000000 x12=FFFE0000 x14=FFFE0000 
# ** Warning: (vsim-151) NUMERIC_STD.TO_INTEGER: Value -2 is not in bounds of subtype NATURAL.
# ** Warning: (vsim-151) NUMERIC_STD.TO_INTEGER: Value -2 is not in bounds of subtype NATURAL.
# ** Note: ** Addr=000004C4, Word=305, Instuction=00200293, Mnemonic=addi x5, x0, 00000002
# ** Note:   x1=80000000 x2=0000000E x3=00000020 x4=00000001 x5=00000002 x6=FFFFFFFF x7=FF000000 x12=FFFE0000 x14=FFFE0000 
# ** Note: ** Addr=000004C8, Word=306, Instuction=FE5212E3, Mnemonic=bne x4, x5, FFFFFFE4
# ** Note:   x1=80000000 x2=0000000E x3=00000020 x4=00000001 x5=00000002 x6=FFFFFFFF x7=FF000000 x12=FFFE0000 x14=FFFE0000 
# ** Note: ** Addr=000004AC, Word=299, Instuction=800000B7, Mnemonic=lui x1, 80000000
# ** Note:   x1=80000000 x2=0000000E x3=00000020 x4=00000001 x5=00000002 x6=FFFFFFFF x7=FF000000 x12=FFFE0000 x14=FFFE0000 
# ** Note: ** Addr=000004B0, Word=300, Instuction=00000013, Mnemonic=addi x0, x0, 00000000
# ** Note:   x1=80000000 x2=0000000E x3=00000020 x4=00000001 x5=00000002 x6=FFFFFFFF x7=FF000000 x12=FFFE0000 x14=FFFE0000 
# ** Note: ** Addr=000004B4, Word=301, Instuction=00E00113, Mnemonic=addi x2, x0, 0000000E
# ** Note:   x1=80000000 x2=0000000E x3=00000020 x4=00000001 x5=00000002 x6=FFFFFFFF x7=FF000000 x12=FFFE0000 x14=FFFE0000 
# ** Warning: (vsim-151) NUMERIC_STD.TO_INTEGER: Value -131072 is not in bounds of subtype NATURAL.
# ** Warning: (vsim-151) NUMERIC_STD.TO_INTEGER: Value -131072 is not in bounds of subtype NATURAL.
# ** Note: ** Addr=000004B8, Word=302, Instuction=00000013, Mnemonic=addi x0, x0, 00000000
# ** Note:   x1=80000000 x2=0000000E x3=00000020 x4=00000001 x5=00000002 x6=FFFFFFFF x7=FF000000 x12=FFFE0000 x14=FFFE0000 
# ** Warning: (vsim-151) NUMERIC_STD.TO_INTEGER: Value -2147483634 is not in bounds of subtype NATURAL.
# ** Warning: (vsim-151) NUMERIC_STD.TO_INTEGER: Value -2147483634 is not in bounds of subtype NATURAL.
# ** Note: ** Addr=000004BC, Word=303, Instuction=4020D733, Mnemonic=sra x14, x1, x2
# ** Note:   x1=80000000 x2=0000000E x3=00000020 x4=00000001 x5=00000002 x6=FFFFFFFF x7=FF000000 x12=FFFE0000 x14=FFFE0000 
# ** Note: ** Addr=000004C0, Word=304, Instuction=00120213, Mnemonic=addi x4, x4, 00000001
# ** Note:   x1=80000000 x2=0000000E x3=00000020 x4=00000002 x5=00000002 x6=FFFFFFFF x7=FF000000 x12=FFFE0000 x14=FFFE0000 
# ** Note: ** Addr=000004C4, Word=305, Instuction=00200293, Mnemonic=addi x5, x0, 00000002
# ** Note:   x1=80000000 x2=0000000E x3=00000020 x4=00000002 x5=00000002 x6=FFFFFFFF x7=FF000000 x12=FFFE0000 x14=FFFE0000 
# ** Note: ** Addr=000004C8, Word=306, Instuction=FE5212E3, Mnemonic=bne x4, x5, FFFFFFE4
# ** Note:   x1=80000000 x2=0000000E x3=00000020 x4=00000002 x5=00000002 x6=FFFFFFFF x7=FF000000 x12=FFFE0000 x14=FFFE0000 
# ** Note: ** Addr=000004CC, Word=307, Instuction=FFFE03B7, Mnemonic=lui x7, FFFE0000
# ** Note:   x1=80000000 x2=0000000E x3=00000020 x4=00000002 x5=00000002 x6=FFFFFFFF x7=FFFE0000 x12=FFFE0000 x14=FFFE0000 
# ** Warning: (vsim-151) NUMERIC_STD.TO_INTEGER: Value -262144 is not in bounds of subtype NATURAL.
# ** Warning: (vsim-151) NUMERIC_STD.TO_INTEGER: Value -262144 is not in bounds of subtype NATURAL.
# ** Note: ** Addr=000004D0, Word=308, Instuction=18771E63, Mnemonic=bne x14, x7, 0000019C
# ** Note:   x1=80000000 x2=0000000E x3=00000020 x4=00000002 x5=00000002 x6=FFFFFFFF x7=FFFE0000 x12=FFFE0000 x14=FFFE0000 
# ** Note: ** Addr=000004D4, Word=309, Instuction=02100193, Mnemonic=addi x3, x0, 00000021
# ** Note:   x1=80000000 x2=0000000E x3=00000021 x4=00000002 x5=00000002 x6=FFFFFFFF x7=FFFE0000 x12=FFFE0000 x14=FFFE0000 
# ** Warning: (vsim-151) NUMERIC_STD.TO_INTEGER: Value -2048 is not in bounds of subtype NATURAL.
# ** Warning: (vsim-151) NUMERIC_STD.TO_INTEGER: Value -2048 is not in bounds of subtype NATURAL.
# ** Note: ** Addr=000004D8, Word=310, Instuction=00000213, Mnemonic=addi x4, x0, 00000000
# ** Note:   x1=80000000 x2=0000000E x3=00000021 x5=00000002 x6=FFFFFFFF x7=FFFE0000 x12=FFFE0000 x14=FFFE0000 
# ** Note: ** Addr=000004DC, Word=311, Instuction=800000B7, Mnemonic=lui x1, 80000000
# ** Note:   x1=80000000 x2=0000000E x3=00000021 x5=00000002 x6=FFFFFFFF x7=FFFE0000 x12=FFFE0000 x14=FFFE0000 
# ** Note: ** Addr=000004E0, Word=312, Instuction=00000013, Mnemonic=addi x0, x0, 00000000
# ** Note:   x1=80000000 x2=0000000E x3=00000021 x5=00000002 x6=FFFFFFFF x7=FFFE0000 x12=FFFE0000 x14=FFFE0000 
# ** Note: ** Addr=000004E4, Word=313, Instuction=00000013, Mnemonic=addi x0, x0, 00000000
# ** Note:   x1=80000000 x2=0000000E x3=00000021 x5=00000002 x6=FFFFFFFF x7=FFFE0000 x12=FFFE0000 x14=FFFE0000 
# ** Warning: (vsim-151) NUMERIC_STD.TO_INTEGER: Value -2 is not in bounds of subtype NATURAL.
# ** Warning: (vsim-151) NUMERIC_STD.TO_INTEGER: Value -2 is not in bounds of subtype NATURAL.
# ** Note: ** Addr=000004E8, Word=314, Instuction=01F00113, Mnemonic=addi x2, x0, 0000001F
# ** Note:   x1=80000000 x2=0000001F x3=00000021 x5=00000002 x6=FFFFFFFF x7=FFFE0000 x12=FFFE0000 x14=FFFE0000 
# ** Warning: (vsim-151) NUMERIC_STD.TO_INTEGER: Value -2147483618 is not in bounds of subtype NATURAL.
# ** Warning: (vsim-151) NUMERIC_STD.TO_INTEGER: Value -2147483618 is not in bounds of subtype NATURAL.
# ** Note: ** Addr=000004EC, Word=315, Instuction=4020D733, Mnemonic=sra x14, x1, x2
# ** Note:   x1=80000000 x2=0000001F x3=00000021 x5=00000002 x6=FFFFFFFF x7=FFFE0000 x12=FFFE0000 x14=FFFFFFFF 
# ** Note: ** Addr=000004F0, Word=316, Instuction=00120213, Mnemonic=addi x4, x4, 00000001
# ** Note:   x1=80000000 x2=0000001F x3=00000021 x4=00000001 x5=00000002 x6=FFFFFFFF x7=FFFE0000 x12=FFFE0000 x14=FFFFFFFF 
# ** Warning: (vsim-151) NUMERIC_STD.TO_INTEGER: Value -2 is not in bounds of subtype NATURAL.
# ** Warning: (vsim-151) NUMERIC_STD.TO_INTEGER: Value -2 is not in bounds of subtype NATURAL.
# ** Note: ** Addr=000004F4, Word=317, Instuction=00200293, Mnemonic=addi x5, x0, 00000002
# ** Note:   x1=80000000 x2=0000001F x3=00000021 x4=00000001 x5=00000002 x6=FFFFFFFF x7=FFFE0000 x12=FFFE0000 x14=FFFFFFFF 
# ** Note: ** Addr=000004F8, Word=318, Instuction=FE5212E3, Mnemonic=bne x4, x5, FFFFFFE4
# ** Note:   x1=80000000 x2=0000001F x3=00000021 x4=00000001 x5=00000002 x6=FFFFFFFF x7=FFFE0000 x12=FFFE0000 x14=FFFFFFFF 
# ** Note: ** Addr=000004DC, Word=311, Instuction=800000B7, Mnemonic=lui x1, 80000000
# ** Note:   x1=80000000 x2=0000001F x3=00000021 x4=00000001 x5=00000002 x6=FFFFFFFF x7=FFFE0000 x12=FFFE0000 x14=FFFFFFFF 
# ** Note: ** Addr=000004E0, Word=312, Instuction=00000013, Mnemonic=addi x0, x0, 00000000
# ** Note:   x1=80000000 x2=0000001F x3=00000021 x4=00000001 x5=00000002 x6=FFFFFFFF x7=FFFE0000 x12=FFFE0000 x14=FFFFFFFF 
# ** Note: ** Addr=000004E4, Word=313, Instuction=00000013, Mnemonic=addi x0, x0, 00000000
# ** Note:   x1=80000000 x2=0000001F x3=00000021 x4=00000001 x5=00000002 x6=FFFFFFFF x7=FFFE0000 x12=FFFE0000 x14=FFFFFFFF 
# ** Warning: (vsim-151) NUMERIC_STD.TO_INTEGER: Value -2 is not in bounds of subtype NATURAL.
# ** Warning: (vsim-151) NUMERIC_STD.TO_INTEGER: Value -2 is not in bounds of subtype NATURAL.
# ** Note: ** Addr=000004E8, Word=314, Instuction=01F00113, Mnemonic=addi x2, x0, 0000001F
# ** Note:   x1=80000000 x2=0000001F x3=00000021 x4=00000001 x5=00000002 x6=FFFFFFFF x7=FFFE0000 x12=FFFE0000 x14=FFFFFFFF 
# ** Warning: (vsim-151) NUMERIC_STD.TO_INTEGER: Value -2147483618 is not in bounds of subtype NATURAL.
# ** Warning: (vsim-151) NUMERIC_STD.TO_INTEGER: Value -2147483618 is not in bounds of subtype NATURAL.
# ** Note: ** Addr=000004EC, Word=315, Instuction=4020D733, Mnemonic=sra x14, x1, x2
# ** Note:   x1=80000000 x2=0000001F x3=00000021 x4=00000001 x5=00000002 x6=FFFFFFFF x7=FFFE0000 x12=FFFE0000 x14=FFFFFFFF 
# ** Note: ** Addr=000004F0, Word=316, Instuction=00120213, Mnemonic=addi x4, x4, 00000001
# ** Note:   x1=80000000 x2=0000001F x3=00000021 x4=00000002 x5=00000002 x6=FFFFFFFF x7=FFFE0000 x12=FFFE0000 x14=FFFFFFFF 
# ** Note: ** Addr=000004F4, Word=317, Instuction=00200293, Mnemonic=addi x5, x0, 00000002
# ** Note:   x1=80000000 x2=0000001F x3=00000021 x4=00000002 x5=00000002 x6=FFFFFFFF x7=FFFE0000 x12=FFFE0000 x14=FFFFFFFF 
# ** Warning: (vsim-151) NUMERIC_STD.TO_INTEGER: Value -2 is not in bounds of subtype NATURAL.
# ** Warning: (vsim-151) NUMERIC_STD.TO_INTEGER: Value -2 is not in bounds of subtype NATURAL.
# ** Note: ** Addr=000004F8, Word=318, Instuction=FE5212E3, Mnemonic=bne x4, x5, FFFFFFE4
# ** Note:   x1=80000000 x2=0000001F x3=00000021 x4=00000002 x5=00000002 x6=FFFFFFFF x7=FFFE0000 x12=FFFE0000 x14=FFFFFFFF 
# ** Warning: (vsim-151) NUMERIC_STD.TO_INTEGER: Value -360 is not in bounds of subtype NATURAL.
# ** Warning: (vsim-151) NUMERIC_STD.TO_INTEGER: Value -360 is not in bounds of subtype NATURAL.
# ** Note: ** Addr=000004FC, Word=319, Instuction=FFF00393, Mnemonic=addi x7, x0, FFFFFFFF
# ** Note:   x1=80000000 x2=0000001F x3=00000021 x4=00000002 x5=00000002 x6=FFFFFFFF x7=FFFFFFFF x12=FFFE0000 x14=FFFFFFFF 
# ** Warning: (vsim-151) NUMERIC_STD.TO_INTEGER: Value -2 is not in bounds of subtype NATURAL.
# ** Warning: (vsim-151) NUMERIC_STD.TO_INTEGER: Value -2 is not in bounds of subtype NATURAL.
# ** Note: ** Addr=00000500, Word=320, Instuction=16771663, Mnemonic=bne x14, x7, 0000016C
# ** Note:   x1=80000000 x2=0000001F x3=00000021 x4=00000002 x5=00000002 x6=FFFFFFFF x7=FFFFFFFF x12=FFFE0000 x14=FFFFFFFF 
# ** Note: ** Addr=00000504, Word=321, Instuction=02200193, Mnemonic=addi x3, x0, 00000022
# ** Note:   x1=80000000 x2=0000001F x3=00000022 x4=00000002 x5=00000002 x6=FFFFFFFF x7=FFFFFFFF x12=FFFE0000 x14=FFFFFFFF 
# ** Note: ** Addr=00000508, Word=322, Instuction=00000213, Mnemonic=addi x4, x0, 00000000
# ** Note:   x1=80000000 x2=0000001F x3=00000022 x5=00000002 x6=FFFFFFFF x7=FFFFFFFF x12=FFFE0000 x14=FFFFFFFF 
# ** Warning: (vsim-151) NUMERIC_STD.TO_INTEGER: Value -2048 is not in bounds of subtype NATURAL.
# ** Warning: (vsim-151) NUMERIC_STD.TO_INTEGER: Value -2048 is not in bounds of subtype NATURAL.
# ** Note: ** Addr=0000050C, Word=323, Instuction=00700113, Mnemonic=addi x2, x0, 00000007
# ** Note:   x1=80000000 x2=00000007 x3=00000022 x5=00000002 x6=FFFFFFFF x7=FFFFFFFF x12=FFFE0000 x14=FFFFFFFF 
# ** Warning: (vsim-151) NUMERIC_STD.TO_INTEGER: Value -16777216 is not in bounds of subtype NATURAL.
# ** Warning: (vsim-151) NUMERIC_STD.TO_INTEGER: Value -16777216 is not in bounds of subtype NATURAL.
# ** Note: ** Addr=00000510, Word=324, Instuction=800000B7, Mnemonic=lui x1, 80000000
# ** Note:   x1=80000000 x2=00000007 x3=00000022 x5=00000002 x6=FFFFFFFF x7=FFFFFFFF x12=FFFE0000 x14=FFFFFFFF 
# ** Warning: (vsim-151) NUMERIC_STD.TO_INTEGER: Value -2147483642 is not in bounds of subtype NATURAL.
# ** Warning: (vsim-151) NUMERIC_STD.TO_INTEGER: Value -2147483642 is not in bounds of subtype NATURAL.
# ** Note: ** Addr=00000514, Word=325, Instuction=4020D733, Mnemonic=sra x14, x1, x2
# ** Note:   x1=80000000 x2=00000007 x3=00000022 x5=00000002 x6=FFFFFFFF x7=FFFFFFFF x12=FFFE0000 x14=FF000000 
# ** Note: ** Addr=00000518, Word=326, Instuction=00120213, Mnemonic=addi x4, x4, 00000001
# ** Note:   x1=80000000 x2=00000007 x3=00000022 x4=00000001 x5=00000002 x6=FFFFFFFF x7=FFFFFFFF x12=FFFE0000 x14=FF000000 
# ** Warning: (vsim-151) NUMERIC_STD.TO_INTEGER: Value -2 is not in bounds of subtype NATURAL.
# ** Warning: (vsim-151) NUMERIC_STD.TO_INTEGER: Value -2 is not in bounds of subtype NATURAL.
# ** Note: ** Addr=0000051C, Word=327, Instuction=00200293, Mnemonic=addi x5, x0, 00000002
# ** Note:   x1=80000000 x2=00000007 x3=00000022 x4=00000001 x5=00000002 x6=FFFFFFFF x7=FFFFFFFF x12=FFFE0000 x14=FF000000 
# ** Note: ** Addr=00000520, Word=328, Instuction=FE5216E3, Mnemonic=bne x4, x5, FFFFFFEC
# ** Note:   x1=80000000 x2=00000007 x3=00000022 x4=00000001 x5=00000002 x6=FFFFFFFF x7=FFFFFFFF x12=FFFE0000 x14=FF000000 
# ** Warning: (vsim-151) NUMERIC_STD.TO_INTEGER: Value -2048 is not in bounds of subtype NATURAL.
# ** Warning: (vsim-151) NUMERIC_STD.TO_INTEGER: Value -2048 is not in bounds of subtype NATURAL.
# ** Note: ** Addr=0000050C, Word=323, Instuction=00700113, Mnemonic=addi x2, x0, 00000007
# ** Note:   x1=80000000 x2=00000007 x3=00000022 x4=00000001 x5=00000002 x6=FFFFFFFF x7=FFFFFFFF x12=FFFE0000 x14=FF000000 
# ** Warning: (vsim-151) NUMERIC_STD.TO_INTEGER: Value -16777216 is not in bounds of subtype NATURAL.
# ** Warning: (vsim-151) NUMERIC_STD.TO_INTEGER: Value -16777216 is not in bounds of subtype NATURAL.
# ** Note: ** Addr=00000510, Word=324, Instuction=800000B7, Mnemonic=lui x1, 80000000
# ** Note:   x1=80000000 x2=00000007 x3=00000022 x4=00000001 x5=00000002 x6=FFFFFFFF x7=FFFFFFFF x12=FFFE0000 x14=FF000000 
# ** Warning: (vsim-151) NUMERIC_STD.TO_INTEGER: Value -2147483642 is not in bounds of subtype NATURAL.
# ** Warning: (vsim-151) NUMERIC_STD.TO_INTEGER: Value -2147483642 is not in bounds of subtype NATURAL.
# ** Note: ** Addr=00000514, Word=325, Instuction=4020D733, Mnemonic=sra x14, x1, x2
# ** Note:   x1=80000000 x2=00000007 x3=00000022 x4=00000001 x5=00000002 x6=FFFFFFFF x7=FFFFFFFF x12=FFFE0000 x14=FF000000 
# ** Note: ** Addr=00000518, Word=326, Instuction=00120213, Mnemonic=addi x4, x4, 00000001
# ** Note:   x1=80000000 x2=00000007 x3=00000022 x4=00000002 x5=00000002 x6=FFFFFFFF x7=FFFFFFFF x12=FFFE0000 x14=FF000000 
# ** Note: ** Addr=0000051C, Word=327, Instuction=00200293, Mnemonic=addi x5, x0, 00000002
# ** Note:   x1=80000000 x2=00000007 x3=00000022 x4=00000002 x5=00000002 x6=FFFFFFFF x7=FFFFFFFF x12=FFFE0000 x14=FF000000 
# ** Note: ** Addr=00000520, Word=328, Instuction=FE5216E3, Mnemonic=bne x4, x5, FFFFFFEC
# ** Note:   x1=80000000 x2=00000007 x3=00000022 x4=00000002 x5=00000002 x6=FFFFFFFF x7=FFFFFFFF x12=FFFE0000 x14=FF000000 
# ** Note: ** Addr=00000524, Word=329, Instuction=FF0003B7, Mnemonic=lui x7, FF000000
# ** Note:   x1=80000000 x2=00000007 x3=00000022 x4=00000002 x5=00000002 x6=FFFFFFFF x7=FF000000 x12=FFFE0000 x14=FF000000 
# ** Warning: (vsim-151) NUMERIC_STD.TO_INTEGER: Value -33554432 is not in bounds of subtype NATURAL.
# ** Warning: (vsim-151) NUMERIC_STD.TO_INTEGER: Value -33554432 is not in bounds of subtype NATURAL.
# ** Note: ** Addr=00000528, Word=330, Instuction=14771263, Mnemonic=bne x14, x7, 00000144
# ** Note:   x1=80000000 x2=00000007 x3=00000022 x4=00000002 x5=00000002 x6=FFFFFFFF x7=FF000000 x12=FFFE0000 x14=FF000000 
# ** Note: ** Addr=0000052C, Word=331, Instuction=02300193, Mnemonic=addi x3, x0, 00000023
# ** Note:   x1=80000000 x2=00000007 x3=00000023 x4=00000002 x5=00000002 x6=FFFFFFFF x7=FF000000 x12=FFFE0000 x14=FF000000 
# ** Note: ** Addr=00000530, Word=332, Instuction=00000213, Mnemonic=addi x4, x0, 00000000
# ** Note:   x1=80000000 x2=00000007 x3=00000023 x5=00000002 x6=FFFFFFFF x7=FF000000 x12=FFFE0000 x14=FF000000 
# ** Warning: (vsim-151) NUMERIC_STD.TO_INTEGER: Value -2048 is not in bounds of subtype NATURAL.
# ** Warning: (vsim-151) NUMERIC_STD.TO_INTEGER: Value -2048 is not in bounds of subtype NATURAL.
# ** Note: ** Addr=00000534, Word=333, Instuction=00E00113, Mnemonic=addi x2, x0, 0000000E
# ** Note:   x1=80000000 x2=0000000E x3=00000023 x5=00000002 x6=FFFFFFFF x7=FF000000 x12=FFFE0000 x14=FF000000 
# ** Note: ** Addr=00000538, Word=334, Instuction=800000B7, Mnemonic=lui x1, 80000000
# ** Note:   x1=80000000 x2=0000000E x3=00000023 x5=00000002 x6=FFFFFFFF x7=FF000000 x12=FFFE0000 x14=FF000000 
# ** Warning: (vsim-151) NUMERIC_STD.TO_INTEGER: Value -131072 is not in bounds of subtype NATURAL.
# ** Warning: (vsim-151) NUMERIC_STD.TO_INTEGER: Value -131072 is not in bounds of subtype NATURAL.
# ** Note: ** Addr=0000053C, Word=335, Instuction=00000013, Mnemonic=addi x0, x0, 00000000
# ** Note:   x1=80000000 x2=0000000E x3=00000023 x5=00000002 x6=FFFFFFFF x7=FF000000 x12=FFFE0000 x14=FF000000 
# ** Warning: (vsim-151) NUMERIC_STD.TO_INTEGER: Value -2147483634 is not in bounds of subtype NATURAL.
# ** Warning: (vsim-151) NUMERIC_STD.TO_INTEGER: Value -2147483634 is not in bounds of subtype NATURAL.
# ** Note: ** Addr=00000540, Word=336, Instuction=4020D733, Mnemonic=sra x14, x1, x2
# ** Note:   x1=80000000 x2=0000000E x3=00000023 x5=00000002 x6=FFFFFFFF x7=FF000000 x12=FFFE0000 x14=FFFE0000 
# ** Note: ** Addr=00000544, Word=337, Instuction=00120213, Mnemonic=addi x4, x4, 00000001
# ** Note:   x1=80000000 x2=0000000E x3=00000023 x4=00000001 x5=00000002 x6=FFFFFFFF x7=FF000000 x12=FFFE0000 x14=FFFE0000 
# ** Warning: (vsim-151) NUMERIC_STD.TO_INTEGER: Value -2 is not in bounds of subtype NATURAL.
# ** Warning: (vsim-151) NUMERIC_STD.TO_INTEGER: Value -2 is not in bounds of subtype NATURAL.
# ** Note: ** Addr=00000548, Word=338, Instuction=00200293, Mnemonic=addi x5, x0, 00000002
# ** Note:   x1=80000000 x2=0000000E x3=00000023 x4=00000001 x5=00000002 x6=FFFFFFFF x7=FF000000 x12=FFFE0000 x14=FFFE0000 
# ** Note: ** Addr=0000054C, Word=339, Instuction=FE5214E3, Mnemonic=bne x4, x5, FFFFFFE8
# ** Note:   x1=80000000 x2=0000000E x3=00000023 x4=00000001 x5=00000002 x6=FFFFFFFF x7=FF000000 x12=FFFE0000 x14=FFFE0000 
# ** Warning: (vsim-151) NUMERIC_STD.TO_INTEGER: Value -2048 is not in bounds of subtype NATURAL.
# ** Warning: (vsim-151) NUMERIC_STD.TO_INTEGER: Value -2048 is not in bounds of subtype NATURAL.
# ** Note: ** Addr=00000534, Word=333, Instuction=00E00113, Mnemonic=addi x2, x0, 0000000E
# ** Note:   x1=80000000 x2=0000000E x3=00000023 x4=00000001 x5=00000002 x6=FFFFFFFF x7=FF000000 x12=FFFE0000 x14=FFFE0000 
# ** Note: ** Addr=00000538, Word=334, Instuction=800000B7, Mnemonic=lui x1, 80000000
# ** Note:   x1=80000000 x2=0000000E x3=00000023 x4=00000001 x5=00000002 x6=FFFFFFFF x7=FF000000 x12=FFFE0000 x14=FFFE0000 
# ** Warning: (vsim-151) NUMERIC_STD.TO_INTEGER: Value -131072 is not in bounds of subtype NATURAL.
# ** Warning: (vsim-151) NUMERIC_STD.TO_INTEGER: Value -131072 is not in bounds of subtype NATURAL.
# ** Note: ** Addr=0000053C, Word=335, Instuction=00000013, Mnemonic=addi x0, x0, 00000000
# ** Note:   x1=80000000 x2=0000000E x3=00000023 x4=00000001 x5=00000002 x6=FFFFFFFF x7=FF000000 x12=FFFE0000 x14=FFFE0000 
# ** Warning: (vsim-151) NUMERIC_STD.TO_INTEGER: Value -2147483634 is not in bounds of subtype NATURAL.
# ** Warning: (vsim-151) NUMERIC_STD.TO_INTEGER: Value -2147483634 is not in bounds of subtype NATURAL.
# ** Note: ** Addr=00000540, Word=336, Instuction=4020D733, Mnemonic=sra x14, x1, x2
# ** Note:   x1=80000000 x2=0000000E x3=00000023 x4=00000001 x5=00000002 x6=FFFFFFFF x7=FF000000 x12=FFFE0000 x14=FFFE0000 
# ** Note: ** Addr=00000544, Word=337, Instuction=00120213, Mnemonic=addi x4, x4, 00000001
# ** Note:   x1=80000000 x2=0000000E x3=00000023 x4=00000002 x5=00000002 x6=FFFFFFFF x7=FF000000 x12=FFFE0000 x14=FFFE0000 
# ** Note: ** Addr=00000548, Word=338, Instuction=00200293, Mnemonic=addi x5, x0, 00000002
# ** Note:   x1=80000000 x2=0000000E x3=00000023 x4=00000002 x5=00000002 x6=FFFFFFFF x7=FF000000 x12=FFFE0000 x14=FFFE0000 
# ** Note: ** Addr=0000054C, Word=339, Instuction=FE5214E3, Mnemonic=bne x4, x5, FFFFFFE8
# ** Note:   x1=80000000 x2=0000000E x3=00000023 x4=00000002 x5=00000002 x6=FFFFFFFF x7=FF000000 x12=FFFE0000 x14=FFFE0000 
# ** Note: ** Addr=00000550, Word=340, Instuction=FFFE03B7, Mnemonic=lui x7, FFFE0000
# ** Note:   x1=80000000 x2=0000000E x3=00000023 x4=00000002 x5=00000002 x6=FFFFFFFF x7=FFFE0000 x12=FFFE0000 x14=FFFE0000 
# ** Warning: (vsim-151) NUMERIC_STD.TO_INTEGER: Value -262144 is not in bounds of subtype NATURAL.
# ** Warning: (vsim-151) NUMERIC_STD.TO_INTEGER: Value -262144 is not in bounds of subtype NATURAL.
# ** Note: ** Addr=00000554, Word=341, Instuction=10771C63, Mnemonic=bne x14, x7, 00000118
# ** Note:   x1=80000000 x2=0000000E x3=00000023 x4=00000002 x5=00000002 x6=FFFFFFFF x7=FFFE0000 x12=FFFE0000 x14=FFFE0000 
# ** Note: ** Addr=00000558, Word=342, Instuction=02400193, Mnemonic=addi x3, x0, 00000024
# ** Note:   x1=80000000 x2=0000000E x3=00000024 x4=00000002 x5=00000002 x6=FFFFFFFF x7=FFFE0000 x12=FFFE0000 x14=FFFE0000 
# ** Note: ** Addr=0000055C, Word=343, Instuction=00000213, Mnemonic=addi x4, x0, 00000000
# ** Note:   x1=80000000 x2=0000000E x3=00000024 x5=00000002 x6=FFFFFFFF x7=FFFE0000 x12=FFFE0000 x14=FFFE0000 
# ** Warning: (vsim-151) NUMERIC_STD.TO_INTEGER: Value -2048 is not in bounds of subtype NATURAL.
# ** Warning: (vsim-151) NUMERIC_STD.TO_INTEGER: Value -2048 is not in bounds of subtype NATURAL.
# ** Note: ** Addr=00000560, Word=344, Instuction=01F00113, Mnemonic=addi x2, x0, 0000001F
# ** Note:   x1=80000000 x2=0000001F x3=00000024 x5=00000002 x6=FFFFFFFF x7=FFFE0000 x12=FFFE0000 x14=FFFE0000 
# ** Note: ** Addr=00000564, Word=345, Instuction=800000B7, Mnemonic=lui x1, 80000000
# ** Note:   x1=80000000 x2=0000001F x3=00000024 x5=00000002 x6=FFFFFFFF x7=FFFE0000 x12=FFFE0000 x14=FFFE0000 
# ** Note: ** Addr=00000568, Word=346, Instuction=00000013, Mnemonic=addi x0, x0, 00000000
# ** Note:   x1=80000000 x2=0000001F x3=00000024 x5=00000002 x6=FFFFFFFF x7=FFFE0000 x12=FFFE0000 x14=FFFE0000 
# ** Warning: (vsim-151) NUMERIC_STD.TO_INTEGER: Value -2 is not in bounds of subtype NATURAL.
# ** Warning: (vsim-151) NUMERIC_STD.TO_INTEGER: Value -2 is not in bounds of subtype NATURAL.
# ** Note: ** Addr=0000056C, Word=347, Instuction=00000013, Mnemonic=addi x0, x0, 00000000
# ** Note:   x1=80000000 x2=0000001F x3=00000024 x5=00000002 x6=FFFFFFFF x7=FFFE0000 x12=FFFE0000 x14=FFFE0000 
# ** Warning: (vsim-151) NUMERIC_STD.TO_INTEGER: Value -2147483618 is not in bounds of subtype NATURAL.
# ** Warning: (vsim-151) NUMERIC_STD.TO_INTEGER: Value -2147483618 is not in bounds of subtype NATURAL.
# ** Note: ** Addr=00000570, Word=348, Instuction=4020D733, Mnemonic=sra x14, x1, x2
# ** Note:   x1=80000000 x2=0000001F x3=00000024 x5=00000002 x6=FFFFFFFF x7=FFFE0000 x12=FFFE0000 x14=FFFFFFFF 
# ** Note: ** Addr=00000574, Word=349, Instuction=00120213, Mnemonic=addi x4, x4, 00000001
# ** Note:   x1=80000000 x2=0000001F x3=00000024 x4=00000001 x5=00000002 x6=FFFFFFFF x7=FFFE0000 x12=FFFE0000 x14=FFFFFFFF 
# ** Warning: (vsim-151) NUMERIC_STD.TO_INTEGER: Value -2 is not in bounds of subtype NATURAL.
# ** Warning: (vsim-151) NUMERIC_STD.TO_INTEGER: Value -2 is not in bounds of subtype NATURAL.
# ** Note: ** Addr=00000578, Word=350, Instuction=00200293, Mnemonic=addi x5, x0, 00000002
# ** Note:   x1=80000000 x2=0000001F x3=00000024 x4=00000001 x5=00000002 x6=FFFFFFFF x7=FFFE0000 x12=FFFE0000 x14=FFFFFFFF 
# ** Note: ** Addr=0000057C, Word=351, Instuction=FE5212E3, Mnemonic=bne x4, x5, FFFFFFE4
# ** Note:   x1=80000000 x2=0000001F x3=00000024 x4=00000001 x5=00000002 x6=FFFFFFFF x7=FFFE0000 x12=FFFE0000 x14=FFFFFFFF 
# ** Warning: (vsim-151) NUMERIC_STD.TO_INTEGER: Value -2048 is not in bounds of subtype NATURAL.
# ** Warning: (vsim-151) NUMERIC_STD.TO_INTEGER: Value -2048 is not in bounds of subtype NATURAL.
# ** Note: ** Addr=00000560, Word=344, Instuction=01F00113, Mnemonic=addi x2, x0, 0000001F
# ** Note:   x1=80000000 x2=0000001F x3=00000024 x4=00000001 x5=00000002 x6=FFFFFFFF x7=FFFE0000 x12=FFFE0000 x14=FFFFFFFF 
# ** Note: ** Addr=00000564, Word=345, Instuction=800000B7, Mnemonic=lui x1, 80000000
# ** Note:   x1=80000000 x2=0000001F x3=00000024 x4=00000001 x5=00000002 x6=FFFFFFFF x7=FFFE0000 x12=FFFE0000 x14=FFFFFFFF 
# ** Note: ** Addr=00000568, Word=346, Instuction=00000013, Mnemonic=addi x0, x0, 00000000
# ** Note:   x1=80000000 x2=0000001F x3=00000024 x4=00000001 x5=00000002 x6=FFFFFFFF x7=FFFE0000 x12=FFFE0000 x14=FFFFFFFF 
# ** Warning: (vsim-151) NUMERIC_STD.TO_INTEGER: Value -2 is not in bounds of subtype NATURAL.
# ** Warning: (vsim-151) NUMERIC_STD.TO_INTEGER: Value -2 is not in bounds of subtype NATURAL.
# ** Note: ** Addr=0000056C, Word=347, Instuction=00000013, Mnemonic=addi x0, x0, 00000000
# ** Note:   x1=80000000 x2=0000001F x3=00000024 x4=00000001 x5=00000002 x6=FFFFFFFF x7=FFFE0000 x12=FFFE0000 x14=FFFFFFFF 
# ** Warning: (vsim-151) NUMERIC_STD.TO_INTEGER: Value -2147483618 is not in bounds of subtype NATURAL.
# ** Warning: (vsim-151) NUMERIC_STD.TO_INTEGER: Value -2147483618 is not in bounds of subtype NATURAL.
# ** Note: ** Addr=00000570, Word=348, Instuction=4020D733, Mnemonic=sra x14, x1, x2
# ** Note:   x1=80000000 x2=0000001F x3=00000024 x4=00000001 x5=00000002 x6=FFFFFFFF x7=FFFE0000 x12=FFFE0000 x14=FFFFFFFF 
# ** Note: ** Addr=00000574, Word=349, Instuction=00120213, Mnemonic=addi x4, x4, 00000001
# ** Note:   x1=80000000 x2=0000001F x3=00000024 x4=00000002 x5=00000002 x6=FFFFFFFF x7=FFFE0000 x12=FFFE0000 x14=FFFFFFFF 
# ** Note: ** Addr=00000578, Word=350, Instuction=00200293, Mnemonic=addi x5, x0, 00000002
# ** Note:   x1=80000000 x2=0000001F x3=00000024 x4=00000002 x5=00000002 x6=FFFFFFFF x7=FFFE0000 x12=FFFE0000 x14=FFFFFFFF 
# ** Warning: (vsim-151) NUMERIC_STD.TO_INTEGER: Value -2 is not in bounds of subtype NATURAL.
# ** Warning: (vsim-151) NUMERIC_STD.TO_INTEGER: Value -2 is not in bounds of subtype NATURAL.
# ** Note: ** Addr=0000057C, Word=351, Instuction=FE5212E3, Mnemonic=bne x4, x5, FFFFFFE4
# ** Note:   x1=80000000 x2=0000001F x3=00000024 x4=00000002 x5=00000002 x6=FFFFFFFF x7=FFFE0000 x12=FFFE0000 x14=FFFFFFFF 
# ** Warning: (vsim-151) NUMERIC_STD.TO_INTEGER: Value -232 is not in bounds of subtype NATURAL.
# ** Warning: (vsim-151) NUMERIC_STD.TO_INTEGER: Value -232 is not in bounds of subtype NATURAL.
# ** Note: ** Addr=00000580, Word=352, Instuction=FFF00393, Mnemonic=addi x7, x0, FFFFFFFF
# ** Note:   x1=80000000 x2=0000001F x3=00000024 x4=00000002 x5=00000002 x6=FFFFFFFF x7=FFFFFFFF x12=FFFE0000 x14=FFFFFFFF 
# ** Warning: (vsim-151) NUMERIC_STD.TO_INTEGER: Value -2 is not in bounds of subtype NATURAL.
# ** Warning: (vsim-151) NUMERIC_STD.TO_INTEGER: Value -2 is not in bounds of subtype NATURAL.
# ** Note: ** Addr=00000584, Word=353, Instuction=0E771463, Mnemonic=bne x14, x7, 000000E8
# ** Note:   x1=80000000 x2=0000001F x3=00000024 x4=00000002 x5=00000002 x6=FFFFFFFF x7=FFFFFFFF x12=FFFE0000 x14=FFFFFFFF 
# ** Note: ** Addr=00000588, Word=354, Instuction=02500193, Mnemonic=addi x3, x0, 00000025
# ** Note:   x1=80000000 x2=0000001F x3=00000025 x4=00000002 x5=00000002 x6=FFFFFFFF x7=FFFFFFFF x12=FFFE0000 x14=FFFFFFFF 
# ** Note: ** Addr=0000058C, Word=355, Instuction=00000213, Mnemonic=addi x4, x0, 00000000
# ** Note:   x1=80000000 x2=0000001F x3=00000025 x5=00000002 x6=FFFFFFFF x7=FFFFFFFF x12=FFFE0000 x14=FFFFFFFF 
# ** Note: ** Addr=00000590, Word=356, Instuction=00700113, Mnemonic=addi x2, x0, 00000007
# ** Note:   x1=80000000 x2=00000007 x3=00000025 x5=00000002 x6=FFFFFFFF x7=FFFFFFFF x12=FFFE0000 x14=FFFFFFFF 
# ** Warning: (vsim-151) NUMERIC_STD.TO_INTEGER: Value -2048 is not in bounds of subtype NATURAL.
# ** Warning: (vsim-151) NUMERIC_STD.TO_INTEGER: Value -2048 is not in bounds of subtype NATURAL.
# ** Note: ** Addr=00000594, Word=357, Instuction=00000013, Mnemonic=addi x0, x0, 00000000
# ** Note:   x1=80000000 x2=00000007 x3=00000025 x5=00000002 x6=FFFFFFFF x7=FFFFFFFF x12=FFFE0000 x14=FFFFFFFF 
# ** Warning: (vsim-151) NUMERIC_STD.TO_INTEGER: Value -16777216 is not in bounds of subtype NATURAL.
# ** Warning: (vsim-151) NUMERIC_STD.TO_INTEGER: Value -16777216 is not in bounds of subtype NATURAL.
# ** Note: ** Addr=00000598, Word=358, Instuction=800000B7, Mnemonic=lui x1, 80000000
# ** Note:   x1=80000000 x2=00000007 x3=00000025 x5=00000002 x6=FFFFFFFF x7=FFFFFFFF x12=FFFE0000 x14=FFFFFFFF 
# ** Warning: (vsim-151) NUMERIC_STD.TO_INTEGER: Value -2147483642 is not in bounds of subtype NATURAL.
# ** Warning: (vsim-151) NUMERIC_STD.TO_INTEGER: Value -2147483642 is not in bounds of subtype NATURAL.
# ** Note: ** Addr=0000059C, Word=359, Instuction=4020D733, Mnemonic=sra x14, x1, x2
# ** Note:   x1=80000000 x2=00000007 x3=00000025 x5=00000002 x6=FFFFFFFF x7=FFFFFFFF x12=FFFE0000 x14=FF000000 
# ** Note: ** Addr=000005A0, Word=360, Instuction=00120213, Mnemonic=addi x4, x4, 00000001
# ** Note:   x1=80000000 x2=00000007 x3=00000025 x4=00000001 x5=00000002 x6=FFFFFFFF x7=FFFFFFFF x12=FFFE0000 x14=FF000000 
# ** Warning: (vsim-151) NUMERIC_STD.TO_INTEGER: Value -2 is not in bounds of subtype NATURAL.
# ** Warning: (vsim-151) NUMERIC_STD.TO_INTEGER: Value -2 is not in bounds of subtype NATURAL.
# ** Note: ** Addr=000005A4, Word=361, Instuction=00200293, Mnemonic=addi x5, x0, 00000002
# ** Note:   x1=80000000 x2=00000007 x3=00000025 x4=00000001 x5=00000002 x6=FFFFFFFF x7=FFFFFFFF x12=FFFE0000 x14=FF000000 
# ** Note: ** Addr=000005A8, Word=362, Instuction=FE5214E3, Mnemonic=bne x4, x5, FFFFFFE8
# ** Note:   x1=80000000 x2=00000007 x3=00000025 x4=00000001 x5=00000002 x6=FFFFFFFF x7=FFFFFFFF x12=FFFE0000 x14=FF000000 
# ** Note: ** Addr=00000590, Word=356, Instuction=00700113, Mnemonic=addi x2, x0, 00000007
# ** Note:   x1=80000000 x2=00000007 x3=00000025 x4=00000001 x5=00000002 x6=FFFFFFFF x7=FFFFFFFF x12=FFFE0000 x14=FF000000 
# ** Warning: (vsim-151) NUMERIC_STD.TO_INTEGER: Value -2048 is not in bounds of subtype NATURAL.
# ** Warning: (vsim-151) NUMERIC_STD.TO_INTEGER: Value -2048 is not in bounds of subtype NATURAL.
# ** Note: ** Addr=00000594, Word=357, Instuction=00000013, Mnemonic=addi x0, x0, 00000000
# ** Note:   x1=80000000 x2=00000007 x3=00000025 x4=00000001 x5=00000002 x6=FFFFFFFF x7=FFFFFFFF x12=FFFE0000 x14=FF000000 
# ** Warning: (vsim-151) NUMERIC_STD.TO_INTEGER: Value -16777216 is not in bounds of subtype NATURAL.
# ** Warning: (vsim-151) NUMERIC_STD.TO_INTEGER: Value -16777216 is not in bounds of subtype NATURAL.
# ** Note: ** Addr=00000598, Word=358, Instuction=800000B7, Mnemonic=lui x1, 80000000
# ** Note:   x1=80000000 x2=00000007 x3=00000025 x4=00000001 x5=00000002 x6=FFFFFFFF x7=FFFFFFFF x12=FFFE0000 x14=FF000000 
# ** Warning: (vsim-151) NUMERIC_STD.TO_INTEGER: Value -2147483642 is not in bounds of subtype NATURAL.
# ** Warning: (vsim-151) NUMERIC_STD.TO_INTEGER: Value -2147483642 is not in bounds of subtype NATURAL.
# ** Note: ** Addr=0000059C, Word=359, Instuction=4020D733, Mnemonic=sra x14, x1, x2
# ** Note:   x1=80000000 x2=00000007 x3=00000025 x4=00000001 x5=00000002 x6=FFFFFFFF x7=FFFFFFFF x12=FFFE0000 x14=FF000000 
# ** Note: ** Addr=000005A0, Word=360, Instuction=00120213, Mnemonic=addi x4, x4, 00000001
# ** Note:   x1=80000000 x2=00000007 x3=00000025 x4=00000002 x5=00000002 x6=FFFFFFFF x7=FFFFFFFF x12=FFFE0000 x14=FF000000 
# ** Note: ** Addr=000005A4, Word=361, Instuction=00200293, Mnemonic=addi x5, x0, 00000002
# ** Note:   x1=80000000 x2=00000007 x3=00000025 x4=00000002 x5=00000002 x6=FFFFFFFF x7=FFFFFFFF x12=FFFE0000 x14=FF000000 
# ** Note: ** Addr=000005A8, Word=362, Instuction=FE5214E3, Mnemonic=bne x4, x5, FFFFFFE8
# ** Note:   x1=80000000 x2=00000007 x3=00000025 x4=00000002 x5=00000002 x6=FFFFFFFF x7=FFFFFFFF x12=FFFE0000 x14=FF000000 
# ** Note: ** Addr=000005AC, Word=363, Instuction=FF0003B7, Mnemonic=lui x7, FF000000
# ** Note:   x1=80000000 x2=00000007 x3=00000025 x4=00000002 x5=00000002 x6=FFFFFFFF x7=FF000000 x12=FFFE0000 x14=FF000000 
# ** Warning: (vsim-151) NUMERIC_STD.TO_INTEGER: Value -33554432 is not in bounds of subtype NATURAL.
# ** Warning: (vsim-151) NUMERIC_STD.TO_INTEGER: Value -33554432 is not in bounds of subtype NATURAL.
# ** Note: ** Addr=000005B0, Word=364, Instuction=0A771E63, Mnemonic=bne x14, x7, 000000BC
# ** Note:   x1=80000000 x2=00000007 x3=00000025 x4=00000002 x5=00000002 x6=FFFFFFFF x7=FF000000 x12=FFFE0000 x14=FF000000 
# ** Note: ** Addr=000005B4, Word=365, Instuction=02600193, Mnemonic=addi x3, x0, 00000026
# ** Note:   x1=80000000 x2=00000007 x3=00000026 x4=00000002 x5=00000002 x6=FFFFFFFF x7=FF000000 x12=FFFE0000 x14=FF000000 
# ** Note: ** Addr=000005B8, Word=366, Instuction=00000213, Mnemonic=addi x4, x0, 00000000
# ** Note:   x1=80000000 x2=00000007 x3=00000026 x5=00000002 x6=FFFFFFFF x7=FF000000 x12=FFFE0000 x14=FF000000 
# ** Note: ** Addr=000005BC, Word=367, Instuction=00E00113, Mnemonic=addi x2, x0, 0000000E
# ** Note:   x1=80000000 x2=0000000E x3=00000026 x5=00000002 x6=FFFFFFFF x7=FF000000 x12=FFFE0000 x14=FF000000 
# ** Warning: (vsim-151) NUMERIC_STD.TO_INTEGER: Value -2048 is not in bounds of subtype NATURAL.
# ** Warning: (vsim-151) NUMERIC_STD.TO_INTEGER: Value -2048 is not in bounds of subtype NATURAL.
# ** Note: ** Addr=000005C0, Word=368, Instuction=00000013, Mnemonic=addi x0, x0, 00000000
# ** Note:   x1=80000000 x2=0000000E x3=00000026 x5=00000002 x6=FFFFFFFF x7=FF000000 x12=FFFE0000 x14=FF000000 
# ** Note: ** Addr=000005C4, Word=369, Instuction=800000B7, Mnemonic=lui x1, 80000000
# ** Note:   x1=80000000 x2=0000000E x3=00000026 x5=00000002 x6=FFFFFFFF x7=FF000000 x12=FFFE0000 x14=FF000000 
# ** Warning: (vsim-151) NUMERIC_STD.TO_INTEGER: Value -131072 is not in bounds of subtype NATURAL.
# ** Warning: (vsim-151) NUMERIC_STD.TO_INTEGER: Value -131072 is not in bounds of subtype NATURAL.
# ** Note: ** Addr=000005C8, Word=370, Instuction=00000013, Mnemonic=addi x0, x0, 00000000
# ** Note:   x1=80000000 x2=0000000E x3=00000026 x5=00000002 x6=FFFFFFFF x7=FF000000 x12=FFFE0000 x14=FF000000 
# ** Warning: (vsim-151) NUMERIC_STD.TO_INTEGER: Value -2147483634 is not in bounds of subtype NATURAL.
# ** Warning: (vsim-151) NUMERIC_STD.TO_INTEGER: Value -2147483634 is not in bounds of subtype NATURAL.
# ** Note: ** Addr=000005CC, Word=371, Instuction=4020D733, Mnemonic=sra x14, x1, x2
# ** Note:   x1=80000000 x2=0000000E x3=00000026 x5=00000002 x6=FFFFFFFF x7=FF000000 x12=FFFE0000 x14=FFFE0000 
# ** Note: ** Addr=000005D0, Word=372, Instuction=00120213, Mnemonic=addi x4, x4, 00000001
# ** Note:   x1=80000000 x2=0000000E x3=00000026 x4=00000001 x5=00000002 x6=FFFFFFFF x7=FF000000 x12=FFFE0000 x14=FFFE0000 
# ** Warning: (vsim-151) NUMERIC_STD.TO_INTEGER: Value -2 is not in bounds of subtype NATURAL.
# ** Warning: (vsim-151) NUMERIC_STD.TO_INTEGER: Value -2 is not in bounds of subtype NATURAL.
# ** Note: ** Addr=000005D4, Word=373, Instuction=00200293, Mnemonic=addi x5, x0, 00000002
# ** Note:   x1=80000000 x2=0000000E x3=00000026 x4=00000001 x5=00000002 x6=FFFFFFFF x7=FF000000 x12=FFFE0000 x14=FFFE0000 
# ** Note: ** Addr=000005D8, Word=374, Instuction=FE5212E3, Mnemonic=bne x4, x5, FFFFFFE4
# ** Note:   x1=80000000 x2=0000000E x3=00000026 x4=00000001 x5=00000002 x6=FFFFFFFF x7=FF000000 x12=FFFE0000 x14=FFFE0000 
# ** Note: ** Addr=000005BC, Word=367, Instuction=00E00113, Mnemonic=addi x2, x0, 0000000E
# ** Note:   x1=80000000 x2=0000000E x3=00000026 x4=00000001 x5=00000002 x6=FFFFFFFF x7=FF000000 x12=FFFE0000 x14=FFFE0000 
# ** Warning: (vsim-151) NUMERIC_STD.TO_INTEGER: Value -2048 is not in bounds of subtype NATURAL.
# ** Warning: (vsim-151) NUMERIC_STD.TO_INTEGER: Value -2048 is not in bounds of subtype NATURAL.
# ** Note: ** Addr=000005C0, Word=368, Instuction=00000013, Mnemonic=addi x0, x0, 00000000
# ** Note:   x1=80000000 x2=0000000E x3=00000026 x4=00000001 x5=00000002 x6=FFFFFFFF x7=FF000000 x12=FFFE0000 x14=FFFE0000 
# ** Note: ** Addr=000005C4, Word=369, Instuction=800000B7, Mnemonic=lui x1, 80000000
# ** Note:   x1=80000000 x2=0000000E x3=00000026 x4=00000001 x5=00000002 x6=FFFFFFFF x7=FF000000 x12=FFFE0000 x14=FFFE0000 
# ** Warning: (vsim-151) NUMERIC_STD.TO_INTEGER: Value -131072 is not in bounds of subtype NATURAL.
# ** Warning: (vsim-151) NUMERIC_STD.TO_INTEGER: Value -131072 is not in bounds of subtype NATURAL.
# ** Note: ** Addr=000005C8, Word=370, Instuction=00000013, Mnemonic=addi x0, x0, 00000000
# ** Note:   x1=80000000 x2=0000000E x3=00000026 x4=00000001 x5=00000002 x6=FFFFFFFF x7=FF000000 x12=FFFE0000 x14=FFFE0000 
# ** Warning: (vsim-151) NUMERIC_STD.TO_INTEGER: Value -2147483634 is not in bounds of subtype NATURAL.
# ** Warning: (vsim-151) NUMERIC_STD.TO_INTEGER: Value -2147483634 is not in bounds of subtype NATURAL.
# ** Note: ** Addr=000005CC, Word=371, Instuction=4020D733, Mnemonic=sra x14, x1, x2
# ** Note:   x1=80000000 x2=0000000E x3=00000026 x4=00000001 x5=00000002 x6=FFFFFFFF x7=FF000000 x12=FFFE0000 x14=FFFE0000 
# ** Note: ** Addr=000005D0, Word=372, Instuction=00120213, Mnemonic=addi x4, x4, 00000001
# ** Note:   x1=80000000 x2=0000000E x3=00000026 x4=00000002 x5=00000002 x6=FFFFFFFF x7=FF000000 x12=FFFE0000 x14=FFFE0000 
# ** Note: ** Addr=000005D4, Word=373, Instuction=00200293, Mnemonic=addi x5, x0, 00000002
# ** Note:   x1=80000000 x2=0000000E x3=00000026 x4=00000002 x5=00000002 x6=FFFFFFFF x7=FF000000 x12=FFFE0000 x14=FFFE0000 
# ** Note: ** Addr=000005D8, Word=374, Instuction=FE5212E3, Mnemonic=bne x4, x5, FFFFFFE4
# ** Note:   x1=80000000 x2=0000000E x3=00000026 x4=00000002 x5=00000002 x6=FFFFFFFF x7=FF000000 x12=FFFE0000 x14=FFFE0000 
# ** Note: ** Addr=000005DC, Word=375, Instuction=FFFE03B7, Mnemonic=lui x7, FFFE0000
# ** Note:   x1=80000000 x2=0000000E x3=00000026 x4=00000002 x5=00000002 x6=FFFFFFFF x7=FFFE0000 x12=FFFE0000 x14=FFFE0000 
# ** Warning: (vsim-151) NUMERIC_STD.TO_INTEGER: Value -262144 is not in bounds of subtype NATURAL.
# ** Warning: (vsim-151) NUMERIC_STD.TO_INTEGER: Value -262144 is not in bounds of subtype NATURAL.
# ** Note: ** Addr=000005E0, Word=376, Instuction=08771663, Mnemonic=bne x14, x7, 0000008C
# ** Note:   x1=80000000 x2=0000000E x3=00000026 x4=00000002 x5=00000002 x6=FFFFFFFF x7=FFFE0000 x12=FFFE0000 x14=FFFE0000 
# ** Note: ** Addr=000005E4, Word=377, Instuction=02700193, Mnemonic=addi x3, x0, 00000027
# ** Note:   x1=80000000 x2=0000000E x3=00000027 x4=00000002 x5=00000002 x6=FFFFFFFF x7=FFFE0000 x12=FFFE0000 x14=FFFE0000 
# ** Note: ** Addr=000005E8, Word=378, Instuction=00000213, Mnemonic=addi x4, x0, 00000000
# ** Note:   x1=80000000 x2=0000000E x3=00000027 x5=00000002 x6=FFFFFFFF x7=FFFE0000 x12=FFFE0000 x14=FFFE0000 
# ** Note: ** Addr=000005EC, Word=379, Instuction=01F00113, Mnemonic=addi x2, x0, 0000001F
# ** Note:   x1=80000000 x2=0000001F x3=00000027 x5=00000002 x6=FFFFFFFF x7=FFFE0000 x12=FFFE0000 x14=FFFE0000 
# ** Note: ** Addr=000005F0, Word=380, Instuction=00000013, Mnemonic=addi x0, x0, 00000000
# ** Note:   x1=80000000 x2=0000001F x3=00000027 x5=00000002 x6=FFFFFFFF x7=FFFE0000 x12=FFFE0000 x14=FFFE0000 
# ** Warning: (vsim-151) NUMERIC_STD.TO_INTEGER: Value -2048 is not in bounds of subtype NATURAL.
# ** Warning: (vsim-151) NUMERIC_STD.TO_INTEGER: Value -2048 is not in bounds of subtype NATURAL.
# ** Note: ** Addr=000005F4, Word=381, Instuction=00000013, Mnemonic=addi x0, x0, 00000000
# ** Note:   x1=80000000 x2=0000001F x3=00000027 x5=00000002 x6=FFFFFFFF x7=FFFE0000 x12=FFFE0000 x14=FFFE0000 
# ** Warning: (vsim-151) NUMERIC_STD.TO_INTEGER: Value -2 is not in bounds of subtype NATURAL.
# ** Warning: (vsim-151) NUMERIC_STD.TO_INTEGER: Value -2 is not in bounds of subtype NATURAL.
# ** Note: ** Addr=000005F8, Word=382, Instuction=800000B7, Mnemonic=lui x1, 80000000
# ** Note:   x1=80000000 x2=0000001F x3=00000027 x5=00000002 x6=FFFFFFFF x7=FFFE0000 x12=FFFE0000 x14=FFFE0000 
# ** Warning: (vsim-151) NUMERIC_STD.TO_INTEGER: Value -2147483618 is not in bounds of subtype NATURAL.
# ** Warning: (vsim-151) NUMERIC_STD.TO_INTEGER: Value -2147483618 is not in bounds of subtype NATURAL.
# ** Note: ** Addr=000005FC, Word=383, Instuction=4020D733, Mnemonic=sra x14, x1, x2
# ** Note:   x1=80000000 x2=0000001F x3=00000027 x5=00000002 x6=FFFFFFFF x7=FFFE0000 x12=FFFE0000 x14=FFFFFFFF 
# ** Note: ** Addr=00000600, Word=384, Instuction=00120213, Mnemonic=addi x4, x4, 00000001
# ** Note:   x1=80000000 x2=0000001F x3=00000027 x4=00000001 x5=00000002 x6=FFFFFFFF x7=FFFE0000 x12=FFFE0000 x14=FFFFFFFF 
# ** Warning: (vsim-151) NUMERIC_STD.TO_INTEGER: Value -2 is not in bounds of subtype NATURAL.
# ** Warning: (vsim-151) NUMERIC_STD.TO_INTEGER: Value -2 is not in bounds of subtype NATURAL.
# ** Note: ** Addr=00000604, Word=385, Instuction=00200293, Mnemonic=addi x5, x0, 00000002
# ** Note:   x1=80000000 x2=0000001F x3=00000027 x4=00000001 x5=00000002 x6=FFFFFFFF x7=FFFE0000 x12=FFFE0000 x14=FFFFFFFF 
# ** Note: ** Addr=00000608, Word=386, Instuction=FE5212E3, Mnemonic=bne x4, x5, FFFFFFE4
# ** Note:   x1=80000000 x2=0000001F x3=00000027 x4=00000001 x5=00000002 x6=FFFFFFFF x7=FFFE0000 x12=FFFE0000 x14=FFFFFFFF 
# ** Note: ** Addr=000005EC, Word=379, Instuction=01F00113, Mnemonic=addi x2, x0, 0000001F
# ** Note:   x1=80000000 x2=0000001F x3=00000027 x4=00000001 x5=00000002 x6=FFFFFFFF x7=FFFE0000 x12=FFFE0000 x14=FFFFFFFF 
# ** Note: ** Addr=000005F0, Word=380, Instuction=00000013, Mnemonic=addi x0, x0, 00000000
# ** Note:   x1=80000000 x2=0000001F x3=00000027 x4=00000001 x5=00000002 x6=FFFFFFFF x7=FFFE0000 x12=FFFE0000 x14=FFFFFFFF 
# ** Warning: (vsim-151) NUMERIC_STD.TO_INTEGER: Value -2048 is not in bounds of subtype NATURAL.
# ** Warning: (vsim-151) NUMERIC_STD.TO_INTEGER: Value -2048 is not in bounds of subtype NATURAL.
# ** Note: ** Addr=000005F4, Word=381, Instuction=00000013, Mnemonic=addi x0, x0, 00000000
# ** Note:   x1=80000000 x2=0000001F x3=00000027 x4=00000001 x5=00000002 x6=FFFFFFFF x7=FFFE0000 x12=FFFE0000 x14=FFFFFFFF 
# ** Warning: (vsim-151) NUMERIC_STD.TO_INTEGER: Value -2 is not in bounds of subtype NATURAL.
# ** Warning: (vsim-151) NUMERIC_STD.TO_INTEGER: Value -2 is not in bounds of subtype NATURAL.
# ** Note: ** Addr=000005F8, Word=382, Instuction=800000B7, Mnemonic=lui x1, 80000000
# ** Note:   x1=80000000 x2=0000001F x3=00000027 x4=00000001 x5=00000002 x6=FFFFFFFF x7=FFFE0000 x12=FFFE0000 x14=FFFFFFFF 
# ** Warning: (vsim-151) NUMERIC_STD.TO_INTEGER: Value -2147483618 is not in bounds of subtype NATURAL.
# ** Warning: (vsim-151) NUMERIC_STD.TO_INTEGER: Value -2147483618 is not in bounds of subtype NATURAL.
# ** Note: ** Addr=000005FC, Word=383, Instuction=4020D733, Mnemonic=sra x14, x1, x2
# ** Note:   x1=80000000 x2=0000001F x3=00000027 x4=00000001 x5=00000002 x6=FFFFFFFF x7=FFFE0000 x12=FFFE0000 x14=FFFFFFFF 
# ** Note: ** Addr=00000600, Word=384, Instuction=00120213, Mnemonic=addi x4, x4, 00000001
# ** Note:   x1=80000000 x2=0000001F x3=00000027 x4=00000002 x5=00000002 x6=FFFFFFFF x7=FFFE0000 x12=FFFE0000 x14=FFFFFFFF 
# ** Note: ** Addr=00000604, Word=385, Instuction=00200293, Mnemonic=addi x5, x0, 00000002
# ** Note:   x1=80000000 x2=0000001F x3=00000027 x4=00000002 x5=00000002 x6=FFFFFFFF x7=FFFE0000 x12=FFFE0000 x14=FFFFFFFF 
# ** Warning: (vsim-151) NUMERIC_STD.TO_INTEGER: Value -2 is not in bounds of subtype NATURAL.
# ** Warning: (vsim-151) NUMERIC_STD.TO_INTEGER: Value -2 is not in bounds of subtype NATURAL.
# ** Note: ** Addr=00000608, Word=386, Instuction=FE5212E3, Mnemonic=bne x4, x5, FFFFFFE4
# ** Note:   x1=80000000 x2=0000001F x3=00000027 x4=00000002 x5=00000002 x6=FFFFFFFF x7=FFFE0000 x12=FFFE0000 x14=FFFFFFFF 
# ** Warning: (vsim-151) NUMERIC_STD.TO_INTEGER: Value -72 is not in bounds of subtype NATURAL.
# ** Warning: (vsim-151) NUMERIC_STD.TO_INTEGER: Value -72 is not in bounds of subtype NATURAL.
# ** Note: ** Addr=0000060C, Word=387, Instuction=FFF00393, Mnemonic=addi x7, x0, FFFFFFFF
# ** Note:   x1=80000000 x2=0000001F x3=00000027 x4=00000002 x5=00000002 x6=FFFFFFFF x7=FFFFFFFF x12=FFFE0000 x14=FFFFFFFF 
# ** Warning: (vsim-151) NUMERIC_STD.TO_INTEGER: Value -2 is not in bounds of subtype NATURAL.
# ** Warning: (vsim-151) NUMERIC_STD.TO_INTEGER: Value -2 is not in bounds of subtype NATURAL.
# ** Note: ** Addr=00000610, Word=388, Instuction=04771E63, Mnemonic=bne x14, x7, 0000005C
# ** Note:   x1=80000000 x2=0000001F x3=00000027 x4=00000002 x5=00000002 x6=FFFFFFFF x7=FFFFFFFF x12=FFFE0000 x14=FFFFFFFF 
# ** Note: ** Addr=00000614, Word=389, Instuction=02800193, Mnemonic=addi x3, x0, 00000028
# ** Note:   x1=80000000 x2=0000001F x3=00000028 x4=00000002 x5=00000002 x6=FFFFFFFF x7=FFFFFFFF x12=FFFE0000 x14=FFFFFFFF 
# ** Note: ** Addr=00000618, Word=390, Instuction=00F00093, Mnemonic=addi x1, x0, 0000000F
# ** Note:   x1=0000000F x2=0000001F x3=00000028 x4=00000002 x5=00000002 x6=FFFFFFFF x7=FFFFFFFF x12=FFFE0000 x14=FFFFFFFF 
# ** Note: ** Addr=0000061C, Word=391, Instuction=40105133, Mnemonic=sra x2, x0, x1
# ** Note:   x1=0000000F x3=00000028 x4=00000002 x5=00000002 x6=FFFFFFFF x7=FFFFFFFF x12=FFFE0000 x14=FFFFFFFF 
# ** Warning: (vsim-151) NUMERIC_STD.TO_INTEGER: Value -72 is not in bounds of subtype NATURAL.
# ** Warning: (vsim-151) NUMERIC_STD.TO_INTEGER: Value -72 is not in bounds of subtype NATURAL.
# ** Note: ** Addr=00000620, Word=392, Instuction=00000393, Mnemonic=addi x7, x0, 00000000
# ** Note:   x1=0000000F x3=00000028 x4=00000002 x5=00000002 x6=FFFFFFFF x12=FFFE0000 x14=FFFFFFFF 
# ** Note: ** Addr=00000624, Word=393, Instuction=04711463, Mnemonic=bne x2, x7, 00000048
# ** Note:   x1=0000000F x3=00000028 x4=00000002 x5=00000002 x6=FFFFFFFF x12=FFFE0000 x14=FFFFFFFF 
# ** Note: ** Addr=00000628, Word=394, Instuction=02900193, Mnemonic=addi x3, x0, 00000029
# ** Note:   x1=0000000F x3=00000029 x4=00000002 x5=00000002 x6=FFFFFFFF x12=FFFE0000 x14=FFFFFFFF 
# ** Note: ** Addr=0000062C, Word=395, Instuction=02000093, Mnemonic=addi x1, x0, 00000020
# ** Note:   x1=00000020 x3=00000029 x4=00000002 x5=00000002 x6=FFFFFFFF x12=FFFE0000 x14=FFFFFFFF 
# ** Note: ** Addr=00000630, Word=396, Instuction=4000D133, Mnemonic=sra x2, x1, x0
# ** Note:   x1=00000020 x2=00000020 x3=00000029 x4=00000002 x5=00000002 x6=FFFFFFFF x12=FFFE0000 x14=FFFFFFFF 
# ** Warning: (vsim-151) NUMERIC_STD.TO_INTEGER: Value -40 is not in bounds of subtype NATURAL.
# ** Warning: (vsim-151) NUMERIC_STD.TO_INTEGER: Value -40 is not in bounds of subtype NATURAL.
# ** Note: ** Addr=00000634, Word=397, Instuction=02000393, Mnemonic=addi x7, x0, 00000020
# ** Note:   x1=00000020 x2=00000020 x3=00000029 x4=00000002 x5=00000002 x6=FFFFFFFF x7=00000020 x12=FFFE0000 x14=FFFFFFFF 
# ** Note: ** Addr=00000638, Word=398, Instuction=02711A63, Mnemonic=bne x2, x7, 00000034
# ** Note:   x1=00000020 x2=00000020 x3=00000029 x4=00000002 x5=00000002 x6=FFFFFFFF x7=00000020 x12=FFFE0000 x14=FFFFFFFF 
# ** Note: ** Addr=0000063C, Word=399, Instuction=02A00193, Mnemonic=addi x3, x0, 0000002A
# ** Note:   x1=00000020 x2=00000020 x3=0000002A x4=00000002 x5=00000002 x6=FFFFFFFF x7=00000020 x12=FFFE0000 x14=FFFFFFFF 
# ** Note: ** Addr=00000640, Word=400, Instuction=400050B3, Mnemonic=sra x1, x0, x0
# ** Note:   x2=00000020 x3=0000002A x4=00000002 x5=00000002 x6=FFFFFFFF x7=00000020 x12=FFFE0000 x14=FFFFFFFF 
# ** Warning: (vsim-151) NUMERIC_STD.TO_INTEGER: Value -40 is not in bounds of subtype NATURAL.
# ** Warning: (vsim-151) NUMERIC_STD.TO_INTEGER: Value -40 is not in bounds of subtype NATURAL.
# ** Note: ** Addr=00000644, Word=401, Instuction=00000393, Mnemonic=addi x7, x0, 00000000
# ** Note:   x2=00000020 x3=0000002A x4=00000002 x5=00000002 x6=FFFFFFFF x12=FFFE0000 x14=FFFFFFFF 
# ** Note: ** Addr=00000648, Word=402, Instuction=02709263, Mnemonic=bne x1, x7, 00000024
# ** Note:   x2=00000020 x3=0000002A x4=00000002 x5=00000002 x6=FFFFFFFF x12=FFFE0000 x14=FFFFFFFF 
# ** Note: ** Addr=0000064C, Word=403, Instuction=02B00193, Mnemonic=addi x3, x0, 0000002B
# ** Note:   x2=00000020 x3=0000002B x4=00000002 x5=00000002 x6=FFFFFFFF x12=FFFE0000 x14=FFFFFFFF 
# ** Note: ** Addr=00000650, Word=404, Instuction=40000093, Mnemonic=addi x1, x0, 00000400
# ** Note:   x1=00000400 x2=00000020 x3=0000002B x4=00000002 x5=00000002 x6=FFFFFFFF x12=FFFE0000 x14=FFFFFFFF 
# ** Note: ** Addr=00000654, Word=405, Instuction=00001137, Mnemonic=lui x2, 00001000
# ** Note:   x1=00000400 x2=00001000 x3=0000002B x4=00000002 x5=00000002 x6=FFFFFFFF x12=FFFE0000 x14=FFFFFFFF 
# ** Note: ** Addr=00000658, Word=406, Instuction=80010113, Mnemonic=addi x2, x2, FFFFF800
# ** Note:   x1=00000400 x2=00000800 x3=0000002B x4=00000002 x5=00000002 x6=FFFFFFFF x12=FFFE0000 x14=FFFFFFFF 
# ** Note: ** Addr=0000065C, Word=407, Instuction=4020D033, Mnemonic=sra x0, x1, x2
# ** Note:   x1=00000400 x2=00000800 x3=0000002B x4=00000002 x5=00000002 x6=FFFFFFFF x12=FFFE0000 x14=FFFFFFFF 
# ** Warning: (vsim-151) NUMERIC_STD.TO_INTEGER: Value -8 is not in bounds of subtype NATURAL.
# ** Warning: (vsim-151) NUMERIC_STD.TO_INTEGER: Value -8 is not in bounds of subtype NATURAL.
# ** Note: ** Addr=00000660, Word=408, Instuction=00000393, Mnemonic=addi x7, x0, 00000000
# ** Note:   x1=00000400 x2=00000800 x3=0000002B x4=00000002 x5=00000002 x6=FFFFFFFF x12=FFFE0000 x14=FFFFFFFF 
# ** Warning: (vsim-151) NUMERIC_STD.TO_INTEGER: Value -44 is not in bounds of subtype NATURAL.
# ** Warning: (vsim-151) NUMERIC_STD.TO_INTEGER: Value -44 is not in bounds of subtype NATURAL.
# ** Note: ** Addr=00000664, Word=409, Instuction=00701463, Mnemonic=bne x0, x7, 00000008
# ** Note:   x1=00000400 x2=00000800 x3=0000002B x4=00000002 x5=00000002 x6=FFFFFFFF x12=FFFE0000 x14=FFFFFFFF 
# ** Note: ** Addr=00000668, Word=410, Instuction=00301E63, Mnemonic=bne x0, x3, 0000001C
# ** Note:   x1=00000400 x2=00000800 x3=0000002B x4=00000002 x5=00000002 x6=FFFFFFFF x12=FFFE0000 x14=FFFFFFFF 
# ** Note: ** Addr=00000684, Word=417, Instuction=00100193, Mnemonic=addi x3, x0, 00000001
# ** Note:   x1=00000400 x2=00000800 x3=00000001 x4=00000002 x5=00000002 x6=FFFFFFFF x12=FFFE0000 x14=FFFFFFFF 
# ** Note: ** Addr=00000688, Word=418, Instuction=10100513, Mnemonic=addi x10, x0, 00000101
# ** Note:   x1=00000400 x2=00000800 x3=00000001 x4=00000002 x5=00000002 x6=FFFFFFFF x10=00000101 x12=FFFE0000 x14=FFFFFFFF 
# ** Note: ** Addr=0000068C, Word=419, Instuction=01F01013, Mnemonic=slli x0, x0, 1F
# ** Note:   x1=00000400 x2=00000800 x3=00000001 x4=00000002 x5=00000002 x6=FFFFFFFF x10=00000101 x12=FFFE0000 x14=FFFFFFFF 
# ** Note: ** Addr=00000690, Word=420, Instuction=00100073, Mnemonic=ebreak
# ** Note:   x1=00000400 x2=00000800 x3=00000001 x4=00000002 x5=00000002 x6=FFFFFFFF x10=00000101 x12=FFFE0000 x14=FFFFFFFF 
# ** Note: RVTEST (addi) : OK
# Break in Process monitor at ../testbench/tb_cpu.vhd line 359
# Stopped at ../testbench/tb_cpu.vhd line 359
#  quit -f
# End time: 00:28:51 on Jan 01,2026, Elapsed time: 0:00:01
# Errors: 0, Warnings: 595
