# vsim -c -quiet work.tb_cpu -do "run -all; quit -f" -l build/logs/sw.log -gMAX_CYCLES=200000 
# Start time: 00:30:06 on Jan 01,2026
# ** Note: (vsim-3813) Design is being optimized due to module recompilation...
# //  Questa Sim-64
# //  Version 2020.3_1 linux_x86_64 Aug 25 2020
# //
# //  Copyright 1991-2020 Mentor Graphics Corporation
# //  All Rights Reserved.
# //
# //  QuestaSim and its associated documentation contain trade
# //  secrets and commercial or financial information that are the property of
# //  Mentor Graphics Corporation and are privileged, confidential,
# //  and exempt from disclosure under the Freedom of Information Act,
# //  5 U.S.C. Section 552. Furthermore, this information
# //  is prohibited from disclosure under the Trade Secrets Act,
# //  18 U.S.C. Section 1905.
# //
# run -all
# ** Warning: NUMERIC_STD.TO_INTEGER: metavalue detected, returning 0
# ** Warning: NUMERIC_STD.TO_INTEGER: metavalue detected, returning 0
# ** Warning: NUMERIC_STD.TO_INTEGER: metavalue detected, returning 0
# ** Warning: NUMERIC_STD.TO_INTEGER: metavalue detected, returning 0
# ** Warning: NUMERIC_STD.TO_INTEGER: metavalue detected, returning 0
# ** Warning: NUMERIC_STD.TO_INTEGER: metavalue detected, returning 0
# ** Warning: NUMERIC_STD.TO_INTEGER: metavalue detected, returning 0
# ** Warning: NUMERIC_STD.TO_INTEGER: metavalue detected, returning 0
# ** Warning: NUMERIC_STD.TO_INTEGER: metavalue detected, returning 0
# ** Warning: NUMERIC_STD.TO_INTEGER: metavalue detected, returning 0
# ** Warning: NUMERIC_STD.TO_INTEGER: metavalue detected, returning 0
# ** Warning: NUMERIC_STD.TO_INTEGER: metavalue detected, returning 0
# ** Warning: NUMERIC_STD.TO_INTEGER: metavalue detected, returning 0
# ** Warning: NUMERIC_STD.TO_INTEGER: metavalue detected, returning 0
# ** Warning: NUMERIC_STD.TO_INTEGER: metavalue detected, returning 0
# ** Warning: NUMERIC_STD.TO_INTEGER: metavalue detected, returning 0
# ** Warning: NUMERIC_STD.TO_INTEGER: metavalue detected, returning 0
# ** Warning: NUMERIC_STD.TO_INTEGER: metavalue detected, returning 0
# ** Warning: NUMERIC_STD.TO_INTEGER: metavalue detected, returning 0
# ** Warning: NUMERIC_STD.TO_INTEGER: metavalue detected, returning 0
# ** Warning: NUMERIC_STD.TO_INTEGER: metavalue detected, returning 0
# ** Note: ** Addr=00000000, Word=0, Instuction=00000093, Mnemonic=addi x1, x0, 00000000
# ** Note: ** Addr=00000004, Word=1, Instuction=00000113, Mnemonic=addi x2, x0, 00000000
# ** Note: ** Addr=00000008, Word=2, Instuction=00000193, Mnemonic=addi x3, x0, 00000000
# ** Note: ** Addr=0000000C, Word=3, Instuction=00000213, Mnemonic=addi x4, x0, 00000000
# ** Note: ** Addr=00000010, Word=4, Instuction=00000293, Mnemonic=addi x5, x0, 00000000
# ** Note: ** Addr=00000014, Word=5, Instuction=00000313, Mnemonic=addi x6, x0, 00000000
# ** Note: ** Addr=00000018, Word=6, Instuction=00000393, Mnemonic=addi x7, x0, 00000000
# ** Note: ** Addr=0000001C, Word=7, Instuction=00000413, Mnemonic=addi x8, x0, 00000000
# ** Note: ** Addr=00000020, Word=8, Instuction=00000493, Mnemonic=addi x9, x0, 00000000
# ** Note: ** Addr=00000024, Word=9, Instuction=00000513, Mnemonic=addi x10, x0, 00000000
# ** Note: ** Addr=00000028, Word=10, Instuction=00000593, Mnemonic=addi x11, x0, 00000000
# ** Note: ** Addr=0000002C, Word=11, Instuction=00000613, Mnemonic=addi x12, x0, 00000000
# ** Note: ** Addr=00000030, Word=12, Instuction=00000693, Mnemonic=addi x13, x0, 00000000
# ** Note: ** Addr=00000034, Word=13, Instuction=00000713, Mnemonic=addi x14, x0, 00000000
# ** Note: ** Addr=00000038, Word=14, Instuction=00000793, Mnemonic=addi x15, x0, 00000000
# ** Note: ** Addr=0000003C, Word=15, Instuction=00000813, Mnemonic=addi x16, x0, 00000000
# ** Note: ** Addr=00000040, Word=16, Instuction=00000893, Mnemonic=addi x17, x0, 00000000
# ** Note: ** Addr=00000044, Word=17, Instuction=00000913, Mnemonic=addi x18, x0, 00000000
# ** Note: ** Addr=00000048, Word=18, Instuction=00000993, Mnemonic=addi x19, x0, 00000000
# ** Note: ** Addr=0000004C, Word=19, Instuction=00000A13, Mnemonic=addi x20, x0, 00000000
# ** Note: ** Addr=00000050, Word=20, Instuction=00000A93, Mnemonic=addi x21, x0, 00000000
# ** Note: ** Addr=00000054, Word=21, Instuction=00000B13, Mnemonic=addi x22, x0, 00000000
# ** Note: ** Addr=00000058, Word=22, Instuction=00000B93, Mnemonic=addi x23, x0, 00000000
# ** Note: ** Addr=0000005C, Word=23, Instuction=00000C13, Mnemonic=addi x24, x0, 00000000
# ** Note: ** Addr=00000060, Word=24, Instuction=00000C93, Mnemonic=addi x25, x0, 00000000
# ** Note: ** Addr=00000064, Word=25, Instuction=00000D13, Mnemonic=addi x26, x0, 00000000
# ** Note: ** Addr=00000068, Word=26, Instuction=00000D93, Mnemonic=addi x27, x0, 00000000
# ** Note: ** Addr=0000006C, Word=27, Instuction=00000E13, Mnemonic=addi x28, x0, 00000000
# ** Note: ** Addr=00000070, Word=28, Instuction=00000E93, Mnemonic=addi x29, x0, 00000000
# ** Note: ** Addr=00000074, Word=29, Instuction=00000F13, Mnemonic=addi x30, x0, 00000000
# ** Note: ** Addr=00000078, Word=30, Instuction=00000F93, Mnemonic=addi x31, x0, 00000000
# ** Note: ** Addr=0000007C, Word=31, Instuction=00001297, Mnemonic=auipc x5, 00001000
# ** Note:   x5=0000107C 
# ** Note: ** Addr=00000080, Word=32, Instuction=F8428293, Mnemonic=addi x5, x5, FFFFFF84
# ** Note:   x5=00001000 
# ** Note: ** Addr=00000084, Word=33, Instuction=00002317, Mnemonic=auipc x6, 00002000
# ** Note:   x5=00001000 x6=00002084 
# ** Note: ** Addr=00000088, Word=34, Instuction=F7C30313, Mnemonic=addi x6, x6, FFFFFF7C
# ** Note:   x5=00001000 x6=00002000 
# ** Note: ** Addr=0000008C, Word=35, Instuction=00002397, Mnemonic=auipc x7, 00002000
# ** Note:   x5=00001000 x6=00002000 x7=0000208C 
# ** Warning: (vsim-151) NUMERIC_STD.TO_INTEGER: Value -48 is not in bounds of subtype NATURAL.
# ** Warning: (vsim-151) NUMERIC_STD.TO_INTEGER: Value -48 is not in bounds of subtype NATURAL.
# ** Warning: (vsim-151) NUMERIC_STD.TO_INTEGER: Value -48 is not in bounds of subtype NATURAL.
# ** Warning: (vsim-151) NUMERIC_STD.TO_INTEGER: Value -48 is not in bounds of subtype NATURAL.
# ** Note: ** Addr=00000090, Word=36, Instuction=FA438393, Mnemonic=addi x7, x7, FFFFFFA4
# ** Note:   x5=00001000 x6=00002000 x7=00002030 
# ** Note: ** Addr=00000094, Word=37, Instuction=00730C63, Mnemonic=beq x6, x7, 00000018
# ** Note:   x5=00001000 x6=00002000 x7=00002030 
# ** Note: ** Addr=00000098, Word=38, Instuction=0002AE03, Mnemonic=lw x28, 00000000(x5)
# ** Note:   x5=00001000 x6=00002000 x7=00002030 x28=DEADBEEF 
# ** Note:   Addr=00001000, Word=1024, WData=00000000, RData=DEADBEEF
# ** Note: ** Addr=0000009C, Word=39, Instuction=01C32023, Mnemonic=sw x28, 00000000(x6)
# ** Note:   x5=00001000 x6=00002000 x7=00002030 x28=DEADBEEF 
# ** Note:   Addr=00002000, Word=2048, WData=DEADBEEF, RData=XXXXXXXX
# ** Note: ** Addr=000000A0, Word=40, Instuction=00428293, Mnemonic=addi x5, x5, 00000004
# ** Note:   x5=00001004 x6=00002000 x7=00002030 x28=DEADBEEF 
# ** Note: ** Addr=000000A4, Word=41, Instuction=00430313, Mnemonic=addi x6, x6, 00000004
# ** Note:   x5=00001004 x6=00002004 x7=00002030 x28=DEADBEEF 
# ** Warning: (vsim-151) NUMERIC_STD.TO_INTEGER: Value -44 is not in bounds of subtype NATURAL.
# ** Warning: (vsim-151) NUMERIC_STD.TO_INTEGER: Value -44 is not in bounds of subtype NATURAL.
# ** Note: ** Addr=000000A8, Word=42, Instuction=FEDFF06F, Mnemonic=jal x0, FFFFFFEC
# ** Note:   x5=00001004 x6=00002004 x7=00002030 x28=DEADBEEF 
# ** Note: ** Addr=00000094, Word=37, Instuction=00730C63, Mnemonic=beq x6, x7, 00000018
# ** Note:   x5=00001004 x6=00002004 x7=00002030 x28=DEADBEEF 
# ** Note: ** Addr=00000098, Word=38, Instuction=0002AE03, Mnemonic=lw x28, 00000000(x5)
# ** Note:   x5=00001004 x6=00002004 x7=00002030 x28=DEADBEEF 
# ** Note:   Addr=00001004, Word=1025, WData=00000000, RData=DEADBEEF
# ** Note: ** Addr=0000009C, Word=39, Instuction=01C32023, Mnemonic=sw x28, 00000000(x6)
# ** Note:   x5=00001004 x6=00002004 x7=00002030 x28=DEADBEEF 
# ** Note:   Addr=00002004, Word=2049, WData=DEADBEEF, RData=XXXXXXXX
# ** Note: ** Addr=000000A0, Word=40, Instuction=00428293, Mnemonic=addi x5, x5, 00000004
# ** Note:   x5=00001008 x6=00002004 x7=00002030 x28=DEADBEEF 
# ** Note: ** Addr=000000A4, Word=41, Instuction=00430313, Mnemonic=addi x6, x6, 00000004
# ** Note:   x5=00001008 x6=00002008 x7=00002030 x28=DEADBEEF 
# ** Warning: (vsim-151) NUMERIC_STD.TO_INTEGER: Value -40 is not in bounds of subtype NATURAL.
# ** Warning: (vsim-151) NUMERIC_STD.TO_INTEGER: Value -40 is not in bounds of subtype NATURAL.
# ** Note: ** Addr=000000A8, Word=42, Instuction=FEDFF06F, Mnemonic=jal x0, FFFFFFEC
# ** Note:   x5=00001008 x6=00002008 x7=00002030 x28=DEADBEEF 
# ** Note: ** Addr=00000094, Word=37, Instuction=00730C63, Mnemonic=beq x6, x7, 00000018
# ** Note:   x5=00001008 x6=00002008 x7=00002030 x28=DEADBEEF 
# ** Note: ** Addr=00000098, Word=38, Instuction=0002AE03, Mnemonic=lw x28, 00000000(x5)
# ** Note:   x5=00001008 x6=00002008 x7=00002030 x28=DEADBEEF 
# ** Note:   Addr=00001008, Word=1026, WData=00000000, RData=DEADBEEF
# ** Note: ** Addr=0000009C, Word=39, Instuction=01C32023, Mnemonic=sw x28, 00000000(x6)
# ** Note:   x5=00001008 x6=00002008 x7=00002030 x28=DEADBEEF 
# ** Note:   Addr=00002008, Word=2050, WData=DEADBEEF, RData=XXXXXXXX
# ** Note: ** Addr=000000A0, Word=40, Instuction=00428293, Mnemonic=addi x5, x5, 00000004
# ** Note:   x5=0000100C x6=00002008 x7=00002030 x28=DEADBEEF 
# ** Note: ** Addr=000000A4, Word=41, Instuction=00430313, Mnemonic=addi x6, x6, 00000004
# ** Note:   x5=0000100C x6=0000200C x7=00002030 x28=DEADBEEF 
# ** Warning: (vsim-151) NUMERIC_STD.TO_INTEGER: Value -36 is not in bounds of subtype NATURAL.
# ** Warning: (vsim-151) NUMERIC_STD.TO_INTEGER: Value -36 is not in bounds of subtype NATURAL.
# ** Note: ** Addr=000000A8, Word=42, Instuction=FEDFF06F, Mnemonic=jal x0, FFFFFFEC
# ** Note:   x5=0000100C x6=0000200C x7=00002030 x28=DEADBEEF 
# ** Note: ** Addr=00000094, Word=37, Instuction=00730C63, Mnemonic=beq x6, x7, 00000018
# ** Note:   x5=0000100C x6=0000200C x7=00002030 x28=DEADBEEF 
# ** Note: ** Addr=00000098, Word=38, Instuction=0002AE03, Mnemonic=lw x28, 00000000(x5)
# ** Note:   x5=0000100C x6=0000200C x7=00002030 x28=DEADBEEF 
# ** Note:   Addr=0000100C, Word=1027, WData=00000000, RData=DEADBEEF
# ** Note: ** Addr=0000009C, Word=39, Instuction=01C32023, Mnemonic=sw x28, 00000000(x6)
# ** Note:   x5=0000100C x6=0000200C x7=00002030 x28=DEADBEEF 
# ** Note:   Addr=0000200C, Word=2051, WData=DEADBEEF, RData=XXXXXXXX
# ** Note: ** Addr=000000A0, Word=40, Instuction=00428293, Mnemonic=addi x5, x5, 00000004
# ** Note:   x5=00001010 x6=0000200C x7=00002030 x28=DEADBEEF 
# ** Note: ** Addr=000000A4, Word=41, Instuction=00430313, Mnemonic=addi x6, x6, 00000004
# ** Note:   x5=00001010 x6=00002010 x7=00002030 x28=DEADBEEF 
# ** Warning: (vsim-151) NUMERIC_STD.TO_INTEGER: Value -32 is not in bounds of subtype NATURAL.
# ** Warning: (vsim-151) NUMERIC_STD.TO_INTEGER: Value -32 is not in bounds of subtype NATURAL.
# ** Note: ** Addr=000000A8, Word=42, Instuction=FEDFF06F, Mnemonic=jal x0, FFFFFFEC
# ** Note:   x5=00001010 x6=00002010 x7=00002030 x28=DEADBEEF 
# ** Note: ** Addr=00000094, Word=37, Instuction=00730C63, Mnemonic=beq x6, x7, 00000018
# ** Note:   x5=00001010 x6=00002010 x7=00002030 x28=DEADBEEF 
# ** Note: ** Addr=00000098, Word=38, Instuction=0002AE03, Mnemonic=lw x28, 00000000(x5)
# ** Note:   x5=00001010 x6=00002010 x7=00002030 x28=DEADBEEF 
# ** Note:   Addr=00001010, Word=1028, WData=00000000, RData=DEADBEEF
# ** Note: ** Addr=0000009C, Word=39, Instuction=01C32023, Mnemonic=sw x28, 00000000(x6)
# ** Note:   x5=00001010 x6=00002010 x7=00002030 x28=DEADBEEF 
# ** Note:   Addr=00002010, Word=2052, WData=DEADBEEF, RData=XXXXXXXX
# ** Note: ** Addr=000000A0, Word=40, Instuction=00428293, Mnemonic=addi x5, x5, 00000004
# ** Note:   x5=00001014 x6=00002010 x7=00002030 x28=DEADBEEF 
# ** Note: ** Addr=000000A4, Word=41, Instuction=00430313, Mnemonic=addi x6, x6, 00000004
# ** Note:   x5=00001014 x6=00002014 x7=00002030 x28=DEADBEEF 
# ** Warning: (vsim-151) NUMERIC_STD.TO_INTEGER: Value -28 is not in bounds of subtype NATURAL.
# ** Warning: (vsim-151) NUMERIC_STD.TO_INTEGER: Value -28 is not in bounds of subtype NATURAL.
# ** Note: ** Addr=000000A8, Word=42, Instuction=FEDFF06F, Mnemonic=jal x0, FFFFFFEC
# ** Note:   x5=00001014 x6=00002014 x7=00002030 x28=DEADBEEF 
# ** Note: ** Addr=00000094, Word=37, Instuction=00730C63, Mnemonic=beq x6, x7, 00000018
# ** Note:   x5=00001014 x6=00002014 x7=00002030 x28=DEADBEEF 
# ** Note: ** Addr=00000098, Word=38, Instuction=0002AE03, Mnemonic=lw x28, 00000000(x5)
# ** Note:   x5=00001014 x6=00002014 x7=00002030 x28=DEADBEEF 
# ** Note:   Addr=00001014, Word=1029, WData=00000000, RData=DEADBEEF
# ** Note: ** Addr=0000009C, Word=39, Instuction=01C32023, Mnemonic=sw x28, 00000000(x6)
# ** Note:   x5=00001014 x6=00002014 x7=00002030 x28=DEADBEEF 
# ** Note:   Addr=00002014, Word=2053, WData=DEADBEEF, RData=XXXXXXXX
# ** Note: ** Addr=000000A0, Word=40, Instuction=00428293, Mnemonic=addi x5, x5, 00000004
# ** Note:   x5=00001018 x6=00002014 x7=00002030 x28=DEADBEEF 
# ** Note: ** Addr=000000A4, Word=41, Instuction=00430313, Mnemonic=addi x6, x6, 00000004
# ** Note:   x5=00001018 x6=00002018 x7=00002030 x28=DEADBEEF 
# ** Warning: (vsim-151) NUMERIC_STD.TO_INTEGER: Value -24 is not in bounds of subtype NATURAL.
# ** Warning: (vsim-151) NUMERIC_STD.TO_INTEGER: Value -24 is not in bounds of subtype NATURAL.
# ** Note: ** Addr=000000A8, Word=42, Instuction=FEDFF06F, Mnemonic=jal x0, FFFFFFEC
# ** Note:   x5=00001018 x6=00002018 x7=00002030 x28=DEADBEEF 
# ** Note: ** Addr=00000094, Word=37, Instuction=00730C63, Mnemonic=beq x6, x7, 00000018
# ** Note:   x5=00001018 x6=00002018 x7=00002030 x28=DEADBEEF 
# ** Note: ** Addr=00000098, Word=38, Instuction=0002AE03, Mnemonic=lw x28, 00000000(x5)
# ** Note:   x5=00001018 x6=00002018 x7=00002030 x28=DEADBEEF 
# ** Note:   Addr=00001018, Word=1030, WData=00000000, RData=DEADBEEF
# ** Note: ** Addr=0000009C, Word=39, Instuction=01C32023, Mnemonic=sw x28, 00000000(x6)
# ** Note:   x5=00001018 x6=00002018 x7=00002030 x28=DEADBEEF 
# ** Note:   Addr=00002018, Word=2054, WData=DEADBEEF, RData=XXXXXXXX
# ** Note: ** Addr=000000A0, Word=40, Instuction=00428293, Mnemonic=addi x5, x5, 00000004
# ** Note:   x5=0000101C x6=00002018 x7=00002030 x28=DEADBEEF 
# ** Note: ** Addr=000000A4, Word=41, Instuction=00430313, Mnemonic=addi x6, x6, 00000004
# ** Note:   x5=0000101C x6=0000201C x7=00002030 x28=DEADBEEF 
# ** Warning: (vsim-151) NUMERIC_STD.TO_INTEGER: Value -20 is not in bounds of subtype NATURAL.
# ** Warning: (vsim-151) NUMERIC_STD.TO_INTEGER: Value -20 is not in bounds of subtype NATURAL.
# ** Note: ** Addr=000000A8, Word=42, Instuction=FEDFF06F, Mnemonic=jal x0, FFFFFFEC
# ** Note:   x5=0000101C x6=0000201C x7=00002030 x28=DEADBEEF 
# ** Note: ** Addr=00000094, Word=37, Instuction=00730C63, Mnemonic=beq x6, x7, 00000018
# ** Note:   x5=0000101C x6=0000201C x7=00002030 x28=DEADBEEF 
# ** Note: ** Addr=00000098, Word=38, Instuction=0002AE03, Mnemonic=lw x28, 00000000(x5)
# ** Note:   x5=0000101C x6=0000201C x7=00002030 x28=DEADBEEF 
# ** Note:   Addr=0000101C, Word=1031, WData=00000000, RData=DEADBEEF
# ** Note: ** Addr=0000009C, Word=39, Instuction=01C32023, Mnemonic=sw x28, 00000000(x6)
# ** Note:   x5=0000101C x6=0000201C x7=00002030 x28=DEADBEEF 
# ** Note:   Addr=0000201C, Word=2055, WData=DEADBEEF, RData=XXXXXXXX
# ** Note: ** Addr=000000A0, Word=40, Instuction=00428293, Mnemonic=addi x5, x5, 00000004
# ** Note:   x5=00001020 x6=0000201C x7=00002030 x28=DEADBEEF 
# ** Note: ** Addr=000000A4, Word=41, Instuction=00430313, Mnemonic=addi x6, x6, 00000004
# ** Note:   x5=00001020 x6=00002020 x7=00002030 x28=DEADBEEF 
# ** Warning: (vsim-151) NUMERIC_STD.TO_INTEGER: Value -16 is not in bounds of subtype NATURAL.
# ** Warning: (vsim-151) NUMERIC_STD.TO_INTEGER: Value -16 is not in bounds of subtype NATURAL.
# ** Note: ** Addr=000000A8, Word=42, Instuction=FEDFF06F, Mnemonic=jal x0, FFFFFFEC
# ** Note:   x5=00001020 x6=00002020 x7=00002030 x28=DEADBEEF 
# ** Note: ** Addr=00000094, Word=37, Instuction=00730C63, Mnemonic=beq x6, x7, 00000018
# ** Note:   x5=00001020 x6=00002020 x7=00002030 x28=DEADBEEF 
# ** Note: ** Addr=00000098, Word=38, Instuction=0002AE03, Mnemonic=lw x28, 00000000(x5)
# ** Note:   x5=00001020 x6=00002020 x7=00002030 x28=DEADBEEF 
# ** Note:   Addr=00001020, Word=1032, WData=00000000, RData=DEADBEEF
# ** Note: ** Addr=0000009C, Word=39, Instuction=01C32023, Mnemonic=sw x28, 00000000(x6)
# ** Note:   x5=00001020 x6=00002020 x7=00002030 x28=DEADBEEF 
# ** Note:   Addr=00002020, Word=2056, WData=DEADBEEF, RData=XXXXXXXX
# ** Note: ** Addr=000000A0, Word=40, Instuction=00428293, Mnemonic=addi x5, x5, 00000004
# ** Note:   x5=00001024 x6=00002020 x7=00002030 x28=DEADBEEF 
# ** Note: ** Addr=000000A4, Word=41, Instuction=00430313, Mnemonic=addi x6, x6, 00000004
# ** Note:   x5=00001024 x6=00002024 x7=00002030 x28=DEADBEEF 
# ** Warning: (vsim-151) NUMERIC_STD.TO_INTEGER: Value -12 is not in bounds of subtype NATURAL.
# ** Warning: (vsim-151) NUMERIC_STD.TO_INTEGER: Value -12 is not in bounds of subtype NATURAL.
# ** Note: ** Addr=000000A8, Word=42, Instuction=FEDFF06F, Mnemonic=jal x0, FFFFFFEC
# ** Note:   x5=00001024 x6=00002024 x7=00002030 x28=DEADBEEF 
# ** Note: ** Addr=00000094, Word=37, Instuction=00730C63, Mnemonic=beq x6, x7, 00000018
# ** Note:   x5=00001024 x6=00002024 x7=00002030 x28=DEADBEEF 
# ** Note: ** Addr=00000098, Word=38, Instuction=0002AE03, Mnemonic=lw x28, 00000000(x5)
# ** Note:   x5=00001024 x6=00002024 x7=00002030 x28=DEADBEEF 
# ** Note:   Addr=00001024, Word=1033, WData=00000000, RData=DEADBEEF
# ** Note: ** Addr=0000009C, Word=39, Instuction=01C32023, Mnemonic=sw x28, 00000000(x6)
# ** Note:   x5=00001024 x6=00002024 x7=00002030 x28=DEADBEEF 
# ** Note:   Addr=00002024, Word=2057, WData=DEADBEEF, RData=XXXXXXXX
# ** Note: ** Addr=000000A0, Word=40, Instuction=00428293, Mnemonic=addi x5, x5, 00000004
# ** Note:   x5=00001028 x6=00002024 x7=00002030 x28=DEADBEEF 
# ** Note: ** Addr=000000A4, Word=41, Instuction=00430313, Mnemonic=addi x6, x6, 00000004
# ** Note:   x5=00001028 x6=00002028 x7=00002030 x28=DEADBEEF 
# ** Warning: (vsim-151) NUMERIC_STD.TO_INTEGER: Value -8 is not in bounds of subtype NATURAL.
# ** Warning: (vsim-151) NUMERIC_STD.TO_INTEGER: Value -8 is not in bounds of subtype NATURAL.
# ** Note: ** Addr=000000A8, Word=42, Instuction=FEDFF06F, Mnemonic=jal x0, FFFFFFEC
# ** Note:   x5=00001028 x6=00002028 x7=00002030 x28=DEADBEEF 
# ** Note: ** Addr=00000094, Word=37, Instuction=00730C63, Mnemonic=beq x6, x7, 00000018
# ** Note:   x5=00001028 x6=00002028 x7=00002030 x28=DEADBEEF 
# ** Note: ** Addr=00000098, Word=38, Instuction=0002AE03, Mnemonic=lw x28, 00000000(x5)
# ** Note:   x5=00001028 x6=00002028 x7=00002030 
# ** Note:   Addr=00001028, Word=1034, WData=00000000, RData=00000000
# ** Note: ** Addr=0000009C, Word=39, Instuction=01C32023, Mnemonic=sw x28, 00000000(x6)
# ** Note:   x5=00001028 x6=00002028 x7=00002030 
# ** Note:   Addr=00002028, Word=2058, WData=00000000, RData=XXXXXXXX
# ** Note: ** Addr=000000A0, Word=40, Instuction=00428293, Mnemonic=addi x5, x5, 00000004
# ** Note:   x5=0000102C x6=00002028 x7=00002030 
# ** Note: ** Addr=000000A4, Word=41, Instuction=00430313, Mnemonic=addi x6, x6, 00000004
# ** Note:   x5=0000102C x6=0000202C x7=00002030 
# ** Warning: (vsim-151) NUMERIC_STD.TO_INTEGER: Value -4 is not in bounds of subtype NATURAL.
# ** Warning: (vsim-151) NUMERIC_STD.TO_INTEGER: Value -4 is not in bounds of subtype NATURAL.
# ** Note: ** Addr=000000A8, Word=42, Instuction=FEDFF06F, Mnemonic=jal x0, FFFFFFEC
# ** Note:   x5=0000102C x6=0000202C x7=00002030 
# ** Note: ** Addr=00000094, Word=37, Instuction=00730C63, Mnemonic=beq x6, x7, 00000018
# ** Note:   x5=0000102C x6=0000202C x7=00002030 
# ** Note: ** Addr=00000098, Word=38, Instuction=0002AE03, Mnemonic=lw x28, 00000000(x5)
# ** Note:   x5=0000102C x6=0000202C x7=00002030 
# ** Note:   Addr=0000102C, Word=1035, WData=00000000, RData=00000000
# ** Note: ** Addr=0000009C, Word=39, Instuction=01C32023, Mnemonic=sw x28, 00000000(x6)
# ** Note:   x5=0000102C x6=0000202C x7=00002030 
# ** Note:   Addr=0000202C, Word=2059, WData=00000000, RData=XXXXXXXX
# ** Note: ** Addr=000000A0, Word=40, Instuction=00428293, Mnemonic=addi x5, x5, 00000004
# ** Note:   x5=00001030 x6=0000202C x7=00002030 
# ** Note: ** Addr=000000A4, Word=41, Instuction=00430313, Mnemonic=addi x6, x6, 00000004
# ** Note:   x5=00001030 x6=00002030 x7=00002030 
# ** Note: ** Addr=000000A8, Word=42, Instuction=FEDFF06F, Mnemonic=jal x0, FFFFFFEC
# ** Note:   x5=00001030 x6=00002030 x7=00002030 
# ** Note: ** Addr=00000094, Word=37, Instuction=00730C63, Mnemonic=beq x6, x7, 00000018
# ** Note:   x5=00001030 x6=00002030 x7=00002030 
# ** Note: ** Addr=000000AC, Word=43, Instuction=00002297, Mnemonic=auipc x5, 00002000
# ** Note:   x5=000020AC x6=00002030 x7=00002030 
# ** Note: ** Addr=000000B0, Word=44, Instuction=F8428293, Mnemonic=addi x5, x5, FFFFFF84
# ** Note:   x5=00002030 x6=00002030 x7=00002030 
# ** Note: ** Addr=000000B4, Word=45, Instuction=00002317, Mnemonic=auipc x6, 00002000
# ** Note:   x5=00002030 x6=000020B4 x7=00002030 
# ** Note: ** Addr=000000B8, Word=46, Instuction=F7C30313, Mnemonic=addi x6, x6, FFFFFF7C
# ** Note:   x5=00002030 x6=00002030 x7=00002030 
# ** Warning: (vsim-151) NUMERIC_STD.TO_INTEGER: Value -6 is not in bounds of subtype NATURAL.
# ** Warning: (vsim-151) NUMERIC_STD.TO_INTEGER: Value -6 is not in bounds of subtype NATURAL.
# ** Note: ** Addr=000000BC, Word=47, Instuction=00000393, Mnemonic=addi x7, x0, 00000000
# ** Note:   x5=00002030 x6=00002030 
# ** Note: ** Addr=000000C0, Word=48, Instuction=00628863, Mnemonic=beq x5, x6, 00000010
# ** Note:   x5=00002030 x6=00002030 
# ** Note: ** Addr=000000D0, Word=52, Instuction=00200193, Mnemonic=addi x3, x0, 00000002
# ** Note:   x3=00000002 x5=00002030 x6=00002030 
# ** Note: ** Addr=000000D4, Word=53, Instuction=00002117, Mnemonic=auipc x2, 00002000
# ** Note:   x2=000020D4 x3=00000002 x5=00002030 x6=00002030 
# ** Note: ** Addr=000000D8, Word=54, Instuction=F2C10113, Mnemonic=addi x2, x2, FFFFFF2C
# ** Note:   x2=00002000 x3=00000002 x5=00002030 x6=00002030 
# ** Note: ** Addr=000000DC, Word=55, Instuction=00AA00B7, Mnemonic=lui x1, 00AA0000
# ** Note:   x1=00AA0000 x2=00002000 x3=00000002 x5=00002030 x6=00002030 
# ** Note: ** Addr=000000E0, Word=56, Instuction=0AA08093, Mnemonic=addi x1, x1, 000000AA
# ** Note:   x1=00AA00AA x2=00002000 x3=00000002 x5=00002030 x6=00002030 
# ** Note: ** Addr=000000E4, Word=57, Instuction=00000797, Mnemonic=auipc x15, 00000000
# ** Note:   x1=00AA00AA x2=00002000 x3=00000002 x5=00002030 x6=00002030 x15=000000E4 
# ** Note: ** Addr=000000E8, Word=58, Instuction=01478793, Mnemonic=addi x15, x15, 00000014
# ** Note:   x1=00AA00AA x2=00002000 x3=00000002 x5=00002030 x6=00002030 x15=000000F8 
# ** Note: ** Addr=000000EC, Word=59, Instuction=00112023, Mnemonic=sw x1, 00000000(x2)
# ** Note:   x1=00AA00AA x2=00002000 x3=00000002 x5=00002030 x6=00002030 x15=000000F8 
# ** Note:   Addr=00002000, Word=2048, WData=00AA00AA, RData=DEADBEEF
# ** Note: ** Addr=000000F0, Word=60, Instuction=00012703, Mnemonic=lw x14, 00000000(x2)
# ** Note:   x1=00AA00AA x2=00002000 x3=00000002 x5=00002030 x6=00002030 x14=00AA00AA x15=000000F8 
# ** Note:   Addr=00002000, Word=2048, WData=00000000, RData=00AA00AA
# ** Note: ** Addr=000000F4, Word=61, Instuction=0080006F, Mnemonic=jal x0, 00000008
# ** Note:   x1=00AA00AA x2=00002000 x3=00000002 x5=00002030 x6=00002030 x14=00AA00AA x15=000000F8 
# ** Note: ** Addr=000000FC, Word=63, Instuction=00AA03B7, Mnemonic=lui x7, 00AA0000
# ** Note:   x1=00AA00AA x2=00002000 x3=00000002 x5=00002030 x6=00002030 x7=00AA0000 x14=00AA00AA x15=000000F8 
# ** Note: ** Addr=00000100, Word=64, Instuction=0AA38393, Mnemonic=addi x7, x7, 000000AA
# ** Note:   x1=00AA00AA x2=00002000 x3=00000002 x5=00002030 x6=00002030 x7=00AA00AA x14=00AA00AA x15=000000F8 
# ** Note: ** Addr=00000104, Word=65, Instuction=4C771863, Mnemonic=bne x14, x7, 000004D0
# ** Note:   x1=00AA00AA x2=00002000 x3=00000002 x5=00002030 x6=00002030 x7=00AA00AA x14=00AA00AA x15=000000F8 
# ** Note: ** Addr=00000108, Word=66, Instuction=00300193, Mnemonic=addi x3, x0, 00000003
# ** Note:   x1=00AA00AA x2=00002000 x3=00000003 x5=00002030 x6=00002030 x7=00AA00AA x14=00AA00AA x15=000000F8 
# ** Note: ** Addr=0000010C, Word=67, Instuction=00002117, Mnemonic=auipc x2, 00002000
# ** Note:   x1=00AA00AA x2=0000210C x3=00000003 x5=00002030 x6=00002030 x7=00AA00AA x14=00AA00AA x15=000000F8 
# ** Note: ** Addr=00000110, Word=68, Instuction=EF410113, Mnemonic=addi x2, x2, FFFFFEF4
# ** Note:   x1=00AA00AA x2=00002000 x3=00000003 x5=00002030 x6=00002030 x7=00AA00AA x14=00AA00AA x15=000000F8 
# ** Warning: (vsim-151) NUMERIC_STD.TO_INTEGER: Value -1442795520 is not in bounds of subtype NATURAL.
# ** Warning: (vsim-151) NUMERIC_STD.TO_INTEGER: Value -1442795520 is not in bounds of subtype NATURAL.
# ** Warning: (vsim-151) NUMERIC_STD.TO_INTEGER: Value -1442797056 is not in bounds of subtype NATURAL.
# ** Warning: (vsim-151) NUMERIC_STD.TO_INTEGER: Value -1442797056 is not in bounds of subtype NATURAL.
# ** Note: ** Addr=00000114, Word=69, Instuction=AA00B0B7, Mnemonic=lui x1, AA00B000
# ** Note:   x1=AA00B000 x2=00002000 x3=00000003 x5=00002030 x6=00002030 x7=00AA00AA x14=00AA00AA x15=000000F8 
# ** Warning: (vsim-151) NUMERIC_STD.TO_INTEGER: Value -1442798592 is not in bounds of subtype NATURAL.
# ** Warning: (vsim-151) NUMERIC_STD.TO_INTEGER: Value -1442798592 is not in bounds of subtype NATURAL.
# ** Warning: (vsim-151) NUMERIC_STD.TO_INTEGER: Value -1442797056 is not in bounds of subtype NATURAL.
# ** Warning: (vsim-151) NUMERIC_STD.TO_INTEGER: Value -1442797056 is not in bounds of subtype NATURAL.
# ** Note: ** Addr=00000118, Word=70, Instuction=A0008093, Mnemonic=addi x1, x1, FFFFFA00
# ** Note:   x1=AA00AA00 x2=00002000 x3=00000003 x5=00002030 x6=00002030 x7=00AA00AA x14=00AA00AA x15=000000F8 
# ** Note: ** Addr=0000011C, Word=71, Instuction=00000797, Mnemonic=auipc x15, 00000000
# ** Note:   x1=AA00AA00 x2=00002000 x3=00000003 x5=00002030 x6=00002030 x7=00AA00AA x14=00AA00AA x15=0000011C 
# ** Note: ** Addr=00000120, Word=72, Instuction=01478793, Mnemonic=addi x15, x15, 00000014
# ** Note:   x1=AA00AA00 x2=00002000 x3=00000003 x5=00002030 x6=00002030 x7=00AA00AA x14=00AA00AA x15=00000130 
# ** Note: ** Addr=00000124, Word=73, Instuction=00112223, Mnemonic=sw x1, 00000004(x2)
# ** Note:   x1=AA00AA00 x2=00002000 x3=00000003 x5=00002030 x6=00002030 x7=00AA00AA x14=00AA00AA x15=00000130 
# ** Note:   Addr=00002004, Word=2049, WData=AA00AA00, RData=DEADBEEF
# ** Note: ** Addr=00000128, Word=74, Instuction=00412703, Mnemonic=lw x14, 00000004(x2)
# ** Note:   x1=AA00AA00 x2=00002000 x3=00000003 x5=00002030 x6=00002030 x7=00AA00AA x14=AA00AA00 x15=00000130 
# ** Note:   Addr=00002004, Word=2049, WData=00000000, RData=AA00AA00
# ** Warning: (vsim-151) NUMERIC_STD.TO_INTEGER: Value -1442797056 is not in bounds of subtype NATURAL.
# ** Warning: (vsim-151) NUMERIC_STD.TO_INTEGER: Value -1442797056 is not in bounds of subtype NATURAL.
# ** Note: ** Addr=0000012C, Word=75, Instuction=0080006F, Mnemonic=jal x0, 00000008
# ** Note:   x1=AA00AA00 x2=00002000 x3=00000003 x5=00002030 x6=00002030 x7=00AA00AA x14=AA00AA00 x15=00000130 
# ** Note: ** Addr=00000134, Word=77, Instuction=AA00B3B7, Mnemonic=lui x7, AA00B000
# ** Note:   x1=AA00AA00 x2=00002000 x3=00000003 x5=00002030 x6=00002030 x7=AA00B000 x14=AA00AA00 x15=00000130 
# ** Warning: (vsim-151) NUMERIC_STD.TO_INTEGER: Value -1442798592 is not in bounds of subtype NATURAL.
# ** Warning: (vsim-151) NUMERIC_STD.TO_INTEGER: Value -1442798592 is not in bounds of subtype NATURAL.
# ** Warning: (vsim-151) NUMERIC_STD.TO_INTEGER: Value -1442798216 is not in bounds of subtype NATURAL.
# ** Warning: (vsim-151) NUMERIC_STD.TO_INTEGER: Value -1442798216 is not in bounds of subtype NATURAL.
# ** Note: ** Addr=00000138, Word=78, Instuction=A0038393, Mnemonic=addi x7, x7, FFFFFA00
# ** Note:   x1=AA00AA00 x2=00002000 x3=00000003 x5=00002030 x6=00002030 x7=AA00AA00 x14=AA00AA00 x15=00000130 
# ** Note: ** Addr=0000013C, Word=79, Instuction=48771C63, Mnemonic=bne x14, x7, 00000498
# ** Note:   x1=AA00AA00 x2=00002000 x3=00000003 x5=00002030 x6=00002030 x7=AA00AA00 x14=AA00AA00 x15=00000130 
# ** Note: ** Addr=00000140, Word=80, Instuction=00400193, Mnemonic=addi x3, x0, 00000004
# ** Note:   x1=AA00AA00 x2=00002000 x3=00000004 x5=00002030 x6=00002030 x7=AA00AA00 x14=AA00AA00 x15=00000130 
# ** Note: ** Addr=00000144, Word=81, Instuction=00002117, Mnemonic=auipc x2, 00002000
# ** Note:   x1=AA00AA00 x2=00002144 x3=00000004 x5=00002030 x6=00002030 x7=AA00AA00 x14=AA00AA00 x15=00000130 
# ** Note: ** Addr=00000148, Word=82, Instuction=EBC10113, Mnemonic=addi x2, x2, FFFFFEBC
# ** Note:   x1=AA00AA00 x2=00002000 x3=00000004 x5=00002030 x6=00002030 x7=AA00AA00 x14=AA00AA00 x15=00000130 
# ** Note: ** Addr=0000014C, Word=83, Instuction=0AA010B7, Mnemonic=lui x1, 0AA01000
# ** Note:   x1=0AA01000 x2=00002000 x3=00000004 x5=00002030 x6=00002030 x7=AA00AA00 x14=AA00AA00 x15=00000130 
# ** Note: ** Addr=00000150, Word=84, Instuction=AA008093, Mnemonic=addi x1, x1, FFFFFAA0
# ** Note:   x1=0AA00AA0 x2=00002000 x3=00000004 x5=00002030 x6=00002030 x7=AA00AA00 x14=AA00AA00 x15=00000130 
# ** Note: ** Addr=00000154, Word=85, Instuction=00000797, Mnemonic=auipc x15, 00000000
# ** Note:   x1=0AA00AA0 x2=00002000 x3=00000004 x5=00002030 x6=00002030 x7=AA00AA00 x14=AA00AA00 x15=00000154 
# ** Note: ** Addr=00000158, Word=86, Instuction=01478793, Mnemonic=addi x15, x15, 00000014
# ** Note:   x1=0AA00AA0 x2=00002000 x3=00000004 x5=00002030 x6=00002030 x7=AA00AA00 x14=AA00AA00 x15=00000168 
# ** Note: ** Addr=0000015C, Word=87, Instuction=00112423, Mnemonic=sw x1, 00000008(x2)
# ** Note:   x1=0AA00AA0 x2=00002000 x3=00000004 x5=00002030 x6=00002030 x7=AA00AA00 x14=AA00AA00 x15=00000168 
# ** Note:   Addr=00002008, Word=2050, WData=0AA00AA0, RData=DEADBEEF
# ** Note: ** Addr=00000160, Word=88, Instuction=00812703, Mnemonic=lw x14, 00000008(x2)
# ** Note:   x1=0AA00AA0 x2=00002000 x3=00000004 x5=00002030 x6=00002030 x7=AA00AA00 x14=0AA00AA0 x15=00000168 
# ** Note:   Addr=00002008, Word=2050, WData=00000000, RData=0AA00AA0
# ** Note: ** Addr=00000164, Word=89, Instuction=0080006F, Mnemonic=jal x0, 00000008
# ** Note:   x1=0AA00AA0 x2=00002000 x3=00000004 x5=00002030 x6=00002030 x7=AA00AA00 x14=0AA00AA0 x15=00000168 
# ** Note: ** Addr=0000016C, Word=91, Instuction=0AA013B7, Mnemonic=lui x7, 0AA01000
# ** Note:   x1=0AA00AA0 x2=00002000 x3=00000004 x5=00002030 x6=00002030 x7=0AA01000 x14=0AA00AA0 x15=00000168 
# ** Note: ** Addr=00000170, Word=92, Instuction=AA038393, Mnemonic=addi x7, x7, FFFFFAA0
# ** Note:   x1=0AA00AA0 x2=00002000 x3=00000004 x5=00002030 x6=00002030 x7=0AA00AA0 x14=0AA00AA0 x15=00000168 
# ** Note: ** Addr=00000174, Word=93, Instuction=46771063, Mnemonic=bne x14, x7, 00000460
# ** Note:   x1=0AA00AA0 x2=00002000 x3=00000004 x5=00002030 x6=00002030 x7=0AA00AA0 x14=0AA00AA0 x15=00000168 
# ** Note: ** Addr=00000178, Word=94, Instuction=00500193, Mnemonic=addi x3, x0, 00000005
# ** Note:   x1=0AA00AA0 x2=00002000 x3=00000005 x5=00002030 x6=00002030 x7=0AA00AA0 x14=0AA00AA0 x15=00000168 
# ** Note: ** Addr=0000017C, Word=95, Instuction=00002117, Mnemonic=auipc x2, 00002000
# ** Note:   x1=0AA00AA0 x2=0000217C x3=00000005 x5=00002030 x6=00002030 x7=0AA00AA0 x14=0AA00AA0 x15=00000168 
# ** Note: ** Addr=00000180, Word=96, Instuction=E8410113, Mnemonic=addi x2, x2, FFFFFE84
# ** Note:   x1=0AA00AA0 x2=00002000 x3=00000005 x5=00002030 x6=00002030 x7=0AA00AA0 x14=0AA00AA0 x15=00000168 
# ** Warning: (vsim-151) NUMERIC_STD.TO_INTEGER: Value -1609916406 is not in bounds of subtype NATURAL.
# ** Warning: (vsim-151) NUMERIC_STD.TO_INTEGER: Value -1609916406 is not in bounds of subtype NATURAL.
# ** Note: ** Addr=00000184, Word=97, Instuction=A00AA0B7, Mnemonic=lui x1, A00AA000
# ** Note:   x1=A00AA000 x2=00002000 x3=00000005 x5=00002030 x6=00002030 x7=0AA00AA0 x14=0AA00AA0 x15=00000168 
# ** Warning: (vsim-151) NUMERIC_STD.TO_INTEGER: Value -1609916396 is not in bounds of subtype NATURAL.
# ** Warning: (vsim-151) NUMERIC_STD.TO_INTEGER: Value -1609916396 is not in bounds of subtype NATURAL.
# ** Warning: (vsim-151) NUMERIC_STD.TO_INTEGER: Value -1609916406 is not in bounds of subtype NATURAL.
# ** Warning: (vsim-151) NUMERIC_STD.TO_INTEGER: Value -1609916406 is not in bounds of subtype NATURAL.
# ** Note: ** Addr=00000188, Word=98, Instuction=00A08093, Mnemonic=addi x1, x1, 0000000A
# ** Note:   x1=A00AA00A x2=00002000 x3=00000005 x5=00002030 x6=00002030 x7=0AA00AA0 x14=0AA00AA0 x15=00000168 
# ** Note: ** Addr=0000018C, Word=99, Instuction=00000797, Mnemonic=auipc x15, 00000000
# ** Note:   x1=A00AA00A x2=00002000 x3=00000005 x5=00002030 x6=00002030 x7=0AA00AA0 x14=0AA00AA0 x15=0000018C 
# ** Note: ** Addr=00000190, Word=100, Instuction=01478793, Mnemonic=addi x15, x15, 00000014
# ** Note:   x1=A00AA00A x2=00002000 x3=00000005 x5=00002030 x6=00002030 x7=0AA00AA0 x14=0AA00AA0 x15=000001A0 
# ** Note: ** Addr=00000194, Word=101, Instuction=00112623, Mnemonic=sw x1, 0000000C(x2)
# ** Note:   x1=A00AA00A x2=00002000 x3=00000005 x5=00002030 x6=00002030 x7=0AA00AA0 x14=0AA00AA0 x15=000001A0 
# ** Note:   Addr=0000200C, Word=2051, WData=A00AA00A, RData=DEADBEEF
# ** Note: ** Addr=00000198, Word=102, Instuction=00C12703, Mnemonic=lw x14, 0000000C(x2)
# ** Note:   x1=A00AA00A x2=00002000 x3=00000005 x5=00002030 x6=00002030 x7=0AA00AA0 x14=A00AA00A x15=000001A0 
# ** Note:   Addr=0000200C, Word=2051, WData=00000000, RData=A00AA00A
# ** Note: ** Addr=0000019C, Word=103, Instuction=0080006F, Mnemonic=jal x0, 00000008
# ** Note:   x1=A00AA00A x2=00002000 x3=00000005 x5=00002030 x6=00002030 x7=0AA00AA0 x14=A00AA00A x15=000001A0 
# ** Warning: (vsim-151) NUMERIC_STD.TO_INTEGER: Value -1609916406 is not in bounds of subtype NATURAL.
# ** Warning: (vsim-151) NUMERIC_STD.TO_INTEGER: Value -1609916406 is not in bounds of subtype NATURAL.
# ** Note: ** Addr=000001A4, Word=105, Instuction=A00AA3B7, Mnemonic=lui x7, A00AA000
# ** Note:   x1=A00AA00A x2=00002000 x3=00000005 x5=00002030 x6=00002030 x7=A00AA000 x14=A00AA00A x15=000001A0 
# ** Warning: (vsim-151) NUMERIC_STD.TO_INTEGER: Value -1609916396 is not in bounds of subtype NATURAL.
# ** Warning: (vsim-151) NUMERIC_STD.TO_INTEGER: Value -1609916396 is not in bounds of subtype NATURAL.
# ** Warning: (vsim-151) NUMERIC_STD.TO_INTEGER: Value -1609917470 is not in bounds of subtype NATURAL.
# ** Warning: (vsim-151) NUMERIC_STD.TO_INTEGER: Value -1609917470 is not in bounds of subtype NATURAL.
# ** Note: ** Addr=000001A8, Word=106, Instuction=00A38393, Mnemonic=addi x7, x7, 0000000A
# ** Note:   x1=A00AA00A x2=00002000 x3=00000005 x5=00002030 x6=00002030 x7=A00AA00A x14=A00AA00A x15=000001A0 
# ** Note: ** Addr=000001AC, Word=107, Instuction=42771463, Mnemonic=bne x14, x7, 00000428
# ** Note:   x1=A00AA00A x2=00002000 x3=00000005 x5=00002030 x6=00002030 x7=A00AA00A x14=A00AA00A x15=000001A0 
# ** Note: ** Addr=000001B0, Word=108, Instuction=00600193, Mnemonic=addi x3, x0, 00000006
# ** Note:   x1=A00AA00A x2=00002000 x3=00000006 x5=00002030 x6=00002030 x7=A00AA00A x14=A00AA00A x15=000001A0 
# ** Note: ** Addr=000001B4, Word=109, Instuction=00002117, Mnemonic=auipc x2, 00002000
# ** Note:   x1=A00AA00A x2=000021B4 x3=00000006 x5=00002030 x6=00002030 x7=A00AA00A x14=A00AA00A x15=000001A0 
# ** Note: ** Addr=000001B8, Word=110, Instuction=E6810113, Mnemonic=addi x2, x2, FFFFFE68
# ** Note:   x1=A00AA00A x2=0000201C x3=00000006 x5=00002030 x6=00002030 x7=A00AA00A x14=A00AA00A x15=000001A0 
# ** Note: ** Addr=000001BC, Word=111, Instuction=00AA00B7, Mnemonic=lui x1, 00AA0000
# ** Note:   x1=00AA0000 x2=0000201C x3=00000006 x5=00002030 x6=00002030 x7=A00AA00A x14=A00AA00A x15=000001A0 
# ** Note: ** Addr=000001C0, Word=112, Instuction=0AA08093, Mnemonic=addi x1, x1, 000000AA
# ** Note:   x1=00AA00AA x2=0000201C x3=00000006 x5=00002030 x6=00002030 x7=A00AA00A x14=A00AA00A x15=000001A0 
# ** Note: ** Addr=000001C4, Word=113, Instuction=00000797, Mnemonic=auipc x15, 00000000
# ** Note:   x1=00AA00AA x2=0000201C x3=00000006 x5=00002030 x6=00002030 x7=A00AA00A x14=A00AA00A x15=000001C4 
# ** Note: ** Addr=000001C8, Word=114, Instuction=01478793, Mnemonic=addi x15, x15, 00000014
# ** Note:   x1=00AA00AA x2=0000201C x3=00000006 x5=00002030 x6=00002030 x7=A00AA00A x14=A00AA00A x15=000001D8 
# ** Note: ** Addr=000001CC, Word=115, Instuction=FE112A23, Mnemonic=sw x1, FFFFFFF4(x2)
# ** Note:   x1=00AA00AA x2=0000201C x3=00000006 x5=00002030 x6=00002030 x7=A00AA00A x14=A00AA00A x15=000001D8 
# ** Note:   Addr=00002010, Word=2052, WData=00AA00AA, RData=DEADBEEF
# ** Note: ** Addr=000001D0, Word=116, Instuction=FF412703, Mnemonic=lw x14, FFFFFFF4(x2)
# ** Note:   x1=00AA00AA x2=0000201C x3=00000006 x5=00002030 x6=00002030 x7=A00AA00A x14=00AA00AA x15=000001D8 
# ** Note:   Addr=00002010, Word=2052, WData=00000000, RData=00AA00AA
# ** Note: ** Addr=000001D4, Word=117, Instuction=0080006F, Mnemonic=jal x0, 00000008
# ** Note:   x1=00AA00AA x2=0000201C x3=00000006 x5=00002030 x6=00002030 x7=A00AA00A x14=00AA00AA x15=000001D8 
# ** Note: ** Addr=000001DC, Word=119, Instuction=00AA03B7, Mnemonic=lui x7, 00AA0000
# ** Note:   x1=00AA00AA x2=0000201C x3=00000006 x5=00002030 x6=00002030 x7=00AA0000 x14=00AA00AA x15=000001D8 
# ** Note: ** Addr=000001E0, Word=120, Instuction=0AA38393, Mnemonic=addi x7, x7, 000000AA
# ** Note:   x1=00AA00AA x2=0000201C x3=00000006 x5=00002030 x6=00002030 x7=00AA00AA x14=00AA00AA x15=000001D8 
# ** Note: ** Addr=000001E4, Word=121, Instuction=3E771863, Mnemonic=bne x14, x7, 000003F0
# ** Note:   x1=00AA00AA x2=0000201C x3=00000006 x5=00002030 x6=00002030 x7=00AA00AA x14=00AA00AA x15=000001D8 
# ** Note: ** Addr=000001E8, Word=122, Instuction=00700193, Mnemonic=addi x3, x0, 00000007
# ** Note:   x1=00AA00AA x2=0000201C x3=00000007 x5=00002030 x6=00002030 x7=00AA00AA x14=00AA00AA x15=000001D8 
# ** Note: ** Addr=000001EC, Word=123, Instuction=00002117, Mnemonic=auipc x2, 00002000
# ** Note:   x1=00AA00AA x2=000021EC x3=00000007 x5=00002030 x6=00002030 x7=00AA00AA x14=00AA00AA x15=000001D8 
# ** Note: ** Addr=000001F0, Word=124, Instuction=E3010113, Mnemonic=addi x2, x2, FFFFFE30
# ** Note:   x1=00AA00AA x2=0000201C x3=00000007 x5=00002030 x6=00002030 x7=00AA00AA x14=00AA00AA x15=000001D8 
# ** Warning: (vsim-151) NUMERIC_STD.TO_INTEGER: Value -1442795520 is not in bounds of subtype NATURAL.
# ** Warning: (vsim-151) NUMERIC_STD.TO_INTEGER: Value -1442795520 is not in bounds of subtype NATURAL.
# ** Warning: (vsim-151) NUMERIC_STD.TO_INTEGER: Value -1442797056 is not in bounds of subtype NATURAL.
# ** Warning: (vsim-151) NUMERIC_STD.TO_INTEGER: Value -1442797056 is not in bounds of subtype NATURAL.
# ** Note: ** Addr=000001F4, Word=125, Instuction=AA00B0B7, Mnemonic=lui x1, AA00B000
# ** Note:   x1=AA00B000 x2=0000201C x3=00000007 x5=00002030 x6=00002030 x7=00AA00AA x14=00AA00AA x15=000001D8 
# ** Warning: (vsim-151) NUMERIC_STD.TO_INTEGER: Value -1442798592 is not in bounds of subtype NATURAL.
# ** Warning: (vsim-151) NUMERIC_STD.TO_INTEGER: Value -1442798592 is not in bounds of subtype NATURAL.
# ** Warning: (vsim-151) NUMERIC_STD.TO_INTEGER: Value -1442797056 is not in bounds of subtype NATURAL.
# ** Warning: (vsim-151) NUMERIC_STD.TO_INTEGER: Value -1442797056 is not in bounds of subtype NATURAL.
# ** Note: ** Addr=000001F8, Word=126, Instuction=A0008093, Mnemonic=addi x1, x1, FFFFFA00
# ** Note:   x1=AA00AA00 x2=0000201C x3=00000007 x5=00002030 x6=00002030 x7=00AA00AA x14=00AA00AA x15=000001D8 
# ** Note: ** Addr=000001FC, Word=127, Instuction=00000797, Mnemonic=auipc x15, 00000000
# ** Note:   x1=AA00AA00 x2=0000201C x3=00000007 x5=00002030 x6=00002030 x7=00AA00AA x14=00AA00AA x15=000001FC 
# ** Note: ** Addr=00000200, Word=128, Instuction=01478793, Mnemonic=addi x15, x15, 00000014
# ** Note:   x1=AA00AA00 x2=0000201C x3=00000007 x5=00002030 x6=00002030 x7=00AA00AA x14=00AA00AA x15=00000210 
# ** Note: ** Addr=00000204, Word=129, Instuction=FE112C23, Mnemonic=sw x1, FFFFFFF8(x2)
# ** Note:   x1=AA00AA00 x2=0000201C x3=00000007 x5=00002030 x6=00002030 x7=00AA00AA x14=00AA00AA x15=00000210 
# ** Note:   Addr=00002014, Word=2053, WData=AA00AA00, RData=DEADBEEF
# ** Note: ** Addr=00000208, Word=130, Instuction=FF812703, Mnemonic=lw x14, FFFFFFF8(x2)
# ** Note:   x1=AA00AA00 x2=0000201C x3=00000007 x5=00002030 x6=00002030 x7=00AA00AA x14=AA00AA00 x15=00000210 
# ** Note:   Addr=00002014, Word=2053, WData=00000000, RData=AA00AA00
# ** Warning: (vsim-151) NUMERIC_STD.TO_INTEGER: Value -1442797056 is not in bounds of subtype NATURAL.
# ** Warning: (vsim-151) NUMERIC_STD.TO_INTEGER: Value -1442797056 is not in bounds of subtype NATURAL.
# ** Note: ** Addr=0000020C, Word=131, Instuction=0080006F, Mnemonic=jal x0, 00000008
# ** Note:   x1=AA00AA00 x2=0000201C x3=00000007 x5=00002030 x6=00002030 x7=00AA00AA x14=AA00AA00 x15=00000210 
# ** Note: ** Addr=00000214, Word=133, Instuction=AA00B3B7, Mnemonic=lui x7, AA00B000
# ** Note:   x1=AA00AA00 x2=0000201C x3=00000007 x5=00002030 x6=00002030 x7=AA00B000 x14=AA00AA00 x15=00000210 
# ** Warning: (vsim-151) NUMERIC_STD.TO_INTEGER: Value -1442798592 is not in bounds of subtype NATURAL.
# ** Warning: (vsim-151) NUMERIC_STD.TO_INTEGER: Value -1442798592 is not in bounds of subtype NATURAL.
# ** Warning: (vsim-151) NUMERIC_STD.TO_INTEGER: Value -1442797992 is not in bounds of subtype NATURAL.
# ** Warning: (vsim-151) NUMERIC_STD.TO_INTEGER: Value -1442797992 is not in bounds of subtype NATURAL.
# ** Note: ** Addr=00000218, Word=134, Instuction=A0038393, Mnemonic=addi x7, x7, FFFFFA00
# ** Note:   x1=AA00AA00 x2=0000201C x3=00000007 x5=00002030 x6=00002030 x7=AA00AA00 x14=AA00AA00 x15=00000210 
# ** Note: ** Addr=0000021C, Word=135, Instuction=3A771C63, Mnemonic=bne x14, x7, 000003B8
# ** Note:   x1=AA00AA00 x2=0000201C x3=00000007 x5=00002030 x6=00002030 x7=AA00AA00 x14=AA00AA00 x15=00000210 
# ** Note: ** Addr=00000220, Word=136, Instuction=00800193, Mnemonic=addi x3, x0, 00000008
# ** Note:   x1=AA00AA00 x2=0000201C x3=00000008 x5=00002030 x6=00002030 x7=AA00AA00 x14=AA00AA00 x15=00000210 
# ** Note: ** Addr=00000224, Word=137, Instuction=00002117, Mnemonic=auipc x2, 00002000
# ** Note:   x1=AA00AA00 x2=00002224 x3=00000008 x5=00002030 x6=00002030 x7=AA00AA00 x14=AA00AA00 x15=00000210 
# ** Note: ** Addr=00000228, Word=138, Instuction=DF810113, Mnemonic=addi x2, x2, FFFFFDF8
# ** Note:   x1=AA00AA00 x2=0000201C x3=00000008 x5=00002030 x6=00002030 x7=AA00AA00 x14=AA00AA00 x15=00000210 
# ** Note: ** Addr=0000022C, Word=139, Instuction=0AA010B7, Mnemonic=lui x1, 0AA01000
# ** Note:   x1=0AA01000 x2=0000201C x3=00000008 x5=00002030 x6=00002030 x7=AA00AA00 x14=AA00AA00 x15=00000210 
# ** Note: ** Addr=00000230, Word=140, Instuction=AA008093, Mnemonic=addi x1, x1, FFFFFAA0
# ** Note:   x1=0AA00AA0 x2=0000201C x3=00000008 x5=00002030 x6=00002030 x7=AA00AA00 x14=AA00AA00 x15=00000210 
# ** Note: ** Addr=00000234, Word=141, Instuction=00000797, Mnemonic=auipc x15, 00000000
# ** Note:   x1=0AA00AA0 x2=0000201C x3=00000008 x5=00002030 x6=00002030 x7=AA00AA00 x14=AA00AA00 x15=00000234 
# ** Note: ** Addr=00000238, Word=142, Instuction=01478793, Mnemonic=addi x15, x15, 00000014
# ** Note:   x1=0AA00AA0 x2=0000201C x3=00000008 x5=00002030 x6=00002030 x7=AA00AA00 x14=AA00AA00 x15=00000248 
# ** Note: ** Addr=0000023C, Word=143, Instuction=FE112E23, Mnemonic=sw x1, FFFFFFFC(x2)
# ** Note:   x1=0AA00AA0 x2=0000201C x3=00000008 x5=00002030 x6=00002030 x7=AA00AA00 x14=AA00AA00 x15=00000248 
# ** Note:   Addr=00002018, Word=2054, WData=0AA00AA0, RData=DEADBEEF
# ** Note: ** Addr=00000240, Word=144, Instuction=FFC12703, Mnemonic=lw x14, FFFFFFFC(x2)
# ** Note:   x1=0AA00AA0 x2=0000201C x3=00000008 x5=00002030 x6=00002030 x7=AA00AA00 x14=0AA00AA0 x15=00000248 
# ** Note:   Addr=00002018, Word=2054, WData=00000000, RData=0AA00AA0
# ** Note: ** Addr=00000244, Word=145, Instuction=0080006F, Mnemonic=jal x0, 00000008
# ** Note:   x1=0AA00AA0 x2=0000201C x3=00000008 x5=00002030 x6=00002030 x7=AA00AA00 x14=0AA00AA0 x15=00000248 
# ** Note: ** Addr=0000024C, Word=147, Instuction=0AA013B7, Mnemonic=lui x7, 0AA01000
# ** Note:   x1=0AA00AA0 x2=0000201C x3=00000008 x5=00002030 x6=00002030 x7=0AA01000 x14=0AA00AA0 x15=00000248 
# ** Note: ** Addr=00000250, Word=148, Instuction=AA038393, Mnemonic=addi x7, x7, FFFFFAA0
# ** Note:   x1=0AA00AA0 x2=0000201C x3=00000008 x5=00002030 x6=00002030 x7=0AA00AA0 x14=0AA00AA0 x15=00000248 
# ** Note: ** Addr=00000254, Word=149, Instuction=38771063, Mnemonic=bne x14, x7, 00000380
# ** Note:   x1=0AA00AA0 x2=0000201C x3=00000008 x5=00002030 x6=00002030 x7=0AA00AA0 x14=0AA00AA0 x15=00000248 
# ** Note: ** Addr=00000258, Word=150, Instuction=00900193, Mnemonic=addi x3, x0, 00000009
# ** Note:   x1=0AA00AA0 x2=0000201C x3=00000009 x5=00002030 x6=00002030 x7=0AA00AA0 x14=0AA00AA0 x15=00000248 
# ** Note: ** Addr=0000025C, Word=151, Instuction=00002117, Mnemonic=auipc x2, 00002000
# ** Note:   x1=0AA00AA0 x2=0000225C x3=00000009 x5=00002030 x6=00002030 x7=0AA00AA0 x14=0AA00AA0 x15=00000248 
# ** Note: ** Addr=00000260, Word=152, Instuction=DC010113, Mnemonic=addi x2, x2, FFFFFDC0
# ** Note:   x1=0AA00AA0 x2=0000201C x3=00000009 x5=00002030 x6=00002030 x7=0AA00AA0 x14=0AA00AA0 x15=00000248 
# ** Warning: (vsim-151) NUMERIC_STD.TO_INTEGER: Value -1609916406 is not in bounds of subtype NATURAL.
# ** Warning: (vsim-151) NUMERIC_STD.TO_INTEGER: Value -1609916406 is not in bounds of subtype NATURAL.
# ** Note: ** Addr=00000264, Word=153, Instuction=A00AA0B7, Mnemonic=lui x1, A00AA000
# ** Note:   x1=A00AA000 x2=0000201C x3=00000009 x5=00002030 x6=00002030 x7=0AA00AA0 x14=0AA00AA0 x15=00000248 
# ** Warning: (vsim-151) NUMERIC_STD.TO_INTEGER: Value -1609916396 is not in bounds of subtype NATURAL.
# ** Warning: (vsim-151) NUMERIC_STD.TO_INTEGER: Value -1609916396 is not in bounds of subtype NATURAL.
# ** Warning: (vsim-151) NUMERIC_STD.TO_INTEGER: Value -1609916406 is not in bounds of subtype NATURAL.
# ** Warning: (vsim-151) NUMERIC_STD.TO_INTEGER: Value -1609916406 is not in bounds of subtype NATURAL.
# ** Note: ** Addr=00000268, Word=154, Instuction=00A08093, Mnemonic=addi x1, x1, 0000000A
# ** Note:   x1=A00AA00A x2=0000201C x3=00000009 x5=00002030 x6=00002030 x7=0AA00AA0 x14=0AA00AA0 x15=00000248 
# ** Note: ** Addr=0000026C, Word=155, Instuction=00000797, Mnemonic=auipc x15, 00000000
# ** Note:   x1=A00AA00A x2=0000201C x3=00000009 x5=00002030 x6=00002030 x7=0AA00AA0 x14=0AA00AA0 x15=0000026C 
# ** Note: ** Addr=00000270, Word=156, Instuction=01478793, Mnemonic=addi x15, x15, 00000014
# ** Note:   x1=A00AA00A x2=0000201C x3=00000009 x5=00002030 x6=00002030 x7=0AA00AA0 x14=0AA00AA0 x15=00000280 
# ** Note: ** Addr=00000274, Word=157, Instuction=00112023, Mnemonic=sw x1, 00000000(x2)
# ** Note:   x1=A00AA00A x2=0000201C x3=00000009 x5=00002030 x6=00002030 x7=0AA00AA0 x14=0AA00AA0 x15=00000280 
# ** Note:   Addr=0000201C, Word=2055, WData=A00AA00A, RData=DEADBEEF
# ** Note: ** Addr=00000278, Word=158, Instuction=00012703, Mnemonic=lw x14, 00000000(x2)
# ** Note:   x1=A00AA00A x2=0000201C x3=00000009 x5=00002030 x6=00002030 x7=0AA00AA0 x14=A00AA00A x15=00000280 
# ** Note:   Addr=0000201C, Word=2055, WData=00000000, RData=A00AA00A
# ** Note: ** Addr=0000027C, Word=159, Instuction=0080006F, Mnemonic=jal x0, 00000008
# ** Note:   x1=A00AA00A x2=0000201C x3=00000009 x5=00002030 x6=00002030 x7=0AA00AA0 x14=A00AA00A x15=00000280 
# ** Warning: (vsim-151) NUMERIC_STD.TO_INTEGER: Value -1609916406 is not in bounds of subtype NATURAL.
# ** Warning: (vsim-151) NUMERIC_STD.TO_INTEGER: Value -1609916406 is not in bounds of subtype NATURAL.
# ** Note: ** Addr=00000284, Word=161, Instuction=A00AA3B7, Mnemonic=lui x7, A00AA000
# ** Note:   x1=A00AA00A x2=0000201C x3=00000009 x5=00002030 x6=00002030 x7=A00AA000 x14=A00AA00A x15=00000280 
# ** Warning: (vsim-151) NUMERIC_STD.TO_INTEGER: Value -1609916396 is not in bounds of subtype NATURAL.
# ** Warning: (vsim-151) NUMERIC_STD.TO_INTEGER: Value -1609916396 is not in bounds of subtype NATURAL.
# ** Warning: (vsim-151) NUMERIC_STD.TO_INTEGER: Value -1609917246 is not in bounds of subtype NATURAL.
# ** Warning: (vsim-151) NUMERIC_STD.TO_INTEGER: Value -1609917246 is not in bounds of subtype NATURAL.
# ** Note: ** Addr=00000288, Word=162, Instuction=00A38393, Mnemonic=addi x7, x7, 0000000A
# ** Note:   x1=A00AA00A x2=0000201C x3=00000009 x5=00002030 x6=00002030 x7=A00AA00A x14=A00AA00A x15=00000280 
# ** Note: ** Addr=0000028C, Word=163, Instuction=34771463, Mnemonic=bne x14, x7, 00000348
# ** Note:   x1=A00AA00A x2=0000201C x3=00000009 x5=00002030 x6=00002030 x7=A00AA00A x14=A00AA00A x15=00000280 
# ** Note: ** Addr=00000290, Word=164, Instuction=00A00193, Mnemonic=addi x3, x0, 0000000A
# ** Note:   x1=A00AA00A x2=0000201C x3=0000000A x5=00002030 x6=00002030 x7=A00AA00A x14=A00AA00A x15=00000280 
# ** Note: ** Addr=00000294, Word=165, Instuction=00002097, Mnemonic=auipc x1, 00002000
# ** Note:   x1=00002294 x2=0000201C x3=0000000A x5=00002030 x6=00002030 x7=A00AA00A x14=A00AA00A x15=00000280 
# ** Note: ** Addr=00000298, Word=166, Instuction=D8C08093, Mnemonic=addi x1, x1, FFFFFD8C
# ** Note:   x1=00002020 x2=0000201C x3=0000000A x5=00002030 x6=00002030 x7=A00AA00A x14=A00AA00A x15=00000280 
# ** Note: ** Addr=0000029C, Word=167, Instuction=12345137, Mnemonic=lui x2, 12345000
# ** Note:   x1=00002020 x2=12345000 x3=0000000A x5=00002030 x6=00002030 x7=A00AA00A x14=A00AA00A x15=00000280 
# ** Note: ** Addr=000002A0, Word=168, Instuction=67810113, Mnemonic=addi x2, x2, 00000678
# ** Note:   x1=00002020 x2=12345678 x3=0000000A x5=00002030 x6=00002030 x7=A00AA00A x14=A00AA00A x15=00000280 
# ** Note: ** Addr=000002A4, Word=169, Instuction=FE008213, Mnemonic=addi x4, x1, FFFFFFE0
# ** Note:   x1=00002020 x2=12345678 x3=0000000A x4=00002000 x5=00002030 x6=00002030 x7=A00AA00A x14=A00AA00A x15=00000280 
# ** Note: ** Addr=000002A8, Word=170, Instuction=02222023, Mnemonic=sw x2, 00000020(x4)
# ** Note:   x1=00002020 x2=12345678 x3=0000000A x4=00002000 x5=00002030 x6=00002030 x7=A00AA00A x14=A00AA00A x15=00000280 
# ** Note:   Addr=00002020, Word=2056, WData=12345678, RData=DEADBEEF
# ** Note: ** Addr=000002AC, Word=171, Instuction=0000A283, Mnemonic=lw x5, 00000000(x1)
# ** Note:   x1=00002020 x2=12345678 x3=0000000A x4=00002000 x5=12345678 x6=00002030 x7=A00AA00A x14=A00AA00A x15=00000280 
# ** Note:   Addr=00002020, Word=2056, WData=00000000, RData=12345678
# ** Note: ** Addr=000002B0, Word=172, Instuction=123453B7, Mnemonic=lui x7, 12345000
# ** Note:   x1=00002020 x2=12345678 x3=0000000A x4=00002000 x5=12345678 x6=00002030 x7=12345000 x14=A00AA00A x15=00000280 
# ** Note: ** Addr=000002B4, Word=173, Instuction=67838393, Mnemonic=addi x7, x7, 00000678
# ** Note:   x1=00002020 x2=12345678 x3=0000000A x4=00002000 x5=12345678 x6=00002030 x7=12345678 x14=A00AA00A x15=00000280 
# ** Note: ** Addr=000002B8, Word=174, Instuction=30729E63, Mnemonic=bne x5, x7, 0000031C
# ** Note:   x1=00002020 x2=12345678 x3=0000000A x4=00002000 x5=12345678 x6=00002030 x7=12345678 x14=A00AA00A x15=00000280 
# ** Note: ** Addr=000002BC, Word=175, Instuction=00B00193, Mnemonic=addi x3, x0, 0000000B
# ** Note:   x1=00002020 x2=12345678 x3=0000000B x4=00002000 x5=12345678 x6=00002030 x7=12345678 x14=A00AA00A x15=00000280 
# ** Note: ** Addr=000002C0, Word=176, Instuction=00002097, Mnemonic=auipc x1, 00002000
# ** Note:   x1=000022C0 x2=12345678 x3=0000000B x4=00002000 x5=12345678 x6=00002030 x7=12345678 x14=A00AA00A x15=00000280 
# ** Note: ** Addr=000002C4, Word=177, Instuction=D6008093, Mnemonic=addi x1, x1, FFFFFD60
# ** Note:   x1=00002020 x2=12345678 x3=0000000B x4=00002000 x5=12345678 x6=00002030 x7=12345678 x14=A00AA00A x15=00000280 
# ** Warning: (vsim-151) NUMERIC_STD.TO_INTEGER: Value -1337827328 is not in bounds of subtype NATURAL.
# ** Warning: (vsim-151) NUMERIC_STD.TO_INTEGER: Value -1337827328 is not in bounds of subtype NATURAL.
# ** Note: ** Addr=000002C8, Word=178, Instuction=58213137, Mnemonic=lui x2, 58213000
# ** Note:   x1=00002020 x2=58213000 x3=0000000B x4=00002000 x5=12345678 x6=00002030 x7=12345678 x14=A00AA00A x15=00000280 
# ** Note: ** Addr=000002CC, Word=179, Instuction=09810113, Mnemonic=addi x2, x2, 00000098
# ** Note:   x1=00002020 x2=58213098 x3=0000000B x4=00002000 x5=12345678 x6=00002030 x7=12345678 x14=A00AA00A x15=00000280 
# ** Note: ** Addr=000002D0, Word=180, Instuction=FFD08093, Mnemonic=addi x1, x1, FFFFFFFD
# ** Note:   x1=0000201D x2=58213098 x3=0000000B x4=00002000 x5=12345678 x6=00002030 x7=12345678 x14=A00AA00A x15=00000280 
# ** Note: ** Addr=000002D4, Word=181, Instuction=0020A3A3, Mnemonic=sw x2, 00000007(x1)
# ** Note:   x1=0000201D x2=58213098 x3=0000000B x4=00002000 x5=12345678 x6=00002030 x7=12345678 x14=A00AA00A x15=00000280 
# ** Note:   Addr=00002024, Word=2057, WData=58213098, RData=DEADBEEF
# ** Note: ** Addr=000002D8, Word=182, Instuction=00002217, Mnemonic=auipc x4, 00002000
# ** Note:   x1=0000201D x2=58213098 x3=0000000B x4=000022D8 x5=12345678 x6=00002030 x7=12345678 x14=A00AA00A x15=00000280 
# ** Note: ** Addr=000002DC, Word=183, Instuction=D4C20213, Mnemonic=addi x4, x4, FFFFFD4C
# ** Note:   x1=0000201D x2=58213098 x3=0000000B x4=00002024 x5=12345678 x6=00002030 x7=12345678 x14=A00AA00A x15=00000280 
# ** Warning: (vsim-151) NUMERIC_STD.TO_INTEGER: Value -1337827024 is not in bounds of subtype NATURAL.
# ** Warning: (vsim-151) NUMERIC_STD.TO_INTEGER: Value -1337827024 is not in bounds of subtype NATURAL.
# ** Warning: (vsim-151) NUMERIC_STD.TO_INTEGER: Value -1337827024 is not in bounds of subtype NATURAL.
# ** Warning: (vsim-151) NUMERIC_STD.TO_INTEGER: Value -1337827024 is not in bounds of subtype NATURAL.
# ** Note: ** Addr=000002E0, Word=184, Instuction=00022283, Mnemonic=lw x5, 00000000(x4)
# ** Note:   x1=0000201D x2=58213098 x3=0000000B x4=00002024 x5=58213098 x6=00002030 x7=12345678 x14=A00AA00A x15=00000280 
# ** Note:   Addr=00002024, Word=2057, WData=00000000, RData=58213098
# ** Note: ** Addr=000002E4, Word=185, Instuction=582133B7, Mnemonic=lui x7, 58213000
# ** Note:   x1=0000201D x2=58213098 x3=0000000B x4=00002024 x5=58213098 x6=00002030 x7=58213000 x14=A00AA00A x15=00000280 
# ** Note: ** Addr=000002E8, Word=186, Instuction=09838393, Mnemonic=addi x7, x7, 00000098
# ** Note:   x1=0000201D x2=58213098 x3=0000000B x4=00002024 x5=58213098 x6=00002030 x7=58213098 x14=A00AA00A x15=00000280 
# ** Warning: (vsim-151) NUMERIC_STD.TO_INTEGER: Value -1337827024 is not in bounds of subtype NATURAL.
# ** Warning: (vsim-151) NUMERIC_STD.TO_INTEGER: Value -1337827024 is not in bounds of subtype NATURAL.
# ** Note: ** Addr=000002EC, Word=187, Instuction=2E729463, Mnemonic=bne x5, x7, 000002E8
# ** Note:   x1=0000201D x2=58213098 x3=0000000B x4=00002024 x5=58213098 x6=00002030 x7=58213098 x14=A00AA00A x15=00000280 
# ** Note: ** Addr=000002F0, Word=188, Instuction=00C00193, Mnemonic=addi x3, x0, 0000000C
# ** Note:   x1=0000201D x2=58213098 x3=0000000C x4=00002024 x5=58213098 x6=00002030 x7=58213098 x14=A00AA00A x15=00000280 
# ** Warning: (vsim-151) NUMERIC_STD.TO_INTEGER: Value -1366 is not in bounds of subtype NATURAL.
# ** Warning: (vsim-151) NUMERIC_STD.TO_INTEGER: Value -1366 is not in bounds of subtype NATURAL.
# ** Note: ** Addr=000002F4, Word=189, Instuction=00000213, Mnemonic=addi x4, x0, 00000000
# ** Note:   x1=0000201D x2=58213098 x3=0000000C x5=58213098 x6=00002030 x7=58213098 x14=A00AA00A x15=00000280 
# ** Warning: (vsim-151) NUMERIC_STD.TO_INTEGER: Value -1430532900 is not in bounds of subtype NATURAL.
# ** Warning: (vsim-151) NUMERIC_STD.TO_INTEGER: Value -1430532900 is not in bounds of subtype NATURAL.
# ** Note: ** Addr=000002F8, Word=190, Instuction=AABBD6B7, Mnemonic=lui x13, AABBD000
# ** Note:   x1=0000201D x2=58213098 x3=0000000C x5=58213098 x6=00002030 x7=58213098 x13=AABBD000 x14=A00AA00A x15=00000280 
# ** Warning: (vsim-151) NUMERIC_STD.TO_INTEGER: Value -1430533702 is not in bounds of subtype NATURAL.
# ** Warning: (vsim-151) NUMERIC_STD.TO_INTEGER: Value -1430533702 is not in bounds of subtype NATURAL.
# ** Warning: (vsim-151) NUMERIC_STD.TO_INTEGER: Value -1430532900 is not in bounds of subtype NATURAL.
# ** Warning: (vsim-151) NUMERIC_STD.TO_INTEGER: Value -1430532900 is not in bounds of subtype NATURAL.
# ** Note: ** Addr=000002FC, Word=191, Instuction=CDD68693, Mnemonic=addi x13, x13, FFFFFCDD
# ** Note:   x1=0000201D x2=58213098 x3=0000000C x5=58213098 x6=00002030 x7=58213098 x13=AABBCCDD x14=A00AA00A x15=00000280 
# ** Note: ** Addr=00000300, Word=192, Instuction=00002617, Mnemonic=auipc x12, 00002000
# ** Note:   x1=0000201D x2=58213098 x3=0000000C x5=58213098 x6=00002030 x7=58213098 x12=00002300 x13=AABBCCDD x14=A00AA00A x15=00000280 
# ** Note: ** Addr=00000304, Word=193, Instuction=D0060613, Mnemonic=addi x12, x12, FFFFFD00
# ** Note:   x1=0000201D x2=58213098 x3=0000000C x5=58213098 x6=00002030 x7=58213098 x12=00002000 x13=AABBCCDD x14=A00AA00A x15=00000280 
# ** Note: ** Addr=00000308, Word=194, Instuction=00D62023, Mnemonic=sw x13, 00000000(x12)
# ** Note:   x1=0000201D x2=58213098 x3=0000000C x5=58213098 x6=00002030 x7=58213098 x12=00002000 x13=AABBCCDD x14=A00AA00A x15=00000280 
# ** Note:   Addr=00002000, Word=2048, WData=AABBCCDD, RData=00AA00AA
# ** Note: ** Addr=0000030C, Word=195, Instuction=00062703, Mnemonic=lw x14, 00000000(x12)
# ** Note:   x1=0000201D x2=58213098 x3=0000000C x5=58213098 x6=00002030 x7=58213098 x12=00002000 x13=AABBCCDD x14=AABBCCDD x15=00000280 
# ** Note:   Addr=00002000, Word=2048, WData=00000000, RData=AABBCCDD
# ** Warning: (vsim-151) NUMERIC_STD.TO_INTEGER: Value -1430532900 is not in bounds of subtype NATURAL.
# ** Warning: (vsim-151) NUMERIC_STD.TO_INTEGER: Value -1430532900 is not in bounds of subtype NATURAL.
# ** Note: ** Addr=00000310, Word=196, Instuction=AABBD3B7, Mnemonic=lui x7, AABBD000
# ** Note:   x1=0000201D x2=58213098 x3=0000000C x5=58213098 x6=00002030 x7=AABBD000 x12=00002000 x13=AABBCCDD x14=AABBCCDD x15=00000280 
# ** Warning: (vsim-151) NUMERIC_STD.TO_INTEGER: Value -1430533702 is not in bounds of subtype NATURAL.
# ** Warning: (vsim-151) NUMERIC_STD.TO_INTEGER: Value -1430533702 is not in bounds of subtype NATURAL.
# ** Warning: (vsim-151) NUMERIC_STD.TO_INTEGER: Value -1430533578 is not in bounds of subtype NATURAL.
# ** Warning: (vsim-151) NUMERIC_STD.TO_INTEGER: Value -1430533578 is not in bounds of subtype NATURAL.
# ** Note: ** Addr=00000314, Word=197, Instuction=CDD38393, Mnemonic=addi x7, x7, FFFFFCDD
# ** Note:   x1=0000201D x2=58213098 x3=0000000C x5=58213098 x6=00002030 x7=AABBCCDD x12=00002000 x13=AABBCCDD x14=AABBCCDD x15=00000280 
# ** Note: ** Addr=00000318, Word=198, Instuction=2A771E63, Mnemonic=bne x14, x7, 000002BC
# ** Note:   x1=0000201D x2=58213098 x3=0000000C x5=58213098 x6=00002030 x7=AABBCCDD x12=00002000 x13=AABBCCDD x14=AABBCCDD x15=00000280 
# ** Note: ** Addr=0000031C, Word=199, Instuction=00120213, Mnemonic=addi x4, x4, 00000001
# ** Note:   x1=0000201D x2=58213098 x3=0000000C x4=00000001 x5=58213098 x6=00002030 x7=AABBCCDD x12=00002000 x13=AABBCCDD x14=AABBCCDD x15=00000280 
# ** Warning: (vsim-151) NUMERIC_STD.TO_INTEGER: Value -2 is not in bounds of subtype NATURAL.
# ** Warning: (vsim-151) NUMERIC_STD.TO_INTEGER: Value -2 is not in bounds of subtype NATURAL.
# ** Note: ** Addr=00000320, Word=200, Instuction=00200293, Mnemonic=addi x5, x0, 00000002
# ** Note:   x1=0000201D x2=58213098 x3=0000000C x4=00000001 x5=00000002 x6=00002030 x7=AABBCCDD x12=00002000 x13=AABBCCDD x14=AABBCCDD x15=00000280 
# ** Note: ** Addr=00000324, Word=201, Instuction=FC521AE3, Mnemonic=bne x4, x5, FFFFFFD4
# ** Note:   x1=0000201D x2=58213098 x3=0000000C x4=00000001 x5=00000002 x6=00002030 x7=AABBCCDD x12=00002000 x13=AABBCCDD x14=AABBCCDD x15=00000280 
# ** Warning: (vsim-151) NUMERIC_STD.TO_INTEGER: Value -1430532900 is not in bounds of subtype NATURAL.
# ** Warning: (vsim-151) NUMERIC_STD.TO_INTEGER: Value -1430532900 is not in bounds of subtype NATURAL.
# ** Note: ** Addr=000002F8, Word=190, Instuction=AABBD6B7, Mnemonic=lui x13, AABBD000
# ** Note:   x1=0000201D x2=58213098 x3=0000000C x4=00000001 x5=00000002 x6=00002030 x7=AABBCCDD x12=00002000 x13=AABBD000 x14=AABBCCDD x15=00000280 
# ** Warning: (vsim-151) NUMERIC_STD.TO_INTEGER: Value -1430533702 is not in bounds of subtype NATURAL.
# ** Warning: (vsim-151) NUMERIC_STD.TO_INTEGER: Value -1430533702 is not in bounds of subtype NATURAL.
# ** Warning: (vsim-151) NUMERIC_STD.TO_INTEGER: Value -1430532900 is not in bounds of subtype NATURAL.
# ** Warning: (vsim-151) NUMERIC_STD.TO_INTEGER: Value -1430532900 is not in bounds of subtype NATURAL.
# ** Note: ** Addr=000002FC, Word=191, Instuction=CDD68693, Mnemonic=addi x13, x13, FFFFFCDD
# ** Note:   x1=0000201D x2=58213098 x3=0000000C x4=00000001 x5=00000002 x6=00002030 x7=AABBCCDD x12=00002000 x13=AABBCCDD x14=AABBCCDD x15=00000280 
# ** Note: ** Addr=00000300, Word=192, Instuction=00002617, Mnemonic=auipc x12, 00002000
# ** Note:   x1=0000201D x2=58213098 x3=0000000C x4=00000001 x5=00000002 x6=00002030 x7=AABBCCDD x12=00002300 x13=AABBCCDD x14=AABBCCDD x15=00000280 
# ** Note: ** Addr=00000304, Word=193, Instuction=D0060613, Mnemonic=addi x12, x12, FFFFFD00
# ** Note:   x1=0000201D x2=58213098 x3=0000000C x4=00000001 x5=00000002 x6=00002030 x7=AABBCCDD x12=00002000 x13=AABBCCDD x14=AABBCCDD x15=00000280 
# ** Note: ** Addr=00000308, Word=194, Instuction=00D62023, Mnemonic=sw x13, 00000000(x12)
# ** Note:   x1=0000201D x2=58213098 x3=0000000C x4=00000001 x5=00000002 x6=00002030 x7=AABBCCDD x12=00002000 x13=AABBCCDD x14=AABBCCDD x15=00000280 
# ** Note:   Addr=00002000, Word=2048, WData=AABBCCDD, RData=AABBCCDD
# ** Note: ** Addr=0000030C, Word=195, Instuction=00062703, Mnemonic=lw x14, 00000000(x12)
# ** Note:   x1=0000201D x2=58213098 x3=0000000C x4=00000001 x5=00000002 x6=00002030 x7=AABBCCDD x12=00002000 x13=AABBCCDD x14=AABBCCDD x15=00000280 
# ** Note:   Addr=00002000, Word=2048, WData=00000000, RData=AABBCCDD
# ** Warning: (vsim-151) NUMERIC_STD.TO_INTEGER: Value -1430532900 is not in bounds of subtype NATURAL.
# ** Warning: (vsim-151) NUMERIC_STD.TO_INTEGER: Value -1430532900 is not in bounds of subtype NATURAL.
# ** Note: ** Addr=00000310, Word=196, Instuction=AABBD3B7, Mnemonic=lui x7, AABBD000
# ** Note:   x1=0000201D x2=58213098 x3=0000000C x4=00000001 x5=00000002 x6=00002030 x7=AABBD000 x12=00002000 x13=AABBCCDD x14=AABBCCDD x15=00000280 
# ** Warning: (vsim-151) NUMERIC_STD.TO_INTEGER: Value -1430533702 is not in bounds of subtype NATURAL.
# ** Warning: (vsim-151) NUMERIC_STD.TO_INTEGER: Value -1430533702 is not in bounds of subtype NATURAL.
# ** Warning: (vsim-151) NUMERIC_STD.TO_INTEGER: Value -1430533578 is not in bounds of subtype NATURAL.
# ** Warning: (vsim-151) NUMERIC_STD.TO_INTEGER: Value -1430533578 is not in bounds of subtype NATURAL.
# ** Note: ** Addr=00000314, Word=197, Instuction=CDD38393, Mnemonic=addi x7, x7, FFFFFCDD
# ** Note:   x1=0000201D x2=58213098 x3=0000000C x4=00000001 x5=00000002 x6=00002030 x7=AABBCCDD x12=00002000 x13=AABBCCDD x14=AABBCCDD x15=00000280 
# ** Note: ** Addr=00000318, Word=198, Instuction=2A771E63, Mnemonic=bne x14, x7, 000002BC
# ** Note:   x1=0000201D x2=58213098 x3=0000000C x4=00000001 x5=00000002 x6=00002030 x7=AABBCCDD x12=00002000 x13=AABBCCDD x14=AABBCCDD x15=00000280 
# ** Note: ** Addr=0000031C, Word=199, Instuction=00120213, Mnemonic=addi x4, x4, 00000001
# ** Note:   x1=0000201D x2=58213098 x3=0000000C x4=00000002 x5=00000002 x6=00002030 x7=AABBCCDD x12=00002000 x13=AABBCCDD x14=AABBCCDD x15=00000280 
# ** Note: ** Addr=00000320, Word=200, Instuction=00200293, Mnemonic=addi x5, x0, 00000002
# ** Note:   x1=0000201D x2=58213098 x3=0000000C x4=00000002 x5=00000002 x6=00002030 x7=AABBCCDD x12=00002000 x13=AABBCCDD x14=AABBCCDD x15=00000280 
# ** Note: ** Addr=00000324, Word=201, Instuction=FC521AE3, Mnemonic=bne x4, x5, FFFFFFD4
# ** Note:   x1=0000201D x2=58213098 x3=0000000C x4=00000002 x5=00000002 x6=00002030 x7=AABBCCDD x12=00002000 x13=AABBCCDD x14=AABBCCDD x15=00000280 
# ** Note: ** Addr=00000328, Word=202, Instuction=00D00193, Mnemonic=addi x3, x0, 0000000D
# ** Note:   x1=0000201D x2=58213098 x3=0000000D x4=00000002 x5=00000002 x6=00002030 x7=AABBCCDD x12=00002000 x13=AABBCCDD x14=AABBCCDD x15=00000280 
# ** Warning: (vsim-151) NUMERIC_STD.TO_INTEGER: Value -598 is not in bounds of subtype NATURAL.
# ** Warning: (vsim-151) NUMERIC_STD.TO_INTEGER: Value -598 is not in bounds of subtype NATURAL.
# ** Note: ** Addr=0000032C, Word=203, Instuction=00000213, Mnemonic=addi x4, x0, 00000000
# ** Note:   x1=0000201D x2=58213098 x3=0000000D x5=00000002 x6=00002030 x7=AABBCCDD x12=00002000 x13=AABBCCDD x14=AABBCCDD x15=00000280 
# ** Warning: (vsim-151) NUMERIC_STD.TO_INTEGER: Value -626279220 is not in bounds of subtype NATURAL.
# ** Warning: (vsim-151) NUMERIC_STD.TO_INTEGER: Value -626279220 is not in bounds of subtype NATURAL.
# ** Note: ** Addr=00000330, Word=204, Instuction=DAABC6B7, Mnemonic=lui x13, DAABC000
# ** Note:   x1=0000201D x2=58213098 x3=0000000D x5=00000002 x6=00002030 x7=AABBCCDD x12=00002000 x13=DAABC000 x14=AABBCCDD x15=00000280 
# ** Warning: (vsim-151) NUMERIC_STD.TO_INTEGER: Value -626280038 is not in bounds of subtype NATURAL.
# ** Warning: (vsim-151) NUMERIC_STD.TO_INTEGER: Value -626280038 is not in bounds of subtype NATURAL.
# ** Warning: (vsim-151) NUMERIC_STD.TO_INTEGER: Value -626279220 is not in bounds of subtype NATURAL.
# ** Warning: (vsim-151) NUMERIC_STD.TO_INTEGER: Value -626279220 is not in bounds of subtype NATURAL.
# ** Note: ** Addr=00000334, Word=205, Instuction=CCD68693, Mnemonic=addi x13, x13, FFFFFCCD
# ** Note:   x1=0000201D x2=58213098 x3=0000000D x5=00000002 x6=00002030 x7=AABBCCDD x12=00002000 x13=DAABBCCD x14=AABBCCDD x15=00000280 
# ** Note: ** Addr=00000338, Word=206, Instuction=00002617, Mnemonic=auipc x12, 00002000
# ** Note:   x1=0000201D x2=58213098 x3=0000000D x5=00000002 x6=00002030 x7=AABBCCDD x12=00002338 x13=DAABBCCD x14=AABBCCDD x15=00000280 
# ** Note: ** Addr=0000033C, Word=207, Instuction=CC860613, Mnemonic=addi x12, x12, FFFFFCC8
# ** Note:   x1=0000201D x2=58213098 x3=0000000D x5=00000002 x6=00002030 x7=AABBCCDD x12=00002000 x13=DAABBCCD x14=AABBCCDD x15=00000280 
# ** Note: ** Addr=00000340, Word=208, Instuction=00000013, Mnemonic=addi x0, x0, 00000000
# ** Note:   x1=0000201D x2=58213098 x3=0000000D x5=00000002 x6=00002030 x7=AABBCCDD x12=00002000 x13=DAABBCCD x14=AABBCCDD x15=00000280 
# ** Note: ** Addr=00000344, Word=209, Instuction=00D62223, Mnemonic=sw x13, 00000004(x12)
# ** Note:   x1=0000201D x2=58213098 x3=0000000D x5=00000002 x6=00002030 x7=AABBCCDD x12=00002000 x13=DAABBCCD x14=AABBCCDD x15=00000280 
# ** Note:   Addr=00002004, Word=2049, WData=DAABBCCD, RData=AA00AA00
# ** Note: ** Addr=00000348, Word=210, Instuction=00462703, Mnemonic=lw x14, 00000004(x12)
# ** Note:   x1=0000201D x2=58213098 x3=0000000D x5=00000002 x6=00002030 x7=AABBCCDD x12=00002000 x13=DAABBCCD x14=DAABBCCD x15=00000280 
# ** Note:   Addr=00002004, Word=2049, WData=00000000, RData=DAABBCCD
# ** Warning: (vsim-151) NUMERIC_STD.TO_INTEGER: Value -626279220 is not in bounds of subtype NATURAL.
# ** Warning: (vsim-151) NUMERIC_STD.TO_INTEGER: Value -626279220 is not in bounds of subtype NATURAL.
# ** Note: ** Addr=0000034C, Word=211, Instuction=DAABC3B7, Mnemonic=lui x7, DAABC000
# ** Note:   x1=0000201D x2=58213098 x3=0000000D x5=00000002 x6=00002030 x7=DAABC000 x12=00002000 x13=DAABBCCD x14=DAABBCCD x15=00000280 
# ** Warning: (vsim-151) NUMERIC_STD.TO_INTEGER: Value -626280038 is not in bounds of subtype NATURAL.
# ** Warning: (vsim-151) NUMERIC_STD.TO_INTEGER: Value -626280038 is not in bounds of subtype NATURAL.
# ** Warning: (vsim-151) NUMERIC_STD.TO_INTEGER: Value -626279866 is not in bounds of subtype NATURAL.
# ** Warning: (vsim-151) NUMERIC_STD.TO_INTEGER: Value -626279866 is not in bounds of subtype NATURAL.
# ** Note: ** Addr=00000350, Word=212, Instuction=CCD38393, Mnemonic=addi x7, x7, FFFFFCCD
# ** Note:   x1=0000201D x2=58213098 x3=0000000D x5=00000002 x6=00002030 x7=DAABBCCD x12=00002000 x13=DAABBCCD x14=DAABBCCD x15=00000280 
# ** Warning: (vsim-151) NUMERIC_STD.TO_INTEGER: Value -1252558438 is not in bounds of subtype NATURAL.
# ** Warning: (vsim-151) NUMERIC_STD.TO_INTEGER: Value -1252558438 is not in bounds of subtype NATURAL.
# ** Note: ** Addr=00000354, Word=213, Instuction=28771063, Mnemonic=bne x14, x7, 00000280
# ** Note:   x1=0000201D x2=58213098 x3=0000000D x5=00000002 x6=00002030 x7=DAABBCCD x12=00002000 x13=DAABBCCD x14=DAABBCCD x15=00000280 
# ** Note: ** Addr=00000358, Word=214, Instuction=00120213, Mnemonic=addi x4, x4, 00000001
# ** Note:   x1=0000201D x2=58213098 x3=0000000D x4=00000001 x5=00000002 x6=00002030 x7=DAABBCCD x12=00002000 x13=DAABBCCD x14=DAABBCCD x15=00000280 
# ** Warning: (vsim-151) NUMERIC_STD.TO_INTEGER: Value -2 is not in bounds of subtype NATURAL.
# ** Warning: (vsim-151) NUMERIC_STD.TO_INTEGER: Value -2 is not in bounds of subtype NATURAL.
# ** Note: ** Addr=0000035C, Word=215, Instuction=00200293, Mnemonic=addi x5, x0, 00000002
# ** Note:   x1=0000201D x2=58213098 x3=0000000D x4=00000001 x5=00000002 x6=00002030 x7=DAABBCCD x12=00002000 x13=DAABBCCD x14=DAABBCCD x15=00000280 
# ** Note: ** Addr=00000360, Word=216, Instuction=FC5218E3, Mnemonic=bne x4, x5, FFFFFFD0
# ** Note:   x1=0000201D x2=58213098 x3=0000000D x4=00000001 x5=00000002 x6=00002030 x7=DAABBCCD x12=00002000 x13=DAABBCCD x14=DAABBCCD x15=00000280 
# ** Warning: (vsim-151) NUMERIC_STD.TO_INTEGER: Value -626279220 is not in bounds of subtype NATURAL.
# ** Warning: (vsim-151) NUMERIC_STD.TO_INTEGER: Value -626279220 is not in bounds of subtype NATURAL.
# ** Note: ** Addr=00000330, Word=204, Instuction=DAABC6B7, Mnemonic=lui x13, DAABC000
# ** Note:   x1=0000201D x2=58213098 x3=0000000D x4=00000001 x5=00000002 x6=00002030 x7=DAABBCCD x12=00002000 x13=DAABC000 x14=DAABBCCD x15=00000280 
# ** Warning: (vsim-151) NUMERIC_STD.TO_INTEGER: Value -626280038 is not in bounds of subtype NATURAL.
# ** Warning: (vsim-151) NUMERIC_STD.TO_INTEGER: Value -626280038 is not in bounds of subtype NATURAL.
# ** Warning: (vsim-151) NUMERIC_STD.TO_INTEGER: Value -626279220 is not in bounds of subtype NATURAL.
# ** Warning: (vsim-151) NUMERIC_STD.TO_INTEGER: Value -626279220 is not in bounds of subtype NATURAL.
# ** Note: ** Addr=00000334, Word=205, Instuction=CCD68693, Mnemonic=addi x13, x13, FFFFFCCD
# ** Note:   x1=0000201D x2=58213098 x3=0000000D x4=00000001 x5=00000002 x6=00002030 x7=DAABBCCD x12=00002000 x13=DAABBCCD x14=DAABBCCD x15=00000280 
# ** Note: ** Addr=00000338, Word=206, Instuction=00002617, Mnemonic=auipc x12, 00002000
# ** Note:   x1=0000201D x2=58213098 x3=0000000D x4=00000001 x5=00000002 x6=00002030 x7=DAABBCCD x12=00002338 x13=DAABBCCD x14=DAABBCCD x15=00000280 
# ** Note: ** Addr=0000033C, Word=207, Instuction=CC860613, Mnemonic=addi x12, x12, FFFFFCC8
# ** Note:   x1=0000201D x2=58213098 x3=0000000D x4=00000001 x5=00000002 x6=00002030 x7=DAABBCCD x12=00002000 x13=DAABBCCD x14=DAABBCCD x15=00000280 
# ** Note: ** Addr=00000340, Word=208, Instuction=00000013, Mnemonic=addi x0, x0, 00000000
# ** Note:   x1=0000201D x2=58213098 x3=0000000D x4=00000001 x5=00000002 x6=00002030 x7=DAABBCCD x12=00002000 x13=DAABBCCD x14=DAABBCCD x15=00000280 
# ** Note: ** Addr=00000344, Word=209, Instuction=00D62223, Mnemonic=sw x13, 00000004(x12)
# ** Note:   x1=0000201D x2=58213098 x3=0000000D x4=00000001 x5=00000002 x6=00002030 x7=DAABBCCD x12=00002000 x13=DAABBCCD x14=DAABBCCD x15=00000280 
# ** Note:   Addr=00002004, Word=2049, WData=DAABBCCD, RData=DAABBCCD
# ** Note: ** Addr=00000348, Word=210, Instuction=00462703, Mnemonic=lw x14, 00000004(x12)
# ** Note:   x1=0000201D x2=58213098 x3=0000000D x4=00000001 x5=00000002 x6=00002030 x7=DAABBCCD x12=00002000 x13=DAABBCCD x14=DAABBCCD x15=00000280 
# ** Note:   Addr=00002004, Word=2049, WData=00000001, RData=DAABBCCD
# ** Warning: (vsim-151) NUMERIC_STD.TO_INTEGER: Value -626279220 is not in bounds of subtype NATURAL.
# ** Warning: (vsim-151) NUMERIC_STD.TO_INTEGER: Value -626279220 is not in bounds of subtype NATURAL.
# ** Note: ** Addr=0000034C, Word=211, Instuction=DAABC3B7, Mnemonic=lui x7, DAABC000
# ** Note:   x1=0000201D x2=58213098 x3=0000000D x4=00000001 x5=00000002 x6=00002030 x7=DAABC000 x12=00002000 x13=DAABBCCD x14=DAABBCCD x15=00000280 
# ** Warning: (vsim-151) NUMERIC_STD.TO_INTEGER: Value -626280038 is not in bounds of subtype NATURAL.
# ** Warning: (vsim-151) NUMERIC_STD.TO_INTEGER: Value -626280038 is not in bounds of subtype NATURAL.
# ** Warning: (vsim-151) NUMERIC_STD.TO_INTEGER: Value -626279866 is not in bounds of subtype NATURAL.
# ** Warning: (vsim-151) NUMERIC_STD.TO_INTEGER: Value -626279866 is not in bounds of subtype NATURAL.
# ** Note: ** Addr=00000350, Word=212, Instuction=CCD38393, Mnemonic=addi x7, x7, FFFFFCCD
# ** Note:   x1=0000201D x2=58213098 x3=0000000D x4=00000001 x5=00000002 x6=00002030 x7=DAABBCCD x12=00002000 x13=DAABBCCD x14=DAABBCCD x15=00000280 
# ** Warning: (vsim-151) NUMERIC_STD.TO_INTEGER: Value -1252558438 is not in bounds of subtype NATURAL.
# ** Warning: (vsim-151) NUMERIC_STD.TO_INTEGER: Value -1252558438 is not in bounds of subtype NATURAL.
# ** Note: ** Addr=00000354, Word=213, Instuction=28771063, Mnemonic=bne x14, x7, 00000280
# ** Note:   x1=0000201D x2=58213098 x3=0000000D x4=00000001 x5=00000002 x6=00002030 x7=DAABBCCD x12=00002000 x13=DAABBCCD x14=DAABBCCD x15=00000280 
# ** Note: ** Addr=00000358, Word=214, Instuction=00120213, Mnemonic=addi x4, x4, 00000001
# ** Note:   x1=0000201D x2=58213098 x3=0000000D x4=00000002 x5=00000002 x6=00002030 x7=DAABBCCD x12=00002000 x13=DAABBCCD x14=DAABBCCD x15=00000280 
# ** Note: ** Addr=0000035C, Word=215, Instuction=00200293, Mnemonic=addi x5, x0, 00000002
# ** Note:   x1=0000201D x2=58213098 x3=0000000D x4=00000002 x5=00000002 x6=00002030 x7=DAABBCCD x12=00002000 x13=DAABBCCD x14=DAABBCCD x15=00000280 
# ** Note: ** Addr=00000360, Word=216, Instuction=FC5218E3, Mnemonic=bne x4, x5, FFFFFFD0
# ** Note:   x1=0000201D x2=58213098 x3=0000000D x4=00000002 x5=00000002 x6=00002030 x7=DAABBCCD x12=00002000 x13=DAABBCCD x14=DAABBCCD x15=00000280 
# ** Note: ** Addr=00000364, Word=217, Instuction=00E00193, Mnemonic=addi x3, x0, 0000000E
# ** Note:   x1=0000201D x2=58213098 x3=0000000E x4=00000002 x5=00000002 x6=00002030 x7=DAABBCCD x12=00002000 x13=DAABBCCD x14=DAABBCCD x15=00000280 
# ** Warning: (vsim-151) NUMERIC_STD.TO_INTEGER: Value -550 is not in bounds of subtype NATURAL.
# ** Warning: (vsim-151) NUMERIC_STD.TO_INTEGER: Value -550 is not in bounds of subtype NATURAL.
# ** Note: ** Addr=00000368, Word=218, Instuction=00000213, Mnemonic=addi x4, x0, 00000000
# ** Note:   x1=0000201D x2=58213098 x3=0000000E x5=00000002 x6=00002030 x7=DAABBCCD x12=00002000 x13=DAABBCCD x14=DAABBCCD x15=00000280 
# ** Warning: (vsim-151) NUMERIC_STD.TO_INTEGER: Value -576013364 is not in bounds of subtype NATURAL.
# ** Warning: (vsim-151) NUMERIC_STD.TO_INTEGER: Value -576013364 is not in bounds of subtype NATURAL.
# ** Note: ** Addr=0000036C, Word=219, Instuction=DDAAC6B7, Mnemonic=lui x13, DDAAC000
# ** Note:   x1=0000201D x2=58213098 x3=0000000E x5=00000002 x6=00002030 x7=DAABBCCD x12=00002000 x13=DDAAC000 x14=DAABBCCD x15=00000280 
# ** Warning: (vsim-151) NUMERIC_STD.TO_INTEGER: Value -576014440 is not in bounds of subtype NATURAL.
# ** Warning: (vsim-151) NUMERIC_STD.TO_INTEGER: Value -576014440 is not in bounds of subtype NATURAL.
# ** Warning: (vsim-151) NUMERIC_STD.TO_INTEGER: Value -576013364 is not in bounds of subtype NATURAL.
# ** Warning: (vsim-151) NUMERIC_STD.TO_INTEGER: Value -576013364 is not in bounds of subtype NATURAL.
# ** Note: ** Addr=00000370, Word=220, Instuction=BCC68693, Mnemonic=addi x13, x13, FFFFFBCC
# ** Note:   x1=0000201D x2=58213098 x3=0000000E x5=00000002 x6=00002030 x7=DAABBCCD x12=00002000 x13=DDAABBCC x14=DAABBCCD x15=00000280 
# ** Note: ** Addr=00000374, Word=221, Instuction=00002617, Mnemonic=auipc x12, 00002000
# ** Note:   x1=0000201D x2=58213098 x3=0000000E x5=00000002 x6=00002030 x7=DAABBCCD x12=00002374 x13=DDAABBCC x14=DAABBCCD x15=00000280 
# ** Note: ** Addr=00000378, Word=222, Instuction=C8C60613, Mnemonic=addi x12, x12, FFFFFC8C
# ** Note:   x1=0000201D x2=58213098 x3=0000000E x5=00000002 x6=00002030 x7=DAABBCCD x12=00002000 x13=DDAABBCC x14=DAABBCCD x15=00000280 
# ** Note: ** Addr=0000037C, Word=223, Instuction=00000013, Mnemonic=addi x0, x0, 00000000
# ** Note:   x1=0000201D x2=58213098 x3=0000000E x5=00000002 x6=00002030 x7=DAABBCCD x12=00002000 x13=DDAABBCC x14=DAABBCCD x15=00000280 
# ** Note: ** Addr=00000380, Word=224, Instuction=00000013, Mnemonic=addi x0, x0, 00000000
# ** Note:   x1=0000201D x2=58213098 x3=0000000E x5=00000002 x6=00002030 x7=DAABBCCD x12=00002000 x13=DDAABBCC x14=DAABBCCD x15=00000280 
# ** Note: ** Addr=00000384, Word=225, Instuction=00D62423, Mnemonic=sw x13, 00000008(x12)
# ** Note:   x1=0000201D x2=58213098 x3=0000000E x5=00000002 x6=00002030 x7=DAABBCCD x12=00002000 x13=DDAABBCC x14=DAABBCCD x15=00000280 
# ** Note:   Addr=00002008, Word=2050, WData=DDAABBCC, RData=0AA00AA0
# ** Note: ** Addr=00000388, Word=226, Instuction=00862703, Mnemonic=lw x14, 00000008(x12)
# ** Note:   x1=0000201D x2=58213098 x3=0000000E x5=00000002 x6=00002030 x7=DAABBCCD x12=00002000 x13=DDAABBCC x14=DDAABBCC x15=00000280 
# ** Note:   Addr=00002008, Word=2050, WData=00000000, RData=DDAABBCC
# ** Warning: (vsim-151) NUMERIC_STD.TO_INTEGER: Value -576013364 is not in bounds of subtype NATURAL.
# ** Warning: (vsim-151) NUMERIC_STD.TO_INTEGER: Value -576013364 is not in bounds of subtype NATURAL.
# ** Note: ** Addr=0000038C, Word=227, Instuction=DDAAC3B7, Mnemonic=lui x7, DDAAC000
# ** Note:   x1=0000201D x2=58213098 x3=0000000E x5=00000002 x6=00002030 x7=DDAAC000 x12=00002000 x13=DDAABBCC x14=DDAABBCC x15=00000280 
# ** Warning: (vsim-151) NUMERIC_STD.TO_INTEGER: Value -576014440 is not in bounds of subtype NATURAL.
# ** Warning: (vsim-151) NUMERIC_STD.TO_INTEGER: Value -576014440 is not in bounds of subtype NATURAL.
# ** Warning: (vsim-151) NUMERIC_STD.TO_INTEGER: Value -576013948 is not in bounds of subtype NATURAL.
# ** Warning: (vsim-151) NUMERIC_STD.TO_INTEGER: Value -576013948 is not in bounds of subtype NATURAL.
# ** Note: ** Addr=00000390, Word=228, Instuction=BCC38393, Mnemonic=addi x7, x7, FFFFFBCC
# ** Note:   x1=0000201D x2=58213098 x3=0000000E x5=00000002 x6=00002030 x7=DDAABBCC x12=00002000 x13=DDAABBCC x14=DDAABBCC x15=00000280 
# ** Warning: (vsim-151) NUMERIC_STD.TO_INTEGER: Value -1152026728 is not in bounds of subtype NATURAL.
# ** Warning: (vsim-151) NUMERIC_STD.TO_INTEGER: Value -1152026728 is not in bounds of subtype NATURAL.
# ** Note: ** Addr=00000394, Word=229, Instuction=24771063, Mnemonic=bne x14, x7, 00000240
# ** Note:   x1=0000201D x2=58213098 x3=0000000E x5=00000002 x6=00002030 x7=DDAABBCC x12=00002000 x13=DDAABBCC x14=DDAABBCC x15=00000280 
# ** Note: ** Addr=00000398, Word=230, Instuction=00120213, Mnemonic=addi x4, x4, 00000001
# ** Note:   x1=0000201D x2=58213098 x3=0000000E x4=00000001 x5=00000002 x6=00002030 x7=DDAABBCC x12=00002000 x13=DDAABBCC x14=DDAABBCC x15=00000280 
# ** Warning: (vsim-151) NUMERIC_STD.TO_INTEGER: Value -2 is not in bounds of subtype NATURAL.
# ** Warning: (vsim-151) NUMERIC_STD.TO_INTEGER: Value -2 is not in bounds of subtype NATURAL.
# ** Note: ** Addr=0000039C, Word=231, Instuction=00200293, Mnemonic=addi x5, x0, 00000002
# ** Note:   x1=0000201D x2=58213098 x3=0000000E x4=00000001 x5=00000002 x6=00002030 x7=DDAABBCC x12=00002000 x13=DDAABBCC x14=DDAABBCC x15=00000280 
# ** Note: ** Addr=000003A0, Word=232, Instuction=FC5216E3, Mnemonic=bne x4, x5, FFFFFFCC
# ** Note:   x1=0000201D x2=58213098 x3=0000000E x4=00000001 x5=00000002 x6=00002030 x7=DDAABBCC x12=00002000 x13=DDAABBCC x14=DDAABBCC x15=00000280 
# ** Warning: (vsim-151) NUMERIC_STD.TO_INTEGER: Value -576013364 is not in bounds of subtype NATURAL.
# ** Warning: (vsim-151) NUMERIC_STD.TO_INTEGER: Value -576013364 is not in bounds of subtype NATURAL.
# ** Note: ** Addr=0000036C, Word=219, Instuction=DDAAC6B7, Mnemonic=lui x13, DDAAC000
# ** Note:   x1=0000201D x2=58213098 x3=0000000E x4=00000001 x5=00000002 x6=00002030 x7=DDAABBCC x12=00002000 x13=DDAAC000 x14=DDAABBCC x15=00000280 
# ** Warning: (vsim-151) NUMERIC_STD.TO_INTEGER: Value -576014440 is not in bounds of subtype NATURAL.
# ** Warning: (vsim-151) NUMERIC_STD.TO_INTEGER: Value -576014440 is not in bounds of subtype NATURAL.
# ** Warning: (vsim-151) NUMERIC_STD.TO_INTEGER: Value -576013364 is not in bounds of subtype NATURAL.
# ** Warning: (vsim-151) NUMERIC_STD.TO_INTEGER: Value -576013364 is not in bounds of subtype NATURAL.
# ** Note: ** Addr=00000370, Word=220, Instuction=BCC68693, Mnemonic=addi x13, x13, FFFFFBCC
# ** Note:   x1=0000201D x2=58213098 x3=0000000E x4=00000001 x5=00000002 x6=00002030 x7=DDAABBCC x12=00002000 x13=DDAABBCC x14=DDAABBCC x15=00000280 
# ** Note: ** Addr=00000374, Word=221, Instuction=00002617, Mnemonic=auipc x12, 00002000
# ** Note:   x1=0000201D x2=58213098 x3=0000000E x4=00000001 x5=00000002 x6=00002030 x7=DDAABBCC x12=00002374 x13=DDAABBCC x14=DDAABBCC x15=00000280 
# ** Note: ** Addr=00000378, Word=222, Instuction=C8C60613, Mnemonic=addi x12, x12, FFFFFC8C
# ** Note:   x1=0000201D x2=58213098 x3=0000000E x4=00000001 x5=00000002 x6=00002030 x7=DDAABBCC x12=00002000 x13=DDAABBCC x14=DDAABBCC x15=00000280 
# ** Note: ** Addr=0000037C, Word=223, Instuction=00000013, Mnemonic=addi x0, x0, 00000000
# ** Note:   x1=0000201D x2=58213098 x3=0000000E x4=00000001 x5=00000002 x6=00002030 x7=DDAABBCC x12=00002000 x13=DDAABBCC x14=DDAABBCC x15=00000280 
# ** Note: ** Addr=00000380, Word=224, Instuction=00000013, Mnemonic=addi x0, x0, 00000000
# ** Note:   x1=0000201D x2=58213098 x3=0000000E x4=00000001 x5=00000002 x6=00002030 x7=DDAABBCC x12=00002000 x13=DDAABBCC x14=DDAABBCC x15=00000280 
# ** Note: ** Addr=00000384, Word=225, Instuction=00D62423, Mnemonic=sw x13, 00000008(x12)
# ** Note:   x1=0000201D x2=58213098 x3=0000000E x4=00000001 x5=00000002 x6=00002030 x7=DDAABBCC x12=00002000 x13=DDAABBCC x14=DDAABBCC x15=00000280 
# ** Note:   Addr=00002008, Word=2050, WData=DDAABBCC, RData=DDAABBCC
# ** Note: ** Addr=00000388, Word=226, Instuction=00862703, Mnemonic=lw x14, 00000008(x12)
# ** Note:   x1=0000201D x2=58213098 x3=0000000E x4=00000001 x5=00000002 x6=00002030 x7=DDAABBCC x12=00002000 x13=DDAABBCC x14=DDAABBCC x15=00000280 
# ** Note:   Addr=00002008, Word=2050, WData=00000000, RData=DDAABBCC
# ** Warning: (vsim-151) NUMERIC_STD.TO_INTEGER: Value -576013364 is not in bounds of subtype NATURAL.
# ** Warning: (vsim-151) NUMERIC_STD.TO_INTEGER: Value -576013364 is not in bounds of subtype NATURAL.
# ** Note: ** Addr=0000038C, Word=227, Instuction=DDAAC3B7, Mnemonic=lui x7, DDAAC000
# ** Note:   x1=0000201D x2=58213098 x3=0000000E x4=00000001 x5=00000002 x6=00002030 x7=DDAAC000 x12=00002000 x13=DDAABBCC x14=DDAABBCC x15=00000280 
# ** Warning: (vsim-151) NUMERIC_STD.TO_INTEGER: Value -576014440 is not in bounds of subtype NATURAL.
# ** Warning: (vsim-151) NUMERIC_STD.TO_INTEGER: Value -576014440 is not in bounds of subtype NATURAL.
# ** Warning: (vsim-151) NUMERIC_STD.TO_INTEGER: Value -576013948 is not in bounds of subtype NATURAL.
# ** Warning: (vsim-151) NUMERIC_STD.TO_INTEGER: Value -576013948 is not in bounds of subtype NATURAL.
# ** Note: ** Addr=00000390, Word=228, Instuction=BCC38393, Mnemonic=addi x7, x7, FFFFFBCC
# ** Note:   x1=0000201D x2=58213098 x3=0000000E x4=00000001 x5=00000002 x6=00002030 x7=DDAABBCC x12=00002000 x13=DDAABBCC x14=DDAABBCC x15=00000280 
# ** Warning: (vsim-151) NUMERIC_STD.TO_INTEGER: Value -1152026728 is not in bounds of subtype NATURAL.
# ** Warning: (vsim-151) NUMERIC_STD.TO_INTEGER: Value -1152026728 is not in bounds of subtype NATURAL.
# ** Note: ** Addr=00000394, Word=229, Instuction=24771063, Mnemonic=bne x14, x7, 00000240
# ** Note:   x1=0000201D x2=58213098 x3=0000000E x4=00000001 x5=00000002 x6=00002030 x7=DDAABBCC x12=00002000 x13=DDAABBCC x14=DDAABBCC x15=00000280 
# ** Note: ** Addr=00000398, Word=230, Instuction=00120213, Mnemonic=addi x4, x4, 00000001
# ** Note:   x1=0000201D x2=58213098 x3=0000000E x4=00000002 x5=00000002 x6=00002030 x7=DDAABBCC x12=00002000 x13=DDAABBCC x14=DDAABBCC x15=00000280 
# ** Note: ** Addr=0000039C, Word=231, Instuction=00200293, Mnemonic=addi x5, x0, 00000002
# ** Note:   x1=0000201D x2=58213098 x3=0000000E x4=00000002 x5=00000002 x6=00002030 x7=DDAABBCC x12=00002000 x13=DDAABBCC x14=DDAABBCC x15=00000280 
# ** Note: ** Addr=000003A0, Word=232, Instuction=FC5216E3, Mnemonic=bne x4, x5, FFFFFFCC
# ** Note:   x1=0000201D x2=58213098 x3=0000000E x4=00000002 x5=00000002 x6=00002030 x7=DDAABBCC x12=00002000 x13=DDAABBCC x14=DDAABBCC x15=00000280 
# ** Note: ** Addr=000003A4, Word=233, Instuction=00F00193, Mnemonic=addi x3, x0, 0000000F
# ** Note:   x1=0000201D x2=58213098 x3=0000000F x4=00000002 x5=00000002 x6=00002030 x7=DDAABBCC x12=00002000 x13=DDAABBCC x14=DDAABBCC x15=00000280 
# ** Warning: (vsim-151) NUMERIC_STD.TO_INTEGER: Value -804 is not in bounds of subtype NATURAL.
# ** Warning: (vsim-151) NUMERIC_STD.TO_INTEGER: Value -804 is not in bounds of subtype NATURAL.
# ** Note: ** Addr=000003A8, Word=234, Instuction=00000213, Mnemonic=addi x4, x0, 00000000
# ** Note:   x1=0000201D x2=58213098 x3=0000000F x5=00000002 x6=00002030 x7=DDAABBCC x12=00002000 x13=DDAABBCC x14=DDAABBCC x15=00000280 
# ** Warning: (vsim-151) NUMERIC_STD.TO_INTEGER: Value -841307204 is not in bounds of subtype NATURAL.
# ** Warning: (vsim-151) NUMERIC_STD.TO_INTEGER: Value -841307204 is not in bounds of subtype NATURAL.
# ** Note: ** Addr=000003AC, Word=235, Instuction=CDDAB6B7, Mnemonic=lui x13, CDDAB000
# ** Note:   x1=0000201D x2=58213098 x3=0000000F x5=00000002 x6=00002030 x7=DDAABBCC x12=00002000 x13=CDDAB000 x14=DDAABBCC x15=00000280 
# ** Warning: (vsim-151) NUMERIC_STD.TO_INTEGER: Value -841308296 is not in bounds of subtype NATURAL.
# ** Warning: (vsim-151) NUMERIC_STD.TO_INTEGER: Value -841308296 is not in bounds of subtype NATURAL.
# ** Warning: (vsim-151) NUMERIC_STD.TO_INTEGER: Value -841307204 is not in bounds of subtype NATURAL.
# ** Warning: (vsim-151) NUMERIC_STD.TO_INTEGER: Value -841307204 is not in bounds of subtype NATURAL.
# ** Note: ** Addr=000003B0, Word=236, Instuction=BBC68693, Mnemonic=addi x13, x13, FFFFFBBC
# ** Note:   x1=0000201D x2=58213098 x3=0000000F x5=00000002 x6=00002030 x7=DDAABBCC x12=00002000 x13=CDDAABBC x14=DDAABBCC x15=00000280 
# ** Note: ** Addr=000003B4, Word=237, Instuction=00000013, Mnemonic=addi x0, x0, 00000000
# ** Note:   x1=0000201D x2=58213098 x3=0000000F x5=00000002 x6=00002030 x7=DDAABBCC x12=00002000 x13=CDDAABBC x14=DDAABBCC x15=00000280 
# ** Note: ** Addr=000003B8, Word=238, Instuction=00002617, Mnemonic=auipc x12, 00002000
# ** Note:   x1=0000201D x2=58213098 x3=0000000F x5=00000002 x6=00002030 x7=DDAABBCC x12=000023B8 x13=CDDAABBC x14=DDAABBCC x15=00000280 
# ** Note: ** Addr=000003BC, Word=239, Instuction=C4860613, Mnemonic=addi x12, x12, FFFFFC48
# ** Note:   x1=0000201D x2=58213098 x3=0000000F x5=00000002 x6=00002030 x7=DDAABBCC x12=00002000 x13=CDDAABBC x14=DDAABBCC x15=00000280 
# ** Note: ** Addr=000003C0, Word=240, Instuction=00D62623, Mnemonic=sw x13, 0000000C(x12)
# ** Note:   x1=0000201D x2=58213098 x3=0000000F x5=00000002 x6=00002030 x7=DDAABBCC x12=00002000 x13=CDDAABBC x14=DDAABBCC x15=00000280 
# ** Note:   Addr=0000200C, Word=2051, WData=CDDAABBC, RData=A00AA00A
# ** Note: ** Addr=000003C4, Word=241, Instuction=00C62703, Mnemonic=lw x14, 0000000C(x12)
# ** Note:   x1=0000201D x2=58213098 x3=0000000F x5=00000002 x6=00002030 x7=DDAABBCC x12=00002000 x13=CDDAABBC x14=CDDAABBC x15=00000280 
# ** Note:   Addr=0000200C, Word=2051, WData=00002000, RData=CDDAABBC
# ** Warning: (vsim-151) NUMERIC_STD.TO_INTEGER: Value -841307204 is not in bounds of subtype NATURAL.
# ** Warning: (vsim-151) NUMERIC_STD.TO_INTEGER: Value -841307204 is not in bounds of subtype NATURAL.
# ** Note: ** Addr=000003C8, Word=242, Instuction=CDDAB3B7, Mnemonic=lui x7, CDDAB000
# ** Note:   x1=0000201D x2=58213098 x3=0000000F x5=00000002 x6=00002030 x7=CDDAB000 x12=00002000 x13=CDDAABBC x14=CDDAABBC x15=00000280 
# ** Warning: (vsim-151) NUMERIC_STD.TO_INTEGER: Value -841308296 is not in bounds of subtype NATURAL.
# ** Warning: (vsim-151) NUMERIC_STD.TO_INTEGER: Value -841308296 is not in bounds of subtype NATURAL.
# ** Warning: (vsim-151) NUMERIC_STD.TO_INTEGER: Value -841307724 is not in bounds of subtype NATURAL.
# ** Warning: (vsim-151) NUMERIC_STD.TO_INTEGER: Value -841307724 is not in bounds of subtype NATURAL.
# ** Note: ** Addr=000003CC, Word=243, Instuction=BBC38393, Mnemonic=addi x7, x7, FFFFFBBC
# ** Note:   x1=0000201D x2=58213098 x3=0000000F x5=00000002 x6=00002030 x7=CDDAABBC x12=00002000 x13=CDDAABBC x14=CDDAABBC x15=00000280 
# ** Warning: (vsim-151) NUMERIC_STD.TO_INTEGER: Value -1682614408 is not in bounds of subtype NATURAL.
# ** Warning: (vsim-151) NUMERIC_STD.TO_INTEGER: Value -1682614408 is not in bounds of subtype NATURAL.
# ** Note: ** Addr=000003D0, Word=244, Instuction=20771263, Mnemonic=bne x14, x7, 00000204
# ** Note:   x1=0000201D x2=58213098 x3=0000000F x5=00000002 x6=00002030 x7=CDDAABBC x12=00002000 x13=CDDAABBC x14=CDDAABBC x15=00000280 
# ** Note: ** Addr=000003D4, Word=245, Instuction=00120213, Mnemonic=addi x4, x4, 00000001
# ** Note:   x1=0000201D x2=58213098 x3=0000000F x4=00000001 x5=00000002 x6=00002030 x7=CDDAABBC x12=00002000 x13=CDDAABBC x14=CDDAABBC x15=00000280 
# ** Warning: (vsim-151) NUMERIC_STD.TO_INTEGER: Value -2 is not in bounds of subtype NATURAL.
# ** Warning: (vsim-151) NUMERIC_STD.TO_INTEGER: Value -2 is not in bounds of subtype NATURAL.
# ** Note: ** Addr=000003D8, Word=246, Instuction=00200293, Mnemonic=addi x5, x0, 00000002
# ** Note:   x1=0000201D x2=58213098 x3=0000000F x4=00000001 x5=00000002 x6=00002030 x7=CDDAABBC x12=00002000 x13=CDDAABBC x14=CDDAABBC x15=00000280 
# ** Note: ** Addr=000003DC, Word=247, Instuction=FC5218E3, Mnemonic=bne x4, x5, FFFFFFD0
# ** Note:   x1=0000201D x2=58213098 x3=0000000F x4=00000001 x5=00000002 x6=00002030 x7=CDDAABBC x12=00002000 x13=CDDAABBC x14=CDDAABBC x15=00000280 
# ** Warning: (vsim-151) NUMERIC_STD.TO_INTEGER: Value -841307204 is not in bounds of subtype NATURAL.
# ** Warning: (vsim-151) NUMERIC_STD.TO_INTEGER: Value -841307204 is not in bounds of subtype NATURAL.
# ** Note: ** Addr=000003AC, Word=235, Instuction=CDDAB6B7, Mnemonic=lui x13, CDDAB000
# ** Note:   x1=0000201D x2=58213098 x3=0000000F x4=00000001 x5=00000002 x6=00002030 x7=CDDAABBC x12=00002000 x13=CDDAB000 x14=CDDAABBC x15=00000280 
# ** Warning: (vsim-151) NUMERIC_STD.TO_INTEGER: Value -841308296 is not in bounds of subtype NATURAL.
# ** Warning: (vsim-151) NUMERIC_STD.TO_INTEGER: Value -841308296 is not in bounds of subtype NATURAL.
# ** Warning: (vsim-151) NUMERIC_STD.TO_INTEGER: Value -841307204 is not in bounds of subtype NATURAL.
# ** Warning: (vsim-151) NUMERIC_STD.TO_INTEGER: Value -841307204 is not in bounds of subtype NATURAL.
# ** Note: ** Addr=000003B0, Word=236, Instuction=BBC68693, Mnemonic=addi x13, x13, FFFFFBBC
# ** Note:   x1=0000201D x2=58213098 x3=0000000F x4=00000001 x5=00000002 x6=00002030 x7=CDDAABBC x12=00002000 x13=CDDAABBC x14=CDDAABBC x15=00000280 
# ** Note: ** Addr=000003B4, Word=237, Instuction=00000013, Mnemonic=addi x0, x0, 00000000
# ** Note:   x1=0000201D x2=58213098 x3=0000000F x4=00000001 x5=00000002 x6=00002030 x7=CDDAABBC x12=00002000 x13=CDDAABBC x14=CDDAABBC x15=00000280 
# ** Note: ** Addr=000003B8, Word=238, Instuction=00002617, Mnemonic=auipc x12, 00002000
# ** Note:   x1=0000201D x2=58213098 x3=0000000F x4=00000001 x5=00000002 x6=00002030 x7=CDDAABBC x12=000023B8 x13=CDDAABBC x14=CDDAABBC x15=00000280 
# ** Note: ** Addr=000003BC, Word=239, Instuction=C4860613, Mnemonic=addi x12, x12, FFFFFC48
# ** Note:   x1=0000201D x2=58213098 x3=0000000F x4=00000001 x5=00000002 x6=00002030 x7=CDDAABBC x12=00002000 x13=CDDAABBC x14=CDDAABBC x15=00000280 
# ** Note: ** Addr=000003C0, Word=240, Instuction=00D62623, Mnemonic=sw x13, 0000000C(x12)
# ** Note:   x1=0000201D x2=58213098 x3=0000000F x4=00000001 x5=00000002 x6=00002030 x7=CDDAABBC x12=00002000 x13=CDDAABBC x14=CDDAABBC x15=00000280 
# ** Note:   Addr=0000200C, Word=2051, WData=CDDAABBC, RData=CDDAABBC
# ** Note: ** Addr=000003C4, Word=241, Instuction=00C62703, Mnemonic=lw x14, 0000000C(x12)
# ** Note:   x1=0000201D x2=58213098 x3=0000000F x4=00000001 x5=00000002 x6=00002030 x7=CDDAABBC x12=00002000 x13=CDDAABBC x14=CDDAABBC x15=00000280 
# ** Note:   Addr=0000200C, Word=2051, WData=00002000, RData=CDDAABBC
# ** Warning: (vsim-151) NUMERIC_STD.TO_INTEGER: Value -841307204 is not in bounds of subtype NATURAL.
# ** Warning: (vsim-151) NUMERIC_STD.TO_INTEGER: Value -841307204 is not in bounds of subtype NATURAL.
# ** Note: ** Addr=000003C8, Word=242, Instuction=CDDAB3B7, Mnemonic=lui x7, CDDAB000
# ** Note:   x1=0000201D x2=58213098 x3=0000000F x4=00000001 x5=00000002 x6=00002030 x7=CDDAB000 x12=00002000 x13=CDDAABBC x14=CDDAABBC x15=00000280 
# ** Warning: (vsim-151) NUMERIC_STD.TO_INTEGER: Value -841308296 is not in bounds of subtype NATURAL.
# ** Warning: (vsim-151) NUMERIC_STD.TO_INTEGER: Value -841308296 is not in bounds of subtype NATURAL.
# ** Warning: (vsim-151) NUMERIC_STD.TO_INTEGER: Value -841307724 is not in bounds of subtype NATURAL.
# ** Warning: (vsim-151) NUMERIC_STD.TO_INTEGER: Value -841307724 is not in bounds of subtype NATURAL.
# ** Note: ** Addr=000003CC, Word=243, Instuction=BBC38393, Mnemonic=addi x7, x7, FFFFFBBC
# ** Note:   x1=0000201D x2=58213098 x3=0000000F x4=00000001 x5=00000002 x6=00002030 x7=CDDAABBC x12=00002000 x13=CDDAABBC x14=CDDAABBC x15=00000280 
# ** Warning: (vsim-151) NUMERIC_STD.TO_INTEGER: Value -1682614408 is not in bounds of subtype NATURAL.
# ** Warning: (vsim-151) NUMERIC_STD.TO_INTEGER: Value -1682614408 is not in bounds of subtype NATURAL.
# ** Note: ** Addr=000003D0, Word=244, Instuction=20771263, Mnemonic=bne x14, x7, 00000204
# ** Note:   x1=0000201D x2=58213098 x3=0000000F x4=00000001 x5=00000002 x6=00002030 x7=CDDAABBC x12=00002000 x13=CDDAABBC x14=CDDAABBC x15=00000280 
# ** Note: ** Addr=000003D4, Word=245, Instuction=00120213, Mnemonic=addi x4, x4, 00000001
# ** Note:   x1=0000201D x2=58213098 x3=0000000F x4=00000002 x5=00000002 x6=00002030 x7=CDDAABBC x12=00002000 x13=CDDAABBC x14=CDDAABBC x15=00000280 
# ** Note: ** Addr=000003D8, Word=246, Instuction=00200293, Mnemonic=addi x5, x0, 00000002
# ** Note:   x1=0000201D x2=58213098 x3=0000000F x4=00000002 x5=00000002 x6=00002030 x7=CDDAABBC x12=00002000 x13=CDDAABBC x14=CDDAABBC x15=00000280 
# ** Note: ** Addr=000003DC, Word=247, Instuction=FC5218E3, Mnemonic=bne x4, x5, FFFFFFD0
# ** Note:   x1=0000201D x2=58213098 x3=0000000F x4=00000002 x5=00000002 x6=00002030 x7=CDDAABBC x12=00002000 x13=CDDAABBC x14=CDDAABBC x15=00000280 
# ** Note: ** Addr=000003E0, Word=248, Instuction=01000193, Mnemonic=addi x3, x0, 00000010
# ** Note:   x1=0000201D x2=58213098 x3=00000010 x4=00000002 x5=00000002 x6=00002030 x7=CDDAABBC x12=00002000 x13=CDDAABBC x14=CDDAABBC x15=00000280 
# ** Warning: (vsim-151) NUMERIC_STD.TO_INTEGER: Value -820 is not in bounds of subtype NATURAL.
# ** Warning: (vsim-151) NUMERIC_STD.TO_INTEGER: Value -820 is not in bounds of subtype NATURAL.
# ** Warning: (vsim-151) NUMERIC_STD.TO_INTEGER: Value -841307204 is not in bounds of subtype NATURAL.
# ** Warning: (vsim-151) NUMERIC_STD.TO_INTEGER: Value -841307204 is not in bounds of subtype NATURAL.
# ** Note: ** Addr=000003E4, Word=249, Instuction=00000213, Mnemonic=addi x4, x0, 00000000
# ** Note:   x1=0000201D x2=58213098 x3=00000010 x5=00000002 x6=00002030 x7=CDDAABBC x12=00002000 x13=CDDAABBC x14=CDDAABBC x15=00000280 
# ** Warning: (vsim-151) NUMERIC_STD.TO_INTEGER: Value -857886720 is not in bounds of subtype NATURAL.
# ** Warning: (vsim-151) NUMERIC_STD.TO_INTEGER: Value -857886720 is not in bounds of subtype NATURAL.
# ** Warning: (vsim-151) NUMERIC_STD.TO_INTEGER: Value -857888070 is not in bounds of subtype NATURAL.
# ** Warning: (vsim-151) NUMERIC_STD.TO_INTEGER: Value -857888070 is not in bounds of subtype NATURAL.
# ** Note: ** Addr=000003E8, Word=250, Instuction=CCDDB6B7, Mnemonic=lui x13, CCDDB000
# ** Note:   x1=0000201D x2=58213098 x3=00000010 x5=00000002 x6=00002030 x7=CDDAABBC x12=00002000 x13=CCDDB000 x14=CDDAABBC x15=00000280 
# ** Warning: (vsim-151) NUMERIC_STD.TO_INTEGER: Value -857889418 is not in bounds of subtype NATURAL.
# ** Warning: (vsim-151) NUMERIC_STD.TO_INTEGER: Value -857889418 is not in bounds of subtype NATURAL.
# ** Warning: (vsim-151) NUMERIC_STD.TO_INTEGER: Value -857888070 is not in bounds of subtype NATURAL.
# ** Warning: (vsim-151) NUMERIC_STD.TO_INTEGER: Value -857888070 is not in bounds of subtype NATURAL.
# ** Note: ** Addr=000003EC, Word=251, Instuction=ABB68693, Mnemonic=addi x13, x13, FFFFFABB
# ** Note:   x1=0000201D x2=58213098 x3=00000010 x5=00000002 x6=00002030 x7=CDDAABBC x12=00002000 x13=CCDDAABB x14=CDDAABBC x15=00000280 
# ** Note: ** Addr=000003F0, Word=252, Instuction=00000013, Mnemonic=addi x0, x0, 00000000
# ** Note:   x1=0000201D x2=58213098 x3=00000010 x5=00000002 x6=00002030 x7=CDDAABBC x12=00002000 x13=CCDDAABB x14=CDDAABBC x15=00000280 
# ** Note: ** Addr=000003F4, Word=253, Instuction=00002617, Mnemonic=auipc x12, 00002000
# ** Note:   x1=0000201D x2=58213098 x3=00000010 x5=00000002 x6=00002030 x7=CDDAABBC x12=000023F4 x13=CCDDAABB x14=CDDAABBC x15=00000280 
# ** Note: ** Addr=000003F8, Word=254, Instuction=C0C60613, Mnemonic=addi x12, x12, FFFFFC0C
# ** Note:   x1=0000201D x2=58213098 x3=00000010 x5=00000002 x6=00002030 x7=CDDAABBC x12=00002000 x13=CCDDAABB x14=CDDAABBC x15=00000280 
# ** Note: ** Addr=000003FC, Word=255, Instuction=00000013, Mnemonic=addi x0, x0, 00000000
# ** Note:   x1=0000201D x2=58213098 x3=00000010 x5=00000002 x6=00002030 x7=CDDAABBC x12=00002000 x13=CCDDAABB x14=CDDAABBC x15=00000280 
# ** Note: ** Addr=00000400, Word=256, Instuction=00D62823, Mnemonic=sw x13, 00000010(x12)
# ** Note:   x1=0000201D x2=58213098 x3=00000010 x5=00000002 x6=00002030 x7=CDDAABBC x12=00002000 x13=CCDDAABB x14=CDDAABBC x15=00000280 
# ** Note:   Addr=00002010, Word=2052, WData=CCDDAABB, RData=00AA00AA
# ** Warning: (vsim-151) NUMERIC_STD.TO_INTEGER: Value -857888070 is not in bounds of subtype NATURAL.
# ** Warning: (vsim-151) NUMERIC_STD.TO_INTEGER: Value -857888070 is not in bounds of subtype NATURAL.
# ** Warning: (vsim-151) NUMERIC_STD.TO_INTEGER: Value -857888070 is not in bounds of subtype NATURAL.
# ** Warning: (vsim-151) NUMERIC_STD.TO_INTEGER: Value -857888070 is not in bounds of subtype NATURAL.
# ** Note: ** Addr=00000404, Word=257, Instuction=01062703, Mnemonic=lw x14, 00000010(x12)
# ** Note:   x1=0000201D x2=58213098 x3=00000010 x5=00000002 x6=00002030 x7=CDDAABBC x12=00002000 x13=CCDDAABB x14=CCDDAABB x15=00000280 
# ** Note:   Addr=00002010, Word=2052, WData=00000000, RData=CCDDAABB
# ** Note: ** Addr=00000408, Word=258, Instuction=CCDDB3B7, Mnemonic=lui x7, CCDDB000
# ** Note:   x1=0000201D x2=58213098 x3=00000010 x5=00000002 x6=00002030 x7=CCDDB000 x12=00002000 x13=CCDDAABB x14=CCDDAABB x15=00000280 
# ** Warning: (vsim-151) NUMERIC_STD.TO_INTEGER: Value -857889418 is not in bounds of subtype NATURAL.
# ** Warning: (vsim-151) NUMERIC_STD.TO_INTEGER: Value -857889418 is not in bounds of subtype NATURAL.
# ** Warning: (vsim-151) NUMERIC_STD.TO_INTEGER: Value -857888524 is not in bounds of subtype NATURAL.
# ** Warning: (vsim-151) NUMERIC_STD.TO_INTEGER: Value -857888524 is not in bounds of subtype NATURAL.
# ** Note: ** Addr=0000040C, Word=259, Instuction=ABB38393, Mnemonic=addi x7, x7, FFFFFABB
# ** Note:   x1=0000201D x2=58213098 x3=00000010 x5=00000002 x6=00002030 x7=CCDDAABB x12=00002000 x13=CCDDAABB x14=CCDDAABB x15=00000280 
# ** Warning: (vsim-151) NUMERIC_STD.TO_INTEGER: Value -1715776138 is not in bounds of subtype NATURAL.
# ** Warning: (vsim-151) NUMERIC_STD.TO_INTEGER: Value -1715776138 is not in bounds of subtype NATURAL.
# ** Note: ** Addr=00000410, Word=260, Instuction=1C771263, Mnemonic=bne x14, x7, 000001C4
# ** Note:   x1=0000201D x2=58213098 x3=00000010 x5=00000002 x6=00002030 x7=CCDDAABB x12=00002000 x13=CCDDAABB x14=CCDDAABB x15=00000280 
# ** Note: ** Addr=00000414, Word=261, Instuction=00120213, Mnemonic=addi x4, x4, 00000001
# ** Note:   x1=0000201D x2=58213098 x3=00000010 x4=00000001 x5=00000002 x6=00002030 x7=CCDDAABB x12=00002000 x13=CCDDAABB x14=CCDDAABB x15=00000280 
# ** Warning: (vsim-151) NUMERIC_STD.TO_INTEGER: Value -2 is not in bounds of subtype NATURAL.
# ** Warning: (vsim-151) NUMERIC_STD.TO_INTEGER: Value -2 is not in bounds of subtype NATURAL.
# ** Note: ** Addr=00000418, Word=262, Instuction=00200293, Mnemonic=addi x5, x0, 00000002
# ** Note:   x1=0000201D x2=58213098 x3=00000010 x4=00000001 x5=00000002 x6=00002030 x7=CCDDAABB x12=00002000 x13=CCDDAABB x14=CCDDAABB x15=00000280 
# ** Warning: (vsim-151) NUMERIC_STD.TO_INTEGER: Value -857888070 is not in bounds of subtype NATURAL.
# ** Warning: (vsim-151) NUMERIC_STD.TO_INTEGER: Value -857888070 is not in bounds of subtype NATURAL.
# ** Note: ** Addr=0000041C, Word=263, Instuction=FC5216E3, Mnemonic=bne x4, x5, FFFFFFCC
# ** Note:   x1=0000201D x2=58213098 x3=00000010 x4=00000001 x5=00000002 x6=00002030 x7=CCDDAABB x12=00002000 x13=CCDDAABB x14=CCDDAABB x15=00000280 
# ** Warning: (vsim-151) NUMERIC_STD.TO_INTEGER: Value -857886720 is not in bounds of subtype NATURAL.
# ** Warning: (vsim-151) NUMERIC_STD.TO_INTEGER: Value -857886720 is not in bounds of subtype NATURAL.
# ** Warning: (vsim-151) NUMERIC_STD.TO_INTEGER: Value -857888070 is not in bounds of subtype NATURAL.
# ** Warning: (vsim-151) NUMERIC_STD.TO_INTEGER: Value -857888070 is not in bounds of subtype NATURAL.
# ** Note: ** Addr=000003E8, Word=250, Instuction=CCDDB6B7, Mnemonic=lui x13, CCDDB000
# ** Note:   x1=0000201D x2=58213098 x3=00000010 x4=00000001 x5=00000002 x6=00002030 x7=CCDDAABB x12=00002000 x13=CCDDB000 x14=CCDDAABB x15=00000280 
# ** Warning: (vsim-151) NUMERIC_STD.TO_INTEGER: Value -857889418 is not in bounds of subtype NATURAL.
# ** Warning: (vsim-151) NUMERIC_STD.TO_INTEGER: Value -857889418 is not in bounds of subtype NATURAL.
# ** Warning: (vsim-151) NUMERIC_STD.TO_INTEGER: Value -857888070 is not in bounds of subtype NATURAL.
# ** Warning: (vsim-151) NUMERIC_STD.TO_INTEGER: Value -857888070 is not in bounds of subtype NATURAL.
# ** Note: ** Addr=000003EC, Word=251, Instuction=ABB68693, Mnemonic=addi x13, x13, FFFFFABB
# ** Note:   x1=0000201D x2=58213098 x3=00000010 x4=00000001 x5=00000002 x6=00002030 x7=CCDDAABB x12=00002000 x13=CCDDAABB x14=CCDDAABB x15=00000280 
# ** Note: ** Addr=000003F0, Word=252, Instuction=00000013, Mnemonic=addi x0, x0, 00000000
# ** Note:   x1=0000201D x2=58213098 x3=00000010 x4=00000001 x5=00000002 x6=00002030 x7=CCDDAABB x12=00002000 x13=CCDDAABB x14=CCDDAABB x15=00000280 
# ** Note: ** Addr=000003F4, Word=253, Instuction=00002617, Mnemonic=auipc x12, 00002000
# ** Note:   x1=0000201D x2=58213098 x3=00000010 x4=00000001 x5=00000002 x6=00002030 x7=CCDDAABB x12=000023F4 x13=CCDDAABB x14=CCDDAABB x15=00000280 
# ** Note: ** Addr=000003F8, Word=254, Instuction=C0C60613, Mnemonic=addi x12, x12, FFFFFC0C
# ** Note:   x1=0000201D x2=58213098 x3=00000010 x4=00000001 x5=00000002 x6=00002030 x7=CCDDAABB x12=00002000 x13=CCDDAABB x14=CCDDAABB x15=00000280 
# ** Note: ** Addr=000003FC, Word=255, Instuction=00000013, Mnemonic=addi x0, x0, 00000000
# ** Note:   x1=0000201D x2=58213098 x3=00000010 x4=00000001 x5=00000002 x6=00002030 x7=CCDDAABB x12=00002000 x13=CCDDAABB x14=CCDDAABB x15=00000280 
# ** Note: ** Addr=00000400, Word=256, Instuction=00D62823, Mnemonic=sw x13, 00000010(x12)
# ** Note:   x1=0000201D x2=58213098 x3=00000010 x4=00000001 x5=00000002 x6=00002030 x7=CCDDAABB x12=00002000 x13=CCDDAABB x14=CCDDAABB x15=00000280 
# ** Note:   Addr=00002010, Word=2052, WData=CCDDAABB, RData=CCDDAABB
# ** Warning: (vsim-151) NUMERIC_STD.TO_INTEGER: Value -857888070 is not in bounds of subtype NATURAL.
# ** Warning: (vsim-151) NUMERIC_STD.TO_INTEGER: Value -857888070 is not in bounds of subtype NATURAL.
# ** Warning: (vsim-151) NUMERIC_STD.TO_INTEGER: Value -857888070 is not in bounds of subtype NATURAL.
# ** Warning: (vsim-151) NUMERIC_STD.TO_INTEGER: Value -857888070 is not in bounds of subtype NATURAL.
# ** Note: ** Addr=00000404, Word=257, Instuction=01062703, Mnemonic=lw x14, 00000010(x12)
# ** Note:   x1=0000201D x2=58213098 x3=00000010 x4=00000001 x5=00000002 x6=00002030 x7=CCDDAABB x12=00002000 x13=CCDDAABB x14=CCDDAABB x15=00000280 
# ** Note:   Addr=00002010, Word=2052, WData=00000000, RData=CCDDAABB
# ** Note: ** Addr=00000408, Word=258, Instuction=CCDDB3B7, Mnemonic=lui x7, CCDDB000
# ** Note:   x1=0000201D x2=58213098 x3=00000010 x4=00000001 x5=00000002 x6=00002030 x7=CCDDB000 x12=00002000 x13=CCDDAABB x14=CCDDAABB x15=00000280 
# ** Warning: (vsim-151) NUMERIC_STD.TO_INTEGER: Value -857889418 is not in bounds of subtype NATURAL.
# ** Warning: (vsim-151) NUMERIC_STD.TO_INTEGER: Value -857889418 is not in bounds of subtype NATURAL.
# ** Warning: (vsim-151) NUMERIC_STD.TO_INTEGER: Value -857888524 is not in bounds of subtype NATURAL.
# ** Warning: (vsim-151) NUMERIC_STD.TO_INTEGER: Value -857888524 is not in bounds of subtype NATURAL.
# ** Note: ** Addr=0000040C, Word=259, Instuction=ABB38393, Mnemonic=addi x7, x7, FFFFFABB
# ** Note:   x1=0000201D x2=58213098 x3=00000010 x4=00000001 x5=00000002 x6=00002030 x7=CCDDAABB x12=00002000 x13=CCDDAABB x14=CCDDAABB x15=00000280 
# ** Warning: (vsim-151) NUMERIC_STD.TO_INTEGER: Value -1715776138 is not in bounds of subtype NATURAL.
# ** Warning: (vsim-151) NUMERIC_STD.TO_INTEGER: Value -1715776138 is not in bounds of subtype NATURAL.
# ** Note: ** Addr=00000410, Word=260, Instuction=1C771263, Mnemonic=bne x14, x7, 000001C4
# ** Note:   x1=0000201D x2=58213098 x3=00000010 x4=00000001 x5=00000002 x6=00002030 x7=CCDDAABB x12=00002000 x13=CCDDAABB x14=CCDDAABB x15=00000280 
# ** Note: ** Addr=00000414, Word=261, Instuction=00120213, Mnemonic=addi x4, x4, 00000001
# ** Note:   x1=0000201D x2=58213098 x3=00000010 x4=00000002 x5=00000002 x6=00002030 x7=CCDDAABB x12=00002000 x13=CCDDAABB x14=CCDDAABB x15=00000280 
# ** Note: ** Addr=00000418, Word=262, Instuction=00200293, Mnemonic=addi x5, x0, 00000002
# ** Note:   x1=0000201D x2=58213098 x3=00000010 x4=00000002 x5=00000002 x6=00002030 x7=CCDDAABB x12=00002000 x13=CCDDAABB x14=CCDDAABB x15=00000280 
# ** Note: ** Addr=0000041C, Word=263, Instuction=FC5216E3, Mnemonic=bne x4, x5, FFFFFFCC
# ** Note:   x1=0000201D x2=58213098 x3=00000010 x4=00000002 x5=00000002 x6=00002030 x7=CCDDAABB x12=00002000 x13=CCDDAABB x14=CCDDAABB x15=00000280 
# ** Note: ** Addr=00000420, Word=264, Instuction=01100193, Mnemonic=addi x3, x0, 00000011
# ** Note:   x1=0000201D x2=58213098 x3=00000011 x4=00000002 x5=00000002 x6=00002030 x7=CCDDAABB x12=00002000 x13=CCDDAABB x14=CCDDAABB x15=00000280 
# ** Warning: (vsim-151) NUMERIC_STD.TO_INTEGER: Value -1076 is not in bounds of subtype NATURAL.
# ** Warning: (vsim-151) NUMERIC_STD.TO_INTEGER: Value -1076 is not in bounds of subtype NATURAL.
# ** Note: ** Addr=00000424, Word=265, Instuction=00000213, Mnemonic=addi x4, x0, 00000000
# ** Note:   x1=0000201D x2=58213098 x3=00000011 x5=00000002 x6=00002030 x7=CCDDAABB x12=00002000 x13=CCDDAABB x14=CCDDAABB x15=00000280 
# ** Warning: (vsim-151) NUMERIC_STD.TO_INTEGER: Value -1127359830 is not in bounds of subtype NATURAL.
# ** Warning: (vsim-151) NUMERIC_STD.TO_INTEGER: Value -1127359830 is not in bounds of subtype NATURAL.
# ** Warning: (vsim-151) NUMERIC_STD.TO_INTEGER: Value -1127359830 is not in bounds of subtype NATURAL.
# ** Note: ** Addr=00000428, Word=266, Instuction=BCCDE6B7, Mnemonic=lui x13, BCCDE000
# ** Note:   x1=0000201D x2=58213098 x3=00000011 x5=00000002 x6=00002030 x7=CCDDAABB x12=00002000 x13=BCCDE000 x14=CCDDAABB x15=00000280 
# ** Warning: (vsim-151) NUMERIC_STD.TO_INTEGER: Value -1127361194 is not in bounds of subtype NATURAL.
# ** Warning: (vsim-151) NUMERIC_STD.TO_INTEGER: Value -1127361194 is not in bounds of subtype NATURAL.
# ** Warning: (vsim-151) NUMERIC_STD.TO_INTEGER: Value -1127359830 is not in bounds of subtype NATURAL.
# ** Warning: (vsim-151) NUMERIC_STD.TO_INTEGER: Value -1127359830 is not in bounds of subtype NATURAL.
# ** Note: ** Addr=0000042C, Word=267, Instuction=AAB68693, Mnemonic=addi x13, x13, FFFFFAAB
# ** Note:   x1=0000201D x2=58213098 x3=00000011 x5=00000002 x6=00002030 x7=CCDDAABB x12=00002000 x13=BCCDDAAB x14=CCDDAABB x15=00000280 
# ** Note: ** Addr=00000430, Word=268, Instuction=00000013, Mnemonic=addi x0, x0, 00000000
# ** Note:   x1=0000201D x2=58213098 x3=00000011 x5=00000002 x6=00002030 x7=CCDDAABB x12=00002000 x13=BCCDDAAB x14=CCDDAABB x15=00000280 
# ** Note: ** Addr=00000434, Word=269, Instuction=00000013, Mnemonic=addi x0, x0, 00000000
# ** Note:   x1=0000201D x2=58213098 x3=00000011 x5=00000002 x6=00002030 x7=CCDDAABB x12=00002000 x13=BCCDDAAB x14=CCDDAABB x15=00000280 
# ** Note: ** Addr=00000438, Word=270, Instuction=00002617, Mnemonic=auipc x12, 00002000
# ** Note:   x1=0000201D x2=58213098 x3=00000011 x5=00000002 x6=00002030 x7=CCDDAABB x12=00002438 x13=BCCDDAAB x14=CCDDAABB x15=00000280 
# ** Note: ** Addr=0000043C, Word=271, Instuction=BC860613, Mnemonic=addi x12, x12, FFFFFBC8
# ** Note:   x1=0000201D x2=58213098 x3=00000011 x5=00000002 x6=00002030 x7=CCDDAABB x12=00002000 x13=BCCDDAAB x14=CCDDAABB x15=00000280 
# ** Note: ** Addr=00000440, Word=272, Instuction=00D62A23, Mnemonic=sw x13, 00000014(x12)
# ** Note:   x1=0000201D x2=58213098 x3=00000011 x5=00000002 x6=00002030 x7=CCDDAABB x12=00002000 x13=BCCDDAAB x14=CCDDAABB x15=00000280 
# ** Note:   Addr=00002014, Word=2053, WData=BCCDDAAB, RData=AA00AA00
# ** Note: ** Addr=00000444, Word=273, Instuction=01462703, Mnemonic=lw x14, 00000014(x12)
# ** Note:   x1=0000201D x2=58213098 x3=00000011 x5=00000002 x6=00002030 x7=CCDDAABB x12=00002000 x13=BCCDDAAB x14=BCCDDAAB x15=00000280 
# ** Note:   Addr=00002014, Word=2053, WData=00000000, RData=BCCDDAAB
# ** Warning: (vsim-151) NUMERIC_STD.TO_INTEGER: Value -1127359830 is not in bounds of subtype NATURAL.
# ** Warning: (vsim-151) NUMERIC_STD.TO_INTEGER: Value -1127359830 is not in bounds of subtype NATURAL.
# ** Warning: (vsim-151) NUMERIC_STD.TO_INTEGER: Value -1127359830 is not in bounds of subtype NATURAL.
# ** Note: ** Addr=00000448, Word=274, Instuction=BCCDE3B7, Mnemonic=lui x7, BCCDE000
# ** Note:   x1=0000201D x2=58213098 x3=00000011 x5=00000002 x6=00002030 x7=BCCDE000 x12=00002000 x13=BCCDDAAB x14=BCCDDAAB x15=00000280 
# ** Warning: (vsim-151) NUMERIC_STD.TO_INTEGER: Value -1127361194 is not in bounds of subtype NATURAL.
# ** Warning: (vsim-151) NUMERIC_STD.TO_INTEGER: Value -1127361194 is not in bounds of subtype NATURAL.
# ** Warning: (vsim-151) NUMERIC_STD.TO_INTEGER: Value -1127360220 is not in bounds of subtype NATURAL.
# ** Warning: (vsim-151) NUMERIC_STD.TO_INTEGER: Value -1127360220 is not in bounds of subtype NATURAL.
# ** Note: ** Addr=0000044C, Word=275, Instuction=AAB38393, Mnemonic=addi x7, x7, FFFFFAAB
# ** Note:   x1=0000201D x2=58213098 x3=00000011 x5=00000002 x6=00002030 x7=BCCDDAAB x12=00002000 x13=BCCDDAAB x14=BCCDDAAB x15=00000280 
# ** Note: ** Addr=00000450, Word=276, Instuction=18771263, Mnemonic=bne x14, x7, 00000184
# ** Note:   x1=0000201D x2=58213098 x3=00000011 x5=00000002 x6=00002030 x7=BCCDDAAB x12=00002000 x13=BCCDDAAB x14=BCCDDAAB x15=00000280 
# ** Note: ** Addr=00000454, Word=277, Instuction=00120213, Mnemonic=addi x4, x4, 00000001
# ** Note:   x1=0000201D x2=58213098 x3=00000011 x4=00000001 x5=00000002 x6=00002030 x7=BCCDDAAB x12=00002000 x13=BCCDDAAB x14=BCCDDAAB x15=00000280 
# ** Warning: (vsim-151) NUMERIC_STD.TO_INTEGER: Value -2 is not in bounds of subtype NATURAL.
# ** Warning: (vsim-151) NUMERIC_STD.TO_INTEGER: Value -2 is not in bounds of subtype NATURAL.
# ** Note: ** Addr=00000458, Word=278, Instuction=00200293, Mnemonic=addi x5, x0, 00000002
# ** Note:   x1=0000201D x2=58213098 x3=00000011 x4=00000001 x5=00000002 x6=00002030 x7=BCCDDAAB x12=00002000 x13=BCCDDAAB x14=BCCDDAAB x15=00000280 
# ** Note: ** Addr=0000045C, Word=279, Instuction=FC5216E3, Mnemonic=bne x4, x5, FFFFFFCC
# ** Note:   x1=0000201D x2=58213098 x3=00000011 x4=00000001 x5=00000002 x6=00002030 x7=BCCDDAAB x12=00002000 x13=BCCDDAAB x14=BCCDDAAB x15=00000280 
# ** Warning: (vsim-151) NUMERIC_STD.TO_INTEGER: Value -1127359830 is not in bounds of subtype NATURAL.
# ** Warning: (vsim-151) NUMERIC_STD.TO_INTEGER: Value -1127359830 is not in bounds of subtype NATURAL.
# ** Warning: (vsim-151) NUMERIC_STD.TO_INTEGER: Value -1127359830 is not in bounds of subtype NATURAL.
# ** Note: ** Addr=00000428, Word=266, Instuction=BCCDE6B7, Mnemonic=lui x13, BCCDE000
# ** Note:   x1=0000201D x2=58213098 x3=00000011 x4=00000001 x5=00000002 x6=00002030 x7=BCCDDAAB x12=00002000 x13=BCCDE000 x14=BCCDDAAB x15=00000280 
# ** Warning: (vsim-151) NUMERIC_STD.TO_INTEGER: Value -1127361194 is not in bounds of subtype NATURAL.
# ** Warning: (vsim-151) NUMERIC_STD.TO_INTEGER: Value -1127361194 is not in bounds of subtype NATURAL.
# ** Warning: (vsim-151) NUMERIC_STD.TO_INTEGER: Value -1127359830 is not in bounds of subtype NATURAL.
# ** Warning: (vsim-151) NUMERIC_STD.TO_INTEGER: Value -1127359830 is not in bounds of subtype NATURAL.
# ** Note: ** Addr=0000042C, Word=267, Instuction=AAB68693, Mnemonic=addi x13, x13, FFFFFAAB
# ** Note:   x1=0000201D x2=58213098 x3=00000011 x4=00000001 x5=00000002 x6=00002030 x7=BCCDDAAB x12=00002000 x13=BCCDDAAB x14=BCCDDAAB x15=00000280 
# ** Note: ** Addr=00000430, Word=268, Instuction=00000013, Mnemonic=addi x0, x0, 00000000
# ** Note:   x1=0000201D x2=58213098 x3=00000011 x4=00000001 x5=00000002 x6=00002030 x7=BCCDDAAB x12=00002000 x13=BCCDDAAB x14=BCCDDAAB x15=00000280 
# ** Note: ** Addr=00000434, Word=269, Instuction=00000013, Mnemonic=addi x0, x0, 00000000
# ** Note:   x1=0000201D x2=58213098 x3=00000011 x4=00000001 x5=00000002 x6=00002030 x7=BCCDDAAB x12=00002000 x13=BCCDDAAB x14=BCCDDAAB x15=00000280 
# ** Note: ** Addr=00000438, Word=270, Instuction=00002617, Mnemonic=auipc x12, 00002000
# ** Note:   x1=0000201D x2=58213098 x3=00000011 x4=00000001 x5=00000002 x6=00002030 x7=BCCDDAAB x12=00002438 x13=BCCDDAAB x14=BCCDDAAB x15=00000280 
# ** Note: ** Addr=0000043C, Word=271, Instuction=BC860613, Mnemonic=addi x12, x12, FFFFFBC8
# ** Note:   x1=0000201D x2=58213098 x3=00000011 x4=00000001 x5=00000002 x6=00002030 x7=BCCDDAAB x12=00002000 x13=BCCDDAAB x14=BCCDDAAB x15=00000280 
# ** Note: ** Addr=00000440, Word=272, Instuction=00D62A23, Mnemonic=sw x13, 00000014(x12)
# ** Note:   x1=0000201D x2=58213098 x3=00000011 x4=00000001 x5=00000002 x6=00002030 x7=BCCDDAAB x12=00002000 x13=BCCDDAAB x14=BCCDDAAB x15=00000280 
# ** Note:   Addr=00002014, Word=2053, WData=BCCDDAAB, RData=BCCDDAAB
# ** Note: ** Addr=00000444, Word=273, Instuction=01462703, Mnemonic=lw x14, 00000014(x12)
# ** Note:   x1=0000201D x2=58213098 x3=00000011 x4=00000001 x5=00000002 x6=00002030 x7=BCCDDAAB x12=00002000 x13=BCCDDAAB x14=BCCDDAAB x15=00000280 
# ** Note:   Addr=00002014, Word=2053, WData=00000000, RData=BCCDDAAB
# ** Warning: (vsim-151) NUMERIC_STD.TO_INTEGER: Value -1127359830 is not in bounds of subtype NATURAL.
# ** Warning: (vsim-151) NUMERIC_STD.TO_INTEGER: Value -1127359830 is not in bounds of subtype NATURAL.
# ** Warning: (vsim-151) NUMERIC_STD.TO_INTEGER: Value -1127359830 is not in bounds of subtype NATURAL.
# ** Note: ** Addr=00000448, Word=274, Instuction=BCCDE3B7, Mnemonic=lui x7, BCCDE000
# ** Note:   x1=0000201D x2=58213098 x3=00000011 x4=00000001 x5=00000002 x6=00002030 x7=BCCDE000 x12=00002000 x13=BCCDDAAB x14=BCCDDAAB x15=00000280 
# ** Warning: (vsim-151) NUMERIC_STD.TO_INTEGER: Value -1127361194 is not in bounds of subtype NATURAL.
# ** Warning: (vsim-151) NUMERIC_STD.TO_INTEGER: Value -1127361194 is not in bounds of subtype NATURAL.
# ** Warning: (vsim-151) NUMERIC_STD.TO_INTEGER: Value -1127360220 is not in bounds of subtype NATURAL.
# ** Warning: (vsim-151) NUMERIC_STD.TO_INTEGER: Value -1127360220 is not in bounds of subtype NATURAL.
# ** Note: ** Addr=0000044C, Word=275, Instuction=AAB38393, Mnemonic=addi x7, x7, FFFFFAAB
# ** Note:   x1=0000201D x2=58213098 x3=00000011 x4=00000001 x5=00000002 x6=00002030 x7=BCCDDAAB x12=00002000 x13=BCCDDAAB x14=BCCDDAAB x15=00000280 
# ** Note: ** Addr=00000450, Word=276, Instuction=18771263, Mnemonic=bne x14, x7, 00000184
# ** Note:   x1=0000201D x2=58213098 x3=00000011 x4=00000001 x5=00000002 x6=00002030 x7=BCCDDAAB x12=00002000 x13=BCCDDAAB x14=BCCDDAAB x15=00000280 
# ** Note: ** Addr=00000454, Word=277, Instuction=00120213, Mnemonic=addi x4, x4, 00000001
# ** Note:   x1=0000201D x2=58213098 x3=00000011 x4=00000002 x5=00000002 x6=00002030 x7=BCCDDAAB x12=00002000 x13=BCCDDAAB x14=BCCDDAAB x15=00000280 
# ** Note: ** Addr=00000458, Word=278, Instuction=00200293, Mnemonic=addi x5, x0, 00000002
# ** Note:   x1=0000201D x2=58213098 x3=00000011 x4=00000002 x5=00000002 x6=00002030 x7=BCCDDAAB x12=00002000 x13=BCCDDAAB x14=BCCDDAAB x15=00000280 
# ** Note: ** Addr=0000045C, Word=279, Instuction=FC5216E3, Mnemonic=bne x4, x5, FFFFFFCC
# ** Note:   x1=0000201D x2=58213098 x3=00000011 x4=00000002 x5=00000002 x6=00002030 x7=BCCDDAAB x12=00002000 x13=BCCDDAAB x14=BCCDDAAB x15=00000280 
# ** Note: ** Addr=00000460, Word=280, Instuction=01200193, Mnemonic=addi x3, x0, 00000012
# ** Note:   x1=0000201D x2=58213098 x3=00000012 x4=00000002 x5=00000002 x6=00002030 x7=BCCDDAAB x12=00002000 x13=BCCDDAAB x14=BCCDDAAB x15=00000280 
# ** Note: ** Addr=00000464, Word=281, Instuction=00000213, Mnemonic=addi x4, x0, 00000000
# ** Note:   x1=0000201D x2=58213098 x3=00000012 x5=00000002 x6=00002030 x7=BCCDDAAB x12=00002000 x13=BCCDDAAB x14=BCCDDAAB x15=00000280 
# ** Note: ** Addr=00000468, Word=282, Instuction=00002117, Mnemonic=auipc x2, 00002000
# ** Note:   x1=0000201D x2=00002468 x3=00000012 x5=00000002 x6=00002030 x7=BCCDDAAB x12=00002000 x13=BCCDDAAB x14=BCCDDAAB x15=00000280 
# ** Note: ** Addr=0000046C, Word=283, Instuction=B9810113, Mnemonic=addi x2, x2, FFFFFB98
# ** Note:   x1=0000201D x2=00002000 x3=00000012 x5=00000002 x6=00002030 x7=BCCDDAAB x12=00002000 x13=BCCDDAAB x14=BCCDDAAB x15=00000280 
# ** Note: ** Addr=00000470, Word=284, Instuction=001120B7, Mnemonic=lui x1, 00112000
# ** Note:   x1=00112000 x2=00002000 x3=00000012 x5=00000002 x6=00002030 x7=BCCDDAAB x12=00002000 x13=BCCDDAAB x14=BCCDDAAB x15=00000280 
# ** Note: ** Addr=00000474, Word=285, Instuction=23308093, Mnemonic=addi x1, x1, 00000233
# ** Note:   x1=00112233 x2=00002000 x3=00000012 x5=00000002 x6=00002030 x7=BCCDDAAB x12=00002000 x13=BCCDDAAB x14=BCCDDAAB x15=00000280 
# ** Note: ** Addr=00000478, Word=286, Instuction=00112023, Mnemonic=sw x1, 00000000(x2)
# ** Note:   x1=00112233 x2=00002000 x3=00000012 x5=00000002 x6=00002030 x7=BCCDDAAB x12=00002000 x13=BCCDDAAB x14=BCCDDAAB x15=00000280 
# ** Note:   Addr=00002000, Word=2048, WData=00112233, RData=AABBCCDD
# ** Note: ** Addr=0000047C, Word=287, Instuction=00012703, Mnemonic=lw x14, 00000000(x2)
# ** Note:   x1=00112233 x2=00002000 x3=00000012 x5=00000002 x6=00002030 x7=BCCDDAAB x12=00002000 x13=BCCDDAAB x14=00112233 x15=00000280 
# ** Note:   Addr=00002000, Word=2048, WData=00000000, RData=00112233
# ** Note: ** Addr=00000480, Word=288, Instuction=001123B7, Mnemonic=lui x7, 00112000
# ** Note:   x1=00112233 x2=00002000 x3=00000012 x5=00000002 x6=00002030 x7=00112000 x12=00002000 x13=BCCDDAAB x14=00112233 x15=00000280 
# ** Note: ** Addr=00000484, Word=289, Instuction=23338393, Mnemonic=addi x7, x7, 00000233
# ** Note:   x1=00112233 x2=00002000 x3=00000012 x5=00000002 x6=00002030 x7=00112233 x12=00002000 x13=BCCDDAAB x14=00112233 x15=00000280 
# ** Note: ** Addr=00000488, Word=290, Instuction=14771663, Mnemonic=bne x14, x7, 0000014C
# ** Note:   x1=00112233 x2=00002000 x3=00000012 x5=00000002 x6=00002030 x7=00112233 x12=00002000 x13=BCCDDAAB x14=00112233 x15=00000280 
# ** Note: ** Addr=0000048C, Word=291, Instuction=00120213, Mnemonic=addi x4, x4, 00000001
# ** Note:   x1=00112233 x2=00002000 x3=00000012 x4=00000001 x5=00000002 x6=00002030 x7=00112233 x12=00002000 x13=BCCDDAAB x14=00112233 x15=00000280 
# ** Warning: (vsim-151) NUMERIC_STD.TO_INTEGER: Value -2 is not in bounds of subtype NATURAL.
# ** Warning: (vsim-151) NUMERIC_STD.TO_INTEGER: Value -2 is not in bounds of subtype NATURAL.
# ** Note: ** Addr=00000490, Word=292, Instuction=00200293, Mnemonic=addi x5, x0, 00000002
# ** Note:   x1=00112233 x2=00002000 x3=00000012 x4=00000001 x5=00000002 x6=00002030 x7=00112233 x12=00002000 x13=BCCDDAAB x14=00112233 x15=00000280 
# ** Note: ** Addr=00000494, Word=293, Instuction=FC521AE3, Mnemonic=bne x4, x5, FFFFFFD4
# ** Note:   x1=00112233 x2=00002000 x3=00000012 x4=00000001 x5=00000002 x6=00002030 x7=00112233 x12=00002000 x13=BCCDDAAB x14=00112233 x15=00000280 
# ** Note: ** Addr=00000468, Word=282, Instuction=00002117, Mnemonic=auipc x2, 00002000
# ** Note:   x1=00112233 x2=00002468 x3=00000012 x4=00000001 x5=00000002 x6=00002030 x7=00112233 x12=00002000 x13=BCCDDAAB x14=00112233 x15=00000280 
# ** Note: ** Addr=0000046C, Word=283, Instuction=B9810113, Mnemonic=addi x2, x2, FFFFFB98
# ** Note:   x1=00112233 x2=00002000 x3=00000012 x4=00000001 x5=00000002 x6=00002030 x7=00112233 x12=00002000 x13=BCCDDAAB x14=00112233 x15=00000280 
# ** Note: ** Addr=00000470, Word=284, Instuction=001120B7, Mnemonic=lui x1, 00112000
# ** Note:   x1=00112000 x2=00002000 x3=00000012 x4=00000001 x5=00000002 x6=00002030 x7=00112233 x12=00002000 x13=BCCDDAAB x14=00112233 x15=00000280 
# ** Note: ** Addr=00000474, Word=285, Instuction=23308093, Mnemonic=addi x1, x1, 00000233
# ** Note:   x1=00112233 x2=00002000 x3=00000012 x4=00000001 x5=00000002 x6=00002030 x7=00112233 x12=00002000 x13=BCCDDAAB x14=00112233 x15=00000280 
# ** Note: ** Addr=00000478, Word=286, Instuction=00112023, Mnemonic=sw x1, 00000000(x2)
# ** Note:   x1=00112233 x2=00002000 x3=00000012 x4=00000001 x5=00000002 x6=00002030 x7=00112233 x12=00002000 x13=BCCDDAAB x14=00112233 x15=00000280 
# ** Note:   Addr=00002000, Word=2048, WData=00112233, RData=00112233
# ** Note: ** Addr=0000047C, Word=287, Instuction=00012703, Mnemonic=lw x14, 00000000(x2)
# ** Note:   x1=00112233 x2=00002000 x3=00000012 x4=00000001 x5=00000002 x6=00002030 x7=00112233 x12=00002000 x13=BCCDDAAB x14=00112233 x15=00000280 
# ** Note:   Addr=00002000, Word=2048, WData=00000000, RData=00112233
# ** Note: ** Addr=00000480, Word=288, Instuction=001123B7, Mnemonic=lui x7, 00112000
# ** Note:   x1=00112233 x2=00002000 x3=00000012 x4=00000001 x5=00000002 x6=00002030 x7=00112000 x12=00002000 x13=BCCDDAAB x14=00112233 x15=00000280 
# ** Note: ** Addr=00000484, Word=289, Instuction=23338393, Mnemonic=addi x7, x7, 00000233
# ** Note:   x1=00112233 x2=00002000 x3=00000012 x4=00000001 x5=00000002 x6=00002030 x7=00112233 x12=00002000 x13=BCCDDAAB x14=00112233 x15=00000280 
# ** Note: ** Addr=00000488, Word=290, Instuction=14771663, Mnemonic=bne x14, x7, 0000014C
# ** Note:   x1=00112233 x2=00002000 x3=00000012 x4=00000001 x5=00000002 x6=00002030 x7=00112233 x12=00002000 x13=BCCDDAAB x14=00112233 x15=00000280 
# ** Note: ** Addr=0000048C, Word=291, Instuction=00120213, Mnemonic=addi x4, x4, 00000001
# ** Note:   x1=00112233 x2=00002000 x3=00000012 x4=00000002 x5=00000002 x6=00002030 x7=00112233 x12=00002000 x13=BCCDDAAB x14=00112233 x15=00000280 
# ** Note: ** Addr=00000490, Word=292, Instuction=00200293, Mnemonic=addi x5, x0, 00000002
# ** Note:   x1=00112233 x2=00002000 x3=00000012 x4=00000002 x5=00000002 x6=00002030 x7=00112233 x12=00002000 x13=BCCDDAAB x14=00112233 x15=00000280 
# ** Note: ** Addr=00000494, Word=293, Instuction=FC521AE3, Mnemonic=bne x4, x5, FFFFFFD4
# ** Note:   x1=00112233 x2=00002000 x3=00000012 x4=00000002 x5=00000002 x6=00002030 x7=00112233 x12=00002000 x13=BCCDDAAB x14=00112233 x15=00000280 
# ** Note: ** Addr=00000498, Word=294, Instuction=01300193, Mnemonic=addi x3, x0, 00000013
# ** Note:   x1=00112233 x2=00002000 x3=00000013 x4=00000002 x5=00000002 x6=00002030 x7=00112233 x12=00002000 x13=BCCDDAAB x14=00112233 x15=00000280 
# ** Note: ** Addr=0000049C, Word=295, Instuction=00000213, Mnemonic=addi x4, x0, 00000000
# ** Note:   x1=00112233 x2=00002000 x3=00000013 x5=00000002 x6=00002030 x7=00112233 x12=00002000 x13=BCCDDAAB x14=00112233 x15=00000280 
# ** Note: ** Addr=000004A0, Word=296, Instuction=00002117, Mnemonic=auipc x2, 00002000
# ** Note:   x1=00112233 x2=000024A0 x3=00000013 x5=00000002 x6=00002030 x7=00112233 x12=00002000 x13=BCCDDAAB x14=00112233 x15=00000280 
# ** Note: ** Addr=000004A4, Word=297, Instuction=B6010113, Mnemonic=addi x2, x2, FFFFFB60
# ** Note:   x1=00112233 x2=00002000 x3=00000013 x5=00000002 x6=00002030 x7=00112233 x12=00002000 x13=BCCDDAAB x14=00112233 x15=00000280 
# ** Note: ** Addr=000004A8, Word=298, Instuction=300110B7, Mnemonic=lui x1, 30011000
# ** Note:   x1=30011000 x2=00002000 x3=00000013 x5=00000002 x6=00002030 x7=00112233 x12=00002000 x13=BCCDDAAB x14=00112233 x15=00000280 
# ** Note: ** Addr=000004AC, Word=299, Instuction=22308093, Mnemonic=addi x1, x1, 00000223
# ** Note:   x1=30011223 x2=00002000 x3=00000013 x5=00000002 x6=00002030 x7=00112233 x12=00002000 x13=BCCDDAAB x14=00112233 x15=00000280 
# ** Note: ** Addr=000004B0, Word=300, Instuction=00000013, Mnemonic=addi x0, x0, 00000000
# ** Note:   x1=30011223 x2=00002000 x3=00000013 x5=00000002 x6=00002030 x7=00112233 x12=00002000 x13=BCCDDAAB x14=00112233 x15=00000280 
# ** Note: ** Addr=000004B4, Word=301, Instuction=00112223, Mnemonic=sw x1, 00000004(x2)
# ** Note:   x1=30011223 x2=00002000 x3=00000013 x5=00000002 x6=00002030 x7=00112233 x12=00002000 x13=BCCDDAAB x14=00112233 x15=00000280 
# ** Note:   Addr=00002004, Word=2049, WData=30011223, RData=DAABBCCD
# ** Note: ** Addr=000004B8, Word=302, Instuction=00412703, Mnemonic=lw x14, 00000004(x2)
# ** Note:   x1=30011223 x2=00002000 x3=00000013 x5=00000002 x6=00002030 x7=00112233 x12=00002000 x13=BCCDDAAB x14=30011223 x15=00000280 
# ** Note:   Addr=00002004, Word=2049, WData=00000000, RData=30011223
# ** Note: ** Addr=000004BC, Word=303, Instuction=300113B7, Mnemonic=lui x7, 30011000
# ** Note:   x1=30011223 x2=00002000 x3=00000013 x5=00000002 x6=00002030 x7=30011000 x12=00002000 x13=BCCDDAAB x14=30011223 x15=00000280 
# ** Note: ** Addr=000004C0, Word=304, Instuction=22338393, Mnemonic=addi x7, x7, 00000223
# ** Note:   x1=30011223 x2=00002000 x3=00000013 x5=00000002 x6=00002030 x7=30011223 x12=00002000 x13=BCCDDAAB x14=30011223 x15=00000280 
# ** Note: ** Addr=000004C4, Word=305, Instuction=10771863, Mnemonic=bne x14, x7, 00000110
# ** Note:   x1=30011223 x2=00002000 x3=00000013 x5=00000002 x6=00002030 x7=30011223 x12=00002000 x13=BCCDDAAB x14=30011223 x15=00000280 
# ** Note: ** Addr=000004C8, Word=306, Instuction=00120213, Mnemonic=addi x4, x4, 00000001
# ** Note:   x1=30011223 x2=00002000 x3=00000013 x4=00000001 x5=00000002 x6=00002030 x7=30011223 x12=00002000 x13=BCCDDAAB x14=30011223 x15=00000280 
# ** Warning: (vsim-151) NUMERIC_STD.TO_INTEGER: Value -2 is not in bounds of subtype NATURAL.
# ** Warning: (vsim-151) NUMERIC_STD.TO_INTEGER: Value -2 is not in bounds of subtype NATURAL.
# ** Note: ** Addr=000004CC, Word=307, Instuction=00200293, Mnemonic=addi x5, x0, 00000002
# ** Note:   x1=30011223 x2=00002000 x3=00000013 x4=00000001 x5=00000002 x6=00002030 x7=30011223 x12=00002000 x13=BCCDDAAB x14=30011223 x15=00000280 
# ** Note: ** Addr=000004D0, Word=308, Instuction=FC5218E3, Mnemonic=bne x4, x5, FFFFFFD0
# ** Note:   x1=30011223 x2=00002000 x3=00000013 x4=00000001 x5=00000002 x6=00002030 x7=30011223 x12=00002000 x13=BCCDDAAB x14=30011223 x15=00000280 
# ** Note: ** Addr=000004A0, Word=296, Instuction=00002117, Mnemonic=auipc x2, 00002000
# ** Note:   x1=30011223 x2=000024A0 x3=00000013 x4=00000001 x5=00000002 x6=00002030 x7=30011223 x12=00002000 x13=BCCDDAAB x14=30011223 x15=00000280 
# ** Note: ** Addr=000004A4, Word=297, Instuction=B6010113, Mnemonic=addi x2, x2, FFFFFB60
# ** Note:   x1=30011223 x2=00002000 x3=00000013 x4=00000001 x5=00000002 x6=00002030 x7=30011223 x12=00002000 x13=BCCDDAAB x14=30011223 x15=00000280 
# ** Note: ** Addr=000004A8, Word=298, Instuction=300110B7, Mnemonic=lui x1, 30011000
# ** Note:   x1=30011000 x2=00002000 x3=00000013 x4=00000001 x5=00000002 x6=00002030 x7=30011223 x12=00002000 x13=BCCDDAAB x14=30011223 x15=00000280 
# ** Note: ** Addr=000004AC, Word=299, Instuction=22308093, Mnemonic=addi x1, x1, 00000223
# ** Note:   x1=30011223 x2=00002000 x3=00000013 x4=00000001 x5=00000002 x6=00002030 x7=30011223 x12=00002000 x13=BCCDDAAB x14=30011223 x15=00000280 
# ** Note: ** Addr=000004B0, Word=300, Instuction=00000013, Mnemonic=addi x0, x0, 00000000
# ** Note:   x1=30011223 x2=00002000 x3=00000013 x4=00000001 x5=00000002 x6=00002030 x7=30011223 x12=00002000 x13=BCCDDAAB x14=30011223 x15=00000280 
# ** Note: ** Addr=000004B4, Word=301, Instuction=00112223, Mnemonic=sw x1, 00000004(x2)
# ** Note:   x1=30011223 x2=00002000 x3=00000013 x4=00000001 x5=00000002 x6=00002030 x7=30011223 x12=00002000 x13=BCCDDAAB x14=30011223 x15=00000280 
# ** Note:   Addr=00002004, Word=2049, WData=30011223, RData=30011223
# ** Note: ** Addr=000004B8, Word=302, Instuction=00412703, Mnemonic=lw x14, 00000004(x2)
# ** Note:   x1=30011223 x2=00002000 x3=00000013 x4=00000001 x5=00000002 x6=00002030 x7=30011223 x12=00002000 x13=BCCDDAAB x14=30011223 x15=00000280 
# ** Note:   Addr=00002004, Word=2049, WData=00000001, RData=30011223
# ** Note: ** Addr=000004BC, Word=303, Instuction=300113B7, Mnemonic=lui x7, 30011000
# ** Note:   x1=30011223 x2=00002000 x3=00000013 x4=00000001 x5=00000002 x6=00002030 x7=30011000 x12=00002000 x13=BCCDDAAB x14=30011223 x15=00000280 
# ** Note: ** Addr=000004C0, Word=304, Instuction=22338393, Mnemonic=addi x7, x7, 00000223
# ** Note:   x1=30011223 x2=00002000 x3=00000013 x4=00000001 x5=00000002 x6=00002030 x7=30011223 x12=00002000 x13=BCCDDAAB x14=30011223 x15=00000280 
# ** Note: ** Addr=000004C4, Word=305, Instuction=10771863, Mnemonic=bne x14, x7, 00000110
# ** Note:   x1=30011223 x2=00002000 x3=00000013 x4=00000001 x5=00000002 x6=00002030 x7=30011223 x12=00002000 x13=BCCDDAAB x14=30011223 x15=00000280 
# ** Note: ** Addr=000004C8, Word=306, Instuction=00120213, Mnemonic=addi x4, x4, 00000001
# ** Note:   x1=30011223 x2=00002000 x3=00000013 x4=00000002 x5=00000002 x6=00002030 x7=30011223 x12=00002000 x13=BCCDDAAB x14=30011223 x15=00000280 
# ** Note: ** Addr=000004CC, Word=307, Instuction=00200293, Mnemonic=addi x5, x0, 00000002
# ** Note:   x1=30011223 x2=00002000 x3=00000013 x4=00000002 x5=00000002 x6=00002030 x7=30011223 x12=00002000 x13=BCCDDAAB x14=30011223 x15=00000280 
# ** Note: ** Addr=000004D0, Word=308, Instuction=FC5218E3, Mnemonic=bne x4, x5, FFFFFFD0
# ** Note:   x1=30011223 x2=00002000 x3=00000013 x4=00000002 x5=00000002 x6=00002030 x7=30011223 x12=00002000 x13=BCCDDAAB x14=30011223 x15=00000280 
# ** Note: ** Addr=000004D4, Word=309, Instuction=01400193, Mnemonic=addi x3, x0, 00000014
# ** Note:   x1=30011223 x2=00002000 x3=00000014 x4=00000002 x5=00000002 x6=00002030 x7=30011223 x12=00002000 x13=BCCDDAAB x14=30011223 x15=00000280 
# ** Note: ** Addr=000004D8, Word=310, Instuction=00000213, Mnemonic=addi x4, x0, 00000000
# ** Note:   x1=30011223 x2=00002000 x3=00000014 x5=00000002 x6=00002030 x7=30011223 x12=00002000 x13=BCCDDAAB x14=30011223 x15=00000280 
# ** Note: ** Addr=000004DC, Word=311, Instuction=00002117, Mnemonic=auipc x2, 00002000
# ** Note:   x1=30011223 x2=000024DC x3=00000014 x5=00000002 x6=00002030 x7=30011223 x12=00002000 x13=BCCDDAAB x14=30011223 x15=00000280 
# ** Note: ** Addr=000004E0, Word=312, Instuction=B2410113, Mnemonic=addi x2, x2, FFFFFB24
# ** Note:   x1=30011223 x2=00002000 x3=00000014 x5=00000002 x6=00002030 x7=30011223 x12=00002000 x13=BCCDDAAB x14=30011223 x15=00000280 
# ** Note: ** Addr=000004E4, Word=313, Instuction=330010B7, Mnemonic=lui x1, 33001000
# ** Note:   x1=33001000 x2=00002000 x3=00000014 x5=00000002 x6=00002030 x7=30011223 x12=00002000 x13=BCCDDAAB x14=30011223 x15=00000280 
# ** Note: ** Addr=000004E8, Word=314, Instuction=12208093, Mnemonic=addi x1, x1, 00000122
# ** Note:   x1=33001122 x2=00002000 x3=00000014 x5=00000002 x6=00002030 x7=30011223 x12=00002000 x13=BCCDDAAB x14=30011223 x15=00000280 
# ** Note: ** Addr=000004EC, Word=315, Instuction=00000013, Mnemonic=addi x0, x0, 00000000
# ** Note:   x1=33001122 x2=00002000 x3=00000014 x5=00000002 x6=00002030 x7=30011223 x12=00002000 x13=BCCDDAAB x14=30011223 x15=00000280 
# ** Note: ** Addr=000004F0, Word=316, Instuction=00000013, Mnemonic=addi x0, x0, 00000000
# ** Note:   x1=33001122 x2=00002000 x3=00000014 x5=00000002 x6=00002030 x7=30011223 x12=00002000 x13=BCCDDAAB x14=30011223 x15=00000280 
# ** Note: ** Addr=000004F4, Word=317, Instuction=00112423, Mnemonic=sw x1, 00000008(x2)
# ** Note:   x1=33001122 x2=00002000 x3=00000014 x5=00000002 x6=00002030 x7=30011223 x12=00002000 x13=BCCDDAAB x14=30011223 x15=00000280 
# ** Note:   Addr=00002008, Word=2050, WData=33001122, RData=DDAABBCC
# ** Note: ** Addr=000004F8, Word=318, Instuction=00812703, Mnemonic=lw x14, 00000008(x2)
# ** Note:   x1=33001122 x2=00002000 x3=00000014 x5=00000002 x6=00002030 x7=30011223 x12=00002000 x13=BCCDDAAB x14=33001122 x15=00000280 
# ** Note:   Addr=00002008, Word=2050, WData=00000000, RData=33001122
# ** Note: ** Addr=000004FC, Word=319, Instuction=330013B7, Mnemonic=lui x7, 33001000
# ** Note:   x1=33001122 x2=00002000 x3=00000014 x5=00000002 x6=00002030 x7=33001000 x12=00002000 x13=BCCDDAAB x14=33001122 x15=00000280 
# ** Note: ** Addr=00000500, Word=320, Instuction=12238393, Mnemonic=addi x7, x7, 00000122
# ** Note:   x1=33001122 x2=00002000 x3=00000014 x5=00000002 x6=00002030 x7=33001122 x12=00002000 x13=BCCDDAAB x14=33001122 x15=00000280 
# ** Note: ** Addr=00000504, Word=321, Instuction=0C771863, Mnemonic=bne x14, x7, 000000D0
# ** Note:   x1=33001122 x2=00002000 x3=00000014 x5=00000002 x6=00002030 x7=33001122 x12=00002000 x13=BCCDDAAB x14=33001122 x15=00000280 
# ** Note: ** Addr=00000508, Word=322, Instuction=00120213, Mnemonic=addi x4, x4, 00000001
# ** Note:   x1=33001122 x2=00002000 x3=00000014 x4=00000001 x5=00000002 x6=00002030 x7=33001122 x12=00002000 x13=BCCDDAAB x14=33001122 x15=00000280 
# ** Warning: (vsim-151) NUMERIC_STD.TO_INTEGER: Value -2 is not in bounds of subtype NATURAL.
# ** Warning: (vsim-151) NUMERIC_STD.TO_INTEGER: Value -2 is not in bounds of subtype NATURAL.
# ** Note: ** Addr=0000050C, Word=323, Instuction=00200293, Mnemonic=addi x5, x0, 00000002
# ** Note:   x1=33001122 x2=00002000 x3=00000014 x4=00000001 x5=00000002 x6=00002030 x7=33001122 x12=00002000 x13=BCCDDAAB x14=33001122 x15=00000280 
# ** Note: ** Addr=00000510, Word=324, Instuction=FC5216E3, Mnemonic=bne x4, x5, FFFFFFCC
# ** Note:   x1=33001122 x2=00002000 x3=00000014 x4=00000001 x5=00000002 x6=00002030 x7=33001122 x12=00002000 x13=BCCDDAAB x14=33001122 x15=00000280 
# ** Note: ** Addr=000004DC, Word=311, Instuction=00002117, Mnemonic=auipc x2, 00002000
# ** Note:   x1=33001122 x2=000024DC x3=00000014 x4=00000001 x5=00000002 x6=00002030 x7=33001122 x12=00002000 x13=BCCDDAAB x14=33001122 x15=00000280 
# ** Note: ** Addr=000004E0, Word=312, Instuction=B2410113, Mnemonic=addi x2, x2, FFFFFB24
# ** Note:   x1=33001122 x2=00002000 x3=00000014 x4=00000001 x5=00000002 x6=00002030 x7=33001122 x12=00002000 x13=BCCDDAAB x14=33001122 x15=00000280 
# ** Note: ** Addr=000004E4, Word=313, Instuction=330010B7, Mnemonic=lui x1, 33001000
# ** Note:   x1=33001000 x2=00002000 x3=00000014 x4=00000001 x5=00000002 x6=00002030 x7=33001122 x12=00002000 x13=BCCDDAAB x14=33001122 x15=00000280 
# ** Note: ** Addr=000004E8, Word=314, Instuction=12208093, Mnemonic=addi x1, x1, 00000122
# ** Note:   x1=33001122 x2=00002000 x3=00000014 x4=00000001 x5=00000002 x6=00002030 x7=33001122 x12=00002000 x13=BCCDDAAB x14=33001122 x15=00000280 
# ** Note: ** Addr=000004EC, Word=315, Instuction=00000013, Mnemonic=addi x0, x0, 00000000
# ** Note:   x1=33001122 x2=00002000 x3=00000014 x4=00000001 x5=00000002 x6=00002030 x7=33001122 x12=00002000 x13=BCCDDAAB x14=33001122 x15=00000280 
# ** Note: ** Addr=000004F0, Word=316, Instuction=00000013, Mnemonic=addi x0, x0, 00000000
# ** Note:   x1=33001122 x2=00002000 x3=00000014 x4=00000001 x5=00000002 x6=00002030 x7=33001122 x12=00002000 x13=BCCDDAAB x14=33001122 x15=00000280 
# ** Note: ** Addr=000004F4, Word=317, Instuction=00112423, Mnemonic=sw x1, 00000008(x2)
# ** Note:   x1=33001122 x2=00002000 x3=00000014 x4=00000001 x5=00000002 x6=00002030 x7=33001122 x12=00002000 x13=BCCDDAAB x14=33001122 x15=00000280 
# ** Note:   Addr=00002008, Word=2050, WData=33001122, RData=33001122
# ** Note: ** Addr=000004F8, Word=318, Instuction=00812703, Mnemonic=lw x14, 00000008(x2)
# ** Note:   x1=33001122 x2=00002000 x3=00000014 x4=00000001 x5=00000002 x6=00002030 x7=33001122 x12=00002000 x13=BCCDDAAB x14=33001122 x15=00000280 
# ** Note:   Addr=00002008, Word=2050, WData=00000000, RData=33001122
# ** Note: ** Addr=000004FC, Word=319, Instuction=330013B7, Mnemonic=lui x7, 33001000
# ** Note:   x1=33001122 x2=00002000 x3=00000014 x4=00000001 x5=00000002 x6=00002030 x7=33001000 x12=00002000 x13=BCCDDAAB x14=33001122 x15=00000280 
# ** Note: ** Addr=00000500, Word=320, Instuction=12238393, Mnemonic=addi x7, x7, 00000122
# ** Note:   x1=33001122 x2=00002000 x3=00000014 x4=00000001 x5=00000002 x6=00002030 x7=33001122 x12=00002000 x13=BCCDDAAB x14=33001122 x15=00000280 
# ** Note: ** Addr=00000504, Word=321, Instuction=0C771863, Mnemonic=bne x14, x7, 000000D0
# ** Note:   x1=33001122 x2=00002000 x3=00000014 x4=00000001 x5=00000002 x6=00002030 x7=33001122 x12=00002000 x13=BCCDDAAB x14=33001122 x15=00000280 
# ** Note: ** Addr=00000508, Word=322, Instuction=00120213, Mnemonic=addi x4, x4, 00000001
# ** Note:   x1=33001122 x2=00002000 x3=00000014 x4=00000002 x5=00000002 x6=00002030 x7=33001122 x12=00002000 x13=BCCDDAAB x14=33001122 x15=00000280 
# ** Note: ** Addr=0000050C, Word=323, Instuction=00200293, Mnemonic=addi x5, x0, 00000002
# ** Note:   x1=33001122 x2=00002000 x3=00000014 x4=00000002 x5=00000002 x6=00002030 x7=33001122 x12=00002000 x13=BCCDDAAB x14=33001122 x15=00000280 
# ** Note: ** Addr=00000510, Word=324, Instuction=FC5216E3, Mnemonic=bne x4, x5, FFFFFFCC
# ** Note:   x1=33001122 x2=00002000 x3=00000014 x4=00000002 x5=00000002 x6=00002030 x7=33001122 x12=00002000 x13=BCCDDAAB x14=33001122 x15=00000280 
# ** Note: ** Addr=00000514, Word=325, Instuction=01500193, Mnemonic=addi x3, x0, 00000015
# ** Note:   x1=33001122 x2=00002000 x3=00000015 x4=00000002 x5=00000002 x6=00002030 x7=33001122 x12=00002000 x13=BCCDDAAB x14=33001122 x15=00000280 
# ** Note: ** Addr=00000518, Word=326, Instuction=00000213, Mnemonic=addi x4, x0, 00000000
# ** Note:   x1=33001122 x2=00002000 x3=00000015 x5=00000002 x6=00002030 x7=33001122 x12=00002000 x13=BCCDDAAB x14=33001122 x15=00000280 
# ** Note: ** Addr=0000051C, Word=327, Instuction=00002117, Mnemonic=auipc x2, 00002000
# ** Note:   x1=33001122 x2=0000251C x3=00000015 x5=00000002 x6=00002030 x7=33001122 x12=00002000 x13=BCCDDAAB x14=33001122 x15=00000280 
# ** Note: ** Addr=00000520, Word=328, Instuction=AE410113, Mnemonic=addi x2, x2, FFFFFAE4
# ** Note:   x1=33001122 x2=00002000 x3=00000015 x5=00000002 x6=00002030 x7=33001122 x12=00002000 x13=BCCDDAAB x14=33001122 x15=00000280 
# ** Note: ** Addr=00000524, Word=329, Instuction=00000013, Mnemonic=addi x0, x0, 00000000
# ** Note:   x1=33001122 x2=00002000 x3=00000015 x5=00000002 x6=00002030 x7=33001122 x12=00002000 x13=BCCDDAAB x14=33001122 x15=00000280 
# ** Note: ** Addr=00000528, Word=330, Instuction=233000B7, Mnemonic=lui x1, 23300000
# ** Note:   x1=23300000 x2=00002000 x3=00000015 x5=00000002 x6=00002030 x7=33001122 x12=00002000 x13=BCCDDAAB x14=33001122 x15=00000280 
# ** Note: ** Addr=0000052C, Word=331, Instuction=11208093, Mnemonic=addi x1, x1, 00000112
# ** Note:   x1=23300112 x2=00002000 x3=00000015 x5=00000002 x6=00002030 x7=33001122 x12=00002000 x13=BCCDDAAB x14=33001122 x15=00000280 
# ** Note: ** Addr=00000530, Word=332, Instuction=00112623, Mnemonic=sw x1, 0000000C(x2)
# ** Note:   x1=23300112 x2=00002000 x3=00000015 x5=00000002 x6=00002030 x7=33001122 x12=00002000 x13=BCCDDAAB x14=33001122 x15=00000280 
# ** Note:   Addr=0000200C, Word=2051, WData=23300112, RData=CDDAABBC
# ** Note: ** Addr=00000534, Word=333, Instuction=00C12703, Mnemonic=lw x14, 0000000C(x2)
# ** Note:   x1=23300112 x2=00002000 x3=00000015 x5=00000002 x6=00002030 x7=33001122 x12=00002000 x13=BCCDDAAB x14=23300112 x15=00000280 
# ** Note:   Addr=0000200C, Word=2051, WData=00002000, RData=23300112
# ** Note: ** Addr=00000538, Word=334, Instuction=233003B7, Mnemonic=lui x7, 23300000
# ** Note:   x1=23300112 x2=00002000 x3=00000015 x5=00000002 x6=00002030 x7=23300000 x12=00002000 x13=BCCDDAAB x14=23300112 x15=00000280 
# ** Note: ** Addr=0000053C, Word=335, Instuction=11238393, Mnemonic=addi x7, x7, 00000112
# ** Note:   x1=23300112 x2=00002000 x3=00000015 x5=00000002 x6=00002030 x7=23300112 x12=00002000 x13=BCCDDAAB x14=23300112 x15=00000280 
# ** Note: ** Addr=00000540, Word=336, Instuction=08771A63, Mnemonic=bne x14, x7, 00000094
# ** Note:   x1=23300112 x2=00002000 x3=00000015 x5=00000002 x6=00002030 x7=23300112 x12=00002000 x13=BCCDDAAB x14=23300112 x15=00000280 
# ** Note: ** Addr=00000544, Word=337, Instuction=00120213, Mnemonic=addi x4, x4, 00000001
# ** Note:   x1=23300112 x2=00002000 x3=00000015 x4=00000001 x5=00000002 x6=00002030 x7=23300112 x12=00002000 x13=BCCDDAAB x14=23300112 x15=00000280 
# ** Warning: (vsim-151) NUMERIC_STD.TO_INTEGER: Value -2 is not in bounds of subtype NATURAL.
# ** Warning: (vsim-151) NUMERIC_STD.TO_INTEGER: Value -2 is not in bounds of subtype NATURAL.
# ** Note: ** Addr=00000548, Word=338, Instuction=00200293, Mnemonic=addi x5, x0, 00000002
# ** Note:   x1=23300112 x2=00002000 x3=00000015 x4=00000001 x5=00000002 x6=00002030 x7=23300112 x12=00002000 x13=BCCDDAAB x14=23300112 x15=00000280 
# ** Note: ** Addr=0000054C, Word=339, Instuction=FC5218E3, Mnemonic=bne x4, x5, FFFFFFD0
# ** Note:   x1=23300112 x2=00002000 x3=00000015 x4=00000001 x5=00000002 x6=00002030 x7=23300112 x12=00002000 x13=BCCDDAAB x14=23300112 x15=00000280 
# ** Note: ** Addr=0000051C, Word=327, Instuction=00002117, Mnemonic=auipc x2, 00002000
# ** Note:   x1=23300112 x2=0000251C x3=00000015 x4=00000001 x5=00000002 x6=00002030 x7=23300112 x12=00002000 x13=BCCDDAAB x14=23300112 x15=00000280 
# ** Note: ** Addr=00000520, Word=328, Instuction=AE410113, Mnemonic=addi x2, x2, FFFFFAE4
# ** Note:   x1=23300112 x2=00002000 x3=00000015 x4=00000001 x5=00000002 x6=00002030 x7=23300112 x12=00002000 x13=BCCDDAAB x14=23300112 x15=00000280 
# ** Note: ** Addr=00000524, Word=329, Instuction=00000013, Mnemonic=addi x0, x0, 00000000
# ** Note:   x1=23300112 x2=00002000 x3=00000015 x4=00000001 x5=00000002 x6=00002030 x7=23300112 x12=00002000 x13=BCCDDAAB x14=23300112 x15=00000280 
# ** Note: ** Addr=00000528, Word=330, Instuction=233000B7, Mnemonic=lui x1, 23300000
# ** Note:   x1=23300000 x2=00002000 x3=00000015 x4=00000001 x5=00000002 x6=00002030 x7=23300112 x12=00002000 x13=BCCDDAAB x14=23300112 x15=00000280 
# ** Note: ** Addr=0000052C, Word=331, Instuction=11208093, Mnemonic=addi x1, x1, 00000112
# ** Note:   x1=23300112 x2=00002000 x3=00000015 x4=00000001 x5=00000002 x6=00002030 x7=23300112 x12=00002000 x13=BCCDDAAB x14=23300112 x15=00000280 
# ** Note: ** Addr=00000530, Word=332, Instuction=00112623, Mnemonic=sw x1, 0000000C(x2)
# ** Note:   x1=23300112 x2=00002000 x3=00000015 x4=00000001 x5=00000002 x6=00002030 x7=23300112 x12=00002000 x13=BCCDDAAB x14=23300112 x15=00000280 
# ** Note:   Addr=0000200C, Word=2051, WData=23300112, RData=23300112
# ** Note: ** Addr=00000534, Word=333, Instuction=00C12703, Mnemonic=lw x14, 0000000C(x2)
# ** Note:   x1=23300112 x2=00002000 x3=00000015 x4=00000001 x5=00000002 x6=00002030 x7=23300112 x12=00002000 x13=BCCDDAAB x14=23300112 x15=00000280 
# ** Note:   Addr=0000200C, Word=2051, WData=00002000, RData=23300112
# ** Note: ** Addr=00000538, Word=334, Instuction=233003B7, Mnemonic=lui x7, 23300000
# ** Note:   x1=23300112 x2=00002000 x3=00000015 x4=00000001 x5=00000002 x6=00002030 x7=23300000 x12=00002000 x13=BCCDDAAB x14=23300112 x15=00000280 
# ** Note: ** Addr=0000053C, Word=335, Instuction=11238393, Mnemonic=addi x7, x7, 00000112
# ** Note:   x1=23300112 x2=00002000 x3=00000015 x4=00000001 x5=00000002 x6=00002030 x7=23300112 x12=00002000 x13=BCCDDAAB x14=23300112 x15=00000280 
# ** Note: ** Addr=00000540, Word=336, Instuction=08771A63, Mnemonic=bne x14, x7, 00000094
# ** Note:   x1=23300112 x2=00002000 x3=00000015 x4=00000001 x5=00000002 x6=00002030 x7=23300112 x12=00002000 x13=BCCDDAAB x14=23300112 x15=00000280 
# ** Note: ** Addr=00000544, Word=337, Instuction=00120213, Mnemonic=addi x4, x4, 00000001
# ** Note:   x1=23300112 x2=00002000 x3=00000015 x4=00000002 x5=00000002 x6=00002030 x7=23300112 x12=00002000 x13=BCCDDAAB x14=23300112 x15=00000280 
# ** Note: ** Addr=00000548, Word=338, Instuction=00200293, Mnemonic=addi x5, x0, 00000002
# ** Note:   x1=23300112 x2=00002000 x3=00000015 x4=00000002 x5=00000002 x6=00002030 x7=23300112 x12=00002000 x13=BCCDDAAB x14=23300112 x15=00000280 
# ** Note: ** Addr=0000054C, Word=339, Instuction=FC5218E3, Mnemonic=bne x4, x5, FFFFFFD0
# ** Note:   x1=23300112 x2=00002000 x3=00000015 x4=00000002 x5=00000002 x6=00002030 x7=23300112 x12=00002000 x13=BCCDDAAB x14=23300112 x15=00000280 
# ** Note: ** Addr=00000550, Word=340, Instuction=01600193, Mnemonic=addi x3, x0, 00000016
# ** Note:   x1=23300112 x2=00002000 x3=00000016 x4=00000002 x5=00000002 x6=00002030 x7=23300112 x12=00002000 x13=BCCDDAAB x14=23300112 x15=00000280 
# ** Note: ** Addr=00000554, Word=341, Instuction=00000213, Mnemonic=addi x4, x0, 00000000
# ** Note:   x1=23300112 x2=00002000 x3=00000016 x5=00000002 x6=00002030 x7=23300112 x12=00002000 x13=BCCDDAAB x14=23300112 x15=00000280 
# ** Note: ** Addr=00000558, Word=342, Instuction=00002117, Mnemonic=auipc x2, 00002000
# ** Note:   x1=23300112 x2=00002558 x3=00000016 x5=00000002 x6=00002030 x7=23300112 x12=00002000 x13=BCCDDAAB x14=23300112 x15=00000280 
# ** Note: ** Addr=0000055C, Word=343, Instuction=AA810113, Mnemonic=addi x2, x2, FFFFFAA8
# ** Note:   x1=23300112 x2=00002000 x3=00000016 x5=00000002 x6=00002030 x7=23300112 x12=00002000 x13=BCCDDAAB x14=23300112 x15=00000280 
# ** Note: ** Addr=00000560, Word=344, Instuction=00000013, Mnemonic=addi x0, x0, 00000000
# ** Note:   x1=23300112 x2=00002000 x3=00000016 x5=00000002 x6=00002030 x7=23300112 x12=00002000 x13=BCCDDAAB x14=23300112 x15=00000280 
# ** Note: ** Addr=00000564, Word=345, Instuction=223300B7, Mnemonic=lui x1, 22330000
# ** Note:   x1=22330000 x2=00002000 x3=00000016 x5=00000002 x6=00002030 x7=23300112 x12=00002000 x13=BCCDDAAB x14=23300112 x15=00000280 
# ** Note: ** Addr=00000568, Word=346, Instuction=01108093, Mnemonic=addi x1, x1, 00000011
# ** Note:   x1=22330011 x2=00002000 x3=00000016 x5=00000002 x6=00002030 x7=23300112 x12=00002000 x13=BCCDDAAB x14=23300112 x15=00000280 
# ** Note: ** Addr=0000056C, Word=347, Instuction=00000013, Mnemonic=addi x0, x0, 00000000
# ** Note:   x1=22330011 x2=00002000 x3=00000016 x5=00000002 x6=00002030 x7=23300112 x12=00002000 x13=BCCDDAAB x14=23300112 x15=00000280 
# ** Note: ** Addr=00000570, Word=348, Instuction=00112823, Mnemonic=sw x1, 00000010(x2)
# ** Note:   x1=22330011 x2=00002000 x3=00000016 x5=00000002 x6=00002030 x7=23300112 x12=00002000 x13=BCCDDAAB x14=23300112 x15=00000280 
# ** Note:   Addr=00002010, Word=2052, WData=22330011, RData=CCDDAABB
# ** Note: ** Addr=00000574, Word=349, Instuction=01012703, Mnemonic=lw x14, 00000010(x2)
# ** Note:   x1=22330011 x2=00002000 x3=00000016 x5=00000002 x6=00002030 x7=23300112 x12=00002000 x13=BCCDDAAB x14=22330011 x15=00000280 
# ** Note:   Addr=00002010, Word=2052, WData=00000000, RData=22330011
# ** Note: ** Addr=00000578, Word=350, Instuction=223303B7, Mnemonic=lui x7, 22330000
# ** Note:   x1=22330011 x2=00002000 x3=00000016 x5=00000002 x6=00002030 x7=22330000 x12=00002000 x13=BCCDDAAB x14=22330011 x15=00000280 
# ** Note: ** Addr=0000057C, Word=351, Instuction=01138393, Mnemonic=addi x7, x7, 00000011
# ** Note:   x1=22330011 x2=00002000 x3=00000016 x5=00000002 x6=00002030 x7=22330011 x12=00002000 x13=BCCDDAAB x14=22330011 x15=00000280 
# ** Note: ** Addr=00000580, Word=352, Instuction=04771A63, Mnemonic=bne x14, x7, 00000054
# ** Note:   x1=22330011 x2=00002000 x3=00000016 x5=00000002 x6=00002030 x7=22330011 x12=00002000 x13=BCCDDAAB x14=22330011 x15=00000280 
# ** Note: ** Addr=00000584, Word=353, Instuction=00120213, Mnemonic=addi x4, x4, 00000001
# ** Note:   x1=22330011 x2=00002000 x3=00000016 x4=00000001 x5=00000002 x6=00002030 x7=22330011 x12=00002000 x13=BCCDDAAB x14=22330011 x15=00000280 
# ** Warning: (vsim-151) NUMERIC_STD.TO_INTEGER: Value -2 is not in bounds of subtype NATURAL.
# ** Warning: (vsim-151) NUMERIC_STD.TO_INTEGER: Value -2 is not in bounds of subtype NATURAL.
# ** Note: ** Addr=00000588, Word=354, Instuction=00200293, Mnemonic=addi x5, x0, 00000002
# ** Note:   x1=22330011 x2=00002000 x3=00000016 x4=00000001 x5=00000002 x6=00002030 x7=22330011 x12=00002000 x13=BCCDDAAB x14=22330011 x15=00000280 
# ** Note: ** Addr=0000058C, Word=355, Instuction=FC5216E3, Mnemonic=bne x4, x5, FFFFFFCC
# ** Note:   x1=22330011 x2=00002000 x3=00000016 x4=00000001 x5=00000002 x6=00002030 x7=22330011 x12=00002000 x13=BCCDDAAB x14=22330011 x15=00000280 
# ** Note: ** Addr=00000558, Word=342, Instuction=00002117, Mnemonic=auipc x2, 00002000
# ** Note:   x1=22330011 x2=00002558 x3=00000016 x4=00000001 x5=00000002 x6=00002030 x7=22330011 x12=00002000 x13=BCCDDAAB x14=22330011 x15=00000280 
# ** Note: ** Addr=0000055C, Word=343, Instuction=AA810113, Mnemonic=addi x2, x2, FFFFFAA8
# ** Note:   x1=22330011 x2=00002000 x3=00000016 x4=00000001 x5=00000002 x6=00002030 x7=22330011 x12=00002000 x13=BCCDDAAB x14=22330011 x15=00000280 
# ** Note: ** Addr=00000560, Word=344, Instuction=00000013, Mnemonic=addi x0, x0, 00000000
# ** Note:   x1=22330011 x2=00002000 x3=00000016 x4=00000001 x5=00000002 x6=00002030 x7=22330011 x12=00002000 x13=BCCDDAAB x14=22330011 x15=00000280 
# ** Note: ** Addr=00000564, Word=345, Instuction=223300B7, Mnemonic=lui x1, 22330000
# ** Note:   x1=22330000 x2=00002000 x3=00000016 x4=00000001 x5=00000002 x6=00002030 x7=22330011 x12=00002000 x13=BCCDDAAB x14=22330011 x15=00000280 
# ** Note: ** Addr=00000568, Word=346, Instuction=01108093, Mnemonic=addi x1, x1, 00000011
# ** Note:   x1=22330011 x2=00002000 x3=00000016 x4=00000001 x5=00000002 x6=00002030 x7=22330011 x12=00002000 x13=BCCDDAAB x14=22330011 x15=00000280 
# ** Note: ** Addr=0000056C, Word=347, Instuction=00000013, Mnemonic=addi x0, x0, 00000000
# ** Note:   x1=22330011 x2=00002000 x3=00000016 x4=00000001 x5=00000002 x6=00002030 x7=22330011 x12=00002000 x13=BCCDDAAB x14=22330011 x15=00000280 
# ** Note: ** Addr=00000570, Word=348, Instuction=00112823, Mnemonic=sw x1, 00000010(x2)
# ** Note:   x1=22330011 x2=00002000 x3=00000016 x4=00000001 x5=00000002 x6=00002030 x7=22330011 x12=00002000 x13=BCCDDAAB x14=22330011 x15=00000280 
# ** Note:   Addr=00002010, Word=2052, WData=22330011, RData=22330011
# ** Note: ** Addr=00000574, Word=349, Instuction=01012703, Mnemonic=lw x14, 00000010(x2)
# ** Note:   x1=22330011 x2=00002000 x3=00000016 x4=00000001 x5=00000002 x6=00002030 x7=22330011 x12=00002000 x13=BCCDDAAB x14=22330011 x15=00000280 
# ** Note:   Addr=00002010, Word=2052, WData=00000000, RData=22330011
# ** Note: ** Addr=00000578, Word=350, Instuction=223303B7, Mnemonic=lui x7, 22330000
# ** Note:   x1=22330011 x2=00002000 x3=00000016 x4=00000001 x5=00000002 x6=00002030 x7=22330000 x12=00002000 x13=BCCDDAAB x14=22330011 x15=00000280 
# ** Note: ** Addr=0000057C, Word=351, Instuction=01138393, Mnemonic=addi x7, x7, 00000011
# ** Note:   x1=22330011 x2=00002000 x3=00000016 x4=00000001 x5=00000002 x6=00002030 x7=22330011 x12=00002000 x13=BCCDDAAB x14=22330011 x15=00000280 
# ** Note: ** Addr=00000580, Word=352, Instuction=04771A63, Mnemonic=bne x14, x7, 00000054
# ** Note:   x1=22330011 x2=00002000 x3=00000016 x4=00000001 x5=00000002 x6=00002030 x7=22330011 x12=00002000 x13=BCCDDAAB x14=22330011 x15=00000280 
# ** Note: ** Addr=00000584, Word=353, Instuction=00120213, Mnemonic=addi x4, x4, 00000001
# ** Note:   x1=22330011 x2=00002000 x3=00000016 x4=00000002 x5=00000002 x6=00002030 x7=22330011 x12=00002000 x13=BCCDDAAB x14=22330011 x15=00000280 
# ** Note: ** Addr=00000588, Word=354, Instuction=00200293, Mnemonic=addi x5, x0, 00000002
# ** Note:   x1=22330011 x2=00002000 x3=00000016 x4=00000002 x5=00000002 x6=00002030 x7=22330011 x12=00002000 x13=BCCDDAAB x14=22330011 x15=00000280 
# ** Note: ** Addr=0000058C, Word=355, Instuction=FC5216E3, Mnemonic=bne x4, x5, FFFFFFCC
# ** Note:   x1=22330011 x2=00002000 x3=00000016 x4=00000002 x5=00000002 x6=00002030 x7=22330011 x12=00002000 x13=BCCDDAAB x14=22330011 x15=00000280 
# ** Note: ** Addr=00000590, Word=356, Instuction=01700193, Mnemonic=addi x3, x0, 00000017
# ** Note:   x1=22330011 x2=00002000 x3=00000017 x4=00000002 x5=00000002 x6=00002030 x7=22330011 x12=00002000 x13=BCCDDAAB x14=22330011 x15=00000280 
# ** Note: ** Addr=00000594, Word=357, Instuction=00000213, Mnemonic=addi x4, x0, 00000000
# ** Note:   x1=22330011 x2=00002000 x3=00000017 x5=00000002 x6=00002030 x7=22330011 x12=00002000 x13=BCCDDAAB x14=22330011 x15=00000280 
# ** Note: ** Addr=00000598, Word=358, Instuction=00002117, Mnemonic=auipc x2, 00002000
# ** Note:   x1=22330011 x2=00002598 x3=00000017 x5=00000002 x6=00002030 x7=22330011 x12=00002000 x13=BCCDDAAB x14=22330011 x15=00000280 
# ** Note: ** Addr=0000059C, Word=359, Instuction=A6810113, Mnemonic=addi x2, x2, FFFFFA68
# ** Note:   x1=22330011 x2=00002000 x3=00000017 x5=00000002 x6=00002030 x7=22330011 x12=00002000 x13=BCCDDAAB x14=22330011 x15=00000280 
# ** Note: ** Addr=000005A0, Word=360, Instuction=00000013, Mnemonic=addi x0, x0, 00000000
# ** Note:   x1=22330011 x2=00002000 x3=00000017 x5=00000002 x6=00002030 x7=22330011 x12=00002000 x13=BCCDDAAB x14=22330011 x15=00000280 
# ** Note: ** Addr=000005A4, Word=361, Instuction=00000013, Mnemonic=addi x0, x0, 00000000
# ** Note:   x1=22330011 x2=00002000 x3=00000017 x5=00000002 x6=00002030 x7=22330011 x12=00002000 x13=BCCDDAAB x14=22330011 x15=00000280 
# ** Note: ** Addr=000005A8, Word=362, Instuction=122330B7, Mnemonic=lui x1, 12233000
# ** Note:   x1=12233000 x2=00002000 x3=00000017 x5=00000002 x6=00002030 x7=22330011 x12=00002000 x13=BCCDDAAB x14=22330011 x15=00000280 
# ** Note: ** Addr=000005AC, Word=363, Instuction=00108093, Mnemonic=addi x1, x1, 00000001
# ** Note:   x1=12233001 x2=00002000 x3=00000017 x5=00000002 x6=00002030 x7=22330011 x12=00002000 x13=BCCDDAAB x14=22330011 x15=00000280 
# ** Note: ** Addr=000005B0, Word=364, Instuction=00112A23, Mnemonic=sw x1, 00000014(x2)
# ** Note:   x1=12233001 x2=00002000 x3=00000017 x5=00000002 x6=00002030 x7=22330011 x12=00002000 x13=BCCDDAAB x14=22330011 x15=00000280 
# ** Note:   Addr=00002014, Word=2053, WData=12233001, RData=BCCDDAAB
# ** Note: ** Addr=000005B4, Word=365, Instuction=01412703, Mnemonic=lw x14, 00000014(x2)
# ** Note:   x1=12233001 x2=00002000 x3=00000017 x5=00000002 x6=00002030 x7=22330011 x12=00002000 x13=BCCDDAAB x14=12233001 x15=00000280 
# ** Note:   Addr=00002014, Word=2053, WData=00000000, RData=12233001
# ** Note: ** Addr=000005B8, Word=366, Instuction=122333B7, Mnemonic=lui x7, 12233000
# ** Note:   x1=12233001 x2=00002000 x3=00000017 x5=00000002 x6=00002030 x7=12233000 x12=00002000 x13=BCCDDAAB x14=12233001 x15=00000280 
# ** Note: ** Addr=000005BC, Word=367, Instuction=00138393, Mnemonic=addi x7, x7, 00000001
# ** Note:   x1=12233001 x2=00002000 x3=00000017 x5=00000002 x6=00002030 x7=12233001 x12=00002000 x13=BCCDDAAB x14=12233001 x15=00000280 
# ** Note: ** Addr=000005C0, Word=368, Instuction=00771A63, Mnemonic=bne x14, x7, 00000014
# ** Note:   x1=12233001 x2=00002000 x3=00000017 x5=00000002 x6=00002030 x7=12233001 x12=00002000 x13=BCCDDAAB x14=12233001 x15=00000280 
# ** Note: ** Addr=000005C4, Word=369, Instuction=00120213, Mnemonic=addi x4, x4, 00000001
# ** Note:   x1=12233001 x2=00002000 x3=00000017 x4=00000001 x5=00000002 x6=00002030 x7=12233001 x12=00002000 x13=BCCDDAAB x14=12233001 x15=00000280 
# ** Warning: (vsim-151) NUMERIC_STD.TO_INTEGER: Value -2 is not in bounds of subtype NATURAL.
# ** Warning: (vsim-151) NUMERIC_STD.TO_INTEGER: Value -2 is not in bounds of subtype NATURAL.
# ** Note: ** Addr=000005C8, Word=370, Instuction=00200293, Mnemonic=addi x5, x0, 00000002
# ** Note:   x1=12233001 x2=00002000 x3=00000017 x4=00000001 x5=00000002 x6=00002030 x7=12233001 x12=00002000 x13=BCCDDAAB x14=12233001 x15=00000280 
# ** Note: ** Addr=000005CC, Word=371, Instuction=FC5216E3, Mnemonic=bne x4, x5, FFFFFFCC
# ** Note:   x1=12233001 x2=00002000 x3=00000017 x4=00000001 x5=00000002 x6=00002030 x7=12233001 x12=00002000 x13=BCCDDAAB x14=12233001 x15=00000280 
# ** Note: ** Addr=00000598, Word=358, Instuction=00002117, Mnemonic=auipc x2, 00002000
# ** Note:   x1=12233001 x2=00002598 x3=00000017 x4=00000001 x5=00000002 x6=00002030 x7=12233001 x12=00002000 x13=BCCDDAAB x14=12233001 x15=00000280 
# ** Note: ** Addr=0000059C, Word=359, Instuction=A6810113, Mnemonic=addi x2, x2, FFFFFA68
# ** Note:   x1=12233001 x2=00002000 x3=00000017 x4=00000001 x5=00000002 x6=00002030 x7=12233001 x12=00002000 x13=BCCDDAAB x14=12233001 x15=00000280 
# ** Note: ** Addr=000005A0, Word=360, Instuction=00000013, Mnemonic=addi x0, x0, 00000000
# ** Note:   x1=12233001 x2=00002000 x3=00000017 x4=00000001 x5=00000002 x6=00002030 x7=12233001 x12=00002000 x13=BCCDDAAB x14=12233001 x15=00000280 
# ** Note: ** Addr=000005A4, Word=361, Instuction=00000013, Mnemonic=addi x0, x0, 00000000
# ** Note:   x1=12233001 x2=00002000 x3=00000017 x4=00000001 x5=00000002 x6=00002030 x7=12233001 x12=00002000 x13=BCCDDAAB x14=12233001 x15=00000280 
# ** Note: ** Addr=000005A8, Word=362, Instuction=122330B7, Mnemonic=lui x1, 12233000
# ** Note:   x1=12233000 x2=00002000 x3=00000017 x4=00000001 x5=00000002 x6=00002030 x7=12233001 x12=00002000 x13=BCCDDAAB x14=12233001 x15=00000280 
# ** Note: ** Addr=000005AC, Word=363, Instuction=00108093, Mnemonic=addi x1, x1, 00000001
# ** Note:   x1=12233001 x2=00002000 x3=00000017 x4=00000001 x5=00000002 x6=00002030 x7=12233001 x12=00002000 x13=BCCDDAAB x14=12233001 x15=00000280 
# ** Note: ** Addr=000005B0, Word=364, Instuction=00112A23, Mnemonic=sw x1, 00000014(x2)
# ** Note:   x1=12233001 x2=00002000 x3=00000017 x4=00000001 x5=00000002 x6=00002030 x7=12233001 x12=00002000 x13=BCCDDAAB x14=12233001 x15=00000280 
# ** Note:   Addr=00002014, Word=2053, WData=12233001, RData=12233001
# ** Note: ** Addr=000005B4, Word=365, Instuction=01412703, Mnemonic=lw x14, 00000014(x2)
# ** Note:   x1=12233001 x2=00002000 x3=00000017 x4=00000001 x5=00000002 x6=00002030 x7=12233001 x12=00002000 x13=BCCDDAAB x14=12233001 x15=00000280 
# ** Note:   Addr=00002014, Word=2053, WData=00000000, RData=12233001
# ** Note: ** Addr=000005B8, Word=366, Instuction=122333B7, Mnemonic=lui x7, 12233000
# ** Note:   x1=12233001 x2=00002000 x3=00000017 x4=00000001 x5=00000002 x6=00002030 x7=12233000 x12=00002000 x13=BCCDDAAB x14=12233001 x15=00000280 
# ** Note: ** Addr=000005BC, Word=367, Instuction=00138393, Mnemonic=addi x7, x7, 00000001
# ** Note:   x1=12233001 x2=00002000 x3=00000017 x4=00000001 x5=00000002 x6=00002030 x7=12233001 x12=00002000 x13=BCCDDAAB x14=12233001 x15=00000280 
# ** Note: ** Addr=000005C0, Word=368, Instuction=00771A63, Mnemonic=bne x14, x7, 00000014
# ** Note:   x1=12233001 x2=00002000 x3=00000017 x4=00000001 x5=00000002 x6=00002030 x7=12233001 x12=00002000 x13=BCCDDAAB x14=12233001 x15=00000280 
# ** Note: ** Addr=000005C4, Word=369, Instuction=00120213, Mnemonic=addi x4, x4, 00000001
# ** Note:   x1=12233001 x2=00002000 x3=00000017 x4=00000002 x5=00000002 x6=00002030 x7=12233001 x12=00002000 x13=BCCDDAAB x14=12233001 x15=00000280 
# ** Note: ** Addr=000005C8, Word=370, Instuction=00200293, Mnemonic=addi x5, x0, 00000002
# ** Note:   x1=12233001 x2=00002000 x3=00000017 x4=00000002 x5=00000002 x6=00002030 x7=12233001 x12=00002000 x13=BCCDDAAB x14=12233001 x15=00000280 
# ** Warning: (vsim-151) NUMERIC_STD.TO_INTEGER: Value -24 is not in bounds of subtype NATURAL.
# ** Warning: (vsim-151) NUMERIC_STD.TO_INTEGER: Value -24 is not in bounds of subtype NATURAL.
# ** Note: ** Addr=000005CC, Word=371, Instuction=FC5216E3, Mnemonic=bne x4, x5, FFFFFFCC
# ** Note:   x1=12233001 x2=00002000 x3=00000017 x4=00000002 x5=00000002 x6=00002030 x7=12233001 x12=00002000 x13=BCCDDAAB x14=12233001 x15=00000280 
# ** Note: ** Addr=000005D0, Word=372, Instuction=00301E63, Mnemonic=bne x0, x3, 0000001C
# ** Note:   x1=12233001 x2=00002000 x3=00000017 x4=00000002 x5=00000002 x6=00002030 x7=12233001 x12=00002000 x13=BCCDDAAB x14=12233001 x15=00000280 
# ** Note: ** Addr=000005EC, Word=379, Instuction=00100193, Mnemonic=addi x3, x0, 00000001
# ** Note:   x1=12233001 x2=00002000 x3=00000001 x4=00000002 x5=00000002 x6=00002030 x7=12233001 x12=00002000 x13=BCCDDAAB x14=12233001 x15=00000280 
# ** Note: ** Addr=000005F0, Word=380, Instuction=10100513, Mnemonic=addi x10, x0, 00000101
# ** Note:   x1=12233001 x2=00002000 x3=00000001 x4=00000002 x5=00000002 x6=00002030 x7=12233001 x10=00000101 x12=00002000 x13=BCCDDAAB x14=12233001 x15=00000280 
# ** Note: ** Addr=000005F4, Word=381, Instuction=01F01013, Mnemonic=slli x0, x0, 1F
# ** Note:   x1=12233001 x2=00002000 x3=00000001 x4=00000002 x5=00000002 x6=00002030 x7=12233001 x10=00000101 x12=00002000 x13=BCCDDAAB x14=12233001 x15=00000280 
# ** Note: ** Addr=000005F8, Word=382, Instuction=00100073, Mnemonic=ebreak
# ** Note:   x1=12233001 x2=00002000 x3=00000001 x4=00000002 x5=00000002 x6=00002030 x7=12233001 x10=00000101 x12=00002000 x13=BCCDDAAB x14=12233001 x15=00000280 
# ** Note: RVTEST (addi) : OK
# Break in Process monitor at ../testbench/tb_cpu.vhd line 359
# Stopped at ../testbench/tb_cpu.vhd line 359
#  quit -f
# End time: 00:30:07 on Jan 01,2026, Elapsed time: 0:00:01
# Errors: 0, Warnings: 323
