../../src/ieee2008/numeric_std-body.vhdl:3036:7:@0ms:(assertion warning): NUMERIC_STD.TO_INTEGER: metavalue detected, returning 0
../../src/ieee2008/numeric_std-body.vhdl:3036:7:@0ms:(assertion warning): NUMERIC_STD.TO_INTEGER: metavalue detected, returning 0
../../src/ieee2008/numeric_std-body.vhdl:3036:7:@0ms:(assertion warning): NUMERIC_STD.TO_INTEGER: metavalue detected, returning 0
../../src/ieee2008/numeric_std-body.vhdl:3036:7:@0ms:(assertion warning): NUMERIC_STD.TO_INTEGER: metavalue detected, returning 0
../../src/ieee2008/numeric_std-body.vhdl:3036:7:@0ms:(assertion warning): NUMERIC_STD.TO_INTEGER: metavalue detected, returning 0
../../src/ieee2008/numeric_std-body.vhdl:3036:7:@0ms:(assertion warning): NUMERIC_STD.TO_INTEGER: metavalue detected, returning 0
../../src/ieee2008/numeric_std-body.vhdl:3036:7:@0ms:(assertion warning): NUMERIC_STD.TO_INTEGER: metavalue detected, returning 0
../../src/ieee2008/numeric_std-body.vhdl:3036:7:@0ms:(assertion warning): NUMERIC_STD.TO_INTEGER: metavalue detected, returning 0
../../src/ieee2008/numeric_std-body.vhdl:3036:7:@0ms:(assertion warning): NUMERIC_STD.TO_INTEGER: metavalue detected, returning 0
../../src/ieee2008/numeric_std-body.vhdl:1721:7:@0ms:(assertion warning): NUMERIC_STD.">=": metavalue detected, returning FALSE
../../src/ieee2008/numeric_std-body.vhdl:1721:7:@0ms:(assertion warning): NUMERIC_STD.">=": metavalue detected, returning FALSE
../../src/ieee2008/numeric_std-body.vhdl:1721:7:@0ms:(assertion warning): NUMERIC_STD.">=": metavalue detected, returning FALSE
../../src/ieee2008/numeric_std-body.vhdl:1721:7:@0ms:(assertion warning): NUMERIC_STD.">=": metavalue detected, returning FALSE
../../src/ieee2008/numeric_std-body.vhdl:1721:7:@0ms:(assertion warning): NUMERIC_STD.">=": metavalue detected, returning FALSE
../../src/ieee2008/numeric_std-body.vhdl:1721:7:@0ms:(assertion warning): NUMERIC_STD.">=": metavalue detected, returning FALSE
../../src/ieee2008/numeric_std-body.vhdl:1721:7:@0ms:(assertion warning): NUMERIC_STD.">=": metavalue detected, returning FALSE
../../src/ieee2008/numeric_std-body.vhdl:1721:7:@0ms:(assertion warning): NUMERIC_STD.">=": metavalue detected, returning FALSE
../testbench/tb_cpu.vhd:311:13:@215ns:(report note): [INST] Addr=00000000, Word=0, Instuction=00000093, Mnemonic=addi x1, x0, 00000000
../testbench/tb_cpu.vhd:311:13:@225ns:(report note): [INST] Addr=00000004, Word=1, Instuction=00000113, Mnemonic=addi x2, x0, 00000000
../testbench/tb_cpu.vhd:311:13:@235ns:(report note): [INST] Addr=00000008, Word=2, Instuction=00000193, Mnemonic=addi x3, x0, 00000000
../testbench/tb_cpu.vhd:311:13:@245ns:(report note): [INST] Addr=0000000C, Word=3, Instuction=00000213, Mnemonic=addi x4, x0, 00000000
../testbench/tb_cpu.vhd:311:13:@255ns:(report note): [INST] Addr=00000010, Word=4, Instuction=00000293, Mnemonic=addi x5, x0, 00000000
../testbench/tb_cpu.vhd:311:13:@265ns:(report note): [INST] Addr=00000014, Word=5, Instuction=00000313, Mnemonic=addi x6, x0, 00000000
../testbench/tb_cpu.vhd:311:13:@275ns:(report note): [INST] Addr=00000018, Word=6, Instuction=00000393, Mnemonic=addi x7, x0, 00000000
../testbench/tb_cpu.vhd:311:13:@285ns:(report note): [INST] Addr=0000001C, Word=7, Instuction=00000413, Mnemonic=addi x8, x0, 00000000
../testbench/tb_cpu.vhd:311:13:@295ns:(report note): [INST] Addr=00000020, Word=8, Instuction=00000493, Mnemonic=addi x9, x0, 00000000
../testbench/tb_cpu.vhd:311:13:@305ns:(report note): [INST] Addr=00000024, Word=9, Instuction=00000513, Mnemonic=addi x10, x0, 00000000
../testbench/tb_cpu.vhd:311:13:@315ns:(report note): [INST] Addr=00000028, Word=10, Instuction=00000593, Mnemonic=addi x11, x0, 00000000
../testbench/tb_cpu.vhd:311:13:@325ns:(report note): [INST] Addr=0000002C, Word=11, Instuction=00000613, Mnemonic=addi x12, x0, 00000000
../testbench/tb_cpu.vhd:311:13:@335ns:(report note): [INST] Addr=00000030, Word=12, Instuction=00000693, Mnemonic=addi x13, x0, 00000000
../testbench/tb_cpu.vhd:311:13:@345ns:(report note): [INST] Addr=00000034, Word=13, Instuction=00000713, Mnemonic=addi x14, x0, 00000000
../testbench/tb_cpu.vhd:311:13:@355ns:(report note): [INST] Addr=00000038, Word=14, Instuction=00000793, Mnemonic=addi x15, x0, 00000000
../testbench/tb_cpu.vhd:311:13:@365ns:(report note): [INST] Addr=0000003C, Word=15, Instuction=00000813, Mnemonic=addi x16, x0, 00000000
../testbench/tb_cpu.vhd:311:13:@375ns:(report note): [INST] Addr=00000040, Word=16, Instuction=00000893, Mnemonic=addi x17, x0, 00000000
../testbench/tb_cpu.vhd:311:13:@385ns:(report note): [INST] Addr=00000044, Word=17, Instuction=00000913, Mnemonic=addi x18, x0, 00000000
../testbench/tb_cpu.vhd:311:13:@395ns:(report note): [INST] Addr=00000048, Word=18, Instuction=00000993, Mnemonic=addi x19, x0, 00000000
../testbench/tb_cpu.vhd:311:13:@405ns:(report note): [INST] Addr=0000004C, Word=19, Instuction=00000A13, Mnemonic=addi x20, x0, 00000000
../testbench/tb_cpu.vhd:311:13:@415ns:(report note): [INST] Addr=00000050, Word=20, Instuction=00000A93, Mnemonic=addi x21, x0, 00000000
../testbench/tb_cpu.vhd:311:13:@425ns:(report note): [INST] Addr=00000054, Word=21, Instuction=00000B13, Mnemonic=addi x22, x0, 00000000
../testbench/tb_cpu.vhd:311:13:@435ns:(report note): [INST] Addr=00000058, Word=22, Instuction=00000B93, Mnemonic=addi x23, x0, 00000000
../testbench/tb_cpu.vhd:311:13:@445ns:(report note): [INST] Addr=0000005C, Word=23, Instuction=00000C13, Mnemonic=addi x24, x0, 00000000
../testbench/tb_cpu.vhd:311:13:@455ns:(report note): [INST] Addr=00000060, Word=24, Instuction=00000C93, Mnemonic=addi x25, x0, 00000000
../testbench/tb_cpu.vhd:311:13:@465ns:(report note): [INST] Addr=00000064, Word=25, Instuction=00000D13, Mnemonic=addi x26, x0, 00000000
../testbench/tb_cpu.vhd:311:13:@475ns:(report note): [INST] Addr=00000068, Word=26, Instuction=00000D93, Mnemonic=addi x27, x0, 00000000
../testbench/tb_cpu.vhd:311:13:@485ns:(report note): [INST] Addr=0000006C, Word=27, Instuction=00000E13, Mnemonic=addi x28, x0, 00000000
../testbench/tb_cpu.vhd:311:13:@495ns:(report note): [INST] Addr=00000070, Word=28, Instuction=00000E93, Mnemonic=addi x29, x0, 00000000
../testbench/tb_cpu.vhd:311:13:@505ns:(report note): [INST] Addr=00000074, Word=29, Instuction=00000F13, Mnemonic=addi x30, x0, 00000000
../testbench/tb_cpu.vhd:311:13:@515ns:(report note): [INST] Addr=00000078, Word=30, Instuction=00000F93, Mnemonic=addi x31, x0, 00000000
../testbench/tb_cpu.vhd:311:13:@525ns:(report note): [INST] Addr=0000007C, Word=31, Instuction=01000297, Mnemonic=auipc x5, 01000000
../testbench/tb_cpu.vhd:316:15:@525ns:(report note): [REGS] x5=0100007C 
../testbench/tb_cpu.vhd:311:13:@535ns:(report note): [INST] Addr=00000080, Word=32, Instuction=F8428293, Mnemonic=addi x5, x5, FFFFFF84
../testbench/tb_cpu.vhd:316:15:@535ns:(report note): [REGS] x5=01000000 
../testbench/tb_cpu.vhd:311:13:@545ns:(report note): [INST] Addr=00000084, Word=33, Instuction=02000317, Mnemonic=auipc x6, 02000000
../testbench/tb_cpu.vhd:316:15:@545ns:(report note): [REGS] x5=01000000 x6=02000084 
../testbench/tb_cpu.vhd:311:13:@555ns:(report note): [INST] Addr=00000088, Word=34, Instuction=F7C30313, Mnemonic=addi x6, x6, FFFFFF7C
../testbench/tb_cpu.vhd:316:15:@555ns:(report note): [REGS] x5=01000000 x6=02000000 
../testbench/tb_cpu.vhd:311:13:@565ns:(report note): [INST] Addr=0000008C, Word=35, Instuction=02000397, Mnemonic=auipc x7, 02000000
../testbench/tb_cpu.vhd:316:15:@565ns:(report note): [REGS] x5=01000000 x6=02000000 x7=0200008C 
../testbench/tb_cpu.vhd:311:13:@575ns:(report note): [INST] Addr=00000090, Word=36, Instuction=F7438393, Mnemonic=addi x7, x7, FFFFFF74
../testbench/tb_cpu.vhd:316:15:@575ns:(report note): [REGS] x5=01000000 x6=02000000 x7=02000000 
../testbench/tb_cpu.vhd:311:13:@585ns:(report note): [INST] Addr=00000094, Word=37, Instuction=00730C63, Mnemonic=beq x6, x7, 00000018
../testbench/tb_cpu.vhd:316:15:@585ns:(report note): [REGS] x5=01000000 x6=02000000 x7=02000000 
../testbench/tb_cpu.vhd:311:13:@595ns:(report note): [INST] Addr=000000AC, Word=43, Instuction=02000297, Mnemonic=auipc x5, 02000000
../testbench/tb_cpu.vhd:316:15:@595ns:(report note): [REGS] x5=020000AC x6=02000000 x7=02000000 
../testbench/tb_cpu.vhd:311:13:@605ns:(report note): [INST] Addr=000000B0, Word=44, Instuction=F5428293, Mnemonic=addi x5, x5, FFFFFF54
../testbench/tb_cpu.vhd:316:15:@605ns:(report note): [REGS] x5=02000000 x6=02000000 x7=02000000 
../testbench/tb_cpu.vhd:311:13:@615ns:(report note): [INST] Addr=000000B4, Word=45, Instuction=02000317, Mnemonic=auipc x6, 02000000
../testbench/tb_cpu.vhd:316:15:@615ns:(report note): [REGS] x5=02000000 x6=020000B4 x7=02000000 
../testbench/tb_cpu.vhd:311:13:@625ns:(report note): [INST] Addr=000000B8, Word=46, Instuction=F4C30313, Mnemonic=addi x6, x6, FFFFFF4C
../testbench/tb_cpu.vhd:316:15:@625ns:(report note): [REGS] x5=02000000 x6=02000000 x7=02000000 
../testbench/tb_cpu.vhd:311:13:@635ns:(report note): [INST] Addr=000000BC, Word=47, Instuction=00000393, Mnemonic=addi x7, x0, 00000000
../testbench/tb_cpu.vhd:316:15:@635ns:(report note): [REGS] x5=02000000 x6=02000000 
../testbench/tb_cpu.vhd:311:13:@645ns:(report note): [INST] Addr=000000C0, Word=48, Instuction=00628863, Mnemonic=beq x5, x6, 00000010
../testbench/tb_cpu.vhd:316:15:@645ns:(report note): [REGS] x5=02000000 x6=02000000 
../testbench/tb_cpu.vhd:311:13:@655ns:(report note): [INST] Addr=000000D0, Word=52, Instuction=00200193, Mnemonic=addi x3, x0, 00000002
../testbench/tb_cpu.vhd:316:15:@655ns:(report note): [REGS] x3=00000002 x5=02000000 x6=02000000 
../testbench/tb_cpu.vhd:311:13:@665ns:(report note): [INST] Addr=000000D4, Word=53, Instuction=00000293, Mnemonic=addi x5, x0, 00000000
../testbench/tb_cpu.vhd:316:15:@665ns:(report note): [REGS] x3=00000002 x6=02000000 
../testbench/tb_cpu.vhd:311:13:@675ns:(report note): [INST] Addr=000000D8, Word=54, Instuction=00000317, Mnemonic=auipc x6, 00000000
../testbench/tb_cpu.vhd:316:15:@675ns:(report note): [REGS] x3=00000002 x6=000000D8 
../testbench/tb_cpu.vhd:311:13:@685ns:(report note): [INST] Addr=000000DC, Word=55, Instuction=01030313, Mnemonic=addi x6, x6, 00000010
../testbench/tb_cpu.vhd:316:15:@685ns:(report note): [REGS] x3=00000002 x6=000000E8 
../testbench/tb_cpu.vhd:311:13:@695ns:(report note): [INST] Addr=000000E0, Word=56, Instuction=000302E7, Mnemonic=jalr x5, 00000000(x6)
../testbench/tb_cpu.vhd:316:15:@695ns:(report note): [REGS] x3=00000002 x5=000000E4 x6=000000E8 
../testbench/tb_cpu.vhd:311:13:@705ns:(report note): [INST] Addr=000000E8, Word=58, Instuction=00000317, Mnemonic=auipc x6, 00000000
../testbench/tb_cpu.vhd:316:15:@705ns:(report note): [REGS] x3=00000002 x5=000000E4 x6=000000E8 
../testbench/tb_cpu.vhd:311:13:@715ns:(report note): [INST] Addr=000000EC, Word=59, Instuction=FFC30313, Mnemonic=addi x6, x6, FFFFFFFC
../testbench/tb_cpu.vhd:316:15:@715ns:(report note): [REGS] x3=00000002 x5=000000E4 x6=000000E4 
../testbench/tb_cpu.vhd:311:13:@725ns:(report note): [INST] Addr=000000F0, Word=60, Instuction=0C629A63, Mnemonic=bne x5, x6, 000000D4
../testbench/tb_cpu.vhd:316:15:@725ns:(report note): [REGS] x3=00000002 x5=000000E4 x6=000000E4 
../testbench/tb_cpu.vhd:311:13:@735ns:(report note): [INST] Addr=000000F4, Word=61, Instuction=00300193, Mnemonic=addi x3, x0, 00000003
../testbench/tb_cpu.vhd:316:15:@735ns:(report note): [REGS] x3=00000003 x5=000000E4 x6=000000E4 
../testbench/tb_cpu.vhd:311:13:@745ns:(report note): [INST] Addr=000000F8, Word=62, Instuction=00000297, Mnemonic=auipc x5, 00000000
../testbench/tb_cpu.vhd:316:15:@745ns:(report note): [REGS] x3=00000003 x5=000000F8 x6=000000E4 
../testbench/tb_cpu.vhd:311:13:@755ns:(report note): [INST] Addr=000000FC, Word=63, Instuction=01028293, Mnemonic=addi x5, x5, 00000010
../testbench/tb_cpu.vhd:316:15:@755ns:(report note): [REGS] x3=00000003 x5=00000108 x6=000000E4 
../testbench/tb_cpu.vhd:311:13:@765ns:(report note): [INST] Addr=00000100, Word=64, Instuction=000282E7, Mnemonic=jalr x5, 00000000(x5)
../testbench/tb_cpu.vhd:316:15:@765ns:(report note): [REGS] x3=00000003 x5=00000104 x6=000000E4 
../testbench/tb_cpu.vhd:311:13:@775ns:(report note): [INST] Addr=00000108, Word=66, Instuction=00000317, Mnemonic=auipc x6, 00000000
../testbench/tb_cpu.vhd:316:15:@775ns:(report note): [REGS] x3=00000003 x5=00000104 x6=00000108 
../testbench/tb_cpu.vhd:311:13:@785ns:(report note): [INST] Addr=0000010C, Word=67, Instuction=FFC30313, Mnemonic=addi x6, x6, FFFFFFFC
../testbench/tb_cpu.vhd:316:15:@785ns:(report note): [REGS] x3=00000003 x5=00000104 x6=00000104 
../testbench/tb_cpu.vhd:311:13:@795ns:(report note): [INST] Addr=00000110, Word=68, Instuction=0A629A63, Mnemonic=bne x5, x6, 000000B4
../testbench/tb_cpu.vhd:316:15:@795ns:(report note): [REGS] x3=00000003 x5=00000104 x6=00000104 
../testbench/tb_cpu.vhd:311:13:@805ns:(report note): [INST] Addr=00000114, Word=69, Instuction=00400193, Mnemonic=addi x3, x0, 00000004
../testbench/tb_cpu.vhd:316:15:@805ns:(report note): [REGS] x3=00000004 x5=00000104 x6=00000104 
../testbench/tb_cpu.vhd:311:13:@815ns:(report note): [INST] Addr=00000118, Word=70, Instuction=00000213, Mnemonic=addi x4, x0, 00000000
../testbench/tb_cpu.vhd:316:15:@815ns:(report note): [REGS] x3=00000004 x5=00000104 x6=00000104 
../testbench/tb_cpu.vhd:311:13:@825ns:(report note): [INST] Addr=0000011C, Word=71, Instuction=00000317, Mnemonic=auipc x6, 00000000
../testbench/tb_cpu.vhd:316:15:@825ns:(report note): [REGS] x3=00000004 x5=00000104 x6=0000011C 
../testbench/tb_cpu.vhd:311:13:@835ns:(report note): [INST] Addr=00000120, Word=72, Instuction=01030313, Mnemonic=addi x6, x6, 00000010
../testbench/tb_cpu.vhd:316:15:@835ns:(report note): [REGS] x3=00000004 x5=00000104 x6=0000012C 
../testbench/tb_cpu.vhd:311:13:@845ns:(report note): [INST] Addr=00000124, Word=73, Instuction=000306E7, Mnemonic=jalr x13, 00000000(x6)
../testbench/tb_cpu.vhd:316:15:@845ns:(report note): [REGS] x3=00000004 x5=00000104 x6=0000012C x13=00000128 
../testbench/tb_cpu.vhd:311:13:@855ns:(report note): [INST] Addr=0000012C, Word=75, Instuction=00120213, Mnemonic=addi x4, x4, 00000001
../testbench/tb_cpu.vhd:316:15:@855ns:(report note): [REGS] x3=00000004 x4=00000001 x5=00000104 x6=0000012C x13=00000128 
../testbench/tb_cpu.vhd:311:13:@865ns:(report note): [INST] Addr=00000130, Word=76, Instuction=00200293, Mnemonic=addi x5, x0, 00000002
../testbench/tb_cpu.vhd:316:15:@865ns:(report note): [REGS] x3=00000004 x4=00000001 x5=00000002 x6=0000012C x13=00000128 
../testbench/tb_cpu.vhd:311:13:@875ns:(report note): [INST] Addr=00000134, Word=77, Instuction=FE5214E3, Mnemonic=bne x4, x5, FFFFFFE8
../testbench/tb_cpu.vhd:316:15:@875ns:(report note): [REGS] x3=00000004 x4=00000001 x5=00000002 x6=0000012C x13=00000128 
../testbench/tb_cpu.vhd:311:13:@885ns:(report note): [INST] Addr=0000011C, Word=71, Instuction=00000317, Mnemonic=auipc x6, 00000000
../testbench/tb_cpu.vhd:316:15:@885ns:(report note): [REGS] x3=00000004 x4=00000001 x5=00000002 x6=0000011C x13=00000128 
../testbench/tb_cpu.vhd:311:13:@895ns:(report note): [INST] Addr=00000120, Word=72, Instuction=01030313, Mnemonic=addi x6, x6, 00000010
../testbench/tb_cpu.vhd:316:15:@895ns:(report note): [REGS] x3=00000004 x4=00000001 x5=00000002 x6=0000012C x13=00000128 
../testbench/tb_cpu.vhd:311:13:@905ns:(report note): [INST] Addr=00000124, Word=73, Instuction=000306E7, Mnemonic=jalr x13, 00000000(x6)
../testbench/tb_cpu.vhd:316:15:@905ns:(report note): [REGS] x3=00000004 x4=00000001 x5=00000002 x6=0000012C x13=00000128 
../testbench/tb_cpu.vhd:311:13:@915ns:(report note): [INST] Addr=0000012C, Word=75, Instuction=00120213, Mnemonic=addi x4, x4, 00000001
../testbench/tb_cpu.vhd:316:15:@915ns:(report note): [REGS] x3=00000004 x4=00000002 x5=00000002 x6=0000012C x13=00000128 
../testbench/tb_cpu.vhd:311:13:@925ns:(report note): [INST] Addr=00000130, Word=76, Instuction=00200293, Mnemonic=addi x5, x0, 00000002
../testbench/tb_cpu.vhd:316:15:@925ns:(report note): [REGS] x3=00000004 x4=00000002 x5=00000002 x6=0000012C x13=00000128 
../testbench/tb_cpu.vhd:311:13:@935ns:(report note): [INST] Addr=00000134, Word=77, Instuction=FE5214E3, Mnemonic=bne x4, x5, FFFFFFE8
../testbench/tb_cpu.vhd:316:15:@935ns:(report note): [REGS] x3=00000004 x4=00000002 x5=00000002 x6=0000012C x13=00000128 
../testbench/tb_cpu.vhd:311:13:@945ns:(report note): [INST] Addr=00000138, Word=78, Instuction=00500193, Mnemonic=addi x3, x0, 00000005
../testbench/tb_cpu.vhd:316:15:@945ns:(report note): [REGS] x3=00000005 x4=00000002 x5=00000002 x6=0000012C x13=00000128 
../testbench/tb_cpu.vhd:311:13:@955ns:(report note): [INST] Addr=0000013C, Word=79, Instuction=00000213, Mnemonic=addi x4, x0, 00000000
../testbench/tb_cpu.vhd:316:15:@955ns:(report note): [REGS] x3=00000005 x5=00000002 x6=0000012C x13=00000128 
../testbench/tb_cpu.vhd:311:13:@965ns:(report note): [INST] Addr=00000140, Word=80, Instuction=00000317, Mnemonic=auipc x6, 00000000
../testbench/tb_cpu.vhd:316:15:@965ns:(report note): [REGS] x3=00000005 x5=00000002 x6=00000140 x13=00000128 
../testbench/tb_cpu.vhd:311:13:@975ns:(report note): [INST] Addr=00000144, Word=81, Instuction=01430313, Mnemonic=addi x6, x6, 00000014
../testbench/tb_cpu.vhd:316:15:@975ns:(report note): [REGS] x3=00000005 x5=00000002 x6=00000154 x13=00000128 
../testbench/tb_cpu.vhd:311:13:@985ns:(report note): [INST] Addr=00000148, Word=82, Instuction=00000013, Mnemonic=addi x0, x0, 00000000
../testbench/tb_cpu.vhd:316:15:@985ns:(report note): [REGS] x3=00000005 x5=00000002 x6=00000154 x13=00000128 
../testbench/tb_cpu.vhd:311:13:@995ns:(report note): [INST] Addr=0000014C, Word=83, Instuction=000306E7, Mnemonic=jalr x13, 00000000(x6)
../testbench/tb_cpu.vhd:316:15:@995ns:(report note): [REGS] x3=00000005 x5=00000002 x6=00000154 x13=00000150 
../testbench/tb_cpu.vhd:311:13:@1005ns:(report note): [INST] Addr=00000154, Word=85, Instuction=00120213, Mnemonic=addi x4, x4, 00000001
../testbench/tb_cpu.vhd:316:15:@1005ns:(report note): [REGS] x3=00000005 x4=00000001 x5=00000002 x6=00000154 x13=00000150 
../testbench/tb_cpu.vhd:311:13:@1015ns:(report note): [INST] Addr=00000158, Word=86, Instuction=00200293, Mnemonic=addi x5, x0, 00000002
../testbench/tb_cpu.vhd:316:15:@1015ns:(report note): [REGS] x3=00000005 x4=00000001 x5=00000002 x6=00000154 x13=00000150 
../testbench/tb_cpu.vhd:311:13:@1025ns:(report note): [INST] Addr=0000015C, Word=87, Instuction=FE5212E3, Mnemonic=bne x4, x5, FFFFFFE4
../testbench/tb_cpu.vhd:316:15:@1025ns:(report note): [REGS] x3=00000005 x4=00000001 x5=00000002 x6=00000154 x13=00000150 
../testbench/tb_cpu.vhd:311:13:@1035ns:(report note): [INST] Addr=00000140, Word=80, Instuction=00000317, Mnemonic=auipc x6, 00000000
../testbench/tb_cpu.vhd:316:15:@1035ns:(report note): [REGS] x3=00000005 x4=00000001 x5=00000002 x6=00000140 x13=00000150 
../testbench/tb_cpu.vhd:311:13:@1045ns:(report note): [INST] Addr=00000144, Word=81, Instuction=01430313, Mnemonic=addi x6, x6, 00000014
../testbench/tb_cpu.vhd:316:15:@1045ns:(report note): [REGS] x3=00000005 x4=00000001 x5=00000002 x6=00000154 x13=00000150 
../testbench/tb_cpu.vhd:311:13:@1055ns:(report note): [INST] Addr=00000148, Word=82, Instuction=00000013, Mnemonic=addi x0, x0, 00000000
../testbench/tb_cpu.vhd:316:15:@1055ns:(report note): [REGS] x3=00000005 x4=00000001 x5=00000002 x6=00000154 x13=00000150 
../testbench/tb_cpu.vhd:311:13:@1065ns:(report note): [INST] Addr=0000014C, Word=83, Instuction=000306E7, Mnemonic=jalr x13, 00000000(x6)
../testbench/tb_cpu.vhd:316:15:@1065ns:(report note): [REGS] x3=00000005 x4=00000001 x5=00000002 x6=00000154 x13=00000150 
../testbench/tb_cpu.vhd:311:13:@1075ns:(report note): [INST] Addr=00000154, Word=85, Instuction=00120213, Mnemonic=addi x4, x4, 00000001
../testbench/tb_cpu.vhd:316:15:@1075ns:(report note): [REGS] x3=00000005 x4=00000002 x5=00000002 x6=00000154 x13=00000150 
../testbench/tb_cpu.vhd:311:13:@1085ns:(report note): [INST] Addr=00000158, Word=86, Instuction=00200293, Mnemonic=addi x5, x0, 00000002
../testbench/tb_cpu.vhd:316:15:@1085ns:(report note): [REGS] x3=00000005 x4=00000002 x5=00000002 x6=00000154 x13=00000150 
../testbench/tb_cpu.vhd:311:13:@1095ns:(report note): [INST] Addr=0000015C, Word=87, Instuction=FE5212E3, Mnemonic=bne x4, x5, FFFFFFE4
../testbench/tb_cpu.vhd:316:15:@1095ns:(report note): [REGS] x3=00000005 x4=00000002 x5=00000002 x6=00000154 x13=00000150 
../testbench/tb_cpu.vhd:311:13:@1105ns:(report note): [INST] Addr=00000160, Word=88, Instuction=00600193, Mnemonic=addi x3, x0, 00000006
../testbench/tb_cpu.vhd:316:15:@1105ns:(report note): [REGS] x3=00000006 x4=00000002 x5=00000002 x6=00000154 x13=00000150 
../testbench/tb_cpu.vhd:311:13:@1115ns:(report note): [INST] Addr=00000164, Word=89, Instuction=00000213, Mnemonic=addi x4, x0, 00000000
../testbench/tb_cpu.vhd:316:15:@1115ns:(report note): [REGS] x3=00000006 x5=00000002 x6=00000154 x13=00000150 
../testbench/tb_cpu.vhd:311:13:@1125ns:(report note): [INST] Addr=00000168, Word=90, Instuction=00000317, Mnemonic=auipc x6, 00000000
../testbench/tb_cpu.vhd:316:15:@1125ns:(report note): [REGS] x3=00000006 x5=00000002 x6=00000168 x13=00000150 
../testbench/tb_cpu.vhd:311:13:@1135ns:(report note): [INST] Addr=0000016C, Word=91, Instuction=01830313, Mnemonic=addi x6, x6, 00000018
../testbench/tb_cpu.vhd:316:15:@1135ns:(report note): [REGS] x3=00000006 x5=00000002 x6=00000180 x13=00000150 
../testbench/tb_cpu.vhd:311:13:@1145ns:(report note): [INST] Addr=00000170, Word=92, Instuction=00000013, Mnemonic=addi x0, x0, 00000000
../testbench/tb_cpu.vhd:316:15:@1145ns:(report note): [REGS] x3=00000006 x5=00000002 x6=00000180 x13=00000150 
../testbench/tb_cpu.vhd:311:13:@1155ns:(report note): [INST] Addr=00000174, Word=93, Instuction=00000013, Mnemonic=addi x0, x0, 00000000
../testbench/tb_cpu.vhd:316:15:@1155ns:(report note): [REGS] x3=00000006 x5=00000002 x6=00000180 x13=00000150 
../testbench/tb_cpu.vhd:311:13:@1165ns:(report note): [INST] Addr=00000178, Word=94, Instuction=000306E7, Mnemonic=jalr x13, 00000000(x6)
../testbench/tb_cpu.vhd:316:15:@1165ns:(report note): [REGS] x3=00000006 x5=00000002 x6=00000180 x13=0000017C 
../testbench/tb_cpu.vhd:311:13:@1175ns:(report note): [INST] Addr=00000180, Word=96, Instuction=00120213, Mnemonic=addi x4, x4, 00000001
../testbench/tb_cpu.vhd:316:15:@1175ns:(report note): [REGS] x3=00000006 x4=00000001 x5=00000002 x6=00000180 x13=0000017C 
../testbench/tb_cpu.vhd:311:13:@1185ns:(report note): [INST] Addr=00000184, Word=97, Instuction=00200293, Mnemonic=addi x5, x0, 00000002
../testbench/tb_cpu.vhd:316:15:@1185ns:(report note): [REGS] x3=00000006 x4=00000001 x5=00000002 x6=00000180 x13=0000017C 
../testbench/tb_cpu.vhd:311:13:@1195ns:(report note): [INST] Addr=00000188, Word=98, Instuction=FE5210E3, Mnemonic=bne x4, x5, FFFFFFE0
../testbench/tb_cpu.vhd:316:15:@1195ns:(report note): [REGS] x3=00000006 x4=00000001 x5=00000002 x6=00000180 x13=0000017C 
../testbench/tb_cpu.vhd:311:13:@1205ns:(report note): [INST] Addr=00000168, Word=90, Instuction=00000317, Mnemonic=auipc x6, 00000000
../testbench/tb_cpu.vhd:316:15:@1205ns:(report note): [REGS] x3=00000006 x4=00000001 x5=00000002 x6=00000168 x13=0000017C 
../testbench/tb_cpu.vhd:311:13:@1215ns:(report note): [INST] Addr=0000016C, Word=91, Instuction=01830313, Mnemonic=addi x6, x6, 00000018
../testbench/tb_cpu.vhd:316:15:@1215ns:(report note): [REGS] x3=00000006 x4=00000001 x5=00000002 x6=00000180 x13=0000017C 
../testbench/tb_cpu.vhd:311:13:@1225ns:(report note): [INST] Addr=00000170, Word=92, Instuction=00000013, Mnemonic=addi x0, x0, 00000000
../testbench/tb_cpu.vhd:316:15:@1225ns:(report note): [REGS] x3=00000006 x4=00000001 x5=00000002 x6=00000180 x13=0000017C 
../testbench/tb_cpu.vhd:311:13:@1235ns:(report note): [INST] Addr=00000174, Word=93, Instuction=00000013, Mnemonic=addi x0, x0, 00000000
../testbench/tb_cpu.vhd:316:15:@1235ns:(report note): [REGS] x3=00000006 x4=00000001 x5=00000002 x6=00000180 x13=0000017C 
../testbench/tb_cpu.vhd:311:13:@1245ns:(report note): [INST] Addr=00000178, Word=94, Instuction=000306E7, Mnemonic=jalr x13, 00000000(x6)
../testbench/tb_cpu.vhd:316:15:@1245ns:(report note): [REGS] x3=00000006 x4=00000001 x5=00000002 x6=00000180 x13=0000017C 
../testbench/tb_cpu.vhd:311:13:@1255ns:(report note): [INST] Addr=00000180, Word=96, Instuction=00120213, Mnemonic=addi x4, x4, 00000001
../testbench/tb_cpu.vhd:316:15:@1255ns:(report note): [REGS] x3=00000006 x4=00000002 x5=00000002 x6=00000180 x13=0000017C 
../testbench/tb_cpu.vhd:311:13:@1265ns:(report note): [INST] Addr=00000184, Word=97, Instuction=00200293, Mnemonic=addi x5, x0, 00000002
../testbench/tb_cpu.vhd:316:15:@1265ns:(report note): [REGS] x3=00000006 x4=00000002 x5=00000002 x6=00000180 x13=0000017C 
../testbench/tb_cpu.vhd:311:13:@1275ns:(report note): [INST] Addr=00000188, Word=98, Instuction=FE5210E3, Mnemonic=bne x4, x5, FFFFFFE0
../testbench/tb_cpu.vhd:316:15:@1275ns:(report note): [REGS] x3=00000006 x4=00000002 x5=00000002 x6=00000180 x13=0000017C 
../testbench/tb_cpu.vhd:311:13:@1285ns:(report note): [INST] Addr=0000018C, Word=99, Instuction=00700193, Mnemonic=addi x3, x0, 00000007
../testbench/tb_cpu.vhd:316:15:@1285ns:(report note): [REGS] x3=00000007 x4=00000002 x5=00000002 x6=00000180 x13=0000017C 
../testbench/tb_cpu.vhd:311:13:@1295ns:(report note): [INST] Addr=00000190, Word=100, Instuction=00100293, Mnemonic=addi x5, x0, 00000001
../testbench/tb_cpu.vhd:316:15:@1295ns:(report note): [REGS] x3=00000007 x4=00000002 x5=00000001 x6=00000180 x13=0000017C 
../testbench/tb_cpu.vhd:311:13:@1305ns:(report note): [INST] Addr=00000194, Word=101, Instuction=00000317, Mnemonic=auipc x6, 00000000
../testbench/tb_cpu.vhd:316:15:@1305ns:(report note): [REGS] x3=00000007 x4=00000002 x5=00000001 x6=00000194 x13=0000017C 
../testbench/tb_cpu.vhd:311:13:@1315ns:(report note): [INST] Addr=00000198, Word=102, Instuction=01C30313, Mnemonic=addi x6, x6, 0000001C
../testbench/tb_cpu.vhd:316:15:@1315ns:(report note): [REGS] x3=00000007 x4=00000002 x5=00000001 x6=000001B0 x13=0000017C 
../testbench/tb_cpu.vhd:311:13:@1325ns:(report note): [INST] Addr=0000019C, Word=103, Instuction=FFC30067, Mnemonic=jalr x0, FFFFFFFC(x6)
../testbench/tb_cpu.vhd:316:15:@1325ns:(report note): [REGS] x3=00000007 x4=00000002 x5=00000001 x6=000001B0 x13=0000017C 
../testbench/tb_cpu.vhd:311:13:@1335ns:(report note): [INST] Addr=000001AC, Word=107, Instuction=00128293, Mnemonic=addi x5, x5, 00000001
../testbench/tb_cpu.vhd:316:15:@1335ns:(report note): [REGS] x3=00000007 x4=00000002 x5=00000002 x6=000001B0 x13=0000017C 
../testbench/tb_cpu.vhd:311:13:@1345ns:(report note): [INST] Addr=000001B0, Word=108, Instuction=00128293, Mnemonic=addi x5, x5, 00000001
../testbench/tb_cpu.vhd:316:15:@1345ns:(report note): [REGS] x3=00000007 x4=00000002 x5=00000003 x6=000001B0 x13=0000017C 
../testbench/tb_cpu.vhd:311:13:@1355ns:(report note): [INST] Addr=000001B4, Word=109, Instuction=00128293, Mnemonic=addi x5, x5, 00000001
../testbench/tb_cpu.vhd:316:15:@1355ns:(report note): [REGS] x3=00000007 x4=00000002 x5=00000004 x6=000001B0 x13=0000017C 
../testbench/tb_cpu.vhd:311:13:@1365ns:(report note): [INST] Addr=000001B8, Word=110, Instuction=00400393, Mnemonic=addi x7, x0, 00000004
../testbench/tb_cpu.vhd:316:15:@1365ns:(report note): [REGS] x3=00000007 x4=00000002 x5=00000004 x6=000001B0 x7=00000004 x13=0000017C 
../testbench/tb_cpu.vhd:311:13:@1375ns:(report note): [INST] Addr=000001BC, Word=111, Instuction=00729463, Mnemonic=bne x5, x7, 00000008
../testbench/tb_cpu.vhd:316:15:@1375ns:(report note): [REGS] x3=00000007 x4=00000002 x5=00000004 x6=000001B0 x7=00000004 x13=0000017C 
../testbench/tb_cpu.vhd:311:13:@1385ns:(report note): [INST] Addr=000001C0, Word=112, Instuction=00301E63, Mnemonic=bne x0, x3, 0000001C
../testbench/tb_cpu.vhd:316:15:@1385ns:(report note): [REGS] x3=00000007 x4=00000002 x5=00000004 x6=000001B0 x7=00000004 x13=0000017C 
../testbench/tb_cpu.vhd:311:13:@1395ns:(report note): [INST] Addr=000001DC, Word=119, Instuction=00100193, Mnemonic=addi x3, x0, 00000001
../testbench/tb_cpu.vhd:316:15:@1395ns:(report note): [REGS] x3=00000001 x4=00000002 x5=00000004 x6=000001B0 x7=00000004 x13=0000017C 
../testbench/tb_cpu.vhd:311:13:@1405ns:(report note): [INST] Addr=000001E0, Word=120, Instuction=10100513, Mnemonic=addi x10, x0, 00000101
../testbench/tb_cpu.vhd:316:15:@1405ns:(report note): [REGS] x3=00000001 x4=00000002 x5=00000004 x6=000001B0 x7=00000004 x10=00000101 x13=0000017C 
../testbench/tb_cpu.vhd:311:13:@1415ns:(report note): [INST] Addr=000001E4, Word=121, Instuction=01F01013, Mnemonic=slli x0, x0, 1F
../testbench/tb_cpu.vhd:316:15:@1415ns:(report note): [REGS] x3=00000001 x4=00000002 x5=00000004 x6=000001B0 x7=00000004 x10=00000101 x13=0000017C 
../testbench/tb_cpu.vhd:311:13:@1425ns:(report note): [INST] Addr=000001E8, Word=122, Instuction=00100073, Mnemonic=ebreak
../testbench/tb_cpu.vhd:316:15:@1425ns:(report note): [REGS] x3=00000001 x4=00000002 x5=00000004 x6=000001B0 x7=00000004 x10=00000101 x13=0000017C 
../testbench/tb_cpu.vhd:330:13:@1425ns:(report note): RVTEST (addi) : OK
simulation stopped @1425ns with status 0
