../../src/ieee2008/numeric_std-body.vhdl:3036:7:@0ms:(assertion warning): NUMERIC_STD.TO_INTEGER: metavalue detected, returning 0
../../src/ieee2008/numeric_std-body.vhdl:3036:7:@0ms:(assertion warning): NUMERIC_STD.TO_INTEGER: metavalue detected, returning 0
../../src/ieee2008/numeric_std-body.vhdl:3036:7:@0ms:(assertion warning): NUMERIC_STD.TO_INTEGER: metavalue detected, returning 0
../../src/ieee2008/numeric_std-body.vhdl:3036:7:@0ms:(assertion warning): NUMERIC_STD.TO_INTEGER: metavalue detected, returning 0
../../src/ieee2008/numeric_std-body.vhdl:3036:7:@0ms:(assertion warning): NUMERIC_STD.TO_INTEGER: metavalue detected, returning 0
../../src/ieee2008/numeric_std-body.vhdl:3036:7:@0ms:(assertion warning): NUMERIC_STD.TO_INTEGER: metavalue detected, returning 0
../../src/ieee2008/numeric_std-body.vhdl:3036:7:@0ms:(assertion warning): NUMERIC_STD.TO_INTEGER: metavalue detected, returning 0
../../src/ieee2008/numeric_std-body.vhdl:3036:7:@0ms:(assertion warning): NUMERIC_STD.TO_INTEGER: metavalue detected, returning 0
../../src/ieee2008/numeric_std-body.vhdl:3036:7:@0ms:(assertion warning): NUMERIC_STD.TO_INTEGER: metavalue detected, returning 0
../../src/ieee2008/numeric_std-body.vhdl:1721:7:@0ms:(assertion warning): NUMERIC_STD.">=": metavalue detected, returning FALSE
../../src/ieee2008/numeric_std-body.vhdl:1721:7:@0ms:(assertion warning): NUMERIC_STD.">=": metavalue detected, returning FALSE
../../src/ieee2008/numeric_std-body.vhdl:1721:7:@0ms:(assertion warning): NUMERIC_STD.">=": metavalue detected, returning FALSE
../../src/ieee2008/numeric_std-body.vhdl:1721:7:@0ms:(assertion warning): NUMERIC_STD.">=": metavalue detected, returning FALSE
../../src/ieee2008/numeric_std-body.vhdl:1721:7:@0ms:(assertion warning): NUMERIC_STD.">=": metavalue detected, returning FALSE
../../src/ieee2008/numeric_std-body.vhdl:1721:7:@0ms:(assertion warning): NUMERIC_STD.">=": metavalue detected, returning FALSE
../../src/ieee2008/numeric_std-body.vhdl:1721:7:@0ms:(assertion warning): NUMERIC_STD.">=": metavalue detected, returning FALSE
../../src/ieee2008/numeric_std-body.vhdl:1721:7:@0ms:(assertion warning): NUMERIC_STD.">=": metavalue detected, returning FALSE
../testbench/tb_cpu.vhd:311:13:@215ns:(report note): [INST] Addr=00000000, Word=0, Instuction=00000093, Mnemonic=addi x1, x0, 00000000
../testbench/tb_cpu.vhd:311:13:@225ns:(report note): [INST] Addr=00000004, Word=1, Instuction=00000113, Mnemonic=addi x2, x0, 00000000
../testbench/tb_cpu.vhd:311:13:@235ns:(report note): [INST] Addr=00000008, Word=2, Instuction=00000193, Mnemonic=addi x3, x0, 00000000
../testbench/tb_cpu.vhd:311:13:@245ns:(report note): [INST] Addr=0000000C, Word=3, Instuction=00000213, Mnemonic=addi x4, x0, 00000000
../testbench/tb_cpu.vhd:311:13:@255ns:(report note): [INST] Addr=00000010, Word=4, Instuction=00000293, Mnemonic=addi x5, x0, 00000000
../testbench/tb_cpu.vhd:311:13:@265ns:(report note): [INST] Addr=00000014, Word=5, Instuction=00000313, Mnemonic=addi x6, x0, 00000000
../testbench/tb_cpu.vhd:311:13:@275ns:(report note): [INST] Addr=00000018, Word=6, Instuction=00000393, Mnemonic=addi x7, x0, 00000000
../testbench/tb_cpu.vhd:311:13:@285ns:(report note): [INST] Addr=0000001C, Word=7, Instuction=00000413, Mnemonic=addi x8, x0, 00000000
../testbench/tb_cpu.vhd:311:13:@295ns:(report note): [INST] Addr=00000020, Word=8, Instuction=00000493, Mnemonic=addi x9, x0, 00000000
../testbench/tb_cpu.vhd:311:13:@305ns:(report note): [INST] Addr=00000024, Word=9, Instuction=00000513, Mnemonic=addi x10, x0, 00000000
../testbench/tb_cpu.vhd:311:13:@315ns:(report note): [INST] Addr=00000028, Word=10, Instuction=00000593, Mnemonic=addi x11, x0, 00000000
../testbench/tb_cpu.vhd:311:13:@325ns:(report note): [INST] Addr=0000002C, Word=11, Instuction=00000613, Mnemonic=addi x12, x0, 00000000
../testbench/tb_cpu.vhd:311:13:@335ns:(report note): [INST] Addr=00000030, Word=12, Instuction=00000693, Mnemonic=addi x13, x0, 00000000
../testbench/tb_cpu.vhd:311:13:@345ns:(report note): [INST] Addr=00000034, Word=13, Instuction=00000713, Mnemonic=addi x14, x0, 00000000
../testbench/tb_cpu.vhd:311:13:@355ns:(report note): [INST] Addr=00000038, Word=14, Instuction=00000793, Mnemonic=addi x15, x0, 00000000
../testbench/tb_cpu.vhd:311:13:@365ns:(report note): [INST] Addr=0000003C, Word=15, Instuction=00000813, Mnemonic=addi x16, x0, 00000000
../testbench/tb_cpu.vhd:311:13:@375ns:(report note): [INST] Addr=00000040, Word=16, Instuction=00000893, Mnemonic=addi x17, x0, 00000000
../testbench/tb_cpu.vhd:311:13:@385ns:(report note): [INST] Addr=00000044, Word=17, Instuction=00000913, Mnemonic=addi x18, x0, 00000000
../testbench/tb_cpu.vhd:311:13:@395ns:(report note): [INST] Addr=00000048, Word=18, Instuction=00000993, Mnemonic=addi x19, x0, 00000000
../testbench/tb_cpu.vhd:311:13:@405ns:(report note): [INST] Addr=0000004C, Word=19, Instuction=00000A13, Mnemonic=addi x20, x0, 00000000
../testbench/tb_cpu.vhd:311:13:@415ns:(report note): [INST] Addr=00000050, Word=20, Instuction=00000A93, Mnemonic=addi x21, x0, 00000000
../testbench/tb_cpu.vhd:311:13:@425ns:(report note): [INST] Addr=00000054, Word=21, Instuction=00000B13, Mnemonic=addi x22, x0, 00000000
../testbench/tb_cpu.vhd:311:13:@435ns:(report note): [INST] Addr=00000058, Word=22, Instuction=00000B93, Mnemonic=addi x23, x0, 00000000
../testbench/tb_cpu.vhd:311:13:@445ns:(report note): [INST] Addr=0000005C, Word=23, Instuction=00000C13, Mnemonic=addi x24, x0, 00000000
../testbench/tb_cpu.vhd:311:13:@455ns:(report note): [INST] Addr=00000060, Word=24, Instuction=00000C93, Mnemonic=addi x25, x0, 00000000
../testbench/tb_cpu.vhd:311:13:@465ns:(report note): [INST] Addr=00000064, Word=25, Instuction=00000D13, Mnemonic=addi x26, x0, 00000000
../testbench/tb_cpu.vhd:311:13:@475ns:(report note): [INST] Addr=00000068, Word=26, Instuction=00000D93, Mnemonic=addi x27, x0, 00000000
../testbench/tb_cpu.vhd:311:13:@485ns:(report note): [INST] Addr=0000006C, Word=27, Instuction=00000E13, Mnemonic=addi x28, x0, 00000000
../testbench/tb_cpu.vhd:311:13:@495ns:(report note): [INST] Addr=00000070, Word=28, Instuction=00000E93, Mnemonic=addi x29, x0, 00000000
../testbench/tb_cpu.vhd:311:13:@505ns:(report note): [INST] Addr=00000074, Word=29, Instuction=00000F13, Mnemonic=addi x30, x0, 00000000
../testbench/tb_cpu.vhd:311:13:@515ns:(report note): [INST] Addr=00000078, Word=30, Instuction=00000F93, Mnemonic=addi x31, x0, 00000000
../testbench/tb_cpu.vhd:311:13:@525ns:(report note): [INST] Addr=0000007C, Word=31, Instuction=01000297, Mnemonic=auipc x5, 01000000
../testbench/tb_cpu.vhd:316:15:@525ns:(report note): [REGS] x5=0100007C 
../testbench/tb_cpu.vhd:311:13:@535ns:(report note): [INST] Addr=00000080, Word=32, Instuction=F8428293, Mnemonic=addi x5, x5, FFFFFF84
../testbench/tb_cpu.vhd:316:15:@535ns:(report note): [REGS] x5=01000000 
../testbench/tb_cpu.vhd:311:13:@545ns:(report note): [INST] Addr=00000084, Word=33, Instuction=02000317, Mnemonic=auipc x6, 02000000
../testbench/tb_cpu.vhd:316:15:@545ns:(report note): [REGS] x5=01000000 x6=02000084 
../testbench/tb_cpu.vhd:311:13:@555ns:(report note): [INST] Addr=00000088, Word=34, Instuction=F7C30313, Mnemonic=addi x6, x6, FFFFFF7C
../testbench/tb_cpu.vhd:316:15:@555ns:(report note): [REGS] x5=01000000 x6=02000000 
../testbench/tb_cpu.vhd:311:13:@565ns:(report note): [INST] Addr=0000008C, Word=35, Instuction=02000397, Mnemonic=auipc x7, 02000000
../testbench/tb_cpu.vhd:316:15:@565ns:(report note): [REGS] x5=01000000 x6=02000000 x7=0200008C 
../testbench/tb_cpu.vhd:311:13:@575ns:(report note): [INST] Addr=00000090, Word=36, Instuction=F8438393, Mnemonic=addi x7, x7, FFFFFF84
../testbench/tb_cpu.vhd:316:15:@575ns:(report note): [REGS] x5=01000000 x6=02000000 x7=02000010 
../testbench/tb_cpu.vhd:311:13:@585ns:(report note): [INST] Addr=00000094, Word=37, Instuction=00730C63, Mnemonic=beq x6, x7, 00000018
../testbench/tb_cpu.vhd:316:15:@585ns:(report note): [REGS] x5=01000000 x6=02000000 x7=02000010 
../testbench/tb_cpu.vhd:311:13:@595ns:(report note): [INST] Addr=00000098, Word=38, Instuction=0002AE03, Mnemonic=lw x28, 00000000(x5)
../testbench/tb_cpu.vhd:316:15:@595ns:(report note): [REGS] x5=01000000 x6=02000000 x7=02000010 x28=00FF00FF 
../testbench/tb_cpu.vhd:321:13:@595ns:(report note): [DATA] Addr=01000000, Word=4194304, WData=00000000, RData=00FF00FF
../testbench/tb_cpu.vhd:311:13:@605ns:(report note): [INST] Addr=0000009C, Word=39, Instuction=01C32023, Mnemonic=sw x28, 00000000(x6)
../testbench/tb_cpu.vhd:316:15:@605ns:(report note): [REGS] x5=01000000 x6=02000000 x7=02000010 x28=00FF00FF 
../testbench/tb_cpu.vhd:321:13:@605ns:(report note): [DATA] Addr=02000000, Word=8388608, WData=00FF00FF, RData=XXXXXXXX
../testbench/tb_cpu.vhd:311:13:@615ns:(report note): [INST] Addr=000000A0, Word=40, Instuction=00428293, Mnemonic=addi x5, x5, 00000004
../testbench/tb_cpu.vhd:316:15:@615ns:(report note): [REGS] x5=01000004 x6=02000000 x7=02000010 x28=00FF00FF 
../testbench/tb_cpu.vhd:311:13:@625ns:(report note): [INST] Addr=000000A4, Word=41, Instuction=00430313, Mnemonic=addi x6, x6, 00000004
../testbench/tb_cpu.vhd:316:15:@625ns:(report note): [REGS] x5=01000004 x6=02000004 x7=02000010 x28=00FF00FF 
../testbench/tb_cpu.vhd:311:13:@635ns:(report note): [INST] Addr=000000A8, Word=42, Instuction=FEDFF06F, Mnemonic=jal x0, FFFFFFEC
../testbench/tb_cpu.vhd:316:15:@635ns:(report note): [REGS] x5=01000004 x6=02000004 x7=02000010 x28=00FF00FF 
../testbench/tb_cpu.vhd:311:13:@645ns:(report note): [INST] Addr=00000094, Word=37, Instuction=00730C63, Mnemonic=beq x6, x7, 00000018
../testbench/tb_cpu.vhd:316:15:@645ns:(report note): [REGS] x5=01000004 x6=02000004 x7=02000010 x28=00FF00FF 
../testbench/tb_cpu.vhd:311:13:@655ns:(report note): [INST] Addr=00000098, Word=38, Instuction=0002AE03, Mnemonic=lw x28, 00000000(x5)
../testbench/tb_cpu.vhd:316:15:@655ns:(report note): [REGS] x5=01000004 x6=02000004 x7=02000010 x28=FF00FF00 
../testbench/tb_cpu.vhd:321:13:@655ns:(report note): [DATA] Addr=01000004, Word=4194305, WData=00000000, RData=FF00FF00
../testbench/tb_cpu.vhd:311:13:@665ns:(report note): [INST] Addr=0000009C, Word=39, Instuction=01C32023, Mnemonic=sw x28, 00000000(x6)
../testbench/tb_cpu.vhd:316:15:@665ns:(report note): [REGS] x5=01000004 x6=02000004 x7=02000010 x28=FF00FF00 
../testbench/tb_cpu.vhd:321:13:@665ns:(report note): [DATA] Addr=02000004, Word=8388609, WData=FF00FF00, RData=XXXXXXXX
../testbench/tb_cpu.vhd:311:13:@675ns:(report note): [INST] Addr=000000A0, Word=40, Instuction=00428293, Mnemonic=addi x5, x5, 00000004
../testbench/tb_cpu.vhd:316:15:@675ns:(report note): [REGS] x5=01000008 x6=02000004 x7=02000010 x28=FF00FF00 
../testbench/tb_cpu.vhd:311:13:@685ns:(report note): [INST] Addr=000000A4, Word=41, Instuction=00430313, Mnemonic=addi x6, x6, 00000004
../testbench/tb_cpu.vhd:316:15:@685ns:(report note): [REGS] x5=01000008 x6=02000008 x7=02000010 x28=FF00FF00 
../testbench/tb_cpu.vhd:311:13:@695ns:(report note): [INST] Addr=000000A8, Word=42, Instuction=FEDFF06F, Mnemonic=jal x0, FFFFFFEC
../testbench/tb_cpu.vhd:316:15:@695ns:(report note): [REGS] x5=01000008 x6=02000008 x7=02000010 x28=FF00FF00 
../testbench/tb_cpu.vhd:311:13:@705ns:(report note): [INST] Addr=00000094, Word=37, Instuction=00730C63, Mnemonic=beq x6, x7, 00000018
../testbench/tb_cpu.vhd:316:15:@705ns:(report note): [REGS] x5=01000008 x6=02000008 x7=02000010 x28=FF00FF00 
../testbench/tb_cpu.vhd:311:13:@715ns:(report note): [INST] Addr=00000098, Word=38, Instuction=0002AE03, Mnemonic=lw x28, 00000000(x5)
../testbench/tb_cpu.vhd:316:15:@715ns:(report note): [REGS] x5=01000008 x6=02000008 x7=02000010 x28=0FF00FF0 
../testbench/tb_cpu.vhd:321:13:@715ns:(report note): [DATA] Addr=01000008, Word=4194306, WData=00000000, RData=0FF00FF0
../testbench/tb_cpu.vhd:311:13:@725ns:(report note): [INST] Addr=0000009C, Word=39, Instuction=01C32023, Mnemonic=sw x28, 00000000(x6)
../testbench/tb_cpu.vhd:316:15:@725ns:(report note): [REGS] x5=01000008 x6=02000008 x7=02000010 x28=0FF00FF0 
../testbench/tb_cpu.vhd:321:13:@725ns:(report note): [DATA] Addr=02000008, Word=8388610, WData=0FF00FF0, RData=XXXXXXXX
../testbench/tb_cpu.vhd:311:13:@735ns:(report note): [INST] Addr=000000A0, Word=40, Instuction=00428293, Mnemonic=addi x5, x5, 00000004
../testbench/tb_cpu.vhd:316:15:@735ns:(report note): [REGS] x5=0100000C x6=02000008 x7=02000010 x28=0FF00FF0 
../testbench/tb_cpu.vhd:311:13:@745ns:(report note): [INST] Addr=000000A4, Word=41, Instuction=00430313, Mnemonic=addi x6, x6, 00000004
../testbench/tb_cpu.vhd:316:15:@745ns:(report note): [REGS] x5=0100000C x6=0200000C x7=02000010 x28=0FF00FF0 
../testbench/tb_cpu.vhd:311:13:@755ns:(report note): [INST] Addr=000000A8, Word=42, Instuction=FEDFF06F, Mnemonic=jal x0, FFFFFFEC
../testbench/tb_cpu.vhd:316:15:@755ns:(report note): [REGS] x5=0100000C x6=0200000C x7=02000010 x28=0FF00FF0 
../testbench/tb_cpu.vhd:311:13:@765ns:(report note): [INST] Addr=00000094, Word=37, Instuction=00730C63, Mnemonic=beq x6, x7, 00000018
../testbench/tb_cpu.vhd:316:15:@765ns:(report note): [REGS] x5=0100000C x6=0200000C x7=02000010 x28=0FF00FF0 
../testbench/tb_cpu.vhd:311:13:@775ns:(report note): [INST] Addr=00000098, Word=38, Instuction=0002AE03, Mnemonic=lw x28, 00000000(x5)
../testbench/tb_cpu.vhd:316:15:@775ns:(report note): [REGS] x5=0100000C x6=0200000C x7=02000010 x28=F00FF00F 
../testbench/tb_cpu.vhd:321:13:@775ns:(report note): [DATA] Addr=0100000C, Word=4194307, WData=00000000, RData=F00FF00F
../testbench/tb_cpu.vhd:311:13:@785ns:(report note): [INST] Addr=0000009C, Word=39, Instuction=01C32023, Mnemonic=sw x28, 00000000(x6)
../testbench/tb_cpu.vhd:316:15:@785ns:(report note): [REGS] x5=0100000C x6=0200000C x7=02000010 x28=F00FF00F 
../testbench/tb_cpu.vhd:321:13:@785ns:(report note): [DATA] Addr=0200000C, Word=8388611, WData=F00FF00F, RData=XXXXXXXX
../testbench/tb_cpu.vhd:311:13:@795ns:(report note): [INST] Addr=000000A0, Word=40, Instuction=00428293, Mnemonic=addi x5, x5, 00000004
../testbench/tb_cpu.vhd:316:15:@795ns:(report note): [REGS] x5=01000010 x6=0200000C x7=02000010 x28=F00FF00F 
../testbench/tb_cpu.vhd:311:13:@805ns:(report note): [INST] Addr=000000A4, Word=41, Instuction=00430313, Mnemonic=addi x6, x6, 00000004
../testbench/tb_cpu.vhd:316:15:@805ns:(report note): [REGS] x5=01000010 x6=02000010 x7=02000010 x28=F00FF00F 
../testbench/tb_cpu.vhd:311:13:@815ns:(report note): [INST] Addr=000000A8, Word=42, Instuction=FEDFF06F, Mnemonic=jal x0, FFFFFFEC
../testbench/tb_cpu.vhd:316:15:@815ns:(report note): [REGS] x5=01000010 x6=02000010 x7=02000010 x28=F00FF00F 
../testbench/tb_cpu.vhd:311:13:@825ns:(report note): [INST] Addr=00000094, Word=37, Instuction=00730C63, Mnemonic=beq x6, x7, 00000018
../testbench/tb_cpu.vhd:316:15:@825ns:(report note): [REGS] x5=01000010 x6=02000010 x7=02000010 x28=F00FF00F 
../testbench/tb_cpu.vhd:311:13:@835ns:(report note): [INST] Addr=000000AC, Word=43, Instuction=02000297, Mnemonic=auipc x5, 02000000
../testbench/tb_cpu.vhd:316:15:@835ns:(report note): [REGS] x5=020000AC x6=02000010 x7=02000010 x28=F00FF00F 
../testbench/tb_cpu.vhd:311:13:@845ns:(report note): [INST] Addr=000000B0, Word=44, Instuction=F6428293, Mnemonic=addi x5, x5, FFFFFF64
../testbench/tb_cpu.vhd:316:15:@845ns:(report note): [REGS] x5=02000010 x6=02000010 x7=02000010 x28=F00FF00F 
../testbench/tb_cpu.vhd:311:13:@855ns:(report note): [INST] Addr=000000B4, Word=45, Instuction=02000317, Mnemonic=auipc x6, 02000000
../testbench/tb_cpu.vhd:316:15:@855ns:(report note): [REGS] x5=02000010 x6=020000B4 x7=02000010 x28=F00FF00F 
../testbench/tb_cpu.vhd:311:13:@865ns:(report note): [INST] Addr=000000B8, Word=46, Instuction=F5C30313, Mnemonic=addi x6, x6, FFFFFF5C
../testbench/tb_cpu.vhd:316:15:@865ns:(report note): [REGS] x5=02000010 x6=02000010 x7=02000010 x28=F00FF00F 
../testbench/tb_cpu.vhd:311:13:@875ns:(report note): [INST] Addr=000000BC, Word=47, Instuction=00000393, Mnemonic=addi x7, x0, 00000000
../testbench/tb_cpu.vhd:316:15:@875ns:(report note): [REGS] x5=02000010 x6=02000010 x28=F00FF00F 
../testbench/tb_cpu.vhd:311:13:@885ns:(report note): [INST] Addr=000000C0, Word=48, Instuction=00628863, Mnemonic=beq x5, x6, 00000010
../testbench/tb_cpu.vhd:316:15:@885ns:(report note): [REGS] x5=02000010 x6=02000010 x28=F00FF00F 
../testbench/tb_cpu.vhd:311:13:@895ns:(report note): [INST] Addr=000000D0, Word=52, Instuction=00200193, Mnemonic=addi x3, x0, 00000002
../testbench/tb_cpu.vhd:316:15:@895ns:(report note): [REGS] x3=00000002 x5=02000010 x6=02000010 x28=F00FF00F 
../testbench/tb_cpu.vhd:311:13:@905ns:(report note): [INST] Addr=000000D4, Word=53, Instuction=00FF07B7, Mnemonic=lui x15, 00FF0000
../testbench/tb_cpu.vhd:316:15:@905ns:(report note): [REGS] x3=00000002 x5=02000010 x6=02000010 x15=00FF0000 x28=F00FF00F 
../testbench/tb_cpu.vhd:311:13:@915ns:(report note): [INST] Addr=000000D8, Word=54, Instuction=0FF78793, Mnemonic=addi x15, x15, 000000FF
../testbench/tb_cpu.vhd:316:15:@915ns:(report note): [REGS] x3=00000002 x5=02000010 x6=02000010 x15=00FF00FF x28=F00FF00F 
../testbench/tb_cpu.vhd:311:13:@925ns:(report note): [INST] Addr=000000DC, Word=55, Instuction=02000117, Mnemonic=auipc x2, 02000000
../testbench/tb_cpu.vhd:316:15:@925ns:(report note): [REGS] x2=020000DC x3=00000002 x5=02000010 x6=02000010 x15=00FF00FF x28=F00FF00F 
../testbench/tb_cpu.vhd:311:13:@935ns:(report note): [INST] Addr=000000E0, Word=56, Instuction=F2410113, Mnemonic=addi x2, x2, FFFFFF24
../testbench/tb_cpu.vhd:316:15:@935ns:(report note): [REGS] x2=02000000 x3=00000002 x5=02000010 x6=02000010 x15=00FF00FF x28=F00FF00F 
../testbench/tb_cpu.vhd:311:13:@945ns:(report note): [INST] Addr=000000E4, Word=57, Instuction=00012703, Mnemonic=lw x14, 00000000(x2)
../testbench/tb_cpu.vhd:316:15:@945ns:(report note): [REGS] x2=02000000 x3=00000002 x5=02000010 x6=02000010 x14=00FF00FF x15=00FF00FF x28=F00FF00F 
../testbench/tb_cpu.vhd:321:13:@945ns:(report note): [DATA] Addr=02000000, Word=8388608, WData=00000000, RData=00FF00FF
../testbench/tb_cpu.vhd:311:13:@955ns:(report note): [INST] Addr=000000E8, Word=58, Instuction=00FF03B7, Mnemonic=lui x7, 00FF0000
../testbench/tb_cpu.vhd:316:15:@955ns:(report note): [REGS] x2=02000000 x3=00000002 x5=02000010 x6=02000010 x7=00FF0000 x14=00FF00FF x15=00FF00FF x28=F00FF00F 
../testbench/tb_cpu.vhd:311:13:@965ns:(report note): [INST] Addr=000000EC, Word=59, Instuction=0FF38393, Mnemonic=addi x7, x7, 000000FF
../testbench/tb_cpu.vhd:316:15:@965ns:(report note): [REGS] x2=02000000 x3=00000002 x5=02000010 x6=02000010 x7=00FF00FF x14=00FF00FF x15=00FF00FF x28=F00FF00F 
../testbench/tb_cpu.vhd:311:13:@975ns:(report note): [INST] Addr=000000F0, Word=60, Instuction=2A771663, Mnemonic=bne x14, x7, 000002AC
../testbench/tb_cpu.vhd:316:15:@975ns:(report note): [REGS] x2=02000000 x3=00000002 x5=02000010 x6=02000010 x7=00FF00FF x14=00FF00FF x15=00FF00FF x28=F00FF00F 
../testbench/tb_cpu.vhd:311:13:@985ns:(report note): [INST] Addr=000000F4, Word=61, Instuction=00300193, Mnemonic=addi x3, x0, 00000003
../testbench/tb_cpu.vhd:316:15:@985ns:(report note): [REGS] x2=02000000 x3=00000003 x5=02000010 x6=02000010 x7=00FF00FF x14=00FF00FF x15=00FF00FF x28=F00FF00F 
../testbench/tb_cpu.vhd:311:13:@995ns:(report note): [INST] Addr=000000F8, Word=62, Instuction=FF0107B7, Mnemonic=lui x15, FF010000
../testbench/tb_cpu.vhd:316:15:@995ns:(report note): [REGS] x2=02000000 x3=00000003 x5=02000010 x6=02000010 x7=00FF00FF x14=00FF00FF x15=FF010000 x28=F00FF00F 
../testbench/tb_cpu.vhd:311:13:@1005ns:(report note): [INST] Addr=000000FC, Word=63, Instuction=F0078793, Mnemonic=addi x15, x15, FFFFFF00
../testbench/tb_cpu.vhd:316:15:@1005ns:(report note): [REGS] x2=02000000 x3=00000003 x5=02000010 x6=02000010 x7=00FF00FF x14=00FF00FF x15=FF00FF00 x28=F00FF00F 
../testbench/tb_cpu.vhd:311:13:@1015ns:(report note): [INST] Addr=00000100, Word=64, Instuction=02000117, Mnemonic=auipc x2, 02000000
../testbench/tb_cpu.vhd:316:15:@1015ns:(report note): [REGS] x2=02000100 x3=00000003 x5=02000010 x6=02000010 x7=00FF00FF x14=00FF00FF x15=FF00FF00 x28=F00FF00F 
../testbench/tb_cpu.vhd:311:13:@1025ns:(report note): [INST] Addr=00000104, Word=65, Instuction=F0010113, Mnemonic=addi x2, x2, FFFFFF00
../testbench/tb_cpu.vhd:316:15:@1025ns:(report note): [REGS] x2=02000000 x3=00000003 x5=02000010 x6=02000010 x7=00FF00FF x14=00FF00FF x15=FF00FF00 x28=F00FF00F 
../testbench/tb_cpu.vhd:311:13:@1035ns:(report note): [INST] Addr=00000108, Word=66, Instuction=00412703, Mnemonic=lw x14, 00000004(x2)
../testbench/tb_cpu.vhd:316:15:@1035ns:(report note): [REGS] x2=02000000 x3=00000003 x5=02000010 x6=02000010 x7=00FF00FF x14=FF00FF00 x15=FF00FF00 x28=F00FF00F 
../testbench/tb_cpu.vhd:321:13:@1035ns:(report note): [DATA] Addr=02000004, Word=8388609, WData=00000000, RData=FF00FF00
../testbench/tb_cpu.vhd:311:13:@1045ns:(report note): [INST] Addr=0000010C, Word=67, Instuction=FF0103B7, Mnemonic=lui x7, FF010000
../testbench/tb_cpu.vhd:316:15:@1045ns:(report note): [REGS] x2=02000000 x3=00000003 x5=02000010 x6=02000010 x7=FF010000 x14=FF00FF00 x15=FF00FF00 x28=F00FF00F 
../testbench/tb_cpu.vhd:311:13:@1055ns:(report note): [INST] Addr=00000110, Word=68, Instuction=F0038393, Mnemonic=addi x7, x7, FFFFFF00
../testbench/tb_cpu.vhd:316:15:@1055ns:(report note): [REGS] x2=02000000 x3=00000003 x5=02000010 x6=02000010 x7=FF00FF00 x14=FF00FF00 x15=FF00FF00 x28=F00FF00F 
../testbench/tb_cpu.vhd:311:13:@1065ns:(report note): [INST] Addr=00000114, Word=69, Instuction=28771463, Mnemonic=bne x14, x7, 00000288
../testbench/tb_cpu.vhd:316:15:@1065ns:(report note): [REGS] x2=02000000 x3=00000003 x5=02000010 x6=02000010 x7=FF00FF00 x14=FF00FF00 x15=FF00FF00 x28=F00FF00F 
../testbench/tb_cpu.vhd:311:13:@1075ns:(report note): [INST] Addr=00000118, Word=70, Instuction=00400193, Mnemonic=addi x3, x0, 00000004
../testbench/tb_cpu.vhd:316:15:@1075ns:(report note): [REGS] x2=02000000 x3=00000004 x5=02000010 x6=02000010 x7=FF00FF00 x14=FF00FF00 x15=FF00FF00 x28=F00FF00F 
../testbench/tb_cpu.vhd:311:13:@1085ns:(report note): [INST] Addr=0000011C, Word=71, Instuction=0FF017B7, Mnemonic=lui x15, 0FF01000
../testbench/tb_cpu.vhd:316:15:@1085ns:(report note): [REGS] x2=02000000 x3=00000004 x5=02000010 x6=02000010 x7=FF00FF00 x14=FF00FF00 x15=0FF01000 x28=F00FF00F 
../testbench/tb_cpu.vhd:311:13:@1095ns:(report note): [INST] Addr=00000120, Word=72, Instuction=FF078793, Mnemonic=addi x15, x15, FFFFFFF0
../testbench/tb_cpu.vhd:316:15:@1095ns:(report note): [REGS] x2=02000000 x3=00000004 x5=02000010 x6=02000010 x7=FF00FF00 x14=FF00FF00 x15=0FF00FF0 x28=F00FF00F 
../testbench/tb_cpu.vhd:311:13:@1105ns:(report note): [INST] Addr=00000124, Word=73, Instuction=02000117, Mnemonic=auipc x2, 02000000
../testbench/tb_cpu.vhd:316:15:@1105ns:(report note): [REGS] x2=02000124 x3=00000004 x5=02000010 x6=02000010 x7=FF00FF00 x14=FF00FF00 x15=0FF00FF0 x28=F00FF00F 
../testbench/tb_cpu.vhd:311:13:@1115ns:(report note): [INST] Addr=00000128, Word=74, Instuction=EDC10113, Mnemonic=addi x2, x2, FFFFFEDC
../testbench/tb_cpu.vhd:316:15:@1115ns:(report note): [REGS] x2=02000000 x3=00000004 x5=02000010 x6=02000010 x7=FF00FF00 x14=FF00FF00 x15=0FF00FF0 x28=F00FF00F 
../testbench/tb_cpu.vhd:311:13:@1125ns:(report note): [INST] Addr=0000012C, Word=75, Instuction=00812703, Mnemonic=lw x14, 00000008(x2)
../testbench/tb_cpu.vhd:316:15:@1125ns:(report note): [REGS] x2=02000000 x3=00000004 x5=02000010 x6=02000010 x7=FF00FF00 x14=0FF00FF0 x15=0FF00FF0 x28=F00FF00F 
../testbench/tb_cpu.vhd:321:13:@1125ns:(report note): [DATA] Addr=02000008, Word=8388610, WData=00000000, RData=0FF00FF0
../testbench/tb_cpu.vhd:311:13:@1135ns:(report note): [INST] Addr=00000130, Word=76, Instuction=0FF013B7, Mnemonic=lui x7, 0FF01000
../testbench/tb_cpu.vhd:316:15:@1135ns:(report note): [REGS] x2=02000000 x3=00000004 x5=02000010 x6=02000010 x7=0FF01000 x14=0FF00FF0 x15=0FF00FF0 x28=F00FF00F 
../testbench/tb_cpu.vhd:311:13:@1145ns:(report note): [INST] Addr=00000134, Word=77, Instuction=FF038393, Mnemonic=addi x7, x7, FFFFFFF0
../testbench/tb_cpu.vhd:316:15:@1145ns:(report note): [REGS] x2=02000000 x3=00000004 x5=02000010 x6=02000010 x7=0FF00FF0 x14=0FF00FF0 x15=0FF00FF0 x28=F00FF00F 
../testbench/tb_cpu.vhd:311:13:@1155ns:(report note): [INST] Addr=00000138, Word=78, Instuction=26771263, Mnemonic=bne x14, x7, 00000264
../testbench/tb_cpu.vhd:316:15:@1155ns:(report note): [REGS] x2=02000000 x3=00000004 x5=02000010 x6=02000010 x7=0FF00FF0 x14=0FF00FF0 x15=0FF00FF0 x28=F00FF00F 
../testbench/tb_cpu.vhd:311:13:@1165ns:(report note): [INST] Addr=0000013C, Word=79, Instuction=00500193, Mnemonic=addi x3, x0, 00000005
../testbench/tb_cpu.vhd:316:15:@1165ns:(report note): [REGS] x2=02000000 x3=00000005 x5=02000010 x6=02000010 x7=0FF00FF0 x14=0FF00FF0 x15=0FF00FF0 x28=F00FF00F 
../testbench/tb_cpu.vhd:311:13:@1175ns:(report note): [INST] Addr=00000140, Word=80, Instuction=F00FF7B7, Mnemonic=lui x15, F00FF000
../testbench/tb_cpu.vhd:316:15:@1175ns:(report note): [REGS] x2=02000000 x3=00000005 x5=02000010 x6=02000010 x7=0FF00FF0 x14=0FF00FF0 x15=F00FF000 x28=F00FF00F 
../testbench/tb_cpu.vhd:311:13:@1185ns:(report note): [INST] Addr=00000144, Word=81, Instuction=00F78793, Mnemonic=addi x15, x15, 0000000F
../testbench/tb_cpu.vhd:316:15:@1185ns:(report note): [REGS] x2=02000000 x3=00000005 x5=02000010 x6=02000010 x7=0FF00FF0 x14=0FF00FF0 x15=F00FF00F x28=F00FF00F 
../testbench/tb_cpu.vhd:311:13:@1195ns:(report note): [INST] Addr=00000148, Word=82, Instuction=02000117, Mnemonic=auipc x2, 02000000
../testbench/tb_cpu.vhd:316:15:@1195ns:(report note): [REGS] x2=02000148 x3=00000005 x5=02000010 x6=02000010 x7=0FF00FF0 x14=0FF00FF0 x15=F00FF00F x28=F00FF00F 
../testbench/tb_cpu.vhd:311:13:@1205ns:(report note): [INST] Addr=0000014C, Word=83, Instuction=EB810113, Mnemonic=addi x2, x2, FFFFFEB8
../testbench/tb_cpu.vhd:316:15:@1205ns:(report note): [REGS] x2=02000000 x3=00000005 x5=02000010 x6=02000010 x7=0FF00FF0 x14=0FF00FF0 x15=F00FF00F x28=F00FF00F 
../testbench/tb_cpu.vhd:311:13:@1215ns:(report note): [INST] Addr=00000150, Word=84, Instuction=00C12703, Mnemonic=lw x14, 0000000C(x2)
../testbench/tb_cpu.vhd:316:15:@1215ns:(report note): [REGS] x2=02000000 x3=00000005 x5=02000010 x6=02000010 x7=0FF00FF0 x14=F00FF00F x15=F00FF00F x28=F00FF00F 
../testbench/tb_cpu.vhd:321:13:@1215ns:(report note): [DATA] Addr=0200000C, Word=8388611, WData=00000000, RData=F00FF00F
../testbench/tb_cpu.vhd:311:13:@1225ns:(report note): [INST] Addr=00000154, Word=85, Instuction=F00FF3B7, Mnemonic=lui x7, F00FF000
../testbench/tb_cpu.vhd:316:15:@1225ns:(report note): [REGS] x2=02000000 x3=00000005 x5=02000010 x6=02000010 x7=F00FF000 x14=F00FF00F x15=F00FF00F x28=F00FF00F 
../testbench/tb_cpu.vhd:311:13:@1235ns:(report note): [INST] Addr=00000158, Word=86, Instuction=00F38393, Mnemonic=addi x7, x7, 0000000F
../testbench/tb_cpu.vhd:316:15:@1235ns:(report note): [REGS] x2=02000000 x3=00000005 x5=02000010 x6=02000010 x7=F00FF00F x14=F00FF00F x15=F00FF00F x28=F00FF00F 
../testbench/tb_cpu.vhd:311:13:@1245ns:(report note): [INST] Addr=0000015C, Word=87, Instuction=24771063, Mnemonic=bne x14, x7, 00000240
../testbench/tb_cpu.vhd:316:15:@1245ns:(report note): [REGS] x2=02000000 x3=00000005 x5=02000010 x6=02000010 x7=F00FF00F x14=F00FF00F x15=F00FF00F x28=F00FF00F 
../testbench/tb_cpu.vhd:311:13:@1255ns:(report note): [INST] Addr=00000160, Word=88, Instuction=00600193, Mnemonic=addi x3, x0, 00000006
../testbench/tb_cpu.vhd:316:15:@1255ns:(report note): [REGS] x2=02000000 x3=00000006 x5=02000010 x6=02000010 x7=F00FF00F x14=F00FF00F x15=F00FF00F x28=F00FF00F 
../testbench/tb_cpu.vhd:311:13:@1265ns:(report note): [INST] Addr=00000164, Word=89, Instuction=00FF07B7, Mnemonic=lui x15, 00FF0000
../testbench/tb_cpu.vhd:316:15:@1265ns:(report note): [REGS] x2=02000000 x3=00000006 x5=02000010 x6=02000010 x7=F00FF00F x14=F00FF00F x15=00FF0000 x28=F00FF00F 
../testbench/tb_cpu.vhd:311:13:@1275ns:(report note): [INST] Addr=00000168, Word=90, Instuction=0FF78793, Mnemonic=addi x15, x15, 000000FF
../testbench/tb_cpu.vhd:316:15:@1275ns:(report note): [REGS] x2=02000000 x3=00000006 x5=02000010 x6=02000010 x7=F00FF00F x14=F00FF00F x15=00FF00FF x28=F00FF00F 
../testbench/tb_cpu.vhd:311:13:@1285ns:(report note): [INST] Addr=0000016C, Word=91, Instuction=02000117, Mnemonic=auipc x2, 02000000
../testbench/tb_cpu.vhd:316:15:@1285ns:(report note): [REGS] x2=0200016C x3=00000006 x5=02000010 x6=02000010 x7=F00FF00F x14=F00FF00F x15=00FF00FF x28=F00FF00F 
../testbench/tb_cpu.vhd:311:13:@1295ns:(report note): [INST] Addr=00000170, Word=92, Instuction=EA010113, Mnemonic=addi x2, x2, FFFFFEA0
../testbench/tb_cpu.vhd:316:15:@1295ns:(report note): [REGS] x2=0200000C x3=00000006 x5=02000010 x6=02000010 x7=F00FF00F x14=F00FF00F x15=00FF00FF x28=F00FF00F 
../testbench/tb_cpu.vhd:311:13:@1305ns:(report note): [INST] Addr=00000174, Word=93, Instuction=FF412703, Mnemonic=lw x14, FFFFFFF4(x2)
../testbench/tb_cpu.vhd:316:15:@1305ns:(report note): [REGS] x2=0200000C x3=00000006 x5=02000010 x6=02000010 x7=F00FF00F x14=00FF00FF x15=00FF00FF x28=F00FF00F 
../testbench/tb_cpu.vhd:321:13:@1305ns:(report note): [DATA] Addr=02000000, Word=8388608, WData=00000000, RData=00FF00FF
../testbench/tb_cpu.vhd:311:13:@1315ns:(report note): [INST] Addr=00000178, Word=94, Instuction=00FF03B7, Mnemonic=lui x7, 00FF0000
../testbench/tb_cpu.vhd:316:15:@1315ns:(report note): [REGS] x2=0200000C x3=00000006 x5=02000010 x6=02000010 x7=00FF0000 x14=00FF00FF x15=00FF00FF x28=F00FF00F 
../testbench/tb_cpu.vhd:311:13:@1325ns:(report note): [INST] Addr=0000017C, Word=95, Instuction=0FF38393, Mnemonic=addi x7, x7, 000000FF
../testbench/tb_cpu.vhd:316:15:@1325ns:(report note): [REGS] x2=0200000C x3=00000006 x5=02000010 x6=02000010 x7=00FF00FF x14=00FF00FF x15=00FF00FF x28=F00FF00F 
../testbench/tb_cpu.vhd:311:13:@1335ns:(report note): [INST] Addr=00000180, Word=96, Instuction=20771E63, Mnemonic=bne x14, x7, 0000021C
../testbench/tb_cpu.vhd:316:15:@1335ns:(report note): [REGS] x2=0200000C x3=00000006 x5=02000010 x6=02000010 x7=00FF00FF x14=00FF00FF x15=00FF00FF x28=F00FF00F 
../testbench/tb_cpu.vhd:311:13:@1345ns:(report note): [INST] Addr=00000184, Word=97, Instuction=00700193, Mnemonic=addi x3, x0, 00000007
../testbench/tb_cpu.vhd:316:15:@1345ns:(report note): [REGS] x2=0200000C x3=00000007 x5=02000010 x6=02000010 x7=00FF00FF x14=00FF00FF x15=00FF00FF x28=F00FF00F 
../testbench/tb_cpu.vhd:311:13:@1355ns:(report note): [INST] Addr=00000188, Word=98, Instuction=FF0107B7, Mnemonic=lui x15, FF010000
../testbench/tb_cpu.vhd:316:15:@1355ns:(report note): [REGS] x2=0200000C x3=00000007 x5=02000010 x6=02000010 x7=00FF00FF x14=00FF00FF x15=FF010000 x28=F00FF00F 
../testbench/tb_cpu.vhd:311:13:@1365ns:(report note): [INST] Addr=0000018C, Word=99, Instuction=F0078793, Mnemonic=addi x15, x15, FFFFFF00
../testbench/tb_cpu.vhd:316:15:@1365ns:(report note): [REGS] x2=0200000C x3=00000007 x5=02000010 x6=02000010 x7=00FF00FF x14=00FF00FF x15=FF00FF00 x28=F00FF00F 
../testbench/tb_cpu.vhd:311:13:@1375ns:(report note): [INST] Addr=00000190, Word=100, Instuction=02000117, Mnemonic=auipc x2, 02000000
../testbench/tb_cpu.vhd:316:15:@1375ns:(report note): [REGS] x2=02000190 x3=00000007 x5=02000010 x6=02000010 x7=00FF00FF x14=00FF00FF x15=FF00FF00 x28=F00FF00F 
../testbench/tb_cpu.vhd:311:13:@1385ns:(report note): [INST] Addr=00000194, Word=101, Instuction=E7C10113, Mnemonic=addi x2, x2, FFFFFE7C
../testbench/tb_cpu.vhd:316:15:@1385ns:(report note): [REGS] x2=0200000C x3=00000007 x5=02000010 x6=02000010 x7=00FF00FF x14=00FF00FF x15=FF00FF00 x28=F00FF00F 
../testbench/tb_cpu.vhd:311:13:@1395ns:(report note): [INST] Addr=00000198, Word=102, Instuction=FF812703, Mnemonic=lw x14, FFFFFFF8(x2)
../testbench/tb_cpu.vhd:316:15:@1395ns:(report note): [REGS] x2=0200000C x3=00000007 x5=02000010 x6=02000010 x7=00FF00FF x14=FF00FF00 x15=FF00FF00 x28=F00FF00F 
../testbench/tb_cpu.vhd:321:13:@1395ns:(report note): [DATA] Addr=02000004, Word=8388609, WData=00000000, RData=FF00FF00
../testbench/tb_cpu.vhd:311:13:@1405ns:(report note): [INST] Addr=0000019C, Word=103, Instuction=FF0103B7, Mnemonic=lui x7, FF010000
../testbench/tb_cpu.vhd:316:15:@1405ns:(report note): [REGS] x2=0200000C x3=00000007 x5=02000010 x6=02000010 x7=FF010000 x14=FF00FF00 x15=FF00FF00 x28=F00FF00F 
../testbench/tb_cpu.vhd:311:13:@1415ns:(report note): [INST] Addr=000001A0, Word=104, Instuction=F0038393, Mnemonic=addi x7, x7, FFFFFF00
../testbench/tb_cpu.vhd:316:15:@1415ns:(report note): [REGS] x2=0200000C x3=00000007 x5=02000010 x6=02000010 x7=FF00FF00 x14=FF00FF00 x15=FF00FF00 x28=F00FF00F 
../testbench/tb_cpu.vhd:311:13:@1425ns:(report note): [INST] Addr=000001A4, Word=105, Instuction=1E771C63, Mnemonic=bne x14, x7, 000001F8
../testbench/tb_cpu.vhd:316:15:@1425ns:(report note): [REGS] x2=0200000C x3=00000007 x5=02000010 x6=02000010 x7=FF00FF00 x14=FF00FF00 x15=FF00FF00 x28=F00FF00F 
../testbench/tb_cpu.vhd:311:13:@1435ns:(report note): [INST] Addr=000001A8, Word=106, Instuction=00800193, Mnemonic=addi x3, x0, 00000008
../testbench/tb_cpu.vhd:316:15:@1435ns:(report note): [REGS] x2=0200000C x3=00000008 x5=02000010 x6=02000010 x7=FF00FF00 x14=FF00FF00 x15=FF00FF00 x28=F00FF00F 
../testbench/tb_cpu.vhd:311:13:@1445ns:(report note): [INST] Addr=000001AC, Word=107, Instuction=0FF017B7, Mnemonic=lui x15, 0FF01000
../testbench/tb_cpu.vhd:316:15:@1445ns:(report note): [REGS] x2=0200000C x3=00000008 x5=02000010 x6=02000010 x7=FF00FF00 x14=FF00FF00 x15=0FF01000 x28=F00FF00F 
../testbench/tb_cpu.vhd:311:13:@1455ns:(report note): [INST] Addr=000001B0, Word=108, Instuction=FF078793, Mnemonic=addi x15, x15, FFFFFFF0
../testbench/tb_cpu.vhd:316:15:@1455ns:(report note): [REGS] x2=0200000C x3=00000008 x5=02000010 x6=02000010 x7=FF00FF00 x14=FF00FF00 x15=0FF00FF0 x28=F00FF00F 
../testbench/tb_cpu.vhd:311:13:@1465ns:(report note): [INST] Addr=000001B4, Word=109, Instuction=02000117, Mnemonic=auipc x2, 02000000
../testbench/tb_cpu.vhd:316:15:@1465ns:(report note): [REGS] x2=020001B4 x3=00000008 x5=02000010 x6=02000010 x7=FF00FF00 x14=FF00FF00 x15=0FF00FF0 x28=F00FF00F 
../testbench/tb_cpu.vhd:311:13:@1475ns:(report note): [INST] Addr=000001B8, Word=110, Instuction=E5810113, Mnemonic=addi x2, x2, FFFFFE58
../testbench/tb_cpu.vhd:316:15:@1475ns:(report note): [REGS] x2=0200000C x3=00000008 x5=02000010 x6=02000010 x7=FF00FF00 x14=FF00FF00 x15=0FF00FF0 x28=F00FF00F 
../testbench/tb_cpu.vhd:311:13:@1485ns:(report note): [INST] Addr=000001BC, Word=111, Instuction=FFC12703, Mnemonic=lw x14, FFFFFFFC(x2)
../testbench/tb_cpu.vhd:316:15:@1485ns:(report note): [REGS] x2=0200000C x3=00000008 x5=02000010 x6=02000010 x7=FF00FF00 x14=0FF00FF0 x15=0FF00FF0 x28=F00FF00F 
../testbench/tb_cpu.vhd:321:13:@1485ns:(report note): [DATA] Addr=02000008, Word=8388610, WData=F00FF00F, RData=0FF00FF0
../testbench/tb_cpu.vhd:311:13:@1495ns:(report note): [INST] Addr=000001C0, Word=112, Instuction=0FF013B7, Mnemonic=lui x7, 0FF01000
../testbench/tb_cpu.vhd:316:15:@1495ns:(report note): [REGS] x2=0200000C x3=00000008 x5=02000010 x6=02000010 x7=0FF01000 x14=0FF00FF0 x15=0FF00FF0 x28=F00FF00F 
../testbench/tb_cpu.vhd:311:13:@1505ns:(report note): [INST] Addr=000001C4, Word=113, Instuction=FF038393, Mnemonic=addi x7, x7, FFFFFFF0
../testbench/tb_cpu.vhd:316:15:@1505ns:(report note): [REGS] x2=0200000C x3=00000008 x5=02000010 x6=02000010 x7=0FF00FF0 x14=0FF00FF0 x15=0FF00FF0 x28=F00FF00F 
../testbench/tb_cpu.vhd:311:13:@1515ns:(report note): [INST] Addr=000001C8, Word=114, Instuction=1C771A63, Mnemonic=bne x14, x7, 000001D4
../testbench/tb_cpu.vhd:316:15:@1515ns:(report note): [REGS] x2=0200000C x3=00000008 x5=02000010 x6=02000010 x7=0FF00FF0 x14=0FF00FF0 x15=0FF00FF0 x28=F00FF00F 
../testbench/tb_cpu.vhd:311:13:@1525ns:(report note): [INST] Addr=000001CC, Word=115, Instuction=00900193, Mnemonic=addi x3, x0, 00000009
../testbench/tb_cpu.vhd:316:15:@1525ns:(report note): [REGS] x2=0200000C x3=00000009 x5=02000010 x6=02000010 x7=0FF00FF0 x14=0FF00FF0 x15=0FF00FF0 x28=F00FF00F 
../testbench/tb_cpu.vhd:311:13:@1535ns:(report note): [INST] Addr=000001D0, Word=116, Instuction=F00FF7B7, Mnemonic=lui x15, F00FF000
../testbench/tb_cpu.vhd:316:15:@1535ns:(report note): [REGS] x2=0200000C x3=00000009 x5=02000010 x6=02000010 x7=0FF00FF0 x14=0FF00FF0 x15=F00FF000 x28=F00FF00F 
../testbench/tb_cpu.vhd:311:13:@1545ns:(report note): [INST] Addr=000001D4, Word=117, Instuction=00F78793, Mnemonic=addi x15, x15, 0000000F
../testbench/tb_cpu.vhd:316:15:@1545ns:(report note): [REGS] x2=0200000C x3=00000009 x5=02000010 x6=02000010 x7=0FF00FF0 x14=0FF00FF0 x15=F00FF00F x28=F00FF00F 
../testbench/tb_cpu.vhd:311:13:@1555ns:(report note): [INST] Addr=000001D8, Word=118, Instuction=02000117, Mnemonic=auipc x2, 02000000
../testbench/tb_cpu.vhd:316:15:@1555ns:(report note): [REGS] x2=020001D8 x3=00000009 x5=02000010 x6=02000010 x7=0FF00FF0 x14=0FF00FF0 x15=F00FF00F x28=F00FF00F 
../testbench/tb_cpu.vhd:311:13:@1565ns:(report note): [INST] Addr=000001DC, Word=119, Instuction=E3410113, Mnemonic=addi x2, x2, FFFFFE34
../testbench/tb_cpu.vhd:316:15:@1565ns:(report note): [REGS] x2=0200000C x3=00000009 x5=02000010 x6=02000010 x7=0FF00FF0 x14=0FF00FF0 x15=F00FF00F x28=F00FF00F 
../testbench/tb_cpu.vhd:311:13:@1575ns:(report note): [INST] Addr=000001E0, Word=120, Instuction=00012703, Mnemonic=lw x14, 00000000(x2)
../testbench/tb_cpu.vhd:316:15:@1575ns:(report note): [REGS] x2=0200000C x3=00000009 x5=02000010 x6=02000010 x7=0FF00FF0 x14=F00FF00F x15=F00FF00F x28=F00FF00F 
../testbench/tb_cpu.vhd:321:13:@1575ns:(report note): [DATA] Addr=0200000C, Word=8388611, WData=00000000, RData=F00FF00F
../testbench/tb_cpu.vhd:311:13:@1585ns:(report note): [INST] Addr=000001E4, Word=121, Instuction=F00FF3B7, Mnemonic=lui x7, F00FF000
../testbench/tb_cpu.vhd:316:15:@1585ns:(report note): [REGS] x2=0200000C x3=00000009 x5=02000010 x6=02000010 x7=F00FF000 x14=F00FF00F x15=F00FF00F x28=F00FF00F 
../testbench/tb_cpu.vhd:311:13:@1595ns:(report note): [INST] Addr=000001E8, Word=122, Instuction=00F38393, Mnemonic=addi x7, x7, 0000000F
../testbench/tb_cpu.vhd:316:15:@1595ns:(report note): [REGS] x2=0200000C x3=00000009 x5=02000010 x6=02000010 x7=F00FF00F x14=F00FF00F x15=F00FF00F x28=F00FF00F 
../testbench/tb_cpu.vhd:311:13:@1605ns:(report note): [INST] Addr=000001EC, Word=123, Instuction=1A771863, Mnemonic=bne x14, x7, 000001B0
../testbench/tb_cpu.vhd:316:15:@1605ns:(report note): [REGS] x2=0200000C x3=00000009 x5=02000010 x6=02000010 x7=F00FF00F x14=F00FF00F x15=F00FF00F x28=F00FF00F 
../testbench/tb_cpu.vhd:311:13:@1615ns:(report note): [INST] Addr=000001F0, Word=124, Instuction=00A00193, Mnemonic=addi x3, x0, 0000000A
../testbench/tb_cpu.vhd:316:15:@1615ns:(report note): [REGS] x2=0200000C x3=0000000A x5=02000010 x6=02000010 x7=F00FF00F x14=F00FF00F x15=F00FF00F x28=F00FF00F 
../testbench/tb_cpu.vhd:311:13:@1625ns:(report note): [INST] Addr=000001F4, Word=125, Instuction=02000097, Mnemonic=auipc x1, 02000000
../testbench/tb_cpu.vhd:316:15:@1625ns:(report note): [REGS] x1=020001F4 x2=0200000C x3=0000000A x5=02000010 x6=02000010 x7=F00FF00F x14=F00FF00F x15=F00FF00F x28=F00FF00F 
../testbench/tb_cpu.vhd:311:13:@1635ns:(report note): [INST] Addr=000001F8, Word=126, Instuction=E0C08093, Mnemonic=addi x1, x1, FFFFFE0C
../testbench/tb_cpu.vhd:316:15:@1635ns:(report note): [REGS] x1=02000000 x2=0200000C x3=0000000A x5=02000010 x6=02000010 x7=F00FF00F x14=F00FF00F x15=F00FF00F x28=F00FF00F 
../testbench/tb_cpu.vhd:311:13:@1645ns:(report note): [INST] Addr=000001FC, Word=127, Instuction=FE008093, Mnemonic=addi x1, x1, FFFFFFE0
../testbench/tb_cpu.vhd:316:15:@1645ns:(report note): [REGS] x1=01FFFFE0 x2=0200000C x3=0000000A x5=02000010 x6=02000010 x7=F00FF00F x14=F00FF00F x15=F00FF00F x28=F00FF00F 
../testbench/tb_cpu.vhd:311:13:@1655ns:(report note): [INST] Addr=00000200, Word=128, Instuction=0200A283, Mnemonic=lw x5, 00000020(x1)
../testbench/tb_cpu.vhd:316:15:@1655ns:(report note): [REGS] x1=01FFFFE0 x2=0200000C x3=0000000A x5=00FF00FF x6=02000010 x7=F00FF00F x14=F00FF00F x15=F00FF00F x28=F00FF00F 
../testbench/tb_cpu.vhd:321:13:@1655ns:(report note): [DATA] Addr=02000000, Word=8388608, WData=00000000, RData=00FF00FF
../testbench/tb_cpu.vhd:311:13:@1665ns:(report note): [INST] Addr=00000204, Word=129, Instuction=00FF03B7, Mnemonic=lui x7, 00FF0000
../testbench/tb_cpu.vhd:316:15:@1665ns:(report note): [REGS] x1=01FFFFE0 x2=0200000C x3=0000000A x5=00FF00FF x6=02000010 x7=00FF0000 x14=F00FF00F x15=F00FF00F x28=F00FF00F 
../testbench/tb_cpu.vhd:311:13:@1675ns:(report note): [INST] Addr=00000208, Word=130, Instuction=0FF38393, Mnemonic=addi x7, x7, 000000FF
../testbench/tb_cpu.vhd:316:15:@1675ns:(report note): [REGS] x1=01FFFFE0 x2=0200000C x3=0000000A x5=00FF00FF x6=02000010 x7=00FF00FF x14=F00FF00F x15=F00FF00F x28=F00FF00F 
../testbench/tb_cpu.vhd:311:13:@1685ns:(report note): [INST] Addr=0000020C, Word=131, Instuction=18729863, Mnemonic=bne x5, x7, 00000190
../testbench/tb_cpu.vhd:316:15:@1685ns:(report note): [REGS] x1=01FFFFE0 x2=0200000C x3=0000000A x5=00FF00FF x6=02000010 x7=00FF00FF x14=F00FF00F x15=F00FF00F x28=F00FF00F 
../testbench/tb_cpu.vhd:311:13:@1695ns:(report note): [INST] Addr=00000210, Word=132, Instuction=00B00193, Mnemonic=addi x3, x0, 0000000B
../testbench/tb_cpu.vhd:316:15:@1695ns:(report note): [REGS] x1=01FFFFE0 x2=0200000C x3=0000000B x5=00FF00FF x6=02000010 x7=00FF00FF x14=F00FF00F x15=F00FF00F x28=F00FF00F 
../testbench/tb_cpu.vhd:311:13:@1705ns:(report note): [INST] Addr=00000214, Word=133, Instuction=02000097, Mnemonic=auipc x1, 02000000
../testbench/tb_cpu.vhd:316:15:@1705ns:(report note): [REGS] x1=02000214 x2=0200000C x3=0000000B x5=00FF00FF x6=02000010 x7=00FF00FF x14=F00FF00F x15=F00FF00F x28=F00FF00F 
../testbench/tb_cpu.vhd:311:13:@1715ns:(report note): [INST] Addr=00000218, Word=134, Instuction=DEC08093, Mnemonic=addi x1, x1, FFFFFDEC
../testbench/tb_cpu.vhd:316:15:@1715ns:(report note): [REGS] x1=02000000 x2=0200000C x3=0000000B x5=00FF00FF x6=02000010 x7=00FF00FF x14=F00FF00F x15=F00FF00F x28=F00FF00F 
../testbench/tb_cpu.vhd:311:13:@1725ns:(report note): [INST] Addr=0000021C, Word=135, Instuction=FFD08093, Mnemonic=addi x1, x1, FFFFFFFD
../testbench/tb_cpu.vhd:316:15:@1725ns:(report note): [REGS] x1=01FFFFFD x2=0200000C x3=0000000B x5=00FF00FF x6=02000010 x7=00FF00FF x14=F00FF00F x15=F00FF00F x28=F00FF00F 
../testbench/tb_cpu.vhd:311:13:@1735ns:(report note): [INST] Addr=00000220, Word=136, Instuction=0070A283, Mnemonic=lw x5, 00000007(x1)
../testbench/tb_cpu.vhd:316:15:@1735ns:(report note): [REGS] x1=01FFFFFD x2=0200000C x3=0000000B x5=FF00FF00 x6=02000010 x7=00FF00FF x14=F00FF00F x15=F00FF00F x28=F00FF00F 
../testbench/tb_cpu.vhd:321:13:@1735ns:(report note): [DATA] Addr=02000004, Word=8388609, WData=00FF00FF, RData=FF00FF00
../testbench/tb_cpu.vhd:311:13:@1745ns:(report note): [INST] Addr=00000224, Word=137, Instuction=FF0103B7, Mnemonic=lui x7, FF010000
../testbench/tb_cpu.vhd:316:15:@1745ns:(report note): [REGS] x1=01FFFFFD x2=0200000C x3=0000000B x5=FF00FF00 x6=02000010 x7=FF010000 x14=F00FF00F x15=F00FF00F x28=F00FF00F 
../testbench/tb_cpu.vhd:311:13:@1755ns:(report note): [INST] Addr=00000228, Word=138, Instuction=F0038393, Mnemonic=addi x7, x7, FFFFFF00
../testbench/tb_cpu.vhd:316:15:@1755ns:(report note): [REGS] x1=01FFFFFD x2=0200000C x3=0000000B x5=FF00FF00 x6=02000010 x7=FF00FF00 x14=F00FF00F x15=F00FF00F x28=F00FF00F 
../testbench/tb_cpu.vhd:311:13:@1765ns:(report note): [INST] Addr=0000022C, Word=139, Instuction=16729863, Mnemonic=bne x5, x7, 00000170
../testbench/tb_cpu.vhd:316:15:@1765ns:(report note): [REGS] x1=01FFFFFD x2=0200000C x3=0000000B x5=FF00FF00 x6=02000010 x7=FF00FF00 x14=F00FF00F x15=F00FF00F x28=F00FF00F 
../testbench/tb_cpu.vhd:311:13:@1775ns:(report note): [INST] Addr=00000230, Word=140, Instuction=00C00193, Mnemonic=addi x3, x0, 0000000C
../testbench/tb_cpu.vhd:316:15:@1775ns:(report note): [REGS] x1=01FFFFFD x2=0200000C x3=0000000C x5=FF00FF00 x6=02000010 x7=FF00FF00 x14=F00FF00F x15=F00FF00F x28=F00FF00F 
../testbench/tb_cpu.vhd:311:13:@1785ns:(report note): [INST] Addr=00000234, Word=141, Instuction=00000213, Mnemonic=addi x4, x0, 00000000
../testbench/tb_cpu.vhd:316:15:@1785ns:(report note): [REGS] x1=01FFFFFD x2=0200000C x3=0000000C x5=FF00FF00 x6=02000010 x7=FF00FF00 x14=F00FF00F x15=F00FF00F x28=F00FF00F 
../testbench/tb_cpu.vhd:311:13:@1795ns:(report note): [INST] Addr=00000238, Word=142, Instuction=02000697, Mnemonic=auipc x13, 02000000
../testbench/tb_cpu.vhd:316:15:@1795ns:(report note): [REGS] x1=01FFFFFD x2=0200000C x3=0000000C x5=FF00FF00 x6=02000010 x7=FF00FF00 x13=02000238 x14=F00FF00F x15=F00FF00F x28=F00FF00F 
../testbench/tb_cpu.vhd:311:13:@1805ns:(report note): [INST] Addr=0000023C, Word=143, Instuction=DCC68693, Mnemonic=addi x13, x13, FFFFFDCC
../testbench/tb_cpu.vhd:316:15:@1805ns:(report note): [REGS] x1=01FFFFFD x2=0200000C x3=0000000C x5=FF00FF00 x6=02000010 x7=FF00FF00 x13=02000004 x14=F00FF00F x15=F00FF00F x28=F00FF00F 
../testbench/tb_cpu.vhd:311:13:@1815ns:(report note): [INST] Addr=00000240, Word=144, Instuction=0046A703, Mnemonic=lw x14, 00000004(x13)
../testbench/tb_cpu.vhd:316:15:@1815ns:(report note): [REGS] x1=01FFFFFD x2=0200000C x3=0000000C x5=FF00FF00 x6=02000010 x7=FF00FF00 x13=02000004 x14=0FF00FF0 x15=F00FF00F x28=F00FF00F 
../testbench/tb_cpu.vhd:321:13:@1815ns:(report note): [DATA] Addr=02000008, Word=8388610, WData=00000000, RData=0FF00FF0
../testbench/tb_cpu.vhd:311:13:@1825ns:(report note): [INST] Addr=00000244, Word=145, Instuction=00070313, Mnemonic=addi x6, x14, 00000000
../testbench/tb_cpu.vhd:316:15:@1825ns:(report note): [REGS] x1=01FFFFFD x2=0200000C x3=0000000C x5=FF00FF00 x6=0FF00FF0 x7=FF00FF00 x13=02000004 x14=0FF00FF0 x15=F00FF00F x28=F00FF00F 
../testbench/tb_cpu.vhd:311:13:@1835ns:(report note): [INST] Addr=00000248, Word=146, Instuction=0FF013B7, Mnemonic=lui x7, 0FF01000
../testbench/tb_cpu.vhd:316:15:@1835ns:(report note): [REGS] x1=01FFFFFD x2=0200000C x3=0000000C x5=FF00FF00 x6=0FF00FF0 x7=0FF01000 x13=02000004 x14=0FF00FF0 x15=F00FF00F x28=F00FF00F 
../testbench/tb_cpu.vhd:311:13:@1845ns:(report note): [INST] Addr=0000024C, Word=147, Instuction=FF038393, Mnemonic=addi x7, x7, FFFFFFF0
../testbench/tb_cpu.vhd:316:15:@1845ns:(report note): [REGS] x1=01FFFFFD x2=0200000C x3=0000000C x5=FF00FF00 x6=0FF00FF0 x7=0FF00FF0 x13=02000004 x14=0FF00FF0 x15=F00FF00F x28=F00FF00F 
../testbench/tb_cpu.vhd:311:13:@1855ns:(report note): [INST] Addr=00000250, Word=148, Instuction=14731663, Mnemonic=bne x6, x7, 0000014C
../testbench/tb_cpu.vhd:316:15:@1855ns:(report note): [REGS] x1=01FFFFFD x2=0200000C x3=0000000C x5=FF00FF00 x6=0FF00FF0 x7=0FF00FF0 x13=02000004 x14=0FF00FF0 x15=F00FF00F x28=F00FF00F 
../testbench/tb_cpu.vhd:311:13:@1865ns:(report note): [INST] Addr=00000254, Word=149, Instuction=00120213, Mnemonic=addi x4, x4, 00000001
../testbench/tb_cpu.vhd:316:15:@1865ns:(report note): [REGS] x1=01FFFFFD x2=0200000C x3=0000000C x4=00000001 x5=FF00FF00 x6=0FF00FF0 x7=0FF00FF0 x13=02000004 x14=0FF00FF0 x15=F00FF00F x28=F00FF00F 
../testbench/tb_cpu.vhd:311:13:@1875ns:(report note): [INST] Addr=00000258, Word=150, Instuction=00200293, Mnemonic=addi x5, x0, 00000002
../testbench/tb_cpu.vhd:316:15:@1875ns:(report note): [REGS] x1=01FFFFFD x2=0200000C x3=0000000C x4=00000001 x5=00000002 x6=0FF00FF0 x7=0FF00FF0 x13=02000004 x14=0FF00FF0 x15=F00FF00F x28=F00FF00F 
../testbench/tb_cpu.vhd:311:13:@1885ns:(report note): [INST] Addr=0000025C, Word=151, Instuction=FC521EE3, Mnemonic=bne x4, x5, FFFFFFDC
../testbench/tb_cpu.vhd:316:15:@1885ns:(report note): [REGS] x1=01FFFFFD x2=0200000C x3=0000000C x4=00000001 x5=00000002 x6=0FF00FF0 x7=0FF00FF0 x13=02000004 x14=0FF00FF0 x15=F00FF00F x28=F00FF00F 
../testbench/tb_cpu.vhd:311:13:@1895ns:(report note): [INST] Addr=00000238, Word=142, Instuction=02000697, Mnemonic=auipc x13, 02000000
../testbench/tb_cpu.vhd:316:15:@1895ns:(report note): [REGS] x1=01FFFFFD x2=0200000C x3=0000000C x4=00000001 x5=00000002 x6=0FF00FF0 x7=0FF00FF0 x13=02000238 x14=0FF00FF0 x15=F00FF00F x28=F00FF00F 
../testbench/tb_cpu.vhd:311:13:@1905ns:(report note): [INST] Addr=0000023C, Word=143, Instuction=DCC68693, Mnemonic=addi x13, x13, FFFFFDCC
../testbench/tb_cpu.vhd:316:15:@1905ns:(report note): [REGS] x1=01FFFFFD x2=0200000C x3=0000000C x4=00000001 x5=00000002 x6=0FF00FF0 x7=0FF00FF0 x13=02000004 x14=0FF00FF0 x15=F00FF00F x28=F00FF00F 
../testbench/tb_cpu.vhd:311:13:@1915ns:(report note): [INST] Addr=00000240, Word=144, Instuction=0046A703, Mnemonic=lw x14, 00000004(x13)
../testbench/tb_cpu.vhd:316:15:@1915ns:(report note): [REGS] x1=01FFFFFD x2=0200000C x3=0000000C x4=00000001 x5=00000002 x6=0FF00FF0 x7=0FF00FF0 x13=02000004 x14=0FF00FF0 x15=F00FF00F x28=F00FF00F 
../testbench/tb_cpu.vhd:321:13:@1915ns:(report note): [DATA] Addr=02000008, Word=8388610, WData=00000001, RData=0FF00FF0
../testbench/tb_cpu.vhd:311:13:@1925ns:(report note): [INST] Addr=00000244, Word=145, Instuction=00070313, Mnemonic=addi x6, x14, 00000000
../testbench/tb_cpu.vhd:316:15:@1925ns:(report note): [REGS] x1=01FFFFFD x2=0200000C x3=0000000C x4=00000001 x5=00000002 x6=0FF00FF0 x7=0FF00FF0 x13=02000004 x14=0FF00FF0 x15=F00FF00F x28=F00FF00F 
../testbench/tb_cpu.vhd:311:13:@1935ns:(report note): [INST] Addr=00000248, Word=146, Instuction=0FF013B7, Mnemonic=lui x7, 0FF01000
../testbench/tb_cpu.vhd:316:15:@1935ns:(report note): [REGS] x1=01FFFFFD x2=0200000C x3=0000000C x4=00000001 x5=00000002 x6=0FF00FF0 x7=0FF01000 x13=02000004 x14=0FF00FF0 x15=F00FF00F x28=F00FF00F 
../testbench/tb_cpu.vhd:311:13:@1945ns:(report note): [INST] Addr=0000024C, Word=147, Instuction=FF038393, Mnemonic=addi x7, x7, FFFFFFF0
../testbench/tb_cpu.vhd:316:15:@1945ns:(report note): [REGS] x1=01FFFFFD x2=0200000C x3=0000000C x4=00000001 x5=00000002 x6=0FF00FF0 x7=0FF00FF0 x13=02000004 x14=0FF00FF0 x15=F00FF00F x28=F00FF00F 
../testbench/tb_cpu.vhd:311:13:@1955ns:(report note): [INST] Addr=00000250, Word=148, Instuction=14731663, Mnemonic=bne x6, x7, 0000014C
../testbench/tb_cpu.vhd:316:15:@1955ns:(report note): [REGS] x1=01FFFFFD x2=0200000C x3=0000000C x4=00000001 x5=00000002 x6=0FF00FF0 x7=0FF00FF0 x13=02000004 x14=0FF00FF0 x15=F00FF00F x28=F00FF00F 
../testbench/tb_cpu.vhd:311:13:@1965ns:(report note): [INST] Addr=00000254, Word=149, Instuction=00120213, Mnemonic=addi x4, x4, 00000001
../testbench/tb_cpu.vhd:316:15:@1965ns:(report note): [REGS] x1=01FFFFFD x2=0200000C x3=0000000C x4=00000002 x5=00000002 x6=0FF00FF0 x7=0FF00FF0 x13=02000004 x14=0FF00FF0 x15=F00FF00F x28=F00FF00F 
../testbench/tb_cpu.vhd:311:13:@1975ns:(report note): [INST] Addr=00000258, Word=150, Instuction=00200293, Mnemonic=addi x5, x0, 00000002
../testbench/tb_cpu.vhd:316:15:@1975ns:(report note): [REGS] x1=01FFFFFD x2=0200000C x3=0000000C x4=00000002 x5=00000002 x6=0FF00FF0 x7=0FF00FF0 x13=02000004 x14=0FF00FF0 x15=F00FF00F x28=F00FF00F 
../testbench/tb_cpu.vhd:311:13:@1985ns:(report note): [INST] Addr=0000025C, Word=151, Instuction=FC521EE3, Mnemonic=bne x4, x5, FFFFFFDC
../testbench/tb_cpu.vhd:316:15:@1985ns:(report note): [REGS] x1=01FFFFFD x2=0200000C x3=0000000C x4=00000002 x5=00000002 x6=0FF00FF0 x7=0FF00FF0 x13=02000004 x14=0FF00FF0 x15=F00FF00F x28=F00FF00F 
../testbench/tb_cpu.vhd:311:13:@1995ns:(report note): [INST] Addr=00000260, Word=152, Instuction=00D00193, Mnemonic=addi x3, x0, 0000000D
../testbench/tb_cpu.vhd:316:15:@1995ns:(report note): [REGS] x1=01FFFFFD x2=0200000C x3=0000000D x4=00000002 x5=00000002 x6=0FF00FF0 x7=0FF00FF0 x13=02000004 x14=0FF00FF0 x15=F00FF00F x28=F00FF00F 
../testbench/tb_cpu.vhd:311:13:@2005ns:(report note): [INST] Addr=00000264, Word=153, Instuction=00000213, Mnemonic=addi x4, x0, 00000000
../testbench/tb_cpu.vhd:316:15:@2005ns:(report note): [REGS] x1=01FFFFFD x2=0200000C x3=0000000D x5=00000002 x6=0FF00FF0 x7=0FF00FF0 x13=02000004 x14=0FF00FF0 x15=F00FF00F x28=F00FF00F 
../testbench/tb_cpu.vhd:311:13:@2015ns:(report note): [INST] Addr=00000268, Word=154, Instuction=02000697, Mnemonic=auipc x13, 02000000
../testbench/tb_cpu.vhd:316:15:@2015ns:(report note): [REGS] x1=01FFFFFD x2=0200000C x3=0000000D x5=00000002 x6=0FF00FF0 x7=0FF00FF0 x13=02000268 x14=0FF00FF0 x15=F00FF00F x28=F00FF00F 
../testbench/tb_cpu.vhd:311:13:@2025ns:(report note): [INST] Addr=0000026C, Word=155, Instuction=DA068693, Mnemonic=addi x13, x13, FFFFFDA0
../testbench/tb_cpu.vhd:316:15:@2025ns:(report note): [REGS] x1=01FFFFFD x2=0200000C x3=0000000D x5=00000002 x6=0FF00FF0 x7=0FF00FF0 x13=02000008 x14=0FF00FF0 x15=F00FF00F x28=F00FF00F 
../testbench/tb_cpu.vhd:311:13:@2035ns:(report note): [INST] Addr=00000270, Word=156, Instuction=0046A703, Mnemonic=lw x14, 00000004(x13)
../testbench/tb_cpu.vhd:316:15:@2035ns:(report note): [REGS] x1=01FFFFFD x2=0200000C x3=0000000D x5=00000002 x6=0FF00FF0 x7=0FF00FF0 x13=02000008 x14=F00FF00F x15=F00FF00F x28=F00FF00F 
../testbench/tb_cpu.vhd:321:13:@2035ns:(report note): [DATA] Addr=0200000C, Word=8388611, WData=00000000, RData=F00FF00F
../testbench/tb_cpu.vhd:311:13:@2045ns:(report note): [INST] Addr=00000274, Word=157, Instuction=00000013, Mnemonic=addi x0, x0, 00000000
../testbench/tb_cpu.vhd:316:15:@2045ns:(report note): [REGS] x1=01FFFFFD x2=0200000C x3=0000000D x5=00000002 x6=0FF00FF0 x7=0FF00FF0 x13=02000008 x14=F00FF00F x15=F00FF00F x28=F00FF00F 
../testbench/tb_cpu.vhd:311:13:@2055ns:(report note): [INST] Addr=00000278, Word=158, Instuction=00070313, Mnemonic=addi x6, x14, 00000000
../testbench/tb_cpu.vhd:316:15:@2055ns:(report note): [REGS] x1=01FFFFFD x2=0200000C x3=0000000D x5=00000002 x6=F00FF00F x7=0FF00FF0 x13=02000008 x14=F00FF00F x15=F00FF00F x28=F00FF00F 
../testbench/tb_cpu.vhd:311:13:@2065ns:(report note): [INST] Addr=0000027C, Word=159, Instuction=F00FF3B7, Mnemonic=lui x7, F00FF000
../testbench/tb_cpu.vhd:316:15:@2065ns:(report note): [REGS] x1=01FFFFFD x2=0200000C x3=0000000D x5=00000002 x6=F00FF00F x7=F00FF000 x13=02000008 x14=F00FF00F x15=F00FF00F x28=F00FF00F 
../testbench/tb_cpu.vhd:311:13:@2075ns:(report note): [INST] Addr=00000280, Word=160, Instuction=00F38393, Mnemonic=addi x7, x7, 0000000F
../testbench/tb_cpu.vhd:316:15:@2075ns:(report note): [REGS] x1=01FFFFFD x2=0200000C x3=0000000D x5=00000002 x6=F00FF00F x7=F00FF00F x13=02000008 x14=F00FF00F x15=F00FF00F x28=F00FF00F 
../testbench/tb_cpu.vhd:311:13:@2085ns:(report note): [INST] Addr=00000284, Word=161, Instuction=10731C63, Mnemonic=bne x6, x7, 00000118
../testbench/tb_cpu.vhd:316:15:@2085ns:(report note): [REGS] x1=01FFFFFD x2=0200000C x3=0000000D x5=00000002 x6=F00FF00F x7=F00FF00F x13=02000008 x14=F00FF00F x15=F00FF00F x28=F00FF00F 
../testbench/tb_cpu.vhd:311:13:@2095ns:(report note): [INST] Addr=00000288, Word=162, Instuction=00120213, Mnemonic=addi x4, x4, 00000001
../testbench/tb_cpu.vhd:316:15:@2095ns:(report note): [REGS] x1=01FFFFFD x2=0200000C x3=0000000D x4=00000001 x5=00000002 x6=F00FF00F x7=F00FF00F x13=02000008 x14=F00FF00F x15=F00FF00F x28=F00FF00F 
../testbench/tb_cpu.vhd:311:13:@2105ns:(report note): [INST] Addr=0000028C, Word=163, Instuction=00200293, Mnemonic=addi x5, x0, 00000002
../testbench/tb_cpu.vhd:316:15:@2105ns:(report note): [REGS] x1=01FFFFFD x2=0200000C x3=0000000D x4=00000001 x5=00000002 x6=F00FF00F x7=F00FF00F x13=02000008 x14=F00FF00F x15=F00FF00F x28=F00FF00F 
../testbench/tb_cpu.vhd:311:13:@2115ns:(report note): [INST] Addr=00000290, Word=164, Instuction=FC521CE3, Mnemonic=bne x4, x5, FFFFFFD8
../testbench/tb_cpu.vhd:316:15:@2115ns:(report note): [REGS] x1=01FFFFFD x2=0200000C x3=0000000D x4=00000001 x5=00000002 x6=F00FF00F x7=F00FF00F x13=02000008 x14=F00FF00F x15=F00FF00F x28=F00FF00F 
../testbench/tb_cpu.vhd:311:13:@2125ns:(report note): [INST] Addr=00000268, Word=154, Instuction=02000697, Mnemonic=auipc x13, 02000000
../testbench/tb_cpu.vhd:316:15:@2125ns:(report note): [REGS] x1=01FFFFFD x2=0200000C x3=0000000D x4=00000001 x5=00000002 x6=F00FF00F x7=F00FF00F x13=02000268 x14=F00FF00F x15=F00FF00F x28=F00FF00F 
../testbench/tb_cpu.vhd:311:13:@2135ns:(report note): [INST] Addr=0000026C, Word=155, Instuction=DA068693, Mnemonic=addi x13, x13, FFFFFDA0
../testbench/tb_cpu.vhd:316:15:@2135ns:(report note): [REGS] x1=01FFFFFD x2=0200000C x3=0000000D x4=00000001 x5=00000002 x6=F00FF00F x7=F00FF00F x13=02000008 x14=F00FF00F x15=F00FF00F x28=F00FF00F 
../testbench/tb_cpu.vhd:311:13:@2145ns:(report note): [INST] Addr=00000270, Word=156, Instuction=0046A703, Mnemonic=lw x14, 00000004(x13)
../testbench/tb_cpu.vhd:316:15:@2145ns:(report note): [REGS] x1=01FFFFFD x2=0200000C x3=0000000D x4=00000001 x5=00000002 x6=F00FF00F x7=F00FF00F x13=02000008 x14=F00FF00F x15=F00FF00F x28=F00FF00F 
../testbench/tb_cpu.vhd:321:13:@2145ns:(report note): [DATA] Addr=0200000C, Word=8388611, WData=00000001, RData=F00FF00F
../testbench/tb_cpu.vhd:311:13:@2155ns:(report note): [INST] Addr=00000274, Word=157, Instuction=00000013, Mnemonic=addi x0, x0, 00000000
../testbench/tb_cpu.vhd:316:15:@2155ns:(report note): [REGS] x1=01FFFFFD x2=0200000C x3=0000000D x4=00000001 x5=00000002 x6=F00FF00F x7=F00FF00F x13=02000008 x14=F00FF00F x15=F00FF00F x28=F00FF00F 
../testbench/tb_cpu.vhd:311:13:@2165ns:(report note): [INST] Addr=00000278, Word=158, Instuction=00070313, Mnemonic=addi x6, x14, 00000000
../testbench/tb_cpu.vhd:316:15:@2165ns:(report note): [REGS] x1=01FFFFFD x2=0200000C x3=0000000D x4=00000001 x5=00000002 x6=F00FF00F x7=F00FF00F x13=02000008 x14=F00FF00F x15=F00FF00F x28=F00FF00F 
../testbench/tb_cpu.vhd:311:13:@2175ns:(report note): [INST] Addr=0000027C, Word=159, Instuction=F00FF3B7, Mnemonic=lui x7, F00FF000
../testbench/tb_cpu.vhd:316:15:@2175ns:(report note): [REGS] x1=01FFFFFD x2=0200000C x3=0000000D x4=00000001 x5=00000002 x6=F00FF00F x7=F00FF000 x13=02000008 x14=F00FF00F x15=F00FF00F x28=F00FF00F 
../testbench/tb_cpu.vhd:311:13:@2185ns:(report note): [INST] Addr=00000280, Word=160, Instuction=00F38393, Mnemonic=addi x7, x7, 0000000F
../testbench/tb_cpu.vhd:316:15:@2185ns:(report note): [REGS] x1=01FFFFFD x2=0200000C x3=0000000D x4=00000001 x5=00000002 x6=F00FF00F x7=F00FF00F x13=02000008 x14=F00FF00F x15=F00FF00F x28=F00FF00F 
../testbench/tb_cpu.vhd:311:13:@2195ns:(report note): [INST] Addr=00000284, Word=161, Instuction=10731C63, Mnemonic=bne x6, x7, 00000118
../testbench/tb_cpu.vhd:316:15:@2195ns:(report note): [REGS] x1=01FFFFFD x2=0200000C x3=0000000D x4=00000001 x5=00000002 x6=F00FF00F x7=F00FF00F x13=02000008 x14=F00FF00F x15=F00FF00F x28=F00FF00F 
../testbench/tb_cpu.vhd:311:13:@2205ns:(report note): [INST] Addr=00000288, Word=162, Instuction=00120213, Mnemonic=addi x4, x4, 00000001
../testbench/tb_cpu.vhd:316:15:@2205ns:(report note): [REGS] x1=01FFFFFD x2=0200000C x3=0000000D x4=00000002 x5=00000002 x6=F00FF00F x7=F00FF00F x13=02000008 x14=F00FF00F x15=F00FF00F x28=F00FF00F 
../testbench/tb_cpu.vhd:311:13:@2215ns:(report note): [INST] Addr=0000028C, Word=163, Instuction=00200293, Mnemonic=addi x5, x0, 00000002
../testbench/tb_cpu.vhd:316:15:@2215ns:(report note): [REGS] x1=01FFFFFD x2=0200000C x3=0000000D x4=00000002 x5=00000002 x6=F00FF00F x7=F00FF00F x13=02000008 x14=F00FF00F x15=F00FF00F x28=F00FF00F 
../testbench/tb_cpu.vhd:311:13:@2225ns:(report note): [INST] Addr=00000290, Word=164, Instuction=FC521CE3, Mnemonic=bne x4, x5, FFFFFFD8
../testbench/tb_cpu.vhd:316:15:@2225ns:(report note): [REGS] x1=01FFFFFD x2=0200000C x3=0000000D x4=00000002 x5=00000002 x6=F00FF00F x7=F00FF00F x13=02000008 x14=F00FF00F x15=F00FF00F x28=F00FF00F 
../testbench/tb_cpu.vhd:311:13:@2235ns:(report note): [INST] Addr=00000294, Word=165, Instuction=00E00193, Mnemonic=addi x3, x0, 0000000E
../testbench/tb_cpu.vhd:316:15:@2235ns:(report note): [REGS] x1=01FFFFFD x2=0200000C x3=0000000E x4=00000002 x5=00000002 x6=F00FF00F x7=F00FF00F x13=02000008 x14=F00FF00F x15=F00FF00F x28=F00FF00F 
../testbench/tb_cpu.vhd:311:13:@2245ns:(report note): [INST] Addr=00000298, Word=166, Instuction=00000213, Mnemonic=addi x4, x0, 00000000
../testbench/tb_cpu.vhd:316:15:@2245ns:(report note): [REGS] x1=01FFFFFD x2=0200000C x3=0000000E x5=00000002 x6=F00FF00F x7=F00FF00F x13=02000008 x14=F00FF00F x15=F00FF00F x28=F00FF00F 
../testbench/tb_cpu.vhd:311:13:@2255ns:(report note): [INST] Addr=0000029C, Word=167, Instuction=02000697, Mnemonic=auipc x13, 02000000
../testbench/tb_cpu.vhd:316:15:@2255ns:(report note): [REGS] x1=01FFFFFD x2=0200000C x3=0000000E x5=00000002 x6=F00FF00F x7=F00FF00F x13=0200029C x14=F00FF00F x15=F00FF00F x28=F00FF00F 
../testbench/tb_cpu.vhd:311:13:@2265ns:(report note): [INST] Addr=000002A0, Word=168, Instuction=D6468693, Mnemonic=addi x13, x13, FFFFFD64
../testbench/tb_cpu.vhd:316:15:@2265ns:(report note): [REGS] x1=01FFFFFD x2=0200000C x3=0000000E x5=00000002 x6=F00FF00F x7=F00FF00F x13=02000000 x14=F00FF00F x15=F00FF00F x28=F00FF00F 
../testbench/tb_cpu.vhd:311:13:@2275ns:(report note): [INST] Addr=000002A4, Word=169, Instuction=0046A703, Mnemonic=lw x14, 00000004(x13)
../testbench/tb_cpu.vhd:316:15:@2275ns:(report note): [REGS] x1=01FFFFFD x2=0200000C x3=0000000E x5=00000002 x6=F00FF00F x7=F00FF00F x13=02000000 x14=FF00FF00 x15=F00FF00F x28=F00FF00F 
../testbench/tb_cpu.vhd:321:13:@2275ns:(report note): [DATA] Addr=02000004, Word=8388609, WData=00000000, RData=FF00FF00
../testbench/tb_cpu.vhd:311:13:@2285ns:(report note): [INST] Addr=000002A8, Word=170, Instuction=00000013, Mnemonic=addi x0, x0, 00000000
../testbench/tb_cpu.vhd:316:15:@2285ns:(report note): [REGS] x1=01FFFFFD x2=0200000C x3=0000000E x5=00000002 x6=F00FF00F x7=F00FF00F x13=02000000 x14=FF00FF00 x15=F00FF00F x28=F00FF00F 
../testbench/tb_cpu.vhd:311:13:@2295ns:(report note): [INST] Addr=000002AC, Word=171, Instuction=00000013, Mnemonic=addi x0, x0, 00000000
../testbench/tb_cpu.vhd:316:15:@2295ns:(report note): [REGS] x1=01FFFFFD x2=0200000C x3=0000000E x5=00000002 x6=F00FF00F x7=F00FF00F x13=02000000 x14=FF00FF00 x15=F00FF00F x28=F00FF00F 
../testbench/tb_cpu.vhd:311:13:@2305ns:(report note): [INST] Addr=000002B0, Word=172, Instuction=00070313, Mnemonic=addi x6, x14, 00000000
../testbench/tb_cpu.vhd:316:15:@2305ns:(report note): [REGS] x1=01FFFFFD x2=0200000C x3=0000000E x5=00000002 x6=FF00FF00 x7=F00FF00F x13=02000000 x14=FF00FF00 x15=F00FF00F x28=F00FF00F 
../testbench/tb_cpu.vhd:311:13:@2315ns:(report note): [INST] Addr=000002B4, Word=173, Instuction=FF0103B7, Mnemonic=lui x7, FF010000
../testbench/tb_cpu.vhd:316:15:@2315ns:(report note): [REGS] x1=01FFFFFD x2=0200000C x3=0000000E x5=00000002 x6=FF00FF00 x7=FF010000 x13=02000000 x14=FF00FF00 x15=F00FF00F x28=F00FF00F 
../testbench/tb_cpu.vhd:311:13:@2325ns:(report note): [INST] Addr=000002B8, Word=174, Instuction=F0038393, Mnemonic=addi x7, x7, FFFFFF00
../testbench/tb_cpu.vhd:316:15:@2325ns:(report note): [REGS] x1=01FFFFFD x2=0200000C x3=0000000E x5=00000002 x6=FF00FF00 x7=FF00FF00 x13=02000000 x14=FF00FF00 x15=F00FF00F x28=F00FF00F 
../testbench/tb_cpu.vhd:311:13:@2335ns:(report note): [INST] Addr=000002BC, Word=175, Instuction=0E731063, Mnemonic=bne x6, x7, 000000E0
../testbench/tb_cpu.vhd:316:15:@2335ns:(report note): [REGS] x1=01FFFFFD x2=0200000C x3=0000000E x5=00000002 x6=FF00FF00 x7=FF00FF00 x13=02000000 x14=FF00FF00 x15=F00FF00F x28=F00FF00F 
../testbench/tb_cpu.vhd:311:13:@2345ns:(report note): [INST] Addr=000002C0, Word=176, Instuction=00120213, Mnemonic=addi x4, x4, 00000001
../testbench/tb_cpu.vhd:316:15:@2345ns:(report note): [REGS] x1=01FFFFFD x2=0200000C x3=0000000E x4=00000001 x5=00000002 x6=FF00FF00 x7=FF00FF00 x13=02000000 x14=FF00FF00 x15=F00FF00F x28=F00FF00F 
../testbench/tb_cpu.vhd:311:13:@2355ns:(report note): [INST] Addr=000002C4, Word=177, Instuction=00200293, Mnemonic=addi x5, x0, 00000002
../testbench/tb_cpu.vhd:316:15:@2355ns:(report note): [REGS] x1=01FFFFFD x2=0200000C x3=0000000E x4=00000001 x5=00000002 x6=FF00FF00 x7=FF00FF00 x13=02000000 x14=FF00FF00 x15=F00FF00F x28=F00FF00F 
../testbench/tb_cpu.vhd:311:13:@2365ns:(report note): [INST] Addr=000002C8, Word=178, Instuction=FC521AE3, Mnemonic=bne x4, x5, FFFFFFD4
../testbench/tb_cpu.vhd:316:15:@2365ns:(report note): [REGS] x1=01FFFFFD x2=0200000C x3=0000000E x4=00000001 x5=00000002 x6=FF00FF00 x7=FF00FF00 x13=02000000 x14=FF00FF00 x15=F00FF00F x28=F00FF00F 
../testbench/tb_cpu.vhd:311:13:@2375ns:(report note): [INST] Addr=0000029C, Word=167, Instuction=02000697, Mnemonic=auipc x13, 02000000
../testbench/tb_cpu.vhd:316:15:@2375ns:(report note): [REGS] x1=01FFFFFD x2=0200000C x3=0000000E x4=00000001 x5=00000002 x6=FF00FF00 x7=FF00FF00 x13=0200029C x14=FF00FF00 x15=F00FF00F x28=F00FF00F 
../testbench/tb_cpu.vhd:311:13:@2385ns:(report note): [INST] Addr=000002A0, Word=168, Instuction=D6468693, Mnemonic=addi x13, x13, FFFFFD64
../testbench/tb_cpu.vhd:316:15:@2385ns:(report note): [REGS] x1=01FFFFFD x2=0200000C x3=0000000E x4=00000001 x5=00000002 x6=FF00FF00 x7=FF00FF00 x13=02000000 x14=FF00FF00 x15=F00FF00F x28=F00FF00F 
../testbench/tb_cpu.vhd:311:13:@2395ns:(report note): [INST] Addr=000002A4, Word=169, Instuction=0046A703, Mnemonic=lw x14, 00000004(x13)
../testbench/tb_cpu.vhd:316:15:@2395ns:(report note): [REGS] x1=01FFFFFD x2=0200000C x3=0000000E x4=00000001 x5=00000002 x6=FF00FF00 x7=FF00FF00 x13=02000000 x14=FF00FF00 x15=F00FF00F x28=F00FF00F 
../testbench/tb_cpu.vhd:321:13:@2395ns:(report note): [DATA] Addr=02000004, Word=8388609, WData=00000001, RData=FF00FF00
../testbench/tb_cpu.vhd:311:13:@2405ns:(report note): [INST] Addr=000002A8, Word=170, Instuction=00000013, Mnemonic=addi x0, x0, 00000000
../testbench/tb_cpu.vhd:316:15:@2405ns:(report note): [REGS] x1=01FFFFFD x2=0200000C x3=0000000E x4=00000001 x5=00000002 x6=FF00FF00 x7=FF00FF00 x13=02000000 x14=FF00FF00 x15=F00FF00F x28=F00FF00F 
../testbench/tb_cpu.vhd:311:13:@2415ns:(report note): [INST] Addr=000002AC, Word=171, Instuction=00000013, Mnemonic=addi x0, x0, 00000000
../testbench/tb_cpu.vhd:316:15:@2415ns:(report note): [REGS] x1=01FFFFFD x2=0200000C x3=0000000E x4=00000001 x5=00000002 x6=FF00FF00 x7=FF00FF00 x13=02000000 x14=FF00FF00 x15=F00FF00F x28=F00FF00F 
../testbench/tb_cpu.vhd:311:13:@2425ns:(report note): [INST] Addr=000002B0, Word=172, Instuction=00070313, Mnemonic=addi x6, x14, 00000000
../testbench/tb_cpu.vhd:316:15:@2425ns:(report note): [REGS] x1=01FFFFFD x2=0200000C x3=0000000E x4=00000001 x5=00000002 x6=FF00FF00 x7=FF00FF00 x13=02000000 x14=FF00FF00 x15=F00FF00F x28=F00FF00F 
../testbench/tb_cpu.vhd:311:13:@2435ns:(report note): [INST] Addr=000002B4, Word=173, Instuction=FF0103B7, Mnemonic=lui x7, FF010000
../testbench/tb_cpu.vhd:316:15:@2435ns:(report note): [REGS] x1=01FFFFFD x2=0200000C x3=0000000E x4=00000001 x5=00000002 x6=FF00FF00 x7=FF010000 x13=02000000 x14=FF00FF00 x15=F00FF00F x28=F00FF00F 
../testbench/tb_cpu.vhd:311:13:@2445ns:(report note): [INST] Addr=000002B8, Word=174, Instuction=F0038393, Mnemonic=addi x7, x7, FFFFFF00
../testbench/tb_cpu.vhd:316:15:@2445ns:(report note): [REGS] x1=01FFFFFD x2=0200000C x3=0000000E x4=00000001 x5=00000002 x6=FF00FF00 x7=FF00FF00 x13=02000000 x14=FF00FF00 x15=F00FF00F x28=F00FF00F 
../testbench/tb_cpu.vhd:311:13:@2455ns:(report note): [INST] Addr=000002BC, Word=175, Instuction=0E731063, Mnemonic=bne x6, x7, 000000E0
../testbench/tb_cpu.vhd:316:15:@2455ns:(report note): [REGS] x1=01FFFFFD x2=0200000C x3=0000000E x4=00000001 x5=00000002 x6=FF00FF00 x7=FF00FF00 x13=02000000 x14=FF00FF00 x15=F00FF00F x28=F00FF00F 
../testbench/tb_cpu.vhd:311:13:@2465ns:(report note): [INST] Addr=000002C0, Word=176, Instuction=00120213, Mnemonic=addi x4, x4, 00000001
../testbench/tb_cpu.vhd:316:15:@2465ns:(report note): [REGS] x1=01FFFFFD x2=0200000C x3=0000000E x4=00000002 x5=00000002 x6=FF00FF00 x7=FF00FF00 x13=02000000 x14=FF00FF00 x15=F00FF00F x28=F00FF00F 
../testbench/tb_cpu.vhd:311:13:@2475ns:(report note): [INST] Addr=000002C4, Word=177, Instuction=00200293, Mnemonic=addi x5, x0, 00000002
../testbench/tb_cpu.vhd:316:15:@2475ns:(report note): [REGS] x1=01FFFFFD x2=0200000C x3=0000000E x4=00000002 x5=00000002 x6=FF00FF00 x7=FF00FF00 x13=02000000 x14=FF00FF00 x15=F00FF00F x28=F00FF00F 
../testbench/tb_cpu.vhd:311:13:@2485ns:(report note): [INST] Addr=000002C8, Word=178, Instuction=FC521AE3, Mnemonic=bne x4, x5, FFFFFFD4
../testbench/tb_cpu.vhd:316:15:@2485ns:(report note): [REGS] x1=01FFFFFD x2=0200000C x3=0000000E x4=00000002 x5=00000002 x6=FF00FF00 x7=FF00FF00 x13=02000000 x14=FF00FF00 x15=F00FF00F x28=F00FF00F 
../testbench/tb_cpu.vhd:311:13:@2495ns:(report note): [INST] Addr=000002CC, Word=179, Instuction=00F00193, Mnemonic=addi x3, x0, 0000000F
../testbench/tb_cpu.vhd:316:15:@2495ns:(report note): [REGS] x1=01FFFFFD x2=0200000C x3=0000000F x4=00000002 x5=00000002 x6=FF00FF00 x7=FF00FF00 x13=02000000 x14=FF00FF00 x15=F00FF00F x28=F00FF00F 
../testbench/tb_cpu.vhd:311:13:@2505ns:(report note): [INST] Addr=000002D0, Word=180, Instuction=00000213, Mnemonic=addi x4, x0, 00000000
../testbench/tb_cpu.vhd:316:15:@2505ns:(report note): [REGS] x1=01FFFFFD x2=0200000C x3=0000000F x5=00000002 x6=FF00FF00 x7=FF00FF00 x13=02000000 x14=FF00FF00 x15=F00FF00F x28=F00FF00F 
../testbench/tb_cpu.vhd:311:13:@2515ns:(report note): [INST] Addr=000002D4, Word=181, Instuction=02000697, Mnemonic=auipc x13, 02000000
../testbench/tb_cpu.vhd:316:15:@2515ns:(report note): [REGS] x1=01FFFFFD x2=0200000C x3=0000000F x5=00000002 x6=FF00FF00 x7=FF00FF00 x13=020002D4 x14=FF00FF00 x15=F00FF00F x28=F00FF00F 
../testbench/tb_cpu.vhd:311:13:@2525ns:(report note): [INST] Addr=000002D8, Word=182, Instuction=D3068693, Mnemonic=addi x13, x13, FFFFFD30
../testbench/tb_cpu.vhd:316:15:@2525ns:(report note): [REGS] x1=01FFFFFD x2=0200000C x3=0000000F x5=00000002 x6=FF00FF00 x7=FF00FF00 x13=02000004 x14=FF00FF00 x15=F00FF00F x28=F00FF00F 
../testbench/tb_cpu.vhd:311:13:@2535ns:(report note): [INST] Addr=000002DC, Word=183, Instuction=0046A703, Mnemonic=lw x14, 00000004(x13)
../testbench/tb_cpu.vhd:316:15:@2535ns:(report note): [REGS] x1=01FFFFFD x2=0200000C x3=0000000F x5=00000002 x6=FF00FF00 x7=FF00FF00 x13=02000004 x14=0FF00FF0 x15=F00FF00F x28=F00FF00F 
../testbench/tb_cpu.vhd:321:13:@2535ns:(report note): [DATA] Addr=02000008, Word=8388610, WData=00000000, RData=0FF00FF0
../testbench/tb_cpu.vhd:311:13:@2545ns:(report note): [INST] Addr=000002E0, Word=184, Instuction=0FF013B7, Mnemonic=lui x7, 0FF01000
../testbench/tb_cpu.vhd:316:15:@2545ns:(report note): [REGS] x1=01FFFFFD x2=0200000C x3=0000000F x5=00000002 x6=FF00FF00 x7=0FF01000 x13=02000004 x14=0FF00FF0 x15=F00FF00F x28=F00FF00F 
../testbench/tb_cpu.vhd:311:13:@2555ns:(report note): [INST] Addr=000002E4, Word=185, Instuction=FF038393, Mnemonic=addi x7, x7, FFFFFFF0
../testbench/tb_cpu.vhd:316:15:@2555ns:(report note): [REGS] x1=01FFFFFD x2=0200000C x3=0000000F x5=00000002 x6=FF00FF00 x7=0FF00FF0 x13=02000004 x14=0FF00FF0 x15=F00FF00F x28=F00FF00F 
../testbench/tb_cpu.vhd:311:13:@2565ns:(report note): [INST] Addr=000002E8, Word=186, Instuction=0A771A63, Mnemonic=bne x14, x7, 000000B4
../testbench/tb_cpu.vhd:316:15:@2565ns:(report note): [REGS] x1=01FFFFFD x2=0200000C x3=0000000F x5=00000002 x6=FF00FF00 x7=0FF00FF0 x13=02000004 x14=0FF00FF0 x15=F00FF00F x28=F00FF00F 
../testbench/tb_cpu.vhd:311:13:@2575ns:(report note): [INST] Addr=000002EC, Word=187, Instuction=00120213, Mnemonic=addi x4, x4, 00000001
../testbench/tb_cpu.vhd:316:15:@2575ns:(report note): [REGS] x1=01FFFFFD x2=0200000C x3=0000000F x4=00000001 x5=00000002 x6=FF00FF00 x7=0FF00FF0 x13=02000004 x14=0FF00FF0 x15=F00FF00F x28=F00FF00F 
../testbench/tb_cpu.vhd:311:13:@2585ns:(report note): [INST] Addr=000002F0, Word=188, Instuction=00200293, Mnemonic=addi x5, x0, 00000002
../testbench/tb_cpu.vhd:316:15:@2585ns:(report note): [REGS] x1=01FFFFFD x2=0200000C x3=0000000F x4=00000001 x5=00000002 x6=FF00FF00 x7=0FF00FF0 x13=02000004 x14=0FF00FF0 x15=F00FF00F x28=F00FF00F 
../testbench/tb_cpu.vhd:311:13:@2595ns:(report note): [INST] Addr=000002F4, Word=189, Instuction=FE5210E3, Mnemonic=bne x4, x5, FFFFFFE0
../testbench/tb_cpu.vhd:316:15:@2595ns:(report note): [REGS] x1=01FFFFFD x2=0200000C x3=0000000F x4=00000001 x5=00000002 x6=FF00FF00 x7=0FF00FF0 x13=02000004 x14=0FF00FF0 x15=F00FF00F x28=F00FF00F 
../testbench/tb_cpu.vhd:311:13:@2605ns:(report note): [INST] Addr=000002D4, Word=181, Instuction=02000697, Mnemonic=auipc x13, 02000000
../testbench/tb_cpu.vhd:316:15:@2605ns:(report note): [REGS] x1=01FFFFFD x2=0200000C x3=0000000F x4=00000001 x5=00000002 x6=FF00FF00 x7=0FF00FF0 x13=020002D4 x14=0FF00FF0 x15=F00FF00F x28=F00FF00F 
../testbench/tb_cpu.vhd:311:13:@2615ns:(report note): [INST] Addr=000002D8, Word=182, Instuction=D3068693, Mnemonic=addi x13, x13, FFFFFD30
../testbench/tb_cpu.vhd:316:15:@2615ns:(report note): [REGS] x1=01FFFFFD x2=0200000C x3=0000000F x4=00000001 x5=00000002 x6=FF00FF00 x7=0FF00FF0 x13=02000004 x14=0FF00FF0 x15=F00FF00F x28=F00FF00F 
../testbench/tb_cpu.vhd:311:13:@2625ns:(report note): [INST] Addr=000002DC, Word=183, Instuction=0046A703, Mnemonic=lw x14, 00000004(x13)
../testbench/tb_cpu.vhd:316:15:@2625ns:(report note): [REGS] x1=01FFFFFD x2=0200000C x3=0000000F x4=00000001 x5=00000002 x6=FF00FF00 x7=0FF00FF0 x13=02000004 x14=0FF00FF0 x15=F00FF00F x28=F00FF00F 
../testbench/tb_cpu.vhd:321:13:@2625ns:(report note): [DATA] Addr=02000008, Word=8388610, WData=00000001, RData=0FF00FF0
../testbench/tb_cpu.vhd:311:13:@2635ns:(report note): [INST] Addr=000002E0, Word=184, Instuction=0FF013B7, Mnemonic=lui x7, 0FF01000
../testbench/tb_cpu.vhd:316:15:@2635ns:(report note): [REGS] x1=01FFFFFD x2=0200000C x3=0000000F x4=00000001 x5=00000002 x6=FF00FF00 x7=0FF01000 x13=02000004 x14=0FF00FF0 x15=F00FF00F x28=F00FF00F 
../testbench/tb_cpu.vhd:311:13:@2645ns:(report note): [INST] Addr=000002E4, Word=185, Instuction=FF038393, Mnemonic=addi x7, x7, FFFFFFF0
../testbench/tb_cpu.vhd:316:15:@2645ns:(report note): [REGS] x1=01FFFFFD x2=0200000C x3=0000000F x4=00000001 x5=00000002 x6=FF00FF00 x7=0FF00FF0 x13=02000004 x14=0FF00FF0 x15=F00FF00F x28=F00FF00F 
../testbench/tb_cpu.vhd:311:13:@2655ns:(report note): [INST] Addr=000002E8, Word=186, Instuction=0A771A63, Mnemonic=bne x14, x7, 000000B4
../testbench/tb_cpu.vhd:316:15:@2655ns:(report note): [REGS] x1=01FFFFFD x2=0200000C x3=0000000F x4=00000001 x5=00000002 x6=FF00FF00 x7=0FF00FF0 x13=02000004 x14=0FF00FF0 x15=F00FF00F x28=F00FF00F 
../testbench/tb_cpu.vhd:311:13:@2665ns:(report note): [INST] Addr=000002EC, Word=187, Instuction=00120213, Mnemonic=addi x4, x4, 00000001
../testbench/tb_cpu.vhd:316:15:@2665ns:(report note): [REGS] x1=01FFFFFD x2=0200000C x3=0000000F x4=00000002 x5=00000002 x6=FF00FF00 x7=0FF00FF0 x13=02000004 x14=0FF00FF0 x15=F00FF00F x28=F00FF00F 
../testbench/tb_cpu.vhd:311:13:@2675ns:(report note): [INST] Addr=000002F0, Word=188, Instuction=00200293, Mnemonic=addi x5, x0, 00000002
../testbench/tb_cpu.vhd:316:15:@2675ns:(report note): [REGS] x1=01FFFFFD x2=0200000C x3=0000000F x4=00000002 x5=00000002 x6=FF00FF00 x7=0FF00FF0 x13=02000004 x14=0FF00FF0 x15=F00FF00F x28=F00FF00F 
../testbench/tb_cpu.vhd:311:13:@2685ns:(report note): [INST] Addr=000002F4, Word=189, Instuction=FE5210E3, Mnemonic=bne x4, x5, FFFFFFE0
../testbench/tb_cpu.vhd:316:15:@2685ns:(report note): [REGS] x1=01FFFFFD x2=0200000C x3=0000000F x4=00000002 x5=00000002 x6=FF00FF00 x7=0FF00FF0 x13=02000004 x14=0FF00FF0 x15=F00FF00F x28=F00FF00F 
../testbench/tb_cpu.vhd:311:13:@2695ns:(report note): [INST] Addr=000002F8, Word=190, Instuction=01000193, Mnemonic=addi x3, x0, 00000010
../testbench/tb_cpu.vhd:316:15:@2695ns:(report note): [REGS] x1=01FFFFFD x2=0200000C x3=00000010 x4=00000002 x5=00000002 x6=FF00FF00 x7=0FF00FF0 x13=02000004 x14=0FF00FF0 x15=F00FF00F x28=F00FF00F 
../testbench/tb_cpu.vhd:311:13:@2705ns:(report note): [INST] Addr=000002FC, Word=191, Instuction=00000213, Mnemonic=addi x4, x0, 00000000
../testbench/tb_cpu.vhd:316:15:@2705ns:(report note): [REGS] x1=01FFFFFD x2=0200000C x3=00000010 x5=00000002 x6=FF00FF00 x7=0FF00FF0 x13=02000004 x14=0FF00FF0 x15=F00FF00F x28=F00FF00F 
../testbench/tb_cpu.vhd:311:13:@2715ns:(report note): [INST] Addr=00000300, Word=192, Instuction=02000697, Mnemonic=auipc x13, 02000000
../testbench/tb_cpu.vhd:316:15:@2715ns:(report note): [REGS] x1=01FFFFFD x2=0200000C x3=00000010 x5=00000002 x6=FF00FF00 x7=0FF00FF0 x13=02000300 x14=0FF00FF0 x15=F00FF00F x28=F00FF00F 
../testbench/tb_cpu.vhd:311:13:@2725ns:(report note): [INST] Addr=00000304, Word=193, Instuction=D0868693, Mnemonic=addi x13, x13, FFFFFD08
../testbench/tb_cpu.vhd:316:15:@2725ns:(report note): [REGS] x1=01FFFFFD x2=0200000C x3=00000010 x5=00000002 x6=FF00FF00 x7=0FF00FF0 x13=02000008 x14=0FF00FF0 x15=F00FF00F x28=F00FF00F 
../testbench/tb_cpu.vhd:311:13:@2735ns:(report note): [INST] Addr=00000308, Word=194, Instuction=00000013, Mnemonic=addi x0, x0, 00000000
../testbench/tb_cpu.vhd:316:15:@2735ns:(report note): [REGS] x1=01FFFFFD x2=0200000C x3=00000010 x5=00000002 x6=FF00FF00 x7=0FF00FF0 x13=02000008 x14=0FF00FF0 x15=F00FF00F x28=F00FF00F 
../testbench/tb_cpu.vhd:311:13:@2745ns:(report note): [INST] Addr=0000030C, Word=195, Instuction=0046A703, Mnemonic=lw x14, 00000004(x13)
../testbench/tb_cpu.vhd:316:15:@2745ns:(report note): [REGS] x1=01FFFFFD x2=0200000C x3=00000010 x5=00000002 x6=FF00FF00 x7=0FF00FF0 x13=02000008 x14=F00FF00F x15=F00FF00F x28=F00FF00F 
../testbench/tb_cpu.vhd:321:13:@2745ns:(report note): [DATA] Addr=0200000C, Word=8388611, WData=00000000, RData=F00FF00F
../testbench/tb_cpu.vhd:311:13:@2755ns:(report note): [INST] Addr=00000310, Word=196, Instuction=F00FF3B7, Mnemonic=lui x7, F00FF000
../testbench/tb_cpu.vhd:316:15:@2755ns:(report note): [REGS] x1=01FFFFFD x2=0200000C x3=00000010 x5=00000002 x6=FF00FF00 x7=F00FF000 x13=02000008 x14=F00FF00F x15=F00FF00F x28=F00FF00F 
../testbench/tb_cpu.vhd:311:13:@2765ns:(report note): [INST] Addr=00000314, Word=197, Instuction=00F38393, Mnemonic=addi x7, x7, 0000000F
../testbench/tb_cpu.vhd:316:15:@2765ns:(report note): [REGS] x1=01FFFFFD x2=0200000C x3=00000010 x5=00000002 x6=FF00FF00 x7=F00FF00F x13=02000008 x14=F00FF00F x15=F00FF00F x28=F00FF00F 
../testbench/tb_cpu.vhd:311:13:@2775ns:(report note): [INST] Addr=00000318, Word=198, Instuction=08771263, Mnemonic=bne x14, x7, 00000084
../testbench/tb_cpu.vhd:316:15:@2775ns:(report note): [REGS] x1=01FFFFFD x2=0200000C x3=00000010 x5=00000002 x6=FF00FF00 x7=F00FF00F x13=02000008 x14=F00FF00F x15=F00FF00F x28=F00FF00F 
../testbench/tb_cpu.vhd:311:13:@2785ns:(report note): [INST] Addr=0000031C, Word=199, Instuction=00120213, Mnemonic=addi x4, x4, 00000001
../testbench/tb_cpu.vhd:316:15:@2785ns:(report note): [REGS] x1=01FFFFFD x2=0200000C x3=00000010 x4=00000001 x5=00000002 x6=FF00FF00 x7=F00FF00F x13=02000008 x14=F00FF00F x15=F00FF00F x28=F00FF00F 
../testbench/tb_cpu.vhd:311:13:@2795ns:(report note): [INST] Addr=00000320, Word=200, Instuction=00200293, Mnemonic=addi x5, x0, 00000002
../testbench/tb_cpu.vhd:316:15:@2795ns:(report note): [REGS] x1=01FFFFFD x2=0200000C x3=00000010 x4=00000001 x5=00000002 x6=FF00FF00 x7=F00FF00F x13=02000008 x14=F00FF00F x15=F00FF00F x28=F00FF00F 
../testbench/tb_cpu.vhd:311:13:@2805ns:(report note): [INST] Addr=00000324, Word=201, Instuction=FC521EE3, Mnemonic=bne x4, x5, FFFFFFDC
../testbench/tb_cpu.vhd:316:15:@2805ns:(report note): [REGS] x1=01FFFFFD x2=0200000C x3=00000010 x4=00000001 x5=00000002 x6=FF00FF00 x7=F00FF00F x13=02000008 x14=F00FF00F x15=F00FF00F x28=F00FF00F 
../testbench/tb_cpu.vhd:311:13:@2815ns:(report note): [INST] Addr=00000300, Word=192, Instuction=02000697, Mnemonic=auipc x13, 02000000
../testbench/tb_cpu.vhd:316:15:@2815ns:(report note): [REGS] x1=01FFFFFD x2=0200000C x3=00000010 x4=00000001 x5=00000002 x6=FF00FF00 x7=F00FF00F x13=02000300 x14=F00FF00F x15=F00FF00F x28=F00FF00F 
../testbench/tb_cpu.vhd:311:13:@2825ns:(report note): [INST] Addr=00000304, Word=193, Instuction=D0868693, Mnemonic=addi x13, x13, FFFFFD08
../testbench/tb_cpu.vhd:316:15:@2825ns:(report note): [REGS] x1=01FFFFFD x2=0200000C x3=00000010 x4=00000001 x5=00000002 x6=FF00FF00 x7=F00FF00F x13=02000008 x14=F00FF00F x15=F00FF00F x28=F00FF00F 
../testbench/tb_cpu.vhd:311:13:@2835ns:(report note): [INST] Addr=00000308, Word=194, Instuction=00000013, Mnemonic=addi x0, x0, 00000000
../testbench/tb_cpu.vhd:316:15:@2835ns:(report note): [REGS] x1=01FFFFFD x2=0200000C x3=00000010 x4=00000001 x5=00000002 x6=FF00FF00 x7=F00FF00F x13=02000008 x14=F00FF00F x15=F00FF00F x28=F00FF00F 
../testbench/tb_cpu.vhd:311:13:@2845ns:(report note): [INST] Addr=0000030C, Word=195, Instuction=0046A703, Mnemonic=lw x14, 00000004(x13)
../testbench/tb_cpu.vhd:316:15:@2845ns:(report note): [REGS] x1=01FFFFFD x2=0200000C x3=00000010 x4=00000001 x5=00000002 x6=FF00FF00 x7=F00FF00F x13=02000008 x14=F00FF00F x15=F00FF00F x28=F00FF00F 
../testbench/tb_cpu.vhd:321:13:@2845ns:(report note): [DATA] Addr=0200000C, Word=8388611, WData=00000001, RData=F00FF00F
../testbench/tb_cpu.vhd:311:13:@2855ns:(report note): [INST] Addr=00000310, Word=196, Instuction=F00FF3B7, Mnemonic=lui x7, F00FF000
../testbench/tb_cpu.vhd:316:15:@2855ns:(report note): [REGS] x1=01FFFFFD x2=0200000C x3=00000010 x4=00000001 x5=00000002 x6=FF00FF00 x7=F00FF000 x13=02000008 x14=F00FF00F x15=F00FF00F x28=F00FF00F 
../testbench/tb_cpu.vhd:311:13:@2865ns:(report note): [INST] Addr=00000314, Word=197, Instuction=00F38393, Mnemonic=addi x7, x7, 0000000F
../testbench/tb_cpu.vhd:316:15:@2865ns:(report note): [REGS] x1=01FFFFFD x2=0200000C x3=00000010 x4=00000001 x5=00000002 x6=FF00FF00 x7=F00FF00F x13=02000008 x14=F00FF00F x15=F00FF00F x28=F00FF00F 
../testbench/tb_cpu.vhd:311:13:@2875ns:(report note): [INST] Addr=00000318, Word=198, Instuction=08771263, Mnemonic=bne x14, x7, 00000084
../testbench/tb_cpu.vhd:316:15:@2875ns:(report note): [REGS] x1=01FFFFFD x2=0200000C x3=00000010 x4=00000001 x5=00000002 x6=FF00FF00 x7=F00FF00F x13=02000008 x14=F00FF00F x15=F00FF00F x28=F00FF00F 
../testbench/tb_cpu.vhd:311:13:@2885ns:(report note): [INST] Addr=0000031C, Word=199, Instuction=00120213, Mnemonic=addi x4, x4, 00000001
../testbench/tb_cpu.vhd:316:15:@2885ns:(report note): [REGS] x1=01FFFFFD x2=0200000C x3=00000010 x4=00000002 x5=00000002 x6=FF00FF00 x7=F00FF00F x13=02000008 x14=F00FF00F x15=F00FF00F x28=F00FF00F 
../testbench/tb_cpu.vhd:311:13:@2895ns:(report note): [INST] Addr=00000320, Word=200, Instuction=00200293, Mnemonic=addi x5, x0, 00000002
../testbench/tb_cpu.vhd:316:15:@2895ns:(report note): [REGS] x1=01FFFFFD x2=0200000C x3=00000010 x4=00000002 x5=00000002 x6=FF00FF00 x7=F00FF00F x13=02000008 x14=F00FF00F x15=F00FF00F x28=F00FF00F 
../testbench/tb_cpu.vhd:311:13:@2905ns:(report note): [INST] Addr=00000324, Word=201, Instuction=FC521EE3, Mnemonic=bne x4, x5, FFFFFFDC
../testbench/tb_cpu.vhd:316:15:@2905ns:(report note): [REGS] x1=01FFFFFD x2=0200000C x3=00000010 x4=00000002 x5=00000002 x6=FF00FF00 x7=F00FF00F x13=02000008 x14=F00FF00F x15=F00FF00F x28=F00FF00F 
../testbench/tb_cpu.vhd:311:13:@2915ns:(report note): [INST] Addr=00000328, Word=202, Instuction=01100193, Mnemonic=addi x3, x0, 00000011
../testbench/tb_cpu.vhd:316:15:@2915ns:(report note): [REGS] x1=01FFFFFD x2=0200000C x3=00000011 x4=00000002 x5=00000002 x6=FF00FF00 x7=F00FF00F x13=02000008 x14=F00FF00F x15=F00FF00F x28=F00FF00F 
../testbench/tb_cpu.vhd:311:13:@2925ns:(report note): [INST] Addr=0000032C, Word=203, Instuction=00000213, Mnemonic=addi x4, x0, 00000000
../testbench/tb_cpu.vhd:316:15:@2925ns:(report note): [REGS] x1=01FFFFFD x2=0200000C x3=00000011 x5=00000002 x6=FF00FF00 x7=F00FF00F x13=02000008 x14=F00FF00F x15=F00FF00F x28=F00FF00F 
../testbench/tb_cpu.vhd:311:13:@2935ns:(report note): [INST] Addr=00000330, Word=204, Instuction=02000697, Mnemonic=auipc x13, 02000000
../testbench/tb_cpu.vhd:316:15:@2935ns:(report note): [REGS] x1=01FFFFFD x2=0200000C x3=00000011 x5=00000002 x6=FF00FF00 x7=F00FF00F x13=02000330 x14=F00FF00F x15=F00FF00F x28=F00FF00F 
../testbench/tb_cpu.vhd:311:13:@2945ns:(report note): [INST] Addr=00000334, Word=205, Instuction=CD068693, Mnemonic=addi x13, x13, FFFFFCD0
../testbench/tb_cpu.vhd:316:15:@2945ns:(report note): [REGS] x1=01FFFFFD x2=0200000C x3=00000011 x5=00000002 x6=FF00FF00 x7=F00FF00F x13=02000000 x14=F00FF00F x15=F00FF00F x28=F00FF00F 
../testbench/tb_cpu.vhd:311:13:@2955ns:(report note): [INST] Addr=00000338, Word=206, Instuction=00000013, Mnemonic=addi x0, x0, 00000000
../testbench/tb_cpu.vhd:316:15:@2955ns:(report note): [REGS] x1=01FFFFFD x2=0200000C x3=00000011 x5=00000002 x6=FF00FF00 x7=F00FF00F x13=02000000 x14=F00FF00F x15=F00FF00F x28=F00FF00F 
../testbench/tb_cpu.vhd:311:13:@2965ns:(report note): [INST] Addr=0000033C, Word=207, Instuction=00000013, Mnemonic=addi x0, x0, 00000000
../testbench/tb_cpu.vhd:316:15:@2965ns:(report note): [REGS] x1=01FFFFFD x2=0200000C x3=00000011 x5=00000002 x6=FF00FF00 x7=F00FF00F x13=02000000 x14=F00FF00F x15=F00FF00F x28=F00FF00F 
../testbench/tb_cpu.vhd:311:13:@2975ns:(report note): [INST] Addr=00000340, Word=208, Instuction=0046A703, Mnemonic=lw x14, 00000004(x13)
../testbench/tb_cpu.vhd:316:15:@2975ns:(report note): [REGS] x1=01FFFFFD x2=0200000C x3=00000011 x5=00000002 x6=FF00FF00 x7=F00FF00F x13=02000000 x14=FF00FF00 x15=F00FF00F x28=F00FF00F 
../testbench/tb_cpu.vhd:321:13:@2975ns:(report note): [DATA] Addr=02000004, Word=8388609, WData=00000000, RData=FF00FF00
../testbench/tb_cpu.vhd:311:13:@2985ns:(report note): [INST] Addr=00000344, Word=209, Instuction=FF0103B7, Mnemonic=lui x7, FF010000
../testbench/tb_cpu.vhd:316:15:@2985ns:(report note): [REGS] x1=01FFFFFD x2=0200000C x3=00000011 x5=00000002 x6=FF00FF00 x7=FF010000 x13=02000000 x14=FF00FF00 x15=F00FF00F x28=F00FF00F 
../testbench/tb_cpu.vhd:311:13:@2995ns:(report note): [INST] Addr=00000348, Word=210, Instuction=F0038393, Mnemonic=addi x7, x7, FFFFFF00
../testbench/tb_cpu.vhd:316:15:@2995ns:(report note): [REGS] x1=01FFFFFD x2=0200000C x3=00000011 x5=00000002 x6=FF00FF00 x7=FF00FF00 x13=02000000 x14=FF00FF00 x15=F00FF00F x28=F00FF00F 
../testbench/tb_cpu.vhd:311:13:@3005ns:(report note): [INST] Addr=0000034C, Word=211, Instuction=04771863, Mnemonic=bne x14, x7, 00000050
../testbench/tb_cpu.vhd:316:15:@3005ns:(report note): [REGS] x1=01FFFFFD x2=0200000C x3=00000011 x5=00000002 x6=FF00FF00 x7=FF00FF00 x13=02000000 x14=FF00FF00 x15=F00FF00F x28=F00FF00F 
../testbench/tb_cpu.vhd:311:13:@3015ns:(report note): [INST] Addr=00000350, Word=212, Instuction=00120213, Mnemonic=addi x4, x4, 00000001
../testbench/tb_cpu.vhd:316:15:@3015ns:(report note): [REGS] x1=01FFFFFD x2=0200000C x3=00000011 x4=00000001 x5=00000002 x6=FF00FF00 x7=FF00FF00 x13=02000000 x14=FF00FF00 x15=F00FF00F x28=F00FF00F 
../testbench/tb_cpu.vhd:311:13:@3025ns:(report note): [INST] Addr=00000354, Word=213, Instuction=00200293, Mnemonic=addi x5, x0, 00000002
../testbench/tb_cpu.vhd:316:15:@3025ns:(report note): [REGS] x1=01FFFFFD x2=0200000C x3=00000011 x4=00000001 x5=00000002 x6=FF00FF00 x7=FF00FF00 x13=02000000 x14=FF00FF00 x15=F00FF00F x28=F00FF00F 
../testbench/tb_cpu.vhd:311:13:@3035ns:(report note): [INST] Addr=00000358, Word=214, Instuction=FC521CE3, Mnemonic=bne x4, x5, FFFFFFD8
../testbench/tb_cpu.vhd:316:15:@3035ns:(report note): [REGS] x1=01FFFFFD x2=0200000C x3=00000011 x4=00000001 x5=00000002 x6=FF00FF00 x7=FF00FF00 x13=02000000 x14=FF00FF00 x15=F00FF00F x28=F00FF00F 
../testbench/tb_cpu.vhd:311:13:@3045ns:(report note): [INST] Addr=00000330, Word=204, Instuction=02000697, Mnemonic=auipc x13, 02000000
../testbench/tb_cpu.vhd:316:15:@3045ns:(report note): [REGS] x1=01FFFFFD x2=0200000C x3=00000011 x4=00000001 x5=00000002 x6=FF00FF00 x7=FF00FF00 x13=02000330 x14=FF00FF00 x15=F00FF00F x28=F00FF00F 
../testbench/tb_cpu.vhd:311:13:@3055ns:(report note): [INST] Addr=00000334, Word=205, Instuction=CD068693, Mnemonic=addi x13, x13, FFFFFCD0
../testbench/tb_cpu.vhd:316:15:@3055ns:(report note): [REGS] x1=01FFFFFD x2=0200000C x3=00000011 x4=00000001 x5=00000002 x6=FF00FF00 x7=FF00FF00 x13=02000000 x14=FF00FF00 x15=F00FF00F x28=F00FF00F 
../testbench/tb_cpu.vhd:311:13:@3065ns:(report note): [INST] Addr=00000338, Word=206, Instuction=00000013, Mnemonic=addi x0, x0, 00000000
../testbench/tb_cpu.vhd:316:15:@3065ns:(report note): [REGS] x1=01FFFFFD x2=0200000C x3=00000011 x4=00000001 x5=00000002 x6=FF00FF00 x7=FF00FF00 x13=02000000 x14=FF00FF00 x15=F00FF00F x28=F00FF00F 
../testbench/tb_cpu.vhd:311:13:@3075ns:(report note): [INST] Addr=0000033C, Word=207, Instuction=00000013, Mnemonic=addi x0, x0, 00000000
../testbench/tb_cpu.vhd:316:15:@3075ns:(report note): [REGS] x1=01FFFFFD x2=0200000C x3=00000011 x4=00000001 x5=00000002 x6=FF00FF00 x7=FF00FF00 x13=02000000 x14=FF00FF00 x15=F00FF00F x28=F00FF00F 
../testbench/tb_cpu.vhd:311:13:@3085ns:(report note): [INST] Addr=00000340, Word=208, Instuction=0046A703, Mnemonic=lw x14, 00000004(x13)
../testbench/tb_cpu.vhd:316:15:@3085ns:(report note): [REGS] x1=01FFFFFD x2=0200000C x3=00000011 x4=00000001 x5=00000002 x6=FF00FF00 x7=FF00FF00 x13=02000000 x14=FF00FF00 x15=F00FF00F x28=F00FF00F 
../testbench/tb_cpu.vhd:321:13:@3085ns:(report note): [DATA] Addr=02000004, Word=8388609, WData=00000001, RData=FF00FF00
../testbench/tb_cpu.vhd:311:13:@3095ns:(report note): [INST] Addr=00000344, Word=209, Instuction=FF0103B7, Mnemonic=lui x7, FF010000
../testbench/tb_cpu.vhd:316:15:@3095ns:(report note): [REGS] x1=01FFFFFD x2=0200000C x3=00000011 x4=00000001 x5=00000002 x6=FF00FF00 x7=FF010000 x13=02000000 x14=FF00FF00 x15=F00FF00F x28=F00FF00F 
../testbench/tb_cpu.vhd:311:13:@3105ns:(report note): [INST] Addr=00000348, Word=210, Instuction=F0038393, Mnemonic=addi x7, x7, FFFFFF00
../testbench/tb_cpu.vhd:316:15:@3105ns:(report note): [REGS] x1=01FFFFFD x2=0200000C x3=00000011 x4=00000001 x5=00000002 x6=FF00FF00 x7=FF00FF00 x13=02000000 x14=FF00FF00 x15=F00FF00F x28=F00FF00F 
../testbench/tb_cpu.vhd:311:13:@3115ns:(report note): [INST] Addr=0000034C, Word=211, Instuction=04771863, Mnemonic=bne x14, x7, 00000050
../testbench/tb_cpu.vhd:316:15:@3115ns:(report note): [REGS] x1=01FFFFFD x2=0200000C x3=00000011 x4=00000001 x5=00000002 x6=FF00FF00 x7=FF00FF00 x13=02000000 x14=FF00FF00 x15=F00FF00F x28=F00FF00F 
../testbench/tb_cpu.vhd:311:13:@3125ns:(report note): [INST] Addr=00000350, Word=212, Instuction=00120213, Mnemonic=addi x4, x4, 00000001
../testbench/tb_cpu.vhd:316:15:@3125ns:(report note): [REGS] x1=01FFFFFD x2=0200000C x3=00000011 x4=00000002 x5=00000002 x6=FF00FF00 x7=FF00FF00 x13=02000000 x14=FF00FF00 x15=F00FF00F x28=F00FF00F 
../testbench/tb_cpu.vhd:311:13:@3135ns:(report note): [INST] Addr=00000354, Word=213, Instuction=00200293, Mnemonic=addi x5, x0, 00000002
../testbench/tb_cpu.vhd:316:15:@3135ns:(report note): [REGS] x1=01FFFFFD x2=0200000C x3=00000011 x4=00000002 x5=00000002 x6=FF00FF00 x7=FF00FF00 x13=02000000 x14=FF00FF00 x15=F00FF00F x28=F00FF00F 
../testbench/tb_cpu.vhd:311:13:@3145ns:(report note): [INST] Addr=00000358, Word=214, Instuction=FC521CE3, Mnemonic=bne x4, x5, FFFFFFD8
../testbench/tb_cpu.vhd:316:15:@3145ns:(report note): [REGS] x1=01FFFFFD x2=0200000C x3=00000011 x4=00000002 x5=00000002 x6=FF00FF00 x7=FF00FF00 x13=02000000 x14=FF00FF00 x15=F00FF00F x28=F00FF00F 
../testbench/tb_cpu.vhd:311:13:@3155ns:(report note): [INST] Addr=0000035C, Word=215, Instuction=01200193, Mnemonic=addi x3, x0, 00000012
../testbench/tb_cpu.vhd:316:15:@3155ns:(report note): [REGS] x1=01FFFFFD x2=0200000C x3=00000012 x4=00000002 x5=00000002 x6=FF00FF00 x7=FF00FF00 x13=02000000 x14=FF00FF00 x15=F00FF00F x28=F00FF00F 
../testbench/tb_cpu.vhd:311:13:@3165ns:(report note): [INST] Addr=00000360, Word=216, Instuction=02000297, Mnemonic=auipc x5, 02000000
../testbench/tb_cpu.vhd:316:15:@3165ns:(report note): [REGS] x1=01FFFFFD x2=0200000C x3=00000012 x4=00000002 x5=02000360 x6=FF00FF00 x7=FF00FF00 x13=02000000 x14=FF00FF00 x15=F00FF00F x28=F00FF00F 
../testbench/tb_cpu.vhd:311:13:@3175ns:(report note): [INST] Addr=00000364, Word=217, Instuction=CA028293, Mnemonic=addi x5, x5, FFFFFCA0
../testbench/tb_cpu.vhd:316:15:@3175ns:(report note): [REGS] x1=01FFFFFD x2=0200000C x3=00000012 x4=00000002 x5=02000000 x6=FF00FF00 x7=FF00FF00 x13=02000000 x14=FF00FF00 x15=F00FF00F x28=F00FF00F 
../testbench/tb_cpu.vhd:311:13:@3185ns:(report note): [INST] Addr=00000368, Word=218, Instuction=0002A103, Mnemonic=lw x2, 00000000(x5)
../testbench/tb_cpu.vhd:316:15:@3185ns:(report note): [REGS] x1=01FFFFFD x2=00FF00FF x3=00000012 x4=00000002 x5=02000000 x6=FF00FF00 x7=FF00FF00 x13=02000000 x14=FF00FF00 x15=F00FF00F x28=F00FF00F 
../testbench/tb_cpu.vhd:321:13:@3185ns:(report note): [DATA] Addr=02000000, Word=8388608, WData=00000000, RData=00FF00FF
../testbench/tb_cpu.vhd:311:13:@3195ns:(report note): [INST] Addr=0000036C, Word=219, Instuction=00200113, Mnemonic=addi x2, x0, 00000002
../testbench/tb_cpu.vhd:316:15:@3195ns:(report note): [REGS] x1=01FFFFFD x2=00000002 x3=00000012 x4=00000002 x5=02000000 x6=FF00FF00 x7=FF00FF00 x13=02000000 x14=FF00FF00 x15=F00FF00F x28=F00FF00F 
../testbench/tb_cpu.vhd:311:13:@3205ns:(report note): [INST] Addr=00000370, Word=220, Instuction=00200393, Mnemonic=addi x7, x0, 00000002
../testbench/tb_cpu.vhd:316:15:@3205ns:(report note): [REGS] x1=01FFFFFD x2=00000002 x3=00000012 x4=00000002 x5=02000000 x6=FF00FF00 x7=00000002 x13=02000000 x14=FF00FF00 x15=F00FF00F x28=F00FF00F 
../testbench/tb_cpu.vhd:311:13:@3215ns:(report note): [INST] Addr=00000374, Word=221, Instuction=02711463, Mnemonic=bne x2, x7, 00000028
../testbench/tb_cpu.vhd:316:15:@3215ns:(report note): [REGS] x1=01FFFFFD x2=00000002 x3=00000012 x4=00000002 x5=02000000 x6=FF00FF00 x7=00000002 x13=02000000 x14=FF00FF00 x15=F00FF00F x28=F00FF00F 
../testbench/tb_cpu.vhd:311:13:@3225ns:(report note): [INST] Addr=00000378, Word=222, Instuction=01300193, Mnemonic=addi x3, x0, 00000013
../testbench/tb_cpu.vhd:316:15:@3225ns:(report note): [REGS] x1=01FFFFFD x2=00000002 x3=00000013 x4=00000002 x5=02000000 x6=FF00FF00 x7=00000002 x13=02000000 x14=FF00FF00 x15=F00FF00F x28=F00FF00F 
../testbench/tb_cpu.vhd:311:13:@3235ns:(report note): [INST] Addr=0000037C, Word=223, Instuction=02000297, Mnemonic=auipc x5, 02000000
../testbench/tb_cpu.vhd:316:15:@3235ns:(report note): [REGS] x1=01FFFFFD x2=00000002 x3=00000013 x4=00000002 x5=0200037C x6=FF00FF00 x7=00000002 x13=02000000 x14=FF00FF00 x15=F00FF00F x28=F00FF00F 
../testbench/tb_cpu.vhd:311:13:@3245ns:(report note): [INST] Addr=00000380, Word=224, Instuction=C8428293, Mnemonic=addi x5, x5, FFFFFC84
../testbench/tb_cpu.vhd:316:15:@3245ns:(report note): [REGS] x1=01FFFFFD x2=00000002 x3=00000013 x4=00000002 x5=02000000 x6=FF00FF00 x7=00000002 x13=02000000 x14=FF00FF00 x15=F00FF00F x28=F00FF00F 
../testbench/tb_cpu.vhd:311:13:@3255ns:(report note): [INST] Addr=00000384, Word=225, Instuction=0002A103, Mnemonic=lw x2, 00000000(x5)
../testbench/tb_cpu.vhd:316:15:@3255ns:(report note): [REGS] x1=01FFFFFD x2=00FF00FF x3=00000013 x4=00000002 x5=02000000 x6=FF00FF00 x7=00000002 x13=02000000 x14=FF00FF00 x15=F00FF00F x28=F00FF00F 
../testbench/tb_cpu.vhd:321:13:@3255ns:(report note): [DATA] Addr=02000000, Word=8388608, WData=00000000, RData=00FF00FF
../testbench/tb_cpu.vhd:311:13:@3265ns:(report note): [INST] Addr=00000388, Word=226, Instuction=00000013, Mnemonic=addi x0, x0, 00000000
../testbench/tb_cpu.vhd:316:15:@3265ns:(report note): [REGS] x1=01FFFFFD x2=00FF00FF x3=00000013 x4=00000002 x5=02000000 x6=FF00FF00 x7=00000002 x13=02000000 x14=FF00FF00 x15=F00FF00F x28=F00FF00F 
../testbench/tb_cpu.vhd:311:13:@3275ns:(report note): [INST] Addr=0000038C, Word=227, Instuction=00200113, Mnemonic=addi x2, x0, 00000002
../testbench/tb_cpu.vhd:316:15:@3275ns:(report note): [REGS] x1=01FFFFFD x2=00000002 x3=00000013 x4=00000002 x5=02000000 x6=FF00FF00 x7=00000002 x13=02000000 x14=FF00FF00 x15=F00FF00F x28=F00FF00F 
../testbench/tb_cpu.vhd:311:13:@3285ns:(report note): [INST] Addr=00000390, Word=228, Instuction=00200393, Mnemonic=addi x7, x0, 00000002
../testbench/tb_cpu.vhd:316:15:@3285ns:(report note): [REGS] x1=01FFFFFD x2=00000002 x3=00000013 x4=00000002 x5=02000000 x6=FF00FF00 x7=00000002 x13=02000000 x14=FF00FF00 x15=F00FF00F x28=F00FF00F 
../testbench/tb_cpu.vhd:311:13:@3295ns:(report note): [INST] Addr=00000394, Word=229, Instuction=00711463, Mnemonic=bne x2, x7, 00000008
../testbench/tb_cpu.vhd:316:15:@3295ns:(report note): [REGS] x1=01FFFFFD x2=00000002 x3=00000013 x4=00000002 x5=02000000 x6=FF00FF00 x7=00000002 x13=02000000 x14=FF00FF00 x15=F00FF00F x28=F00FF00F 
../testbench/tb_cpu.vhd:311:13:@3305ns:(report note): [INST] Addr=00000398, Word=230, Instuction=00301E63, Mnemonic=bne x0, x3, 0000001C
../testbench/tb_cpu.vhd:316:15:@3305ns:(report note): [REGS] x1=01FFFFFD x2=00000002 x3=00000013 x4=00000002 x5=02000000 x6=FF00FF00 x7=00000002 x13=02000000 x14=FF00FF00 x15=F00FF00F x28=F00FF00F 
../testbench/tb_cpu.vhd:311:13:@3315ns:(report note): [INST] Addr=000003B4, Word=237, Instuction=00100193, Mnemonic=addi x3, x0, 00000001
../testbench/tb_cpu.vhd:316:15:@3315ns:(report note): [REGS] x1=01FFFFFD x2=00000002 x3=00000001 x4=00000002 x5=02000000 x6=FF00FF00 x7=00000002 x13=02000000 x14=FF00FF00 x15=F00FF00F x28=F00FF00F 
../testbench/tb_cpu.vhd:311:13:@3325ns:(report note): [INST] Addr=000003B8, Word=238, Instuction=10100513, Mnemonic=addi x10, x0, 00000101
../testbench/tb_cpu.vhd:316:15:@3325ns:(report note): [REGS] x1=01FFFFFD x2=00000002 x3=00000001 x4=00000002 x5=02000000 x6=FF00FF00 x7=00000002 x10=00000101 x13=02000000 x14=FF00FF00 x15=F00FF00F x28=F00FF00F 
../testbench/tb_cpu.vhd:311:13:@3335ns:(report note): [INST] Addr=000003BC, Word=239, Instuction=01F01013, Mnemonic=slli x0, x0, 1F
../testbench/tb_cpu.vhd:316:15:@3335ns:(report note): [REGS] x1=01FFFFFD x2=00000002 x3=00000001 x4=00000002 x5=02000000 x6=FF00FF00 x7=00000002 x10=00000101 x13=02000000 x14=FF00FF00 x15=F00FF00F x28=F00FF00F 
../testbench/tb_cpu.vhd:311:13:@3345ns:(report note): [INST] Addr=000003C0, Word=240, Instuction=00100073, Mnemonic=ebreak
../testbench/tb_cpu.vhd:316:15:@3345ns:(report note): [REGS] x1=01FFFFFD x2=00000002 x3=00000001 x4=00000002 x5=02000000 x6=FF00FF00 x7=00000002 x10=00000101 x13=02000000 x14=FF00FF00 x15=F00FF00F x28=F00FF00F 
../testbench/tb_cpu.vhd:330:13:@3345ns:(report note): RVTEST (addi) : OK
simulation stopped @3345ns with status 0
